jobs.51job.com/all/co3866208.html
jobs.51job.com/all/co3341312.html
jobs.51job.com/all/co2219414.html
jobs.51job.com/all/co2726917.html
jobs.51job.com/all/co2844713.html
jobs.51job.com/all/co3759085.html
jobs.51job.com/all/co2481900.html
jobs.51job.com/all/co4422541.html
jobs.51job.com/all/co4388032.html
jobs.51job.com/all/co3740472.html
jobs.51job.com/all/co4314138.html
jobs.51job.com/all/co3679842.html
jobs.51job.com/all/co2507622.html
jobs.51job.com/all/co2709850.html
jobs.51job.com/all/co3660004.html
jobs.51job.com/all/co3942553.html
jobs.51job.com/all/co2918328.html
jobs.51job.com/all/co4903518.html
jobs.51job.com/all/co3817462.html
jobs.51job.com/all/co2524546.html
jobs.51job.com/all/co1533028.html
jobs.51job.com/all/co3967546.html
jobs.51job.com/all/co3812840.html
jobs.51job.com/all/co3878608.html
jobs.51job.com/all/co859577.html
jobs.51job.com/all/co2394752.html
jobs.51job.com/all/co4669562.html
jobs.51job.com/all/co3164997.html
jobs.51job.com/all/co4436896.html
jobs.51job.com/all/co4152776.html
jobs.51job.com/all/co3743085.html
jobs.51job.com/all/co2810730.html
jobs.51job.com/all/co2474091.html
jobs.51job.com/all/co2933012.html
jobs.51job.com/all/co2461499.html
jobs.51job.com/all/co4558801.html
jobs.51job.com/all/co3339325.html
jobs.51job.com/all/co4360045.html
jobs.51job.com/all/co4483611.html
jobs.51job.com/all/co4413568.html
jobs.51job.com/all/co4370402.html
jobs.51job.com/all/co3449533.html
jobs.51job.com/all/co4073054.html
jobs.51job.com/all/co3975557.html
thyssenkrupp.51job.com
jobs.51job.com/all/co2194880.html
jobs.51job.com/all/co3727671.html
jobs.51job.com/all/co4456599.html
jobs.51job.com/all/co2459948.html
jobs.51job.com/all/co4649616.html
jobs.51job.com/all/co2497962.html
jobs.51job.com/all/co2463520.html
jobs.51job.com/all/co2786755.html
jobs.51job.com/all/co2861274.html
jobs.51job.com/all/co253648.html
jobs.51job.com/all/co3111239.html
jobs.51job.com/all/co2587396.html
jobs.51job.com/all/co2725071.html
jobs.51job.com/all/co3946149.html
jobs.51job.com/all/co2539816.html
jobs.51job.com/all/co3729773.html
jobs.51job.com/all/co3431526.html
jobs.51job.com/all/co3977620.html
jobs.51job.com/all/co4865594.html
jobs.51job.com/all/co3381977.html
jobs.51job.com/all/co4490584.html
jobs.51job.com/all/co4012774.html
jobs.51job.com/all/co2648574.html
jobs.51job.com/all/co2460539.html
jobs.51job.com/all/co4897683.html
jobs.51job.com/all/co3175996.html
jobs.51job.com/all/co3201025.html
jobs.51job.com/all/co2463864.html
jobs.51job.com/all/co2907548.html
jobs.51job.com/all/co3899113.html
jobs.51job.com/all/co3986086.html
jobs.51job.com/all/co1339558.html
jobs.51job.com/all/co4751601.html
jobs.51job.com/all/co4074052.html
jobs.51job.com/all/co3345314.html
jobs.51job.com/all/co4924839.html
jobs.51job.com/all/co4422312.html
jobs.51job.com/all/co2707366.html
jobs.51job.com/all/co4626314.html
jobs.51job.com/all/co2572352.html
jobs.51job.com/all/co4641586.html
jobs.51job.com/all/co4550574.html
jobs.51job.com/all/co3549242.html
jobs.51job.com/all/co4884848.html
jobs.51job.com/all/co4850335.html
jobs.51job.com/all/co4931448.html
jobs.51job.com/all/co2650799.html
jobs.51job.com/all/co2400373.html
ldjt.51job.com/job_list2.php?company=2465306
jobs.51job.com/all/co3236376.html
jobs.51job.com/all/co4915984.html
jobs.51job.com/all/co4763763.html
jobs.51job.com/all/co3896965.html
jobs.51job.com/all/co2556035.html
jobs.51job.com/all/co4902267.html
jobs.51job.com/all/co2594554.html
jobs.51job.com/all/co2737327.html
jobs.51job.com/all/co4627547.html
jobs.51job.com/all/co3834445.html
jobs.51job.com/all/co4733164.html
jobs.51job.com/all/co4397012.html
jobs.51job.com/all/co3622580.html
jobs.51job.com/all/co4330330.html
jobs.51job.com/all/co2689638.html
jobs.51job.com/all/co4891083.html
jobs.51job.com/all/co3652763.html
jobs.51job.com/all/co4909382.html
jobs.51job.com/all/co4225047.html
jobs.51job.com/all/co2486500.html
jobs.51job.com/all/co4223717.html
jobs.51job.com/all/co4241576.html
jobs.51job.com/all/co4322634.html
jobs.51job.com/all/co548285.html
jobs.51job.com/all/co4530454.html
jobs.51job.com/all/co4356089.html
jobs.51job.com/all/co4851849.html
jobs.51job.com/all/co3960181.html
jobs.51job.com/all/co4501066.html
jobs.51job.com/all/co3829839.html
jobs.51job.com/all/co2540092.html
jobs.51job.com/all/co3900814.html
jobs.51job.com/all/co3502424.html
jobs.51job.com/all/co4749105.html
jobs.51job.com/all/co3669287.html
jobs.51job.com/all/co4847504.html
jobs.51job.com/all/co4523897.html
jobs.51job.com/all/co2367742.html
jobs.51job.com/all/co4878869.html
jobs.51job.com/all/co2533917.html
jobs.51job.com/all/co4867878.html
jobs.51job.com/all/co4670418.html
jobs.51job.com/all/co2466128.html
jobs.51job.com/all/co4830043.html
jobs.51job.com/all/co4866965.html
jobs.51job.com/all/co4701287.html
jobs.51job.com/all/co4847372.html
jobs.51job.com/all/co3519114.html
jobs.51job.com/all/co4176316.html
jobs.51job.com/all/co4660661.html
jobs.51job.com/all/co3810406.html
jobs.51job.com/all/co3096755.html
jobs.51job.com/all/co3192140.html
jobs.51job.com/all/co4087962.html
jobs.51job.com/all/co3022396.html
zjsj.51job.com/
zj32.51job.com
jobs.51job.com/all/co3257500.html
jobs.51job.com/all/co3211492.html
jobs.51job.com/all/co4794361.html
jobs.51job.com/all/co3410305.html
jobs.51job.com/all/co2572260.html
jobs.51job.com/all/co3869776.html
jobs.51job.com/all/co4853118.html
jobs.51job.com/all/co3823554.html
jobs.51job.com/all/co4916157.html
jobs.51job.com/all/co4944238.html
jobs.51job.com/all/co4096172.html
jobs.51job.com/all/co3211559.html
jobs.51job.com/all/co2576682.html
jobs.51job.com/all/co4048661.html
jobs.51job.com/all/co4898931.html
jobs.51job.com/all/co3352286.html
jobs.51job.com/all/co2536703.html
jobs.51job.com/all/co1371530.html
jobs.51job.com/all/co3191088.html
jobs.51job.com/all/co2940492.html
jobs.51job.com/all/co2570366.html
jobs.51job.com/all/co3901439.html
jobs.51job.com/all/co4609519.html
jobs.51job.com/all/co2859091.html
jobs.51job.com/all/co3571026.html
jobs.51job.com/all/co4906497.html
jobs.51job.com/all/co3947023.html
jobs.51job.com/all/co4430780.html
jobs.51job.com/all/co4954163.html
jobs.51job.com/all/co2902719.html
jobs.51job.com/all/co3588537.html
jobs.51job.com/all/co3804738.html
vertivco.51job.com
jobs.51job.com/all/co4358343.html
jobs.51job.com/all/co765648.html
jobs.51job.com/all/co3501932.html
jobs.51job.com/all/co3304830.html
jobs.51job.com/all/co4489400.html
jobs.51job.com/all/co141224.html
jobs.51job.com/all/co2441213.html
jobs.51job.com/all/co4930396.html
jobs.51job.com/all/co3902561.html
jobs.51job.com/all/co2442642.html
jobs.51job.com/all/co210144.html
jobs.51job.com/all/co3280588.html
jobs.51job.com/all/co493908.html
jobs.51job.com/all/co4714267.html
jobs.51job.com/all/co4441640.html
jobs.51job.com/all/co3273776.html
jobs.51job.com/all/co3361629.html
jobs.51job.com/all/co3937776.html
jobs.51job.com/all/co4146586.html
jobs.51job.com/all/co270660.html
jobs.51job.com/all/co3800022.html
jobs.51job.com/all/co2778529.html
jobs.51job.com/all/co3314356.html
jobs.51job.com/all/co4918273.html
jobs.51job.com/all/co1994185.html
jobs.51job.com/all/co4020185.html
jobs.51job.com/all/co2448276.html
jobs.51job.com/all/co2740360.html
jobs.51job.com/all/co4227973.html
jobs.51job.com/all/co3998657.html
jobs.51job.com/all/co4385480.html
jobs.51job.com/all/co2555290.html
jobs.51job.com/all/co4788973.html
jobs.51job.com/all/co2555187.html
jobs.51job.com/all/co2904135.html
jobs.51job.com/all/co2729035.html
jobs.51job.com/all/co2931349.html
jobs.51job.com/all/co2960827.html
jobs.51job.com/all/co3903274.html
jobs.51job.com/all/co2525932.html
jobs.51job.com/all/co2332146.html
jobs.51job.com/all/co3311359.html
jobs.51job.com/all/co3333554.html
jobs.51job.com/all/co3970148.html
jobs.51job.com/all/co3768063.html
jobs.51job.com/all/co4948999.html
jobs.51job.com/all/co3396623.html
jobs.51job.com/all/co2093437.html
jobs.51job.com/all/co2201535.html
jobs.51job.com/all/co2474372.html
jobs.51job.com/all/co4487098.html
jobs.51job.com/all/co189330.html
jobs.51job.com/all/co2829148.html
jobs.51job.com/all/co3766010.html
jobs.51job.com/all/co2065039.html
jobs.51job.com/all/co4701266.html
jobs.51job.com/all/co2684493.html
jobs.51job.com/all/co2462336.html
jobs.51job.com/all/co3680811.html
jobs.51job.com/all/co141347.html
jobs.51job.com/all/co2959928.html
jobs.51job.com/all/co4695658.html
jobs.51job.com/all/co1436319.html
jobs.51job.com/all/co2264794.html
jobs.51job.com/all/co2637110.html
jobs.51job.com/all/co3139854.html
jobs.51job.com/all/co1451426.html
jobs.51job.com/all/co2474933.html
jobs.51job.com/all/co4447132.html
jobs.51job.com/all/co3226623.html
jobs.51job.com/all/co4870204.html
jobs.51job.com/all/co258998.html
jobs.51job.com/all/co4541043.html
jobs.51job.com/all/co3952834.html
jobs.51job.com/all/co3752706.html
jobs.51job.com/all/co2700688.html
jobs.51job.com/all/co3931136.html
jobs.51job.com/all/co3926052.html
jobs.51job.com/all/co4509102.html
jobs.51job.com/all/co2467436.html
jobs.51job.com/all/co4154999.html
jobs.51job.com/all/co4846030.html
jobs.51job.com/all/co4748379.html
jobs.51job.com/all/co2705737.html
jobs.51job.com/all/co3788814.html
jobs.51job.com/all/co3774616.html
jobs.51job.com/all/co3525881.html
jobs.51job.com/all/co4701659.html
jobs.51job.com/all/co4143598.html
jobs.51job.com/all/co3605419.html
jobs.51job.com/all/co4180788.html
jobs.51job.com/all/co3370274.html
jobs.51job.com/all/co4647025.html
jobs.51job.com/all/co2354530.html
jobs.51job.com/all/co2554037.html
jobs.51job.com/all/co1134060.html
jobs.51job.com/all/co2467572.html
jobs.51job.com/all/co4822589.html
jobs.51job.com/all/co4869574.html
jobs.51job.com/all/co3623923.html
jobs.51job.com/all/co3694226.html
jobs.51job.com/all/co4537362.html
jobs.51job.com/all/co107556.html
jobs.51job.com/all/co300472.html
jobs.51job.com/all/co4861431.html
jobs.51job.com/all/co127840.html
jobs.51job.com/all/co127990.html
jobs.51job.com/all/co4083087.html
jobs.51job.com/all/co2806930.html
jobs.51job.com/all/co3517190.html
jobs.51job.com/all/co4758049.html
jobs.51job.com/all/co3901949.html
jobs.51job.com/all/co1200254.html
jobs.51job.com/all/co4315619.html
jobs.51job.com/all/co3567377.html
jobs.51job.com/all/co4002088.html
jobs.51job.com/all/co3175846.html
jobs.51job.com/all/co4581148.html
jobs.51job.com/all/co3764142.html
jobs.51job.com/all/co4164693.html
jobs.51job.com/all/co4497547.html
jobs.51job.com/all/co3463224.html
jobs.51job.com/all/co4235633.html
jobs.51job.com/all/co2582506.html
jobs.51job.com/all/co3835713.html
jobs.51job.com/all/co4835356.html
jobs.51job.com/all/co2642421.html
jobs.51job.com/all/co2479436.html
jobs.51job.com/all/co903180.html
jobs.51job.com/all/co4414028.html
jobs.51job.com/all/co3215161.html
jobs.51job.com/all/co320851.html
jobs.51job.com/all/co4460272.html
jobs.51job.com/all/co3922892.html
jobs.51job.com/all/co3474813.html
jobs.51job.com/all/co2018596.html
jobs.51job.com/all/co4097946.html
jobs.51job.com/all/co2486254.html
jobs.51job.com/all/co4572915.html
jobs.51job.com/all/co4631701.html
jobs.51job.com/all/co2496083.html
jobs.51job.com/all/co2448163.html
jobs.51job.com/all/co4772933.html
jobs.51job.com/all/co2718654.html
jobs.51job.com/all/co3810825.html
jobs.51job.com/all/co150797.html
jobs.51job.com/all/co3223811.html
jobs.51job.com/all/co3535200.html
jobs.51job.com/all/co3975711.html
jobs.51job.com/all/co2923425.html
jobs.51job.com/all/co2753546.html
jobs.51job.com/all/co2565112.html
jobs.51job.com/all/co2484973.html
jobs.51job.com/all/co1284618.html
jobs.51job.com/all/co4543145.html
jobs.51job.com/all/co4452966.html
jobs.51job.com/all/co2491925.html
jobs.51job.com/all/co4102169.html
jobs.51job.com/all/co2702250.html
jobs.51job.com/all/co3328562.html
jobs.51job.com/all/co2273274.html
jobs.51job.com/all/co4143327.html
jobs.51job.com/all/co4513737.html
jobs.51job.com/all/co2969537.html
jobs.51job.com/all/co4513591.html
jobs.51job.com/all/co3959546.html
jobs.51job.com/all/co3544463.html
jobs.51job.com/all/co3468903.html
jobs.51job.com/all/co4202467.html
jobs.51job.com/all/co2568129.html
jobs.51job.com/all/co2245434.html
jobs.51job.com/all/co4941537.html
jobs.51job.com/all/co4599859.html
jobs.51job.com/all/co3428886.html
jobs.51job.com/all/co4006790.html
jobs.51job.com/all/co3828191.html
jobs.51job.com/all/co4154947.html
jobs.51job.com/all/co4375660.html
jobs.51job.com/all/co2659505.html
jobs.51job.com/all/co3206404.html
jobs.51job.com/all/co4149367.html
jobs.51job.com/all/co105547.html
jobs.51job.com/all/co4584493.html
jobs.51job.com/all/co253517.html
jobs.51job.com/all/co4846011.html
jobs.51job.com/all/co3454244.html
jobs.51job.com/all/co3208550.html
jobs.51job.com/all/co3172648.html
jobs.51job.com/all/co3935219.html
jobs.51job.com/all/co3941734.html
jobs.51job.com/all/co2067229.html
jobs.51job.com/all/co3401308.html
jobs.51job.com/all/co3512066.html
jobs.51job.com/all/co4385352.html
jobs.51job.com/all/co4849940.html
jobs.51job.com/all/co4873920.html
jobs.51job.com/all/co4022350.html
jobs.51job.com/all/co3441587.html
jobs.51job.com/all/co2530948.html
jobs.51job.com/all/co4854796.html
jobs.51job.com/all/co4371256.html
jobs.51job.com/all/co2357498.html
jobs.51job.com/all/co4767363.html
jobs.51job.com/all/co3738626.html
jobs.51job.com/all/co318359.html
jobs.51job.com/all/co4662857.html
jobs.51job.com/all/co2445816.html
jobs.51job.com/all/co2449353.html
jobs.51job.com/all/co3459829.html
jobs.51job.com/all/co2452184.html
jobs.51job.com/all/co498810.html
jobs.51job.com/all/co253920.html
jobs.51job.com/all/co2597159.html
jobs.51job.com/all/co4875020.html
jobs.51job.com/all/co3210671.html
jobs.51job.com/all/co2534671.html
jobs.51job.com/all/co178586.html
jobs.51job.com/all/co4542555.html
jobs.51job.com/all/co4094599.html
jobs.51job.com/all/co3579195.html
jobs.51job.com/all/co4266235.html
jobs.51job.com/all/co2487480.html
jobs.51job.com/all/co2272042.html
jobs.51job.com/all/co2690652.html
jobs.51job.com/all/co4330231.html
jobs.51job.com/all/co3916837.html
jobs.51job.com/all/co4710035.html
jobs.51job.com/all/co3108418.html
jobs.51job.com/all/co2091053.html
jobs.51job.com/all/co3833343.html
jobs.51job.com/all/co4654521.html
jobs.51job.com/all/co2811795.html
jobs.51job.com/all/co2522341.html
jobs.51job.com/all/co2958038.html
jobs.51job.com/all/co4426652.html
jobs.51job.com/all/co4494494.html
jobs.51job.com/all/co2708950.html
jobs.51job.com/all/co2739114.html
jobs.51job.com/all/co4022964.html
jobs.51job.com/all/co4649443.html
jobs.51job.com/all/co163098.html
jobs.51job.com/all/co4209586.html
jobs.51job.com/all/co3872764.html
jobs.51job.com/all/co2897360.html
jobs.51job.com/all/co3519147.html
jobs.51job.com/all/co3863036.html
jobs.51job.com/all/co3676148.html
jobs.51job.com/all/co2354594.html
jobs.51job.com/all/co193349.html
jobs.51job.com/all/co2415964.html
jobs.51job.com/all/co726938.html
jobs.51job.com/all/co135210.html
jobs.51job.com/all/co4788812.html
jobs.51job.com/all/co2146571.html
jobs.51job.com/all/co3756712.html
jobs.51job.com/all/co4508941.html
jobs.51job.com/all/co378082.html
jobs.51job.com/all/co1510550.html
jobs.51job.com/all/co2674516.html
jobs.51job.com/all/co2916532.html
jobs.51job.com/all/co1175310.html
jobs.51job.com/all/co2812802.html
jobs.51job.com/all/co3233554.html
jobs.51job.com/all/co3115984.html
jobs.51job.com/all/co3358527.html
jobs.51job.com/all/co4290118.html
jobs.51job.com/all/co4157123.html
jobs.51job.com/all/co2395076.html
jobs.51job.com/all/co4933408.html
jobs.51job.com/all/co2522583.html
jobs.51job.com/all/co2806025.html
jobs.51job.com/all/co2336138.html
jobs.51job.com/all/co3328518.html
jobs.51job.com/all/co4054315.html
jobs.51job.com/all/co2476421.html
jobs.51job.com/all/co244385.html
jobs.51job.com/all/co146327.html
jobs.51job.com/all/co2171169.html
jobs.51job.com/all/co1980864.html
jobs.51job.com/all/co3417635.html
jobs.51job.com/all/co4522408.html
jobs.51job.com/all/co4475993.html
jobs.51job.com/all/co4503637.html
jobs.51job.com/all/co3510283.html
jobs.51job.com/all/co3781916.html
jobs.51job.com/all/co3893758.html
jobs.51job.com/all/co2754425.html
jobs.51job.com/all/co3198231.html
jobs.51job.com/all/co3834504.html
jobs.51job.com/all/co3683917.html
jobs.51job.com/all/co3555272.html
jobs.51job.com/all/co2695935.html
jobs.51job.com/all/co2562546.html
jobs.51job.com/all/co4581382.html
jobs.51job.com/all/co4867064.html
jobs.51job.com/all/co2543286.html
jobs.51job.com/all/co4131502.html
jobs.51job.com/all/co2829800.html
jobs.51job.com/all/co228161.html
jobs.51job.com/all/co1152146.html
jobs.51job.com/all/co2910007.html
jobs.51job.com/all/co4365588.html
jobs.51job.com/all/co2656992.html
jobs.51job.com/all/co3002239.html
jobs.51job.com/all/co4226537.html
jobs.51job.com/all/co367927.html
jobs.51job.com/all/co3900311.html
jobs.51job.com/all/co4500016.html
jobs.51job.com/all/co3995618.html
jobs.51job.com/all/co4314216.html
jobs.51job.com/all/co3309893.html
jobs.51job.com/all/co7638.html
jobs.51job.com/all/co3549654.html
jobs.51job.com/all/co4096442.html
jobs.51job.com/all/co2531079.html
jobs.51job.com/all/co3277150.html
jobs.51job.com/all/co424399.html
jobs.51job.com/all/co3362249.html
jobs.51job.com/all/co3475373.html
jobs.51job.com/all/co2347362.html
jobs.51job.com/all/co2012368.html
jobs.51job.com/all/co2889442.html
jobs.51job.com/all/co2901331.html
jobs.51job.com/all/co2605043.html
jobs.51job.com/all/co3580986.html
jobs.51job.com/all/co4815229.html
jobs.51job.com/all/co4920893.html
jobs.51job.com/all/co107634.html
jobs.51job.com/all/co4205596.html
jobs.51job.com/all/co2857093.html
jobs.51job.com/all/co2285758.html
jobs.51job.com/all/co4557408.html
jobs.51job.com/all/co4038973.html
jobs.51job.com/all/co2446745.html
jobs.51job.com/all/co2956027.html
jobs.51job.com/all/co174224.html
jobs.51job.com/all/co4026681.html
jobs.51job.com/all/co2597022.html
jobs.51job.com/all/co154563.html
jobs.51job.com/all/co4270519.html
jobs.51job.com/all/co4613589.html
jobs.51job.com/all/co2442631.html
jobs.51job.com/all/co4852668.html
jobs.51job.com/all/co2593654.html
jobs.51job.com/all/co3816577.html
jobs.51job.com/all/co4617189.html
jobs.51job.com/all/co4793937.html
jobs.51job.com/all/co3605187.html
jobs.51job.com/all/co217101.html
jobs.51job.com/all/co4190926.html
jobs.51job.com/all/co4677462.html
jobs.51job.com/all/co2479081.html
jobs.51job.com/all/co4091041.html
jobs.51job.com/all/co2681070.html
jobs.51job.com/all/co2580137.html
jobs.51job.com/all/co2692004.html
jobs.51job.com/all/co2623771.html
jobs.51job.com/all/co4927934.html
jobs.51job.com/all/co3159765.html
jobs.51job.com/all/co4442685.html
jobs.51job.com/all/co3902926.html
jobs.51job.com/all/co2037206.html
jobs.51job.com/all/co3741580.html
jobs.51job.com/all/co3459220.html
jobs.51job.com/all/co4006438.html
jobs.51job.com/all/co2877996.html
jobs.51job.com/all/co3859633.html
jobs.51job.com/all/co2469494.html
jobs.51job.com/all/co3764932.html
jobs.51job.com/all/co3886598.html
jobs.51job.com/all/co2475401.html
jobs.51job.com/all/co2571708.html
jobs.51job.com/all/co3396242.html
jobs.51job.com/all/co4548349.html
jobs.51job.com/all/co4852911.html
jobs.51job.com/all/co2335572.html
jobs.51job.com/all/co3216465.html
jobs.51job.com/all/co2272108.html
jobs.51job.com/all/co3813056.html
jobs.51job.com/all/co2534768.html
jobs.51job.com/all/co2776780.html
jobs.51job.com/all/co312830.html
jobs.51job.com/all/co2025144.html
jobs.51job.com/all/co4642421.html
jobs.51job.com/all/co2687540.html
jobs.51job.com/all/co1980934.html
jobs.51job.com/all/co2824524.html
jobs.51job.com/all/co4762685.html
jobs.51job.com/all/co3864775.html
jobs.51job.com/all/co3647715.html
jobs.51job.com/all/co2229150.html
jobs.51job.com/all/co2578263.html
jobs.51job.com/all/co2383388.html
jobs.51job.com/all/co4831708.html
jobs.51job.com/all/co2523635.html
jobs.51job.com/all/co2742318.html
jobs.51job.com/all/co3895785.html
jobs.51job.com/all/co3925765.html
jobs.51job.com/all/co3761218.html
jobs.51job.com/all/co2997719.html
jobs.51job.com/all/co2137495.html
jobs.51job.com/all/co4104925.html
jobs.51job.com/all/co2887365.html
jobs.51job.com/all/co4403536.html
jobs.51job.com/all/co4837214.html
jobs.51job.com/all/co4927728.html
jobs.51job.com/all/co4493005.html
jobs.51job.com/all/co2501607.html
jobs.51job.com/all/co4921668.html
jobs.51job.com/all/co4684055.html
jobs.51job.com/all/co3052969.html
jobs.51job.com/all/co2551218.html
jobs.51job.com/all/co4866990.html
jobs.51job.com/all/co2614173.html
jobs.51job.com/all/co3825468.html
jobs.51job.com/all/co184974.html
jobs.51job.com/all/co4861159.html
jobs.51job.com/all/co3561732.html
jobs.51job.com/all/co4523286.html
jobs.51job.com/all/co4742010.html
jobs.51job.com/all/co2308882.html
jobs.51job.com/all/co2365995.html
jobs.51job.com/all/co4655133.html
jobs.51job.com/all/co3847106.html
jobs.51job.com/all/co3764811.html
jobs.51job.com/all/co3335027.html
jobs.51job.com/all/co2437060.html
jobs.51job.com/all/co4710835.html
jobs.51job.com/all/co2511690.html
jobs.51job.com/all/co2163911.html
jobs.51job.com/all/co276761.html
jobs.51job.com/all/co2630959.html
jobs.51job.com/all/co4906895.html
jobs.51job.com/all/co2886957.html
jobs.51job.com/all/co3955828.html
jobs.51job.com/all/co4804971.html
jobs.51job.com/all/co2445482.html
jobs.51job.com/all/co286624.html
jobs.51job.com/all/co2788554.html
jobs.51job.com/all/co2059233.html
jobs.51job.com/all/co4783457.html
jobs.51job.com/all/co4941549.html
jobs.51job.com/all/co107244.html
jobs.51job.com/all/co283885.html
jobs.51job.com/all/co2546429.html
jobs.51job.com/all/co234401.html
jobs.51job.com/all/co3924618.html
jobs.51job.com/all/co2485523.html
jobs.51job.com/all/co158830.html
jobs.51job.com/all/co2212711.html
jobs.51job.com/all/co4683313.html
jobs.51job.com/all/co2262271.html
jobs.51job.com/all/co3714890.html
jobs.51job.com/all/co4501126.html
jobs.51job.com/all/co2218909.html
jobs.51job.com/all/co4467443.html
jobs.51job.com/all/co4719332.html
jobs.51job.com/all/co4856682.html
jobs.51job.com/all/co4750494.html
jobs.51job.com/all/co3458277.html
jobs.51job.com/all/co114705.html
jobs.51job.com/all/co2986908.html
jobs.51job.com/all/co3796923.html
jobs.51job.com/all/co4420409.html
jobs.51job.com/all/co2525606.html
jobs.51job.com/all/co290053.html
jobs.51job.com/all/co2742055.html
jobs.51job.com/all/co2459343.html
jobs.51job.com/all/co4535677.html
jobs.51job.com/all/co2842735.html
jobs.51job.com/all/co2486039.html
jobs.51job.com/all/co3091793.html
jobs.51job.com/all/co2120072.html
jobs.51job.com/all/co2830116.html
jobs.51job.com/all/co3722635.html
jobs.51job.com/all/co2519851.html
jobs.51job.com/all/co3286044.html
jobs.51job.com/all/co306536.html
jobs.51job.com/all/co4447568.html
jobs.51job.com/all/co4439939.html
jobs.51job.com/all/co4085904.html
jobs.51job.com/all/co4466436.html
jobs.51job.com/all/co4651252.html
jobs.51job.com/all/co4651253.html
jobs.51job.com/all/co4651254.html
jobs.51job.com/all/co4351316.html
jobs.51job.com/all/co4826557.html
jobs.51job.com/all/co3242159.html
jobs.51job.com/all/co2743314.html
jobs.51job.com/all/co238206.html
jobs.51job.com/all/co3131318.html
jobs.51job.com/all/co3813624.html
jobs.51job.com/all/co2561436.html
jobs.51job.com/all/co4712462.html
jobs.51job.com/all/co4701629.html
jobs.51job.com/all/co2690371.html
jobs.51job.com/all/co3518723.html
jobs.51job.com/all/co3915306.html
jobs.51job.com/all/co3684254.html
jobs.51job.com/all/co4798677.html
jobs.51job.com/all/co3635236.html
jobs.51job.com/all/co2731965.html
jobs.51job.com/all/co4374540.html
jobs.51job.com/all/co2480739.html
jobs.51job.com/all/co2330012.html
jobs.51job.com/all/co4866736.html
jobs.51job.com/all/co4136893.html
jobs.51job.com/all/co3824720.html
jobs.51job.com/all/co2915948.html
jobs.51job.com/all/co4848230.html
jobs.51job.com/all/co2998999.html
jobs.51job.com/all/co4214362.html
jobs.51job.com/all/co2801651.html
jobs.51job.com/all/co3322217.html
jobs.51job.com/all/co4268821.html
jobs.51job.com/all/co2449300.html
jobs.51job.com/all/co2449300.html
jobs.51job.com/all/co1242141.html
jobs.51job.com/all/co3839352.html
jobs.51job.com/all/co4933267.html
jobs.51job.com/all/co964818.html
jobs.51job.com/all/co4013350.html
jobs.51job.com/all/co2105296.html
jobs.51job.com/all/co2620696.html
jobs.51job.com/all/co1804258.html
jobs.51job.com/all/co4710905.html
jobs.51job.com/all/co3996414.html
jobs.51job.com/all/co2546282.html
jobs.51job.com/all/co105792.html
jobs.51job.com/all/co4372662.html
jobs.51job.com/all/co2446646.html
sfzhaopin.51job.com
jobs.51job.com/all/co2567876.html
jobs.51job.com/all/co2484856.html
jobs.51job.com/all/co3556913.html
jobs.51job.com/all/co4202777.html
jobs.51job.com/all/co2731682.html
jobs.51job.com/all/co2514134.html
jobs.51job.com/all/co3960251.html
jobs.51job.com/all/co4870198.html
jobs.51job.com/all/co3426182.html
jobs.51job.com/all/co3710948.html
jobs.51job.com/all/co4519717.html
jobs.51job.com/all/co2826651.html
jobs.51job.com/all/co612312.html
jobs.51job.com/all/co2806511.html
jobs.51job.com/all/co2421654.html
jobs.51job.com/all/co3670860.html
jobs.51job.com/all/co688477.html
jobs.51job.com/all/co3835275.html
jobs.51job.com/all/co4804606.html
jobs.51job.com/all/co367002.html
jobs.51job.com/all/co4151974.html
jobs.51job.com/all/co4594918.html
jobs.51job.com/all/co3870787.html
jobs.51job.com/all/co3763944.html
jobs.51job.com/all/co3227904.html
jobs.51job.com/all/co2860765.html
jobs.51job.com/all/co3980762.html
jobs.51job.com/all/co2852904.html
jobs.51job.com/all/co2224708.html
jobs.51job.com/all/co3023348.html
jobs.51job.com/all/co2457215.html
jobs.51job.com/all/co2963589.html
jobs.51job.com/all/co3448633.html
jobs.51job.com/all/co4801785.html
zjsj.51job.com/
jobs.51job.com/all/co3247141.html
jobs.51job.com/all/co2226528.html
jobs.51job.com/all/co112307.html
jobs.51job.com/all/co4123620.html
jobs.51job.com/all/co4726267.html
jobs.51job.com/all/co3366666.html
jobs.51job.com/all/co4643190.html
jobs.51job.com/all/co461426.html
jobs.51job.com/all/co4439335.html
jobs.51job.com/all/co4735120.html
jobs.51job.com/all/co4854780.html
jobs.51job.com/all/co4637310.html
jobs.51job.com/all/co4549564.html
jobs.51job.com/all/co3397760.html
jobs.51job.com/all/co2618311.html
jobs.51job.com/all/co2486847.html
jobs.51job.com/all/co3225821.html
jobs.51job.com/all/co3664004.html
jobs.51job.com/all/co569726.html
jobs.51job.com/all/co2790513.html
jobs.51job.com/all/co3745787.html
jobs.51job.com/all/co4664845.html
jobs.51job.com/all/co2759738.html
jobs.51job.com/all/co2923183.html
jobs.51job.com/all/co3186341.html
jobs.51job.com/all/co4899289.html
jobs.51job.com/all/co3950416.html
jobs.51job.com/all/co4138645.html
jobs.51job.com/all/co2828168.html
jobs.51job.com/all/co4322735.html
jobs.51job.com/all/co103041.html
jobs.51job.com/all/co2966199.html
jobs.51job.com/all/co4493644.html
jobs.51job.com/all/co3863356.html
jobs.51job.com/all/co3928155.html
jobs.51job.com/all/co3941184.html
jobs.51job.com/all/co4329552.html
jobs.51job.com/all/co4262091.html
jobs.51job.com/all/co4111046.html
jobs.51job.com/all/co3307785.html
jobs.51job.com/all/co2468359.html
jobs.51job.com/all/co4684549.html
jobs.51job.com/all/co4090260.html
jobs.51job.com/all/co4768516.html
jobs.51job.com/all/co3962356.html
jobs.51job.com/all/co2649112.html
jobs.51job.com/all/co3772551.html
jobs.51job.com/all/co150462.html
jobs.51job.com/all/co4457470.html
jobs.51job.com/all/co4395252.html
jobs.51job.com/all/co2709163.html
jobs.51job.com/all/co3464815.html
jobs.51job.com/all/co2967833.html
jobs.51job.com/all/co4703368.html
jobs.51job.com/all/co1985181.html
jobs.51job.com/all/co3952737.html
jobs.51job.com/all/co4115527.html
jobs.51job.com/all/co4115901.html
jobs.51job.com/all/co4682090.html
jobs.51job.com/all/co3934884.html
jobs.51job.com/all/co3781842.html
jobs.51job.com/all/co3468670.html
jobs.51job.com/all/co3610872.html
jobs.51job.com/all/co4823801.html
jobs.51job.com/all/co3116979.html
jobs.51job.com/all/co2760462.html
jobs.51job.com/all/co3211164.html
jobs.51job.com/all/co2452989.html
jobs.51job.com/all/co2572357.html
jobs.51job.com/all/co4421978.html
jobs.51job.com/all/co3253909.html
jobs.51job.com/all/co4586463.html
jobs.51job.com/all/co4936023.html
jobs.51job.com/all/co3909628.html
jobs.51job.com/all/co4911800.html
jobs.51job.com/all/co4908853.html
jobs.51job.com/all/co106423.html
jobs.51job.com/all/co4704091.html
jobs.51job.com/all/co3239781.html
jobs.51job.com/all/co3901505.html
zjsj.51job.com/
jobs.51job.com/all/co2839758.html
jobs.51job.com/all/co4089570.html
jobs.51job.com/all/co4180495.html
jobs.51job.com/all/co3765851.html
jobs.51job.com/all/co4245691.html
jobs.51job.com/all/co541422.html
jobs.51job.com/all/co3453861.html
jobs.51job.com/all/co2360966.html
jobs.51job.com/all/co4572049.html
jobs.51job.com/all/co2267556.html
jobs.51job.com/all/co2334017.html
jobs.51job.com/all/co4877236.html
jobs.51job.com/all/co4923918.html
carrier.51job.com
jobs.51job.com/all/co3846460.html
jobs.51job.com/all/co4833427.html
jobs.51job.com/all/co4097545.html
jobs.51job.com/all/co3675560.html
jobs.51job.com/all/co3219618.html
jobs.51job.com/all/co1228645.html
jobs.51job.com/all/co4372857.html
jobs.51job.com/all/co731721.html
jobs.51job.com/all/co4213751.html
jobs.51job.com/all/co3498654.html
jobs.51job.com/all/co2940605.html
jobs.51job.com/all/co2544894.html
jobs.51job.com/all/co4473033.html
jobs.51job.com/all/co4826318.html
jobs.51job.com/all/co369401.html
jobs.51job.com/all/co2969976.html
jobs.51job.com/all/co4216200.html
jobs.51job.com/all/co3497820.html
jobs.51job.com/all/co4915932.html
jobs.51job.com/all/co3129869.html
jobs.51job.com/all/co4663485.html
jobs.51job.com/all/co4862866.html
jobs.51job.com/all/co2579409.html
jobs.51job.com/all/co2547694.html
jobs.51job.com/all/co4487194.html
jobs.51job.com/all/co3715961.html
jobs.51job.com/all/co4370783.html
jobs.51job.com/all/co4721788.html
jobs.51job.com/all/co4916858.html
jobs.51job.com/all/co3531424.html
jobs.51job.com/all/co4515111.html
jobs.51job.com/all/co4867870.html
jobs.51job.com/all/co2682159.html
jobs.51job.com/all/co2798877.html
jobs.51job.com/all/co195378.html
jobs.51job.com/all/co4321309.html
jobs.51job.com/all/co2547377.html
jobs.51job.com/all/co2561457.html
jobs.51job.com/all/co4005257.html
jobs.51job.com/all/co3691182.html
jobs.51job.com/all/co4821537.html
jobs.51job.com/all/co1377888.html
jobs.51job.com/all/co2484417.html
jobs.51job.com/all/co3301571.html
jobs.51job.com/all/co4453168.html
jobs.51job.com/all/co4714997.html
jobs.51job.com/all/co127957.html
jobs.51job.com/all/co4397498.html
jobs.51job.com/all/co3468726.html
jobs.51job.com/all/co3918086.html
jobs.51job.com/all/co2449427.html
jobs.51job.com/all/co2172585.html
jobs.51job.com/all/co4483680.html
jobs.51job.com/all/co3738677.html
jobs.51job.com/all/co2843348.html
jobs.51job.com/all/co3711962.html
jobs.51job.com/all/co4557886.html
jobs.51job.com/all/co2539497.html
jobs.51job.com/all/co3386853.html
jobs.51job.com/all/co2054558.html
jobs.51job.com/all/co4269835.html
jobs.51job.com/all/co3922490.html
jobs.51job.com/all/co3221821.html
jobs.51job.com/all/co4913238.html
jobs.51job.com/all/co4909637.html
jobs.51job.com/all/co2539908.html
jobs.51job.com/all/co3905291.html
jobs.51job.com/all/co4667989.html
jobs.51job.com/all/co4667998.html
jobs.51job.com/all/co3154043.html
jobs.51job.com/all/co4384647.html
jobs.51job.com/all/co3033497.html
jobs.51job.com/all/co270592.html
jobs.51job.com/all/co2584768.html
jobs.51job.com/all/co3970050.html
jobs.51job.com/all/co2954971.html
jobs.51job.com/all/co4068753.html
jobs.51job.com/all/co4165798.html
jobs.51job.com/all/co2895377.html
jobs.51job.com/all/co244442.html
jobs.51job.com/all/co2875541.html
jobs.51job.com/all/co3499828.html
jobs.51job.com/all/co3370188.html
jobs.51job.com/all/co3407637.html
jobs.51job.com/all/co4370477.html
jobs.51job.com/all/co4466451.html
job.markorhome.com/
jobs.51job.com/all/co3417257.html
jobs.51job.com/all/co4709868.html
jobs.51job.com/all/co4060790.html
jobs.51job.com/all/co4789502.html
jobs.51job.com/all/co2916136.html
jobs.51job.com/all/co4605333.html
jobs.51job.com/all/co4007431.html
jobs.51job.com/all/co4105188.html
jobs.51job.com/all/co3693949.html
jobs.51job.com/all/co4240407.html
jobs.51job.com/all/co4045873.html
jobs.51job.com/all/co4068409.html
jobs.51job.com/all/co3910560.html
jobs.51job.com/all/co4127140.html
jobs.51job.com/all/co3560316.html
jobs.51job.com/all/co4154253.html
jobs.51job.com/all/co3957378.html
jobs.51job.com/all/co3865867.html
jobs.51job.com/all/co2978622.html
jobs.51job.com/all/co4440856.html
ab-inbev.51job.com
jobs.51job.com/all/co3203870.html
jobs.51job.com/all/co2202048.html
jobs.51job.com/all/co2700350.html
jobs.51job.com/all/co2853267.html
jobs.51job.com/all/co2849418.html
jobs.51job.com/all/co4332716.html
jobs.51job.com/all/co3192532.html
jobs.51job.com/all/co4153641.html
jobs.51job.com/all/co2398258.html
jobs.51job.com/all/co4108354.html
jobs.51job.com/all/co2831164.html
jobs.51job.com/all/co4190428.html
jobs.51job.com/all/co255100.html
jobs.51job.com/all/co4213311.html
jobs.51job.com/all/co3804535.html
jobs.51job.com/all/co4907916.html
jobs.51job.com/all/co4800286.html
jobs.51job.com/all/co2974573.html
jobs.51job.com/all/co4580415.html
jobs.51job.com/all/co4394385.html
jobs.51job.com/all/co3367380.html
jobs.51job.com/all/co4072841.html
jobs.51job.com/all/co3570264.html
jobs.51job.com/all/co2159647.html
jobs.51job.com/all/co4229203.html
jobs.51job.com/all/co2705303.html
jobs.51job.com/all/co3255907.html
jobs.51job.com/all/co2747446.html
jobs.51job.com/all/co2490137.html
jobs.51job.com/all/co3906708.html
jobs.51job.com/all/co2434713.html
jobs.51job.com/all/co4535184.html
jobs.51job.com/all/co4029909.html
jobs.51job.com/all/co673866.html
jobs.51job.com/all/co4914801.html
jobs.51job.com/all/co2282498.html
jobs.51job.com/all/co4654920.html
jobs.51job.com/all/co4910925.html
jobs.51job.com/all/co4450676.html
jobs.51job.com/all/co3229108.html
jobs.51job.com/all/co4080208.html
jobs.51job.com/all/co3665552.html
jobs.51job.com/all/co2832803.html
jobs.51job.com/all/co726992.html
jobs.51job.com/all/co235836.html
jobs.51job.com/all/co4124860.html
jobs.51job.com/all/co4866705.html
jobs.51job.com/all/co4010852.html
jobs.51job.com/all/co4341505.html
jobs.51job.com/all/co3858756.html
jobs.51job.com/all/co2662357.html
jobs.51job.com/all/co3187249.html
jobs.51job.com/all/co3389248.html
jobs.51job.com/all/co2220020.html
jobs.51job.com/all/co2706800.html
jobs.51job.com/all/co4869345.html
jobs.51job.com/all/co3412251.html
jobs.51job.com/all/co3840758.html
jobs.51job.com/all/co3355226.html
jobs.51job.com/all/co4884877.html
jobs.51job.com/all/co139663.html
jobs.51job.com/all/co4301230.html
jobs.51job.com/all/co4110153.html
jobs.51job.com/all/co3652771.html
jobs.51job.com/all/co4307027.html
jobs.51job.com/all/co4884417.html
jobs.51job.com/all/co4703270.html
jobs.51job.com/all/co4089549.html
jobs.51job.com/all/co2618361.html
jobs.51job.com/all/co4789854.html
jobs.51job.com/all/co152922.html
jobs.51job.com/all/co4758599.html
jobs.51job.com/all/co4796006.html
jobs.51job.com/all/co4885395.html
jobs.51job.com/all/co3972278.html
jobs.51job.com/all/co4625522.html
jobs.51job.com/all/co3869061.html
jobs.51job.com/all/co4893447.html
jobs.51job.com/all/co4496690.html
jobs.51job.com/all/co111336.html
jobs.51job.com/all/co3658268.html
jobs.51job.com/all/co4653489.html
jobs.51job.com/all/co2475676.html
jobs.51job.com/all/co4073018.html
jobs.51job.com/all/co3853038.html
jobs.51job.com/all/co2528551.html
jobs.51job.com/all/co4653876.html
jobs.51job.com/all/co2487259.html
jobs.51job.com/all/co2011512.html
jobs.51job.com/all/co3094490.html
jobs.51job.com/all/co4335316.html
jobs.51job.com/all/co3750137.html
jobs.51job.com/all/co2582309.html
jobs.51job.com/all/co3846662.html
jobs.51job.com/all/co3778205.html
jobs.51job.com/all/co3846772.html
jobs.51job.com/all/co3111685.html
jobs.51job.com/all/co3956149.html
jobs.51job.com/all/co3912342.html
jobs.51job.com/all/co932415.html
jobs.51job.com/all/co4209296.html
jobs.51job.com/all/co4710514.html
jobs.51job.com/all/co2647509.html
jobs.51job.com/all/co3728521.html
jobs.51job.com/all/co3825090.html
jobs.51job.com/all/co4631309.html
jobs.51job.com/all/co4287664.html
jobs.51job.com/all/co3824974.html
jobs.51job.com/all/co3989820.html
jobs.51job.com/all/co3941115.html
jobs.51job.com/all/co4701051.html
jobs.51job.com/all/co4753623.html
jobs.51job.com/all/co2346531.html
jobs.51job.com/all/co4435473.html
jobs.51job.com/all/co2084868.html
jobs.51job.com/all/co4845548.html
jobs.51job.com/all/co4673922.html
jobs.51job.com/all/co4848424.html
jobs.51job.com/all/co4734912.html
jobs.51job.com/all/co4738033.html
jobs.51job.com/all/co2014057.html
jobs.51job.com/all/co4133898.html
jobs.51job.com/all/co2768542.html
jobs.51job.com/all/co144117.html
jobs.51job.com/all/co3059729.html
jobs.51job.com/all/co2650626.html
jobs.51job.com/all/co3996558.html
jobs.51job.com/all/co4873526.html
jobs.51job.com/all/co3084709.html
jobs.51job.com/all/co2570161.html
jobs.51job.com/all/co4676706.html
jobs.51job.com/all/co3144984.html
jobs.51job.com/all/co2537537.html
jobs.51job.com/all/co4135876.html
jobs.51job.com/all/co2381208.html
jobs.51job.com/all/co3660517.html
jobs.51job.com/all/co2676101.html
jobs.51job.com/all/co4081733.html
jobs.51job.com/all/co2826375.html
jobs.51job.com/all/co2562178.html
jobs.51job.com/all/co2735813.html
jobs.51job.com/all/co2449383.html
jobs.51job.com/all/co4282327.html
jobs.51job.com/all/co2611742.html
jobs.51job.com/all/co4041745.html
jobs.51job.com/all/co3107128.html
jobs.51job.com/all/co188581.html
jobs.51job.com/all/co4605076.html
jobs.51job.com/all/co3915828.html
jobs.51job.com/all/co3803783.html
jobs.51job.com/all/co3872742.html
jobs.51job.com/all/co2981294.html
jobs.51job.com/all/co4860063.html
jobs.51job.com/all/co2917983.html
jobs.51job.com/all/co3796778.html
jobs.51job.com/all/co3155866.html
jobs.51job.com/all/co4299907.html
jobs.51job.com/all/co2851648.html
jobs.51job.com/all/co4565778.html
jobs.51job.com/all/co4818424.html
jobs.51job.com/all/co2183030.html
jobs.51job.com/all/co4268051.html
jobs.51job.com/all/co3773221.html
jobs.51job.com/all/co4856061.html
jobs.51job.com/all/co3702199.html
jobs.51job.com/all/co2508392.html
jobs.51job.com/all/co4260734.html
jobs.51job.com/all/co2528588.html
jobs.51job.com/all/co3627961.html
jobs.51job.com/all/co4739462.html
jobs.51job.com/all/co4253221.html
jobs.51job.com/all/co3347071.html
jobs.51job.com/all/co4062376.html
jobs.51job.com/all/co2658094.html
jobs.51job.com/all/co3555415.html
jobs.51job.com/all/co4274430.html
jobs.51job.com/all/co3359498.html
jobs.51job.com/all/co4089612.html
jobs.51job.com/all/co4268431.html
jobs.51job.com/all/co2872840.html
jobs.51job.com/all/co2674421.html
jobs.51job.com/all/co2728246.html
jobs.51job.com/all/co4884907.html
jobs.51job.com/all/co4213269.html
jobs.51job.com/all/co3664517.html
jobs.51job.com/all/co2577301.html
jobs.51job.com/all/co4680385.html
jobs.51job.com/all/co3796101.html
jobs.51job.com/all/co2654778.html
jobs.51job.com/all/co2848593.html
jobs.51job.com/all/co4266965.html
jobs.51job.com/all/co4040809.html
jobs.51job.com/all/co2567321.html
jobs.51job.com/all/co3805420.html
jobs.51job.com/all/co2219414.html
jobs.51job.com/all/co2844713.html
jobs.51job.com/all/co3729773.html
jobs.51job.com/all/co2507622.html
jobs.51job.com/all/co2507622.html
jobs.51job.com/all/co3942553.html
jobs.51job.com/all/co2844713.html
jobs.51job.com/all/co3812840.html
jobs.51job.com/all/co4669562.html
jobs.51job.com/all/co4669562.html
jobs.51job.com/all/co4669562.html
jobs.51job.com/all/co4669562.html
jobs.51job.com/all/co4669562.html
jobs.51job.com/all/co4669562.html
jobs.51job.com/all/co4669562.html
jobs.51job.com/all/co4436896.html
jobs.51job.com/all/co4360045.html
jobs.51job.com/all/co4360045.html
jobs.51job.com/all/co4360045.html
jobs.51job.com/all/co4360045.html
jobs.51job.com/all/co4360045.html
jobs.51job.com/all/co4360045.html
jobs.51job.com/all/co4483611.html
jobs.51job.com/all/co4370402.html
jobs.51job.com/all/co3679842.html
jobs.51job.com/all/co2463520.html
jobs.51job.com/all/co2861274.html
jobs.51job.com/all/co3431526.html
jobs.51job.com/all/co2648574.html
jobs.51job.com/all/co2648574.html
jobs.51job.com/all/co4074052.html
jobs.51job.com/all/co2648574.html
jobs.51job.com/all/co2707366.html
jobs.51job.com/all/co4626314.html
jobs.51job.com/all/co4626314.html
jobs.51job.com/all/co4641586.html
jobs.51job.com/all/co4850335.html
jobs.51job.com/all/co4931448.html
jobs.51job.com/all/co4550574.html
jobs.51job.com/all/co4550574.html
ldjt.51job.com/job_list2.php?company=2465306
jobs.51job.com/all/co4915984.html
jobs.51job.com/all/co4915984.html
jobs.51job.com/all/co4915984.html
jobs.51job.com/all/co4915984.html
jobs.51job.com/all/co4915984.html
jobs.51job.com/all/co4902267.html
jobs.51job.com/all/co3834445.html
jobs.51job.com/all/co4733164.html
jobs.51job.com/all/co4733164.html
jobs.51job.com/all/co4902267.html
jobs.51job.com/all/co2689638.html
jobs.51job.com/all/co4891083.html
jobs.51job.com/all/co3652763.html
jobs.51job.com/all/co3345314.html
jobs.51job.com/all/co4397012.html
jobs.51job.com/all/co4322634.html
jobs.51job.com/all/co3502424.html
jobs.51job.com/all/co4501066.html
jobs.51job.com/all/co4501066.html
jobs.51job.com/all/co2367742.html
jobs.51job.com/all/co4867878.html
jobs.51job.com/all/co4867878.html
jobs.51job.com/all/co2466128.html
jobs.51job.com/all/co4701287.html
jobs.51job.com/all/co4456599.html
jobs.51job.com/all/co4847372.html
jobs.51job.com/all/co3341312.html
jobs.51job.com/all/co3341312.html
jobs.51job.com/all/co3341312.html
jobs.51job.com/all/co4176316.html
jobs.51job.com/all/co2461499.html
jobs.51job.com/all/co2461499.html
jobs.51job.com/all/co2461499.html
jobs.51job.com/all/co2461499.html
jobs.51job.com/all/co2461499.html
jobs.51job.com/all/co2461499.html
jobs.51job.com/all/co2461499.html
jobs.51job.com/all/co2461499.html
jobs.51job.com/all/co2461499.html
jobs.51job.com/all/co2461499.html
jobs.51job.com/all/co2461499.html
jobs.51job.com/all/co2461499.html
jobs.51job.com/all/co2461499.html
jobs.51job.com/all/co2461499.html
jobs.51job.com/all/co2461499.html
jobs.51job.com/all/co2461499.html
jobs.51job.com/all/co2461499.html
jobs.51job.com/all/co2461499.html
jobs.51job.com/all/co2461499.html
jobs.51job.com/all/co2461499.html
jobs.51job.com/all/co4176316.html
jobs.51job.com/all/co4176316.html
jobs.51job.com/all/co4176316.html
jobs.51job.com/all/co4176316.html
jobs.51job.com/all/co4176316.html
jobs.51job.com/all/co4660661.html
jobs.51job.com/all/co4660661.html
jobs.51job.com/all/co4660661.html
jobs.51job.com/all/co4660661.html
jobs.51job.com/all/co4660661.html
jobs.51job.com/all/co4660661.html
jobs.51job.com/all/co4660661.html
jobs.51job.com/all/co4660661.html
jobs.51job.com/all/co4660661.html
jobs.51job.com/all/co3096755.html
jobs.51job.com/all/co3096755.html
jobs.51job.com/all/co3192140.html
jobs.51job.com/all/co3192140.html
jobs.51job.com/all/co3192140.html
jobs.51job.com/all/co3192140.html
jobs.51job.com/all/co3192140.html
jobs.51job.com/all/co3192140.html
jobs.51job.com/all/co3192140.html
jobs.51job.com/all/co3236376.html
jobs.51job.com/all/co3236376.html
jobs.51job.com/all/co3236376.html
zj32.51job.com
jobs.51job.com/all/co2572260.html
jobs.51job.com/all/co4096172.html
jobs.51job.com/all/co3211559.html
jobs.51job.com/all/co4048661.html
jobs.51job.com/all/co2940492.html
jobs.51job.com/all/co2570366.html
jobs.51job.com/all/co4609519.html
jobs.51job.com/all/co4609519.html
jobs.51job.com/all/co4609519.html
jobs.51job.com/all/co2902719.html
jobs.51job.com/all/co4358343.html
jobs.51job.com/all/co3501932.html
jobs.51job.com/all/co3501932.html
jobs.51job.com/all/co3501932.html
jobs.51job.com/all/co3759085.html
jobs.51job.com/all/co3759085.html
jobs.51job.com/all/co2859091.html
jobs.51job.com/all/co3740472.html
jobs.51job.com/all/co3588537.html
jobs.51job.com/all/co2726917.html
jobs.51job.com/all/co3501932.html
jobs.51job.com/all/co3759085.html
jobs.51job.com/all/co3588537.html
jobs.51job.com/all/co2536703.html
jobs.51job.com/all/co3314356.html
jobs.51job.com/all/co493908.html
jobs.51job.com/all/co4314138.html
jobs.51job.com/all/co2904135.html
jobs.51job.com/all/co4422312.html
jobs.51job.com/all/co2904135.html
jobs.51job.com/all/co2729035.html
jobs.51job.com/all/co2555290.html
jobs.51job.com/all/co3714890.html
jobs.51job.com/all/co3714890.html
jobs.51job.com/all/co3714890.html
jobs.51job.com/all/co3714890.html
jobs.51job.com/all/co3714890.html
jobs.51job.com/all/co3714890.html
jobs.51job.com/all/co3714890.html
jobs.51job.com/all/co3714890.html
jobs.51job.com/all/co3714890.html
jobs.51job.com/all/co3714890.html
jobs.51job.com/all/co4930396.html
jobs.51job.com/all/co3970148.html
jobs.51job.com/all/co3970148.html
jobs.51job.com/all/co3970148.html
jobs.51job.com/all/co3396623.html
jobs.51job.com/all/co4487098.html
jobs.51job.com/all/co3766010.html
jobs.51job.com/all/co2462336.html
jobs.51job.com/all/co2462336.html
jobs.51job.com/all/co2959928.html
jobs.51job.com/all/co2959928.html
jobs.51job.com/all/co3660004.html
jobs.51job.com/all/co3660004.html
jobs.51job.com/all/co3660004.html
jobs.51job.com/all/co3931136.html
jobs.51job.com/all/co3931136.html
jobs.51job.com/all/co3931136.html
jobs.51job.com/all/co2467436.html
jobs.51job.com/all/co2467436.html
jobs.51job.com/all/co4509102.html
jobs.51job.com/all/co4154999.html
jobs.51job.com/all/co3942553.html
jobs.51job.com/all/co3942553.html
jobs.51job.com/all/co3942553.html
jobs.51job.com/all/co3788814.html
jobs.51job.com/all/co3774616.html
jobs.51job.com/all/co4143598.html
jobs.51job.com/all/co4143598.html
jobs.51job.com/all/co4143598.html
jobs.51job.com/all/co4143598.html
jobs.51job.com/all/co4143598.html
jobs.51job.com/all/co4701659.html
jobs.51job.com/all/co4701659.html
jobs.51job.com/all/co4701659.html
jobs.51job.com/all/co4647025.html
jobs.51job.com/all/co2467572.html
jobs.51job.com/all/co107556.html
jobs.51job.com/all/co4537362.html
jobs.51job.com/all/co4537362.html
jobs.51job.com/all/co4537362.html
jobs.51job.com/all/co4861431.html
jobs.51job.com/all/co4861431.html
jobs.51job.com/all/co4861431.html
jobs.51job.com/all/co4083087.html
jobs.51job.com/all/co4315619.html
jobs.51job.com/all/co4315619.html
jobs.51job.com/all/co4315619.html
jobs.51job.com/all/co4315619.html
jobs.51job.com/all/co3567377.html
jobs.51job.com/all/co4002088.html
jobs.51job.com/all/co4002088.html
jobs.51job.com/all/co4002088.html
jobs.51job.com/all/co4002088.html
jobs.51job.com/all/co4002088.html
jobs.51job.com/all/co4002088.html
jobs.51job.com/all/co4002088.html
jobs.51job.com/all/co4002088.html
jobs.51job.com/all/co4002088.html
jobs.51job.com/all/co4002088.html
jobs.51job.com/all/co4002088.html
jobs.51job.com/all/co4002088.html
jobs.51job.com/all/co4002088.html
jobs.51job.com/all/co4002088.html
jobs.51job.com/all/co4002088.html
jobs.51job.com/all/co4002088.html
jobs.51job.com/all/co4002088.html
jobs.51job.com/all/co4002088.html
jobs.51job.com/all/co4002088.html
jobs.51job.com/all/co4002088.html
jobs.51job.com/all/co4002088.html
jobs.51job.com/all/co4002088.html
jobs.51job.com/all/co4002088.html
jobs.51job.com/all/co4002088.html
jobs.51job.com/all/co4002088.html
jobs.51job.com/all/co4002088.html
jobs.51job.com/all/co4315619.html
jobs.51job.com/all/co4581148.html
jobs.51job.com/all/co2479436.html
jobs.51job.com/all/co2479436.html
jobs.51job.com/all/co2479436.html
jobs.51job.com/all/co2479436.html
jobs.51job.com/all/co3215161.html
jobs.51job.com/all/co3215161.html
jobs.51job.com/all/co4460272.html
jobs.51job.com/all/co3922892.html
jobs.51job.com/all/co3922892.html
jobs.51job.com/all/co3922892.html
jobs.51job.com/all/co3922892.html
jobs.51job.com/all/co3474813.html
jobs.51job.com/all/co3474813.html
jobs.51job.com/all/co3812840.html
jobs.51job.com/all/co3812840.html
jobs.51job.com/all/co3812840.html
jobs.51job.com/all/co4097946.html
jobs.51job.com/all/co3922892.html
jobs.51job.com/all/co3922892.html
jobs.51job.com/all/co2486254.html
jobs.51job.com/all/co3922892.html
jobs.51job.com/all/co3922892.html
jobs.51job.com/all/co3922892.html
jobs.51job.com/all/co3922892.html
jobs.51job.com/all/co4631701.html
jobs.51job.com/all/co3922892.html
jobs.51job.com/all/co4772933.html
jobs.51job.com/all/co4772933.html
jobs.51job.com/all/co2718654.html
jobs.51job.com/all/co2718654.html
jobs.51job.com/all/co2718654.html
jobs.51job.com/all/co2718654.html
jobs.51job.com/all/co2718654.html
jobs.51job.com/all/co2718654.html
jobs.51job.com/all/co2718654.html
jobs.51job.com/all/co3810825.html
jobs.51job.com/all/co150797.html
jobs.51job.com/all/co3535200.html
jobs.51job.com/all/co3535200.html
jobs.51job.com/all/co2753546.html
jobs.51job.com/all/co2753546.html
jobs.51job.com/all/co2753546.html
jobs.51job.com/all/co2753546.html
jobs.51job.com/all/co2753546.html
jobs.51job.com/all/co2753546.html
jobs.51job.com/all/co2753546.html
jobs.51job.com/all/co2753546.html
jobs.51job.com/all/co2753546.html
jobs.51job.com/all/co2753546.html
jobs.51job.com/all/co2753546.html
jobs.51job.com/all/co2753546.html
jobs.51job.com/all/co2753546.html
jobs.51job.com/all/co2753546.html
jobs.51job.com/all/co2753546.html
jobs.51job.com/all/co2753546.html
jobs.51job.com/all/co2753546.html
jobs.51job.com/all/co2753546.html
jobs.51job.com/all/co2753546.html
jobs.51job.com/all/co2753546.html
jobs.51job.com/all/co2753546.html
jobs.51job.com/all/co2753546.html
jobs.51job.com/all/co2753546.html
jobs.51job.com/all/co2753546.html
jobs.51job.com/all/co2753546.html
jobs.51job.com/all/co2753546.html
jobs.51job.com/all/co2484973.html
jobs.51job.com/all/co2484973.html
jobs.51job.com/all/co2484973.html
jobs.51job.com/all/co2484973.html
jobs.51job.com/all/co4102169.html
jobs.51job.com/all/co2702250.html
jobs.51job.com/all/co2702250.html
jobs.51job.com/all/co2702250.html
jobs.51job.com/all/co2702250.html
jobs.51job.com/all/co2273274.html
jobs.51job.com/all/co2273274.html
jobs.51job.com/all/co2969537.html
jobs.51job.com/all/co2969537.html
jobs.51job.com/all/co2969537.html
jobs.51job.com/all/co3544463.html
jobs.51job.com/all/co3468903.html
jobs.51job.com/all/co3468903.html
jobs.51job.com/all/co3468903.html
jobs.51job.com/all/co3468903.html
jobs.51job.com/all/co3468903.html
jobs.51job.com/all/co3468903.html
jobs.51job.com/all/co3468903.html
jobs.51job.com/all/co3468903.html
jobs.51job.com/all/co2568129.html
jobs.51job.com/all/co2568129.html
jobs.51job.com/all/co2568129.html
jobs.51job.com/all/co2568129.html
jobs.51job.com/all/co2568129.html
jobs.51job.com/all/co3428886.html
jobs.51job.com/all/co3428886.html
jobs.51job.com/all/co3428886.html
jobs.51job.com/all/co3428886.html
jobs.51job.com/all/co3428886.html
jobs.51job.com/all/co2568129.html
jobs.51job.com/all/co2568129.html
jobs.51job.com/all/co2568129.html
jobs.51job.com/all/co4154947.html
jobs.51job.com/all/co4441640.html
jobs.51job.com/all/co2568129.html
jobs.51job.com/all/co4375660.html
jobs.51job.com/all/co2568129.html
jobs.51job.com/all/co4375660.html
jobs.51job.com/all/co4375660.html
jobs.51job.com/all/co2568129.html
jobs.51job.com/all/co3454244.html
jobs.51job.com/all/co2481900.html
jobs.51job.com/all/co2778529.html
jobs.51job.com/all/co3401308.html
jobs.51job.com/all/co3164997.html
jobs.51job.com/all/co318359.html
jobs.51job.com/all/co4152776.html
jobs.51job.com/all/co3738626.html
jobs.51job.com/all/co2449353.html
jobs.51job.com/all/co2449353.html
jobs.51job.com/all/co2449353.html
jobs.51job.com/all/co2449353.html
jobs.51job.com/all/co2449353.html
jobs.51job.com/all/co3459829.html
jobs.51job.com/all/co3459829.html
jobs.51job.com/all/co3459829.html
jobs.51job.com/all/co2452184.html
jobs.51job.com/all/co3459829.html
jobs.51job.com/all/co3743085.html
jobs.51job.com/all/co178586.html
jobs.51job.com/all/co178586.html
jobs.51job.com/all/co4542555.html
jobs.51job.com/all/co2933012.html
jobs.51job.com/all/co2933012.html
jobs.51job.com/all/co4266235.html
jobs.51job.com/all/co3459829.html
jobs.51job.com/all/co2487480.html
jobs.51job.com/all/co2690652.html
jobs.51job.com/all/co2690652.html
jobs.51job.com/all/co4330231.html
jobs.51job.com/all/co3916837.html
jobs.51job.com/all/co3916837.html
jobs.51job.com/all/co3916837.html
jobs.51job.com/all/co3916837.html
jobs.51job.com/all/co3916837.html
jobs.51job.com/all/co3916837.html
jobs.51job.com/all/co3916837.html
jobs.51job.com/all/co3459829.html
jobs.51job.com/all/co3459829.html
jobs.51job.com/all/co3339325.html
jobs.51job.com/all/co3459829.html
jobs.51job.com/all/co4654521.html
jobs.51job.com/all/co3459829.html
jobs.51job.com/all/co2522341.html
jobs.51job.com/all/co2958038.html
jobs.51job.com/all/co4096172.html
jobs.51job.com/all/co4096172.html
jobs.51job.com/all/co4022964.html
jobs.51job.com/all/co4022964.html
jobs.51job.com/all/co4022964.html
jobs.51job.com/all/co3960181.html
jobs.51job.com/all/co4209586.html
jobs.51job.com/all/co3863036.html
jobs.51job.com/all/co193349.html
jobs.51job.com/all/co193349.html
jobs.51job.com/all/co193349.html
jobs.51job.com/all/co2415964.html
jobs.51job.com/all/co2415964.html
jobs.51job.com/all/co2415964.html
jobs.51job.com/all/co4788812.html
jobs.51job.com/all/co378082.html
jobs.51job.com/all/co4916157.html
jobs.51job.com/all/co378082.html
jobs.51job.com/all/co4073054.html
jobs.51job.com/all/co4073054.html
jobs.51job.com/all/co4073054.html
jobs.51job.com/all/co3233554.html
jobs.51job.com/all/co4290118.html
jobs.51job.com/all/co4290118.html
jobs.51job.com/all/co4290118.html
jobs.51job.com/all/co2812802.html
jobs.51job.com/all/co2812802.html
jobs.51job.com/all/co4054315.html
jobs.51job.com/all/co2476421.html
jobs.51job.com/all/co2476421.html
jobs.51job.com/all/co2476421.html
jobs.51job.com/all/co2476421.html
jobs.51job.com/all/co2476421.html
jobs.51job.com/all/co2476421.html
jobs.51job.com/all/co2476421.html
jobs.51job.com/all/co3417635.html
jobs.51job.com/all/co3417635.html
jobs.51job.com/all/co3417635.html
jobs.51job.com/all/co3417635.html
jobs.51job.com/all/co3417635.html
jobs.51job.com/all/co4503637.html
jobs.51job.com/all/co4503637.html
jobs.51job.com/all/co2754425.html
jobs.51job.com/all/co2754425.html
jobs.51job.com/all/co2754425.html
jobs.51job.com/all/co135210.html
jobs.51job.com/all/co4581382.html
jobs.51job.com/all/co4581382.html
jobs.51job.com/all/co2543286.html
jobs.51job.com/all/co3002239.html
jobs.51job.com/all/co3002239.html
jobs.51job.com/all/co3002239.html
jobs.51job.com/all/co3002239.html
jobs.51job.com/all/co3002239.html
jobs.51job.com/all/co3002239.html
jobs.51job.com/all/co3002239.html
jobs.51job.com/all/co3002239.html
jobs.51job.com/all/co3900311.html
jobs.51job.com/all/co3900311.html
jobs.51job.com/all/co3002239.html
jobs.51job.com/all/co3002239.html
jobs.51job.com/all/co4500016.html
jobs.51job.com/all/co4500016.html
jobs.51job.com/all/co4500016.html
jobs.51job.com/all/co3995618.html
jobs.51job.com/all/co3995618.html
jobs.51job.com/all/co2531079.html
jobs.51job.com/all/co3277150.html
jobs.51job.com/all/co4096442.html
jobs.51job.com/all/co3549654.html
jobs.51job.com/all/co3549654.html
jobs.51job.com/all/co3475373.html
jobs.51job.com/all/co3362249.html
jobs.51job.com/all/co2889442.html
jobs.51job.com/all/co2889442.html
jobs.51job.com/all/co4557408.html
jobs.51job.com/all/co4557408.html
jobs.51job.com/all/co2597022.html
jobs.51job.com/all/co4613589.html
jobs.51job.com/all/co4613589.html
jobs.51job.com/all/co4613589.html
jobs.51job.com/all/co4852668.html
jobs.51job.com/all/co4677462.html
jobs.51job.com/all/co4677462.html
jobs.51job.com/all/co4677462.html
jobs.51job.com/all/co4677462.html
jobs.51job.com/all/co4677462.html
jobs.51job.com/all/co4677462.html
jobs.51job.com/all/co4677462.html
jobs.51job.com/all/co4677462.html
jobs.51job.com/all/co4677462.html
jobs.51job.com/all/co4677462.html
jobs.51job.com/all/co4677462.html
jobs.51job.com/all/co2459948.html
jobs.51job.com/all/co2459948.html
jobs.51job.com/all/co2459948.html
jobs.51job.com/all/co2459948.html
jobs.51job.com/all/co2681070.html
jobs.51job.com/all/co2580137.html
jobs.51job.com/all/co4649616.html
jobs.51job.com/all/co4649616.html
jobs.51job.com/all/co2497962.html
jobs.51job.com/all/co2497962.html
jobs.51job.com/all/co2497962.html
jobs.51job.com/all/co2687540.html
jobs.51job.com/all/co2687540.html
jobs.51job.com/all/co1980934.html
jobs.51job.com/all/co1980934.html
jobs.51job.com/all/co4762685.html
jobs.51job.com/all/co2786755.html
jobs.51job.com/all/co3788814.html
jobs.51job.com/all/co2578263.html
jobs.51job.com/all/co2861274.html
jobs.51job.com/all/co2523635.html
jobs.51job.com/all/co2523635.html
jobs.51job.com/all/co2997719.html
jobs.51job.com/all/co2501607.html
jobs.51job.com/all/co4921668.html
jobs.51job.com/all/co2725071.html
jobs.51job.com/all/co4866990.html
jobs.51job.com/all/co4866990.html
jobs.51job.com/all/co4489400.html
jobs.51job.com/all/co3895785.html
jobs.51job.com/all/co4742010.html
jobs.51job.com/all/co4742010.html
jobs.51job.com/all/co2308882.html
jobs.51job.com/all/co2365995.html
jobs.51job.com/all/co4655133.html
jobs.51job.com/all/co4655133.html
jobs.51job.com/all/co4655133.html
jobs.51job.com/all/co4655133.html
jobs.51job.com/all/co4655133.html
jobs.51job.com/all/co4655133.html
jobs.51job.com/all/co3946149.html
jobs.51job.com/all/co3847106.html
jobs.51job.com/all/co3788814.html
jobs.51job.com/all/co2511690.html
jobs.51job.com/all/co2163911.html
jobs.51job.com/all/co2163911.html
jobs.51job.com/all/co276761.html
jobs.51job.com/all/co276761.html
jobs.51job.com/all/co276761.html
jobs.51job.com/all/co276761.html
jobs.51job.com/all/co276761.html
jobs.51job.com/all/co276761.html
jobs.51job.com/all/co276761.html
jobs.51job.com/all/co276761.html
jobs.51job.com/all/co276761.html
jobs.51job.com/all/co276761.html
jobs.51job.com/all/co276761.html
jobs.51job.com/all/co276761.html
jobs.51job.com/all/co276761.html
jobs.51job.com/all/co276761.html
jobs.51job.com/all/co2630959.html
jobs.51job.com/all/co4906895.html
jobs.51job.com/all/co4906895.html
jobs.51job.com/all/co4906895.html
jobs.51job.com/all/co2445482.html
jobs.51job.com/all/co2445482.html
jobs.51job.com/all/co2445482.html
jobs.51job.com/all/co2788554.html
jobs.51job.com/all/co2059233.html
jobs.51job.com/all/co2059233.html
jobs.51job.com/all/co4783457.html
jobs.51job.com/all/co4941549.html
jobs.51job.com/all/co107244.html
jobs.51job.com/all/co283885.html
jobs.51job.com/all/co283885.html
jobs.51job.com/all/co2692004.html
jobs.51job.com/all/co2692004.html
jobs.51job.com/all/co234401.html
jobs.51job.com/all/co234401.html
jobs.51job.com/all/co234401.html
jobs.51job.com/all/co234401.html
jobs.51job.com/all/co234401.html
jobs.51job.com/all/co234401.html
jobs.51job.com/all/co234401.html
jobs.51job.com/all/co4501126.html
jobs.51job.com/all/co3458277.html
jobs.51job.com/all/co3761218.html
jobs.51job.com/all/co3761218.html
jobs.51job.com/all/co3761218.html
jobs.51job.com/all/co3761218.html
jobs.51job.com/all/co3761218.html
jobs.51job.com/all/co3761218.html
jobs.51job.com/all/co290053.html
jobs.51job.com/all/co4490584.html
jobs.51job.com/all/co2742055.html
jobs.51job.com/all/co2459343.html
jobs.51job.com/all/co4535677.html
jobs.51job.com/all/co4535677.html
jobs.51job.com/all/co4535677.html
jobs.51job.com/all/co3722635.html
jobs.51job.com/all/co3722635.html
jobs.51job.com/all/co3722635.html
jobs.51job.com/all/co3722635.html
jobs.51job.com/all/co3722635.html
jobs.51job.com/all/co2519851.html
jobs.51job.com/all/co3286044.html
jobs.51job.com/all/co3286044.html
jobs.51job.com/all/co4466436.html
jobs.51job.com/all/co2648574.html
jobs.51job.com/all/co3647715.html
jobs.51job.com/all/co2561436.html
jobs.51job.com/all/co2561436.html
jobs.51job.com/all/co2561436.html
jobs.51job.com/all/co2460539.html
jobs.51job.com/all/co4701629.html
jobs.51job.com/all/co4701629.html
jobs.51job.com/all/co2731965.html
jobs.51job.com/all/co3804738.html
jobs.51job.com/all/co4897683.html
jobs.51job.com/all/co4897683.html
jobs.51job.com/all/co2463864.html
jobs.51job.com/all/co2463864.html
jobs.51job.com/all/co2998999.html
jobs.51job.com/all/co2998999.html
jobs.51job.com/all/co2801651.html
jobs.51job.com/all/co3322217.html
jobs.51job.com/all/co2449300.html
jobs.51job.com/all/co2449300.html
jobs.51job.com/all/co2449300.html
jobs.51job.com/all/co3277150.html
jobs.51job.com/all/co3986086.html
jobs.51job.com/all/co3986086.html
jobs.51job.com/all/co4710905.html
jobs.51job.com/all/co4924839.html
jobs.51job.com/all/co4924839.html
jobs.51job.com/all/co4372662.html
jobs.51job.com/all/co4804971.html
jobs.51job.com/all/co4924839.html
jobs.51job.com/all/co2484856.html
jobs.51job.com/all/co3556913.html
jobs.51job.com/all/co3556913.html
jobs.51job.com/all/co3556913.html
jobs.51job.com/all/co3556913.html
jobs.51job.com/all/co3556913.html
jobs.51job.com/all/co3556913.html
jobs.51job.com/all/co2731682.html
jobs.51job.com/all/co2731682.html
jobs.51job.com/all/co2514134.html
jobs.51job.com/all/co2514134.html
jobs.51job.com/all/co2778529.html
jobs.51job.com/all/co4074052.html
jobs.51job.com/all/co4074052.html
jobs.51job.com/all/co4074052.html
jobs.51job.com/all/co2806511.html
jobs.51job.com/all/co2806511.html
jobs.51job.com/all/co2806511.html
jobs.51job.com/all/co2806511.html
jobs.51job.com/all/co2421654.html
jobs.51job.com/all/co2421654.html
jobs.51job.com/all/co2421654.html
jobs.51job.com/all/co2421654.html
jobs.51job.com/all/co2421654.html
jobs.51job.com/all/co2421654.html
jobs.51job.com/all/co2459948.html
jobs.51job.com/all/co4924839.html
jobs.51job.com/all/co2860765.html
jobs.51job.com/all/co3768063.html
jobs.51job.com/all/co2852904.html
jobs.51job.com/all/co2852904.html
jobs.51job.com/all/co2852904.html
jobs.51job.com/all/co3835275.html
jobs.51job.com/all/co3942553.html
jobs.51job.com/all/co2226528.html
jobs.51job.com/all/co4123620.html
jobs.51job.com/all/co4123620.html
jobs.51job.com/all/co4385480.html
jobs.51job.com/all/co3366666.html
jobs.51job.com/all/co4854780.html
jobs.51job.com/all/co4637310.html
jobs.51job.com/all/co2457215.html
jobs.51job.com/all/co4549564.html
jobs.51job.com/all/co2618311.html
jobs.51job.com/all/co2742055.html
jobs.51job.com/all/co4670418.html
jobs.51job.com/all/co3745787.html
jobs.51job.com/all/co2707366.html
jobs.51job.com/all/co2707366.html
jobs.51job.com/all/co4626314.html
jobs.51job.com/all/co4626314.html
jobs.51job.com/all/co4626314.html
jobs.51job.com/all/co3227904.html
jobs.51job.com/all/co4664845.html
jobs.51job.com/all/co2759738.html
jobs.51job.com/all/co2923183.html
jobs.51job.com/all/co3995618.html
jobs.51job.com/all/co3186341.html
jobs.51job.com/all/co3186341.html
jobs.51job.com/all/co3950416.html
jobs.51job.com/all/co4138645.html
jobs.51job.com/all/co4322735.html
jobs.51job.com/all/co3475373.html
jobs.51job.com/all/co2857093.html
jobs.51job.com/all/co3863356.html
jobs.51job.com/all/co4641586.html
jobs.51job.com/all/co4641586.html
jobs.51job.com/all/co4550574.html
jobs.51job.com/all/co3863036.html
jobs.51job.com/all/co4684549.html
jobs.51job.com/all/co3549242.html
jobs.51job.com/all/co4090260.html
jobs.51job.com/all/co4550574.html
jobs.51job.com/all/co4550574.html
jobs.51job.com/all/co4550574.html
jobs.51job.com/all/co4550574.html
jobs.51job.com/all/co4550574.html
jobs.51job.com/all/co4550574.html
jobs.51job.com/all/co4395252.html
jobs.51job.com/all/co4395252.html
jobs.51job.com/all/co4395252.html
jobs.51job.com/all/co3464815.html
jobs.51job.com/all/co3464815.html
jobs.51job.com/all/co3464815.html
jobs.51job.com/all/co3464815.html
jobs.51job.com/all/co3464815.html
jobs.51job.com/all/co4115527.html
jobs.51job.com/all/co3952737.html
jobs.51job.com/all/co4682090.html
jobs.51job.com/all/co3781842.html
jobs.51job.com/all/co3781842.html
jobs.51job.com/all/co4804971.html
jobs.51job.com/all/co2650799.html
jobs.51job.com/all/co3610872.html
jobs.51job.com/all/co3610872.html
jobs.51job.com/all/co2760462.html
jobs.51job.com/all/co2760462.html
jobs.51job.com/all/co4804971.html
jobs.51job.com/all/co3211164.html
jobs.51job.com/all/co4586463.html
jobs.51job.com/all/co3909628.html
jobs.51job.com/all/co3909628.html
jobs.51job.com/all/co3909628.html
jobs.51job.com/all/co4911800.html
jobs.51job.com/all/co4911800.html
jobs.51job.com/all/co4911800.html
jobs.51job.com/all/co106423.html
jobs.51job.com/all/co3253909.html
zjsj.51job.com/
jobs.51job.com/all/co2839758.html
jobs.51job.com/all/co2839758.html
jobs.51job.com/all/co4089570.html
jobs.51job.com/all/co4089570.html
jobs.51job.com/all/co3765851.html
jobs.51job.com/all/co4245691.html
jobs.51job.com/all/co4572049.html
jobs.51job.com/all/co4572049.html
jobs.51job.com/all/co4572049.html
jobs.51job.com/all/co4572049.html
jobs.51job.com/all/co2334017.html
jobs.51job.com/all/co4097545.html
jobs.51job.com/all/co4097545.html
jobs.51job.com/all/co3219618.html
jobs.51job.com/all/co3952737.html
jobs.51job.com/all/co3952737.html
jobs.51job.com/all/co2940605.html
jobs.51job.com/all/co4473033.html
jobs.51job.com/all/co4915984.html
jobs.51job.com/all/co4915984.html
jobs.51job.com/all/co4870204.html
jobs.51job.com/all/co4870204.html
jobs.51job.com/all/co4870204.html
jobs.51job.com/all/co3761218.html
jobs.51job.com/all/co4915932.html
jobs.51job.com/all/co4915932.html
jobs.51job.com/all/co4915932.html
jobs.51job.com/all/co4915932.html
jobs.51job.com/all/co569726.html
jobs.51job.com/all/co4763763.html
jobs.51job.com/all/co4862866.html
jobs.51job.com/all/co4916858.html
jobs.51job.com/all/co4916858.html
jobs.51job.com/all/co4867870.html
jobs.51job.com/all/co3453861.html
jobs.51job.com/all/co4936023.html
jobs.51job.com/all/co4936023.html
jobs.51job.com/all/co2737327.html
jobs.51job.com/all/co2561457.html
jobs.51job.com/all/co2561457.html
jobs.51job.com/all/co3691182.html
jobs.51job.com/all/co3691182.html
jobs.51job.com/all/co2556035.html
jobs.51job.com/all/co2556035.html
jobs.51job.com/all/co2556035.html
jobs.51job.com/all/co2556035.html
jobs.51job.com/all/co2556035.html
jobs.51job.com/all/co4821537.html
jobs.51job.com/all/co4821537.html
jobs.51job.com/all/co2594554.html
jobs.51job.com/all/co2594554.html
jobs.51job.com/all/co2594554.html
jobs.51job.com/all/co4453168.html
jobs.51job.com/all/co2219414.html
jobs.51job.com/all/co4397498.html
jobs.51job.com/all/co3918086.html
jobs.51job.com/all/co3918086.html
jobs.51job.com/all/co4111046.html
jobs.51job.com/all/co4111046.html
jobs.51job.com/all/co4111046.html
jobs.51job.com/all/co4111046.html
jobs.51job.com/all/co4111046.html
jobs.51job.com/all/co4111046.html
jobs.51job.com/all/co4111046.html
jobs.51job.com/all/co2172585.html
jobs.51job.com/all/co2054558.html
jobs.51job.com/all/co2790513.html
jobs.51job.com/all/co3761218.html
jobs.51job.com/all/co4909637.html
jobs.51job.com/all/co4909637.html
jobs.51job.com/all/co4902267.html
jobs.51job.com/all/co4902267.html
jobs.51job.com/all/co2830116.html
jobs.51job.com/all/co4670418.html
jobs.51job.com/all/co3970050.html
jobs.51job.com/all/co3970050.html
jobs.51job.com/all/co4902267.html
jobs.51job.com/all/co4902267.html
jobs.51job.com/all/co4902267.html
jobs.51job.com/all/co4902267.html
jobs.51job.com/all/co2954971.html
jobs.51job.com/all/co4397012.html
jobs.51job.com/all/co2895377.html
jobs.51job.com/all/co244442.html
jobs.51job.com/all/co3622580.html
jobs.51job.com/all/co3622580.html
jobs.51job.com/all/co3499828.html
jobs.51job.com/all/co3960251.html
sfzhaopin.51job.com
jobs.51job.com/all/co3370188.html
jobs.51job.com/all/co2285758.html
jobs.51job.com/all/co4891083.html
jobs.51job.com/all/co3033497.html
jobs.51job.com/all/co4709868.html
jobs.51job.com/all/co4709868.html
jobs.51job.com/all/co4709868.html
jobs.51job.com/all/co4709868.html
jobs.51job.com/all/co4709868.html
jobs.51job.com/all/co4709868.html
jobs.51job.com/all/co4709868.html
jobs.51job.com/all/co4709868.html
jobs.51job.com/all/co2486500.html
jobs.51job.com/all/co4789502.html
jobs.51job.com/all/co2916136.html
jobs.51job.com/all/co2916136.html
jobs.51job.com/all/co2916136.html
jobs.51job.com/all/co2916136.html
jobs.51job.com/all/co2916136.html
jobs.51job.com/all/co2916136.html
jobs.51job.com/all/co2916136.html
jobs.51job.com/all/co2916136.html
jobs.51job.com/all/co2916136.html
jobs.51job.com/all/co2916136.html
jobs.51job.com/all/co2916136.html
jobs.51job.com/all/co4605333.html
jobs.51job.com/all/co4007431.html
jobs.51job.com/all/co4627547.html
jobs.51job.com/all/co4045873.html
jobs.51job.com/all/co3910560.html
jobs.51job.com/all/co3910560.html
jobs.51job.com/all/co3910560.html
jobs.51job.com/all/co3910560.html
jobs.51job.com/all/co4127140.html
jobs.51job.com/all/co4127140.html
jobs.51job.com/all/co2486500.html
jobs.51job.com/all/co2486500.html
jobs.51job.com/all/co2486500.html
jobs.51job.com/all/co2486500.html
jobs.51job.com/all/co541422.html
jobs.51job.com/all/co4223717.html
jobs.51job.com/all/co2202048.html
jobs.51job.com/all/co2202048.html
jobs.51job.com/all/co4388032.html
jobs.51job.com/all/co2831164.html
jobs.51job.com/all/co2831164.html
jobs.51job.com/all/co2831164.html
jobs.51job.com/all/co2831164.html
jobs.51job.com/all/co4190428.html
jobs.51job.com/all/co3804535.html
jobs.51job.com/all/co4083087.html
jobs.51job.com/all/co2974573.html
jobs.51job.com/all/co4580415.html
jobs.51job.com/all/co4394385.html
jobs.51job.com/all/co3367380.html
jobs.51job.com/all/co3367380.html
jobs.51job.com/all/co4358343.html
jobs.51job.com/all/co4530454.html
jobs.51job.com/all/co4530454.html
jobs.51job.com/all/co4005257.html
jobs.51job.com/all/co4627547.html
jobs.51job.com/all/co3761218.html
jobs.51job.com/all/co4269835.html
jobs.51job.com/all/co4269835.html
jobs.51job.com/all/co4269835.html
jobs.51job.com/all/co4090260.html
jobs.51job.com/all/co2705303.html
jobs.51job.com/all/co3829839.html
jobs.51job.com/all/co4029909.html
jobs.51job.com/all/co3669287.html
jobs.51job.com/all/co3622580.html
jobs.51job.com/all/co3229108.html
jobs.51job.com/all/co3665552.html
jobs.51job.com/all/co4851849.html
jobs.51job.com/all/co3669287.html
jobs.51job.com/all/co2220020.html
jobs.51job.com/all/co4869345.html
jobs.51job.com/all/co2967833.html
jobs.51job.com/all/co4523897.html
jobs.51job.com/all/co4523897.html
jobs.51job.com/all/co4523897.html
jobs.51job.com/all/co4523897.html
jobs.51job.com/all/co4523897.html
jobs.51job.com/all/co4523897.html
jobs.51job.com/all/co4523897.html
jobs.51job.com/all/co4523897.html
jobs.51job.com/all/co4089549.html
jobs.51job.com/all/co2618361.html
jobs.51job.com/all/co4483680.html
jobs.51job.com/all/co2476421.html
jobs.51job.com/all/co2476421.html
jobs.51job.com/all/co4496690.html
jobs.51job.com/all/co111336.html
jobs.51job.com/all/co2475676.html
jobs.51job.com/all/co2475676.html
jobs.51job.com/all/co2475676.html
jobs.51job.com/all/co2475676.html
jobs.51job.com/all/co4878869.html
jobs.51job.com/all/co2487259.html
jobs.51job.com/all/co4483680.html
jobs.51job.com/all/co4483680.html
jobs.51job.com/all/co4483680.html
jobs.51job.com/all/co2737327.html
jobs.51job.com/all/co1371530.html
jobs.51job.com/all/co4026681.html
jobs.51job.com/all/co2533917.html
jobs.51job.com/all/co4867064.html
jobs.51job.com/all/co3956149.html
jobs.51job.com/all/co4867878.html
jobs.51job.com/all/co3912342.html
jobs.51job.com/all/co3728521.html
jobs.51job.com/all/co3728521.html
jobs.51job.com/all/co3900814.html
jobs.51job.com/all/co3900814.html
jobs.51job.com/all/co4654920.html
jobs.51job.com/all/co2011512.html
jobs.51job.com/all/co2011512.html
jobs.51job.com/all/co2011512.html
jobs.51job.com/all/co4670418.html
jobs.51job.com/all/co4154999.html
jobs.51job.com/all/co4154999.html
jobs.51job.com/all/co4154999.html
jobs.51job.com/all/co4154999.html
jobs.51job.com/all/co4068753.html
jobs.51job.com/all/co2346531.html
jobs.51job.com/all/co2346531.html
jobs.51job.com/all/co2346531.html
jobs.51job.com/all/co3995618.html
jobs.51job.com/all/co2466128.html
jobs.51job.com/all/co290053.html
jobs.51job.com/all/co2084868.html
jobs.51job.com/all/co3912342.html
jobs.51job.com/all/co2579409.html
jobs.51job.com/all/co2579409.html
jobs.51job.com/all/co4068409.html
jobs.51job.com/all/co4068409.html
jobs.51job.com/all/co4673922.html
jobs.51job.com/all/co4673922.html
jobs.51job.com/all/co3761218.html
jobs.51job.com/all/co4483680.html
jobs.51job.com/all/co4483680.html
jobs.51job.com/all/co4483680.html
jobs.51job.com/all/co4738033.html
jobs.51job.com/all/co2014057.html
jobs.51job.com/all/co4209296.html
jobs.51job.com/all/co144117.html
jobs.51job.com/all/co3059729.html
jobs.51job.com/all/co3059729.html
jobs.51job.com/all/co3059729.html
jobs.51job.com/all/co3059729.html
jobs.51job.com/all/co3059729.html
jobs.51job.com/all/co3059729.html
jobs.51job.com/all/co3996558.html
jobs.51job.com/all/co3996558.html
jobs.51job.com/all/co3996558.html
jobs.51job.com/all/co3996558.html
jobs.51job.com/all/co4676706.html
jobs.51job.com/all/co4676706.html
jobs.51job.com/all/co4676706.html
jobs.51job.com/all/co3144984.html
jobs.51job.com/all/co2537537.html
jobs.51job.com/all/co2562178.html
jobs.51job.com/all/co2562178.html
jobs.51job.com/all/co2562178.html
jobs.51job.com/all/co2562178.html
jobs.51job.com/all/co2562178.html
jobs.51job.com/all/co2562178.html
jobs.51job.com/all/co2562178.html
jobs.51job.com/all/co2562178.html
jobs.51job.com/all/co2562178.html
jobs.51job.com/all/co2562178.html
jobs.51job.com/all/co2562178.html
jobs.51job.com/all/co2562178.html
jobs.51job.com/all/co2562178.html
jobs.51job.com/all/co2562178.html
jobs.51job.com/all/co2562178.html
jobs.51job.com/all/co2562178.html
jobs.51job.com/all/co2562178.html
jobs.51job.com/all/co2562178.html
jobs.51job.com/all/co2562178.html
jobs.51job.com/all/co2562178.html
jobs.51job.com/all/co2562178.html
jobs.51job.com/all/co4269835.html
jobs.51job.com/all/co4649616.html
jobs.51job.com/all/co3915828.html
jobs.51job.com/all/co4245691.html
jobs.51job.com/all/co4866965.html
jobs.51job.com/all/co4866965.html
jobs.51job.com/all/co3872742.html
jobs.51job.com/all/co3872742.html
jobs.51job.com/all/co3872742.html
jobs.51job.com/all/co4860063.html
jobs.51job.com/all/co2706800.html
jobs.51job.com/all/co3833343.html
jobs.51job.com/all/co2743314.html
jobs.51job.com/all/co3155866.html
jobs.51job.com/all/co3155866.html
jobs.51job.com/all/co3155866.html
jobs.51job.com/all/co3155866.html
jobs.51job.com/all/co3155866.html
jobs.51job.com/all/co3155866.html
jobs.51job.com/all/co4565778.html
jobs.51job.com/all/co4565778.html
jobs.51job.com/all/co4385480.html
jobs.51job.com/all/co4818424.html
jobs.51job.com/all/co4818424.html
jobs.51job.com/all/co4818424.html
jobs.51job.com/all/co4818424.html
jobs.51job.com/all/co4818424.html
jobs.51job.com/all/co4818424.html
jobs.51job.com/all/co4818424.html
jobs.51job.com/all/co4818424.html
jobs.51job.com/all/co4818424.html
jobs.51job.com/all/co4818424.html
jobs.51job.com/all/co4818424.html
jobs.51job.com/all/co2790513.html
jobs.51job.com/all/co3922892.html
jobs.51job.com/all/co3519114.html
jobs.51job.com/all/co4739462.html
jobs.51job.com/all/co4253221.html
jobs.51job.com/all/co2830116.html
jobs.51job.com/all/co2658094.html
jobs.51job.com/all/co2546282.html
jobs.51job.com/all/co3359498.html
jobs.51job.com/all/co4268431.html
jobs.51job.com/all/co4268431.html
jobs.51job.com/all/co2618311.html
jobs.51job.com/all/co2872840.html
jobs.51job.com/all/co2872840.html
jobs.51job.com/all/co2872840.html
jobs.51job.com/all/co2872840.html
jobs.51job.com/all/co2519851.html
jobs.51job.com/all/co2648574.html
jobs.51job.com/all/co4660661.html
jobs.51job.com/all/co4660661.html
jobs.51job.com/all/co3743085.html
jobs.51job.com/all/co3449533.html
jobs.51job.com/all/co2025144.html
jobs.51job.com/all/co3335027.html
jobs.51job.com/all/co4089570.html
jobs.51job.com/all/co3497820.html
jobs.51job.com/all/co2848593.html
jobs.51job.com/all/co3669287.html
jobs.51job.com/all/co4653489.html
jobs.51job.com/all/co3347071.html
jobs.51job.com/all/co3805420.html
jobs.51job.com/all/co3805420.html
jobs.51job.com/all/co3805420.html
jobs.51job.com/all/co3805420.html
jobs.51job.com/all/co3805420.html
jobs.51job.com/all/co3805420.html
jobs.51job.com/all/co3805420.html
