jobs.51job.com/all/co3053439.html
jobs.51job.com/all/co849318.html
jobs.51job.com/all/co3541317.html
jobs.51job.com/all/co3053870.html
jobs.51job.com/all/co2687393.html
jobs.51job.com/all/co4064091.html
jobs.51job.com/all/co2560937.html
jobs.51job.com/all/co3463308.html
jobs.51job.com/all/co4948394.html
jobs.51job.com/all/co2008163.html
jobs.51job.com/all/co432968.html
jobs.51job.com/all/co4762296.html
jobs.51job.com/all/co600206.html
jobs.51job.com/all/co4016963.html
jobs.51job.com/all/co2605127.html
jobs.51job.com/all/co3694705.html
jobs.51job.com/all/co4412227.html
jobs.51job.com/all/co4942510.html
jobs.51job.com/all/co4549454.html
jobs.51job.com/all/co3240373.html
jobs.51job.com/all/co3259874.html
jobs.51job.com/all/co2125053.html
jobs.51job.com/all/co3591900.html
jobs.51job.com/all/co309575.html
jobs.51job.com/all/co4947512.html
jobs.51job.com/all/co3335036.html
jobs.51job.com/all/co2750862.html
jobs.51job.com/all/co3153132.html
jobs.51job.com/all/co4793752.html
cji.51job.com/fz.php?coid=2686259
jobs.51job.com/all/co1203887.html
jobs.51job.com/all/co4389697.html
jobs.51job.com/all/co2857747.html
jobs.51job.com/all/co3257509.html
jobs.51job.com/all/co4458987.html
jobs.51job.com/all/co2827816.html
jobs.51job.com/all/co3167127.html
jobs.51job.com/all/co2286712.html
jobs.51job.com/all/co3146459.html
jobs.51job.com/all/co2362844.html
jobs.51job.com/all/co1986683.html
jobs.51job.com/all/co2235307.html
jobs.51job.com/all/co3537644.html
jobs.51job.com/all/co4919491.html
jobs.51job.com/all/co2671955.html
jobs.51job.com/all/co3457673.html
jobs.51job.com/all/co179932.html
jobs.51job.com/all/co2861852.html
jobs.51job.com/all/co342095.html
jobs.51job.com/all/co4522563.html
jobs.51job.com/all/co4866301.html
jobs.51job.com/all/co3730232.html
jobs.51job.com/all/co2430028.html
jobs.51job.com/all/co3644269.html
jobs.51job.com/all/co2239371.html
jobs.51job.com/all/co4932994.html
jobs.51job.com/all/co4350151.html
jobs.51job.com/all/co4260607.html
jobs.51job.com/all/co3977721.html
jobs.51job.com/all/co3829587.html
jobs.51job.com/all/co4118459.html
jobs.51job.com/all/co3929902.html
jobs.51job.com/all/co4873623.html
jobs.51job.com/all/co266976.html
jobs.51job.com/all/co1185005.html
jobs.51job.com/all/co258998.html
jobs.51job.com/all/co4564246.html
jobs.51job.com/all/co4561353.html
jobs.51job.com/all/co2507622.html
jobs.51job.com/all/co4644182.html
jobs.51job.com/all/co2654408.html
jobs.51job.com/all/co2976044.html
jobs.51job.com/all/co2554037.html
jobs.51job.com/all/co2547682.html
jobs.51job.com/all/co4724720.html
bsh.51job.com/
jobs.51job.com/all/co1563754.html
jobs.51job.com/all/co4675055.html
jobs.51job.com/all/co3743752.html
jobs.51job.com/all/co3017972.html
jobs.51job.com/all/co4794835.html
jobs.51job.com/all/co4820488.html
jobs.51job.com/all/co2008636.html
jobs.51job.com/all/co2651141.html
jobs.51job.com/all/co4718421.html
jobs.51job.com/all/co2456198.html
jobs.51job.com/all/co2895483.html
jobs.51job.com/all/co3429040.html
jobs.51job.com/all/co4069513.html
jobs.51job.com/all/co3995369.html
jobs.51job.com/all/co2435792.html
jobs.51job.com/all/co2340124.html
jobs.51job.com/all/co2089675.html
jobs.51job.com/all/co193733.html
jobs.51job.com/all/co2237051.html
jobs.51job.com/all/co3051327.html
jobs.51job.com/all/co4453074.html
jobs.51job.com/all/co2801045.html
jobs.51job.com/all/co4114677.html
jobs.51job.com/all/co3172151.html
jobs.51job.com/all/co4899632.html
jobs.51job.com/all/co4863459.html
jobs.51job.com/all/co3398796.html
jobs.51job.com/all/co4268403.html
jobs.51job.com/all/co303514.html
jobs.51job.com/all/co4256597.html
jobs.51job.com/all/co3922427.html
jobs.51job.com/all/co3806566.html
jobs.51job.com/all/co4828478.html
jobs.51job.com/all/co3435769.html
jobs.51job.com/all/co3491553.html
jobs.51job.com/all/co4746679.html
jobs.51job.com/all/co2342829.html
jobs.51job.com/all/co2755334.html
jobs.51job.com/all/co3529975.html
jobs.51job.com/all/co4901899.html
jobs.51job.com/all/co4382014.html
jobs.51job.com/all/co3411454.html
jobs.51job.com/all/co270660.html
jobs.51job.com/all/co4538700.html
jobs.51job.com/all/co2463499.html
jobs.51job.com/all/co3136145.html
jobs.51job.com/all/co4419177.html
jobs.51job.com/all/co3119442.html
jobs.51job.com/all/co3535470.html
jobs.51job.com/all/co4327933.html
jobs.51job.com/all/co4446533.html
jobs.51job.com/all/co3741445.html
jobs.51job.com/all/co4438254.html
jobs.51job.com/all/co2938607.html
jobs.51job.com/all/co2310334.html
jobs.51job.com/all/co4912667.html
jobs.51job.com/all/co143367.html
jobs.51job.com/all/co3879263.html
jobs.51job.com/all/co4728551.html
jobs.51job.com/all/co2920225.html
jobs.51job.com/all/co3319442.html
jobs.51job.com/all/co4504614.html
jobs.51job.com/all/co2912948.html
jobs.51job.com/all/co4618570.html
jobs.51job.com/all/co3706330.html
jobs.51job.com/all/co4697245.html
jobs.51job.com/all/co2623771.html
jobs.51job.com/all/co2430011.html
jobs.51job.com/all/co4914640.html
jobs.51job.com/all/co4436416.html
jobs.51job.com/all/co2092329.html
jobs.51job.com/all/co3992768.html
jobs.51job.com/all/co4212701.html
jobs.51job.com/all/co4517059.html
jobs.51job.com/all/co3652486.html
jobs.51job.com/all/co2521357.html
jobs.51job.com/all/co3993022.html
jobs.51job.com/all/co253648.html
jobs.51job.com/all/co2560668.html
jobs.51job.com/all/co4868930.html
jobs.51job.com/all/co3980761.html
jobs.51job.com/all/co2802105.html
jobs.51job.com/all/co440405.html
jobs.51job.com/all/co4781466.html
jobs.51job.com/all/co4631517.html
jobs.51job.com/all/co3286604.html
jobs.51job.com/all/co270712.html
jobs.51job.com/all/co4673435.html
jobs.51job.com/all/co4904586.html
jobs.51job.com/all/co2712009.html
jobs.51job.com/all/co2688941.html
jobs.51job.com/all/co4655895.html
jobs.51job.com/all/co4690867.html
jobs.51job.com/all/co4270062.html
jobs.51job.com/all/co4358087.html
jobs.51job.com/all/co3728888.html
jobs.51job.com/all/co1387259.html
jobs.51job.com/all/co4148163.html
jobs.51job.com/all/co2579466.html
jobs.51job.com/all/co3452533.html
jobs.51job.com/all/co4518048.html
jobs.51job.com/all/co2848957.html
jobs.51job.com/all/co4925386.html
jobs.51job.com/all/co3913432.html
jobs.51job.com/all/co3066007.html
jobs.51job.com/all/co3085842.html
jobs.51job.com/all/co3730379.html
jobs.51job.com/all/co307175.html
jobs.51job.com/all/co2863649.html
jobs.51job.com/all/co2552041.html
jobs.51job.com/all/co4938869.html
jobs.51job.com/all/co2913269.html
jobs.51job.com/all/co3384085.html
jobs.51job.com/all/co2615623.html
jobs.51job.com/all/co3410069.html
jobs.51job.com/all/co4875485.html
jobs.51job.com/all/co2008188.html
jobs.51job.com/all/co4944879.html
cji.51job.com/fz.php?coid=2686232
jobs.51job.com/all/co3078312.html
jobs.51job.com/all/co2603396.html
jobs.51job.com/all/co3981767.html
jobs.51job.com/all/co4528040.html
jobs.51job.com/all/co964818.html
jobs.51job.com/all/co2117069.html
jobs.51job.com/all/co4459390.html
jobs.51job.com/all/co3662378.html
jobs.51job.com/all/co4936195.html
jobs.51job.com/all/co3273590.html
jobs.51job.com/all/co4620688.html
jobs.51job.com/all/co3272268.html
jobs.51job.com/all/co4676158.html
jobs.51job.com/all/co3301460.html
jobs.51job.com/all/co3645981.html
jobs.51job.com/all/co4800498.html
jobs.51job.com/all/co2577209.html
jobs.51job.com/all/co2311039.html
jobs.51job.com/all/co4456208.html
jobs.51job.com/all/co2387819.html
jobs.51job.com/all/co2763987.html
jobs.51job.com/all/co2523838.html
jobs.51job.com/all/co4209910.html
jobs.51job.com/all/co3276277.html
jobs.51job.com/all/co3051949.html
jobs.51job.com/all/co3545829.html
jobs.51job.com/all/co2200883.html
jobs.51job.com/all/co4176762.html
jobs.51job.com/all/co2982335.html
jobs.51job.com/all/co4233560.html
jobs.51job.com/all/co1101380.html
jobs.51job.com/all/co2711185.html
jobs.51job.com/all/co2460539.html
jobs.51job.com/all/co2569061.html
jobs.51job.com/all/co4326936.html
jobs.51job.com/all/co2399786.html
jobs.51job.com/all/co4228624.html
jobs.51job.com/all/co3936965.html
jobs.51job.com/all/co3022687.html
jobs.51job.com/all/co4923641.html
jobs.51job.com/all/co2650090.html
jobs.51job.com/all/co3894021.html
jobs.51job.com/all/co4523050.html
jobs.51job.com/all/co2951078.html
jobs.51job.com/all/co3949190.html
jobs.51job.com/all/co2937631.html
jobs.51job.com/all/co4306913.html
jobs.51job.com/all/co4301585.html
jobs.51job.com/all/co4765291.html
jobs.51job.com/all/co4281910.html
jobs.51job.com/all/co4155379.html
jobs.51job.com/all/co4646659.html
jobs.51job.com/all/co3859176.html
jobs.51job.com/all/co2289234.html
jobs.51job.com/all/co2667894.html
jobs.51job.com/all/co3833785.html
jobs.51job.com/all/co3531421.html
jobs.51job.com/all/co3905850.html
jobs.51job.com/all/co4084394.html
jobs.51job.com/all/co4255797.html
jobs.51job.com/all/co4326851.html
jobs.51job.com/all/co3635002.html
jobs.51job.com/all/co4144085.html
jobs.51job.com/all/co2809616.html
jobs.51job.com/all/co3742665.html
jobs.51job.com/all/co4667481.html
jobs.51job.com/all/co4649183.html
jobs.51job.com/all/co204493.html
jobs.51job.com/all/co3951254.html
jobs.51job.com/all/co3952750.html
jobs.51job.com/all/co307379.html
jobs.51job.com/all/co108920.html
jobs.51job.com/all/co2762237.html
jobs.51job.com/all/co2396205.html
jobs.51job.com/all/co4109456.html
jobs.51job.com/all/co2521935.html
jobs.51job.com/all/co2965088.html
jobs.51job.com/all/co3759714.html
jobs.51job.com/all/co2993567.html
jobs.51job.com/all/co4817503.html
jobs.51job.com/all/co4214877.html
jobs.51job.com/all/co3137156.html
jobs.51job.com/all/co3209813.html
jobs.51job.com/all/co2481261.html
jobs.51job.com/all/co4032228.html
jobs.51job.com/all/co4460021.html
jobs.51job.com/all/co2942452.html
jobs.51job.com/all/co4698303.html
jobs.51job.com/all/co4255856.html
jobs.51job.com/all/co4099993.html
jobs.51job.com/all/co4484800.html
jobs.51job.com/all/co3317009.html
jobs.51job.com/all/co3369913.html
jobs.51job.com/all/co4578366.html
jobs.51job.com/all/co2729272.html
jobs.51job.com/all/co2951086.html
jobs.51job.com/all/co3901647.html
jobs.51job.com/all/co3517434.html
jobs.51job.com/all/co3009718.html
jobs.51job.com/all/co4540866.html
jobs.51job.com/all/co2656989.html
jobs.51job.com/all/co1224397.html
jobs.51job.com/all/co2997442.html
jobs.51job.com/all/co2120748.html
jobs.51job.com/all/co4789167.html
jobs.51job.com/all/co3225720.html
jobs.51job.com/all/co4577148.html
jobs.51job.com/all/co3749880.html
jobs.51job.com/all/co2523203.html
jobs.51job.com/all/co3498459.html
jobs.51job.com/all/co4486591.html
jobs.51job.com/all/co3710494.html
jobs.51job.com/all/co4855704.html
jobs.51job.com/all/co3174331.html
jobs.51job.com/all/co4792985.html
jobs.51job.com/all/co4800504.html
jobs.51job.com/all/co4800471.html
jobs.51job.com/all/co4658637.html
jobs.51job.com/all/co4427507.html
jobs.51job.com/all/co316507.html
jobs.51job.com/all/co2604205.html
jobs.51job.com/all/co4800706.html
jobs.51job.com/all/co4156164.html
jobs.51job.com/all/co3734002.html
jobs.51job.com/all/co4253687.html
jobs.51job.com/all/co4523669.html
jobs.51job.com/all/co3834445.html
jobs.51job.com/all/co1762862.html
jobs.51job.com/all/co2805973.html
jobs.51job.com/all/co450910.html
jobs.51job.com/all/co3245867.html
jobs.51job.com/all/co3369004.html
jobs.51job.com/all/co2638071.html
jobs.51job.com/all/co4811988.html
jobs.51job.com/all/co3790055.html
jobs.51job.com/all/co4855194.html
jobs.51job.com/all/co3583164.html
jobs.51job.com/all/co2525422.html
jobs.51job.com/all/co4898134.html
jobs.51job.com/all/co3265157.html
jobs.51job.com/all/co3304299.html
jobs.51job.com/all/co4546709.html
jobs.51job.com/all/co2743019.html
jobs.51job.com/all/co3617975.html
jobs.51job.com/all/co3939677.html
jobs.51job.com/all/co135210.html
jobs.51job.com/all/co3374762.html
jobs.51job.com/all/co4570029.html
jobs.51job.com/all/co4788665.html
jobs.51job.com/all/co4089525.html
jobs.51job.com/all/co3064561.html
jobs.51job.com/all/co3441445.html
jobs.51job.com/all/co2865287.html
jobs.51job.com/all/co3513592.html
jobs.51job.com/all/co4015857.html
jobs.51job.com/all/co3964212.html
jobs.51job.com/all/co4862353.html
jobs.51job.com/all/co3613050.html
jobs.51job.com/all/co4871180.html
jobs.51job.com/all/co3285478.html
jobs.51job.com/all/co4336692.html
jobs.51job.com/all/co4245196.html
jobs.51job.com/all/co3867430.html
jobs.51job.com/all/co3961680.html
jobs.51job.com/all/co2317674.html
jobs.51job.com/all/co4658153.html
jobs.51job.com/all/co4266663.html
jobs.51job.com/all/co2496502.html
jobs.51job.com/all/co279932.html
jobs.51job.com/all/co2568950.html
jobs.51job.com/all/co4311695.html
jobs.51job.com/all/co4513291.html
jobs.51job.com/all/co4749161.html
jobs.51job.com/all/co365053.html
jobs.51job.com/all/co4847314.html
jobs.51job.com/all/co2251255.html
jobs.51job.com/all/co3107287.html
jobs.51job.com/all/co4848394.html
jobs.51job.com/all/co4659372.html
jobs.51job.com/all/co3538943.html
jobs.51job.com/all/co3160856.html
jobs.51job.com/all/co2220020.html
jobs.51job.com/all/co3704930.html
jobs.51job.com/all/co2566447.html
jobs.51job.com/all/co3061182.html
jobs.51job.com/all/co3866744.html
jobs.51job.com/all/co3201186.html
jobs.51job.com/all/co3748306.html
jobs.51job.com/all/co2776296.html
jobs.51job.com/all/co4924183.html
jobs.51job.com/all/co4160355.html
jobs.51job.com/all/co4273933.html
jobs.51job.com/all/co4081446.html
jobs.51job.com/all/co3668658.html
jobs.51job.com/all/co2059233.html
jobs.51job.com/all/co3000745.html
jobs.51job.com/all/co4410300.html
jobs.51job.com/all/co4710637.html
jobs.51job.com/all/co2368835.html
jobs.51job.com/all/co2416443.html
jobs.51job.com/all/co4354913.html
jobs.51job.com/all/co2044036.html
jobs.51job.com/all/co4906479.html
jobs.51job.com/all/co4118099.html
jobs.51job.com/all/co4397791.html
jobs.51job.com/all/co3711929.html
jobs.51job.com/all/co4103551.html
jobs.51job.com/all/co2898089.html
jobs.51job.com/all/co2524317.html
jobs.51job.com/all/co4932780.html
jobs.51job.com/all/co3800324.html
jobs.51job.com/all/co3474373.html
jobs.51job.com/all/co2512936.html
jobs.51job.com/all/co3777524.html
jobs.51job.com/all/co423174.html
jobs.51job.com/all/co2379331.html
jobs.51job.com/all/co4668049.html
jobs.51job.com/all/co3938049.html
jobs.51job.com/all/co4215391.html
jobs.51job.com/all/co3267470.html
jobs.51job.com/all/co3393428.html
jobs.51job.com/all/co3618264.html
jobs.51job.com/all/co4472218.html
jobs.51job.com/all/co3619008.html
jobs.51job.com/all/co3235351.html
jobs.51job.com/all/co2390934.html
jobs.51job.com/all/co4199862.html
jobs.51job.com/all/co3291644.html
jobs.51job.com/all/co2924567.html
jobs.51job.com/all/co3842019.html
jobs.51job.com/all/co4913935.html
jobs.51job.com/all/co3807680.html
jobs.51job.com/all/co4068897.html
jobs.51job.com/all/co4850180.html
jobs.51job.com/all/co4062398.html
jobs.51job.com/all/co4419552.html
jobs.51job.com/all/co3096755.html
jobs.51job.com/all/co3318725.html
jobs.51job.com/all/co2698558.html
jobs.51job.com/all/co2855075.html
jobs.51job.com/all/co4228057.html
jobs.51job.com/all/co2639068.html
jobs.51job.com/all/co268762.html
jobs.51job.com/all/co2778228.html
jobs.51job.com/all/co3392865.html
jobs.51job.com/all/co4268983.html
jobs.51job.com/all/co2484524.html
jobs.51job.com/all/co3839866.html
jobs.51job.com/all/co3193296.html
jobs.51job.com/all/co3276473.html
jobs.51job.com/all/co4346926.html
jobs.51job.com/all/co2959425.html
jobs.51job.com/all/co2104287.html
jobs.51job.com/all/co2212711.html
jobs.51job.com/all/co3301837.html
jobs.51job.com/all/co2599744.html
jobs.51job.com/all/co3464052.html
jobs.51job.com/all/co4098930.html
jobs.51job.com/all/co2273277.html
jobs.51job.com/all/co4932571.html
jobs.51job.com/all/co3836388.html
jobs.51job.com/all/co2898954.html
jobs.51job.com/all/co4631447.html
jobs.51job.com/all/co2728705.html
jobs.51job.com/all/co2628868.html
jobs.51job.com/all/co572820.html
jobs.51job.com/all/co2638420.html
jobs.51job.com/all/co3428169.html
jobs.51job.com/all/co1997504.html
jobs.51job.com/all/co4871042.html
jobs.51job.com/all/co4111076.html
jobs.51job.com/all/co3637071.html
jobs.51job.com/all/co2401527.html
jobs.51job.com/all/co4243437.html
jobs.51job.com/all/co4186296.html
jobs.51job.com/all/co2221771.html
jobs.51job.com/all/co4533526.html
jobs.51job.com/all/co258421.html
jobs.51job.com/all/co2462136.html
jobs.51job.com/all/co3041686.html
jobs.51job.com/all/co2199993.html
jobs.51job.com/all/co4064876.html
jobs.51job.com/all/co558351.html
jobs.51job.com/all/co2064481.html
jobs.51job.com/all/co2073674.html
jobs.51job.com/all/co2815804.html
jobs.51job.com/all/co4421209.html
jobs.51job.com/all/co4535651.html
jobs.51job.com/all/co2908476.html
jobs.51job.com/all/co4647760.html
jobs.51job.com/all/co3987003.html
jobs.51job.com/all/co4453662.html
jobs.51job.com/all/co4286121.html
jobs.51job.com/all/co4771061.html
jobs.51job.com/all/co2956431.html
jobs.51job.com/all/co3840982.html
jobs.51job.com/all/co3535200.html
jobs.51job.com/all/co3839206.html
jobs.51job.com/all/co2675137.html
jobs.51job.com/all/co268532.html
jobs.51job.com/all/co2114692.html
jobs.51job.com/all/co2442572.html
jobs.51job.com/all/co2776908.html
jobs.51job.com/all/co4443755.html
jobs.51job.com/all/co2357700.html
jobs.51job.com/all/co3293109.html
jobs.51job.com/all/co2659906.html
jobs.51job.com/all/co4287755.html
jobs.51job.com/all/co2001321.html
jobs.51job.com/all/co3224570.html
jobs.51job.com/all/co4313543.html
jobs.51job.com/all/co4737071.html
jobs.51job.com/all/co2269239.html
jobs.51job.com/all/co3646368.html
jobs.51job.com/all/co3068617.html
jobs.51job.com/all/co2573203.html
jobs.51job.com/all/co2437172.html
jobs.51job.com/all/co4318732.html
jobs.51job.com/all/co3846208.html
jobs.51job.com/all/co2831008.html
jobs.51job.com/all/co4347710.html
jobs.51job.com/all/co2589846.html
jobs.51job.com/all/co4572866.html
jobs.51job.com/all/co2952232.html
jobs.51job.com/all/co4892372.html
jobs.51job.com/all/co565296.html
jobs.51job.com/all/co4935551.html
jobs.51job.com/all/co2708950.html
jobs.51job.com/all/co916104.html
jobs.51job.com/all/co3135215.html
jobs.51job.com/all/co4215369.html
jobs.51job.com/all/co3768172.html
jobs.51job.com/all/co378082.html
jobs.51job.com/all/co3253920.html
jobs.51job.com/all/co2741015.html
jobs.51job.com/all/co4599270.html
jobs.51job.com/all/co571346.html
jobs.51job.com/all/co4867568.html
jobs.51job.com/all/co4240433.html
jobs.51job.com/all/co2073812.html
jobs.51job.com/all/co3328659.html
jobs.51job.com/all/co4661185.html
jobs.51job.com/all/co3251768.html
jobs.51job.com/all/co2417508.html
jobs.51job.com/all/co4522408.html
jobs.51job.com/all/co4396676.html
jobs.51job.com/all/co2235293.html
jobs.51job.com/all/co3311666.html
jobs.51job.com/all/co3949585.html
jobs.51job.com/all/co3229404.html
jobs.51job.com/all/co4262226.html
jobs.51job.com/all/co4252594.html
cofco.51job.com/cm4.php
jobs.51job.com/all/co3819251.html
jobs.51job.com/all/co2810300.html
jobs.51job.com/all/co3821194.html
jobs.51job.com/all/co3075438.html
jobs.51job.com/all/co4929194.html
jobs.51job.com/all/co3406044.html
jobs.51job.com/all/co3817840.html
jobs.51job.com/all/co1985234.html
jobs.51job.com/all/co3641942.html
jobs.51job.com/all/co4570618.html
jobs.51job.com/all/co3230101.html
jobs.51job.com/all/co4609088.html
jobs.51job.com/all/co2874693.html
jobs.51job.com/all/co3370725.html
jobs.51job.com/all/co4628879.html
jobs.51job.com/all/co202947.html
jobs.51job.com/all/co3191779.html
jobs.51job.com/all/co3947155.html
jobs.51job.com/all/co4081163.html
jobs.51job.com/all/co2021666.html
jobs.51job.com/all/co2907794.html
jobs.51job.com/all/co3448248.html
jobs.51job.com/all/co2297209.html
jobs.51job.com/all/co2231482.html
jobs.51job.com/all/co2858490.html
jobs.51job.com/all/co4192929.html
jobs.51job.com/all/co3157138.html
jobs.51job.com/all/co3256407.html
jobs.51job.com/all/co2417103.html
jobs.51job.com/all/co2746700.html
jobs.51job.com/all/co3831775.html
jobs.51job.com/all/co3541980.html
jobs.51job.com/all/co2949711.html
jobs.51job.com/all/co3187111.html
jobs.51job.com/all/co3089554.html
jobs.51job.com/all/co2855301.html
jobs.51job.com/all/co2392551.html
jobs.51job.com/all/co3531807.html
jobs.51job.com/all/co459941.html
jobs.51job.com/all/co3427447.html
jobs.51job.com/all/co3570294.html
jobs.51job.com/all/co4265666.html
jobs.51job.com/all/co2988356.html
jobs.51job.com/all/co4768596.html
jobs.51job.com/all/co4866990.html
jobs.51job.com/all/co3334357.html
jobs.51job.com/all/co4340744.html
jobs.51job.com/all/co4767731.html
jobs.51job.com/all/co4409748.html
jobs.51job.com/all/co4290118.html
jobs.51job.com/all/co186140.html
jobs.51job.com/all/co2527429.html
jobs.51job.com/all/co4729864.html
jobs.51job.com/all/co4055981.html
jobs.51job.com/all/co3206453.html
jobs.51job.com/all/co3890468.html
jobs.51job.com/all/co2607125.html
jobs.51job.com/all/co2952261.html
jobs.51job.com/all/co4229747.html
jobs.51job.com/all/co4266266.html
jobs.51job.com/all/co3250081.html
jobs.51job.com/all/co4187393.html
jobs.51job.com/all/co3240357.html
jobs.51job.com/all/co2847122.html
jobs.51job.com/all/co3227573.html
jobs.51job.com/all/co1629028.html
jobs.51job.com/all/co2893375.html
jobs.51job.com/all/co2902109.html
jobs.51job.com/all/co3155490.html
jobs.51job.com/all/co4449727.html
jobs.51job.com/all/co2226837.html
jobs.51job.com/all/co2912588.html
jobs.51job.com/all/co3493850.html
jobs.51job.com/all/co4947175.html
jobs.51job.com/all/co4701050.html
jobs.51job.com/all/co3057923.html
jobs.51job.com/all/co3713363.html
jobs.51job.com/all/co3414260.html
jobs.51job.com/all/co4868666.html
jobs.51job.com/all/co3625041.html
jobs.51job.com/all/co3198643.html
jobs.51job.com/all/co4678546.html
jobs.51job.com/all/co1996036.html
jobs.51job.com/all/co4796218.html
jobs.51job.com/all/co4375206.html
jobs.51job.com/all/co4903858.html
jobs.51job.com/all/co3860133.html
jobs.51job.com/all/co4423782.html
jobs.51job.com/all/co2829907.html
jobs.51job.com/all/co312041.html
jobs.51job.com/all/co2648326.html
jobs.51job.com/all/co4388975.html
jobs.51job.com/all/co4145882.html
jobs.51job.com/all/co4416712.html
jobs.51job.com/all/co1329752.html
jobs.51job.com/all/co3387613.html
jobs.51job.com/all/co3187191.html
jobs.51job.com/all/co133415.html
jobs.51job.com/all/co4014087.html
jobs.51job.com/all/co2852268.html
jobs.51job.com/all/co3853634.html
jobs.51job.com/all/co2596050.html
jobs.51job.com/all/co2712030.html
jobs.51job.com/all/co4274944.html
jobs.51job.com/all/co3930054.html
jobs.51job.com/all/co4251566.html
jobs.51job.com/all/co2410710.html
jobs.51job.com/all/co3811292.html
jobs.51job.com/all/co2289021.html
jobs.51job.com/all/co4780110.html
jobs.51job.com/all/co2680683.html
jobs.51job.com/all/co2986285.html
jobs.51job.com/all/co3496293.html
jobs.51job.com/all/co3038321.html
jobs.51job.com/all/co3803067.html
jobs.51job.com/all/co4414376.html
jobs.51job.com/all/co4473313.html
jobs.51job.com/all/co4364256.html
jobs.51job.com/all/co3803557.html
jobs.51job.com/all/co3303265.html
jobs.51job.com/all/co3870299.html
jobs.51job.com/all/co3108996.html
jobs.51job.com/all/co2653879.html
jobs.51job.com/all/co2811518.html
jobs.51job.com/all/co2245593.html
jobs.51job.com/all/co3809417.html
jobs.51job.com/all/co4675257.html
jobs.51job.com/all/co4159978.html
jobs.51job.com/all/co2500096.html
jobs.51job.com/all/co3603078.html
jobs.51job.com/all/co2852800.html
jobs.51job.com/all/co2298140.html
jobs.51job.com/all/co3838662.html
jobs.51job.com/all/co4746345.html
jobs.51job.com/all/co4342251.html
jobs.51job.com/all/co4843141.html
jobs.51job.com/all/co4477250.html
jobs.51job.com/all/co3978933.html
jobs.51job.com/all/co4121115.html
jobs.51job.com/all/co3263144.html
jobs.51job.com/all/co3117656.html
jobs.51job.com/all/co4683903.html
jobs.51job.com/all/co2999188.html
jobs.51job.com/all/co3304005.html
jobs.51job.com/all/co4329493.html
jobs.51job.com/all/co2292890.html
jobs.51job.com/all/co4781507.html
jobs.51job.com/all/co2729602.html
jobs.51job.com/all/co527990.html
jobs.51job.com/all/co2704723.html
jobs.51job.com/all/co3802235.html
jobs.51job.com/all/co2089608.html
jobs.51job.com/all/co4272116.html
jobs.51job.com/all/co4125922.html
jobs.51job.com/all/co4457047.html
jobs.51job.com/all/co4842820.html
jobs.51job.com/all/co3730828.html
jobs.51job.com/all/co3545980.html
jobs.51job.com/all/co2915962.html
jobs.51job.com/all/co4197873.html
jobs.51job.com/all/co2611798.html
jobs.51job.com/all/co3187854.html
jobs.51job.com/all/co3824171.html
jobs.51job.com/all/co4103506.html
jobs.51job.com/all/co3531427.html
jobs.51job.com/all/co4358225.html
jobs.51job.com/all/co4333582.html
jobs.51job.com/all/co114531.html
jobs.51job.com/all/co4644621.html
jobs.51job.com/all/co3740175.html
jobs.51job.com/all/co2923498.html
jobs.51job.com/all/co3874334.html
jobs.51job.com/all/co139663.html
jobs.51job.com/all/co221969.html
jobs.51job.com/all/co4877144.html
jobs.51job.com/all/co2931207.html
jobs.51job.com/all/co4322358.html
jobs.51job.com/all/co4001626.html
jobs.51job.com/all/co3918047.html
jobs.51job.com/all/co4832864.html
jobs.51job.com/all/co3350548.html
jobs.51job.com/all/co3369041.html
jobs.51job.com/all/co3063984.html
jobs.51job.com/all/co3927435.html
jobs.51job.com/all/co3774374.html
jobs.51job.com/all/co2920123.html
jobs.51job.com/all/co4698737.html
jobs.51job.com/all/co4065891.html
jobs.51job.com/all/co3154474.html
jobs.51job.com/all/co3853274.html
jobs.51job.com/all/co3414794.html
jobs.51job.com/all/co4925399.html
jobs.51job.com/all/co4134089.html
jobs.51job.com/all/co3580763.html
jobs.51job.com/all/co3913587.html
jobs.51job.com/all/co4194343.html
jobs.51job.com/all/co2713384.html
jobs.51job.com/all/co3537608.html
jobs.51job.com/all/co4136254.html
jobs.51job.com/all/co4157838.html
jobs.51job.com/all/co849722.html
jobs.51job.com/all/co2849154.html
jobs.51job.com/all/co2658908.html
jobs.51job.com/all/co4870655.html
jobs.51job.com/all/co2575428.html
jobs.51job.com/all/co2559394.html
jobs.51job.com/all/co2487300.html
jobs.51job.com/all/co4847213.html
jobs.51job.com/all/co4826599.html
jobs.51job.com/all/co4805191.html
jobs.51job.com/all/co4240577.html
jobs.51job.com/all/co4756736.html
jobs.51job.com/all/co4436833.html
jobs.51job.com/all/co3520296.html
jobs.51job.com/all/co4843198.html
jobs.51job.com/all/co2704771.html
jobs.51job.com/all/co3369173.html
jobs.51job.com/all/co4876882.html
jobs.51job.com/all/co3195250.html
jobs.51job.com/all/co3946126.html
jobs.51job.com/all/co4273219.html
jobs.51job.com/all/co2661342.html
jobs.51job.com/all/co1297853.html
jobs.51job.com/all/co3927880.html
jobs.51job.com/all/co1988833.html
cji.51job.com/fz.php?coid=2686254
jobs.51job.com/all/co258519.html
jobs.51job.com/all/co3772678.html
jobs.51job.com/all/co2735720.html
jobs.51job.com/all/co4308861.html
jobs.51job.com/all/co3109541.html
jobs.51job.com/all/co4713501.html
jobs.51job.com/all/co2618346.html
jobs.51job.com/all/co2851113.html
jobs.51job.com/all/co4800324.html
jobs.51job.com/all/co2417505.html
jobs.51job.com/all/co298439.html
jobs.51job.com/all/co3644213.html
jobs.51job.com/all/co2742977.html
jobs.51job.com/all/co3844700.html
jobs.51job.com/all/co4188707.html
jobs.51job.com/all/co2908322.html
jobs.51job.com/all/co3806210.html
jobs.51job.com/all/co4209361.html
jobs.51job.com/all/co2524542.html
jobs.51job.com/all/co4880016.html
jobs.51job.com/all/co4565014.html
jobs.51job.com/all/co3852226.html
jobs.51job.com/all/co4847985.html
jobs.51job.com/all/co3059729.html
jobs.51job.com/all/co2775520.html
jobs.51job.com/all/co4327773.html
jobs.51job.com/all/co3813791.html
jobs.51job.com/all/co3765083.html
jobs.51job.com/all/co4852879.html
jobs.51job.com/all/co2306135.html
jobs.51job.com/all/co4866965.html
jobs.51job.com/all/co4302977.html
jobs.51job.com/all/co4564921.html
jobs.51job.com/all/co4852663.html
jobs.51job.com/all/co4600544.html
jobs.51job.com/all/co3699605.html
jobs.51job.com/all/co4520544.html
jobs.51job.com/all/co3357432.html
jobs.51job.com/all/co4368981.html
jobs.51job.com/all/co3559519.html
jobs.51job.com/all/co3422435.html
jobs.51job.com/all/co4236308.html
jobs.51job.com/all/co4517739.html
jobs.51job.com/all/co266356.html
jobs.51job.com/all/co4440695.html
jobs.51job.com/all/co316999.html
jobs.51job.com/all/co4322015.html
jobs.51job.com/all/co2071049.html
jobs.51job.com/all/co4828404.html
jobs.51job.com/all/co2319354.html
jobs.51job.com/all/co3053439.html
jobs.51job.com/all/co3053439.html
jobs.51job.com/all/co3053439.html
jobs.51job.com/all/co3053439.html
jobs.51job.com/all/co3053439.html
jobs.51job.com/all/co3053439.html
jobs.51job.com/all/co849318.html
jobs.51job.com/all/co2750862.html
jobs.51job.com/all/co3257509.html
jobs.51job.com/all/co3146459.html
jobs.51job.com/all/co2750862.html
jobs.51job.com/all/co4631517.html
jobs.51job.com/all/co2362844.html
jobs.51job.com/all/co3537644.html
jobs.51job.com/all/co179932.html
jobs.51job.com/all/co2430028.html
jobs.51job.com/all/co2430028.html
jobs.51job.com/all/co2430028.html
jobs.51job.com/all/co3644269.html
jobs.51job.com/all/co3977721.html
jobs.51job.com/all/co266976.html
jobs.51job.com/all/co4564246.html
jobs.51job.com/all/co4644182.html
jobs.51job.com/all/co4947512.html
jobs.51job.com/all/co2554037.html
jobs.51job.com/all/co4675055.html
jobs.51job.com/all/co3017972.html
jobs.51job.com/all/co3017972.html
jobs.51job.com/all/co3017972.html
jobs.51job.com/all/co4718421.html
jobs.51job.com/all/co4069513.html
jobs.51job.com/all/co2340124.html
jobs.51job.com/all/co2340124.html
jobs.51job.com/all/co2340124.html
jobs.51job.com/all/co2340124.html
jobs.51job.com/all/co2340124.html
jobs.51job.com/all/co2340124.html
jobs.51job.com/all/co193733.html
jobs.51job.com/all/co4453074.html
jobs.51job.com/all/co3172151.html
jobs.51job.com/all/co4863459.html
jobs.51job.com/all/co3398796.html
jobs.51job.com/all/co3398796.html
jobs.51job.com/all/co303514.html
jobs.51job.com/all/co3922427.html
jobs.51job.com/all/co3806566.html
jobs.51job.com/all/co4828478.html
jobs.51job.com/all/co3435769.html
jobs.51job.com/all/co432968.html
jobs.51job.com/all/co4746679.html
jobs.51job.com/all/co4746679.html
jobs.51job.com/all/co4746679.html
jobs.51job.com/all/co4746679.html
jobs.51job.com/all/co4746679.html
jobs.51job.com/all/co2687393.html
jobs.51job.com/all/co2687393.html
jobs.51job.com/all/co2687393.html
jobs.51job.com/all/co2342829.html
jobs.51job.com/all/co4382014.html
jobs.51job.com/all/co4538700.html
jobs.51job.com/all/co2463499.html
jobs.51job.com/all/co3136145.html
jobs.51job.com/all/co4419177.html
jobs.51job.com/all/co4016963.html
jobs.51job.com/all/co4446533.html
jobs.51job.com/all/co3741445.html
jobs.51job.com/all/co2920225.html
jobs.51job.com/all/co2920225.html
jobs.51job.com/all/co2920225.html
jobs.51job.com/all/co4504614.html
jobs.51job.com/all/co4504614.html
jobs.51job.com/all/co2623771.html
jobs.51job.com/all/co2623771.html
jobs.51job.com/all/co2092329.html
jobs.51job.com/all/co3992768.html
jobs.51job.com/all/co3993022.html
jobs.51job.com/all/co3993022.html
jobs.51job.com/all/co253648.html
jobs.51job.com/all/co4868930.html
jobs.51job.com/all/co3286604.html
jobs.51job.com/all/co270712.html
jobs.51job.com/all/co2712009.html
jobs.51job.com/all/co4270062.html
jobs.51job.com/all/co4270062.html
jobs.51job.com/all/co4270062.html
jobs.51job.com/all/co2579466.html
jobs.51job.com/all/co2579466.html
jobs.51job.com/all/co4518048.html
jobs.51job.com/all/co307175.html
jobs.51job.com/all/co2552041.html
jobs.51job.com/all/co2310334.html
jobs.51job.com/all/co2913269.html
jobs.51job.com/all/co2310334.html
jobs.51job.com/all/co4412227.html
jobs.51job.com/all/co3384085.html
jobs.51job.com/all/co3410069.html
jobs.51job.com/all/co2008188.html
jobs.51job.com/all/co2008188.html
jobs.51job.com/all/co2008188.html
jobs.51job.com/all/co2603396.html
jobs.51job.com/all/co3981767.html
jobs.51job.com/all/co3273590.html
jobs.51job.com/all/co3273590.html
jobs.51job.com/all/co3273590.html
jobs.51job.com/all/co3273590.html
jobs.51job.com/all/co3273590.html
jobs.51job.com/all/co4676158.html
jobs.51job.com/all/co4800498.html
jobs.51job.com/all/co2311039.html
jobs.51job.com/all/co2387819.html
jobs.51job.com/all/co2763987.html
jobs.51job.com/all/co2763987.html
jobs.51job.com/all/co2523838.html
jobs.51job.com/all/co2523838.html
jobs.51job.com/all/co3051949.html
jobs.51job.com/all/co4176762.html
jobs.51job.com/all/co2711185.html
jobs.51job.com/all/co2460539.html
jobs.51job.com/all/co2460539.html
jobs.51job.com/all/co2399786.html
jobs.51job.com/all/co4923641.html
jobs.51job.com/all/co4923641.html
jobs.51job.com/all/co4260607.html
jobs.51job.com/all/co2951078.html
jobs.51job.com/all/co3949190.html
jobs.51job.com/all/co4912667.html
jobs.51job.com/all/co3531421.html
jobs.51job.com/all/co4084394.html
jobs.51job.com/all/co4904586.html
jobs.51job.com/all/co3742665.html
jobs.51job.com/all/co4904586.html
jobs.51job.com/all/co4904586.html
jobs.51job.com/all/co4667481.html
jobs.51job.com/all/co4649183.html
jobs.51job.com/all/co4649183.html
jobs.51job.com/all/co4649183.html
jobs.51job.com/all/co4649183.html
jobs.51job.com/all/co4649183.html
jobs.51job.com/all/co3743752.html
jobs.51job.com/all/co4084394.html
jobs.51job.com/all/co204493.html
jobs.51job.com/all/co3952750.html
jobs.51job.com/all/co2650090.html
jobs.51job.com/all/co2521935.html
jobs.51job.com/all/co3759714.html
jobs.51job.com/all/co2993567.html
jobs.51job.com/all/co4326936.html
jobs.51job.com/all/co4326936.html
jobs.51job.com/all/co4326936.html
jobs.51job.com/all/co2650090.html
jobs.51job.com/all/co2650090.html
jobs.51job.com/all/co2650090.html
jobs.51job.com/all/co4233560.html
jobs.51job.com/all/co2569061.html
jobs.51job.com/all/co3517434.html
jobs.51job.com/all/co3545829.html
jobs.51job.com/all/co3545829.html
jobs.51job.com/all/co3009718.html
jobs.51job.com/all/co2656989.html
jobs.51job.com/all/co2656989.html
jobs.51job.com/all/co1224397.html
jobs.51job.com/all/co1224397.html
jobs.51job.com/all/co4255856.html
jobs.51job.com/all/co3137156.html
jobs.51job.com/all/co2523203.html
jobs.51job.com/all/co4486591.html
jobs.51job.com/all/co4486591.html
jobs.51job.com/all/co3710494.html
jobs.51job.com/all/co3710494.html
jobs.51job.com/all/co4855704.html
jobs.51job.com/all/co4855704.html
jobs.51job.com/all/co4855704.html
jobs.51job.com/all/co3174331.html
jobs.51job.com/all/co2399786.html
jobs.51job.com/all/co316507.html
jobs.51job.com/all/co316507.html
jobs.51job.com/all/co2604205.html
jobs.51job.com/all/co2569061.html
jobs.51job.com/all/co4253687.html
jobs.51job.com/all/co2805973.html
jobs.51job.com/all/co2951078.html
jobs.51job.com/all/co2525422.html
jobs.51job.com/all/co3583164.html
jobs.51job.com/all/co4898134.html
jobs.51job.com/all/co3265157.html
jobs.51job.com/all/co2743019.html
jobs.51job.com/all/co2743019.html
jobs.51job.com/all/co3617975.html
jobs.51job.com/all/co3374762.html
jobs.51job.com/all/co4788665.html
jobs.51job.com/all/co4233560.html
jobs.51job.com/all/co3441445.html
jobs.51job.com/all/co2865287.html
jobs.51job.com/all/co316507.html
jobs.51job.com/all/co3859176.html
jobs.51job.com/all/co3867430.html
jobs.51job.com/all/co135210.html
jobs.51job.com/all/co135210.html
jobs.51job.com/all/co135210.html
jobs.51job.com/all/co2317674.html
jobs.51job.com/all/co2496502.html
jobs.51job.com/all/co279932.html
jobs.51job.com/all/co4260607.html
jobs.51job.com/all/co4311695.html
jobs.51job.com/all/co4513291.html
jobs.51job.com/all/co3107287.html
jobs.51job.com/all/co4233560.html
jobs.51job.com/all/co4848394.html
jobs.51job.com/all/co3053439.html
jobs.51job.com/all/co2743019.html
jobs.51job.com/all/co2776296.html
jobs.51job.com/all/co4064091.html
jobs.51job.com/all/co4273933.html
jobs.51job.com/all/co3668658.html
jobs.51job.com/all/co4948394.html
jobs.51job.com/all/co1563754.html
jobs.51job.com/all/co2416443.html
jobs.51job.com/all/co2044036.html
jobs.51job.com/all/co2937631.html
jobs.51job.com/all/co2937631.html
jobs.51job.com/all/co3711929.html
jobs.51job.com/all/co3711929.html
jobs.51job.com/all/co4793752.html
jobs.51job.com/all/co4942510.html
jobs.51job.com/all/co4942510.html
jobs.51job.com/all/co4397791.html
jobs.51job.com/all/co4397791.html
jobs.51job.com/all/co4549454.html
jobs.51job.com/all/co2125053.html
jobs.51job.com/all/co2379331.html
jobs.51job.com/all/co2688941.html
jobs.51job.com/all/co2688941.html
jobs.51job.com/all/co3009718.html
jobs.51job.com/all/co3619008.html
jobs.51job.com/all/co4913935.html
jobs.51job.com/all/co4913935.html
jobs.51job.com/all/co4913935.html
jobs.51job.com/all/co4913935.html
jobs.51job.com/all/co4913935.html
jobs.51job.com/all/co4913935.html
jobs.51job.com/all/co2399786.html
jobs.51job.com/all/co4850180.html
jobs.51job.com/all/co4850180.html
jobs.51job.com/all/co3257509.html
jobs.51job.com/all/co3541317.html
jobs.51job.com/all/co2750862.html
jobs.51job.com/all/co2750862.html
jobs.51job.com/all/co3257509.html
jobs.51job.com/all/co4668049.html
jobs.51job.com/all/co2484524.html
jobs.51job.com/all/co1986683.html
jobs.51job.com/all/co3922427.html
jobs.51job.com/all/co2235307.html
jobs.51job.com/all/co2235307.html
jobs.51job.com/all/co3537644.html
jobs.51job.com/all/co3537644.html
jobs.51job.com/all/co4919491.html
jobs.51job.com/all/co4919491.html
jobs.51job.com/all/co2959425.html
jobs.51job.com/all/co2212711.html
jobs.51job.com/all/co270660.html
jobs.51job.com/all/co270660.html
jobs.51job.com/all/co270660.html
jobs.51job.com/all/co270660.html
jobs.51job.com/all/co4215391.html
jobs.51job.com/all/co2273277.html
jobs.51job.com/all/co3836388.html
jobs.51job.com/all/co3836388.html
jobs.51job.com/all/co3836388.html
jobs.51job.com/all/co3836388.html
jobs.51job.com/all/co3836388.html
jobs.51job.com/all/co2861852.html
jobs.51job.com/all/co4659372.html
jobs.51job.com/all/co4659372.html
jobs.51job.com/all/co4659372.html
jobs.51job.com/all/co4659372.html
jobs.51job.com/all/co3836388.html
jobs.51job.com/all/co2861852.html
jobs.51job.com/all/co4659372.html
jobs.51job.com/all/co4659372.html
jobs.51job.com/all/co4659372.html
jobs.51job.com/all/co4659372.html
jobs.51job.com/all/co4659372.html
jobs.51job.com/all/co4659372.html
jobs.51job.com/all/co4659372.html
jobs.51job.com/all/co4659372.html
jobs.51job.com/all/co4659372.html
jobs.51job.com/all/co4659372.html
jobs.51job.com/all/co342095.html
jobs.51job.com/all/co2430028.html
jobs.51job.com/all/co2430028.html
jobs.51job.com/all/co2430028.html
jobs.51job.com/all/co2430028.html
jobs.51job.com/all/co2430028.html
jobs.51job.com/all/co2430028.html
jobs.51job.com/all/co2430028.html
jobs.51job.com/all/co2430028.html
jobs.51job.com/all/co3644269.html
jobs.51job.com/all/co4932994.html
jobs.51job.com/all/co3977721.html
jobs.51job.com/all/co3267470.html
jobs.51job.com/all/co3929902.html
jobs.51job.com/all/co3929902.html
jobs.51job.com/all/co3929902.html
jobs.51job.com/all/co3637071.html
jobs.51job.com/all/co266976.html
jobs.51job.com/all/co204493.html
jobs.51job.com/all/co3748306.html
jobs.51job.com/all/co3041686.html
jobs.51job.com/all/co2199993.html
jobs.51job.com/all/co4064876.html
jobs.51job.com/all/co4064876.html
jobs.51job.com/all/co2554037.html
jobs.51job.com/all/co4564246.html
jobs.51job.com/all/co4564246.html
jobs.51job.com/all/co4724720.html
jobs.51job.com/all/co4724720.html
jobs.51job.com/all/co3743752.html
jobs.51job.com/all/co3017972.html
jobs.51job.com/all/co2416443.html
jobs.51job.com/all/co2416443.html
jobs.51job.com/all/co3840982.html
jobs.51job.com/all/co3840982.html
jobs.51job.com/all/co2008163.html
jobs.51job.com/all/co2442572.html
jobs.51job.com/all/co3429040.html
jobs.51job.com/all/co2340124.html
jobs.51job.com/all/co2340124.html
jobs.51job.com/all/co2340124.html
jobs.51job.com/all/co2340124.html
jobs.51job.com/all/co2340124.html
jobs.51job.com/all/co2340124.html
jobs.51job.com/all/co2340124.html
jobs.51job.com/all/co2089675.html
jobs.51job.com/all/co4287755.html
jobs.51job.com/all/co2089675.html
jobs.51job.com/all/co4313543.html
jobs.51job.com/all/co3051327.html
jobs.51job.com/all/co3051327.html
jobs.51job.com/all/co4453074.html
jobs.51job.com/all/co4453074.html
jobs.51job.com/all/co4453074.html
jobs.51job.com/all/co4453074.html
jobs.51job.com/all/co4453074.html
jobs.51job.com/all/co3172151.html
jobs.51job.com/all/co3172151.html
jobs.51job.com/all/co3172151.html
jobs.51job.com/all/co3172151.html
jobs.51job.com/all/co3172151.html
jobs.51job.com/all/co4863459.html
jobs.51job.com/all/co4318732.html
jobs.51job.com/all/co3398796.html
jobs.51job.com/all/co4268403.html
jobs.51job.com/all/co4347710.html
jobs.51job.com/all/co3435769.html
jobs.51job.com/all/co3491553.html
jobs.51job.com/all/co3235351.html
jobs.51job.com/all/co432968.html
jobs.51job.com/all/co432968.html
jobs.51job.com/all/co4746679.html
jobs.51job.com/all/co4746679.html
jobs.51job.com/all/co4746679.html
jobs.51job.com/all/co2687393.html
jobs.51job.com/all/co2687393.html
jobs.51job.com/all/co2251255.html
jobs.51job.com/all/co4215369.html
jobs.51job.com/all/co3768172.html
jobs.51job.com/all/co3768172.html
jobs.51job.com/all/co4936195.html
jobs.51job.com/all/co4936195.html
jobs.51job.com/all/co3529975.html
jobs.51job.com/all/co3529975.html
jobs.51job.com/all/co3253920.html
jobs.51job.com/all/co4867568.html
jobs.51job.com/all/co4382014.html
jobs.51job.com/all/co4382014.html
jobs.51job.com/all/co3251768.html
jobs.51job.com/all/co4522408.html
jobs.51job.com/all/co270660.html
jobs.51job.com/all/co270660.html
jobs.51job.com/all/co4538700.html
jobs.51job.com/all/co4538700.html
jobs.51job.com/all/co4538700.html
jobs.51job.com/all/co4538700.html
jobs.51job.com/all/co4538700.html
jobs.51job.com/all/co4538700.html
jobs.51job.com/all/co2463499.html
jobs.51job.com/all/co2463499.html
jobs.51job.com/all/co3136145.html
jobs.51job.com/all/co3136145.html
jobs.51job.com/all/co3136145.html
jobs.51job.com/all/co3119442.html
jobs.51job.com/all/co3119442.html
jobs.51job.com/all/co135210.html
jobs.51job.com/all/co135210.html
jobs.51job.com/all/co3535470.html
jobs.51job.com/all/co4016963.html
jobs.51job.com/all/co4327933.html
jobs.51job.com/all/co4446533.html
jobs.51job.com/all/co3741445.html
jobs.51job.com/all/co4118099.html
jobs.51job.com/all/co2863649.html
jobs.51job.com/all/co2399786.html
jobs.51job.com/all/co3819251.html
jobs.51job.com/all/co2379331.html
jobs.51job.com/all/co3075438.html
jobs.51job.com/all/co4728551.html
jobs.51job.com/all/co4728551.html
jobs.51job.com/all/co4728551.html
jobs.51job.com/all/co3641942.html
jobs.51job.com/all/co3641942.html
jobs.51job.com/all/co2920225.html
jobs.51job.com/all/co2920225.html
jobs.51job.com/all/co3370725.html
jobs.51job.com/all/co3370725.html
jobs.51job.com/all/co3706330.html
jobs.51job.com/all/co4697245.html
jobs.51job.com/all/co4697245.html
jobs.51job.com/all/co3583164.html
jobs.51job.com/all/co3448248.html
jobs.51job.com/all/co2297209.html
jobs.51job.com/all/co4436416.html
jobs.51job.com/all/co4192929.html
jobs.51job.com/all/co2092329.html
jobs.51job.com/all/co3711929.html
jobs.51job.com/all/co3807680.html
jobs.51job.com/all/co2297209.html
jobs.51job.com/all/co4436416.html
jobs.51job.com/all/co4192929.html
jobs.51job.com/all/co2092329.html
jobs.51job.com/all/co3711929.html
jobs.51job.com/all/co3807680.html
jobs.51job.com/all/co3992768.html
jobs.51job.com/all/co2525422.html
jobs.51job.com/all/co3652486.html
jobs.51job.com/all/co3652486.html
jobs.51job.com/all/co2746700.html
jobs.51job.com/all/co2746700.html
jobs.51job.com/all/co2746700.html
jobs.51job.com/all/co2949711.html
jobs.51job.com/all/co2949711.html
jobs.51job.com/all/co3187111.html
jobs.51job.com/all/co3993022.html
jobs.51job.com/all/co3993022.html
jobs.51job.com/all/co3591900.html
jobs.51job.com/all/co3591900.html
jobs.51job.com/all/co4800471.html
jobs.51job.com/all/co3980761.html
jobs.51job.com/all/co4781466.html
jobs.51job.com/all/co4781466.html
jobs.51job.com/all/co4781466.html
jobs.51job.com/all/co4781466.html
jobs.51job.com/all/co2988356.html
jobs.51job.com/all/co2988356.html
jobs.51job.com/all/co4866990.html
jobs.51job.com/all/co4866990.html
jobs.51job.com/all/co270712.html
jobs.51job.com/all/co3286604.html
jobs.51job.com/all/co270712.html
jobs.51job.com/all/co270712.html
jobs.51job.com/all/co4929194.html
jobs.51job.com/all/co4409748.html
jobs.51job.com/all/co3711929.html
jobs.51job.com/all/co186140.html
jobs.51job.com/all/co2712009.html
jobs.51job.com/all/co2712009.html
jobs.51job.com/all/co2712009.html
jobs.51job.com/all/co2712009.html
jobs.51job.com/all/co2712009.html
jobs.51job.com/all/co2688941.html
jobs.51job.com/all/co4655895.html
jobs.51job.com/all/co4270062.html
jobs.51job.com/all/co2952261.html
jobs.51job.com/all/co4358087.html
jobs.51job.com/all/co4358087.html
jobs.51job.com/all/co3259874.html
jobs.51job.com/all/co3452533.html
jobs.51job.com/all/co4518048.html
jobs.51job.com/all/co4518048.html
jobs.51job.com/all/co4518048.html
jobs.51job.com/all/co4925386.html
jobs.51job.com/all/co3155490.html
jobs.51job.com/all/co4449727.html
jobs.51job.com/all/co3061182.html
jobs.51job.com/all/co3061182.html
jobs.51job.com/all/co4938869.html
jobs.51job.com/all/co4938869.html
jobs.51job.com/all/co2913269.html
jobs.51job.com/all/co2913269.html
jobs.51job.com/all/co2913269.html
jobs.51job.com/all/co2310334.html
jobs.51job.com/all/co4412227.html
jobs.51job.com/all/co3384085.html
jobs.51job.com/all/co2008188.html
jobs.51job.com/all/co2008188.html
jobs.51job.com/all/co2008188.html
jobs.51job.com/all/co2008188.html
jobs.51job.com/all/co2008188.html
jobs.51job.com/all/co3057923.html
jobs.51job.com/all/co4944879.html
jobs.51job.com/all/co2603396.html
jobs.51job.com/all/co2603396.html
jobs.51job.com/all/co2603396.html
jobs.51job.com/all/co2603396.html
jobs.51job.com/all/co4268983.html
jobs.51job.com/all/co4268983.html
jobs.51job.com/all/co4268983.html
jobs.51job.com/all/co4268983.html
jobs.51job.com/all/co4268983.html
jobs.51job.com/all/co4268983.html
jobs.51job.com/all/co4268983.html
jobs.51job.com/all/co4268983.html
jobs.51job.com/all/co4268983.html
jobs.51job.com/all/co4268983.html
jobs.51job.com/all/co4268983.html
jobs.51job.com/all/co4268983.html
jobs.51job.com/all/co3981767.html
jobs.51job.com/all/co3414260.html
jobs.51job.com/all/co3198643.html
jobs.51job.com/all/co3625041.html
jobs.51job.com/all/co4796218.html
jobs.51job.com/all/co4903858.html
jobs.51job.com/all/co4903858.html
jobs.51job.com/all/co2117069.html
jobs.51job.com/all/co3311666.html
jobs.51job.com/all/co3301460.html
jobs.51job.com/all/co3387613.html
jobs.51job.com/all/co4800498.html
jobs.51job.com/all/co4800498.html
jobs.51job.com/all/co4800498.html
jobs.51job.com/all/co133415.html
jobs.51job.com/all/co4449727.html
jobs.51job.com/all/co4449727.html
jobs.51job.com/all/co4449727.html
jobs.51job.com/all/co2852268.html
jobs.51job.com/all/co3541317.html
jobs.51job.com/all/co3541317.html
jobs.51job.com/all/co4456208.html
jobs.51job.com/all/co2387819.html
jobs.51job.com/all/co2387819.html
jobs.51job.com/all/co2387819.html
jobs.51job.com/all/co2763987.html
jobs.51job.com/all/co2763987.html
jobs.51job.com/all/co2763987.html
jobs.51job.com/all/co2523838.html
jobs.51job.com/all/co108920.html
jobs.51job.com/all/co3930054.html
jobs.51job.com/all/co4209910.html
jobs.51job.com/all/co4209910.html
jobs.51job.com/all/co3276277.html
jobs.51job.com/all/co3276277.html
jobs.51job.com/all/co3276277.html
jobs.51job.com/all/co3051949.html
jobs.51job.com/all/co4251566.html
jobs.51job.com/all/co4176762.html
jobs.51job.com/all/co4176762.html
jobs.51job.com/all/co4176762.html
jobs.51job.com/all/co4233560.html
jobs.51job.com/all/co4233560.html
jobs.51job.com/all/co4780110.html
jobs.51job.com/all/co4780110.html
jobs.51job.com/all/co2680683.html
jobs.51job.com/all/co2460539.html
jobs.51job.com/all/co2460539.html
jobs.51job.com/all/co2460539.html
jobs.51job.com/all/co4326936.html
jobs.51job.com/all/co2399786.html
jobs.51job.com/all/co2399786.html
jobs.51job.com/all/co2399786.html
jobs.51job.com/all/co2399786.html
jobs.51job.com/all/co2399786.html
jobs.51job.com/all/co2951086.html
jobs.51job.com/all/co4228624.html
jobs.51job.com/all/co4228624.html
jobs.51job.com/all/co4228624.html
jobs.51job.com/all/co4697245.html
jobs.51job.com/all/co4697245.html
jobs.51job.com/all/co2986285.html
jobs.51job.com/all/co2986285.html
jobs.51job.com/all/co2986285.html
jobs.51job.com/all/co2986285.html
jobs.51job.com/all/co4923641.html
jobs.51job.com/all/co3803557.html
jobs.51job.com/all/co3870299.html
jobs.51job.com/all/co4260607.html
jobs.51job.com/all/co2949711.html
jobs.51job.com/all/co3952750.html
jobs.51job.com/all/co3209813.html
jobs.51job.com/all/co4109456.html
jobs.51job.com/all/co3949190.html
jobs.51job.com/all/co2898089.html
jobs.51job.com/all/co2898089.html
jobs.51job.com/all/co2898089.html
jobs.51job.com/all/co2937631.html
jobs.51job.com/all/co3838662.html
jobs.51job.com/all/co2951078.html
jobs.51job.com/all/co4306913.html
jobs.51job.com/all/co4228057.html
jobs.51job.com/all/co2569061.html
jobs.51job.com/all/co4765291.html
jobs.51job.com/all/co4912667.html
jobs.51job.com/all/co4342251.html
jobs.51job.com/all/co4281910.html
jobs.51job.com/all/co4477250.html
jobs.51job.com/all/co108920.html
jobs.51job.com/all/co4419552.html
jobs.51job.com/all/co2289234.html
jobs.51job.com/all/co3833785.html
jobs.51job.com/all/co3833785.html
jobs.51job.com/all/co3833785.html
jobs.51job.com/all/co3833785.html
jobs.51job.com/all/co3531421.html
jobs.51job.com/all/co3531421.html
jobs.51job.com/all/co3860133.html
jobs.51job.com/all/co3860133.html
jobs.51job.com/all/co4796218.html
jobs.51job.com/all/co3905850.html
jobs.51job.com/all/co4326851.html
jobs.51job.com/all/co3635002.html
jobs.51job.com/all/co2809616.html
jobs.51job.com/all/co4683903.html
jobs.51job.com/all/co3742665.html
jobs.51job.com/all/co4904586.html
jobs.51job.com/all/co4904586.html
jobs.51job.com/all/co4904586.html
jobs.51job.com/all/co4327933.html
jobs.51job.com/all/co4327933.html
jobs.51job.com/all/co3119442.html
jobs.51job.com/all/co4667481.html
jobs.51job.com/all/co4649183.html
jobs.51job.com/all/co2729602.html
jobs.51job.com/all/co3694705.html
jobs.51job.com/all/co4746345.html
jobs.51job.com/all/co204493.html
jobs.51job.com/all/co4272116.html
jobs.51job.com/all/co4272116.html
jobs.51job.com/all/co4197873.html
jobs.51job.com/all/co3618264.html
jobs.51job.com/all/co4109456.html
jobs.51job.com/all/co4109456.html
jobs.51job.com/all/co2521935.html
jobs.51job.com/all/co4811988.html
jobs.51job.com/all/co4103506.html
jobs.51job.com/all/co2560668.html
jobs.51job.com/all/co4214877.html
jobs.51job.com/all/co4214877.html
jobs.51job.com/all/co3740175.html
jobs.51job.com/all/co3137156.html
jobs.51job.com/all/co3137156.html
jobs.51job.com/all/co3874334.html
jobs.51job.com/all/co3038321.html
jobs.51job.com/all/co279932.html
jobs.51job.com/all/co4877144.html
jobs.51job.com/all/co2931207.html
jobs.51job.com/all/co2942452.html
jobs.51job.com/all/co4701050.html
jobs.51job.com/all/co186140.html
jobs.51job.com/all/co2951078.html
jobs.51job.com/all/co4322358.html
jobs.51job.com/all/co2417103.html
jobs.51job.com/all/co3710494.html
jobs.51job.com/all/co3369913.html
jobs.51job.com/all/co4609088.html
jobs.51job.com/all/co3392865.html
jobs.51job.com/all/co2729272.html
jobs.51job.com/all/co2729272.html
jobs.51job.com/all/co2951086.html
jobs.51job.com/all/co2951086.html
jobs.51job.com/all/co2951086.html
jobs.51job.com/all/co3517434.html
jobs.51job.com/all/co3927435.html
jobs.51job.com/all/co3350548.html
jobs.51job.com/all/co3545829.html
jobs.51job.com/all/co3009718.html
jobs.51job.com/all/co2656989.html
jobs.51job.com/all/co2656989.html
jobs.51job.com/all/co4065891.html
jobs.51job.com/all/co4065891.html
jobs.51job.com/all/co4065891.html
jobs.51job.com/all/co4065891.html
jobs.51job.com/all/co4065891.html
jobs.51job.com/all/co4065891.html
jobs.51job.com/all/co2988356.html
jobs.51job.com/all/co1224397.html
jobs.51job.com/all/co2997442.html
jobs.51job.com/all/co2997442.html
jobs.51job.com/all/co2997442.html
jobs.51job.com/all/co279932.html
jobs.51job.com/all/co2401527.html
jobs.51job.com/all/co4255856.html
jobs.51job.com/all/co4255856.html
jobs.51job.com/all/co3580763.html
jobs.51job.com/all/co3137156.html
jobs.51job.com/all/co4577148.html
jobs.51job.com/all/co4577148.html
jobs.51job.com/all/co4577148.html
jobs.51job.com/all/co4577148.html
jobs.51job.com/all/co4577148.html
jobs.51job.com/all/co4577148.html
jobs.51job.com/all/co3749880.html
jobs.51job.com/all/co4486591.html
jobs.51job.com/all/co3710494.html
jobs.51job.com/all/co4473313.html
jobs.51job.com/all/co4473313.html
jobs.51job.com/all/co279932.html
jobs.51job.com/all/co4855704.html
jobs.51job.com/all/co3038321.html
jobs.51job.com/all/co3038321.html
jobs.51job.com/all/co3038321.html
jobs.51job.com/all/co3038321.html
jobs.51job.com/all/co3038321.html
jobs.51job.com/all/co3038321.html
jobs.51job.com/all/co3038321.html
jobs.51job.com/all/co2611798.html
jobs.51job.com/all/co4658637.html
jobs.51job.com/all/co4658637.html
jobs.51job.com/all/co3537608.html
jobs.51job.com/all/co4796218.html
jobs.51job.com/all/co4796218.html
jobs.51job.com/all/co4427507.html
jobs.51job.com/all/co4427507.html
jobs.51job.com/all/co4800504.html
jobs.51job.com/all/co4800471.html
jobs.51job.com/all/co4698303.html
jobs.51job.com/all/co4644621.html
jobs.51job.com/all/co2829907.html
jobs.51job.com/all/co3251768.html
jobs.51job.com/all/co4578366.html
jobs.51job.com/all/co4578366.html
jobs.51job.com/all/co2487300.html
jobs.51job.com/all/co4240577.html
jobs.51job.com/all/co3520296.html
jobs.51job.com/all/co3520296.html
jobs.51job.com/all/co3520296.html
jobs.51job.com/all/co3734002.html
jobs.51job.com/all/co1762862.html
jobs.51job.com/all/co2805973.html
jobs.51job.com/all/co4847213.html
jobs.51job.com/all/co3369173.html
jobs.51job.com/all/co2951078.html
jobs.51job.com/all/co3195250.html
jobs.51job.com/all/co3195250.html
jobs.51job.com/all/co3195250.html
jobs.51job.com/all/co2863649.html
jobs.51job.com/all/co4668049.html
jobs.51job.com/all/co2220020.html
jobs.51job.com/all/co2220020.html
jobs.51job.com/all/co2220020.html
jobs.51job.com/all/co2220020.html
jobs.51job.com/all/co3952750.html
jobs.51job.com/all/co2661342.html
jobs.51job.com/all/co2661342.html
jobs.51job.com/all/co4419177.html
jobs.51job.com/all/co4419177.html
jobs.51job.com/all/co3617975.html
jobs.51job.com/all/co3939677.html
jobs.51job.com/all/co4308861.html
jobs.51job.com/all/co135210.html
jobs.51job.com/all/co135210.html
jobs.51job.com/all/co135210.html
jobs.51job.com/all/co3038321.html
jobs.51job.com/all/co2851113.html
jobs.51job.com/all/co4570029.html
jobs.51job.com/all/co3038321.html
jobs.51job.com/all/co4188707.html
jobs.51job.com/all/co1563754.html
jobs.51job.com/all/co2524542.html
jobs.51job.com/all/co221969.html
jobs.51job.com/all/co221969.html
jobs.51job.com/all/co316507.html
jobs.51job.com/all/co2611798.html
jobs.51job.com/all/co316507.html
jobs.51job.com/all/co316507.html
jobs.51job.com/all/co316507.html
jobs.51job.com/all/co316507.html
jobs.51job.com/all/co3513592.html
jobs.51job.com/all/co2711185.html
jobs.51job.com/all/co1297853.html
jobs.51job.com/all/co3613050.html
jobs.51job.com/all/co3059729.html
jobs.51job.com/all/co3867430.html
jobs.51job.com/all/co3867430.html
jobs.51job.com/all/co3867430.html
jobs.51job.com/all/co135210.html
jobs.51job.com/all/co135210.html
jobs.51job.com/all/co2306135.html
jobs.51job.com/all/co2306135.html
jobs.51job.com/all/co2496502.html
jobs.51job.com/all/co2496502.html
jobs.51job.com/all/co135210.html
jobs.51job.com/all/co2675137.html
jobs.51job.com/all/co4311695.html
jobs.51job.com/all/co365053.html
jobs.51job.com/all/co365053.html
jobs.51job.com/all/co4847314.html
jobs.51job.com/all/co4847314.html
jobs.51job.com/all/co4847314.html
jobs.51job.com/all/co4847314.html
jobs.51job.com/all/co2289021.html
jobs.51job.com/all/co4460021.html
jobs.51job.com/all/co2976044.html
jobs.51job.com/all/co3107287.html
jobs.51job.com/all/co3107287.html
jobs.51job.com/all/co3107287.html
jobs.51job.com/all/co3422435.html
jobs.51job.com/all/co4236308.html
jobs.51job.com/all/co258519.html
jobs.51job.com/all/co2286712.html
jobs.51job.com/all/co1101380.html
jobs.51job.com/all/co3187854.html
jobs.51job.com/all/co3635002.html
jobs.51job.com/all/co4828404.html
jobs.51job.com/all/co2319354.html
jobs.51job.com/all/co2319354.html
jobs.51job.com/all/co3053439.html
jobs.51job.com/all/co4081446.html
jobs.51job.com/all/co4098930.html
jobs.51job.com/all/co4098930.html
jobs.51job.com/all/co4098930.html
jobs.51job.com/all/co4517739.html
jobs.51job.com/all/co4517739.html
jobs.51job.com/all/co4947512.html
jobs.51job.com/all/co4661185.html
jobs.51job.com/all/co3414260.html
jobs.51job.com/all/co3414260.html
jobs.51job.com/all/co4228624.html
jobs.51job.com/all/co3831775.html
jobs.51job.com/all/co4473313.html
jobs.51job.com/all/co2071049.html
jobs.51job.com/all/co2319354.html
