jobs.51job.com/all/co512322.html
jobs.51job.com/all/co2966940.html
jobs.51job.com/all/co4264450.html
jobs.51job.com/all/co2517722.html
jobs.51job.com/all/co4938988.html
jobs.51job.com/all/co2661962.html
jobs.51job.com/all/co3940712.html
jobs.51job.com/all/co2934340.html
jobs.51job.com/all/co2724983.html
jobs.51job.com/all/co3627303.html
jobs.51job.com/all/co4784390.html
jobs.51job.com/all/co3204453.html
jobs.51job.com/all/co3163092.html
jobs.51job.com/all/co3965659.html
jobs.51job.com/all/co4407385.html
jobs.51job.com/all/co4805202.html
jobs.51job.com/all/co2725158.html
jobs.51job.com/all/co4603870.html
jobs.51job.com/all/co4955212.html
jobs.51job.com/all/co2388536.html
jobs.51job.com/all/co2844527.html
jobs.51job.com/all/co3303039.html
jobs.51job.com/all/co2010629.html
jobs.51job.com/all/co3277150.html
jobs.51job.com/all/co4398970.html
jobs.51job.com/all/co1987960.html
jobs.51job.com/all/co2479930.html
jobs.51job.com/all/co3940160.html
jobs.51job.com/all/co4949758.html
jobs.51job.com/all/co3753329.html
jobs.51job.com/all/co3908423.html
jobs.51job.com/all/co2693258.html
jobs.51job.com/all/co2249574.html
jobs.51job.com/all/co3301547.html
jobs.51job.com/all/co4097286.html
jobs.51job.com/all/co4597234.html
jobs.51job.com/all/co3389605.html
jobs.51job.com/all/co4889913.html
jobs.51job.com/all/co2878114.html
jobs.51job.com/all/co4788672.html
jobs.51job.com/all/co4939742.html
jobs.51job.com/all/co2573737.html
jobs.51job.com/all/co2415583.html
jobs.51job.com/all/co2378456.html
jobs.51job.com/all/co4923764.html
jobs.51job.com/all/co2736471.html
jobs.51job.com/all/co4678263.html
jobs.51job.com/all/co4641733.html
jobs.51job.com/all/co3572416.html
jobs.51job.com/all/co4317877.html
jobs.51job.com/all/co3924328.html
jobs.51job.com/all/co2982051.html
jobs.51job.com/all/co3635147.html
jobs.51job.com/all/co3338895.html
jobs.51job.com/all/co3677620.html
jobs.51job.com/all/co4533724.html
jobs.51job.com/all/co4725832.html
jobs.51job.com/all/co4839671.html
jobs.51job.com/all/co4120876.html
jobs.51job.com/all/co2758858.html
jobs.51job.com/all/co2609228.html
jobs.51job.com/all/co4488132.html
jobs.51job.com/all/co4856309.html
jobs.51job.com/all/co321264.html
jobs.51job.com/all/co4349061.html
jobs.51job.com/all/co4476315.html
jobs.51job.com/all/co4409948.html
jobs.51job.com/all/co2546282.html
jobs.51job.com/all/co4032807.html
jobs.51job.com/all/co4302030.html
jobs.51job.com/all/co2205617.html
jobs.51job.com/all/co3755655.html
jobs.51job.com/all/co2396205.html
jobs.51job.com/all/co3573274.html
jobs.51job.com/all/co4115575.html
jobs.51job.com/all/co164497.html
jobs.51job.com/all/co4838600.html
jobs.51job.com/all/co2063660.html
jobs.51job.com/all/co3264632.html
jobs.51job.com/all/co4582222.html
jobs.51job.com/all/co2555890.html
jobs.51job.com/all/co3880878.html
jobs.51job.com/all/co3543526.html
jobs.51job.com/all/co3629200.html
jobs.51job.com/all/co3525481.html
jobs.51job.com/all/co3565386.html
jobs.51job.com/all/co2738167.html
jobs.51job.com/all/co2507622.html
jobs.51job.com/all/co3828456.html
jobs.51job.com/all/co105413.html
jobs.51job.com/all/co4874448.html
jobs.51job.com/all/co2474851.html
jobs.51job.com/all/co2971700.html
jobs.51job.com/all/co1692767.html
jobs.51job.com/all/co2766769.html
jobs.51job.com/all/co4641779.html
jobs.51job.com/all/co4881681.html
jobs.51job.com/all/co3175592.html
jobs.51job.com/all/co2393080.html
jobs.51job.com/all/co325829.html
jobs.51job.com/all/co3009923.html
jobs.51job.com/all/co4062179.html
jobs.51job.com/all/co823250.html
jobs.51job.com/all/co2962998.html
jobs.51job.com/all/co2848336.html
jobs.51job.com/all/co4067105.html
jobs.51job.com/all/co2479294.html
jobs.51job.com/all/co2554037.html
jobs.51job.com/all/co2474624.html
jobs.51job.com/all/co4015857.html
jobs.51job.com/all/co519209.html
jobs.51job.com/all/co3290236.html
jobs.51job.com/all/co2554810.html
jobs.51job.com/all/co3139477.html
jobs.51job.com/all/co2682099.html
jobs.51job.com/all/co2532082.html
jobs.51job.com/all/co4135809.html
jobs.51job.com/all/co3911944.html
jobs.51job.com/all/co2536418.html
jobs.51job.com/all/co1683129.html
jobs.51job.com/all/co4583345.html
jobs.51job.com/all/co173940.html
jobs.51job.com/all/co3992491.html
jobs.51job.com/all/co2509595.html
jobs.51job.com/all/co2501347.html
jobs.51job.com/all/co4326931.html
jobs.51job.com/all/co3483139.html
jobs.51job.com/all/co3977721.html
jobs.51job.com/all/co3616861.html
jobs.51job.com/all/co4904570.html
jobs.51job.com/all/co2449528.html
jobs.51job.com/all/co316507.html
jobs.51job.com/all/co4894526.html
jobs.51job.com/all/co2332678.html
jobs.51job.com/all/co3696257.html
jobs.51job.com/all/co3256283.html
jobs.51job.com/all/co4875239.html
jobs.51job.com/all/co2772211.html
jobs.51job.com/all/co4870635.html
jobs.51job.com/all/co3183203.html
jobs.51job.com/all/co4883350.html
jobs.51job.com/all/co3377498.html
jobs.51job.com/all/co4453074.html
jobs.51job.com/all/co3154180.html
jobs.51job.com/all/co2726822.html
jobs.51job.com/all/co4453959.html
jobs.51job.com/all/co3398796.html
jobs.51job.com/all/co2357752.html
jobs.51job.com/all/co2406768.html
jobs.51job.com/all/co1476919.html
jobs.51job.com/all/co3081985.html
jobs.51job.com/all/co596739.html
jobs.51job.com/all/co4191480.html
jobs.51job.com/all/co3013390.html
jobs.51job.com/all/co3226697.html
jobs.51job.com/all/co2278254.html
jobs.51job.com/all/co4224216.html
jobs.51job.com/all/co2312491.html
jobs.51job.com/all/co2809593.html
jobs.51job.com/all/co774093.html
jobs.51job.com/all/co3960557.html
jobs.51job.com/all/co4452040.html
jobs.51job.com/all/co4683920.html
jobs.51job.com/all/co3388067.html
jobs.51job.com/all/co4071231.html
jobs.51job.com/all/co4551586.html
jobs.51job.com/all/co4397638.html
jobs.51job.com/all/co3204443.html
jobs.51job.com/all/co2816802.html
jobs.51job.com/all/co4432966.html
jobs.51job.com/all/co3268799.html
jobs.51job.com/all/co3565362.html
jobs.51job.com/all/co2971456.html
jobs.51job.com/all/co4167311.html
jobs.51job.com/all/co134910.html
jobs.51job.com/all/co4419419.html
jobs.51job.com/all/co3667909.html
jobs.51job.com/all/co4156284.html
jobs.51job.com/all/co2310391.html
jobs.51job.com/all/co3445689.html
jobs.51job.com/all/co4403589.html
jobs.51job.com/all/co4531257.html
jobs.51job.com/all/co4660661.html
jobs.51job.com/all/co3106837.html
jobs.51job.com/all/co3330429.html
jobs.51job.com/all/co4713736.html
jobs.51job.com/all/co3148987.html
jobs.51job.com/all/co2410756.html
jobs.51job.com/all/co4105559.html
jobs.51job.com/all/co4446633.html
jobs.51job.com/all/co3944983.html
jobs.51job.com/all/co2920315.html
jobs.51job.com/all/co2651794.html
jobs.51job.com/all/co3369231.html
jobs.51job.com/all/co4908188.html
jobs.51job.com/all/co2763838.html
jobs.51job.com/all/co3230101.html
jobs.51job.com/all/co4488395.html
jobs.51job.com/all/co4493998.html
jobs.51job.com/all/co2952416.html
jobs.51job.com/all/co4237409.html
jobs.51job.com/all/co4945631.html
jobs.51job.com/all/co4578276.html
jobs.51job.com/all/co2625651.html
jobs.51job.com/all/co2312380.html
jobs.51job.com/all/co4822684.html
jobs.51job.com/all/co2401281.html
jobs.51job.com/all/co2501342.html
jobs.51job.com/all/co2844713.html
jobs.51job.com/all/co2769602.html
jobs.51job.com/all/co2918970.html
jobs.51job.com/all/co497208.html
jobs.51job.com/all/co4432671.html
jobs.51job.com/all/co3477226.html
jobs.51job.com/all/co2521357.html
jobs.51job.com/all/co2584143.html
jobs.51job.com/all/co1444304.html
jobs.51job.com/all/co2132734.html
jobs.51job.com/all/co3482754.html
jobs.51job.com/all/co4574653.html
jobs.51job.com/all/co3550130.html
jobs.51job.com/all/co2295842.html
jobs.51job.com/all/co2430203.html
jobs.51job.com/all/co1554105.html
jobs.51job.com/all/co4604121.html
jobs.51job.com/all/co4167310.html
jobs.51job.com/all/co4256438.html
jobs.51job.com/all/co4788082.html
jobs.51job.com/all/co2428829.html
jobs.51job.com/all/co3164938.html
jobs.51job.com/all/co4581086.html
jobs.51job.com/all/co276761.html
jobs.51job.com/all/co2819088.html
jobs.51job.com/all/co4482113.html
jobs.51job.com/all/co4821991.html
jobs.51job.com/all/co4002682.html
jobs.51job.com/all/co4416358.html
jobs.51job.com/all/co2550337.html
jobs.51job.com/all/co3167654.html
jobs.51job.com/all/co4115301.html
jobs.51job.com/all/co2411668.html
jobs.51job.com/all/co3151122.html
jobs.51job.com/all/co467972.html
jobs.51job.com/all/co3714036.html
jobs.51job.com/all/co4442516.html
jobs.51job.com/all/co1561294.html
jobs.51job.com/all/co3208209.html
jobs.51job.com/all/co2225130.html
jobs.51job.com/all/co3221662.html
jobs.51job.com/all/co4327214.html
jobs.51job.com/all/co2947954.html
jobs.51job.com/all/co3861674.html
jobs.51job.com/all/co4686583.html
jobs.51job.com/all/co2627891.html
jobs.51job.com/all/co3612169.html
jobs.51job.com/all/co4949659.html
jobs.51job.com/all/co2778488.html
jobs.51job.com/all/co4945639.html
jobs.51job.com/all/co4097542.html
jobs.51job.com/all/co2388917.html
jobs.51job.com/all/co3929173.html
jobs.51job.com/all/co2739433.html
jobs.51job.com/all/co4002298.html
jobs.51job.com/all/co964818.html
jobs.51job.com/all/co2735843.html
jobs.51job.com/all/co2856626.html
jobs.51job.com/all/co3928656.html
jobs.51job.com/all/co2266110.html
jobs.51job.com/all/co4762878.html
jobs.51job.com/all/co4441211.html
jobs.51job.com/all/co3623494.html
jobs.51job.com/all/co3744626.html
jobs.51job.com/all/co2869607.html
jobs.51job.com/all/co2554195.html
jobs.51job.com/all/co3772083.html
jobs.51job.com/all/co3044962.html
jobs.51job.com/all/co2539590.html
jobs.51job.com/all/co358481.html
jobs.51job.com/all/co4615903.html
jobs.51job.com/all/co2272109.html
jobs.51job.com/all/co2988130.html
jobs.51job.com/all/co2400440.html
jobs.51job.com/all/co3580805.html
jobs.51job.com/all/co4488086.html
jobs.51job.com/all/co4604231.html
jobs.51job.com/all/co272647.html
jobs.51job.com/all/co2763987.html
jobs.51job.com/all/co2964610.html
jobs.51job.com/all/co4128216.html
jobs.51job.com/all/co4047354.html
jobs.51job.com/all/co4416904.html
jobs.51job.com/all/co2866429.html
jobs.51job.com/all/co4088039.html
jobs.51job.com/all/co2868528.html
jobs.51job.com/all/co3799376.html
jobs.51job.com/all/co4898134.html
jobs.51job.com/all/co4940376.html
jobs.51job.com/all/co2447519.html
jobs.51job.com/all/co2547891.html
jobs.51job.com/all/co3836970.html
jobs.51job.com/all/co2810797.html
jobs.51job.com/all/co4913565.html
jobs.51job.com/all/co2930998.html
jobs.51job.com/all/co3962981.html
jobs.51job.com/all/co4575557.html
jobs.51job.com/all/co3819002.html
jobs.51job.com/all/co3478508.html
jobs.51job.com/all/co4070259.html
jobs.51job.com/all/co2997826.html
jobs.51job.com/all/co2412336.html
jobs.51job.com/all/co3894550.html
jobs.51job.com/all/co2693540.html
jobs.51job.com/all/co4189780.html
jobs.51job.com/all/co2862730.html
jobs.51job.com/all/co3740780.html
jobs.51job.com/all/co2400373.html
jobs.51job.com/all/co4907718.html
jobs.51job.com/all/co3618284.html
jobs.51job.com/all/co4855233.html
jobs.51job.com/all/co3750849.html
jobs.51job.com/all/co2332304.html
jobs.51job.com/all/co1164293.html
zjsj.51job.com/
jobs.51job.com/all/co187624.html
jobs.51job.com/all/co4835798.html
jobs.51job.com/all/co3644598.html
jobs.51job.com/all/co2660255.html
jobs.51job.com/all/co3833785.html
jobs.51job.com/all/co2777715.html
ldjt.51job.com/job_list2.php?company=2479056
jobs.51job.com/all/co3529288.html
jobs.51job.com/all/co2469574.html
jobs.51job.com/all/co4280854.html
jobs.51job.com/all/co2366992.html
jobs.51job.com/all/co4529999.html
jobs.51job.com/all/co3309510.html
jobs.51job.com/all/co4690058.html
jobs.51job.com/all/co3324611.html
jobs.51job.com/all/co3894200.html
jobs.51job.com/all/co4246011.html
jobs.51job.com/all/co4205989.html
jobs.51job.com/all/co4710620.html
jobs.51job.com/all/co3004386.html
jobs.51job.com/all/co4793913.html
jobs.51job.com/all/co3266690.html
jobs.51job.com/all/co3814052.html
jobs.51job.com/all/co4563869.html
jobs.51job.com/all/co4172644.html
jobs.51job.com/all/co3721241.html
jobs.51job.com/all/co3957365.html
jobs.51job.com/all/co3564793.html
jobs.51job.com/all/co4857427.html
jobs.51job.com/all/co2827189.html
jobs.51job.com/all/co3290486.html
jobs.51job.com/all/co2888126.html
jobs.51job.com/all/co3469407.html
jobs.51job.com/all/co2792209.html
jobs.51job.com/all/co237519.html
jobs.51job.com/all/co2895632.html
jobs.51job.com/all/co2722538.html
jobs.51job.com/all/co2733559.html
jobs.51job.com/all/co4645971.html
jobs.51job.com/all/co3206384.html
jobs.51job.com/all/co2492865.html
jobs.51job.com/all/co1224397.html
jobs.51job.com/all/co4387191.html
jobs.51job.com/all/co2420001.html
jobs.51job.com/all/co4081891.html
jobs.51job.com/all/co1146173.html
jobs.51job.com/all/co2550920.html
zj32.51job.com
jobs.51job.com/all/co190476.html
jobs.51job.com/all/co4458803.html
jobs.51job.com/all/co4674713.html
jobs.51job.com/all/co2686475.html
jobs.51job.com/all/co3397246.html
jobs.51job.com/all/co4640986.html
jobs.51job.com/all/co4855667.html
jobs.51job.com/all/co4008109.html
jobs.51job.com/all/co2191801.html
jobs.51job.com/all/co2546228.html
jobs.51job.com/all/co4684204.html
jobs.51job.com/all/co2931614.html
jobs.51job.com/all/co2741719.html
jobs.51job.com/all/co4267877.html
jobs.51job.com/all/co2724344.html
jobs.51job.com/all/co4548566.html
jobs.51job.com/all/co3029050.html
jobs.51job.com/all/co2309233.html
zj32.51job.com
jobs.51job.com/all/co4837948.html
jobs.51job.com/all/co3150142.html
jobs.51job.com/all/co3834445.html
jobs.51job.com/all/co4267095.html
jobs.51job.com/all/co4677969.html
jobs.51job.com/all/co4471365.html
jobs.51job.com/all/co4867928.html
jobs.51job.com/all/co2360569.html
jobs.51job.com/all/co4337332.html
jobs.51job.com/all/co3053801.html
jobs.51job.com/all/co3553669.html
jobs.51job.com/all/co4585296.html
jobs.51job.com/all/co2866178.html
jobs.51job.com/all/co4647834.html
jobs.51job.com/all/co4888740.html
jobs.51job.com/all/co2625812.html
jobs.51job.com/all/co3814473.html
jobs.51job.com/all/co3222625.html
jobs.51job.com/all/co3879104.html
jobs.51job.com/all/co4341946.html
jobs.51job.com/all/co3233090.html
jobs.51job.com/all/co4092206.html
jobs.51job.com/all/co2455764.html
jobs.51job.com/all/co3733342.html
jobs.51job.com/all/co2511858.html
jobs.51job.com/all/co2857901.html
jobs.51job.com/all/co4448184.html
jobs.51job.com/all/co3821841.html
jobs.51job.com/all/co2940230.html
jobs.51job.com/all/co4288960.html
jobs.51job.com/all/co2891098.html
jobs.51job.com/all/co4071757.html
jobs.51job.com/all/co4113598.html
jobs.51job.com/all/co4373507.html
jobs.51job.com/all/co4258697.html
jobs.51job.com/all/co3787502.html
jobs.51job.com/all/co3853271.html
jobs.51job.com/all/co4485988.html
jobs.51job.com/all/co3719097.html
jobs.51job.com/all/co2423326.html
jobs.51job.com/all/co4095033.html
jobs.51job.com/all/co4810509.html
jobs.51job.com/all/co4870259.html
jobs.51job.com/all/co4029678.html
jobs.51job.com/all/co2557141.html
jobs.51job.com/all/co4335183.html
jobs.51job.com/all/co3875384.html
jobs.51job.com/all/co4632198.html
jobs.51job.com/all/co4298626.html
jobs.51job.com/all/co2400437.html
jobs.51job.com/all/co4865612.html
jobs.51job.com/all/co2424707.html
jobs.51job.com/all/co2497058.html
jobs.51job.com/all/co2970669.html
jobs.51job.com/all/co3772985.html
jobs.51job.com/all/co4842555.html
jobs.51job.com/all/co4621443.html
jobs.51job.com/all/co2553885.html
jobs.51job.com/all/co2536837.html
jobs.51job.com/all/co2572838.html
jobs.51job.com/all/co2066414.html
jobs.51job.com/all/co4871180.html
jobs.51job.com/all/co3216120.html
jobs.51job.com/all/co4727543.html
jobs.51job.com/all/co4605592.html
jobs.51job.com/all/co3721511.html
jobs.51job.com/all/co2718593.html
jobs.51job.com/all/co4570034.html
jobs.51job.com/all/co4231201.html
jobs.51job.com/all/co3372646.html
jobs.51job.com/all/co2097055.html
jobs.51job.com/all/co4839047.html
jobs.51job.com/all/co2917983.html
jobs.51job.com/all/co4068354.html
jobs.51job.com/all/co3172741.html
jobs.51job.com/all/co3630383.html
jobs.51job.com/all/co4864979.html
jobs.51job.com/all/co3107287.html
jobs.51job.com/all/co148764.html
jobs.51job.com/all/co3780186.html
jobs.51job.com/all/co2708266.html
jobs.51job.com/all/co2220020.html
jobs.51job.com/all/co3099174.html
jobs.51job.com/all/co2694499.html
jobs.51job.com/all/co2467045.html
jobs.51job.com/all/co2501944.html
jobs.51job.com/all/co4506950.html
jobs.51job.com/all/co4829178.html
jobs.51job.com/all/co3947965.html
jobs.51job.com/all/co2846584.html
jobs.51job.com/all/co2424430.html
jobs.51job.com/all/co4617607.html
jobs.51job.com/all/co4023523.html
jobs.51job.com/all/co3479980.html
jobs.51job.com/all/co4301456.html
jobs.51job.com/all/co2319694.html
jobs.51job.com/all/co4668273.html
jobs.51job.com/all/co4008128.html
jobs.51job.com/all/co4690852.html
jobs.51job.com/all/co2920675.html
jobs.51job.com/all/co3582710.html
jobs.51job.com/all/co2686438.html
jobs.51job.com/all/co2558175.html
jobs.51job.com/all/co4897624.html
jobs.51job.com/all/co2727966.html
jobs.51job.com/all/co4367161.html
jobs.51job.com/all/co4228749.html
jobs.51job.com/all/co3695062.html
jobs.51job.com/all/co3128714.html
jobs.51job.com/all/co3592523.html
jobs.51job.com/all/co3402213.html
jobs.51job.com/all/co4254191.html
jobs.51job.com/all/co3535200.html
jobs.51job.com/all/co4264997.html
jobs.51job.com/all/co3946703.html
jobs.51job.com/all/co4785140.html
jobs.51job.com/all/co2402499.html
jobs.51job.com/all/co2581123.html
jobs.51job.com/all/co2361906.html
jobs.51job.com/all/co2959467.html
jobs.51job.com/all/co4093123.html
jobs.51job.com/all/co4102091.html
jobs.51job.com/all/co3454894.html
jobs.51job.com/all/co663699.html
jobs.51job.com/all/co4212771.html
jobs.51job.com/all/co2410062.html
jobs.51job.com/all/co2402467.html
jobs.51job.com/all/co4505231.html
jobs.51job.com/all/co3138595.html
jobs.51job.com/all/co4031170.html
jobs.51job.com/all/co2591207.html
jobs.51job.com/all/co3613104.html
jobs.51job.com/all/co2554479.html
jobs.51job.com/all/co4896990.html
jobs.51job.com/all/co2609722.html
jobs.51job.com/all/co4761624.html
jobs.51job.com/all/co4504935.html
jobs.51job.com/all/co3649699.html
jobs.51job.com/all/co4752620.html
jobs.51job.com/all/co3788173.html
jobs.51job.com/all/co3327291.html
jobs.51job.com/all/co4205507.html
jobs.51job.com/all/co3798005.html
jobs.51job.com/all/co2971567.html
jobs.51job.com/all/co3027263.html
jobs.51job.com/all/co3913313.html
jobs.51job.com/all/co3031318.html
jobs.51job.com/all/co2900131.html
jobs.51job.com/all/co2879748.html
jobs.51job.com/all/co3191949.html
jobs.51job.com/all/co4936202.html
jobs.51job.com/all/co4859814.html
jobs.51job.com/all/co4254921.html
jobs.51job.com/all/co4726872.html
jobs.51job.com/all/co3037664.html
jobs.51job.com/all/co3957564.html
jobs.51job.com/all/co4733541.html
jobs.51job.com/all/co3413798.html
jobs.51job.com/all/co3185599.html
jobs.51job.com/all/co4867665.html
jobs.51job.com/all/co4940044.html
jobs.51job.com/all/co2211269.html
jobs.51job.com/all/co4875924.html
jobs.51job.com/all/co4199914.html
jobs.51job.com/all/co2531129.html
jobs.51job.com/all/co2538861.html
jobs.51job.com/all/co4055003.html
jobs.51job.com/all/co4454470.html
jobs.51job.com/all/co4814643.html
jobs.51job.com/all/co2343924.html
jobs.51job.com/all/co4442876.html
jobs.51job.com/all/co3092247.html
jobs.51job.com/all/co3887129.html
jobs.51job.com/all/co3428169.html
jobs.51job.com/all/co3258021.html
jobs.51job.com/all/co4603965.html
jobs.51job.com/all/co2651487.html
jobs.51job.com/all/co4206875.html
jobs.51job.com/all/co4408835.html
jobs.51job.com/all/co2391994.html
jobs.51job.com/all/co2249044.html
jobs.51job.com/all/co4389758.html
jobs.51job.com/all/co3852523.html
jobs.51job.com/all/co3244364.html
jobs.51job.com/all/co2789820.html
jobs.51job.com/all/co4145470.html
jobs.51job.com/all/co4449395.html
jobs.51job.com/all/co3458846.html
jobs.51job.com/all/co391469.html
jobs.51job.com/all/co4214932.html
jobs.51job.com/all/co2261556.html
jobs.51job.com/all/co2921850.html
jobs.51job.com/all/co3207051.html
jobs.51job.com/all/co2637110.html
jobs.51job.com/all/co2283685.html
jobs.51job.com/all/co3899658.html
jobs.51job.com/all/co2307796.html
jobs.51job.com/all/co3711025.html
jobs.51job.com/all/co4156956.html
jobs.51job.com/all/co4368474.html
jobs.51job.com/all/co3747228.html
jobs.51job.com/all/co4401019.html
jobs.51job.com/all/co4370907.html
jobs.51job.com/all/co3877828.html
jobs.51job.com/all/co2363752.html
jobs.51job.com/all/co3141708.html
jobs.51job.com/all/co2550472.html
jobs.51job.com/all/co2733580.html
jobs.51job.com/all/co4876852.html
jobs.51job.com/all/co4609355.html
jobs.51job.com/all/co2815804.html
jobs.51job.com/all/co3238996.html
jobs.51job.com/all/co4325337.html
jobs.51job.com/all/co4018756.html
jobs.51job.com/all/co4799072.html
jobs.51job.com/all/co3989918.html
jobs.51job.com/all/co593246.html
jobs.51job.com/all/co4914284.html
jobs.51job.com/all/co3841921.html
jobs.51job.com/all/co3107511.html
jobs.51job.com/all/co2332983.html
jobs.51job.com/all/co4696860.html
jobs.51job.com/all/co3058940.html
jobs.51job.com/all/co134495.html
jobs.51job.com/all/co2889713.html
jobs.51job.com/all/co4606183.html
jobs.51job.com/all/co2616483.html
jobs.51job.com/all/co2545663.html
jobs.51job.com/all/co148741.html
jobs.51job.com/all/co2513787.html
jobs.51job.com/all/co3273882.html
jobs.51job.com/all/co4453662.html
jobs.51job.com/all/co2853820.html
jobs.51job.com/all/co2559021.html
jobs.51job.com/all/co170819.html
jobs.51job.com/all/co4240302.html
jobs.51job.com/all/co3581800.html
jobs.51job.com/all/co2565112.html
jobs.51job.com/all/co4027818.html
jobs.51job.com/all/co3946163.html
jobs.51job.com/all/co3070537.html
jobs.51job.com/all/co4742608.html
jobs.51job.com/all/co4551130.html
jobs.51job.com/all/co2740019.html
jobs.51job.com/all/co4867997.html
jobs.51job.com/all/co4667017.html
jobs.51job.com/all/co3672642.html
jobs.51job.com/all/co3568513.html
jobs.51job.com/all/co4696225.html
jobs.51job.com/all/co4392908.html
jobs.51job.com/all/co3403152.html
jobs.51job.com/all/co2897705.html
jobs.51job.com/all/co2659906.html
jobs.51job.com/all/co2629824.html
jobs.51job.com/all/co3770042.html
jobs.51job.com/all/co4521650.html
jobs.51job.com/all/co4518241.html
jobs.51job.com/all/co3270075.html
jobs.51job.com/all/co3168053.html
jobs.51job.com/all/co2865235.html
jobs.51job.com/all/co4921033.html
jobs.51job.com/all/co4081163.html
jobs.51job.com/all/co2865646.html
jobs.51job.com/all/co3312388.html
jobs.51job.com/all/co3974480.html
jobs.51job.com/all/co3711044.html
jobs.51job.com/all/co4908022.html
jobs.51job.com/all/co2999839.html
jobs.51job.com/all/co2139557.html
jobs.51job.com/all/co266509.html
jobs.51job.com/all/co1196956.html
jobs.51job.com/all/co2710109.html
jobs.51job.com/all/co3257366.html
jobs.51job.com/all/co3976925.html
jobs.51job.com/all/co3853054.html
jobs.51job.com/all/co3638745.html
jobs.51job.com/all/co4425134.html
jobs.51job.com/all/co3011530.html
jobs.51job.com/all/co2842748.html
jobs.51job.com/all/co2608229.html
jobs.51job.com/all/co4446354.html
jobs.51job.com/all/co3037584.html
jobs.51job.com/all/co3869358.html
jobs.51job.com/all/co136375.html
jobs.51job.com/all/co2582603.html
jobs.51job.com/all/co311571.html
jobs.51job.com/all/co3809259.html
jobs.51job.com/all/co2082904.html
jobs.51job.com/all/co167379.html
jobs.51job.com/all/co3062265.html
jobs.51job.com/all/co3963851.html
jobs.51job.com/all/co4201436.html
jobs.51job.com/all/co4808108.html
jobs.51job.com/all/co3130323.html
jobs.51job.com/all/co1989369.html
jobs.51job.com/all/co3768172.html
jobs.51job.com/all/co3016931.html
jobs.51job.com/all/co2996870.html
jobs.51job.com/all/co4333862.html
jobs.51job.com/all/co2554635.html
jobs.51job.com/all/co4227220.html
jobs.51job.com/all/co2695246.html
jobs.51job.com/all/co112867.html
jobs.51job.com/all/co4867568.html
jobs.51job.com/all/co2513057.html
jobs.51job.com/all/co2818744.html
jobs.51job.com/all/co4170001.html
jobs.51job.com/all/co3686583.html
jobs.51job.com/all/co3155431.html
jobs.51job.com/all/co3812976.html
jobs.51job.com/all/co3183048.html
jobs.51job.com/all/co111971.html
jobs.51job.com/all/co3239293.html
jobs.51job.com/all/co300909.html
jobs.51job.com/all/co4774127.html
jobs.51job.com/all/co3740977.html
jobs.51job.com/all/co4522408.html
jobs.51job.com/all/co4538700.html
jobs.51job.com/all/co4332026.html
jobs.51job.com/all/co4721370.html
jobs.51job.com/all/co2350381.html
jobs.51job.com/all/co2710050.html
jobs.51job.com/all/co3464689.html
jobs.51job.com/all/co4289532.html
jobs.51job.com/all/co4681920.html
jobs.51job.com/all/co3105852.html
jobs.51job.com/all/co3323272.html
jobs.51job.com/all/co3850761.html
jobs.51job.com/all/co2429113.html
jobs.51job.com/all/co4358819.html
jobs.51job.com/all/co1470757.html
jobs.51job.com/all/co4513682.html
jobs.51job.com/all/co4781582.html
jobs.51job.com/all/co3629985.html
jobs.51job.com/all/co2207764.html
jobs.51job.com/all/co2526801.html
jobs.51job.com/all/co3393010.html
jobs.51job.com/all/co2787419.html
jobs.51job.com/all/co2460191.html
jobs.51job.com/all/co2530384.html
jobs.51job.com/all/co4383842.html
jobs.51job.com/all/co3043620.html
jobs.51job.com/all/co141361.html
jobs.51job.com/all/co2633696.html
jobs.51job.com/all/co3659163.html
jobs.51job.com/all/co3312112.html
jobs.51job.com/all/co4881436.html
jobs.51job.com/all/co3966272.html
jobs.51job.com/all/co4197665.html
jobs.51job.com/all/co4446378.html
jobs.51job.com/all/co4628049.html
jobs.51job.com/all/co4573186.html
zjsj.51job.com
jobs.51job.com/all/co3225265.html
jobs.51job.com/all/co3711929.html
jobs.51job.com/all/co1991740.html
jobs.51job.com/all/co4728110.html
jobs.51job.com/all/co2841500.html
jobs.51job.com/all/co4322205.html
jobs.51job.com/all/co4145896.html
jobs.51job.com/all/co4740141.html
jobs.51job.com/all/co4847782.html
jobs.51job.com/all/co2933084.html
jobs.51job.com/all/co2390225.html
jobs.51job.com/all/co3501096.html
jobs.51job.com/all/co2861274.html
jobs.51job.com/all/co3157296.html
jobs.51job.com/all/co253648.html
jobs.51job.com/all/co2391533.html
jobs.51job.com/all/co4335301.html
jobs.51job.com/all/co3257681.html
jobs.51job.com/all/co4172107.html
jobs.51job.com/all/co3639576.html
jobs.51job.com/all/co4367475.html
jobs.51job.com/all/co2904245.html
jobs.51job.com/all/co2587304.html
jobs.51job.com/all/co2290864.html
jobs.51job.com/all/co3242701.html
jobs.51job.com/all/co2002753.html
jobs.51job.com/all/co4410196.html
jobs.51job.com/all/co4250337.html
jobs.51job.com/all/co4402358.html
jobs.51job.com/all/co3868399.html
jobs.51job.com/all/co3241139.html
jobs.51job.com/all/co2405079.html
jobs.51job.com/all/co4920255.html
jobs.51job.com/all/co2727172.html
jobs.51job.com/all/co2625447.html
jobs.51job.com/all/co4856267.html
jobs.51job.com/all/co4475640.html
jobs.51job.com/all/co4146142.html
jobs.51job.com/all/co4290118.html
jobs.51job.com/all/co4541327.html
jobs.51job.com/all/co3772415.html
jobs.51job.com/all/co2395558.html
jobs.51job.com/all/co2338021.html
jobs.51job.com/all/co4778823.html
jobs.51job.com/all/co3531427.html
jobs.51job.com/all/co3653677.html
jobs.51job.com/all/co4533502.html
jobs.51job.com/all/co4736674.html
jobs.51job.com/all/co4059680.html
jobs.51job.com/all/co4042747.html
jobs.51job.com/all/co3390721.html
jobs.51job.com/all/co2645717.html
jobs.51job.com/all/co226865.html
jobs.51job.com/all/co4939119.html
jobs.51job.com/all/co3453663.html
jobs.51job.com/all/co2630239.html
jobs.51job.com/all/co2656866.html
jobs.51job.com/all/co2177507.html
jobs.51job.com/all/co3232947.html
jobs.51job.com/all/co3083941.html
jobs.51job.com/all/co3319199.html
jobs.51job.com/all/co4428286.html
jobs.51job.com/all/co4852757.html
jobs.51job.com/all/co3812549.html
jobs.51job.com/all/co2713783.html
jobs.51job.com/all/co4904139.html
jobs.51job.com/all/co3903858.html
jobs.51job.com/all/co2204084.html
jobs.51job.com/all/co4737320.html
jobs.51job.com/all/co2306265.html
jobs.51job.com/all/co3660778.html
jobs.51job.com/all/co4816040.html
jobs.51job.com/all/co3898303.html
jobs.51job.com/all/co2912588.html
jobs.51job.com/all/co2665479.html
jobs.51job.com/all/co4714701.html
jobs.51job.com/all/co4233999.html
jobs.51job.com/all/co4177765.html
jobs.51job.com/all/co4949673.html
jobs.51job.com/all/co4949676.html
jobs.51job.com/all/co4949664.html
jobs.51job.com/all/co4949670.html
jobs.51job.com/all/co3948266.html
jobs.51job.com/all/co4945636.html
jobs.51job.com/all/co4274728.html
jobs.51job.com/all/co2454588.html
jobs.51job.com/all/co2844419.html
jobs.51job.com/all/co4238825.html
jobs.51job.com/all/co4815832.html
jobs.51job.com/all/co4168561.html
jobs.51job.com/all/co4477801.html
jobs.51job.com/all/co3670890.html
jobs.51job.com/all/co2614991.html
jobs.51job.com/all/co3837595.html
jobs.51job.com/all/co3869964.html
jobs.51job.com/all/co2923796.html
jobs.51job.com/all/co3696187.html
jobs.51job.com/all/co3573272.html
jobs.51job.com/all/co4177700.html
jobs.51job.com/all/co4688114.html
jobs.51job.com/all/co4438254.html
jobs.51job.com/all/co2822009.html
jobs.51job.com/all/co2646639.html
jobs.51job.com/all/co3863343.html
zjsj.51job.com/
jobs.51job.com/all/co2611526.html
jobs.51job.com/all/co3157398.html
jobs.51job.com/all/co4760992.html
jobs.51job.com/all/co3063070.html
jobs.51job.com/all/co4503192.html
jobs.51job.com/all/co219422.html
jobs.51job.com/all/co2556969.html
jobs.51job.com/all/co2205566.html
jobs.51job.com/all/co4195547.html
jobs.51job.com/all/co3205404.html
jobs.51job.com/all/co4811752.html
jobs.51job.com/all/co4764960.html
jobs.51job.com/all/co2419438.html
jobs.51job.com/all/co2757674.html
jobs.51job.com/all/co3920921.html
jobs.51job.com/all/co4815271.html
jobs.51job.com/all/co4008270.html
jobs.51job.com/all/co3033219.html
jobs.51job.com/all/co4361614.html
jobs.51job.com/all/co3063879.html
jobs.51job.com/all/co3643636.html
jobs.51job.com/all/co4047565.html
jobs.51job.com/all/co2711185.html
jobs.51job.com/all/co4945633.html
jobs.51job.com/all/co4518763.html
jobs.51job.com/all/co2352025.html
jobs.51job.com/all/co2945900.html
jobs.51job.com/all/co4685376.html
jobs.51job.com/all/co4904339.html
jobs.51job.com/all/co4448113.html
jobs.51job.com/all/co2220834.html
jobs.51job.com/all/co3905815.html
jobs.51job.com/all/co4686821.html
jobs.51job.com/all/co4853936.html
jobs.51job.com/all/co4915745.html
jobs.51job.com/all/co3912363.html
jobs.51job.com/all/co2519552.html
jobs.51job.com/all/co2198789.html
jobs.51job.com/all/co2558694.html
jobs.51job.com/all/co3809434.html
jobs.51job.com/all/co3580763.html
jobs.51job.com/all/co319238.html
jobs.51job.com/all/co4159978.html
jobs.51job.com/all/co3412047.html
jobs.51job.com/all/co4682090.html
jobs.51job.com/all/co2535565.html
jobs.51job.com/all/co4451739.html
jobs.51job.com/all/co2457048.html
jobs.51job.com/all/co2298140.html
jobs.51job.com/all/co4345648.html
jobs.51job.com/all/co4534935.html
jobs.51job.com/all/co4454688.html
jobs.51job.com/all/co3479827.html
jobs.51job.com/all/co3056860.html
jobs.51job.com/all/co3685645.html
jobs.51job.com/all/co2962221.html
jobs.51job.com/all/co3003847.html
jobs.51job.com/all/co3279924.html
jobs.51job.com/all/co3652318.html
jobs.51job.com/all/co3223997.html
jobs.51job.com/all/co2940362.html
jobs.51job.com/all/co4383920.html
jobs.51job.com/all/co4212314.html
jobs.51job.com/all/co3495723.html
jobs.51job.com/all/co3909365.html
jobs.51job.com/all/co4414006.html
jobs.51job.com/all/co4390378.html
jobs.51job.com/all/co2546836.html
jobs.51job.com/all/co4742389.html
jobs.51job.com/all/co2553344.html
jobs.51job.com/all/co4793665.html
jobs.51job.com/all/co4521901.html
jobs.51job.com/all/co3149419.html
jobs.51job.com/all/co3562787.html
jobs.51job.com/all/co2682159.html
jobs.51job.com/all/co3512566.html
jobs.51job.com/all/co3390428.html
jobs.51job.com/all/co4812421.html
jobs.51job.com/all/co4485675.html
jobs.51job.com/all/co4805251.html
jobs.51job.com/all/co4298788.html
jobs.51job.com/all/co4914623.html
jobs.51job.com/all/co2293004.html
jobs.51job.com/all/co4283107.html
jobs.51job.com/all/co4914801.html
jobs.51job.com/all/co3642764.html
jobs.51job.com/all/co3068017.html
jobs.51job.com/all/co114531.html
jobs.51job.com/all/co4316120.html
jobs.51job.com/all/co4299979.html
jobs.51job.com/all/co2678633.html
jobs.51job.com/all/co2743232.html
jobs.51job.com/all/co2418581.html
jobs.51job.com/all/co3597846.html
jobs.51job.com/all/co2615337.html
jobs.51job.com/all/co479375.html
jobs.51job.com/all/co2741891.html
jobs.51job.com/all/co2601045.html
jobs.51job.com/all/co2359852.html
jobs.51job.com/all/co4649679.html
jobs.51job.com/all/co3063984.html
jobs.51job.com/all/co3079759.html
jobs.51job.com/all/co2990841.html
jobs.51job.com/all/co2916945.html
jobs.51job.com/all/co3178708.html
jobs.51job.com/all/co4540866.html
jobs.51job.com/all/co4474129.html
jobs.51job.com/all/co4098059.html
jobs.51job.com/all/co576250.html
jobs.51job.com/all/co4921218.html
jobs.51job.com/all/co2877197.html
jobs.51job.com/all/co2925135.html
jobs.51job.com/all/co4820078.html
jobs.51job.com/all/co4857936.html
jobs.51job.com/all/co4138552.html
jobs.51job.com/all/co230549.html
jobs.51job.com/all/co4795650.html
jobs.51job.com/all/co4896682.html
jobs.51job.com/all/co3225720.html
jobs.51job.com/all/co3913587.html
jobs.51job.com/all/co4311576.html
jobs.51job.com/all/co4400004.html
jobs.51job.com/all/co4439319.html
jobs.51job.com/all/co2063766.html
jobs.51job.com/all/co4088813.html
jobs.51job.com/all/co4191199.html
jobs.51job.com/all/co2829240.html
jobs.51job.com/all/co4910181.html
jobs.51job.com/all/co805044.html
jobs.51job.com/all/co4779569.html
jobs.51job.com/all/co4333719.html
jobs.51job.com/all/co2579432.html
jobs.51job.com/all/co4879837.html
jobs.51job.com/all/co156141.html
jobs.51job.com/all/co3453274.html
jobs.51job.com/all/co3995787.html
jobs.51job.com/all/co4632740.html
jobs.51job.com/all/co4606713.html
jobs.51job.com/all/co4403367.html
jobs.51job.com/all/co4307495.html
jobs.51job.com/all/co2882075.html
zj32.51job.com
jobs.51job.com/all/co3018733.html
jobs.51job.com/all/co2947993.html
jobs.51job.com/all/co3346715.html
jobs.51job.com/all/co2784966.html
jobs.51job.com/all/co3914041.html
jobs.51job.com/all/co3900288.html
zj32.51job.com
jobs.51job.com/all/co4406104.html
jobs.51job.com/all/co4711720.html
jobs.51job.com/all/co3095932.html
jobs.51job.com/all/co2427246.html
jobs.51job.com/all/co4443220.html
jobs.51job.com/all/co4901769.html
jobs.51job.com/all/co2225467.html
jobs.51job.com/all/co4849203.html
jobs.51job.com/all/co1200254.html
jobs.51job.com/all/co3917244.html
jobs.51job.com/all/co4048798.html
jobs.51job.com/all/co4308861.html
jobs.51job.com/all/co3552246.html
jobs.51job.com/all/co3704391.html
jobs.51job.com/all/co4334547.html
jobs.51job.com/all/co4700458.html
jobs.51job.com/all/co2259240.html
jobs.51job.com/all/co3262369.html
jobs.51job.com/all/co4668158.html
jobs.51job.com/all/co2618346.html
jobs.51job.com/all/co2259297.html
jobs.51job.com/all/co4308767.html
jobs.51job.com/all/co3563495.html
jobs.51job.com/all/co2306576.html
jobs.51job.com/all/co2938532.html
jobs.51job.com/all/co3622141.html
jobs.51job.com/all/co3104834.html
jobs.51job.com/all/co4391004.html
jobs.51job.com/all/co2742977.html
jobs.51job.com/all/co4108823.html
jobs.51job.com/all/co2429084.html
jobs.51job.com/all/co4278789.html
jobs.51job.com/all/co2838239.html
jobs.51job.com/all/co4587350.html
jobs.51job.com/all/co2494171.html
jobs.51job.com/all/co4722745.html
jobs.51job.com/all/co3581332.html
jobs.51job.com/all/co4173652.html
jobs.51job.com/all/co4698482.html
jobs.51job.com/all/co2354417.html
jobs.51job.com/all/co4758529.html
jobs.51job.com/all/co4756614.html
jobs.51job.com/all/co4031771.html
jobs.51job.com/all/co3009992.html
jobs.51job.com/all/co3059729.html
jobs.51job.com/all/co3064561.html
jobs.51job.com/all/co3565865.html
sfzhaopin.51job.com
zjsj.51job.com/
jobs.51job.com/all/co3818695.html
jobs.51job.com/all/co4848379.html
jobs.51job.com/all/co4844649.html
jobs.51job.com/all/co1700818.html
jobs.51job.com/all/co3842255.html
jobs.51job.com/all/co4250015.html
jobs.51job.com/all/co3765083.html
jobs.51job.com/all/co4872896.html
jobs.51job.com/all/co3841263.html
jobs.51job.com/all/co2558817.html
jobs.51job.com/all/co3844964.html
jobs.51job.com/all/co4093666.html
jobs.51job.com/all/co3559867.html
jobs.51job.com/all/co4015608.html
jobs.51job.com/all/co4222876.html
jobs.51job.com/all/co4337700.html
jobs.51job.com/all/co4586050.html
jobs.51job.com/all/co4863689.html
jobs.51job.com/all/co2924796.html
jobs.51job.com/all/co4568401.html
jobs.51job.com/all/co2467946.html
jobs.51job.com/all/co2772534.html
jobs.51job.com/all/co3260152.html
jobs.51job.com/all/co3357432.html
jobs.51job.com/all/co3559519.html
jobs.51job.com/all/co4228693.html
jobs.51job.com/all/co4936673.html
jobs.51job.com/all/co2868292.html
jobs.51job.com/all/co4414366.html
jobs.51job.com/all/co3812686.html
jobs.51job.com/all/co4276410.html
jobs.51job.com/all/co3823002.html
jobs.51job.com/all/co2966940.html
jobs.51job.com/all/co2725158.html
jobs.51job.com/all/co2725158.html
jobs.51job.com/all/co2388536.html
jobs.51job.com/all/co2479930.html
jobs.51job.com/all/co4949758.html
jobs.51job.com/all/co4923764.html
jobs.51job.com/all/co2736471.html
jobs.51job.com/all/co2736471.html
jobs.51job.com/all/co2736471.html
jobs.51job.com/all/co4678263.html
jobs.51job.com/all/co2378456.html
jobs.51job.com/all/co3572416.html
jobs.51job.com/all/co2378456.html
jobs.51job.com/all/co3677620.html
jobs.51job.com/all/co4533724.html
jobs.51job.com/all/co4120876.html
jobs.51job.com/all/co2758858.html
jobs.51job.com/all/co2609228.html
jobs.51job.com/all/co2609228.html
jobs.51job.com/all/co4488132.html
jobs.51job.com/all/co321264.html
jobs.51job.com/all/co4476315.html
jobs.51job.com/all/co4476315.html
jobs.51job.com/all/co4476315.html
jobs.51job.com/all/co4409948.html
jobs.51job.com/all/co4302030.html
jobs.51job.com/all/co2063660.html
jobs.51job.com/all/co2555890.html
jobs.51job.com/all/co3828456.html
jobs.51job.com/all/co105413.html
jobs.51job.com/all/co2474851.html
jobs.51job.com/all/co2766769.html
jobs.51job.com/all/co4641779.html
jobs.51job.com/all/co4641779.html
jobs.51job.com/all/co325829.html
jobs.51job.com/all/co3009923.html
jobs.51job.com/all/co2962998.html
jobs.51job.com/all/co823250.html
jobs.51job.com/all/co823250.html
jobs.51job.com/all/co2479294.html
jobs.51job.com/all/co2554037.html
jobs.51job.com/all/co2554037.html
jobs.51job.com/all/co3139477.html
jobs.51job.com/all/co2509595.html
jobs.51job.com/all/co3616861.html
jobs.51job.com/all/co3525481.html
jobs.51job.com/all/co4870635.html
jobs.51job.com/all/co4870635.html
jobs.51job.com/all/co4453074.html
jobs.51job.com/all/co3301547.html
jobs.51job.com/all/co3154180.html
jobs.51job.com/all/co3154180.html
jobs.51job.com/all/co4453959.html
jobs.51job.com/all/co2406768.html
jobs.51job.com/all/co596739.html
jobs.51job.com/all/co3013390.html
jobs.51job.com/all/co3226697.html
jobs.51job.com/all/co3013390.html
jobs.51job.com/all/co2312491.html
jobs.51job.com/all/co2809593.html
jobs.51job.com/all/co2809593.html
jobs.51job.com/all/co2809593.html
jobs.51job.com/all/co4452040.html
jobs.51job.com/all/co4071231.html
jobs.51job.com/all/co2573737.html
jobs.51job.com/all/co3268799.html
jobs.51job.com/all/co2971456.html
jobs.51job.com/all/co4167311.html
jobs.51job.com/all/co4167311.html
jobs.51job.com/all/co4419419.html
jobs.51job.com/all/co4156284.html
jobs.51job.com/all/co4156284.html
jobs.51job.com/all/co4805202.html
jobs.51job.com/all/co4531257.html
jobs.51job.com/all/co4660661.html
jobs.51job.com/all/co3148987.html
jobs.51job.com/all/co4105559.html
jobs.51job.com/all/co4105559.html
jobs.51job.com/all/co4446633.html
jobs.51job.com/all/co2878114.html
jobs.51job.com/all/co2878114.html
jobs.51job.com/all/co2878114.html
jobs.51job.com/all/co4908188.html
jobs.51job.com/all/co4908188.html
jobs.51job.com/all/co4237409.html
jobs.51job.com/all/co4237409.html
jobs.51job.com/all/co2312380.html
jobs.51job.com/all/co3477226.html
jobs.51job.com/all/co2521357.html
jobs.51job.com/all/co1444304.html
jobs.51job.com/all/co1444304.html
jobs.51job.com/all/co2132734.html
jobs.51job.com/all/co3482754.html
jobs.51job.com/all/co4167310.html
jobs.51job.com/all/co3977721.html
jobs.51job.com/all/co276761.html
jobs.51job.com/all/co4482113.html
jobs.51job.com/all/co4821991.html
jobs.51job.com/all/co2010629.html
jobs.51job.com/all/co3714036.html
jobs.51job.com/all/co3714036.html
jobs.51job.com/all/co3714036.html
jobs.51job.com/all/co4442516.html
jobs.51job.com/all/co4788672.html
jobs.51job.com/all/co2550337.html
jobs.51job.com/all/co4603870.html
jobs.51job.com/all/co2947954.html
jobs.51job.com/all/co4945631.html
jobs.51job.com/all/co2778488.html
jobs.51job.com/all/co4578276.html
jobs.51job.com/all/co4678263.html
jobs.51job.com/all/co2739433.html
jobs.51job.com/all/co3277150.html
jobs.51job.com/all/co2266110.html
jobs.51job.com/all/co4762878.html
jobs.51job.com/all/co4762878.html
jobs.51job.com/all/co4762878.html
jobs.51job.com/all/co2869607.html
jobs.51job.com/all/co2539590.html
jobs.51job.com/all/co2539590.html
jobs.51job.com/all/co2400440.html
jobs.51job.com/all/co3861674.html
jobs.51job.com/all/co4604231.html
jobs.51job.com/all/co2763987.html
jobs.51job.com/all/co4047354.html
jobs.51job.com/all/co4088039.html
jobs.51job.com/all/co4088039.html
jobs.51job.com/all/co4874448.html
jobs.51job.com/all/co2388917.html
jobs.51job.com/all/co2388917.html
jobs.51job.com/all/co2388917.html
jobs.51job.com/all/co3623494.html
jobs.51job.com/all/co3836970.html
jobs.51job.com/all/co3389605.html
jobs.51job.com/all/co4913565.html
jobs.51job.com/all/co4575557.html
jobs.51job.com/all/co4070259.html
jobs.51job.com/all/co2997826.html
jobs.51job.com/all/co2412336.html
jobs.51job.com/all/co512322.html
jobs.51job.com/all/co512322.html
jobs.51job.com/all/co3894550.html
jobs.51job.com/all/co2693540.html
jobs.51job.com/all/co2769602.html
jobs.51job.com/all/co2952416.html
jobs.51job.com/all/co3618284.html
jobs.51job.com/all/co3618284.html
jobs.51job.com/all/co4855233.html
jobs.51job.com/all/co4855233.html
jobs.51job.com/all/co3750849.html
jobs.51job.com/all/co187624.html
jobs.51job.com/all/co3644598.html
jobs.51job.com/all/co2660255.html
jobs.51job.com/all/co2778488.html
jobs.51job.com/all/co4326931.html
ldjt.51job.com/job_list2.php?company=2479056
jobs.51job.com/all/co4326931.html
jobs.51job.com/all/co4326931.html
jobs.51job.com/all/co1987960.html
jobs.51job.com/all/co1987960.html
jobs.51job.com/all/co1987960.html
jobs.51job.com/all/co1987960.html
jobs.51job.com/all/co1987960.html
jobs.51job.com/all/co3004386.html
jobs.51job.com/all/co2888126.html
jobs.51job.com/all/co2492865.html
jobs.51job.com/all/co2895632.html
jobs.51job.com/all/co1224397.html
jobs.51job.com/all/co1224397.html
jobs.51job.com/all/co2736471.html
jobs.51job.com/all/co2420001.html
jobs.51job.com/all/co2550920.html
jobs.51job.com/all/co4793913.html
jobs.51job.com/all/co4793913.html
jobs.51job.com/all/co4793913.html
jobs.51job.com/all/co3397246.html
jobs.51job.com/all/co3397246.html
jobs.51job.com/all/co3397246.html
jobs.51job.com/all/co3397246.html
jobs.51job.com/all/co4640986.html
jobs.51job.com/all/co4008109.html
jobs.51job.com/all/co4008109.html
jobs.51job.com/all/co4407385.html
zj32.51job.com
jobs.51job.com/all/co2931614.html
jobs.51job.com/all/co2741719.html
jobs.51job.com/all/co4793913.html
jobs.51job.com/all/co4793913.html
jobs.51job.com/all/co4793913.html
jobs.51job.com/all/co4793913.html
jobs.51job.com/all/co4793913.html
jobs.51job.com/all/co4793913.html
jobs.51job.com/all/co4267877.html
jobs.51job.com/all/co4267877.html
jobs.51job.com/all/co2309233.html
zj32.51job.com
jobs.51job.com/all/co4837948.html
jobs.51job.com/all/co4578276.html
jobs.51job.com/all/co3834445.html
jobs.51job.com/all/co4867928.html
jobs.51job.com/all/co2266110.html
jobs.51job.com/all/co4081891.html
jobs.51job.com/all/co4888740.html
jobs.51job.com/all/co2625812.html
jobs.51job.com/all/co2625812.html
jobs.51job.com/all/co3222625.html
jobs.51job.com/all/co2625812.html
jobs.51job.com/all/co2940230.html
jobs.51job.com/all/co2940230.html
jobs.51job.com/all/co2940230.html
jobs.51job.com/all/co2511858.html
jobs.51job.com/all/co4373507.html
jobs.51job.com/all/co4647834.html
jobs.51job.com/all/co4578276.html
jobs.51job.com/all/co3787502.html
jobs.51job.com/all/co4095033.html
jobs.51job.com/all/co2557141.html
jobs.51job.com/all/co2557141.html
jobs.51job.com/all/co2557141.html
jobs.51job.com/all/co2627891.html
jobs.51job.com/all/co2627891.html
jobs.51job.com/all/co2627891.html
jobs.51job.com/all/co2627891.html
jobs.51job.com/all/co2627891.html
jobs.51job.com/all/co2627891.html
jobs.51job.com/all/co4298626.html
jobs.51job.com/all/co2970669.html
zj32.51job.com
jobs.51job.com/all/co3772985.html
jobs.51job.com/all/co4842555.html
jobs.51job.com/all/co4621443.html
jobs.51job.com/all/co4341946.html
jobs.51job.com/all/co4015857.html
jobs.51job.com/all/co4015857.html
jobs.51job.com/all/co3309510.html
jobs.51job.com/all/co4727543.html
jobs.51job.com/all/co3303039.html
jobs.51job.com/all/co4839047.html
jobs.51job.com/all/co3004386.html
jobs.51job.com/all/co2733559.html
jobs.51job.com/all/co3172741.html
jobs.51job.com/all/co3172741.html
jobs.51job.com/all/co173940.html
jobs.51job.com/all/co2733559.html
jobs.51job.com/all/co596739.html
jobs.51job.com/all/co2517722.html
jobs.51job.com/all/co2694499.html
jobs.51job.com/all/co596739.html
jobs.51job.com/all/co4938988.html
jobs.51job.com/all/co2726822.html
jobs.51job.com/all/co4617607.html
jobs.51job.com/all/co4023523.html
jobs.51job.com/all/co2609228.html
jobs.51job.com/all/co3543526.html
jobs.51job.com/all/co2724983.html
jobs.51job.com/all/co2724983.html
jobs.51job.com/all/co2694499.html
jobs.51job.com/all/co2694499.html
jobs.51job.com/all/co2694499.html
jobs.51job.com/all/co4784390.html
jobs.51job.com/all/co2388536.html
jobs.51job.com/all/co2388536.html
jobs.51job.com/all/co2727966.html
jobs.51job.com/all/co4317877.html
jobs.51job.com/all/co1444304.html
jobs.51job.com/all/co4367161.html
jobs.51job.com/all/co3592523.html
jobs.51job.com/all/co3592523.html
jobs.51job.com/all/co3175592.html
jobs.51job.com/all/co3175592.html
jobs.51job.com/all/co3175592.html
jobs.51job.com/all/co3535200.html
jobs.51job.com/all/co4264997.html
jobs.51job.com/all/co4785140.html
jobs.51job.com/all/co4785140.html
jobs.51job.com/all/co4407385.html
jobs.51job.com/all/co4407385.html
jobs.51job.com/all/co4407385.html
jobs.51job.com/all/co1476919.html
jobs.51job.com/all/co4597234.html
jobs.51job.com/all/co4597234.html
jobs.51job.com/all/co3389605.html
jobs.51job.com/all/co4317877.html
jobs.51job.com/all/co2982051.html
jobs.51job.com/all/co4923764.html
jobs.51job.com/all/co4923764.html
jobs.51job.com/all/co2982051.html
jobs.51job.com/all/co2411668.html
jobs.51job.com/all/co3635147.html
jobs.51job.com/all/co4317877.html
jobs.51job.com/all/co3572416.html
jobs.51job.com/all/co4641733.html
jobs.51job.com/all/co2736471.html
jobs.51job.com/all/co2736471.html
jobs.51job.com/all/co2736471.html
jobs.51job.com/all/co2736471.html
jobs.51job.com/all/co2736471.html
jobs.51job.com/all/co2736471.html
jobs.51job.com/all/co2736471.html
jobs.51job.com/all/co2736471.html
jobs.51job.com/all/co2736471.html
jobs.51job.com/all/co2736471.html
jobs.51job.com/all/co2736471.html
jobs.51job.com/all/co2736471.html
jobs.51job.com/all/co2573737.html
jobs.51job.com/all/co3572416.html
jobs.51job.com/all/co4002298.html
jobs.51job.com/all/co2415583.html
jobs.51job.com/all/co2415583.html
jobs.51job.com/all/co2410062.html
jobs.51job.com/all/co3572416.html
jobs.51job.com/all/co2415583.html
jobs.51job.com/all/co2402499.html
jobs.51job.com/all/co3677620.html
jobs.51job.com/all/co4504935.html
jobs.51job.com/all/co3780186.html
jobs.51job.com/all/co4752620.html
jobs.51job.com/all/co4752620.html
jobs.51job.com/all/co3327291.html
jobs.51job.com/all/co3798005.html
jobs.51job.com/all/co3798005.html
jobs.51job.com/all/co3798005.html
jobs.51job.com/all/co3798005.html
jobs.51job.com/all/co4839671.html
jobs.51job.com/all/co4120876.html
jobs.51job.com/all/co4120876.html
jobs.51job.com/all/co4120876.html
jobs.51job.com/all/co4120876.html
jobs.51job.com/all/co3031318.html
jobs.51job.com/all/co4856309.html
jobs.51job.com/all/co4856309.html
jobs.51job.com/all/co4856309.html
jobs.51job.com/all/co4856309.html
jobs.51job.com/all/co4856309.html
jobs.51job.com/all/co4856309.html
jobs.51job.com/all/co2879748.html
jobs.51job.com/all/co321264.html
jobs.51job.com/all/co4349061.html
jobs.51job.com/all/co4476315.html
jobs.51job.com/all/co3037664.html
jobs.51job.com/all/co3037664.html
jobs.51job.com/all/co4302030.html
jobs.51job.com/all/co4867665.html
jobs.51job.com/all/co2205617.html
jobs.51job.com/all/co3573274.html
jobs.51job.com/all/co3573274.html
jobs.51job.com/all/co3573274.html
jobs.51job.com/all/co164497.html
jobs.51job.com/all/co2211269.html
jobs.51job.com/all/co2211269.html
jobs.51job.com/all/co4726872.html
jobs.51job.com/all/co4726872.html
jobs.51job.com/all/co2063660.html
jobs.51job.com/all/co2531129.html
jobs.51job.com/all/co2531129.html
jobs.51job.com/all/co2531129.html
jobs.51job.com/all/co2531129.html
jobs.51job.com/all/co2531129.html
jobs.51job.com/all/co2531129.html
jobs.51job.com/all/co2531129.html
jobs.51job.com/all/co2531129.html
jobs.51job.com/all/co3880878.html
jobs.51job.com/all/co4055003.html
jobs.51job.com/all/co2343924.html
jobs.51job.com/all/co3543526.html
jobs.51job.com/all/co3629200.html
jobs.51job.com/all/co3428169.html
jobs.51job.com/all/co3428169.html
jobs.51job.com/all/co3258021.html
jobs.51job.com/all/co4603965.html
jobs.51job.com/all/co3565386.html
jobs.51job.com/all/co3565386.html
jobs.51job.com/all/co4206875.html
jobs.51job.com/all/co4408835.html
jobs.51job.com/all/co2391994.html
jobs.51job.com/all/co2789820.html
jobs.51job.com/all/co4145470.html
jobs.51job.com/all/co105413.html
jobs.51job.com/all/co2474851.html
jobs.51job.com/all/co391469.html
jobs.51job.com/all/co391469.html
jobs.51job.com/all/co391469.html
jobs.51job.com/all/co391469.html
jobs.51job.com/all/co391469.html
jobs.51job.com/all/co391469.html
jobs.51job.com/all/co391469.html
jobs.51job.com/all/co391469.html
jobs.51job.com/all/co391469.html
jobs.51job.com/all/co391469.html
jobs.51job.com/all/co2934340.html
jobs.51job.com/all/co2766769.html
jobs.51job.com/all/co3207051.html
jobs.51job.com/all/co3899658.html
jobs.51job.com/all/co4641779.html
jobs.51job.com/all/co4641779.html
jobs.51job.com/all/co2307796.html
jobs.51job.com/all/co4156956.html
jobs.51job.com/all/co4881681.html
jobs.51job.com/all/co4881681.html
jobs.51job.com/all/co2393080.html
jobs.51job.com/all/co3009923.html
jobs.51job.com/all/co3877828.html
jobs.51job.com/all/co3877828.html
jobs.51job.com/all/co3877828.html
jobs.51job.com/all/co3877828.html
jobs.51job.com/all/co4062179.html
jobs.51job.com/all/co823250.html
jobs.51job.com/all/co823250.html
jobs.51job.com/all/co823250.html
jobs.51job.com/all/co2467045.html
jobs.51job.com/all/co2467045.html
jobs.51job.com/all/co2467045.html
jobs.51job.com/all/co2479294.html
jobs.51job.com/all/co2479294.html
jobs.51job.com/all/co2479294.html
jobs.51job.com/all/co2479294.html
jobs.51job.com/all/co2554037.html
jobs.51job.com/all/co4015857.html
jobs.51job.com/all/co4301456.html
jobs.51job.com/all/co4015857.html
jobs.51job.com/all/co519209.html
jobs.51job.com/all/co3290236.html
jobs.51job.com/all/co3290236.html
jobs.51job.com/all/co2554810.html
jobs.51job.com/all/co593246.html
jobs.51job.com/all/co593246.html
jobs.51job.com/all/co593246.html
jobs.51job.com/all/co593246.html
jobs.51job.com/all/co593246.html
jobs.51job.com/all/co593246.html
jobs.51job.com/all/co593246.html
jobs.51job.com/all/co593246.html
jobs.51job.com/all/co593246.html
jobs.51job.com/all/co593246.html
jobs.51job.com/all/co593246.html
jobs.51job.com/all/co2682099.html
jobs.51job.com/all/co2682099.html
jobs.51job.com/all/co2682099.html
jobs.51job.com/all/co3911944.html
jobs.51job.com/all/co1683129.html
jobs.51job.com/all/co1683129.html
jobs.51job.com/all/co1683129.html
jobs.51job.com/all/co3992491.html
jobs.51job.com/all/co3992491.html
jobs.51job.com/all/co391469.html
jobs.51job.com/all/co391469.html
jobs.51job.com/all/co3273882.html
jobs.51job.com/all/co3273882.html
jobs.51job.com/all/co3273882.html
jobs.51job.com/all/co3273882.html
jobs.51job.com/all/co3273882.html
jobs.51job.com/all/co2509595.html
jobs.51job.com/all/co2509595.html
jobs.51job.com/all/co2853820.html
jobs.51job.com/all/co2853820.html
jobs.51job.com/all/co2853820.html
jobs.51job.com/all/co2853820.html
jobs.51job.com/all/co3204453.html
jobs.51job.com/all/co4829178.html
jobs.51job.com/all/co4829178.html
jobs.51job.com/all/co4240302.html
jobs.51job.com/all/co3483139.html
jobs.51job.com/all/co2777715.html
jobs.51job.com/all/co3070537.html
jobs.51job.com/all/co4867997.html
jobs.51job.com/all/co3977721.html
jobs.51job.com/all/co316507.html
jobs.51job.com/all/co316507.html
jobs.51job.com/all/co4894526.html
jobs.51job.com/all/co3525481.html
jobs.51job.com/all/co3525481.html
jobs.51job.com/all/co3525481.html
jobs.51job.com/all/co4392908.html
jobs.51job.com/all/co4392908.html
jobs.51job.com/all/co4392908.html
jobs.51job.com/all/co4392908.html
jobs.51job.com/all/co4392908.html
jobs.51job.com/all/co3403152.html
jobs.51job.com/all/co3403152.html
jobs.51job.com/all/co3965659.html
jobs.51job.com/all/co3256283.html
jobs.51job.com/all/co4677969.html
jobs.51job.com/all/co4875239.html
jobs.51job.com/all/co4875239.html
jobs.51job.com/all/co4875239.html
jobs.51job.com/all/co4870635.html
jobs.51job.com/all/co3770042.html
jobs.51job.com/all/co3770042.html
jobs.51job.com/all/co3183203.html
jobs.51job.com/all/co3183203.html
jobs.51job.com/all/co4883350.html
jobs.51job.com/all/co3270075.html
jobs.51job.com/all/co3270075.html
jobs.51job.com/all/co4453074.html
jobs.51job.com/all/co3301547.html
jobs.51job.com/all/co3312388.html
jobs.51job.com/all/co3312388.html
jobs.51job.com/all/co3154180.html
jobs.51job.com/all/co2581123.html
jobs.51job.com/all/co2139557.html
jobs.51job.com/all/co2139557.html
jobs.51job.com/all/co2139557.html
jobs.51job.com/all/co3638745.html
jobs.51job.com/all/co4425134.html
jobs.51job.com/all/co2357752.html
jobs.51job.com/all/co2842748.html
jobs.51job.com/all/co2842748.html
jobs.51job.com/all/co2842748.html
jobs.51job.com/all/co2842748.html
jobs.51job.com/all/co1476919.html
jobs.51job.com/all/co3081985.html
jobs.51job.com/all/co3081985.html
jobs.51job.com/all/co596739.html
jobs.51job.com/all/co596739.html
jobs.51job.com/all/co3226697.html
jobs.51job.com/all/co4093123.html
jobs.51job.com/all/co3013390.html
jobs.51job.com/all/co3226697.html
jobs.51job.com/all/co2278254.html
jobs.51job.com/all/co4224216.html
jobs.51job.com/all/co3013390.html
jobs.51job.com/all/co3013390.html
jobs.51job.com/all/co4446354.html
jobs.51job.com/all/co3454894.html
jobs.51job.com/all/co2312491.html
jobs.51job.com/all/co2809593.html
jobs.51job.com/all/co2809593.html
jobs.51job.com/all/co2809593.html
jobs.51job.com/all/co2809593.html
jobs.51job.com/all/co2809593.html
jobs.51job.com/all/co2809593.html
jobs.51job.com/all/co2809593.html
jobs.51job.com/all/co2809593.html
jobs.51job.com/all/co774093.html
jobs.51job.com/all/co774093.html
jobs.51job.com/all/co774093.html
jobs.51job.com/all/co3960557.html
jobs.51job.com/all/co167379.html
jobs.51job.com/all/co4071231.html
jobs.51job.com/all/co4071231.html
jobs.51job.com/all/co4551586.html
jobs.51job.com/all/co148764.html
jobs.51job.com/all/co148764.html
jobs.51job.com/all/co148764.html
jobs.51job.com/all/co148764.html
jobs.51job.com/all/co148764.html
jobs.51job.com/all/co148764.html
jobs.51job.com/all/co2573737.html
jobs.51job.com/all/co4397638.html
jobs.51job.com/all/co4333862.html
jobs.51job.com/all/co3204443.html
jobs.51job.com/all/co4254921.html
jobs.51job.com/all/co2816802.html
jobs.51job.com/all/co2695246.html
jobs.51job.com/all/co2695246.html
jobs.51job.com/all/co4432966.html
jobs.51job.com/all/co4432966.html
jobs.51job.com/all/co4867568.html
jobs.51job.com/all/co4867568.html
jobs.51job.com/all/co4867568.html
jobs.51job.com/all/co3268799.html
jobs.51job.com/all/co4170001.html
jobs.51job.com/all/co3582710.html
jobs.51job.com/all/co3155431.html
jobs.51job.com/all/co3155431.html
jobs.51job.com/all/co3183048.html
jobs.51job.com/all/co111971.html
jobs.51job.com/all/co4167311.html
jobs.51job.com/all/co3239293.html
jobs.51job.com/all/co3239293.html
jobs.51job.com/all/co300909.html
jobs.51job.com/all/co4419419.html
jobs.51job.com/all/co4419419.html
jobs.51job.com/all/co4419419.html
jobs.51job.com/all/co3667909.html
jobs.51job.com/all/co3667909.html
jobs.51job.com/all/co2424430.html
jobs.51job.com/all/co2424430.html
jobs.51job.com/all/co4522408.html
jobs.51job.com/all/co4332026.html
jobs.51job.com/all/co4531257.html
jobs.51job.com/all/co4531257.html
jobs.51job.com/all/co4531257.html
jobs.51job.com/all/co3464689.html
jobs.51job.com/all/co3464689.html
jobs.51job.com/all/co3464689.html
jobs.51job.com/all/co3148987.html
jobs.51job.com/all/co3148987.html
jobs.51job.com/all/co3148987.html
jobs.51job.com/all/co3148987.html
jobs.51job.com/all/co3148987.html
jobs.51job.com/all/co3148987.html
jobs.51job.com/all/co3148987.html
jobs.51job.com/all/co2410756.html
jobs.51job.com/all/co2410756.html
jobs.51job.com/all/co3323272.html
jobs.51job.com/all/co3323272.html
jobs.51job.com/all/co2429113.html
jobs.51job.com/all/co2429113.html
jobs.51job.com/all/co4105559.html
jobs.51job.com/all/co4105559.html
jobs.51job.com/all/co4105559.html
jobs.51job.com/all/co4105559.html
jobs.51job.com/all/co4105559.html
jobs.51job.com/all/co4105559.html
jobs.51job.com/all/co4105559.html
jobs.51job.com/all/co4105559.html
jobs.51job.com/all/co4358819.html
jobs.51job.com/all/co4513682.html
jobs.51job.com/all/co4513682.html
jobs.51job.com/all/co2651794.html
jobs.51job.com/all/co3369231.html
jobs.51job.com/all/co2526801.html
jobs.51job.com/all/co2763838.html
jobs.51job.com/all/co3138595.html
jobs.51job.com/all/co3138595.html
jobs.51job.com/all/co3230101.html
jobs.51job.com/all/co2460191.html
jobs.51job.com/all/co4504935.html
jobs.51job.com/all/co4254921.html
jobs.51job.com/all/co3543526.html
jobs.51job.com/all/co4761624.html
jobs.51job.com/all/co4857427.html
jobs.51job.com/all/co4488395.html
jobs.51job.com/all/co4488395.html
jobs.51job.com/all/co4493998.html
jobs.51job.com/all/co4493998.html
jobs.51job.com/all/co3312112.html
jobs.51job.com/all/co3312112.html
jobs.51job.com/all/co4573186.html
jobs.51job.com/all/co3740780.html
zjsj.51job.com
zjsj.51job.com
jobs.51job.com/all/co2312380.html
jobs.51job.com/all/co4822684.html
jobs.51job.com/all/co2401281.html
jobs.51job.com/all/co2501342.html
jobs.51job.com/all/co3977721.html
jobs.51job.com/all/co2900131.html
jobs.51job.com/all/co497208.html
jobs.51job.com/all/co497208.html
jobs.51job.com/all/co1991740.html
jobs.51job.com/all/co4857427.html
jobs.51job.com/all/co3477226.html
jobs.51job.com/all/co4205989.html
jobs.51job.com/all/co3695062.html
jobs.51job.com/all/co4145896.html
jobs.51job.com/all/co4145896.html
jobs.51job.com/all/co4145896.html
jobs.51job.com/all/co4740141.html
jobs.51job.com/all/co4740141.html
jobs.51job.com/all/co2933084.html
jobs.51job.com/all/co2933084.html
jobs.51job.com/all/co2584143.html
jobs.51job.com/all/co2132734.html
jobs.51job.com/all/co2132734.html
jobs.51job.com/all/co3550130.html
jobs.51job.com/all/co3550130.html
jobs.51job.com/all/co3550130.html
jobs.51job.com/all/co3550130.html
jobs.51job.com/all/co3550130.html
jobs.51job.com/all/co3550130.html
jobs.51job.com/all/co3550130.html
jobs.51job.com/all/co3550130.html
jobs.51job.com/all/co3550130.html
jobs.51job.com/all/co4097542.html
jobs.51job.com/all/co2554479.html
jobs.51job.com/all/co1554105.html
jobs.51job.com/all/co1554105.html
jobs.51job.com/all/co1554105.html
jobs.51job.com/all/co4740141.html
jobs.51job.com/all/co4740141.html
jobs.51job.com/all/co4604121.html
jobs.51job.com/all/co4167310.html
jobs.51job.com/all/co4167310.html
jobs.51job.com/all/co4167310.html
jobs.51job.com/all/co4167310.html
jobs.51job.com/all/co4788082.html
jobs.51job.com/all/co4920255.html
jobs.51job.com/all/co4856267.html
jobs.51job.com/all/co4856267.html
jobs.51job.com/all/co4581086.html
jobs.51job.com/all/co4335301.html
jobs.51job.com/all/co4482113.html
jobs.51job.com/all/co4821991.html
jobs.51job.com/all/co4821991.html
jobs.51job.com/all/co3653677.html
jobs.51job.com/all/co3653677.html
jobs.51job.com/all/co4059680.html
jobs.51job.com/all/co4042747.html
jobs.51job.com/all/co3390721.html
jobs.51job.com/all/co3390721.html
jobs.51job.com/all/co3390721.html
jobs.51job.com/all/co3390721.html
jobs.51job.com/all/co2933084.html
jobs.51job.com/all/co2933084.html
jobs.51job.com/all/co2933084.html
jobs.51job.com/all/co2933084.html
jobs.51job.com/all/co2933084.html
jobs.51job.com/all/co4416358.html
jobs.51job.com/all/co4416358.html
jobs.51job.com/all/co4416358.html
jobs.51job.com/all/co4939119.html
jobs.51job.com/all/co4939119.html
jobs.51job.com/all/co4115301.html
jobs.51job.com/all/co4115301.html
jobs.51job.com/all/co4115301.html
jobs.51job.com/all/co2656866.html
jobs.51job.com/all/co4264450.html
jobs.51job.com/all/co3151122.html
jobs.51job.com/all/co3151122.html
jobs.51job.com/all/co3151122.html
jobs.51job.com/all/co3714036.html
jobs.51job.com/all/co3714036.html
jobs.51job.com/all/co4442516.html
jobs.51job.com/all/co4442516.html
jobs.51job.com/all/co4442516.html
jobs.51job.com/all/co1561294.html
jobs.51job.com/all/co4428286.html
jobs.51job.com/all/co3208209.html
jobs.51job.com/all/co4852757.html
jobs.51job.com/all/co2225130.html
jobs.51job.com/all/co2204084.html
jobs.51job.com/all/co4327214.html
jobs.51job.com/all/co2947954.html
jobs.51job.com/all/co4254921.html
jobs.51job.com/all/co4686583.html
jobs.51job.com/all/co4227220.html
jobs.51job.com/all/co4816040.html
jobs.51job.com/all/co2627891.html
jobs.51job.com/all/co2627891.html
jobs.51job.com/all/co2665479.html
jobs.51job.com/all/co2665479.html
jobs.51job.com/all/co3207051.html
jobs.51job.com/all/co3612169.html
jobs.51job.com/all/co4949664.html
jobs.51job.com/all/co4949670.html
jobs.51job.com/all/co4949670.html
jobs.51job.com/all/co3740780.html
jobs.51job.com/all/co4904139.html
jobs.51job.com/all/co3929173.html
jobs.51job.com/all/co3929173.html
jobs.51job.com/all/co4678263.html
jobs.51job.com/all/co3948266.html
jobs.51job.com/all/co2454588.html
jobs.51job.com/all/co964818.html
jobs.51job.com/all/co4762878.html
jobs.51job.com/all/co3277150.html
jobs.51job.com/all/co3277150.html
jobs.51job.com/all/co2501944.html
jobs.51job.com/all/co2460191.html
jobs.51job.com/all/co4762878.html
jobs.51job.com/all/co4762878.html
jobs.51job.com/all/co3928656.html
jobs.51job.com/all/co2266110.html
jobs.51job.com/all/co4762878.html
jobs.51job.com/all/co4172644.html
jobs.51job.com/all/co4477801.html
jobs.51job.com/all/co4477801.html
jobs.51job.com/all/co3744626.html
jobs.51job.com/all/co2869607.html
jobs.51job.com/all/co4609355.html
jobs.51job.com/all/co358481.html
jobs.51job.com/all/co4855667.html
jobs.51job.com/all/co2400440.html
jobs.51job.com/all/co3277150.html
jobs.51job.com/all/co2400440.html
jobs.51job.com/all/co2400440.html
jobs.51job.com/all/co2822009.html
jobs.51job.com/all/co4488086.html
jobs.51job.com/all/co2547891.html
jobs.51job.com/all/co3863343.html
zjsj.51job.com/
jobs.51job.com/all/co3402213.html
jobs.51job.com/all/co4760992.html
jobs.51job.com/all/co272647.html
jobs.51job.com/all/co2763987.html
jobs.51job.com/all/co2205566.html
jobs.51job.com/all/co2205566.html
jobs.51job.com/all/co2205566.html
jobs.51job.com/all/co4811752.html
jobs.51job.com/all/co4811752.html
jobs.51job.com/all/co4128216.html
jobs.51job.com/all/co3290486.html
jobs.51job.com/all/co266509.html
jobs.51job.com/all/co2388917.html
jobs.51job.com/all/co4945636.html
jobs.51job.com/all/co4945636.html
jobs.51job.com/all/co4008270.html
jobs.51job.com/all/co4632198.html
jobs.51job.com/all/co2591207.html
jobs.51job.com/all/co3257681.html
jobs.51job.com/all/co3257681.html
jobs.51job.com/all/co3257681.html
jobs.51job.com/all/co3257681.html
jobs.51job.com/all/co3257681.html
jobs.51job.com/all/co4913565.html
jobs.51job.com/all/co4214932.html
jobs.51job.com/all/co4214932.html
jobs.51job.com/all/co4214932.html
jobs.51job.com/all/co3389605.html
jobs.51job.com/all/co3905815.html
jobs.51job.com/all/co512322.html
jobs.51job.com/all/co4448184.html
jobs.51job.com/all/co4575557.html
jobs.51job.com/all/co4575557.html
jobs.51job.com/all/co4575557.html
jobs.51job.com/all/co3478508.html
jobs.51job.com/all/co4070259.html
jobs.51job.com/all/co2558694.html
jobs.51job.com/all/co3809434.html
jobs.51job.com/all/co3809434.html
jobs.51job.com/all/co3809434.html
jobs.51job.com/all/co2412336.html
jobs.51job.com/all/co2412336.html
jobs.51job.com/all/co2412336.html
jobs.51job.com/all/co2412336.html
jobs.51job.com/all/co2412336.html
jobs.51job.com/all/co3905815.html
jobs.51job.com/all/co4682090.html
jobs.51job.com/all/co4682090.html
jobs.51job.com/all/co2535565.html
jobs.51job.com/all/co2457048.html
jobs.51job.com/all/co2298140.html
jobs.51job.com/all/co3740780.html
jobs.51job.com/all/co2400373.html
jobs.51job.com/all/co2400373.html
jobs.51job.com/all/co2400373.html
jobs.51job.com/all/co2400373.html
jobs.51job.com/all/co4454688.html
jobs.51job.com/all/co4212771.html
jobs.51job.com/all/co4212771.html
jobs.51job.com/all/co2952416.html
jobs.51job.com/all/co3618284.html
jobs.51job.com/all/co3618284.html
jobs.51job.com/all/co3618284.html
jobs.51job.com/all/co4855233.html
jobs.51job.com/all/co3750849.html
jobs.51job.com/all/co3750849.html
zjsj.51job.com/
zjsj.51job.com/
jobs.51job.com/all/co3869964.html
jobs.51job.com/all/co3644598.html
jobs.51job.com/all/co3644598.html
jobs.51job.com/all/co3644598.html
jobs.51job.com/all/co3644598.html
jobs.51job.com/all/co2962221.html
jobs.51job.com/all/co2962221.html
jobs.51job.com/all/co2312491.html
jobs.51job.com/all/co2660255.html
zjsj.51job.com/
zjsj.51job.com/
jobs.51job.com/all/co3833785.html
jobs.51job.com/all/co3833785.html
jobs.51job.com/all/co3833785.html
jobs.51job.com/all/co3833785.html
jobs.51job.com/all/co3833785.html
jobs.51job.com/all/co3833785.html
jobs.51job.com/all/co3833785.html
jobs.51job.com/all/co3223997.html
jobs.51job.com/all/co4383920.html
jobs.51job.com/all/co3495723.html
ldjt.51job.com/job_list2.php?company=2479056
jobs.51job.com/all/co4414006.html
jobs.51job.com/all/co4414006.html
jobs.51job.com/all/co4414006.html
jobs.51job.com/all/co4414006.html
jobs.51job.com/all/co4414006.html
jobs.51job.com/all/co4414006.html
jobs.51job.com/all/co4414006.html
jobs.51job.com/all/co2366992.html
jobs.51job.com/all/co4280854.html
jobs.51job.com/all/co4534935.html
jobs.51job.com/all/co4534935.html
jobs.51job.com/all/co4534935.html
jobs.51job.com/all/co4534935.html
jobs.51job.com/all/co1476919.html
jobs.51job.com/all/co316507.html
jobs.51job.com/all/co4793665.html
jobs.51job.com/all/co3011530.html
jobs.51job.com/all/co3562787.html
jobs.51job.com/all/co2682159.html
jobs.51job.com/all/co3512566.html
jobs.51job.com/all/co2900131.html
jobs.51job.com/all/co3324611.html
jobs.51job.com/all/co3894200.html
jobs.51job.com/all/co3543526.html
jobs.51job.com/all/co4326931.html
jobs.51job.com/all/co4842555.html
jobs.51job.com/all/co4485675.html
jobs.51job.com/all/co4485675.html
jobs.51job.com/all/co1987960.html
jobs.51job.com/all/co1987960.html
jobs.51job.com/all/co1987960.html
jobs.51job.com/all/co1987960.html
jobs.51job.com/all/co4067105.html
jobs.51job.com/all/co4805251.html
jobs.51job.com/all/co4805251.html
jobs.51job.com/all/co4805251.html
jobs.51job.com/all/co4298788.html
jobs.51job.com/all/co2360569.html
jobs.51job.com/all/co2360569.html
jobs.51job.com/all/co2933084.html
jobs.51job.com/all/co3266690.html
jobs.51job.com/all/co3543526.html
jobs.51job.com/all/co3543526.html
jobs.51job.com/all/co3629985.html
jobs.51job.com/all/co4563869.html
jobs.51job.com/all/co4563869.html
jobs.51job.com/all/co4563869.html
jobs.51job.com/all/co4563869.html
jobs.51job.com/all/co2396205.html
jobs.51job.com/all/co2865646.html
jobs.51job.com/all/co2678633.html
jobs.51job.com/all/co2198789.html
jobs.51job.com/all/co4857427.html
jobs.51job.com/all/co4857427.html
jobs.51job.com/all/co4857427.html
jobs.51job.com/all/co3719097.html
jobs.51job.com/all/co3290486.html
jobs.51job.com/all/co3290486.html
jobs.51job.com/all/co3290486.html
jobs.51job.com/all/co3290486.html
jobs.51job.com/all/co3290486.html
jobs.51job.com/all/co2888126.html
jobs.51job.com/all/co2888126.html
jobs.51job.com/all/co3256283.html
jobs.51job.com/all/co2615337.html
jobs.51job.com/all/co2615337.html
jobs.51job.com/all/co3543526.html
jobs.51job.com/all/co3079759.html
jobs.51job.com/all/co2479930.html
jobs.51job.com/all/co4540866.html
jobs.51job.com/all/co3543526.html
jobs.51job.com/all/co3543526.html
jobs.51job.com/all/co3543526.html
jobs.51job.com/all/co3543526.html
jobs.51job.com/all/co2492865.html
jobs.51job.com/all/co2479930.html
jobs.51job.com/all/co4316120.html
jobs.51job.com/all/co3053801.html
jobs.51job.com/all/co3053801.html
jobs.51job.com/all/co1224397.html
jobs.51job.com/all/co4921218.html
jobs.51job.com/all/co4921218.html
jobs.51job.com/all/co4921218.html
jobs.51job.com/all/co2420001.html
jobs.51job.com/all/co4820078.html
jobs.51job.com/all/co4138552.html
jobs.51job.com/all/co4138552.html
jobs.51job.com/all/co4138552.html
jobs.51job.com/all/co230549.html
jobs.51job.com/all/co4921218.html
jobs.51job.com/all/co4921218.html
jobs.51job.com/all/co4921218.html
jobs.51job.com/all/co4921218.html
jobs.51job.com/all/co4896682.html
jobs.51job.com/all/co4458803.html
jobs.51job.com/all/co3225720.html
jobs.51job.com/all/co4311576.html
jobs.51job.com/all/co3397246.html
jobs.51job.com/all/co4640986.html
jobs.51job.com/all/co4640986.html
jobs.51job.com/all/co4640986.html
jobs.51job.com/all/co2191801.html
jobs.51job.com/all/co4008109.html
jobs.51job.com/all/co4008109.html
jobs.51job.com/all/co3573272.html
jobs.51job.com/all/co2900131.html
jobs.51job.com/all/co2063766.html
jobs.51job.com/all/co4835798.html
jobs.51job.com/all/co2900131.html
jobs.51job.com/all/co4335183.html
jobs.51job.com/all/co4267877.html
jobs.51job.com/all/co4407385.html
jobs.51job.com/all/co2359852.html
jobs.51job.com/all/co2359852.html
jobs.51job.com/all/co2359852.html
jobs.51job.com/all/co2359852.html
jobs.51job.com/all/co2931614.html
jobs.51job.com/all/co4071757.html
jobs.51job.com/all/co2741719.html
jobs.51job.com/all/co2741719.html
jobs.51job.com/all/co4910181.html
jobs.51job.com/all/co4779569.html
jobs.51job.com/all/co4879837.html
jobs.51job.com/all/co4029678.html
jobs.51job.com/all/co4267877.html
jobs.51job.com/all/co4632740.html
jobs.51job.com/all/co3011530.html
jobs.51job.com/all/co4681920.html
jobs.51job.com/all/co3206384.html
jobs.51job.com/all/co3029050.html
jobs.51job.com/all/co3029050.html
jobs.51job.com/all/co3029050.html
jobs.51job.com/all/co3029050.html
jobs.51job.com/all/co4681920.html
jobs.51job.com/all/co4914801.html
jobs.51job.com/all/co3635147.html
jobs.51job.com/all/co3150142.html
jobs.51job.com/all/co4540866.html
jobs.51job.com/all/co2947993.html
jobs.51job.com/all/co4027818.html
jobs.51job.com/all/co4337332.html
jobs.51job.com/all/co2266110.html
jobs.51job.com/all/co3711025.html
jobs.51job.com/all/co3814473.html
jobs.51job.com/all/co4842555.html
jobs.51job.com/all/co4677969.html
jobs.51job.com/all/co3221662.html
jobs.51job.com/all/co3635147.html
jobs.51job.com/all/co2772211.html
jobs.51job.com/all/co2772211.html
jobs.51job.com/all/co2772211.html
jobs.51job.com/all/co4443220.html
jobs.51job.com/all/co2220020.html
jobs.51job.com/all/co2220020.html
jobs.51job.com/all/co2220020.html
jobs.51job.com/all/co2220020.html
jobs.51job.com/all/co2455764.html
jobs.51job.com/all/co2309233.html
jobs.51job.com/all/co4835798.html
jobs.51job.com/all/co3733342.html
jobs.51job.com/all/co2772211.html
jobs.51job.com/all/co4870259.html
jobs.51job.com/all/co3853271.html
jobs.51job.com/all/co2940230.html
jobs.51job.com/all/co2769602.html
jobs.51job.com/all/co3303039.html
jobs.51job.com/all/co2784966.html
jobs.51job.com/all/co2554037.html
jobs.51job.com/all/co4842555.html
jobs.51job.com/all/co4842555.html
jobs.51job.com/all/co4842555.html
jobs.51job.com/all/co2891098.html
jobs.51job.com/all/co2891098.html
zjsj.51job.com
jobs.51job.com/all/co2891098.html
jobs.51job.com/all/co4403367.html
jobs.51job.com/all/co4403367.html
jobs.51job.com/all/co4842555.html
jobs.51job.com/all/co4373507.html
jobs.51job.com/all/co2930998.html
jobs.51job.com/all/co4308861.html
jobs.51job.com/all/co4298626.html
jobs.51job.com/all/co3787502.html
jobs.51job.com/all/co3787502.html
jobs.51job.com/all/co2423326.html
jobs.51job.com/all/co4578276.html
jobs.51job.com/all/co2618346.html
jobs.51job.com/all/co3772985.html
jobs.51job.com/all/co3563495.html
jobs.51job.com/all/co2557141.html
jobs.51job.com/all/co2557141.html
jobs.51job.com/all/co2557141.html
jobs.51job.com/all/co2557141.html
jobs.51job.com/all/co2557141.html
jobs.51job.com/all/co3798005.html
jobs.51job.com/all/co3798005.html
jobs.51job.com/all/co3798005.html
jobs.51job.com/all/co3798005.html
jobs.51job.com/all/co4335183.html
jobs.51job.com/all/co2891098.html
jobs.51job.com/all/co2891098.html
jobs.51job.com/all/co2891098.html
jobs.51job.com/all/co2627891.html
jobs.51job.com/all/co2627891.html
jobs.51job.com/all/co3798005.html
jobs.51job.com/all/co4308767.html
jobs.51job.com/all/co2063660.html
jobs.51job.com/all/co4298626.html
jobs.51job.com/all/co4298626.html
jobs.51job.com/all/co4308767.html
jobs.51job.com/all/co4548566.html
jobs.51job.com/all/co4278789.html
jobs.51job.com/all/co3711025.html
jobs.51job.com/all/co2772211.html
jobs.51job.com/all/co4835798.html
jobs.51job.com/all/co2970669.html
jobs.51job.com/all/co2970669.html
jobs.51job.com/all/co3033219.html
jobs.51job.com/all/co4307495.html
zj32.51job.com
jobs.51job.com/all/co2916945.html
jobs.51job.com/all/co4842555.html
jobs.51job.com/all/co4173652.html
jobs.51job.com/all/co4095033.html
jobs.51job.com/all/co2865646.html
jobs.51job.com/all/co4341946.html
jobs.51job.com/all/co2572838.html
jobs.51job.com/all/co2572838.html
jobs.51job.com/all/co4758529.html
jobs.51job.com/all/co4015857.html
jobs.51job.com/all/co3309510.html
jobs.51job.com/all/co4756614.html
zjsj.51job.com/
zjsj.51job.com/
zjsj.51job.com/
zjsj.51job.com/
jobs.51job.com/all/co4727543.html
jobs.51job.com/all/co4727543.html
jobs.51job.com/all/co156141.html
jobs.51job.com/all/co3842255.html
jobs.51job.com/all/co3372646.html
jobs.51job.com/all/co2722538.html
jobs.51job.com/all/co3721511.html
jobs.51job.com/all/co3721511.html
jobs.51job.com/all/co3841263.html
jobs.51job.com/all/co4570034.html
jobs.51job.com/all/co4231201.html
jobs.51job.com/all/co4231201.html
jobs.51job.com/all/co4031771.html
jobs.51job.com/all/co2554479.html
jobs.51job.com/all/co2097055.html
jobs.51job.com/all/co2097055.html
jobs.51job.com/all/co2097055.html
jobs.51job.com/all/co2097055.html
jobs.51job.com/all/co2097055.html
jobs.51job.com/all/co2494171.html
jobs.51job.com/all/co4839047.html
jobs.51job.com/all/co3844964.html
jobs.51job.com/all/co3844964.html
jobs.51job.com/all/co3844964.html
jobs.51job.com/all/co3844964.html
jobs.51job.com/all/co2225467.html
jobs.51job.com/all/co3844964.html
jobs.51job.com/all/co3844964.html
jobs.51job.com/all/co3844964.html
jobs.51job.com/all/co3844964.html
jobs.51job.com/all/co3844964.html
jobs.51job.com/all/co3844964.html
jobs.51job.com/all/co3844964.html
jobs.51job.com/all/co3844964.html
jobs.51job.com/all/co3844964.html
jobs.51job.com/all/co3844964.html
jobs.51job.com/all/co3844964.html
jobs.51job.com/all/co3844964.html
jobs.51job.com/all/co3844964.html
jobs.51job.com/all/co3844964.html
jobs.51job.com/all/co3844964.html
jobs.51job.com/all/co3844964.html
jobs.51job.com/all/co3844964.html
jobs.51job.com/all/co3844964.html
jobs.51job.com/all/co3844964.html
jobs.51job.com/all/co3844964.html
jobs.51job.com/all/co3844964.html
jobs.51job.com/all/co3844964.html
jobs.51job.com/all/co3844964.html
jobs.51job.com/all/co3844964.html
jobs.51job.com/all/co3844964.html
jobs.51job.com/all/co3844964.html
jobs.51job.com/all/co4093666.html
jobs.51job.com/all/co3559867.html
jobs.51job.com/all/co114531.html
jobs.51job.com/all/co4863689.html
jobs.51job.com/all/co3172741.html
jobs.51job.com/all/co3172741.html
jobs.51job.com/all/co3104834.html
jobs.51job.com/all/co3104834.html
jobs.51job.com/all/co3630383.html
zjsj.51job.com/
jobs.51job.com/all/co3868399.html
zjsj.51job.com/
jobs.51job.com/all/co2930998.html
jobs.51job.com/all/co4224216.html
jobs.51job.com/all/co4195547.html
jobs.51job.com/all/co4195547.html
jobs.51job.com/all/co4195547.html
jobs.51job.com/all/co4195547.html
jobs.51job.com/all/co4195547.html
jobs.51job.com/all/co4071757.html
jobs.51job.com/all/co2401281.html
jobs.51job.com/all/co3559519.html
jobs.51job.com/all/co2388536.html
jobs.51job.com/all/co4453959.html
jobs.51job.com/all/co3081985.html
jobs.51job.com/all/co3629985.html
jobs.51job.com/all/co2964610.html
jobs.51job.com/all/co4070259.html
jobs.51job.com/all/co2572838.html
jobs.51job.com/all/co4938988.html
jobs.51job.com/all/co4896990.html
jobs.51job.com/all/co4115575.html
jobs.51job.com/all/co4829178.html
jobs.51job.com/all/co2999839.html
jobs.51job.com/all/co2777715.html
jobs.51job.com/all/co3629985.html
jobs.51job.com/all/co3273882.html
jobs.51job.com/all/co4870259.html
jobs.51job.com/all/co4915745.html
jobs.51job.com/all/co3397246.html
jobs.51job.com/all/co2359852.html
jobs.51job.com/all/co3914041.html
jobs.51job.com/all/co3809434.html
jobs.51job.com/all/co2424707.html
jobs.51job.com/all/co4276410.html
jobs.51job.com/all/co2555890.html
jobs.51job.com/all/co2555890.html
