jobs.51job.com/all/co2113412.html
jobs.51job.com/all/co4251134.html
jobs.51job.com/all/co3883571.html
jobs.51job.com/all/co3723208.html
jobs.51job.com/all/co4082420.html
jobs.51job.com/all/co4500959.html
jobs.51job.com/all/co2507622.html
jobs.51job.com/all/co2710742.html
jobs.51job.com/all/co4519273.html
jobs.51job.com/all/co3705760.html
jobs.51job.com/all/co4669562.html
jobs.51job.com/all/co3780256.html
jobs.51job.com/all/co4877824.html
jobs.51job.com/all/co4350799.html
jobs.51job.com/all/co4065451.html
jobs.51job.com/all/co4153155.html
jobs.51job.com/all/co4950865.html
jobs.51job.com/all/co3827456.html
jobs.51job.com/all/co4682947.html
jobs.51job.com/all/co4776178.html
jobs.51job.com/all/co4017547.html
jobs.51job.com/all/co4921248.html
jobs.51job.com/all/co4916238.html
jobs.51job.com/all/co253648.html
jobs.51job.com/all/co4874422.html
jobs.51job.com/all/co2539816.html
jobs.51job.com/all/co2401575.html
jobs.51job.com/all/co4160235.html
jobs.51job.com/all/co4637708.html
jobs.51job.com/all/co4449628.html
jobs.51job.com/all/co3983770.html
jobs.51job.com/all/co4906217.html
jobs.51job.com/all/co4308853.html
jobs.51job.com/all/co2103028.html
jobs.51job.com/all/co3431299.html
jobs.51job.com/all/co2644176.html
jobs.51job.com/all/co3372152.html
jobs.51job.com/all/co4660043.html
jobs.51job.com/all/co3049711.html
jobs.51job.com/all/co3377672.html
jobs.51job.com/all/co2618500.html
jobs.51job.com/all/co4129043.html
jobs.51job.com/all/co4047354.html
jobs.51job.com/all/co4307938.html
jobs.51job.com/all/co2707366.html
jobs.51job.com/all/co4898134.html
jobs.51job.com/all/co4371378.html
jobs.51job.com/all/co4940306.html
jobs.51job.com/all/co3718430.html
jobs.51job.com/all/co4916612.html
jobs.51job.com/all/co3923733.html
jobs.51job.com/all/co4153361.html
jobs.51job.com/all/co4011705.html
jobs.51job.com/all/co3702613.html
jobs.51job.com/all/co4883137.html
jobs.51job.com/all/co4518520.html
jobs.51job.com/all/co3718896.html
jobs.51job.com/all/co4062356.html
jobs.51job.com/all/co2935720.html
jobs.51job.com/all/co3732380.html
jobs.51job.com/all/co4739123.html
jobs.51job.com/all/co2508316.html
jobs.51job.com/all/co2945357.html
jobs.51job.com/all/co3469407.html
jobs.51job.com/all/co2806438.html
jobs.51job.com/all/co4874324.html
jobs.51job.com/all/co4592479.html
jobs.51job.com/all/co4521993.html
jobs.51job.com/all/co4231943.html
jobs.51job.com/all/co3664050.html
jobs.51job.com/all/co2474619.html
jobs.51job.com/all/co548285.html
jobs.51job.com/all/co4330320.html
jobs.51job.com/all/co3867520.html
jobs.51job.com/all/co3748367.html
jobs.51job.com/all/co3603253.html
jobs.51job.com/all/co4897653.html
jobs.51job.com/all/co3795660.html
jobs.51job.com/all/co4676592.html
jobs.51job.com/all/co4737148.html
jobs.51job.com/all/co4801740.html
jobs.51job.com/all/co4500504.html
jobs.51job.com/all/co4444394.html
jobs.51job.com/all/co4577130.html
jobs.51job.com/all/co3618547.html
jobs.51job.com/all/co1270831.html
jobs.51job.com/all/co4026121.html
jobs.51job.com/all/co4876316.html
jobs.51job.com/all/co4066726.html
jobs.51job.com/all/co4356475.html
jobs.51job.com/all/co1708844.html
jobs.51job.com/all/co2422163.html
jobs.51job.com/all/co3096755.html
jobs.51job.com/all/co4087962.html
jobs.51job.com/all/co3022396.html
zjsj.51job.com/
jobs.51job.com/all/co4938494.html
jobs.51job.com/all/co4835569.html
jobs.51job.com/all/co3128520.html
jobs.51job.com/all/co2273274.html
jobs.51job.com/all/co4209174.html
jobs.51job.com/all/co102261.html
jobs.51job.com/all/co4795433.html
jobs.51job.com/all/co3887429.html
jobs.51job.com/all/co4840482.html
jobs.51job.com/all/co3702074.html
jobs.51job.com/all/co2911089.html
jobs.51job.com/all/co4945081.html
jobs.51job.com/all/co3609874.html
jobs.51job.com/all/co3103783.html
jobs.51job.com/all/co3475720.html
jobs.51job.com/all/co3337585.html
jobs.51job.com/all/co2053212.html
jobs.51job.com/all/co3941151.html
jobs.51job.com/all/co3803026.html
jobs.51job.com/all/co2390934.html
jobs.51job.com/all/co4076433.html
jobs.51job.com/all/co2188080.html
jobs.51job.com/all/co2377191.html
jobs.51job.com/all/co3609035.html
jobs.51job.com/all/co4206244.html
jobs.51job.com/all/co3122961.html
jobs.51job.com/all/co3409737.html
jobs.51job.com/all/co4029360.html
jobs.51job.com/all/co4623375.html
jobs.51job.com/all/co3925765.html
jobs.51job.com/all/co2390917.html
jobs.51job.com/all/co2191213.html
jobs.51job.com/all/co3794630.html
jobs.51job.com/all/co4022612.html
jobs.51job.com/all/co2124048.html
jobs.51job.com/all/co3745375.html
jobs.51job.com/all/co3333554.html
jobs.51job.com/all/co3231403.html
jobs.51job.com/all/co2722646.html
jobs.51job.com/all/co3602342.html
jobs.51job.com/all/co2560805.html
jobs.51job.com/all/co1692768.html
jobs.51job.com/all/co3606704.html
jobs.51job.com/all/co3226623.html
jobs.51job.com/all/co2700688.html
jobs.51job.com/all/co2709041.html
jobs.51job.com/all/co11468.html
jobs.51job.com/all/co3585857.html
jobs.51job.com/all/co4830512.html
jobs.51job.com/all/co3481757.html
jobs.51job.com/all/co220205.html
jobs.51job.com/all/co3570196.html
jobs.51job.com/all/co4701659.html
jobs.51job.com/all/co1306594.html
jobs.51job.com/all/co3920804.html
jobs.51job.com/all/co3572901.html
jobs.51job.com/all/co2354530.html
jobs.51job.com/all/co4521468.html
jobs.51job.com/all/co2347167.html
jobs.51job.com/all/co2328114.html
jobs.51job.com/all/co200527.html
jobs.51job.com/all/co3396588.html
jobs.51job.com/all/co127990.html
jobs.51job.com/all/co3946962.html
jobs.51job.com/all/co2653132.html
jobs.51job.com/all/co3901949.html
jobs.51job.com/all/co4315619.html
jobs.51job.com/all/co4002088.html
jobs.51job.com/all/co3764142.html
jobs.51job.com/all/co2665434.html
jobs.51job.com/all/co2736588.html
jobs.51job.com/all/co2704137.html
jobs.51job.com/all/co134495.html
jobs.51job.com/all/co4835356.html
jobs.51job.com/all/co2325863.html
jobs.51job.com/all/co3777998.html
jobs.51job.com/all/co2875935.html
jobs.51job.com/all/co3861433.html
jobs.51job.com/all/co4772933.html
jobs.51job.com/all/co150797.html
jobs.51job.com/all/co4529338.html
jobs.51job.com/all/co4721486.html
jobs.51job.com/all/co3535200.html
jobs.51job.com/all/co4912824.html
jobs.51job.com/all/co4186125.html
jobs.51job.com/all/co3468903.html
jobs.51job.com/all/co3428886.html
jobs.51job.com/all/co3252979.html
jobs.51job.com/all/co4853257.html
jobs.51job.com/all/co2659505.html
jobs.51job.com/all/co105547.html
jobs.51job.com/all/co4645407.html
jobs.51job.com/all/co2867031.html
jobs.51job.com/all/co3803684.html
jobs.51job.com/all/co4247823.html
jobs.51job.com/all/co2357498.html
jobs.51job.com/all/co705137.html
jobs.51job.com/all/co4729675.html
jobs.51job.com/all/co8626.html
jobs.51job.com/all/co498810.html
jobs.51job.com/all/co4856490.html
jobs.51job.com/all/co2781740.html
jobs.51job.com/all/co3345290.html
jobs.51job.com/all/co3972201.html
jobs.51job.com/all/co4381334.html
jobs.51job.com/all/co4371349.html
jobs.51job.com/all/co2487480.html
jobs.51job.com/all/co613211.html
jobs.51job.com/all/co2811795.html
jobs.51job.com/all/co3916837.html
jobs.51job.com/all/co2741315.html
jobs.51job.com/all/co2958038.html
jobs.51job.com/all/co4768547.html
jobs.51job.com/all/co2739114.html
jobs.51job.com/all/co3314326.html
jobs.51job.com/all/co2696352.html
jobs.51job.com/all/co304009.html
jobs.51job.com/all/co3281620.html
jobs.51job.com/all/co2898416.html
jobs.51job.com/all/co386975.html
jobs.51job.com/all/co4363614.html
jobs.51job.com/all/co4511231.html
jobs.51job.com/all/co111541.html
jobs.51job.com/all/co2273110.html
jobs.51job.com/all/co2060749.html
jobs.51job.com/all/co2628855.html
jobs.51job.com/all/co3458899.html
jobs.51job.com/all/co2812802.html
jobs.51job.com/all/co3062810.html
jobs.51job.com/all/co3784555.html
jobs.51job.com/all/co2069584.html
jobs.51job.com/all/co3510283.html
jobs.51job.com/all/co4889480.html
jobs.51job.com/all/co3768403.html
jobs.51job.com/all/co4523829.html
jobs.51job.com/all/co2838091.html
jobs.51job.com/all/co4581382.html
jobs.51job.com/all/co2592562.html
jobs.51job.com/all/co4551846.html
jobs.51job.com/all/co2910007.html
jobs.51job.com/all/co3002239.html
jobs.51job.com/all/co2870230.html
jobs.51job.com/all/co2705363.html
jobs.51job.com/all/co2731084.html
thyssenkrupp.51job.com
jobs.51job.com/all/co3309893.html
jobs.51job.com/all/co243336.html
jobs.51job.com/all/co3515748.html
jobs.51job.com/all/co4374888.html
roche.51job.com/
jobs.51job.com/all/co2924623.html
jobs.51job.com/all/co4626007.html
jobs.51job.com/all/co3826603.html
jobs.51job.com/all/co2347362.html
jobs.51job.com/all/co2293666.html
jobs.51job.com/all/co2909561.html
jobs.51job.com/all/co4833486.html
jobs.51job.com/all/co4830252.html
jobs.51job.com/all/co4782422.html
jobs.51job.com/all/co2307103.html
jobs.51job.com/all/co2992598.html
jobs.51job.com/all/co2857093.html
jobs.51job.com/all/co3516364.html
jobs.51job.com/all/co301824.html
jobs.51job.com/all/co2686642.html
jobs.51job.com/all/co2257118.html
jobs.51job.com/all/co3040089.html
jobs.51job.com/all/co3683092.html
jobs.51job.com/all/co4270519.html
jobs.51job.com/all/co2797683.html
jobs.51job.com/all/co2282498.html
jobs.51job.com/all/co4643777.html
jobs.51job.com/all/co217101.html
jobs.51job.com/all/co3710670.html
jobs.51job.com/all/co521037.html
jobs.51job.com/all/co4635657.html
jobs.51job.com/all/co2580137.html
jobs.51job.com/all/co4913892.html
jobs.51job.com/all/co4176937.html
jobs.51job.com/all/co3260864.html
jobs.51job.com/all/co3902926.html
jobs.51job.com/all/co4698488.html
jobs.51job.com/all/co2332146.html
jobs.51job.com/all/co3895785.html
jobs.51job.com/all/co2897677.html
jobs.51job.com/all/co2272108.html
jobs.51job.com/all/co4851453.html
jobs.51job.com/all/co2435105.html
jobs.51job.com/all/co146916.html
jobs.51job.com/all/co579314.html
jobs.51job.com/all/co4190598.html
jobs.51job.com/all/co2689130.html
jobs.51job.com/all/co2307113.html
jobs.51job.com/all/co4883320.html
jobs.51job.com/all/co3571026.html
jobs.51job.com/all/co3259743.html
jobs.51job.com/all/co3795119.html
jobs.51job.com/all/co4294539.html
jobs.51job.com/all/co2552442.html
jobs.51job.com/all/co2208188.html
jobs.51job.com/all/co2229150.html
jobs.51job.com/all/co765648.html
jobs.51job.com/all/co3882935.html
jobs.51job.com/all/co2383388.html
jobs.51job.com/all/co2742318.html
jobs.51job.com/all/co408594.html
jobs.51job.com/all/co1414444.html
jobs.51job.com/all/co1490822.html
jobs.51job.com/all/co2569334.html
jobs.51job.com/all/co4896585.html
jobs.51job.com/all/co4450475.html
jobs.51job.com/all/co2936779.html
jobs.51job.com/all/co4944333.html
jobs.51job.com/all/co2247352.html
jobs.51job.com/all/co3389373.html
jobs.51job.com/all/co3805116.html
jobs.51job.com/all/co3647823.html
jobs.51job.com/all/co2706903.html
jobs.51job.com/all/co4655133.html
jobs.51job.com/all/co3597846.html
jobs.51job.com/all/co2622359.html
jobs.51job.com/all/co3525861.html
jobs.51job.com/all/co1164508.html
jobs.51job.com/all/co2971567.html
jobs.51job.com/all/co10153.html
jobs.51job.com/all/co4084987.html
jobs.51job.com/all/co3359599.html
jobs.51job.com/all/co4290118.html
jobs.51job.com/all/co2511690.html
jobs.51job.com/all/co276761.html
jobs.51job.com/all/co2841652.html
jobs.51job.com/all/co4847055.html
jobs.51job.com/all/co3030145.html
jobs.51job.com/all/co3879104.html
jobs.51job.com/all/co1260504.html
jobs.51job.com/all/co158830.html
jobs.51job.com/all/co109794.html
jobs.51job.com/all/co2571661.html
jobs.51job.com/all/co2799039.html
jobs.51job.com/all/co4500965.html
jobs.51job.com/all/co4573772.html
jobs.51job.com/all/co4947790.html
jobs.51job.com/all/co2345611.html
jobs.51job.com/all/co3150491.html
jobs.51job.com/all/co2207653.html
jobs.51job.com/all/co3631221.html
jobs.51job.com/all/co2262271.html
jobs.51job.com/all/co2844999.html
jobs.51job.com/all/co483496.html
jobs.51job.com/all/co3214410.html
jobs.51job.com/all/co4404723.html
jobs.51job.com/all/co2630239.html
jobs.51job.com/all/co3529079.html
jobs.51job.com/all/co2781501.html
jobs.51job.com/all/co2577222.html
jobs.51job.com/all/co3972018.html
jobs.51job.com/all/co2482415.html
jobs.51job.com/all/co3570146.html
jobs.51job.com/all/co306536.html
jobs.51job.com/all/co2315910.html
jobs.51job.com/all/co4085904.html
jobs.51job.com/all/co2370668.html
jobs.51job.com/all/co3480038.html
zp.kangmei.com.cn
jobs.51job.com/all/co750841.html
jobs.51job.com/all/co3835947.html
jobs.51job.com/all/co2731965.html
jobs.51job.com/all/co2627169.html
jobs.51job.com/all/co1527387.html
jobs.51job.com/all/co4846463.html
jobs.51job.com/all/co4804275.html
jobs.51job.com/all/co3992822.html
jobs.51job.com/all/co2451045.html
jobs.51job.com/all/co2915948.html
jobs.51job.com/all/co4770013.html
jobs.51job.com/all/co4594972.html
jobs.51job.com/all/co153866.html
jobs.51job.com/all/co2567876.html
jobs.51job.com/all/co3201640.html
jobs.51job.com/all/co3556913.html
jobs.51job.com/all/co3025610.html
jobs.51job.com/all/co3432548.html
jobs.51job.com/all/co4626396.html
jobs.51job.com/all/co135210.html
jobs.51job.com/all/co3661450.html
jobs.51job.com/all/co4287316.html
jobs.51job.com/all/co4055086.html
jobs.51job.com/all/co3414303.html
jobs.51job.com/all/co2806511.html
jobs.51job.com/all/co2421654.html
jobs.51job.com/all/co3585951.html
jobs.51job.com/all/co4588984.html
jobs.51job.com/all/co116978.html
jobs.51job.com/all/co4151974.html
jobs.51job.com/all/co2224239.html
jobs.51job.com/all/co3846663.html
jobs.51job.com/all/co4115901.html
jobs.51job.com/all/co2791322.html
jobs.51job.com/all/co4338329.html
jobs.51job.com/all/co2190431.html
jobs.51job.com/all/co4801785.html
jobs.51job.com/all/co2902510.html
jobs.51job.com/all/co222628.html
jobs.51job.com/all/co4687964.html
jobs.51job.com/all/co221013.html
jobs.51job.com/all/co255708.html
jobs.51job.com/all/co2025572.html
jobs.51job.com/all/co3704110.html
jobs.51job.com/all/co2582966.html
jobs.51job.com/all/co3795302.html
jobs.51job.com/all/co4427102.html
jobs.51job.com/all/co3832963.html
jobs.51job.com/all/co4432946.html
jobs.51job.com/all/co2089979.html
jobs.51job.com/all/co4566960.html
jobs.51job.com/all/co3189402.html
jobs.51job.com/all/co4503919.html
jobs.51job.com/all/co3927023.html
jobs.51job.com/all/co4938711.html
jobs.51job.com/all/co4216699.html
jobs.51job.com/all/co3670617.html
jobs.51job.com/all/co4682113.html
jobs.51job.com/all/co3208949.html
jobs.51job.com/all/co3313165.html
jobs.51job.com/all/co2647686.html
jobs.51job.com/all/co2238361.html
jobs.51job.com/all/co3001018.html
jobs.51job.com/all/co3554709.html
jobs.51job.com/all/co4573661.html
jobs.51job.com/all/co270592.html
jobs.51job.com/all/co4887724.html
jobs.51job.com/all/co4900749.html
jobs.51job.com/all/co4209296.html
jobs.51job.com/all/co4693692.html
jobs.51job.com/all/co3968328.html
jobs.51job.com/all/co2884513.html
jobs.51job.com/all/co244781.html
jobs.51job.com/all/co150462.html
jobs.51job.com/all/co4480349.html
jobs.51job.com/all/co4042308.html
jobs.51job.com/all/co2773430.html
jobs.51job.com/all/co4028758.html
jobs.51job.com/all/co4396781.html
jobs.51job.com/all/co4364257.html
jobs.51job.com/all/co4703368.html
jobs.51job.com/all/co3523031.html
jobs.51job.com/all/co4115527.html
jobs.51job.com/all/co3798970.html
jobs.51job.com/all/co2650799.html
jobs.51job.com/all/co3954797.html
jobs.51job.com/all/co3698613.html
jobs.51job.com/all/co3610872.html
jobs.51job.com/all/co2730274.html
jobs.51job.com/all/co424566.html
jobs.51job.com/all/co4642315.html
jobs.51job.com/all/co4911624.html
jobs.51job.com/all/co3116979.html
jobs.51job.com/all/co2657065.html
jobs.51job.com/all/co3358239.html
jobs.51job.com/all/co2941949.html
jobs.51job.com/all/co164496.html
jobs.51job.com/all/co106423.html
jobs.51job.com/all/co3256653.html
jobs.51job.com/all/co2267556.html
jobs.51job.com/all/co3857749.html
jobs.51job.com/all/co3379780.html
jobs.51job.com/all/co2839758.html
jobs.51job.com/all/co2541599.html
jobs.51job.com/all/co3480414.html
jobs.51job.com/all/co5336.html
jobs.51job.com/all/co3142583.html
jobs.51job.com/all/co2742222.html
jobs.51job.com/all/co4372857.html
jobs.51job.com/all/co731721.html
jobs.51job.com/all/co3963644.html
jobs.51job.com/all/co3992860.html
jobs.51job.com/all/co2741274.html
jobs.51job.com/all/co571205.html
jobs.51job.com/all/co688687.html
jobs.51job.com/all/co4836966.html
jobs.51job.com/all/co926194.html
jobs.51job.com/all/co4400489.html
jobs.51job.com/all/co4381445.html
jobs.51job.com/all/co2819343.html
jobs.51job.com/all/co569726.html
jobs.51job.com/all/co4452843.html
jobs.51job.com/all/co4524845.html
jobs.51job.com/all/co4344814.html
jobs.51job.com/all/co3586461.html
jobs.51job.com/all/co3962435.html
jobs.51job.com/all/co2350453.html
jobs.51job.com/all/co2826295.html
jobs.51job.com/all/co3695559.html
jobs.51job.com/all/co4794831.html
jobs.51job.com/all/co3826592.html
jobs.51job.com/all/co1353891.html
jobs.51job.com/all/co3203870.html
jobs.51job.com/all/co3842742.html
jobs.51job.com/all/co3680905.html
jobs.51job.com/all/co2698981.html
jobs.51job.com/all/co715273.html
jobs.51job.com/all/co2219414.html
jobs.51job.com/all/co1980864.html
jobs.51job.com/all/co2204194.html
jobs.51job.com/all/co2531079.html
jobs.51job.com/all/co4810747.html
jobs.51job.com/all/co4436023.html
jobs.51job.com/all/co4645973.html
jobs.51job.com/all/co4809911.html
jobs.51job.com/all/co2757838.html
jobs.51job.com/all/co3636447.html
jobs.51job.com/all/co2803755.html
jobs.51job.com/all/co4726174.html
jobs.51job.com/all/co4527163.html
jobs.51job.com/all/co3922490.html
jobs.51job.com/all/co4753532.html
jobs.51job.com/all/co3905291.html
jobs.51job.com/all/co579488.html
jobs.51job.com/all/co4555732.html
jobs.51job.com/all/co3973208.html
jobs.51job.com/all/co3912063.html
jobs.51job.com/all/co4068753.html
jobs.51job.com/all/co244442.html
jobs.51job.com/all/co4599191.html
jobs.51job.com/all/co4506489.html
jobs.51job.com/all/co4649073.html
jobs.51job.com/all/co4437855.html
jobs.51job.com/all/co4322358.html
jobs.51job.com/all/co2486719.html
jobs.51job.com/all/co3008118.html
jobs.51job.com/all/co2916136.html
jobs.51job.com/all/co2542078.html
jobs.51job.com/all/co2662357.html
sfzhaopin.51job.com
jobs.51job.com/all/co2571708.html
jobs.51job.com/all/co3549414.html
jobs.51job.com/all/co3956841.html
jobs.51job.com/all/co3838011.html
jobs.51job.com/all/co3260835.html
jobs.51job.com/all/co4402889.html
jobs.51job.com/all/co2388696.html
jobs.51job.com/all/co2961888.html
jobs.51job.com/all/co4702906.html
jobs.51job.com/all/co2120748.html
jobs.51job.com/all/co2202048.html
jobs.51job.com/all/co4890624.html
jobs.51job.com/all/co4835024.html
jobs.51job.com/all/co4082186.html
jobs.51job.com/all/co4231250.html
jobs.51job.com/all/co4188727.html
jobs.51job.com/all/co3927953.html
jobs.51job.com/all/co2651083.html
jobs.51job.com/all/co3605187.html
jobs.51job.com/all/co4789659.html
jobs.51job.com/all/co4681792.html
jobs.51job.com/all/co3042125.html
jobs.51job.com/all/co4463770.html
jobs.51job.com/all/co4892515.html
jobs.51job.com/all/co3603571.html
jobs.51job.com/all/co270590.html
jobs.51job.com/all/co4692543.html
jobs.51job.com/all/co2798743.html
jobs.51job.com/all/co310515.html
jobs.51job.com/all/co4865789.html
jobs.51job.com/all/co4784118.html
jobs.51job.com/all/co4789502.html
jobs.51job.com/all/co4405459.html
jobs.51job.com/all/co2477224.html
jobs.51job.com/all/co4199900.html
jobs.51job.com/all/co2769474.html
jobs.51job.com/all/co4380737.html
jobs.51job.com/all/co4669690.html
jobs.51job.com/all/co4398246.html
jobs.51job.com/all/co4827211.html
jobs.51job.com/all/co3854600.html
jobs.51job.com/all/co2964690.html
jobs.51job.com/all/co4661794.html
jobs.51job.com/all/co3665552.html
jobs.51job.com/all/co3896198.html
jobs.51job.com/all/co4670222.html
jobs.51job.com/all/co3291110.html
jobs.51job.com/all/co2063471.html
jobs.51job.com/all/co4485499.html
jobs.51job.com/all/co4736798.html
jobs.51job.com/all/co4669161.html
jobs.51job.com/all/co4010852.html
jobs.51job.com/all/co4191331.html
jobs.51job.com/all/co2560454.html
jobs.51job.com/all/co3551732.html
jobs.51job.com/all/co2674055.html
jobs.51job.com/all/co4464988.html
jobs.51job.com/all/co2238407.html
jobs.51job.com/all/co4495597.html
jobs.51job.com/all/co3899671.html
jobs.51job.com/all/co4476476.html
jobs.51job.com/all/co1788328.html
jobs.51job.com/all/co3913415.html
jobs.51job.com/all/co4697842.html
jobs.51job.com/all/co2764925.html
jobs.51job.com/all/co3147555.html
jobs.51job.com/all/co2905568.html
jobs.51job.com/all/co2297940.html
jobs.51job.com/all/co238030.html
jobs.51job.com/all/co184057.html
jobs.51job.com/all/co4625522.html
jobs.51job.com/all/co4628398.html
jobs.51job.com/all/co4331978.html
jobs.51job.com/all/co4207565.html
jobs.51job.com/all/co3704841.html
jobs.51job.com/all/co3621380.html
jobs.51job.com/all/co3842841.html
jobs.51job.com/all/co4577942.html
jobs.51job.com/all/co180463.html
jobs.51job.com/all/co4358829.html
jobs.51job.com/all/co4548164.html
jobs.51job.com/all/co4867016.html
jobs.51job.com/all/co2646066.html
jobs.51job.com/all/co2937998.html
jobs.51job.com/all/co2938037.html
jobs.51job.com/all/co4796115.html
jobs.51job.com/all/co3161986.html
jobs.51job.com/all/co4850696.html
jobs.51job.com/all/co3485753.html
jobs.51job.com/all/co4288349.html
jobs.51job.com/all/co3139091.html
jobs.51job.com/all/co2787127.html
jobs.51job.com/all/co4813620.html
jobs.51job.com/all/co4015493.html
jobs.51job.com/all/co4548411.html
jobs.51job.com/all/co4738033.html
jobs.51job.com/all/co4869345.html
jobs.51job.com/all/co144117.html
jobs.51job.com/all/co3466404.html
jobs.51job.com/all/co4408840.html
jobs.51job.com/all/co4142142.html
jobs.51job.com/all/co4436770.html
jobs.51job.com/all/co4438415.html
jobs.51job.com/all/co4415505.html
jobs.51job.com/all/co4676706.html
jobs.51job.com/all/co3941711.html
jobs.51job.com/all/co4672526.html
jobs.51job.com/all/co4436241.html
jobs.51job.com/all/co4141369.html
jobs.51job.com/all/co503872.html
jobs.51job.com/all/co4385409.html
jobs.51job.com/all/co283404.html
jobs.51job.com/all/co141003.html
jobs.51job.com/all/co3839784.html
jobs.51job.com/all/co3676705.html
jobs.51job.com/all/co4252133.html
jobs.51job.com/all/co2974533.html
jobs.51job.com/all/co4262414.html
jobs.51job.com/all/co612312.html
jobs.51job.com/all/co116754.html
jobs.51job.com/all/co3868623.html
jobs.51job.com/all/co4329333.html
jobs.51job.com/all/co2562001.html
jobs.51job.com/all/co349397.html
jobs.51job.com/all/co3955831.html
jobs.51job.com/all/co2546282.html
jobs.51job.com/all/co3487141.html
jobs.51job.com/all/co2291397.html
jobs.51job.com/all/co3941838.html
jobs.51job.com/all/co290053.html
jobs.51job.com/all/co3525110.html
jobs.51job.com/all/co4653119.html
jobs.51job.com/all/co4491325.html
jobs.51job.com/all/co3887092.html
jobs.51job.com/all/co4712693.html
jobs.51job.com/all/co2713117.html
jobs.51job.com/all/co3805420.html
jobs.51job.com/all/co2113412.html
jobs.51job.com/all/co3723208.html
jobs.51job.com/all/co4500959.html
jobs.51job.com/all/co2507622.html
jobs.51job.com/all/co4669562.html
jobs.51job.com/all/co3827456.html
jobs.51job.com/all/co3827456.html
jobs.51job.com/all/co3827456.html
jobs.51job.com/all/co3883571.html
jobs.51job.com/all/co3431299.html
jobs.51job.com/all/co3377672.html
jobs.51job.com/all/co3377672.html
jobs.51job.com/all/co3377672.html
jobs.51job.com/all/co3377672.html
jobs.51job.com/all/co3377672.html
jobs.51job.com/all/co3377672.html
jobs.51job.com/all/co3377672.html
jobs.51job.com/all/co3377672.html
jobs.51job.com/all/co4129043.html
jobs.51job.com/all/co4307938.html
jobs.51job.com/all/co4898134.html
jobs.51job.com/all/co4940306.html
jobs.51job.com/all/co3718430.html
jobs.51job.com/all/co4916612.html
jobs.51job.com/all/co4916612.html
jobs.51job.com/all/co4916612.html
jobs.51job.com/all/co4916612.html
jobs.51job.com/all/co4916612.html
jobs.51job.com/all/co4916612.html
jobs.51job.com/all/co4916612.html
jobs.51job.com/all/co4916612.html
jobs.51job.com/all/co3923733.html
jobs.51job.com/all/co3049711.html
jobs.51job.com/all/co3049711.html
jobs.51job.com/all/co3702613.html
jobs.51job.com/all/co3702613.html
jobs.51job.com/all/co4371378.html
jobs.51job.com/all/co3705760.html
jobs.51job.com/all/co3705760.html
jobs.51job.com/all/co4153155.html
jobs.51job.com/all/co2508316.html
jobs.51job.com/all/co4592479.html
jobs.51job.com/all/co2508316.html
jobs.51job.com/all/co4330320.html
jobs.51job.com/all/co3748367.html
jobs.51job.com/all/co3867520.html
jobs.51job.com/all/co4350799.html
jobs.51job.com/all/co2422163.html
jobs.51job.com/all/co2422163.html
jobs.51job.com/all/co2422163.html
jobs.51job.com/all/co2422163.html
jobs.51job.com/all/co3022396.html
jobs.51job.com/all/co3022396.html
jobs.51job.com/all/co3022396.html
jobs.51job.com/all/co3022396.html
jobs.51job.com/all/co4938494.html
jobs.51job.com/all/co4209174.html
jobs.51job.com/all/co4209174.html
jobs.51job.com/all/co3337585.html
jobs.51job.com/all/co2390934.html
jobs.51job.com/all/co2390934.html
jobs.51job.com/all/co4076433.html
jobs.51job.com/all/co4795433.html
jobs.51job.com/all/co3887429.html
jobs.51job.com/all/co3887429.html
jobs.51job.com/all/co3887429.html
jobs.51job.com/all/co3887429.html
jobs.51job.com/all/co3887429.html
jobs.51job.com/all/co3887429.html
jobs.51job.com/all/co3887429.html
jobs.51job.com/all/co3887429.html
jobs.51job.com/all/co3887429.html
jobs.51job.com/all/co3887429.html
jobs.51job.com/all/co2390934.html
jobs.51job.com/all/co2390934.html
jobs.51job.com/all/co2390934.html
jobs.51job.com/all/co2390934.html
jobs.51job.com/all/co2390934.html
jobs.51job.com/all/co2390934.html
jobs.51job.com/all/co2390934.html
jobs.51job.com/all/co4022612.html
jobs.51job.com/all/co3745375.html
jobs.51job.com/all/co3745375.html
jobs.51job.com/all/co2053212.html
jobs.51job.com/all/co2053212.html
jobs.51job.com/all/co3941151.html
jobs.51job.com/all/co3941151.html
jobs.51job.com/all/co3606704.html
jobs.51job.com/all/co4835569.html
jobs.51job.com/all/co220205.html
jobs.51job.com/all/co3570196.html
jobs.51job.com/all/co3570196.html
jobs.51job.com/all/co3570196.html
jobs.51job.com/all/co4701659.html
jobs.51job.com/all/co4701659.html
jobs.51job.com/all/co4701659.html
jobs.51job.com/all/co4701659.html
jobs.51job.com/all/co2347167.html
jobs.51job.com/all/co2347167.html
jobs.51job.com/all/co3946962.html
jobs.51job.com/all/co3946962.html
jobs.51job.com/all/co2653132.html
jobs.51job.com/all/co4002088.html
jobs.51job.com/all/co4002088.html
jobs.51job.com/all/co4002088.html
jobs.51job.com/all/co2736588.html
jobs.51job.com/all/co2704137.html
jobs.51job.com/all/co4912824.html
jobs.51job.com/all/co4912824.html
jobs.51job.com/all/co4521468.html
jobs.51job.com/all/co4521468.html
jobs.51job.com/all/co3468903.html
jobs.51job.com/all/co3468903.html
jobs.51job.com/all/co3468903.html
jobs.51job.com/all/co3468903.html
jobs.51job.com/all/co3252979.html
jobs.51job.com/all/co105547.html
jobs.51job.com/all/co4645407.html
jobs.51job.com/all/co4645407.html
jobs.51job.com/all/co705137.html
jobs.51job.com/all/co705137.html
jobs.51job.com/all/co4729675.html
jobs.51job.com/all/co4856490.html
jobs.51job.com/all/co4381334.html
jobs.51job.com/all/co4381334.html
jobs.51job.com/all/co4371349.html
jobs.51job.com/all/co4371349.html
jobs.51job.com/all/co4371349.html
jobs.51job.com/all/co3916837.html
jobs.51job.com/all/co2811795.html
jobs.51job.com/all/co2390934.html
jobs.51job.com/all/co2273110.html
jobs.51job.com/all/co2273110.html
jobs.51job.com/all/co2060749.html
jobs.51job.com/all/co2060749.html
jobs.51job.com/all/co2060749.html
jobs.51job.com/all/co2060749.html
jobs.51job.com/all/co2060749.html
jobs.51job.com/all/co2060749.html
jobs.51job.com/all/co2060749.html
jobs.51job.com/all/co2060749.html
jobs.51job.com/all/co2060749.html
jobs.51job.com/all/co2060749.html
jobs.51job.com/all/co2060749.html
jobs.51job.com/all/co2060749.html
jobs.51job.com/all/co2060749.html
jobs.51job.com/all/co2060749.html
jobs.51job.com/all/co2812802.html
jobs.51job.com/all/co2812802.html
jobs.51job.com/all/co3062810.html
jobs.51job.com/all/co4153155.html
jobs.51job.com/all/co4153155.html
jobs.51job.com/all/co2870230.html
jobs.51job.com/all/co3002239.html
jobs.51job.com/all/co3002239.html
jobs.51job.com/all/co3002239.html
jobs.51job.com/all/co2731084.html
jobs.51job.com/all/co2731084.html
jobs.51job.com/all/co2731084.html
thyssenkrupp.51job.com
jobs.51job.com/all/co4374888.html
jobs.51job.com/all/co3515748.html
jobs.51job.com/all/co3515748.html
jobs.51job.com/all/co3515748.html
jobs.51job.com/all/co3515748.html
jobs.51job.com/all/co3515748.html
jobs.51job.com/all/co4626007.html
jobs.51job.com/all/co3826603.html
jobs.51job.com/all/co2390934.html
jobs.51job.com/all/co2390934.html
jobs.51job.com/all/co2390934.html
jobs.51job.com/all/co2390934.html
jobs.51job.com/all/co2390934.html
jobs.51job.com/all/co2390934.html
jobs.51job.com/all/co2390934.html
jobs.51job.com/all/co2909561.html
jobs.51job.com/all/co2909561.html
jobs.51job.com/all/co2909561.html
jobs.51job.com/all/co2909561.html
jobs.51job.com/all/co3827456.html
jobs.51job.com/all/co4682947.html
jobs.51job.com/all/co4782422.html
jobs.51job.com/all/co4782422.html
jobs.51job.com/all/co4782422.html
jobs.51job.com/all/co2857093.html
jobs.51job.com/all/co4776178.html
jobs.51job.com/all/co2257118.html
jobs.51job.com/all/co4017547.html
jobs.51job.com/all/co4017547.html
jobs.51job.com/all/co217101.html
jobs.51job.com/all/co4635657.html
jobs.51job.com/all/co3803684.html
jobs.51job.com/all/co4176937.html
jobs.51job.com/all/co3260864.html
jobs.51job.com/all/co4921248.html
jobs.51job.com/all/co2272108.html
jobs.51job.com/all/co2272108.html
jobs.51job.com/all/co146916.html
jobs.51job.com/all/co146916.html
jobs.51job.com/all/co2689130.html
jobs.51job.com/all/co146916.html
jobs.51job.com/all/co4883320.html
jobs.51job.com/all/co4294539.html
jobs.51job.com/all/co2208188.html
jobs.51job.com/all/co2208188.html
jobs.51job.com/all/co2208188.html
jobs.51job.com/all/co2742318.html
jobs.51job.com/all/co408594.html
jobs.51job.com/all/co3925765.html
jobs.51job.com/all/co4874422.html
jobs.51job.com/all/co4874422.html
jobs.51job.com/all/co2936779.html
jobs.51job.com/all/co2936779.html
jobs.51job.com/all/co2706903.html
jobs.51job.com/all/co2706903.html
jobs.51job.com/all/co4655133.html
jobs.51job.com/all/co4655133.html
jobs.51job.com/all/co276761.html
jobs.51job.com/all/co4896585.html
jobs.51job.com/all/co109794.html
jobs.51job.com/all/co4500965.html
jobs.51job.com/all/co4573772.html
jobs.51job.com/all/co2377191.html
jobs.51job.com/all/co4947790.html
jobs.51job.com/all/co2844999.html
jobs.51job.com/all/co3983770.html
jobs.51job.com/all/co3983770.html
jobs.51job.com/all/co4840482.html
jobs.51job.com/all/co3972018.html
jobs.51job.com/all/co2482415.html
jobs.51job.com/all/co2482415.html
jobs.51job.com/all/co2482415.html
jobs.51job.com/all/co3570146.html
jobs.51job.com/all/co3570146.html
jobs.51job.com/all/co3570146.html
jobs.51job.com/all/co3570146.html
jobs.51job.com/all/co3570146.html
jobs.51job.com/all/co2315910.html
jobs.51job.com/all/co3480038.html
jobs.51job.com/all/co3480038.html
jobs.51job.com/all/co4906217.html
jobs.51job.com/all/co4906217.html
jobs.51job.com/all/co2731965.html
jobs.51job.com/all/co3992822.html
jobs.51job.com/all/co2451045.html
jobs.51job.com/all/co4294539.html
jobs.51job.com/all/co153866.html
jobs.51job.com/all/co153866.html
jobs.51job.com/all/co153866.html
jobs.51job.com/all/co3201640.html
jobs.51job.com/all/co3556913.html
jobs.51job.com/all/co3556913.html
jobs.51job.com/all/co3556913.html
jobs.51job.com/all/co3025610.html
jobs.51job.com/all/co3025610.html
jobs.51job.com/all/co135210.html
jobs.51job.com/all/co3661450.html
jobs.51job.com/all/co3661450.html
jobs.51job.com/all/co3661450.html
jobs.51job.com/all/co3661450.html
jobs.51job.com/all/co3661450.html
jobs.51job.com/all/co3431299.html
jobs.51job.com/all/co3431299.html
jobs.51job.com/all/co2806511.html
jobs.51job.com/all/co2806511.html
jobs.51job.com/all/co2806511.html
jobs.51job.com/all/co2806511.html
jobs.51job.com/all/co2806511.html
jobs.51job.com/all/co2806511.html
jobs.51job.com/all/co2806511.html
jobs.51job.com/all/co2806511.html
jobs.51job.com/all/co2806511.html
jobs.51job.com/all/co2806511.html
jobs.51job.com/all/co2806511.html
jobs.51job.com/all/co2806511.html
jobs.51job.com/all/co2806511.html
jobs.51job.com/all/co2806511.html
jobs.51job.com/all/co3372152.html
jobs.51job.com/all/co3372152.html
jobs.51job.com/all/co3372152.html
jobs.51job.com/all/co3372152.html
jobs.51job.com/all/co116978.html
jobs.51job.com/all/co4660043.html
jobs.51job.com/all/co2580137.html
jobs.51job.com/all/co2580137.html
jobs.51job.com/all/co2580137.html
jobs.51job.com/all/co2580137.html
jobs.51job.com/all/co2580137.html
jobs.51job.com/all/co3377672.html
jobs.51job.com/all/co3377672.html
jobs.51job.com/all/co3377672.html
jobs.51job.com/all/co3377672.html
jobs.51job.com/all/co3377672.html
jobs.51job.com/all/co3377672.html
jobs.51job.com/all/co3377672.html
jobs.51job.com/all/co3377672.html
jobs.51job.com/all/co3377672.html
jobs.51job.com/all/co2618500.html
jobs.51job.com/all/co4687964.html
jobs.51job.com/all/co2025572.html
jobs.51job.com/all/co2025572.html
jobs.51job.com/all/co2089979.html
jobs.51job.com/all/co2089979.html
jobs.51job.com/all/co4906217.html
jobs.51job.com/all/co3554709.html
jobs.51job.com/all/co270592.html
jobs.51job.com/all/co4887724.html
jobs.51job.com/all/co4887724.html
jobs.51job.com/all/co4887724.html
jobs.51job.com/all/co4900749.html
jobs.51job.com/all/co4940306.html
jobs.51job.com/all/co3968328.html
jobs.51job.com/all/co150462.html
jobs.51job.com/all/co150462.html
jobs.51job.com/all/co150462.html
jobs.51job.com/all/co150462.html
jobs.51job.com/all/co4480349.html
jobs.51job.com/all/co4028758.html
jobs.51job.com/all/co4028758.html
jobs.51job.com/all/co135210.html
jobs.51job.com/all/co135210.html
jobs.51job.com/all/co3610872.html
jobs.51job.com/all/co3610872.html
jobs.51job.com/all/co3610872.html
jobs.51job.com/all/co3610872.html
jobs.51job.com/all/co3610872.html
jobs.51job.com/all/co3610872.html
jobs.51job.com/all/co3610872.html
jobs.51job.com/all/co3610872.html
jobs.51job.com/all/co3610872.html
jobs.51job.com/all/co3610872.html
jobs.51job.com/all/co3610872.html
jobs.51job.com/all/co3610872.html
jobs.51job.com/all/co3610872.html
jobs.51job.com/all/co3610872.html
jobs.51job.com/all/co3610872.html
jobs.51job.com/all/co3610872.html
jobs.51job.com/all/co3610872.html
jobs.51job.com/all/co3610872.html
jobs.51job.com/all/co3610872.html
jobs.51job.com/all/co3610872.html
jobs.51job.com/all/co3610872.html
jobs.51job.com/all/co106423.html
jobs.51job.com/all/co106423.html
jobs.51job.com/all/co106423.html
jobs.51job.com/all/co106423.html
jobs.51job.com/all/co106423.html
jobs.51job.com/all/co106423.html
jobs.51job.com/all/co106423.html
jobs.51job.com/all/co106423.html
jobs.51job.com/all/co4521993.html
jobs.51job.com/all/co4521993.html
jobs.51job.com/all/co4521993.html
jobs.51job.com/all/co3256653.html
jobs.51job.com/all/co3256653.html
jobs.51job.com/all/co3256653.html
jobs.51job.com/all/co3256653.html
jobs.51job.com/all/co3256653.html
jobs.51job.com/all/co2541599.html
jobs.51job.com/all/co3923733.html
jobs.51job.com/all/co3923733.html
jobs.51job.com/all/co3923733.html
jobs.51job.com/all/co5336.html
jobs.51job.com/all/co4307938.html
jobs.51job.com/all/co4307938.html
jobs.51job.com/all/co4307938.html
jobs.51job.com/all/co4372857.html
jobs.51job.com/all/co3963644.html
jobs.51job.com/all/co4400489.html
jobs.51job.com/all/co569726.html
jobs.51job.com/all/co3702613.html
jobs.51job.com/all/co3702613.html
jobs.51job.com/all/co3702613.html
jobs.51job.com/all/co3702613.html
jobs.51job.com/all/co3882935.html
jobs.51job.com/all/co2273274.html
jobs.51job.com/all/co4573661.html
jobs.51job.com/all/co4518520.html
jobs.51job.com/all/co4518520.html
jobs.51job.com/all/co4739123.html
jobs.51job.com/all/co4739123.html
jobs.51job.com/all/co3842742.html
jobs.51job.com/all/co3842742.html
jobs.51job.com/all/co3842742.html
jobs.51job.com/all/co2219414.html
jobs.51job.com/all/co3718896.html
jobs.51job.com/all/co4809911.html
jobs.51job.com/all/co4726174.html
jobs.51job.com/all/co4527163.html
jobs.51job.com/all/co4527163.html
jobs.51job.com/all/co4527163.html
jobs.51job.com/all/co4527163.html
jobs.51job.com/all/co4527163.html
jobs.51job.com/all/co4527163.html
jobs.51job.com/all/co4062356.html
jobs.51job.com/all/co4062356.html
jobs.51job.com/all/co2935720.html
jobs.51job.com/all/co2935720.html
jobs.51job.com/all/co4153155.html
jobs.51job.com/all/co4153155.html
jobs.51job.com/all/co2531079.html
jobs.51job.com/all/co4555732.html
jobs.51job.com/all/co4432946.html
jobs.51job.com/all/co4432946.html
jobs.51job.com/all/co4432946.html
jobs.51job.com/all/co3912063.html
jobs.51job.com/all/co4739123.html
jobs.51job.com/all/co4739123.html
jobs.51job.com/all/co2508316.html
jobs.51job.com/all/co2508316.html
jobs.51job.com/all/co2508316.html
jobs.51job.com/all/co4649073.html
jobs.51job.com/all/co4649073.html
jobs.51job.com/all/co4649073.html
jobs.51job.com/all/co2916136.html
jobs.51job.com/all/co4874324.html
jobs.51job.com/all/co3867520.html
jobs.51job.com/all/co4592479.html
jobs.51job.com/all/co4436023.html
jobs.51job.com/all/co2120748.html
jobs.51job.com/all/co4231943.html
jobs.51job.com/all/co4231943.html
jobs.51job.com/all/co4231943.html
jobs.51job.com/all/co3260864.html
jobs.51job.com/all/co3260864.html
jobs.51job.com/all/co4573661.html
jobs.51job.com/all/co4573661.html
jobs.51job.com/all/co3927953.html
jobs.51job.com/all/co4480349.html
jobs.51job.com/all/co2571708.html
jobs.51job.com/all/co4681792.html
jobs.51job.com/all/co2508316.html
jobs.51job.com/all/co2508316.html
jobs.51job.com/all/co2508316.html
jobs.51job.com/all/co3042125.html
jobs.51job.com/all/co4892515.html
jobs.51job.com/all/co4231250.html
jobs.51job.com/all/co4692543.html
jobs.51job.com/all/co3042125.html
jobs.51job.com/all/co4209174.html
jobs.51job.com/all/co4789502.html
jobs.51job.com/all/co4199900.html
jobs.51job.com/all/co4199900.html
jobs.51job.com/all/co4199900.html
jobs.51job.com/all/co4199900.html
jobs.51job.com/all/co4199900.html
jobs.51job.com/all/co4199900.html
jobs.51job.com/all/co4199900.html
jobs.51job.com/all/co4199900.html
jobs.51job.com/all/co4789502.html
jobs.51job.com/all/co4789502.html
jobs.51job.com/all/co4042308.html
jobs.51job.com/all/co3842742.html
jobs.51job.com/all/co3842742.html
jobs.51job.com/all/co4518520.html
jobs.51job.com/all/co4897653.html
jobs.51job.com/all/co4191331.html
jobs.51job.com/all/co2560454.html
jobs.51job.com/all/co3551732.html
jobs.51job.com/all/co4789502.html
jobs.51job.com/all/co3867520.html
jobs.51job.com/all/co3867520.html
jobs.51job.com/all/co2764925.html
jobs.51job.com/all/co2905568.html
jobs.51job.com/all/co4207565.html
jobs.51job.com/all/co4331978.html
jobs.51job.com/all/co135210.html
jobs.51job.com/all/co3704841.html
jobs.51job.com/all/co3842841.html
jobs.51job.com/all/co4480349.html
jobs.51job.com/all/co4577942.html
jobs.51job.com/all/co180463.html
jobs.51job.com/all/co180463.html
jobs.51job.com/all/co4500504.html
jobs.51job.com/all/co4500504.html
jobs.51job.com/all/co4840482.html
jobs.51job.com/all/co4444394.html
jobs.51job.com/all/co4444394.html
jobs.51job.com/all/co688687.html
jobs.51job.com/all/co2938037.html
jobs.51job.com/all/co2938037.html
jobs.51job.com/all/co2924623.html
jobs.51job.com/all/co4840482.html
jobs.51job.com/all/co4288349.html
jobs.51job.com/all/co2911089.html
jobs.51job.com/all/co4789502.html
jobs.51job.com/all/co3867520.html
jobs.51job.com/all/co3867520.html
jobs.51job.com/all/co3867520.html
jobs.51job.com/all/co3618547.html
jobs.51job.com/all/co3618547.html
jobs.51job.com/all/co3618547.html
jobs.51job.com/all/co144117.html
jobs.51job.com/all/co144117.html
jobs.51job.com/all/co4026121.html
jobs.51job.com/all/co3618547.html
jobs.51job.com/all/co4142142.html
jobs.51job.com/all/co4142142.html
jobs.51job.com/all/co4142142.html
jobs.51job.com/all/co4438415.html
jobs.51job.com/all/co4676706.html
jobs.51job.com/all/co4676706.html
jobs.51job.com/all/co4573772.html
jobs.51job.com/all/co4573772.html
jobs.51job.com/all/co3941711.html
jobs.51job.com/all/co4141369.html
jobs.51job.com/all/co4141369.html
jobs.51job.com/all/co4385409.html
jobs.51job.com/all/co4066726.html
jobs.51job.com/all/co3839784.html
jobs.51job.com/all/co4252133.html
jobs.51job.com/all/co3515748.html
jobs.51job.com/all/co3515748.html
jobs.51job.com/all/co4374888.html
jobs.51job.com/all/co4374888.html
jobs.51job.com/all/co4374888.html
jobs.51job.com/all/co4374888.html
jobs.51job.com/all/co3515748.html
jobs.51job.com/all/co3515748.html
jobs.51job.com/all/co3515748.html
jobs.51job.com/all/co3515748.html
jobs.51job.com/all/co3515748.html
jobs.51job.com/all/co3515748.html
jobs.51job.com/all/co3515748.html
jobs.51job.com/all/co3515748.html
jobs.51job.com/all/co4374888.html
jobs.51job.com/all/co4374888.html
jobs.51job.com/all/co612312.html
jobs.51job.com/all/co612312.html
jobs.51job.com/all/co4480349.html
jobs.51job.com/all/co3868623.html
jobs.51job.com/all/co3676705.html
jobs.51job.com/all/co116754.html
jobs.51job.com/all/co2531079.html
jobs.51job.com/all/co4653119.html
jobs.51job.com/all/co4653119.html
jobs.51job.com/all/co4055086.html
jobs.51job.com/all/co4687964.html
jobs.51job.com/all/co4153361.html
jobs.51job.com/all/co4940306.html
jobs.51job.com/all/co3358239.html
jobs.51job.com/all/co1980864.html
jobs.51job.com/all/co3805420.html
jobs.51job.com/all/co3805420.html
jobs.51job.com/all/co3805420.html
jobs.51job.com/all/co3805420.html
jobs.51job.com/all/co3805420.html
jobs.51job.com/all/co3805420.html
jobs.51job.com/all/co3805420.html
jobs.51job.com/all/co3805420.html
jobs.51job.com/all/co3805420.html
