jobs.51job.com/all/co3343422.html
jobs.51job.com/all/co2456966.html
jobs.51job.com/all/co3015930.html
jobs.51job.com/all/co4956453.html
jobs.51job.com/all/co4475604.html
jobs.51job.com/all/co3804389.html
jobs.51job.com/all/co2696748.html
jobs.51job.com/all/co4764523.html
jobs.51job.com/all/co4935477.html
jobs.51job.com/all/co4867667.html
jobs.51job.com/all/co2779639.html
jobs.51job.com/all/co3941980.html
jobs.51job.com/all/co2390713.html
jobs.51job.com/all/co3555472.html
jobs.51job.com/all/co3950653.html
jobs.51job.com/all/co4839336.html
jobs.51job.com/all/co3966758.html
jobs.51job.com/all/co3661652.html
jobs.51job.com/all/co2568594.html
jobs.51job.com/all/co354999.html
jobs.51job.com/all/co2394392.html
jobs.51job.com/all/co4591315.html
jobs.51job.com/all/co2828902.html
jobs.51job.com/all/co2231468.html
jobs.51job.com/all/co2567421.html
jobs.51job.com/all/co4580774.html
jobs.51job.com/all/co3920244.html
jobs.51job.com/all/co2507622.html
jobs.51job.com/all/co2963146.html
jobs.51job.com/all/co2959928.html
jobs.51job.com/all/co4904711.html
jobs.51job.com/all/co4839488.html
jobs.51job.com/all/co4518780.html
jobs.51job.com/all/co3738134.html
jobs.51job.com/all/co2857394.html
jobs.51job.com/all/co3736046.html
jobs.51job.com/all/co2626574.html
jobs.51job.com/all/co2700302.html
jobs.51job.com/all/co3853039.html
jobs.51job.com/all/co4088860.html
jobs.51job.com/all/co3695372.html
jobs.51job.com/all/co4698957.html
jobs.51job.com/all/co2546436.html
jobs.51job.com/all/co3784790.html
jobs.51job.com/all/co3780256.html
jobs.51job.com/all/co4669562.html
jobs.51job.com/all/co2304369.html
jobs.51job.com/all/co2057549.html
jobs.51job.com/all/co2605621.html
jobs.51job.com/all/co2908565.html
jobs.51job.com/all/co4548969.html
jobs.51job.com/all/co2522363.html
jobs.51job.com/all/co4042301.html
jobs.51job.com/all/co2998305.html
jobs.51job.com/all/co4819057.html
jobs.51job.com/all/co2866256.html
jobs.51job.com/all/co3082305.html
jobs.51job.com/all/co3039049.html
jobs.51job.com/all/co2684295.html
jobs.51job.com/all/co4306522.html
jobs.51job.com/all/co2389577.html
jobs.51job.com/all/co3227872.html
jobs.51job.com/all/co2530413.html
jobs.51job.com/all/co3011994.html
jobs.51job.com/all/co4745523.html
jobs.51job.com/all/co2431867.html
jobs.51job.com/all/co4151947.html
jobs.51job.com/all/co3996563.html
jobs.51job.com/all/co3148519.html
jobs.51job.com/all/co4550749.html
jobs.51job.com/all/co4433618.html
jobs.51job.com/all/co4238862.html
jobs.51job.com/all/co3032438.html
jobs.51job.com/all/co4306981.html
jobs.51job.com/all/co4576141.html
jobs.51job.com/all/co2869829.html
jobs.51job.com/all/co4899594.html
jobs.51job.com/all/co4253060.html
jobs.51job.com/all/co3451889.html
jobs.51job.com/all/co3901284.html
jobs.51job.com/all/co4935168.html
jobs.51job.com/all/co4384374.html
jobs.51job.com/all/co4709968.html
jobs.51job.com/all/co4075070.html
jobs.51job.com/all/co4426500.html
jobs.51job.com/all/co4477614.html
jobs.51job.com/all/co4433180.html
jobs.51job.com/all/co4134270.html
jobs.51job.com/all/co2859733.html
jobs.51job.com/all/co3723208.html
jobs.51job.com/all/co4721380.html
jobs.51job.com/all/co2374673.html
jobs.51job.com/all/co2226837.html
jobs.51job.com/all/co4075702.html
jobs.51job.com/all/co3661967.html
jobs.51job.com/all/co4796095.html
jobs.51job.com/all/co4901145.html
jobs.51job.com/all/co2960545.html
jobs.51job.com/all/co3211783.html
jobs.51job.com/all/co4919488.html
jobs.51job.com/all/co3092636.html
jobs.51job.com/all/co3474000.html
jobs.51job.com/all/co4492603.html
jobs.51job.com/all/co3675945.html
jobs.51job.com/all/co2602511.html
jobs.51job.com/all/co4144807.html
jobs.51job.com/all/co2218841.html
jobs.51job.com/all/co4686605.html
jobs.51job.com/all/co2595638.html
jobs.51job.com/all/co2672118.html
jobs.51job.com/all/co3211528.html
jobs.51job.com/all/co4643200.html
jobs.51job.com/all/co4277109.html
jobs.51job.com/all/co4625884.html
jobs.51job.com/all/co3139931.html
jobs.51job.com/all/co4208995.html
jobs.51job.com/all/co3502904.html
jobs.51job.com/all/co4199714.html
jobs.51job.com/all/co4898134.html
jobs.51job.com/all/co3239091.html
jobs.51job.com/all/co3870867.html
jobs.51job.com/all/co2585906.html
jobs.51job.com/all/co2442047.html
jobs.51job.com/all/co4802634.html
jobs.51job.com/all/co4615176.html
jobs.51job.com/all/co3010765.html
jobs.51job.com/all/co1331863.html
jobs.51job.com/all/co4282036.html
jobs.51job.com/all/co4918284.html
jobs.51job.com/all/co4920663.html
jobs.51job.com/all/co4934530.html
jobs.51job.com/all/co4805595.html
jobs.51job.com/all/co4639404.html
jobs.51job.com/all/co2756673.html
jobs.51job.com/all/co4570019.html
jobs.51job.com/all/co2587605.html
jobs.51job.com/all/co4589086.html
jobs.51job.com/all/co4165971.html
jobs.51job.com/all/co4772446.html
jobs.51job.com/all/co3749142.html
jobs.51job.com/all/co3122631.html
jobs.51job.com/all/co2639706.html
jobs.51job.com/all/co4750493.html
jobs.51job.com/all/co3718896.html
jobs.51job.com/all/co2763997.html
jobs.51job.com/all/co4826068.html
jobs.51job.com/all/co2620013.html
jobs.51job.com/all/co2775898.html
jobs.51job.com/all/co4912226.html
jobs.51job.com/all/co4281072.html
jobs.51job.com/all/co409921.html
jobs.51job.com/all/co4274439.html
jobs.51job.com/all/co2910641.html
jobs.51job.com/all/co4727087.html
jobs.51job.com/all/co3204110.html
jobs.51job.com/all/co2058377.html
jobs.51job.com/all/co4842521.html
jobs.51job.com/all/co4202259.html
jobs.51job.com/all/co3978496.html
jobs.51job.com/all/co4062356.html
jobs.51job.com/all/co2293701.html
jobs.51job.com/all/co4332064.html
jobs.51job.com/all/co2459741.html
jobs.51job.com/all/co3132452.html
jobs.51job.com/all/co4755717.html
jobs.51job.com/all/co3321284.html
jobs.51job.com/all/co4005084.html
jobs.51job.com/all/co3834445.html
jobs.51job.com/all/co4120120.html
jobs.51job.com/all/co3665552.html
jobs.51job.com/all/co4663387.html
jobs.51job.com/all/co3934617.html
jobs.51job.com/all/co3057420.html
jobs.51job.com/all/co4584358.html
jobs.51job.com/all/co4073843.html
jobs.51job.com/all/co3886280.html
jobs.51job.com/all/co4696019.html
jobs.51job.com/all/co3534031.html
jobs.51job.com/all/co3350282.html
jobs.51job.com/all/co3879943.html
jobs.51job.com/all/co4813642.html
jobs.51job.com/all/co2292624.html
jobs.51job.com/all/co2320857.html
jobs.51job.com/all/co3064153.html
jobs.51job.com/all/co3084959.html
jobs.51job.com/all/co4039365.html
jobs.51job.com/all/co4039374.html
jobs.51job.com/all/co2521305.html
jobs.51job.com/all/co2890525.html
jobs.51job.com/all/co3990203.html
jobs.51job.com/all/co4869653.html
jobs.51job.com/all/co3930649.html
jobs.51job.com/all/co4869504.html
jobs.51job.com/all/co3841161.html
jobs.51job.com/all/co3842703.html
jobs.51job.com/all/co4001321.html
jobs.51job.com/all/co4356531.html
jobs.51job.com/all/co4726580.html
jobs.51job.com/all/co3714323.html
jobs.51job.com/all/co4156429.html
jobs.51job.com/all/co4372640.html
jobs.51job.com/all/co4746235.html
jobs.51job.com/all/co1122811.html
jobs.51job.com/all/co2961276.html
jobs.51job.com/all/co4514881.html
jobs.51job.com/all/co3096755.html
jobs.51job.com/all/co2453643.html
jobs.51job.com/all/co3022396.html
jobs.51job.com/all/co3350780.html
jobs.51job.com/all/co4471813.html
jobs.51job.com/all/co3933337.html
jobs.51job.com/all/co4865314.html
jobs.51job.com/all/co4854653.html
jobs.51job.com/all/co2510515.html
jobs.51job.com/all/co163098.html
jobs.51job.com/all/co2632650.html
jobs.51job.com/all/co107556.html
jobs.51job.com/all/co2598146.html
jobs.51job.com/all/co3707188.html
jobs.51job.com/all/co4933377.html
jobs.51job.com/all/co4447350.html
jobs.51job.com/all/co4853118.html
jobs.51job.com/all/co2731674.html
jobs.51job.com/all/co3551048.html
jobs.51job.com/all/co4870304.html
jobs.51job.com/all/co3165841.html
jobs.51job.com/all/co4839987.html
jobs.51job.com/all/co3859956.html
jobs.51job.com/all/co4869187.html
jobs.51job.com/all/co3873197.html
jobs.51job.com/all/co3951001.html
jobs.51job.com/all/co4947803.html
jobs.51job.com/all/co4492495.html
jobs.51job.com/all/co2997107.html
jobs.51job.com/all/co4956308.html
jobs.51job.com/all/co4859383.html
jobs.51job.com/all/co4898625.html
jobs.51job.com/all/co2273274.html
jobs.51job.com/all/co4379792.html
jobs.51job.com/all/co2550870.html
jobs.51job.com/all/co3117816.html
jobs.51job.com/all/co4281447.html
jobs.51job.com/all/co3897961.html
jobs.51job.com/all/co4727542.html
jobs.51job.com/all/co2723387.html
jobs.51job.com/all/co2573657.html
jobs.51job.com/all/co3998634.html
jobs.51job.com/all/co3171539.html
jobs.51job.com/all/co4219534.html
jobs.51job.com/all/co2651252.html
jobs.51job.com/all/co4930986.html
jobs.51job.com/all/co3810599.html
jobs.51job.com/all/co4358570.html
jobs.51job.com/all/co4267435.html
jobs.51job.com/all/co4820350.html
jobs.51job.com/all/co2864218.html
jobs.51job.com/all/co4480122.html
jobs.51job.com/all/co3577574.html
jobs.51job.com/all/co4344055.html
jobs.51job.com/all/co2361595.html
jobs.51job.com/all/co4490730.html
jobs.51job.com/all/co3022842.html
jobs.51job.com/all/co2987584.html
jobs.51job.com/all/co2960134.html
jobs.51job.com/all/co3879137.html
jobs.51job.com/all/co4125255.html
jobs.51job.com/all/co202749.html
jobs.51job.com/all/co2025154.html
jobs.51job.com/all/co3330848.html
jobs.51job.com/all/co3561695.html
jobs.51job.com/all/co3950382.html
jobs.51job.com/all/co4945357.html
jobs.51job.com/all/co3902615.html
jobs.51job.com/all/co4615685.html
jobs.51job.com/all/co2005732.html
jobs.51job.com/all/co4875569.html
jobs.51job.com/all/co3778623.html
jobs.51job.com/all/co3689679.html
jobs.51job.com/all/co4040133.html
jobs.51job.com/all/co2728407.html
jobs.51job.com/all/co3862241.html
jobs.51job.com/all/co253920.html
jobs.51job.com/all/co3456420.html
jobs.51job.com/all/co2769684.html
jobs.51job.com/all/co3377696.html
jobs.51job.com/all/co2485025.html
jobs.51job.com/all/co2956540.html
jobs.51job.com/all/co4915765.html
jobs.51job.com/all/co4856699.html
jobs.51job.com/all/co4423872.html
jobs.51job.com/all/co2692796.html
jobs.51job.com/all/co4936096.html
jobs.51job.com/all/co3110829.html
jobs.51job.com/all/co2191213.html
jobs.51job.com/all/co4943751.html
jobs.51job.com/all/co3825676.html
jobs.51job.com/all/co3792630.html
jobs.51job.com/all/co2773715.html
jobs.51job.com/all/co3894650.html
jobs.51job.com/all/co3749392.html
jobs.51job.com/all/co4394898.html
jobs.51job.com/all/co4115414.html
jobs.51job.com/all/co4029766.html
jobs.51job.com/all/co2301908.html
jobs.51job.com/all/co3201771.html
jobs.51job.com/all/co4705768.html
jobs.51job.com/all/co2595288.html
jobs.51job.com/all/co2760452.html
jobs.51job.com/all/co3986119.html
jobs.51job.com/all/co2927045.html
jobs.51job.com/all/co3866619.html
jobs.51job.com/all/co3730586.html
jobs.51job.com/all/co2722488.html
jobs.51job.com/all/co190006.html
jobs.51job.com/all/co2993869.html
jobs.51job.com/all/co2460096.html
jobs.51job.com/all/co4277040.html
jobs.51job.com/all/co2763353.html
jobs.51job.com/all/co3265888.html
jobs.51job.com/all/co3134929.html
jobs.51job.com/all/co2878045.html
jobs.51job.com/all/co590204.html
jobs.51job.com/all/co2207653.html
jobs.51job.com/all/co3567011.html
jobs.51job.com/all/co3647823.html
jobs.51job.com/all/co2272108.html
jobs.51job.com/all/co234401.html
jobs.51job.com/all/co4745839.html
jobs.51job.com/all/co3286461.html
jobs.51job.com/all/co4934198.html
jobs.51job.com/all/co3680905.html
jobs.51job.com/all/co3871296.html
jobs.51job.com/all/co2785007.html
jobs.51job.com/all/co4450475.html
meituan.51job.com
jobs.51job.com/all/co3752660.html
jobs.51job.com/all/co3950723.html
jobs.51job.com/all/co4022612.html
jobs.51job.com/all/co3839784.html
jobs.51job.com/all/co3911834.html
jobs.51job.com/all/co3831915.html
jobs.51job.com/all/co2337866.html
jobs.51job.com/all/co4024620.html
jobs.51job.com/all/co2444143.html
jobs.51job.com/all/co2285176.html
jobs.51job.com/all/co4703310.html
jobs.51job.com/all/co285414.html
jobs.51job.com/all/co2362242.html
jobs.51job.com/all/co3124607.html
jobs.51job.com/all/co3837674.html
jobs.51job.com/all/co3884773.html
jobs.51job.com/all/co2981810.html
jobs.51job.com/all/co2557719.html
jobs.51job.com/all/co2349290.html
jobs.51job.com/all/co4590678.html
jobs.51job.com/all/co3752958.html
jobs.51job.com/all/co2491312.html
jobs.51job.com/all/co4439865.html
jobs.51job.com/all/co3980976.html
jobs.51job.com/all/co2840385.html
jobs.51job.com/all/co2829148.html
jobs.51job.com/all/co3835402.html
jobs.51job.com/all/co3766010.html
jobs.51job.com/all/co3060715.html
jobs.51job.com/all/co4765314.html
jobs.51job.com/all/co3702279.html
jobs.51job.com/all/co2801698.html
jobs.51job.com/all/co4723690.html
jobs.51job.com/all/co153791.html
jobs.51job.com/all/co4121223.html
jobs.51job.com/all/co3217719.html
jobs.51job.com/all/co3340105.html
jobs.51job.com/all/co3232861.html
jobs.51job.com/all/co3915269.html
jobs.51job.com/all/co3797340.html
jobs.51job.com/all/co4356374.html
jobs.51job.com/all/co2490485.html
jobs.51job.com/all/co3226623.html
jobs.51job.com/all/co4153155.html
jobs.51job.com/all/co3891372.html
jobs.51job.com/all/co4471743.html
jobs.51job.com/all/co2980672.html
jobs.51job.com/all/co2983446.html
jobs.51job.com/all/co3337889.html
jobs.51job.com/all/co759092.html
jobs.51job.com/all/co2092154.html
jobs.51job.com/all/co3481757.html
jobs.51job.com/all/co3777621.html
jobs.51job.com/all/co2961917.html
jobs.51job.com/all/co4124285.html
jobs.51job.com/all/co3153328.html
jobs.51job.com/all/co3172161.html
jobs.51job.com/all/co3132173.html
jobs.51job.com/all/co604765.html
jobs.51job.com/all/co4061646.html
jobs.51job.com/all/co2354530.html
jobs.51job.com/all/co2347167.html
jobs.51job.com/all/co3821618.html
jobs.51job.com/all/co2553645.html
jobs.51job.com/all/co2655710.html
jobs.51job.com/all/co2329211.html
jobs.51job.com/all/co2548187.html
jobs.51job.com/all/co3256653.html
jobs.51job.com/all/co4889052.html
jobs.51job.com/all/co1477009.html
jobs.51job.com/all/co127840.html
jobs.51job.com/all/co2838914.html
jobs.51job.com/all/co127990.html
jobs.51job.com/all/co3718479.html
jobs.51job.com/all/co4758049.html
jobs.51job.com/all/co3901949.html
jobs.51job.com/all/co4043884.html
jobs.51job.com/all/co2397911.html
jobs.51job.com/all/co3363627.html
jobs.51job.com/all/co4315619.html
jobs.51job.com/all/co4002088.html
jobs.51job.com/all/co3875156.html
jobs.51job.com/all/co4827259.html
jobs.51job.com/all/co4672988.html
jobs.51job.com/all/co3219945.html
jobs.51job.com/all/co4044252.html
jobs.51job.com/all/co1344979.html
jobs.51job.com/all/co200527.html
jobs.51job.com/all/co2736588.html
jobs.51job.com/all/co3448514.html
jobs.51job.com/all/co4844896.html
jobs.51job.com/all/co3762610.html
jobs.51job.com/all/co302627.html
jobs.51job.com/all/co2974482.html
jobs.51job.com/all/co2352171.html
jobs.51job.com/all/co3929098.html
jobs.51job.com/all/co2758163.html
jobs.51job.com/all/co4357403.html
jobs.51job.com/all/co3175766.html
jobs.51job.com/all/co4763416.html
jobs.51job.com/all/co2716620.html
jobs.51job.com/all/co3804064.html
jobs.51job.com/all/co2528545.html
jobs.51job.com/all/co4772933.html
jobs.51job.com/all/co2718654.html
jobs.51job.com/all/co3815893.html
jobs.51job.com/all/co2017003.html
jobs.51job.com/all/co4413797.html
jobs.51job.com/all/co3535200.html
jobs.51job.com/all/co2753546.html
jobs.51job.com/all/co2565112.html
jobs.51job.com/all/co3137276.html
jobs.51job.com/all/co4673821.html
jobs.51job.com/all/co2854421.html
jobs.51job.com/all/co2960221.html
jobs.51job.com/all/co3747334.html
jobs.51job.com/all/co3427267.html
jobs.51job.com/all/co4098019.html
jobs.51job.com/all/co4144141.html
jobs.51job.com/all/co2188402.html
jobs.51job.com/all/co4513591.html
jobs.51job.com/all/co3219985.html
jobs.51job.com/all/co3959546.html
jobs.51job.com/all/co2245434.html
jobs.51job.com/all/co4875086.html
jobs.51job.com/all/co4123751.html
jobs.51job.com/all/co3428886.html
jobs.51job.com/all/co1451386.html
jobs.51job.com/all/co2448041.html
jobs.51job.com/all/co3787055.html
jobs.51job.com/all/co3788970.html
jobs.51job.com/all/co4174274.html
jobs.51job.com/all/co2659505.html
jobs.51job.com/all/co3307148.html
jobs.51job.com/all/co270193.html
jobs.51job.com/all/co4104640.html
jobs.51job.com/all/co105547.html
jobs.51job.com/all/co2842043.html
jobs.51job.com/all/co2648756.html
jobs.51job.com/all/co3960474.html
jobs.51job.com/all/co3172648.html
jobs.51job.com/all/co4587458.html
jobs.51job.com/all/co2332477.html
jobs.51job.com/all/co4008607.html
jobs.51job.com/all/co2555564.html
jobs.51job.com/all/co705024.html
jobs.51job.com/all/co2067229.html
jobs.51job.com/all/co4130303.html
jobs.51job.com/all/co3037330.html
jobs.51job.com/all/co2618928.html
jobs.51job.com/all/co4491170.html
jobs.51job.com/all/co2983435.html
jobs.51job.com/all/co4143951.html
jobs.51job.com/all/co3639808.html
jobs.51job.com/all/co3019839.html
jobs.51job.com/all/co2845465.html
jobs.51job.com/all/co4740245.html
jobs.51job.com/all/co4304701.html
jobs.51job.com/all/co3599138.html
jobs.51job.com/all/co2191731.html
jobs.51job.com/all/co2557416.html
jobs.51job.com/all/co4240424.html
jobs.51job.com/all/co2357498.html
jobs.51job.com/all/co705137.html
jobs.51job.com/all/co2598492.html
jobs.51job.com/all/co318359.html
jobs.51job.com/all/co2445188.html
jobs.51job.com/all/co3692397.html
jobs.51job.com/all/co3526762.html
jobs.51job.com/all/co3349845.html
jobs.51job.com/all/co2280463.html
jobs.51job.com/all/co2687455.html
jobs.51job.com/all/co2781740.html
jobs.51job.com/all/co2029195.html
jobs.51job.com/all/co4356281.html
jobs.51job.com/all/co3686920.html
jobs.51job.com/all/co4486511.html
jobs.51job.com/all/co596460.html
jobs.51job.com/all/co4218802.html
jobs.51job.com/all/co489405.html
jobs.51job.com/all/co3765612.html
jobs.51job.com/all/co3972201.html
jobs.51job.com/all/co3380391.html
jobs.51job.com/all/co3889408.html
jobs.51job.com/all/co2693830.html
jobs.51job.com/all/co3148719.html
jobs.51job.com/all/co178586.html
jobs.51job.com/all/co4365830.html
jobs.51job.com/all/co613211.html
jobs.51job.com/all/co3000809.html
jobs.51job.com/all/co3916837.html
jobs.51job.com/all/co3621413.html
jobs.51job.com/all/co4702146.html
jobs.51job.com/all/co4855120.html
jobs.51job.com/all/co2361735.html
jobs.51job.com/all/co4695142.html
jobs.51job.com/all/co2741315.html
jobs.51job.com/all/co2708950.html
jobs.51job.com/all/co2315756.html
jobs.51job.com/all/co3875787.html
jobs.51job.com/all/co4649443.html
jobs.51job.com/all/co2842583.html
jobs.51job.com/all/co2587017.html
jobs.51job.com/all/co2917635.html
jobs.51job.com/all/co2256249.html
jobs.51job.com/all/co4524155.html
jobs.51job.com/all/co2251255.html
jobs.51job.com/all/co2204205.html
jobs.51job.com/all/co2767440.html
jobs.51job.com/all/co2354594.html
jobs.51job.com/all/co386975.html
jobs.51job.com/all/co1989369.html
jobs.51job.com/all/co4284300.html
jobs.51job.com/all/co2088672.html
jobs.51job.com/all/co2453531.html
jobs.51job.com/all/co378082.html
jobs.51job.com/all/co4078990.html
jobs.51job.com/all/co3458899.html
jobs.51job.com/all/co223741.html
jobs.51job.com/all/co4933408.html
jobs.51job.com/all/co2714029.html
jobs.51job.com/all/co3136472.html
jobs.51job.com/all/co2395076.html
jobs.51job.com/all/co2200378.html
jobs.51job.com/all/co2311363.html
jobs.51job.com/all/co2366882.html
jobs.51job.com/all/co2741126.html
jobs.51job.com/all/co2726917.html
jobs.51job.com/all/co4054315.html
jobs.51job.com/all/co233147.html
jobs.51job.com/all/co4609305.html
jobs.51job.com/all/co4189792.html
jobs.51job.com/all/co2952171.html
jobs.51job.com/all/co3510283.html
jobs.51job.com/all/co2347552.html
jobs.51job.com/all/co2733798.html
jobs.51job.com/all/co2532459.html
jobs.51job.com/all/co4613876.html
jobs.51job.com/all/co3393483.html
jobs.51job.com/all/co2838091.html
jobs.51job.com/all/co4581382.html
jobs.51job.com/all/co2252120.html
jobs.51job.com/all/co2758580.html
jobs.51job.com/all/co3604618.html
jobs.51job.com/all/co4350520.html
jobs.51job.com/all/co4090901.html
jobs.51job.com/all/co228161.html
jobs.51job.com/all/co2654240.html
jobs.51job.com/all/co2910007.html
jobs.51job.com/all/co2516052.html
jobs.51job.com/all/co2656992.html
jobs.51job.com/all/co3140637.html
jobs.51job.com/all/co3109393.html
jobs.51job.com/all/co3002239.html
jobs.51job.com/all/co2705363.html
jobs.51job.com/all/co3805451.html
jobs.51job.com/all/co180850.html
jobs.51job.com/all/co3501244.html
jobs.51job.com/all/co4082282.html
jobs.51job.com/all/co4858653.html
jobs.51job.com/all/co4836525.html
jobs.51job.com/all/co4625951.html
jobs.51job.com/all/co7638.html
roche.51job.com/
jobs.51job.com/all/co4336826.html
jobs.51job.com/all/co2747101.html
jobs.51job.com/all/co4949260.html
jobs.51job.com/all/co2512701.html
jobs.51job.com/all/co4647127.html
jobs.51job.com/all/co2476289.html
jobs.51job.com/all/co4936141.html
jobs.51job.com/all/co4346180.html
jobs.51job.com/all/co3862698.html
jobs.51job.com/all/co4810700.html
jobs.51job.com/all/co2901331.html
jobs.51job.com/all/co2777469.html
jobs.51job.com/all/co4872289.html
jobs.51job.com/all/co4457423.html
jobs.51job.com/all/co4287261.html
jobs.51job.com/all/co2496086.html
jobs.51job.com/all/co3117366.html
jobs.51job.com/all/co3716080.html
jobs.51job.com/all/co394433.html
jobs.51job.com/all/co3762649.html
jobs.51job.com/all/co2298940.html
jobs.51job.com/all/co2307103.html
jobs.51job.com/all/co3541765.html
jobs.51job.com/all/co2967292.html
jobs.51job.com/all/co123520.html
jobs.51job.com/all/co4887192.html
jobs.51job.com/all/co4910140.html
jobs.51job.com/all/co3113769.html
jobs.51job.com/all/co4270519.html
jobs.51job.com/all/co3900359.html
jobs.51job.com/all/co4923813.html
jobs.51job.com/all/co4153317.html
jobs.51job.com/all/co2639117.html
jobs.51job.com/all/co312737.html
jobs.51job.com/all/co4535841.html
jobs.51job.com/all/co217101.html
jobs.51job.com/all/co2823732.html
jobs.51job.com/all/co2327168.html
jobs.51job.com/all/co2433642.html
jobs.51job.com/all/co3995985.html
jobs.51job.com/all/co1699295.html
jobs.51job.com/all/co3411572.html
jobs.51job.com/all/co3241218.html
jobs.51job.com/all/co1992487.html
jobs.51job.com/all/co2057405.html
jobs.51job.com/all/co2244730.html
jobs.51job.com/all/co3972139.html
jobs.51job.com/all/co4796938.html
jobs.51job.com/all/co4823861.html
jobs.51job.com/all/co2063785.html
jobs.51job.com/all/co4260401.html
jobs.51job.com/all/co4144304.html
jobs.51job.com/all/co3289587.html
jobs.51job.com/all/co2571708.html
jobs.51job.com/all/co3714023.html
jobs.51job.com/all/co2620916.html
jobs.51job.com/all/co2461172.html
jobs.51job.com/all/co4945794.html
jobs.51job.com/all/co3077729.html
jobs.51job.com/all/co2914388.html
jobs.51job.com/all/co2911172.html
jobs.51job.com/all/co2268274.html
jobs.51job.com/all/co2544937.html
jobs.51job.com/all/co2492527.html
jobs.51job.com/all/co2689130.html
jobs.51job.com/all/co2878087.html
jobs.51job.com/all/co552359.html
jobs.51job.com/all/co2824693.html
jobs.51job.com/all/co2229150.html
jobs.51job.com/all/co3409403.html
jobs.51job.com/all/co3018116.html
jobs.51job.com/all/co2673519.html
jobs.51job.com/all/co3062991.html
jobs.51job.com/all/co4127570.html
jobs.51job.com/all/co3911665.html
jobs.51job.com/all/co244621.html
jobs.51job.com/all/co2389520.html
jobs.51job.com/all/co3409808.html
jobs.51job.com/all/co3417875.html
jobs.51job.com/all/co2425568.html
jobs.51job.com/all/co4694237.html
jobs.51job.com/all/co2105219.html
jobs.51job.com/all/co3123070.html
jobs.51job.com/all/co2691499.html
jobs.51job.com/all/co4849189.html
jobs.51job.com/all/co2306489.html
jobs.51job.com/all/co4189483.html
jobs.51job.com/all/co2558456.html
jobs.51job.com/all/co3887563.html
jobs.51job.com/all/co3605604.html
jobs.51job.com/all/co2309015.html
jobs.51job.com/all/co4466386.html
jobs.51job.com/all/co4399635.html
jobs.51job.com/all/co4934555.html
jobs.51job.com/all/co2898169.html
jobs.51job.com/all/co3322630.html
jobs.51job.com/all/co3229803.html
jobs.51job.com/all/co2346621.html
jobs.51job.com/all/co3103083.html
jobs.51job.com/all/co2715225.html
jobs.51job.com/all/co2288492.html
jobs.51job.com/all/co4493959.html
jobs.51job.com/all/co4580635.html
jobs.51job.com/all/co2486072.html
jobs.51job.com/all/co2003754.html
jobs.51job.com/all/co3634987.html
jobs.51job.com/all/co4655133.html
jobs.51job.com/all/co2610434.html
jobs.51job.com/all/co2750611.html
jobs.51job.com/all/co2259816.html
jobs.51job.com/all/co3738747.html
jobs.51job.com/all/co2727172.html
jobs.51job.com/all/co2340014.html
jobs.51job.com/all/co3764811.html
jobs.51job.com/all/co2971567.html
jobs.51job.com/all/co4290118.html
jobs.51job.com/all/co4912743.html
jobs.51job.com/all/co4430162.html
jobs.51job.com/all/co276761.html
jobs.51job.com/all/co4683157.html
jobs.51job.com/all/co3845693.html
jobs.51job.com/all/co4941648.html
jobs.51job.com/all/co4133405.html
jobs.51job.com/all/co3951684.html
jobs.51job.com/all/co2059233.html
jobs.51job.com/all/co109794.html
jobs.51job.com/all/co4833014.html
jobs.51job.com/all/co2903021.html
jobs.51job.com/all/co3452529.html
jobs.51job.com/all/co2595312.html
jobs.51job.com/all/co4500965.html
jobs.51job.com/all/co3730552.html
jobs.51job.com/all/co2652619.html
jobs.51job.com/all/co2564190.html
jobs.51job.com/all/co2373891.html
jobs.51job.com/all/co4062004.html
jobs.51job.com/all/co3473036.html
jobs.51job.com/all/co2560270.html
jobs.51job.com/all/co2844999.html
jobs.51job.com/all/co4408983.html
jobs.51job.com/all/co4612417.html
jobs.51job.com/all/co3984514.html
jobs.51job.com/all/co4586468.html
jobs.51job.com/all/co1275750.html
jobs.51job.com/all/co4473849.html
jobs.51job.com/all/co2630239.html
jobs.51job.com/all/co2552442.html
jobs.51job.com/all/co4054632.html
jobs.51job.com/all/co2576258.html
jobs.51job.com/all/co3885309.html
jobs.51job.com/all/co4372629.html
jobs.51job.com/all/co2457788.html
jobs.51job.com/all/co3209846.html
jobs.51job.com/all/co4911600.html
jobs.51job.com/all/co2448420.html
jobs.51job.com/all/co2482415.html
jobs.51job.com/all/co2556808.html
jobs.51job.com/all/co3962047.html
jobs.51job.com/all/co2462469.html
jobs.51job.com/all/co4343801.html
jobs.51job.com/all/co3838363.html
jobs.51job.com/all/co4285465.html
jobs.51job.com/all/co2701167.html
jobs.51job.com/all/co4085904.html
jobs.51job.com/all/co2327990.html
jobs.51job.com/all/co2707427.html
jobs.51job.com/all/co2591615.html
jobs.51job.com/all/co2398782.html
jobs.51job.com/all/co3242159.html
jobs.51job.com/all/co2743314.html
jobs.51job.com/all/co238206.html
jobs.51job.com/all/co3579378.html
jobs.51job.com/all/co3545804.html
jobs.51job.com/all/co2677124.html
jobs.51job.com/all/co571344.html
jobs.51job.com/all/co4446406.html
jobs.51job.com/all/co2304797.html
jobs.51job.com/all/co2874068.html
jobs.51job.com/all/co2499461.html
jobs.51job.com/all/co3120663.html
jobs.51job.com/all/co4300195.html
jobs.51job.com/all/co1251255.html
jobs.51job.com/all/co3044391.html
jobs.51job.com/all/co4924014.html
jobs.51job.com/all/co2634615.html
jobs.51job.com/all/co3855765.html
jobs.51job.com/all/co2430218.html
jobs.51job.com/all/co2731965.html
jobs.51job.com/all/co3939466.html
jobs.51job.com/all/co3369559.html
jobs.51job.com/all/co3307388.html
jobs.51job.com/all/co3618863.html
jobs.51job.com/all/co4374540.html
jobs.51job.com/all/co123875.html
jobs.51job.com/all/co3736872.html
jobs.51job.com/all/co3277883.html
jobs.51job.com/all/co3314454.html
jobs.51job.com/all/co4617098.html
jobs.51job.com/all/co2060749.html
jobs.51job.com/all/co2438977.html
jobs.51job.com/all/co4435064.html
jobs.51job.com/all/co4932738.html
jobs.51job.com/all/co3305418.html
jobs.51job.com/all/co2501944.html
jobs.51job.com/all/co4765703.html
jobs.51job.com/all/co4925058.html
jobs.51job.com/all/co3707920.html
jobs.51job.com/all/co4201393.html
jobs.51job.com/all/co258108.html
jobs.51job.com/all/co2620696.html
jobs.51job.com/all/co4385543.html
jobs.51job.com/all/co3910259.html
jobs.51job.com/all/co3496689.html
jobs.51job.com/all/co3806239.html
jobs.51job.com/all/co4586324.html
jobs.51job.com/all/co2650041.html
jobs.51job.com/all/co2252012.html
jobs.51job.com/all/co2427791.html
jobs.51job.com/all/co3685703.html
jobs.51job.com/all/co4802623.html
jobs.51job.com/all/co2982583.html
jobs.51job.com/all/co2169087.html
jobs.51job.com/all/co4467408.html
jobs.51job.com/all/co4134835.html
jobs.51job.com/all/co4062420.html
jobs.51job.com/all/co3769585.html
jobs.51job.com/all/co4027678.html
jobs.51job.com/all/co2738222.html
jobs.51job.com/all/co3556913.html
jobs.51job.com/all/co3920022.html
jobs.51job.com/all/co925854.html
jobs.51job.com/all/co2650989.html
jobs.51job.com/all/co4910571.html
jobs.51job.com/all/co1152143.html
jobs.51job.com/all/co2218976.html
jobs.51job.com/all/co4650623.html
jobs.51job.com/all/co2806511.html
jobs.51job.com/all/co3635783.html
jobs.51job.com/all/co2387548.html
jobs.51job.com/all/co4489813.html
jobs.51job.com/all/co2693574.html
jobs.51job.com/all/co2425048.html
jobs.51job.com/all/co2493510.html
jobs.51job.com/all/co4941978.html
jobs.51job.com/all/co3696855.html
jobs.51job.com/all/co3388357.html
jobs.51job.com/all/co3073910.html
jobs.51job.com/all/co2624139.html
jobs.51job.com/all/co4846070.html
sfzhaopin.51job.com
jobs.51job.com/all/co4041651.html
jobs.51job.com/all/co2168791.html
jobs.51job.com/all/co2326011.html
jobs.51job.com/all/co4812317.html
jobs.51job.com/all/co2224239.html
jobs.51job.com/all/co4338329.html
jobs.51job.com/all/co3301571.html
jobs.51job.com/all/co2324165.html
jobs.51job.com/all/co2572765.html
jobs.51job.com/all/co2190431.html
jobs.51job.com/all/co3755070.html
jobs.51job.com/all/co4247257.html
jobs.51job.com/all/co4716166.html
jobs.51job.com/all/co302003.html
jobs.51job.com/all/co3046252.html
jobs.51job.com/all/co4641571.html
jobs.51job.com/all/co3247141.html
jobs.51job.com/all/co2374391.html
jobs.51job.com/all/co4280210.html
jobs.51job.com/all/co2369254.html
jobs.51job.com/all/co3232865.html
jobs.51job.com/all/co4068410.html
jobs.51job.com/all/co4792407.html
jobs.51job.com/all/co3208648.html
jobs.51job.com/all/co4529186.html
jobs.51job.com/all/co2339747.html
jobs.51job.com/all/co3047096.html
jobs.51job.com/all/co2712567.html
jobs.51job.com/all/co3959055.html
jobs.51job.com/all/co2451372.html
jobs.51job.com/all/co3994742.html
jobs.51job.com/all/co255708.html
jobs.51job.com/all/co2379728.html
jobs.51job.com/all/co4181350.html
jobs.51job.com/all/co2582966.html
jobs.51job.com/all/co2563594.html
jobs.51job.com/all/co4133679.html
jobs.51job.com/all/co2939784.html
jobs.51job.com/all/co4297628.html
jobs.51job.com/all/co2582923.html
jobs.51job.com/all/co2734807.html
jobs.51job.com/all/co3241032.html
jobs.51job.com/all/co2413377.html
jobs.51job.com/all/co2580505.html
jobs.51job.com/all/co2923835.html
jobs.51job.com/all/co2288514.html
jobs.51job.com/all/co2271957.html
jobs.51job.com/all/co2805487.html
jobs.51job.com/all/co2850611.html
jobs.51job.com/all/co2707366.html
jobs.51job.com/all/co4419573.html
jobs.51job.com/all/co3208949.html
jobs.51job.com/all/co4092674.html
jobs.51job.com/all/co3525667.html
jobs.51job.com/all/co3654431.html
jobs.51job.com/all/co3936300.html
jobs.51job.com/all/co4273531.html
jobs.51job.com/all/co2323241.html
jobs.51job.com/all/co4813855.html
jobs.51job.com/all/co3031757.html
jobs.51job.com/all/co4119536.html
jobs.51job.com/all/co3604200.html
jobs.51job.com/all/co2552701.html
jobs.51job.com/all/co4002302.html
jobs.51job.com/all/co2970858.html
jobs.51job.com/all/co4641136.html
jobs.51job.com/all/co4285679.html
jobs.51job.com/all/co4294516.html
jobs.51job.com/all/co3432269.html
jobs.51job.com/all/co4849893.html
jobs.51job.com/all/co3792631.html
jobs.51job.com/all/co4924084.html
jobs.51job.com/all/co3849971.html
jobs.51job.com/all/co2245593.html
jobs.51job.com/all/co3913454.html
jobs.51job.com/all/co4703368.html
jobs.51job.com/all/co3074929.html
jobs.51job.com/all/co3188703.html
jobs.51job.com/all/co2952275.html
jobs.51job.com/all/co4273669.html
jobs.51job.com/all/co2546282.html
jobs.51job.com/all/co4111233.html
jobs.51job.com/all/co3000831.html
jobs.51job.com/all/co4009552.html
jobs.51job.com/all/co4457118.html
jobs.51job.com/all/co2650799.html
jobs.51job.com/all/co3610872.html
jobs.51job.com/all/co3895212.html
jobs.51job.com/all/co4792817.html
jobs.51job.com/all/co4938435.html
jobs.51job.com/all/co4671326.html
jobs.51job.com/all/co3244759.html
jobs.51job.com/all/co2664892.html
jobs.51job.com/all/co3448851.html
jobs.51job.com/all/co473723.html
jobs.51job.com/all/co1988792.html
jobs.51job.com/all/co2977710.html
jobs.51job.com/all/co2779258.html
jobs.51job.com/all/co2544048.html
jobs.51job.com/all/co4809637.html
jobs.51job.com/all/co2878865.html
jobs.51job.com/all/co3960539.html
jobs.51job.com/all/co2560395.html
jobs.51job.com/all/co270592.html
jobs.51job.com/all/co3599982.html
jobs.51job.com/all/co106423.html
jobs.51job.com/all/co2563822.html
jobs.51job.com/all/co2493622.html
jobs.51job.com/all/co4125943.html
jobs.51job.com/all/co4475414.html
jobs.51job.com/all/co4535212.html
jobs.51job.com/all/co417976.html
jobs.51job.com/all/co3820878.html
jobs.51job.com/all/co5336.html
jobs.51job.com/all/co2449918.html
jobs.51job.com/all/co3865318.html
jobs.51job.com/all/co2679861.html
jobs.51job.com/all/co427901.html
jobs.51job.com/all/co4421805.html
jobs.51job.com/all/co4730938.html
jobs.51job.com/all/co4372857.html
jobs.51job.com/all/co3969303.html
jobs.51job.com/all/co1996036.html
jobs.51job.com/all/co2447851.html
neusoft.51job.com
jobs.51job.com/all/co2988395.html
jobs.51job.com/all/co2657223.html
jobs.51job.com/all/co3875636.html
jobs.51job.com/all/co3942559.html
jobs.51job.com/all/co4453284.html
jobs.51job.com/all/co3036721.html
jobs.51job.com/all/co4656452.html
jobs.51job.com/all/co2819343.html
jobs.51job.com/all/co135210.html
jobs.51job.com/all/co569726.html
jobs.51job.com/all/co2686574.html
jobs.51job.com/all/co4596434.html
jobs.51job.com/all/co4624046.html
jobs.51job.com/all/co2451609.html
jobs.51job.com/all/co3633468.html
jobs.51job.com/all/co3512064.html
jobs.51job.com/all/co3029700.html
jobs.51job.com/all/co3047574.html
jobs.51job.com/all/co2648547.html
jobs.51job.com/all/co2754402.html
jobs.51job.com/all/co1353891.html
jobs.51job.com/all/co4890543.html
jobs.51job.com/all/co3865529.html
jobs.51job.com/all/co2652230.html
jobs.51job.com/all/co2835443.html
jobs.51job.com/all/co4448903.html
jobs.51job.com/all/co4935784.html
jobs.51job.com/all/co2689287.html
jobs.51job.com/all/co1593295.html
jobs.51job.com/all/co435402.html
jobs.51job.com/all/co2531079.html
jobs.51job.com/all/co3269096.html
jobs.51job.com/all/co3659584.html
jobs.51job.com/all/co3269760.html
jobs.51job.com/all/co3606399.html
jobs.51job.com/all/co3878393.html
jobs.51job.com/all/co4584251.html
jobs.51job.com/all/co2487751.html
jobs.51job.com/all/co2882565.html
jobs.51job.com/all/co2054558.html
jobs.51job.com/all/co3922490.html
jobs.51job.com/all/co4059043.html
jobs.51job.com/all/co3518367.html
jobs.51job.com/all/co4576853.html
jobs.51job.com/all/co4890229.html
jobs.51job.com/all/co2941765.html
jobs.51job.com/all/co3232869.html
jobs.51job.com/all/co4299624.html
jobs.51job.com/all/co4754686.html
jobs.51job.com/all/co2259046.html
jobs.51job.com/all/co3643182.html
jobs.51job.com/all/co4912086.html
jobs.51job.com/all/co4779202.html
jobs.51job.com/all/co3717642.html
jobs.51job.com/all/co4671613.html
jobs.51job.com/all/co4491452.html
jobs.51job.com/all/co4068753.html
jobs.51job.com/all/co2356889.html
jobs.51job.com/all/co2729315.html
jobs.51job.com/all/co3240724.html
jobs.51job.com/all/co2875541.html
jobs.51job.com/all/co4080014.html
jobs.51job.com/all/co3665478.html
jobs.51job.com/all/co3280811.html
jobs.51job.com/all/co4409852.html
jobs.51job.com/all/co3714291.html
jobs.51job.com/all/co3967207.html
jobs.51job.com/all/co3001042.html
jobs.51job.com/all/co2854332.html
jobs.51job.com/all/co4920544.html
jobs.51job.com/all/co4811436.html
jobs.51job.com/all/co2916136.html
jobs.51job.com/all/co4892189.html
jobs.51job.com/all/co4007431.html
jobs.51job.com/all/co3104646.html
jobs.51job.com/all/co2467071.html
jobs.51job.com/all/co4921203.html
jobs.51job.com/all/co3788202.html
jobs.51job.com/all/co4765025.html
jobs.51job.com/all/co3894391.html
jobs.51job.com/all/co2348235.html
jobs.51job.com/all/co3972932.html
jobs.51job.com/all/co3972924.html
jobs.51job.com/all/co4926814.html
jobs.51job.com/all/co2816941.html
jobs.51job.com/all/co4800672.html
jobs.51job.com/all/co3457910.html
jobs.51job.com/all/co4409130.html
jobs.51job.com/all/co2923580.html
jobs.51job.com/all/co3452727.html
jobs.51job.com/all/co3344609.html
jobs.51job.com/all/co4013080.html
jobs.51job.com/all/co3011039.html
jobs.51job.com/all/co3169118.html
jobs.51job.com/all/co4358644.html
jobs.51job.com/all/co4379844.html
jobs.51job.com/all/co503329.html
ab-inbev.51job.com
ab-inbev.51job.com
jobs.51job.com/all/co4851715.html
jobs.51job.com/all/co4352222.html
jobs.51job.com/all/co2999740.html
jobs.51job.com/all/co4237522.html
jobs.51job.com/all/co3430998.html
jobs.51job.com/all/co3723953.html
jobs.51job.com/all/co2451414.html
jobs.51job.com/all/co3314936.html
jobs.51job.com/all/co2979235.html
jobs.51job.com/all/co3862451.html
jobs.51job.com/all/co3886406.html
jobs.51job.com/all/co2616209.html
jobs.51job.com/all/co3622219.html
jobs.51job.com/all/co2435593.html
jobs.51job.com/all/co3280395.html
jobs.51job.com/all/co3884370.html
jobs.51job.com/all/co4784551.html
jobs.51job.com/all/co197087.html
jobs.51job.com/all/co197374.html
jobs.51job.com/all/co4202505.html
jobs.51job.com/all/co3253868.html
jobs.51job.com/all/co3111187.html
jobs.51job.com/all/co4852590.html
jobs.51job.com/all/co4398342.html
jobs.51job.com/all/co4914801.html
jobs.51job.com/all/co2356665.html
jobs.51job.com/all/co4669690.html
jobs.51job.com/all/co2624995.html
jobs.51job.com/all/co4604332.html
jobs.51job.com/all/co2946657.html
jobs.51job.com/all/co3679091.html
jobs.51job.com/all/co2637621.html
jobs.51job.com/all/co2573266.html
jobs.51job.com/all/co3733884.html
jobs.51job.com/all/co3388689.html
jobs.51job.com/all/co4890724.html
jobs.51job.com/all/co3896198.html
jobs.51job.com/all/co4282898.html
jobs.51job.com/all/co4177413.html
jobs.51job.com/all/co235836.html
jobs.51job.com/all/co2742222.html
jobs.51job.com/all/co4617411.html
jobs.51job.com/all/co3693254.html
jobs.51job.com/all/co2398471.html
jobs.51job.com/all/co4397711.html
jobs.51job.com/all/co3874798.html
jobs.51job.com/all/co2889062.html
jobs.51job.com/all/co3241251.html
jobs.51job.com/all/co4191331.html
jobs.51job.com/all/co3634483.html
jobs.51job.com/all/co4650988.html
jobs.51job.com/all/co2943077.html
jobs.51job.com/all/co4886137.html
jobs.51job.com/all/co2735398.html
jobs.51job.com/all/co4651009.html
jobs.51job.com/all/co4129958.html
jobs.51job.com/all/co3945826.html
jobs.51job.com/all/co4088303.html
jobs.51job.com/all/co4508208.html
jobs.51job.com/all/co589749.html
jobs.51job.com/all/co4822084.html
jobs.51job.com/all/co4703270.html
jobs.51job.com/all/co3688704.html
jobs.51job.com/all/co3833766.html
jobs.51job.com/all/co2868070.html
jobs.51job.com/all/co4898044.html
jobs.51job.com/all/co2297940.html
jobs.51job.com/all/co3339820.html
jobs.51job.com/all/co4072380.html
jobs.51job.com/all/co184057.html
jobs.51job.com/all/co2140148.html
jobs.51job.com/all/co4625522.html
jobs.51job.com/all/co4068781.html
jobs.51job.com/all/co4245004.html
jobs.51job.com/all/co4614266.html
jobs.51job.com/all/co4683253.html
jobs.51job.com/all/co2550258.html
jobs.51job.com/all/co2790355.html
jobs.51job.com/all/co1371530.html
jobs.51job.com/all/co3642473.html
jobs.51job.com/all/co4408697.html
jobs.51job.com/all/co2839429.html
jobs.51job.com/all/co4471700.html
jobs.51job.com/all/co4035818.html
jobs.51job.com/all/co2016323.html
jobs.51job.com/all/co4522735.html
jobs.51job.com/all/co4710514.html
jobs.51job.com/all/co4681043.html
jobs.51job.com/all/co2576131.html
jobs.51job.com/all/co3027551.html
jobs.51job.com/all/co4796115.html
jobs.51job.com/all/co4293790.html
jobs.51job.com/all/co3052364.html
jobs.51job.com/all/co2464784.html
jobs.51job.com/all/co3915592.html
jobs.51job.com/all/co2489834.html
jobs.51job.com/all/co2992550.html
jobs.51job.com/all/co3852866.html
jobs.51job.com/all/co1985000.html
jobs.51job.com/all/co3987802.html
jobs.51job.com/all/co232897.html
jobs.51job.com/all/co2584532.html
jobs.51job.com/all/co2928926.html
jobs.51job.com/all/co3116227.html
jobs.51job.com/all/co3485753.html
jobs.51job.com/all/co4862491.html
jobs.51job.com/all/co2015866.html
jobs.51job.com/all/co2542624.html
jobs.51job.com/all/co4738033.html
jobs.51job.com/all/co4430413.html
jobs.51job.com/all/co2697337.html
jobs.51job.com/all/co3677602.html
jobs.51job.com/all/co3989060.html
jobs.51job.com/all/co2457213.html
jobs.51job.com/all/co2257638.html
jobs.51job.com/all/co4869308.html
jobs.51job.com/all/co4676706.html
jobs.51job.com/all/co2543335.html
jobs.51job.com/all/co4865128.html
jobs.51job.com/all/co2298780.html
jobs.51job.com/all/co3306902.html
jobs.51job.com/all/co4385409.html
jobs.51job.com/all/co4759346.html
jobs.51job.com/all/co4195670.html
jobs.51job.com/all/co2799039.html
jobs.51job.com/all/co141003.html
jobs.51job.com/all/co2389927.html
jobs.51job.com/all/co4867709.html
jobs.51job.com/all/co4866993.html
jobs.51job.com/all/co4561063.html
jobs.51job.com/all/co2502745.html
jobs.51job.com/all/co2846684.html
jobs.51job.com/all/co2758204.html
jobs.51job.com/all/co2462044.html
jobs.51job.com/all/co3899070.html
jobs.51job.com/all/co4866430.html
jobs.51job.com/all/co3776948.html
jobs.51job.com/all/co3559412.html
jobs.51job.com/all/co3421114.html
jobs.51job.com/all/co3475066.html
jobs.51job.com/all/co2305277.html
jobs.51job.com/all/co4211064.html
jobs.51job.com/all/co2549540.html
jobs.51job.com/all/co2064011.html
jobs.51job.com/all/co3302261.html
jobs.51job.com/all/co3877218.html
jobs.51job.com/all/co3254670.html
sfzhaopin.51job.com
jobs.51job.com/all/co4809653.html
jobs.51job.com/all/co2982858.html
jobs.51job.com/all/co303234.html
jobs.51job.com/all/co1990255.html
jobs.51job.com/all/co3352076.html
jobs.51job.com/all/co2783415.html
jobs.51job.com/all/co4337578.html
jobs.51job.com/all/co4932517.html
jobs.51job.com/all/co193676.html
jobs.51job.com/all/co3208942.html
jobs.51job.com/all/co4712693.html
jobs.51job.com/all/co3941838.html
jobs.51job.com/all/co547825.html
cpic-cx.51job.com
jobs.51job.com/all/co792490.html
jobs.51job.com/all/co4323814.html
jobs.51job.com/all/co3805420.html
jobs.51job.com/all/co2696748.html
jobs.51job.com/all/co4867667.html
jobs.51job.com/all/co2394392.html
jobs.51job.com/all/co4591315.html
jobs.51job.com/all/co2626574.html
jobs.51job.com/all/co2626574.html
jobs.51job.com/all/co4088860.html
jobs.51job.com/all/co2304369.html
jobs.51job.com/all/co3555472.html
jobs.51job.com/all/co3555472.html
jobs.51job.com/all/co3227872.html
jobs.51job.com/all/co4745523.html
jobs.51job.com/all/co3148519.html
jobs.51job.com/all/co2869829.html
jobs.51job.com/all/co2869829.html
jobs.51job.com/all/co2869829.html
jobs.51job.com/all/co4253060.html
jobs.51job.com/all/co2859733.html
jobs.51job.com/all/co4721380.html
jobs.51job.com/all/co2226837.html
jobs.51job.com/all/co3661967.html
jobs.51job.com/all/co3451889.html
jobs.51job.com/all/co2602511.html
jobs.51job.com/all/co4144807.html
jobs.51job.com/all/co2672118.html
jobs.51job.com/all/co4643200.html
jobs.51job.com/all/co4643200.html
jobs.51job.com/all/co4625884.html
jobs.51job.com/all/co4898134.html
jobs.51job.com/all/co3870867.html
jobs.51job.com/all/co3870867.html
jobs.51job.com/all/co4802634.html
jobs.51job.com/all/co4802634.html
jobs.51job.com/all/co4570019.html
jobs.51job.com/all/co4570019.html
jobs.51job.com/all/co3870867.html
jobs.51job.com/all/co2639706.html
jobs.51job.com/all/co4899594.html
jobs.51job.com/all/co4274439.html
jobs.51job.com/all/co4274439.html
jobs.51job.com/all/co2672118.html
jobs.51job.com/all/co2587605.html
jobs.51job.com/all/co4663387.html
jobs.51job.com/all/co4663387.html
jobs.51job.com/all/co4073843.html
jobs.51job.com/all/co3934617.html
jobs.51job.com/all/co2320857.html
jobs.51job.com/all/co2320857.html
jobs.51job.com/all/co3870867.html
jobs.51job.com/all/co3870867.html
jobs.51job.com/all/co3978496.html
jobs.51job.com/all/co4356531.html
jobs.51job.com/all/co4726580.html
jobs.51job.com/all/co4726580.html
jobs.51job.com/all/co4726580.html
jobs.51job.com/all/co4156429.html
jobs.51job.com/all/co4156429.html
jobs.51job.com/all/co4746235.html
jobs.51job.com/all/co4746235.html
jobs.51job.com/all/co4746235.html
jobs.51job.com/all/co4746235.html
jobs.51job.com/all/co4042301.html
jobs.51job.com/all/co4042301.html
jobs.51job.com/all/co4042301.html
jobs.51job.com/all/co4042301.html
jobs.51job.com/all/co4042301.html
jobs.51job.com/all/co4042301.html
jobs.51job.com/all/co4042301.html
jobs.51job.com/all/co4042301.html
jobs.51job.com/all/co1122811.html
jobs.51job.com/all/co4306981.html
jobs.51job.com/all/co4306981.html
jobs.51job.com/all/co4306981.html
jobs.51job.com/all/co4306981.html
jobs.51job.com/all/co4306981.html
jobs.51job.com/all/co4306981.html
jobs.51job.com/all/co4306981.html
jobs.51job.com/all/co4306981.html
jobs.51job.com/all/co4306981.html
jobs.51job.com/all/co4306981.html
jobs.51job.com/all/co4306981.html
jobs.51job.com/all/co4306981.html
jobs.51job.com/all/co4306981.html
jobs.51job.com/all/co4306981.html
jobs.51job.com/all/co4306981.html
jobs.51job.com/all/co4306981.html
jobs.51job.com/all/co2453643.html
jobs.51job.com/all/co2453643.html
jobs.51job.com/all/co2453643.html
jobs.51job.com/all/co2453643.html
jobs.51job.com/all/co2453643.html
jobs.51job.com/all/co3096755.html
jobs.51job.com/all/co4372640.html
jobs.51job.com/all/co4372640.html
jobs.51job.com/all/co4372640.html
jobs.51job.com/all/co4372640.html
jobs.51job.com/all/co4372640.html
jobs.51job.com/all/co3022396.html
jobs.51job.com/all/co3022396.html
jobs.51job.com/all/co3022396.html
jobs.51job.com/all/co4156429.html
jobs.51job.com/all/co4156429.html
jobs.51job.com/all/co4156429.html
jobs.51job.com/all/co4156429.html
jobs.51job.com/all/co4156429.html
jobs.51job.com/all/co4156429.html
jobs.51job.com/all/co4156429.html
jobs.51job.com/all/co2961276.html
jobs.51job.com/all/co2961276.html
jobs.51job.com/all/co2961276.html
jobs.51job.com/all/co4372640.html
jobs.51job.com/all/co4372640.html
jobs.51job.com/all/co4372640.html
jobs.51job.com/all/co4372640.html
jobs.51job.com/all/co4755717.html
jobs.51job.com/all/co4755717.html
jobs.51job.com/all/co4755717.html
jobs.51job.com/all/co4755717.html
jobs.51job.com/all/co4755717.html
jobs.51job.com/all/co4372640.html
jobs.51job.com/all/co4372640.html
jobs.51job.com/all/co4471813.html
jobs.51job.com/all/co4156429.html
jobs.51job.com/all/co4471813.html
jobs.51job.com/all/co4471813.html
jobs.51job.com/all/co4471813.html
jobs.51job.com/all/co4854653.html
jobs.51job.com/all/co2598146.html
jobs.51job.com/all/co2696748.html
jobs.51job.com/all/co3951001.html
jobs.51job.com/all/co3873197.html
jobs.51job.com/all/co4870304.html
jobs.51job.com/all/co3555472.html
jobs.51job.com/all/co2389577.html
jobs.51job.com/all/co2696748.html
jobs.51job.com/all/co2696748.html
jobs.51job.com/all/co4935477.html
jobs.51job.com/all/co4935477.html
jobs.51job.com/all/co4935477.html
jobs.51job.com/all/co4219534.html
jobs.51job.com/all/co4219534.html
jobs.51job.com/all/co4219534.html
jobs.51job.com/all/co3165841.html
jobs.51job.com/all/co3577574.html
jobs.51job.com/all/co3577574.html
jobs.51job.com/all/co3577574.html
jobs.51job.com/all/co3577574.html
jobs.51job.com/all/co3879137.html
jobs.51job.com/all/co3873197.html
jobs.51job.com/all/co4615685.html
jobs.51job.com/all/co4615685.html
jobs.51job.com/all/co4615685.html
jobs.51job.com/all/co4267435.html
jobs.51job.com/all/co3941980.html
jobs.51job.com/all/co4870304.html
jobs.51job.com/all/co3778623.html
jobs.51job.com/all/co3689679.html
jobs.51job.com/all/co2728407.html
jobs.51job.com/all/co2390713.html
jobs.51job.com/all/co2390713.html
jobs.51job.com/all/co2390713.html
jobs.51job.com/all/co2696748.html
jobs.51job.com/all/co2696748.html
jobs.51job.com/all/co2696748.html
jobs.51job.com/all/co2696748.html
jobs.51job.com/all/co4935477.html
jobs.51job.com/all/co2773715.html
jobs.51job.com/all/co3792630.html
jobs.51job.com/all/co3825676.html
jobs.51job.com/all/co3689679.html
jobs.51job.com/all/co3792630.html
jobs.51job.com/all/co3689679.html
jobs.51job.com/all/co3689679.html
jobs.51job.com/all/co3265888.html
jobs.51job.com/all/co2878045.html
jobs.51job.com/all/co3661652.html
jobs.51job.com/all/co2568594.html
jobs.51job.com/all/co354999.html
jobs.51job.com/all/co354999.html
jobs.51job.com/all/co354999.html
jobs.51job.com/all/co354999.html
jobs.51job.com/all/co3286461.html
jobs.51job.com/all/co3871296.html
jobs.51job.com/all/co4450475.html
meituan.51job.com
jobs.51job.com/all/co2285176.html
jobs.51job.com/all/co2285176.html
jobs.51job.com/all/co2231468.html
jobs.51job.com/all/co2567421.html
jobs.51job.com/all/co2567421.html
jobs.51job.com/all/co2567421.html
jobs.51job.com/all/co3837674.html
jobs.51job.com/all/co3884773.html
jobs.51job.com/all/co4580774.html
jobs.51job.com/all/co4580774.html
jobs.51job.com/all/co4580774.html
jobs.51job.com/all/co4580774.html
jobs.51job.com/all/co4580774.html
jobs.51job.com/all/co4580774.html
jobs.51job.com/all/co4580774.html
jobs.51job.com/all/co4580774.html
jobs.51job.com/all/co4580774.html
jobs.51job.com/all/co3920244.html
jobs.51job.com/all/co3920244.html
jobs.51job.com/all/co3920244.html
jobs.51job.com/all/co3920244.html
jobs.51job.com/all/co3920244.html
jobs.51job.com/all/co2491312.html
jobs.51job.com/all/co4439865.html
jobs.51job.com/all/co4439865.html
jobs.51job.com/all/co2840385.html
jobs.51job.com/all/co2840385.html
jobs.51job.com/all/co3835402.html
jobs.51job.com/all/co3060715.html
jobs.51job.com/all/co3060715.html
jobs.51job.com/all/co4121223.html
jobs.51job.com/all/co2959928.html
jobs.51job.com/all/co3915269.html
jobs.51job.com/all/co3902615.html
jobs.51job.com/all/co3902615.html
jobs.51job.com/all/co3951001.html
jobs.51job.com/all/co4356374.html
jobs.51job.com/all/co4153155.html
jobs.51job.com/all/co4153155.html
jobs.51job.com/all/co4904711.html
jobs.51job.com/all/co2980672.html
jobs.51job.com/all/co4518780.html
jobs.51job.com/all/co4518780.html
jobs.51job.com/all/co3738134.html
jobs.51job.com/all/co3738134.html
jobs.51job.com/all/co3738134.html
jobs.51job.com/all/co2092154.html
jobs.51job.com/all/co3738134.html
jobs.51job.com/all/co3777621.html
jobs.51job.com/all/co4124285.html
jobs.51job.com/all/co4124285.html
jobs.51job.com/all/co2838914.html
jobs.51job.com/all/co3901949.html
jobs.51job.com/all/co3901949.html
jobs.51job.com/all/co2397911.html
jobs.51job.com/all/co2397911.html
jobs.51job.com/all/co4002088.html
jobs.51job.com/all/co2700302.html
jobs.51job.com/all/co2700302.html
jobs.51job.com/all/co2700302.html
jobs.51job.com/all/co3853039.html
jobs.51job.com/all/co3853039.html
jobs.51job.com/all/co3853039.html
jobs.51job.com/all/co2736588.html
jobs.51job.com/all/co3762610.html
jobs.51job.com/all/co3762610.html
jobs.51job.com/all/co302627.html
jobs.51job.com/all/co3804064.html
jobs.51job.com/all/co3804064.html
jobs.51job.com/all/co3804064.html
jobs.51job.com/all/co3815893.html
jobs.51job.com/all/co3535200.html
jobs.51job.com/all/co3535200.html
jobs.51job.com/all/co2565112.html
jobs.51job.com/all/co2960221.html
jobs.51job.com/all/co2960221.html
jobs.51job.com/all/co2960221.html
jobs.51job.com/all/co2546436.html
jobs.51job.com/all/co2546436.html
jobs.51job.com/all/co2546436.html
jobs.51job.com/all/co4098019.html
jobs.51job.com/all/co2188402.html
jobs.51job.com/all/co2245434.html
jobs.51job.com/all/co1451386.html
jobs.51job.com/all/co2448041.html
jobs.51job.com/all/co2448041.html
jobs.51job.com/all/co2448041.html
jobs.51job.com/all/co2448041.html
jobs.51job.com/all/co3788970.html
jobs.51job.com/all/co4174274.html
jobs.51job.com/all/co3788970.html
jobs.51job.com/all/co4174274.html
jobs.51job.com/all/co4104640.html
jobs.51job.com/all/co4104640.html
jobs.51job.com/all/co2057549.html
jobs.51job.com/all/co2057549.html
jobs.51job.com/all/co2842043.html
jobs.51job.com/all/co4587458.html
jobs.51job.com/all/co4587458.html
jobs.51job.com/all/co3165841.html
jobs.51job.com/all/co2332477.html
jobs.51job.com/all/co2332477.html
jobs.51job.com/all/co2332477.html
jobs.51job.com/all/co2605621.html
jobs.51job.com/all/co2605621.html
jobs.51job.com/all/co2908565.html
jobs.51job.com/all/co2908565.html
jobs.51job.com/all/co705024.html
jobs.51job.com/all/co705024.html
jobs.51job.com/all/co4130303.html
jobs.51job.com/all/co3037330.html
jobs.51job.com/all/co3037330.html
jobs.51job.com/all/co2618928.html
jobs.51job.com/all/co2983435.html
jobs.51job.com/all/co2983435.html
jobs.51job.com/all/co3639808.html
jobs.51job.com/all/co4740245.html
jobs.51job.com/all/co4740245.html
jobs.51job.com/all/co4240424.html
jobs.51job.com/all/co4240424.html
jobs.51job.com/all/co4240424.html
jobs.51job.com/all/co2445188.html
jobs.51job.com/all/co2445188.html
jobs.51job.com/all/co4819057.html
jobs.51job.com/all/co4819057.html
jobs.51job.com/all/co4819057.html
jobs.51job.com/all/co318359.html
jobs.51job.com/all/co3862241.html
jobs.51job.com/all/co4486511.html
jobs.51job.com/all/co2550870.html
jobs.51job.com/all/co3765612.html
jobs.51job.com/all/co3765612.html
jobs.51job.com/all/co3765612.html
jobs.51job.com/all/co3380391.html
jobs.51job.com/all/co3380391.html
jobs.51job.com/all/co3380391.html
jobs.51job.com/all/co3039049.html
jobs.51job.com/all/co3039049.html
jobs.51job.com/all/co3039049.html
jobs.51job.com/all/co4365830.html
jobs.51job.com/all/co3000809.html
jobs.51job.com/all/co3000809.html
jobs.51job.com/all/co3000809.html
jobs.51job.com/all/co3000809.html
jobs.51job.com/all/co3916837.html
jobs.51job.com/all/co3000809.html
jobs.51job.com/all/co3000809.html
jobs.51job.com/all/co3621413.html
jobs.51job.com/all/co4702146.html
jobs.51job.com/all/co2684295.html
jobs.51job.com/all/co2741315.html
jobs.51job.com/all/co2708950.html
jobs.51job.com/all/co3875787.html
jobs.51job.com/all/co3875787.html
jobs.51job.com/all/co3555472.html
jobs.51job.com/all/co2917635.html
jobs.51job.com/all/co2256249.html
jobs.51job.com/all/co2256249.html
jobs.51job.com/all/co3804389.html
jobs.51job.com/all/co3804389.html
jobs.51job.com/all/co3804389.html
jobs.51job.com/all/co2767440.html
jobs.51job.com/all/co2767440.html
jobs.51job.com/all/co2767440.html
jobs.51job.com/all/co2767440.html
jobs.51job.com/all/co4306522.html
jobs.51job.com/all/co2389577.html
jobs.51job.com/all/co2696748.html
jobs.51job.com/all/co378082.html
jobs.51job.com/all/co3227872.html
jobs.51job.com/all/co3227872.html
jobs.51job.com/all/co3227872.html
jobs.51job.com/all/co3117816.html
jobs.51job.com/all/co3011994.html
jobs.51job.com/all/co3011994.html
jobs.51job.com/all/co3011994.html
jobs.51job.com/all/co223741.html
jobs.51job.com/all/co2769684.html
jobs.51job.com/all/co2769684.html
jobs.51job.com/all/co3136472.html
jobs.51job.com/all/co3136472.html
jobs.51job.com/all/co2366882.html
jobs.51job.com/all/co2741126.html
jobs.51job.com/all/co233147.html
jobs.51job.com/all/co233147.html
jobs.51job.com/all/co233147.html
jobs.51job.com/all/co233147.html
jobs.51job.com/all/co4609305.html
jobs.51job.com/all/co2347552.html
jobs.51job.com/all/co2347552.html
jobs.51job.com/all/co4613876.html
jobs.51job.com/all/co4613876.html
jobs.51job.com/all/co2758580.html
jobs.51job.com/all/co2758580.html
jobs.51job.com/all/co4090901.html
jobs.51job.com/all/co2910007.html
jobs.51job.com/all/co3109393.html
jobs.51job.com/all/co3805451.html
jobs.51job.com/all/co3501244.html
jobs.51job.com/all/co4082282.html
jobs.51job.com/all/co4625951.html
roche.51job.com/
roche.51job.com/
jobs.51job.com/all/co3534031.html
jobs.51job.com/all/co4898625.html
jobs.51job.com/all/co4936141.html
jobs.51job.com/all/co2760452.html
jobs.51job.com/all/co2760452.html
jobs.51job.com/all/co4872289.html
jobs.51job.com/all/co4872289.html
jobs.51job.com/all/co394433.html
jobs.51job.com/all/co4705768.html
jobs.51job.com/all/co4705768.html
jobs.51job.com/all/co4151947.html
jobs.51job.com/all/co4151947.html
jobs.51job.com/all/co3113769.html
jobs.51job.com/all/co3113769.html
jobs.51job.com/all/co3165841.html
jobs.51job.com/all/co217101.html
jobs.51job.com/all/co217101.html
jobs.51job.com/all/co3995985.html
jobs.51job.com/all/co4165971.html
jobs.51job.com/all/co3534031.html
jobs.51job.com/all/co3241218.html
jobs.51job.com/all/co2057405.html
jobs.51job.com/all/co4796938.html
jobs.51job.com/all/co4260401.html
jobs.51job.com/all/co4260401.html
jobs.51job.com/all/co4260401.html
jobs.51job.com/all/co4260401.html
jobs.51job.com/all/co4260401.html
jobs.51job.com/all/co4260401.html
jobs.51job.com/all/co4260401.html
jobs.51job.com/all/co4144304.html
jobs.51job.com/all/co4144304.html
jobs.51job.com/all/co2476289.html
jobs.51job.com/all/co2476289.html
jobs.51job.com/all/co2476289.html
jobs.51job.com/all/co4238862.html
jobs.51job.com/all/co4238862.html
jobs.51job.com/all/co4238862.html
jobs.51job.com/all/co2461172.html
jobs.51job.com/all/co2461172.html
jobs.51job.com/all/co2461172.html
jobs.51job.com/all/co2268274.html
jobs.51job.com/all/co2878087.html
jobs.51job.com/all/co2869829.html
jobs.51job.com/all/co2869829.html
jobs.51job.com/all/co2521305.html
jobs.51job.com/all/co4253060.html
jobs.51job.com/all/co4253060.html
jobs.51job.com/all/co2673519.html
jobs.51job.com/all/co4127570.html
jobs.51job.com/all/co2389520.html
jobs.51job.com/all/co2389520.html
jobs.51job.com/all/co2389520.html
jobs.51job.com/all/co3417875.html
jobs.51job.com/all/co4647127.html
jobs.51job.com/all/co4935168.html
jobs.51job.com/all/co4935168.html
jobs.51job.com/all/co4849189.html
jobs.51job.com/all/co4849189.html
jobs.51job.com/all/co4849189.html
jobs.51job.com/all/co2558456.html
jobs.51job.com/all/co2558456.html
jobs.51job.com/all/co3165841.html
jobs.51job.com/all/co3810599.html
jobs.51job.com/all/co2346621.html
jobs.51job.com/all/co2346621.html
jobs.51job.com/all/co4384374.html
jobs.51job.com/all/co4384374.html
jobs.51job.com/all/co2983446.html
jobs.51job.com/all/co3103083.html
jobs.51job.com/all/co4898625.html
jobs.51job.com/all/co4898625.html
jobs.51job.com/all/co4898625.html
jobs.51job.com/all/co2340014.html
jobs.51job.com/all/co2340014.html
jobs.51job.com/all/co2340014.html
jobs.51job.com/all/co4430162.html
jobs.51job.com/all/co4430162.html
jobs.51job.com/all/co2595312.html
jobs.51job.com/all/co2595312.html
jobs.51job.com/all/co4477614.html
jobs.51job.com/all/co4477614.html
jobs.51job.com/all/co4477614.html
jobs.51job.com/all/co4477614.html
jobs.51job.com/all/co4408983.html
jobs.51job.com/all/co3577574.html
jobs.51job.com/all/co3577574.html
jobs.51job.com/all/co3621413.html
jobs.51job.com/all/co2259816.html
jobs.51job.com/all/co3984514.html
jobs.51job.com/all/co2630239.html
jobs.51job.com/all/co4054632.html
jobs.51job.com/all/co3885309.html
jobs.51job.com/all/co2857394.html
jobs.51job.com/all/co3209846.html
jobs.51job.com/all/co3209846.html
jobs.51job.com/all/co2448420.html
jobs.51job.com/all/co3448514.html
jobs.51job.com/all/co4343801.html
jobs.51job.com/all/co3838363.html
jobs.51job.com/all/co2327990.html
jobs.51job.com/all/co2743314.html
jobs.51job.com/all/co2743314.html
jobs.51job.com/all/co238206.html
jobs.51job.com/all/co238206.html
jobs.51job.com/all/co3545804.html
jobs.51job.com/all/co2522363.html
jobs.51job.com/all/co2874068.html
jobs.51job.com/all/co2499461.html
jobs.51job.com/all/co3551048.html
jobs.51job.com/all/co2731965.html
jobs.51job.com/all/co3736872.html
jobs.51job.com/all/co4796095.html
jobs.51job.com/all/co3314454.html
jobs.51job.com/all/co2438977.html
jobs.51job.com/all/co2438977.html
jobs.51job.com/all/co4435064.html
jobs.51job.com/all/co4435064.html
jobs.51job.com/all/co4858653.html
jobs.51job.com/all/co4858653.html
jobs.51job.com/all/co4925058.html
jobs.51job.com/all/co3092636.html
jobs.51job.com/all/co3092636.html
jobs.51job.com/all/co3092636.html
jobs.51job.com/all/co3092636.html
jobs.51job.com/all/co2773715.html
jobs.51job.com/all/co2773715.html
jobs.51job.com/all/co2773715.html
jobs.51job.com/all/co4385543.html
jobs.51job.com/all/co3910259.html
jobs.51job.com/all/co4492603.html
jobs.51job.com/all/co4492603.html
jobs.51job.com/all/co4492603.html
jobs.51job.com/all/co4586324.html
jobs.51job.com/all/co2650041.html
jobs.51job.com/all/co3675945.html
jobs.51job.com/all/co3675945.html
jobs.51job.com/all/co3675945.html
jobs.51job.com/all/co2427791.html
jobs.51job.com/all/co2427791.html
jobs.51job.com/all/co3685703.html
jobs.51job.com/all/co2169087.html
jobs.51job.com/all/co4134835.html
jobs.51job.com/all/co925854.html
jobs.51job.com/all/co2650989.html
jobs.51job.com/all/co4612417.html
jobs.51job.com/all/co2806511.html
jobs.51job.com/all/co2387548.html
jobs.51job.com/all/co3804064.html
jobs.51job.com/all/co4394898.html
jobs.51job.com/all/co2595638.html
jobs.51job.com/all/co2595638.html
jobs.51job.com/all/co4247257.html
jobs.51job.com/all/co2672118.html
jobs.51job.com/all/co2672118.html
jobs.51job.com/all/co4641571.html
jobs.51job.com/all/co3862241.html
jobs.51job.com/all/co3232865.html
jobs.51job.com/all/co4068410.html
jobs.51job.com/all/co3047096.html
jobs.51job.com/all/co4643200.html
jobs.51job.com/all/co4643200.html
jobs.51job.com/all/co4181350.html
jobs.51job.com/all/co4181350.html
jobs.51job.com/all/co4181350.html
jobs.51job.com/all/co4181350.html
jobs.51job.com/all/co4492495.html
jobs.51job.com/all/co4277109.html
jobs.51job.com/all/co4625884.html
jobs.51job.com/all/co4625884.html
jobs.51job.com/all/co2563594.html
jobs.51job.com/all/co2939784.html
jobs.51job.com/all/co4208995.html
jobs.51job.com/all/co3502904.html
jobs.51job.com/all/co3502904.html
jobs.51job.com/all/co2493510.html
jobs.51job.com/all/co2493510.html
jobs.51job.com/all/co2493510.html
jobs.51job.com/all/co2493510.html
jobs.51job.com/all/co2734807.html
jobs.51job.com/all/co4199714.html
jobs.51job.com/all/co3110829.html
jobs.51job.com/all/co2805487.html
jobs.51job.com/all/co4062356.html
jobs.51job.com/all/co3930649.html
jobs.51job.com/all/co3870867.html
jobs.51job.com/all/co3870867.html
jobs.51job.com/all/co4802634.html
jobs.51job.com/all/co4802634.html
jobs.51job.com/all/co3792631.html
jobs.51job.com/all/co4615176.html
jobs.51job.com/all/co3849971.html
jobs.51job.com/all/co4625951.html
jobs.51job.com/all/co1331863.html
jobs.51job.com/all/co1331863.html
jobs.51job.com/all/co1331863.html
jobs.51job.com/all/co2639117.html
jobs.51job.com/all/co2639117.html
jobs.51job.com/all/co2639117.html
jobs.51job.com/all/co2773715.html
jobs.51job.com/all/co3610872.html
jobs.51job.com/all/co3610872.html
jobs.51job.com/all/co4671326.html
jobs.51job.com/all/co3244759.html
jobs.51job.com/all/co2544048.html
jobs.51job.com/all/co2544048.html
jobs.51job.com/all/co2977710.html
jobs.51job.com/all/co2977710.html
jobs.51job.com/all/co4938435.html
jobs.51job.com/all/co4938435.html
jobs.51job.com/all/co3960539.html
jobs.51job.com/all/co3022842.html
jobs.51job.com/all/co2560395.html
jobs.51job.com/all/co3123070.html
jobs.51job.com/all/co3123070.html
jobs.51job.com/all/co2493622.html
jobs.51job.com/all/co4934530.html
jobs.51job.com/all/co4125943.html
jobs.51job.com/all/co4130303.html
jobs.51job.com/all/co4130303.html
jobs.51job.com/all/co2293701.html
jobs.51job.com/all/co3969303.html
jobs.51job.com/all/co3942559.html
jobs.51job.com/all/co3942559.html
jobs.51job.com/all/co3942559.html
jobs.51job.com/all/co3942559.html
jobs.51job.com/all/co3942559.html
jobs.51job.com/all/co3942559.html
jobs.51job.com/all/co3942559.html
jobs.51job.com/all/co3942559.html
jobs.51job.com/all/co4453284.html
jobs.51job.com/all/co4656452.html
jobs.51job.com/all/co4596434.html
jobs.51job.com/all/co4596434.html
jobs.51job.com/all/co4596434.html
jobs.51job.com/all/co4589086.html
jobs.51job.com/all/co4589086.html
jobs.51job.com/all/co3512064.html
jobs.51job.com/all/co4934530.html
jobs.51job.com/all/co2256249.html
jobs.51job.com/all/co4772446.html
jobs.51job.com/all/co4890543.html
jobs.51job.com/all/co2835443.html
jobs.51job.com/all/co2689287.html
jobs.51job.com/all/co2580505.html
jobs.51job.com/all/co4935784.html
jobs.51job.com/all/co3122631.html
jobs.51job.com/all/co3122631.html
jobs.51job.com/all/co3606399.html
jobs.51job.com/all/co3606399.html
jobs.51job.com/all/co2293701.html
jobs.51job.com/all/co4356281.html
jobs.51job.com/all/co4584251.html
jobs.51job.com/all/co3792631.html
jobs.51job.com/all/co3792631.html
jobs.51job.com/all/co3718896.html
jobs.51job.com/all/co3219945.html
jobs.51job.com/all/co2531079.html
jobs.51job.com/all/co2763997.html
jobs.51job.com/all/co2763997.html
jobs.51job.com/all/co2626574.html
jobs.51job.com/all/co3643182.html
jobs.51job.com/all/co3643182.html
jobs.51job.com/all/co4294516.html
jobs.51job.com/all/co3113769.html
jobs.51job.com/all/co4584251.html
jobs.51job.com/all/co4189792.html
jobs.51job.com/all/co3665478.html
jobs.51job.com/all/co4625884.html
jobs.51job.com/all/co2256249.html
jobs.51job.com/all/co3714291.html
jobs.51job.com/all/co3960539.html
jobs.51job.com/all/co2571708.html
jobs.51job.com/all/co4332064.html
jobs.51job.com/all/co4332064.html
jobs.51job.com/all/co4912226.html
jobs.51job.com/all/co409921.html
jobs.51job.com/all/co3452727.html
jobs.51job.com/all/co3452727.html
jobs.51job.com/all/co3344609.html
jobs.51job.com/all/co3344609.html
jobs.51job.com/all/co4013080.html
jobs.51job.com/all/co3011039.html
jobs.51job.com/all/co4274439.html
jobs.51job.com/all/co4274439.html
jobs.51job.com/all/co4274439.html
jobs.51job.com/all/co4274439.html
jobs.51job.com/all/co4274439.html
ab-inbev.51job.com
jobs.51job.com/all/co2999740.html
jobs.51job.com/all/co2999740.html
jobs.51job.com/all/co2999740.html
jobs.51job.com/all/co4842521.html
jobs.51job.com/all/co2974482.html
jobs.51job.com/all/co3430998.html
jobs.51job.com/all/co2451414.html
jobs.51job.com/all/co2451414.html
jobs.51job.com/all/co2451414.html
jobs.51job.com/all/co2451414.html
jobs.51job.com/all/co2451414.html
jobs.51job.com/all/co2451414.html
jobs.51job.com/all/co2451414.html
jobs.51job.com/all/co2451414.html
jobs.51job.com/all/co2451414.html
jobs.51job.com/all/co2451414.html
jobs.51job.com/all/co2571708.html
jobs.51job.com/all/co2487751.html
jobs.51job.com/all/co2256249.html
jobs.51job.com/all/co4529186.html
jobs.51job.com/all/co4529186.html
jobs.51job.com/all/co4529186.html
jobs.51job.com/all/co3314936.html
jobs.51job.com/all/co4358644.html
jobs.51job.com/all/co2435593.html
jobs.51job.com/all/co2435593.html
jobs.51job.com/all/co2435593.html
jobs.51job.com/all/co2459741.html
jobs.51job.com/all/co2459741.html
jobs.51job.com/all/co2664892.html
jobs.51job.com/all/co2664892.html
jobs.51job.com/all/co3884370.html
jobs.51job.com/all/co4125943.html
jobs.51job.com/all/co4336826.html
jobs.51job.com/all/co3321284.html
jobs.51job.com/all/co3321284.html
jobs.51job.com/all/co4005084.html
jobs.51job.com/all/co4365830.html
jobs.51job.com/all/co2959928.html
jobs.51job.com/all/co2356665.html
jobs.51job.com/all/co2356665.html
jobs.51job.com/all/co2356665.html
jobs.51job.com/all/co4134835.html
jobs.51job.com/all/co2624995.html
jobs.51job.com/all/co3841161.html
jobs.51job.com/all/co4604332.html
jobs.51job.com/all/co2624995.html
jobs.51job.com/all/co3665552.html
jobs.51job.com/all/co2637621.html
jobs.51job.com/all/co2637621.html
jobs.51job.com/all/co3074929.html
jobs.51job.com/all/co3388689.html
jobs.51job.com/all/co4890724.html
jobs.51job.com/all/co2923835.html
jobs.51job.com/all/co2742222.html
jobs.51job.com/all/co3074929.html
jobs.51job.com/all/co4584358.html
jobs.51job.com/all/co4191331.html
jobs.51job.com/all/co4576853.html
jobs.51job.com/all/co4886137.html
jobs.51job.com/all/co3886280.html
jobs.51job.com/all/co2773715.html
jobs.51job.com/all/co4068781.html
jobs.51job.com/all/co4068781.html
jobs.51job.com/all/co4245004.html
jobs.51job.com/all/co3842703.html
jobs.51job.com/all/co4281447.html
jobs.51job.com/all/co2229150.html
jobs.51job.com/all/co2229150.html
jobs.51job.com/all/co3000809.html
jobs.51job.com/all/co3000809.html
jobs.51job.com/all/co3000809.html
jobs.51job.com/all/co3496689.html
jobs.51job.com/all/co4471700.html
jobs.51job.com/all/co2320857.html
jobs.51job.com/all/co2320857.html
jobs.51job.com/all/co3027551.html
jobs.51job.com/all/co4293790.html
jobs.51job.com/all/co3842703.html
jobs.51job.com/all/co2293701.html
jobs.51job.com/all/co2293701.html
jobs.51job.com/all/co3870867.html
jobs.51job.com/all/co4277109.html
jobs.51job.com/all/co2992550.html
jobs.51job.com/all/co3084959.html
jobs.51job.com/all/co4356281.html
jobs.51job.com/all/co3116227.html
jobs.51job.com/all/co2889062.html
jobs.51job.com/all/co4796115.html
jobs.51job.com/all/co3716080.html
jobs.51job.com/all/co3716080.html
jobs.51job.com/all/co3990203.html
jobs.51job.com/all/co2543335.html
jobs.51job.com/all/co2543335.html
jobs.51job.com/all/co3122631.html
jobs.51job.com/all/co4869653.html
jobs.51job.com/all/co3930649.html
jobs.51job.com/all/co3060715.html
jobs.51job.com/all/co3989060.html
jobs.51job.com/all/co4759346.html
jobs.51job.com/all/co4759346.html
jobs.51job.com/all/co2799039.html
jobs.51job.com/all/co2799039.html
jobs.51job.com/all/co4759346.html
jobs.51job.com/all/co4759346.html
jobs.51job.com/all/co4561063.html
jobs.51job.com/all/co4561063.html
jobs.51job.com/all/co4561063.html
jobs.51job.com/all/co4561063.html
jobs.51job.com/all/co4561063.html
jobs.51job.com/all/co4561063.html
jobs.51job.com/all/co4759346.html
jobs.51job.com/all/co2758204.html
jobs.51job.com/all/co3526762.html
jobs.51job.com/all/co3526762.html
jobs.51job.com/all/co3526762.html
jobs.51job.com/all/co3306902.html
jobs.51job.com/all/co3306902.html
jobs.51job.com/all/co2462044.html
jobs.51job.com/all/co2758204.html
jobs.51job.com/all/co4866430.html
jobs.51job.com/all/co4866430.html
jobs.51job.com/all/co4356531.html
jobs.51job.com/all/co3559412.html
jobs.51job.com/all/co3599982.html
jobs.51job.com/all/co4625884.html
jobs.51job.com/all/co4306981.html
jobs.51job.com/all/co4306981.html
jobs.51job.com/all/co4306981.html
jobs.51job.com/all/co2491312.html
jobs.51job.com/all/co2491312.html
jobs.51job.com/all/co3873197.html
jobs.51job.com/all/co3821618.html
jobs.51job.com/all/co318359.html
jobs.51job.com/all/co4819057.html
jobs.51job.com/all/co2595312.html
jobs.51job.com/all/co3047096.html
jobs.51job.com/all/co4809637.html
jobs.51job.com/all/co4245004.html
jobs.51job.com/all/co4336826.html
jobs.51job.com/all/co2943077.html
jobs.51job.com/all/co2696748.html
jobs.51job.com/all/co4561063.html
jobs.51job.com/all/co3805420.html
