jobs.51job.com/all/co4918218.html
jobs.51job.com/all/co2273274.html
jobs.51job.com/all/co4942042.html
jobs.51job.com/all/co4636195.html
jobs.51job.com/all/co4264346.html
jobs.51job.com/all/co3470136.html
jobs.51job.com/all/co4697833.html
jobs.51job.com/all/co2507622.html
jobs.51job.com/all/co3996543.html
jobs.51job.com/all/co2918328.html
jobs.51job.com/all/co4632904.html
jobs.51job.com/all/co3183951.html
jobs.51job.com/all/co3330474.html
jobs.51job.com/all/co4599859.html
jobs.51job.com/all/co4390647.html
jobs.51job.com/all/co4360045.html
jobs.51job.com/all/co4897437.html
jobs.51job.com/all/co4201991.html
jobs.51job.com/all/co4230965.html
jobs.51job.com/all/co4851665.html
jobs.51job.com/all/co4862322.html
jobs.51job.com/all/co2529807.html
jobs.51job.com/all/co3191675.html
jobs.51job.com/all/co253648.html
jobs.51job.com/all/co3089554.html
jobs.51job.com/all/co3319369.html
jobs.51job.com/all/co4832024.html
jobs.51job.com/all/co3723208.html
jobs.51job.com/all/co4838735.html
jobs.51job.com/all/co2618135.html
jobs.51job.com/all/co4374718.html
jobs.51job.com/all/co3939837.html
jobs.51job.com/all/co2707366.html
jobs.51job.com/all/co3683687.html
jobs.51job.com/all/co3220598.html
jobs.51job.com/all/co4393157.html
jobs.51job.com/all/co4486136.html
jobs.51job.com/all/co2946509.html
jobs.51job.com/all/co2909574.html
jobs.51job.com/all/co2989867.html
jobs.51job.com/all/co4566908.html
jobs.51job.com/all/co4254130.html
jobs.51job.com/all/co4064466.html
jobs.51job.com/all/co4785883.html
jobs.51job.com/all/co3350780.html
jobs.51job.com/all/co4087962.html
jobs.51job.com/all/co3376530.html
zjsj.51job.com/
jobs.51job.com/all/co4844014.html
jobs.51job.com/all/co2531079.html
jobs.51job.com/all/co2638017.html
jobs.51job.com/all/co4636389.html
jobs.51job.com/all/co2545901.html
jobs.51job.com/all/co4933235.html
jobs.51job.com/all/co2466012.html
jobs.51job.com/all/co4521587.html
jobs.51job.com/all/co4956085.html
jobs.51job.com/all/co4956081.html
jobs.51job.com/all/co4944903.html
jobs.51job.com/all/co3748729.html
nesc.51job.com
jobs.51job.com/all/co3965618.html
jobs.51job.com/all/co2210711.html
jobs.51job.com/all/co1490822.html
jobs.51job.com/all/co3094306.html
jobs.51job.com/all/co2259537.html
jobs.51job.com/all/co2421654.html
jobs.51job.com/all/co2324461.html
jobs.51job.com/all/co2864527.html
jobs.51job.com/all/co4909847.html
jobs.51job.com/all/co2251642.html
jobs.51job.com/all/co4861976.html
jobs.51job.com/all/co1838293.html
jobs.51job.com/all/co212918.html
jobs.51job.com/all/co2303934.html
jobs.51job.com/all/co3570053.html
jobs.51job.com/all/co4947261.html
thyssenkrupp.51job.com
jobs.51job.com/all/co3614584.html
jobs.51job.com/all/co2616834.html
jobs.51job.com/all/co3834960.html
jobs.51job.com/all/co4086258.html
jobs.51job.com/all/co1459454.html
jobs.51job.com/all/co2821469.html
jobs.51job.com/all/co2744721.html
jobs.51job.com/all/co2515123.html
jobs.51job.com/all/co3333554.html
jobs.51job.com/all/co3846650.html
jobs.51job.com/all/co4336191.html
jobs.51job.com/all/co4332786.html
jobs.51job.com/all/co178107.html
jobs.51job.com/all/co3766010.html
jobs.51job.com/all/co2065039.html
jobs.51job.com/all/co153791.html
jobs.51job.com/all/co2954623.html
jobs.51job.com/all/co2959928.html
jobs.51job.com/all/co3934647.html
jobs.51job.com/all/co3809167.html
jobs.51job.com/all/co2845533.html
jobs.51job.com/all/co3197238.html
jobs.51job.com/all/co4867793.html
jobs.51job.com/all/co3921531.html
jobs.51job.com/all/co11468.html
jobs.51job.com/all/co4172014.html
jobs.51job.com/all/co3261325.html
jobs.51job.com/all/co2243825.html
jobs.51job.com/all/co3812590.html
jobs.51job.com/all/co4533629.html
jobs.51job.com/all/co300472.html
jobs.51job.com/all/co4618030.html
jobs.51job.com/all/co127840.html
jobs.51job.com/all/co503422.html
jobs.51job.com/all/co3689365.html
jobs.51job.com/all/co3901949.html
jobs.51job.com/all/co4315619.html
jobs.51job.com/all/co4002088.html
jobs.51job.com/all/co4521767.html
jobs.51job.com/all/co3764142.html
jobs.51job.com/all/co3984871.html
jobs.51job.com/all/co1344979.html
jobs.51job.com/all/co3608525.html
jobs.51job.com/all/co2736588.html
jobs.51job.com/all/co4621709.html
jobs.51job.com/all/co3052064.html
jobs.51job.com/all/co3832967.html
jobs.51job.com/all/co4772933.html
jobs.51job.com/all/co2003353.html
jobs.51job.com/all/co3953528.html
jobs.51job.com/all/co3566592.html
jobs.51job.com/all/co2470783.html
jobs.51job.com/all/co3564409.html
jobs.51job.com/all/co2895483.html
jobs.51job.com/all/co4432962.html
jobs.51job.com/all/co3428886.html
jobs.51job.com/all/co4936677.html
jobs.51job.com/all/co4368474.html
jobs.51job.com/all/co2659505.html
jobs.51job.com/all/co105547.html
jobs.51job.com/all/co3342315.html
jobs.51job.com/all/co253517.html
jobs.51job.com/all/co2154390.html
jobs.51job.com/all/co227523.html
jobs.51job.com/all/co2357498.html
jobs.51job.com/all/co4447114.html
jobs.51job.com/all/co4625127.html
jobs.51job.com/all/co498810.html
jobs.51job.com/all/co4493386.html
jobs.51job.com/all/co3345290.html
jobs.51job.com/all/co2689728.html
jobs.51job.com/all/co2487480.html
jobs.51job.com/all/co3887869.html
jobs.51job.com/all/co4524418.html
jobs.51job.com/all/co613211.html
jobs.51job.com/all/co3916837.html
jobs.51job.com/all/co4703219.html
jobs.51job.com/all/co3823178.html
jobs.51job.com/all/co1545107.html
jobs.51job.com/all/co2741315.html
jobs.51job.com/all/co3595977.html
jobs.51job.com/all/co4429945.html
jobs.51job.com/all/co2921771.html
jobs.51job.com/all/co4768547.html
jobs.51job.com/all/co4649443.html
jobs.51job.com/all/co3820616.html
jobs.51job.com/all/co2270113.html
jobs.51job.com/all/co4538731.html
jobs.51job.com/all/co4010087.html
jobs.51job.com/all/co4538384.html
jobs.51job.com/all/co2354594.html
mannhummel.51job.com
jobs.51job.com/all/co386975.html
jobs.51job.com/all/co4216804.html
jobs.51job.com/all/co2053998.html
jobs.51job.com/all/co4926380.html
jobs.51job.com/all/co2487207.html
jobs.51job.com/all/co3055514.html
jobs.51job.com/all/co2713259.html
jobs.51job.com/all/co4715844.html
jobs.51job.com/all/co2812802.html
jobs.51job.com/all/co2544020.html
jobs.51job.com/all/co4168459.html
jobs.51job.com/all/co4714853.html
jobs.51job.com/all/co2813361.html
jobs.51job.com/all/co3419179.html
jobs.51job.com/all/co4544250.html
jobs.51job.com/all/co4522408.html
jobs.51job.com/all/co2580915.html
jobs.51job.com/all/co1007882.html
jobs.51job.com/all/co2433586.html
jobs.51job.com/all/co3142803.html
jobs.51job.com/all/co2180769.html
jobs.51job.com/all/co4024624.html
jobs.51job.com/all/co2838091.html
jobs.51job.com/all/co2718340.html
jobs.51job.com/all/co3570317.html
jobs.51job.com/all/co2695935.html
jobs.51job.com/all/co4581382.html
jobs.51job.com/all/co3821436.html
jobs.51job.com/all/co3205430.html
jobs.51job.com/all/co2640271.html
jobs.51job.com/all/co4282429.html
jobs.51job.com/all/co3212507.html
jobs.51job.com/all/co2328249.html
jobs.51job.com/all/co4523852.html
jobs.51job.com/all/co3002239.html
jobs.51job.com/all/co2577301.html
jobs.51job.com/all/co180850.html
jobs.51job.com/all/co4490372.html
jobs.51job.com/all/co4359236.html
jobs.51job.com/all/co4926426.html
thyssenkrupp.51job.com
creditease.51job.com
continental.51job.com/
jobs.51job.com/all/co3309893.html
jobs.51job.com/all/co651230.html
jobs.51job.com/all/co4641606.html
jobs.51job.com/all/co2347362.html
jobs.51job.com/all/co2293666.html
jobs.51job.com/all/co3846285.html
jobs.51job.com/all/co109093.html
jobs.51job.com/all/co4739634.html
jobs.51job.com/all/co4253221.html
jobs.51job.com/all/co2658663.html
jobs.51job.com/all/co4383508.html
jobs.51job.com/all/co4495083.html
jobs.51job.com/all/co3683092.html
jobs.51job.com/all/co3504085.html
jobs.51job.com/all/co3509136.html
jobs.51job.com/all/co3786979.html
jobs.51job.com/all/co3902926.html
jobs.51job.com/all/co2536453.html
jobs.51job.com/all/co3030315.html
jobs.51job.com/all/co3167971.html
jobs.51job.com/all/co4852142.html
jobs.51job.com/all/co4933305.html
jobs.51job.com/all/co3263592.html
jobs.51job.com/all/co4142142.html
jobs.51job.com/all/co2922390.html
jobs.51job.com/all/co2272108.html
jobs.51job.com/all/co3802331.html
jobs.51job.com/all/co129912.html
jobs.51job.com/all/co4717648.html
jobs.51job.com/all/co265722.html
jobs.51job.com/all/co4363609.html
jobs.51job.com/all/co2229150.html
jobs.51job.com/all/co1339391.html
jobs.51job.com/all/co4927821.html
jobs.51job.com/all/co3731518.html
jobs.51job.com/all/co3892233.html
jobs.51job.com/all/co2018822.html
jobs.51job.com/all/co4113159.html
jobs.51job.com/all/co3078132.html
jobs.51job.com/all/co2326528.html
jobs.51job.com/all/co4722159.html
jobs.51job.com/all/co2677331.html
jobs.51job.com/all/co2485213.html
jobs.51job.com/all/co4450475.html
jobs.51job.com/all/co3371549.html
jobs.51job.com/all/co3475728.html
jobs.51job.com/all/co3647823.html
jobs.51job.com/all/co2614173.html
jobs.51job.com/all/co4018665.html
jobs.51job.com/all/co4368183.html
jobs.51job.com/all/co3832429.html
jobs.51job.com/all/co4524026.html
jobs.51job.com/all/co3335027.html
jobs.51job.com/all/co4701659.html
jobs.51job.com/all/co2535731.html
jobs.51job.com/all/co4429649.html
jobs.51job.com/all/co3918809.html
jobs.51job.com/all/co4938542.html
jobs.51job.com/all/co158830.html
jobs.51job.com/all/co4500965.html
jobs.51job.com/all/co2753102.html
jobs.51job.com/all/co3473625.html
jobs.51job.com/all/co4494970.html
jobs.51job.com/all/co3513097.html
jobs.51job.com/all/co2218909.html
jobs.51job.com/all/co3458285.html
jobs.51job.com/all/co2108015.html
jobs.51job.com/all/co4055501.html
jobs.51job.com/all/co2906275.html
jobs.51job.com/all/co4870250.html
jobs.51job.com/all/co2199912.html
jobs.51job.com/all/co10972.html
jobs.51job.com/all/co4548015.html
jobs.51job.com/all/co3714036.html
jobs.51job.com/all/co306536.html
jobs.51job.com/all/co4358571.html
jobs.51job.com/all/co4461878.html
jobs.51job.com/all/co1232534.html
jobs.51job.com/all/co3140981.html
jobs.51job.com/all/co4826557.html
jobs.51job.com/all/co3242159.html
jobs.51job.com/all/co2957509.html
jobs.51job.com/all/co3647715.html
jobs.51job.com/all/co1986415.html
jobs.51job.com/all/co4625839.html
jobs.51job.com/all/co3024050.html
jobs.51job.com/all/co3807211.html
jobs.51job.com/all/co2777175.html
jobs.51job.com/all/co2731965.html
jobs.51job.com/all/co4787761.html
jobs.51job.com/all/co1527387.html
jobs.51job.com/all/co3804738.html
jobs.51job.com/all/co2046275.html
jobs.51job.com/all/co4857803.html
jobs.51job.com/all/co3803556.html
jobs.51job.com/all/co4507933.html
jobs.51job.com/all/co4462850.html
jobs.51job.com/all/co2787918.html
jobs.51job.com/all/co2915948.html
jobs.51job.com/all/co2297795.html
jobs.51job.com/all/co2875206.html
jobs.51job.com/all/co2591396.html
jobs.51job.com/all/co1125698.html
jobs.51job.com/all/co4578174.html
jobs.51job.com/all/co2299598.html
jobs.51job.com/all/co4860824.html
jobs.51job.com/all/co1992162.html
jobs.51job.com/all/co2901474.html
jobs.51job.com/all/co3927918.html
jobs.51job.com/all/co2154429.html
jobs.51job.com/all/co4027678.html
jobs.51job.com/all/co3832422.html
jobs.51job.com/all/co4273696.html
jobs.51job.com/all/co2545097.html
jobs.51job.com/all/co1088290.html
jobs.51job.com/all/co2921782.html
jobs.51job.com/all/co612312.html
jobs.51job.com/all/co2806511.html
jobs.51job.com/all/co500745.html
jobs.51job.com/all/co4517784.html
jobs.51job.com/all/co1510292.html
jobs.51job.com/all/co4633322.html
jobs.51job.com/all/co367002.html
jobs.51job.com/all/co2459650.html
jobs.51job.com/all/co4832023.html
jobs.51job.com/all/co3980328.html
jobs.51job.com/all/co2878833.html
jobs.51job.com/all/co4506.html
jobs.51job.com/all/co2659809.html
jobs.51job.com/all/co2388696.html
jobs.51job.com/all/co3663320.html
jobs.51job.com/all/co2687768.html
jobs.51job.com/all/co2335572.html
jobs.51job.com/all/co2704798.html
jobs.51job.com/all/co3812292.html
jobs.51job.com/all/co4168280.html
jobs.51job.com/all/co3492851.html
jobs.51job.com/all/co3404609.html
jobs.51job.com/all/co4870979.html
jobs.51job.com/all/co302725.html
jobs.51job.com/all/co2837269.html
jobs.51job.com/all/co4113410.html
jobs.51job.com/all/co4123709.html
rundamedical.51job.com
jobs.51job.com/all/co3474622.html
jobs.51job.com/all/co3965149.html
jobs.51job.com/all/co4888478.html
jobs.51job.com/all/co4532775.html
jobs.51job.com/all/co4864808.html
jobs.51job.com/all/co3782765.html
jobs.51job.com/all/co2792979.html
jobs.51job.com/all/co3335432.html
jobs.51job.com/all/co4939109.html
jobs.51job.com/all/co4597438.html
jobs.51job.com/all/co3502887.html
jobs.51job.com/all/co4517926.html
jobs.51job.com/all/co3809416.html
jobs.51job.com/all/co4730498.html
jobs.51job.com/all/co4703368.html
jobs.51job.com/all/co4115901.html
jobs.51job.com/all/co2165935.html
jobs.51job.com/all/co3610872.html
jobs.51job.com/all/co4752757.html
jobs.51job.com/all/co424566.html
jobs.51job.com/all/co2243957.html
jobs.51job.com/all/co3985267.html
jobs.51job.com/all/co4031093.html
jobs.51job.com/all/co579488.html
jobs.51job.com/all/co106423.html
jobs.51job.com/all/co4538443.html
jobs.51job.com/all/co3281240.html
jobs.51job.com/all/co4256162.html
jobs.51job.com/all/co3283735.html
jobs.51job.com/all/co3574488.html
jobs.51job.com/all/co3299910.html
jobs.51job.com/all/co2657016.html
jobs.51job.com/all/co2071212.html
jobs.51job.com/all/co4372857.html
jobs.51job.com/all/co3166527.html
jobs.51job.com/all/co2262912.html
jobs.51job.com/all/co2370921.html
jobs.51job.com/all/co4669950.html
jobs.51job.com/all/co4914048.html
jobs.51job.com/all/co2325988.html
jobs.51job.com/all/co569726.html
jobs.51job.com/all/co4645066.html
jobs.51job.com/all/co3403174.html
jobs.51job.com/all/co3232351.html
jobs.51job.com/all/co2650797.html
jobs.51job.com/all/co3085299.html
jobs.51job.com/all/co2698981.html
freudenberg.51job.com
jobs.51job.com/all/co3714197.html
jobs.51job.com/all/co2742222.html
jobs.51job.com/all/co4118081.html
jobs.51job.com/all/co3085816.html
jobs.51job.com/all/co3690835.html
jobs.51job.com/all/co4050226.html
jobs.51job.com/all/co3015574.html
jobs.51job.com/all/co3906317.html
jobs.51job.com/all/co4760662.html
jobs.51job.com/all/co4785298.html
jobs.51job.com/all/co2742405.html
jobs.51job.com/all/co3346473.html
jobs.51job.com/all/co2784019.html
jobs.51job.com/all/co3536558.html
jobs.51job.com/all/co4703342.html
jobs.51job.com/all/co4900812.html
sfzhaopin.51job.com
jobs.51job.com/all/co682235.html
jobs.51job.com/all/co141224.html
jobs.51job.com/all/co4443821.html
jobs.51job.com/all/co4827270.html
jobs.51job.com/all/co2564459.html
jobs.51job.com/all/co2478368.html
jobs.51job.com/all/co4456882.html
jobs.51job.com/all/co2175547.html
jobs.51job.com/all/co2546224.html
jobs.51job.com/all/co4014015.html
jobs.51job.com/all/co3260835.html
jobs.51job.com/all/co3288322.html
jobs.51job.com/all/co4484770.html
jobs.51job.com/all/co3551793.html
jobs.51job.com/all/co2959556.html
jobs.51job.com/all/co2368217.html
jobs.51job.com/all/co4882617.html
jobs.51job.com/all/co2202048.html
jobs.51job.com/all/co4098530.html
magna.51job.com
jobs.51job.com/all/co4548426.html
jobs.51job.com/all/co2310490.html
jobs.51job.com/all/co3680923.html
jobs.51job.com/all/co4184921.html
jobs.51job.com/all/co2813734.html
jobs.51job.com/all/co4416926.html
jobs.51job.com/all/co3231773.html
jobs.51job.com/all/co4677151.html
jobs.51job.com/all/co3745270.html
jobs.51job.com/all/co4551881.html
jobs.51job.com/all/co3938707.html
jobs.51job.com/all/co2982145.html
jobs.51job.com/all/co4763127.html
jobs.51job.com/all/co3146365.html
jobs.51job.com/all/co3875981.html
jobs.51job.com/all/co3153719.html
jobs.51job.com/all/co2909855.html
jobs.51job.com/all/co4505568.html
jobs.51job.com/all/co4404948.html
jobs.51job.com/all/co4311550.html
jobs.51job.com/all/co4244249.html
jobs.51job.com/all/co4906230.html
jobs.51job.com/all/co2169609.html
jobs.51job.com/all/co2332457.html
jobs.51job.com/all/co4343299.html
jobs.51job.com/all/co4696940.html
jobs.51job.com/all/co4669690.html
jobs.51job.com/all/co157232.html
jobs.51job.com/all/co4304281.html
jobs.51job.com/all/co3990249.html
jobs.51job.com/all/co4334382.html
jobs.51job.com/all/co4126320.html
jobs.51job.com/all/co2800974.html
jobs.51job.com/all/co4104982.html
jobs.51job.com/all/co2211453.html
jobs.51job.com/all/co4600814.html
jobs.51job.com/all/co2573266.html
jobs.51job.com/all/co3867926.html
jobs.51job.com/all/co3221009.html
jobs.51job.com/all/co3184569.html
jobs.51job.com/all/co4765289.html
jobs.51job.com/all/co3780277.html
jobs.51job.com/all/co2391876.html
jobs.51job.com/all/co4661379.html
jobs.51job.com/all/co3118472.html
jobs.51job.com/all/co4823139.html
jobs.51job.com/all/co4819391.html
jobs.51job.com/all/co4518763.html
jobs.51job.com/all/co2656369.html
jobs.51job.com/all/co4349309.html
jobs.51job.com/all/co4331903.html
jobs.51job.com/all/co4066309.html
jobs.51job.com/all/co4091397.html
jobs.51job.com/all/co2811277.html
jobs.51job.com/all/co3377963.html
jobs.51job.com/all/co4427475.html
jobs.51job.com/all/co3879943.html
jobs.51job.com/all/co2347773.html
jobs.51job.com/all/co3556970.html
jobs.51job.com/all/co313449.html
jobs.51job.com/all/co4625522.html
jobs.51job.com/all/co4784034.html
jobs.51job.com/all/co4890775.html
jobs.51job.com/all/co2722177.html
jobs.51job.com/all/co3423683.html
jobs.51job.com/all/co4892913.html
jobs.51job.com/all/co2550258.html
jobs.51job.com/all/co1371530.html
jobs.51job.com/all/co1439818.html
jobs.51job.com/all/co2306914.html
jobs.51job.com/all/co2827052.html
jobs.51job.com/all/co4885465.html
jobs.51job.com/all/co4057868.html
jobs.51job.com/all/co3375353.html
jobs.51job.com/all/co2008021.html
jobs.51job.com/all/co4710514.html
magna.51job.com
jobs.51job.com/all/co4281226.html
jobs.51job.com/all/co4703179.html
jobs.51job.com/all/co2145868.html
jobs.51job.com/all/co4796115.html
jobs.51job.com/all/co3232476.html
jobs.51job.com/all/co4442730.html
jobs.51job.com/all/co3855976.html
jobs.51job.com/all/co1476875.html
jobs.51job.com/all/co3015560.html
jobs.51job.com/all/co4523333.html
jobs.51job.com/all/co2906996.html
jobs.51job.com/all/co4687771.html
jobs.51job.com/all/co3122496.html
jobs.51job.com/all/co3640566.html
jobs.51job.com/all/co4860927.html
jobs.51job.com/all/co4573968.html
jobs.51job.com/all/co3958818.html
jobs.51job.com/all/co2724218.html
jobs.51job.com/all/co4738033.html
jobs.51job.com/all/co4702170.html
jobs.51job.com/all/co2630792.html
jobs.51job.com/all/co3818808.html
jobs.51job.com/all/co3816748.html
jobs.51job.com/all/co3059729.html
jobs.51job.com/all/co2365231.html
jobs.51job.com/all/co4676706.html
jobs.51job.com/all/co3351713.html
jobs.51job.com/all/co2479502.html
jobs.51job.com/all/co2650626.html
jobs.51job.com/all/co4867709.html
jobs.51job.com/all/co4191510.html
jobs.51job.com/all/co4226146.html
jobs.51job.com/all/co3714708.html
jobs.51job.com/all/co315713.html
jobs.51job.com/all/co3631306.html
jobs.51job.com/all/co4249536.html
jobs.51job.com/all/co2340814.html
jobs.51job.com/all/co2520669.html
jobs.51job.com/all/co2915962.html
jobs.51job.com/all/co2025560.html
jobs.51job.com/all/co3327402.html
jobs.51job.com/all/co2517336.html
jobs.51job.com/all/co3776948.html
jobs.51job.com/all/co2698117.html
jobs.51job.com/all/co3818527.html
jobs.51job.com/all/co4644977.html
jobs.51job.com/all/co2677555.html
jobs.51job.com/all/co4441802.html
jobs.51job.com/all/co2926990.html
jobs.51job.com/all/co4493068.html
jobs.51job.com/all/co4639691.html
jobs.51job.com/all/co2276740.html
jobs.51job.com/all/co2453166.html
jobs.51job.com/all/co3985625.html
jobs.51job.com/all/co302303.html
jobs.51job.com/all/co3805420.html
jobs.51job.com/all/co2507622.html
jobs.51job.com/all/co3330474.html
jobs.51job.com/all/co4599859.html
jobs.51job.com/all/co4862322.html
jobs.51job.com/all/co2529807.html
jobs.51job.com/all/co4862322.html
jobs.51job.com/all/co253648.html
jobs.51job.com/all/co3089554.html
jobs.51job.com/all/co4862322.html
jobs.51job.com/all/co3319369.html
jobs.51job.com/all/co4832024.html
jobs.51job.com/all/co4832024.html
jobs.51job.com/all/co4374718.html
jobs.51job.com/all/co4636195.html
jobs.51job.com/all/co4636195.html
jobs.51job.com/all/co4636195.html
jobs.51job.com/all/co4064466.html
jobs.51job.com/all/co4064466.html
jobs.51job.com/all/co4064466.html
jobs.51job.com/all/co4064466.html
jobs.51job.com/all/co4064466.html
jobs.51job.com/all/co4785883.html
jobs.51job.com/all/co4785883.html
jobs.51job.com/all/co3350780.html
jobs.51job.com/all/co4785883.html
jobs.51job.com/all/co4785883.html
jobs.51job.com/all/co4785883.html
jobs.51job.com/all/co4785883.html
jobs.51job.com/all/co4785883.html
jobs.51job.com/all/co4785883.html
jobs.51job.com/all/co4785883.html
jobs.51job.com/all/co4785883.html
jobs.51job.com/all/co4785883.html
jobs.51job.com/all/co4785883.html
jobs.51job.com/all/co4785883.html
jobs.51job.com/all/co4785883.html
jobs.51job.com/all/co4785883.html
jobs.51job.com/all/co4785883.html
jobs.51job.com/all/co4785883.html
jobs.51job.com/all/co4785883.html
jobs.51job.com/all/co4785883.html
jobs.51job.com/all/co4785883.html
jobs.51job.com/all/co4785883.html
jobs.51job.com/all/co4785883.html
jobs.51job.com/all/co4785883.html
jobs.51job.com/all/co4785883.html
jobs.51job.com/all/co4785883.html
jobs.51job.com/all/co4785883.html
jobs.51job.com/all/co4785883.html
jobs.51job.com/all/co4785883.html
jobs.51job.com/all/co4785883.html
jobs.51job.com/all/co4785883.html
jobs.51job.com/all/co4785883.html
jobs.51job.com/all/co4785883.html
jobs.51job.com/all/co4785883.html
jobs.51job.com/all/co4785883.html
jobs.51job.com/all/co4785883.html
jobs.51job.com/all/co4785883.html
jobs.51job.com/all/co4785883.html
jobs.51job.com/all/co4785883.html
jobs.51job.com/all/co4785883.html
jobs.51job.com/all/co4785883.html
jobs.51job.com/all/co4785883.html
jobs.51job.com/all/co4785883.html
jobs.51job.com/all/co4785883.html
jobs.51job.com/all/co4785883.html
jobs.51job.com/all/co4785883.html
jobs.51job.com/all/co4785883.html
jobs.51job.com/all/co2531079.html
jobs.51job.com/all/co2466012.html
nesc.51job.com
nesc.51job.com
jobs.51job.com/all/co1490822.html
jobs.51job.com/all/co3748729.html
jobs.51job.com/all/co1490822.html
jobs.51job.com/all/co4947261.html
jobs.51job.com/all/co3614584.html
jobs.51job.com/all/co3614584.html
nesc.51job.com
jobs.51job.com/all/co3834960.html
jobs.51job.com/all/co3834960.html
jobs.51job.com/all/co3834960.html
jobs.51job.com/all/co3834960.html
jobs.51job.com/all/co1459454.html
jobs.51job.com/all/co1459454.html
jobs.51job.com/all/co1459454.html
jobs.51job.com/all/co1459454.html
jobs.51job.com/all/co4697833.html
jobs.51job.com/all/co4697833.html
jobs.51job.com/all/co4697833.html
jobs.51job.com/all/co4697833.html
jobs.51job.com/all/co4697833.html
jobs.51job.com/all/co4697833.html
jobs.51job.com/all/co4697833.html
jobs.51job.com/all/co4697833.html
jobs.51job.com/all/co4336191.html
jobs.51job.com/all/co4918218.html
jobs.51job.com/all/co4918218.html
jobs.51job.com/all/co4332786.html
jobs.51job.com/all/co3766010.html
jobs.51job.com/all/co2954623.html
jobs.51job.com/all/co3934647.html
jobs.51job.com/all/co3934647.html
jobs.51job.com/all/co3809167.html
jobs.51job.com/all/co3809167.html
jobs.51job.com/all/co4332786.html
jobs.51job.com/all/co300472.html
jobs.51job.com/all/co503422.html
jobs.51job.com/all/co4002088.html
jobs.51job.com/all/co4002088.html
jobs.51job.com/all/co4002088.html
jobs.51job.com/all/co3984871.html
jobs.51job.com/all/co3984871.html
jobs.51job.com/all/co3832967.html
jobs.51job.com/all/co4772933.html
jobs.51job.com/all/co4861976.html
jobs.51job.com/all/co4861976.html
jobs.51job.com/all/co4861976.html
jobs.51job.com/all/co4861976.html
jobs.51job.com/all/co4861976.html
jobs.51job.com/all/co4861976.html
jobs.51job.com/all/co4861976.html
jobs.51job.com/all/co4861976.html
jobs.51job.com/all/co3566592.html
jobs.51job.com/all/co3428886.html
jobs.51job.com/all/co3342315.html
jobs.51job.com/all/co3342315.html
jobs.51job.com/all/co3342315.html
jobs.51job.com/all/co3342315.html
jobs.51job.com/all/co3342315.html
jobs.51job.com/all/co3342315.html
jobs.51job.com/all/co3342315.html
jobs.51job.com/all/co4332786.html
jobs.51job.com/all/co4332786.html
jobs.51job.com/all/co2357498.html
jobs.51job.com/all/co2357498.html
jobs.51job.com/all/co2357498.html
jobs.51job.com/all/co2357498.html
jobs.51job.com/all/co2357498.html
jobs.51job.com/all/co2357498.html
jobs.51job.com/all/co2357498.html
jobs.51job.com/all/co3887869.html
jobs.51job.com/all/co3887869.html
jobs.51job.com/all/co3916837.html
jobs.51job.com/all/co3916837.html
jobs.51job.com/all/co3916837.html
jobs.51job.com/all/co4332786.html
jobs.51job.com/all/co4332786.html
jobs.51job.com/all/co4010087.html
jobs.51job.com/all/co4538384.html
jobs.51job.com/all/co4538384.html
jobs.51job.com/all/co4538384.html
jobs.51job.com/all/co4538384.html
jobs.51job.com/all/co4538384.html
jobs.51job.com/all/co4538384.html
jobs.51job.com/all/co4538384.html
jobs.51job.com/all/co4538384.html
jobs.51job.com/all/co4538384.html
jobs.51job.com/all/co4538384.html
jobs.51job.com/all/co4538384.html
jobs.51job.com/all/co4538384.html
jobs.51job.com/all/co4538384.html
jobs.51job.com/all/co4538384.html
jobs.51job.com/all/co4538384.html
jobs.51job.com/all/co4538384.html
mannhummel.51job.com
mannhummel.51job.com
jobs.51job.com/all/co2053998.html
jobs.51job.com/all/co2053998.html
jobs.51job.com/all/co4897437.html
jobs.51job.com/all/co3055514.html
jobs.51job.com/all/co3055514.html
jobs.51job.com/all/co3055514.html
jobs.51job.com/all/co3055514.html
jobs.51job.com/all/co3055514.html
jobs.51job.com/all/co2713259.html
jobs.51job.com/all/co4944903.html
jobs.51job.com/all/co4944903.html
jobs.51job.com/all/co4944903.html
jobs.51job.com/all/co4714853.html
jobs.51job.com/all/co4714853.html
jobs.51job.com/all/co4714853.html
jobs.51job.com/all/co4714853.html
jobs.51job.com/all/co4714853.html
jobs.51job.com/all/co4714853.html
jobs.51job.com/all/co4714853.html
jobs.51job.com/all/co4714853.html
jobs.51job.com/all/co4714853.html
jobs.51job.com/all/co4714853.html
jobs.51job.com/all/co4714853.html
jobs.51job.com/all/co4714853.html
jobs.51job.com/all/co4714853.html
jobs.51job.com/all/co4714853.html
jobs.51job.com/all/co4714853.html
jobs.51job.com/all/co4714853.html
jobs.51job.com/all/co4714853.html
jobs.51job.com/all/co4714853.html
jobs.51job.com/all/co4714853.html
jobs.51job.com/all/co4714853.html
jobs.51job.com/all/co4714853.html
jobs.51job.com/all/co4714853.html
jobs.51job.com/all/co4714853.html
jobs.51job.com/all/co4714853.html
jobs.51job.com/all/co4714853.html
jobs.51job.com/all/co4714853.html
jobs.51job.com/all/co4714853.html
jobs.51job.com/all/co4714853.html
jobs.51job.com/all/co4714853.html
jobs.51job.com/all/co4714853.html
jobs.51job.com/all/co4714853.html
jobs.51job.com/all/co4714853.html
jobs.51job.com/all/co4714853.html
jobs.51job.com/all/co4714853.html
jobs.51job.com/all/co4714853.html
jobs.51job.com/all/co4714853.html
jobs.51job.com/all/co4714853.html
jobs.51job.com/all/co4714853.html
jobs.51job.com/all/co4714853.html
jobs.51job.com/all/co4714853.html
jobs.51job.com/all/co4714853.html
jobs.51job.com/all/co4714853.html
jobs.51job.com/all/co4714853.html
jobs.51job.com/all/co4714853.html
jobs.51job.com/all/co4714853.html
jobs.51job.com/all/co4714853.html
jobs.51job.com/all/co4714853.html
jobs.51job.com/all/co4942042.html
jobs.51job.com/all/co4201991.html
jobs.51job.com/all/co4201991.html
jobs.51job.com/all/co4201991.html
jobs.51job.com/all/co4201991.html
jobs.51job.com/all/co4201991.html
jobs.51job.com/all/co4201991.html
jobs.51job.com/all/co4201991.html
jobs.51job.com/all/co4201991.html
jobs.51job.com/all/co4201991.html
jobs.51job.com/all/co4201991.html
jobs.51job.com/all/co4201991.html
jobs.51job.com/all/co4201991.html
jobs.51job.com/all/co4201991.html
jobs.51job.com/all/co4201991.html
jobs.51job.com/all/co4201991.html
jobs.51job.com/all/co4201991.html
jobs.51job.com/all/co4201991.html
jobs.51job.com/all/co4201991.html
jobs.51job.com/all/co4201991.html
jobs.51job.com/all/co4201991.html
jobs.51job.com/all/co4201991.html
jobs.51job.com/all/co4201991.html
jobs.51job.com/all/co4201991.html
jobs.51job.com/all/co4201991.html
jobs.51job.com/all/co4544250.html
jobs.51job.com/all/co4544250.html
jobs.51job.com/all/co4201991.html
jobs.51job.com/all/co4201991.html
jobs.51job.com/all/co4201991.html
jobs.51job.com/all/co4201991.html
jobs.51job.com/all/co4201991.html
jobs.51job.com/all/co4201991.html
jobs.51job.com/all/co4201991.html
jobs.51job.com/all/co4201991.html
jobs.51job.com/all/co4230965.html
jobs.51job.com/all/co4230965.html
jobs.51job.com/all/co4201991.html
jobs.51job.com/all/co4201991.html
jobs.51job.com/all/co4201991.html
jobs.51job.com/all/co4201991.html
jobs.51job.com/all/co4201991.html
jobs.51job.com/all/co4201991.html
jobs.51job.com/all/co4201991.html
jobs.51job.com/all/co4201991.html
jobs.51job.com/all/co4862322.html
jobs.51job.com/all/co4862322.html
jobs.51job.com/all/co3142803.html
jobs.51job.com/all/co3142803.html
jobs.51job.com/all/co3142803.html
jobs.51job.com/all/co3142803.html
jobs.51job.com/all/co3142803.html
jobs.51job.com/all/co3142803.html
jobs.51job.com/all/co3142803.html
jobs.51job.com/all/co4024624.html
jobs.51job.com/all/co4024624.html
jobs.51job.com/all/co4024624.html
jobs.51job.com/all/co4024624.html
jobs.51job.com/all/co4024624.html
jobs.51job.com/all/co4024624.html
jobs.51job.com/all/co4024624.html
jobs.51job.com/all/co4024624.html
jobs.51job.com/all/co2718340.html
jobs.51job.com/all/co4581382.html
jobs.51job.com/all/co3212507.html
jobs.51job.com/all/co3212507.html
jobs.51job.com/all/co3212507.html
jobs.51job.com/all/co3212507.html
jobs.51job.com/all/co3002239.html
jobs.51job.com/all/co3002239.html
jobs.51job.com/all/co2466012.html
jobs.51job.com/all/co2466012.html
jobs.51job.com/all/co2466012.html
jobs.51job.com/all/co2466012.html
jobs.51job.com/all/co4897437.html
jobs.51job.com/all/co4897437.html
jobs.51job.com/all/co3953528.html
jobs.51job.com/all/co3953528.html
jobs.51job.com/all/co3953528.html
jobs.51job.com/all/co3167971.html
jobs.51job.com/all/co2529807.html
jobs.51job.com/all/co2529807.html
jobs.51job.com/all/co4862322.html
jobs.51job.com/all/co4024624.html
jobs.51job.com/all/co4024624.html
jobs.51job.com/all/co4024624.html
jobs.51job.com/all/co4024624.html
jobs.51job.com/all/co4024624.html
jobs.51job.com/all/co4024624.html
jobs.51job.com/all/co4024624.html
jobs.51job.com/all/co2272108.html
jobs.51job.com/all/co4024624.html
jobs.51job.com/all/co4024624.html
jobs.51job.com/all/co4024624.html
jobs.51job.com/all/co4024624.html
jobs.51job.com/all/co4024624.html
jobs.51job.com/all/co4024624.html
jobs.51job.com/all/co4024624.html
jobs.51job.com/all/co4024624.html
jobs.51job.com/all/co4024624.html
jobs.51job.com/all/co4024624.html
jobs.51job.com/all/co4024624.html
jobs.51job.com/all/co4897437.html
jobs.51job.com/all/co4897437.html
jobs.51job.com/all/co4897437.html
jobs.51job.com/all/co4897437.html
jobs.51job.com/all/co4897437.html
jobs.51job.com/all/co4024624.html
jobs.51job.com/all/co4024624.html
jobs.51job.com/all/co4024624.html
jobs.51job.com/all/co4024624.html
jobs.51job.com/all/co4024624.html
jobs.51job.com/all/co4024624.html
jobs.51job.com/all/co4024624.html
jobs.51job.com/all/co4024624.html
jobs.51job.com/all/co3614584.html
jobs.51job.com/all/co2485213.html
jobs.51job.com/all/co4450475.html
jobs.51job.com/all/co4862322.html
jobs.51job.com/all/co4697833.html
jobs.51job.com/all/co4697833.html
jobs.51job.com/all/co4697833.html
jobs.51job.com/all/co4697833.html
jobs.51job.com/all/co4697833.html
jobs.51job.com/all/co4697833.html
jobs.51job.com/all/co4697833.html
jobs.51job.com/all/co4697833.html
jobs.51job.com/all/co2614173.html
jobs.51job.com/all/co3832429.html
jobs.51job.com/all/co3832429.html
jobs.51job.com/all/co3319369.html
jobs.51job.com/all/co3953528.html
jobs.51job.com/all/co3335027.html
jobs.51job.com/all/co4701659.html
jobs.51job.com/all/co4701659.html
jobs.51job.com/all/co4701659.html
jobs.51job.com/all/co4429649.html
jobs.51job.com/all/co2753102.html
jobs.51job.com/all/co158830.html
jobs.51job.com/all/co3786979.html
jobs.51job.com/all/co3786979.html
jobs.51job.com/all/co4697833.html
jobs.51job.com/all/co4697833.html
jobs.51job.com/all/co4697833.html
jobs.51job.com/all/co4697833.html
jobs.51job.com/all/co4697833.html
jobs.51job.com/all/co4697833.html
jobs.51job.com/all/co4697833.html
jobs.51job.com/all/co4697833.html
jobs.51job.com/all/co4697833.html
jobs.51job.com/all/co4697833.html
jobs.51job.com/all/co4697833.html
jobs.51job.com/all/co4697833.html
jobs.51job.com/all/co4697833.html
jobs.51job.com/all/co4697833.html
jobs.51job.com/all/co4697833.html
jobs.51job.com/all/co4697833.html
jobs.51job.com/all/co4494970.html
jobs.51job.com/all/co4494970.html
jobs.51job.com/all/co4701659.html
jobs.51job.com/all/co4024624.html
jobs.51job.com/all/co4024624.html
jobs.51job.com/all/co4024624.html
jobs.51job.com/all/co4024624.html
jobs.51job.com/all/co4024624.html
jobs.51job.com/all/co4832024.html
jobs.51job.com/all/co4832024.html
jobs.51job.com/all/co3714036.html
jobs.51job.com/all/co4216804.html
jobs.51job.com/all/co4024624.html
jobs.51job.com/all/co2731965.html
jobs.51job.com/all/co3804738.html
jobs.51job.com/all/co3748729.html
jobs.51job.com/all/co4507933.html
jobs.51job.com/all/co4507933.html
jobs.51job.com/all/co1125698.html
jobs.51job.com/all/co1125698.html
jobs.51job.com/all/co4926426.html
jobs.51job.com/all/co4024624.html
jobs.51job.com/all/co4024624.html
jobs.51job.com/all/co4024624.html
jobs.51job.com/all/co4024624.html
jobs.51job.com/all/co1088290.html
jobs.51job.com/all/co1088290.html
jobs.51job.com/all/co612312.html
jobs.51job.com/all/co2806511.html
jobs.51job.com/all/co2806511.html
jobs.51job.com/all/co2806511.html
jobs.51job.com/all/co2806511.html
jobs.51job.com/all/co2421654.html
jobs.51job.com/all/co2421654.html
jobs.51job.com/all/co2421654.html
jobs.51job.com/all/co2421654.html
jobs.51job.com/all/co4697833.html
jobs.51job.com/all/co4697833.html
jobs.51job.com/all/co4697833.html
jobs.51job.com/all/co4697833.html
jobs.51job.com/all/co4697833.html
jobs.51job.com/all/co4697833.html
jobs.51job.com/all/co3939837.html
jobs.51job.com/all/co3939837.html
jobs.51job.com/all/co4123709.html
jobs.51job.com/all/co2485213.html
jobs.51job.com/all/co2707366.html
jobs.51job.com/all/co4933235.html
jobs.51job.com/all/co4490372.html
jobs.51job.com/all/co4697833.html
jobs.51job.com/all/co4697833.html
jobs.51job.com/all/co4697833.html
jobs.51job.com/all/co2677331.html
jobs.51job.com/all/co4697833.html
jobs.51job.com/all/co4697833.html
jobs.51job.com/all/co4697833.html
jobs.51job.com/all/co4697833.html
jobs.51job.com/all/co4697833.html
jobs.51job.com/all/co4697833.html
jobs.51job.com/all/co4697833.html
jobs.51job.com/all/co4697833.html
jobs.51job.com/all/co4517926.html
jobs.51job.com/all/co4517926.html
jobs.51job.com/all/co4517926.html
jobs.51job.com/all/co4517926.html
jobs.51job.com/all/co4730498.html
jobs.51job.com/all/co3610872.html
jobs.51job.com/all/co3610872.html
jobs.51job.com/all/co4752757.html
jobs.51job.com/all/co2243957.html
jobs.51job.com/all/co2243957.html
jobs.51job.com/all/co2243957.html
jobs.51job.com/all/co4031093.html
jobs.51job.com/all/co106423.html
jobs.51job.com/all/co106423.html
jobs.51job.com/all/co3281240.html
jobs.51job.com/all/co4256162.html
jobs.51job.com/all/co4372857.html
jobs.51job.com/all/co3166527.html
jobs.51job.com/all/co3574488.html
jobs.51job.com/all/co4669950.html
jobs.51job.com/all/co2325988.html
jobs.51job.com/all/co2325988.html
jobs.51job.com/all/co2325988.html
jobs.51job.com/all/co3403174.html
jobs.51job.com/all/co3403174.html
jobs.51job.com/all/co3403174.html
jobs.51job.com/all/co3403174.html
jobs.51job.com/all/co2650797.html
jobs.51job.com/all/co3085299.html
jobs.51job.com/all/co3085299.html
jobs.51job.com/all/co3085299.html
jobs.51job.com/all/co3085299.html
jobs.51job.com/all/co3085299.html
jobs.51job.com/all/co3085299.html
jobs.51job.com/all/co3085299.html
jobs.51job.com/all/co3085299.html
jobs.51job.com/all/co3085299.html
jobs.51job.com/all/co3085299.html
jobs.51job.com/all/co3085299.html
jobs.51job.com/all/co3085299.html
jobs.51job.com/all/co4933235.html
jobs.51job.com/all/co4933235.html
jobs.51job.com/all/co4636195.html
jobs.51job.com/all/co4636195.html
jobs.51job.com/all/co4636195.html
jobs.51job.com/all/co4933235.html
jobs.51job.com/all/co4933235.html
jobs.51job.com/all/co4933235.html
jobs.51job.com/all/co4933235.html
jobs.51job.com/all/co3015574.html
jobs.51job.com/all/co3015574.html
jobs.51job.com/all/co2837269.html
jobs.51job.com/all/co4760662.html
jobs.51job.com/all/co4760662.html
jobs.51job.com/all/co4760662.html
jobs.51job.com/all/co4760662.html
jobs.51job.com/all/co3834960.html
jobs.51job.com/all/co4636195.html
jobs.51job.com/all/co4636195.html
jobs.51job.com/all/co4636195.html
jobs.51job.com/all/co4636195.html
jobs.51job.com/all/co4636195.html
jobs.51job.com/all/co4636195.html
jobs.51job.com/all/co4636195.html
jobs.51job.com/all/co4636195.html
jobs.51job.com/all/co4636195.html
jobs.51job.com/all/co4636195.html
jobs.51job.com/all/co4636195.html
jobs.51job.com/all/co4636195.html
jobs.51job.com/all/co4636195.html
jobs.51job.com/all/co4636195.html
jobs.51job.com/all/co4636195.html
jobs.51job.com/all/co4636195.html
jobs.51job.com/all/co4636195.html
jobs.51job.com/all/co4636195.html
jobs.51job.com/all/co4900812.html
jobs.51job.com/all/co4900812.html
jobs.51job.com/all/co4900812.html
jobs.51job.com/all/co4900812.html
jobs.51job.com/all/co4900812.html
jobs.51job.com/all/co4900812.html
jobs.51job.com/all/co141224.html
jobs.51job.com/all/co4443821.html
jobs.51job.com/all/co4443821.html
jobs.51job.com/all/co2946509.html
jobs.51job.com/all/co4900812.html
jobs.51job.com/all/co4900812.html
jobs.51job.com/all/co4900812.html
jobs.51job.com/all/co3680923.html
jobs.51job.com/all/co4184921.html
jobs.51job.com/all/co3745270.html
jobs.51job.com/all/co3680923.html
jobs.51job.com/all/co2909855.html
jobs.51job.com/all/co4669690.html
jobs.51job.com/all/co4334382.html
jobs.51job.com/all/co4334382.html
jobs.51job.com/all/co3875981.html
jobs.51job.com/all/co3184569.html
jobs.51job.com/all/co4765289.html
jobs.51job.com/all/co4765289.html
jobs.51job.com/all/co4765289.html
jobs.51job.com/all/co4696940.html
jobs.51job.com/all/co4696940.html
jobs.51job.com/all/co3118472.html
jobs.51job.com/all/co3118472.html
jobs.51job.com/all/co3118472.html
jobs.51job.com/all/co3118472.html
jobs.51job.com/all/co3118472.html
jobs.51job.com/all/co3118472.html
jobs.51job.com/all/co4600814.html
jobs.51job.com/all/co4823139.html
jobs.51job.com/all/co4819391.html
jobs.51job.com/all/co4600814.html
jobs.51job.com/all/co2154429.html
jobs.51job.com/all/co2347773.html
jobs.51job.com/all/co2053998.html
jobs.51job.com/all/co2053998.html
jobs.51job.com/all/co2821469.html
jobs.51job.com/all/co2821469.html
jobs.51job.com/all/co4600814.html
jobs.51job.com/all/co3990249.html
jobs.51job.com/all/co4892913.html
jobs.51job.com/all/co3680923.html
jobs.51job.com/all/co2306914.html
jobs.51job.com/all/co3375353.html
jobs.51job.com/all/co3375353.html
jobs.51job.com/all/co3375353.html
jobs.51job.com/all/co3375353.html
jobs.51job.com/all/co3375353.html
jobs.51job.com/all/co3375353.html
jobs.51job.com/all/co3375353.html
jobs.51job.com/all/co2008021.html
jobs.51job.com/all/co2008021.html
jobs.51job.com/all/co2008021.html
jobs.51job.com/all/co2008021.html
jobs.51job.com/all/co2722177.html
jobs.51job.com/all/co2722177.html
jobs.51job.com/all/co2722177.html
jobs.51job.com/all/co2722177.html
jobs.51job.com/all/co2722177.html
jobs.51job.com/all/co2722177.html
jobs.51job.com/all/co2722177.html
jobs.51job.com/all/co2722177.html
jobs.51job.com/all/co2722177.html
jobs.51job.com/all/co2722177.html
jobs.51job.com/all/co4600814.html
jobs.51job.com/all/co2906996.html
jobs.51job.com/all/co3683687.html
jobs.51job.com/all/co3683687.html
jobs.51job.com/all/co2837269.html
jobs.51job.com/all/co3958818.html
jobs.51job.com/all/co4738033.html
jobs.51job.com/all/co1476875.html
jobs.51job.com/all/co2365231.html
jobs.51job.com/all/co4676706.html
jobs.51job.com/all/co2650626.html
jobs.51job.com/all/co4867709.html
jobs.51job.com/all/co4168459.html
jobs.51job.com/all/co4168459.html
jobs.51job.com/all/co612312.html
jobs.51job.com/all/co2299598.html
jobs.51job.com/all/co2025560.html
jobs.51job.com/all/co4254130.html
jobs.51job.com/all/co4254130.html
jobs.51job.com/all/co4254130.html
jobs.51job.com/all/co4254130.html
jobs.51job.com/all/co4254130.html
jobs.51job.com/all/co4254130.html
jobs.51job.com/all/co4254130.html
jobs.51job.com/all/co4254130.html
jobs.51job.com/all/co4254130.html
jobs.51job.com/all/co4254130.html
jobs.51job.com/all/co4254130.html
jobs.51job.com/all/co4639691.html
jobs.51job.com/all/co4639691.html
jobs.51job.com/all/co2515123.html
jobs.51job.com/all/co2053998.html
jobs.51job.com/all/co4944903.html
jobs.51job.com/all/co4944903.html
jobs.51job.com/all/co500745.html
jobs.51job.com/all/co500745.html
jobs.51job.com/all/co500745.html
jobs.51job.com/all/co3985625.html
jobs.51job.com/all/co3985625.html
jobs.51job.com/all/co3985625.html
jobs.51job.com/all/co3985625.html
jobs.51job.com/all/co3985625.html
jobs.51job.com/all/co3985625.html
jobs.51job.com/all/co3985625.html
jobs.51job.com/all/co3985625.html
jobs.51job.com/all/co3985625.html
jobs.51job.com/all/co4703342.html
jobs.51job.com/all/co4785298.html
jobs.51job.com/all/co4823139.html
jobs.51job.com/all/co3805420.html
jobs.51job.com/all/co3805420.html
jobs.51job.com/all/co3805420.html
jobs.51job.com/all/co3805420.html
jobs.51job.com/all/co3805420.html
jobs.51job.com/all/co3805420.html
jobs.51job.com/all/co3805420.html
jobs.51job.com/all/co3805420.html
jobs.51job.com/all/co3805420.html
jobs.51job.com/all/co3805420.html
jobs.51job.com/all/co3805420.html
jobs.51job.com/all/co3805420.html
jobs.51job.com/all/co3805420.html
