jobs.51job.com/all/co2767024.html
jobs.51job.com/all/co3503020.html
jobs.51job.com/all/co2773456.html
jobs.51job.com/all/co4326259.html
jobs.51job.com/all/co4839838.html
jobs.51job.com/all/co4085390.html
jobs.51job.com/all/co4956003.html
jobs.51job.com/all/co4885042.html
jobs.51job.com/all/co4451821.html
jobs.51job.com/all/co4953357.html
jobs.51job.com/all/co4039151.html
jobs.51job.com/all/co4767130.html
jobs.51job.com/all/co4490437.html
jobs.51job.com/all/co4395391.html
jobs.51job.com/all/co3069284.html
jobs.51job.com/all/co4800115.html
jobs.51job.com/all/co4400914.html
jobs.51job.com/all/co3277441.html
jobs.51job.com/all/co2664692.html
jobs.51job.com/all/co4508007.html
jobs.51job.com/all/co2483198.html
jobs.51job.com/all/co4926301.html
jobs.51job.com/all/co2507622.html
jobs.51job.com/all/co4461925.html
jobs.51job.com/all/co4095295.html
jobs.51job.com/all/co4008342.html
jobs.51job.com/all/co3183951.html
jobs.51job.com/all/co3761685.html
jobs.51job.com/all/co2419870.html
jobs.51job.com/all/co3780256.html
jobs.51job.com/all/co3377369.html
jobs.51job.com/all/co4736200.html
jobs.51job.com/all/co2650799.html
jobs.51job.com/all/co3455627.html
jobs.51job.com/all/co4894684.html
jobs.51job.com/all/co4762502.html
jobs.51job.com/all/co4519038.html
jobs.51job.com/all/co4360045.html
jobs.51job.com/all/co2708950.html
jobs.51job.com/all/co2530413.html
jobs.51job.com/all/co3685935.html
jobs.51job.com/all/co4919110.html
jobs.51job.com/all/co4659821.html
jobs.51job.com/all/co130828.html
jobs.51job.com/all/co4848104.html
jobs.51job.com/all/co3867466.html
jobs.51job.com/all/co2428059.html
jobs.51job.com/all/co3505366.html
jobs.51job.com/all/co3036925.html
jobs.51job.com/all/co253648.html
jobs.51job.com/all/co3089554.html
jobs.51job.com/all/co2397925.html
jobs.51job.com/all/co3540395.html
jobs.51job.com/all/co4350613.html
jobs.51job.com/all/co3454993.html
jobs.51job.com/all/co4914610.html
jobs.51job.com/all/co4882784.html
jobs.51job.com/all/co4662522.html
jobs.51job.com/all/co3088071.html
jobs.51job.com/all/co3966304.html
jobs.51job.com/all/co4767969.html
jobs.51job.com/all/co2312638.html
jobs.51job.com/all/co4736674.html
jobs.51job.com/all/co1995565.html
jobs.51job.com/all/co4297869.html
jobs.51job.com/all/co3995182.html
jobs.51job.com/all/co4699257.html
jobs.51job.com/all/co3197229.html
jobs.51job.com/all/co4463682.html
jobs.51job.com/all/co4709036.html
jobs.51job.com/all/co3210490.html
jobs.51job.com/all/co3108504.html
jobs.51job.com/all/co2829002.html
jobs.51job.com/all/co3046158.html
jobs.51job.com/all/co4827362.html
jobs.51job.com/all/co4938288.html
jobs.51job.com/all/co2707366.html
jobs.51job.com/all/co3027178.html
jobs.51job.com/all/co2837469.html
jobs.51job.com/all/co4137603.html
jobs.51job.com/all/co4880674.html
jobs.51job.com/all/co3830375.html
jobs.51job.com/all/co2786855.html
jobs.51job.com/all/co3906915.html
jobs.51job.com/all/co4352488.html
jobs.51job.com/all/co4662704.html
jobs.51job.com/all/co4261387.html
jobs.51job.com/all/co4936866.html
jobs.51job.com/all/co2670227.html
jobs.51job.com/all/co3207835.html
jobs.51job.com/all/co3299111.html
jobs.51job.com/all/co4447550.html
jobs.51job.com/all/co4079072.html
jobs.51job.com/all/co2761711.html
jobs.51job.com/all/co2785812.html
jobs.51job.com/all/co3905850.html
jobs.51job.com/all/co3009224.html
jobs.51job.com/all/co3337621.html
jobs.51job.com/all/co4688909.html
jobs.51job.com/all/co4684181.html
jobs.51job.com/all/co4189488.html
jobs.51job.com/all/co4561955.html
jobs.51job.com/all/co3020200.html
jobs.51job.com/all/co3968634.html
jobs.51job.com/all/co3897074.html
jobs.51job.com/all/co4288904.html
jobs.51job.com/all/co4467342.html
jobs.51job.com/all/co3719885.html
jobs.51job.com/all/co3745564.html
jobs.51job.com/all/co3706408.html
jobs.51job.com/all/co4920717.html
jobs.51job.com/all/co3739329.html
jobs.51job.com/all/co4208589.html
jobs.51job.com/all/co4726452.html
jobs.51job.com/all/co3834445.html
jobs.51job.com/all/co3438549.html
jobs.51job.com/all/co2867681.html
jobs.51job.com/all/co4073843.html
jobs.51job.com/all/co4633796.html
jobs.51job.com/all/co4509453.html
jobs.51job.com/all/co4098340.html
jobs.51job.com/all/co4898134.html
jobs.51job.com/all/co3154635.html
jobs.51job.com/all/co4660679.html
jobs.51job.com/all/co4432821.html
jobs.51job.com/all/co3429258.html
jobs.51job.com/all/co4626287.html
jobs.51job.com/all/co3583350.html
jobs.51job.com/all/co2023221.html
jobs.51job.com/all/co2361356.html
jobs.51job.com/all/co4257708.html
jobs.51job.com/all/co2677635.html
jobs.51job.com/all/co3276712.html
jobs.51job.com/all/co2970245.html
jobs.51job.com/all/co3782315.html
jobs.51job.com/all/co3877548.html
jobs.51job.com/all/co4844725.html
jobs.51job.com/all/co4293683.html
jobs.51job.com/all/co4771665.html
jobs.51job.com/all/co4621767.html
jobs.51job.com/all/co2357700.html
jobs.51job.com/all/co4203462.html
jobs.51job.com/all/co2933315.html
jobs.51job.com/all/co3409108.html
jobs.51job.com/all/co3096755.html
jobs.51job.com/all/co4087962.html
jobs.51job.com/all/co3310541.html
jobs.51job.com/all/co3867707.html
jobs.51job.com/all/co3634256.html
jobs.51job.com/all/co3584241.html
jobs.51job.com/all/co3733706.html
jobs.51job.com/all/co4926414.html
jobs.51job.com/all/co2736050.html
jobs.51job.com/all/co3883471.html
jobs.51job.com/all/co4879908.html
jobs.51job.com/all/co3573913.html
jobs.51job.com/all/co4550707.html
jobs.51job.com/all/co4894882.html
jobs.51job.com/all/co3567180.html
jobs.51job.com/all/co4099477.html
jobs.51job.com/all/co4340908.html
jobs.51job.com/all/co4750839.html
jobs.51job.com/all/co4957369.html
jobs.51job.com/all/co4805789.html
jobs.51job.com/all/co4169525.html
jobs.51job.com/all/co4248872.html
jobs.51job.com/all/co4361747.html
jobs.51job.com/all/co3423325.html
jobs.51job.com/all/co4438086.html
jobs.51job.com/all/co4853118.html
jobs.51job.com/all/co4868574.html
jobs.51job.com/all/co4641685.html
jobs.51job.com/all/co2584377.html
jobs.51job.com/all/co4342094.html
jobs.51job.com/all/co4511209.html
jobs.51job.com/all/co3036414.html
jobs.51job.com/all/co3476754.html
jobs.51job.com/all/co3274470.html
jobs.51job.com/all/co4270906.html
jobs.51job.com/all/co4563988.html
jobs.51job.com/all/co4832068.html
jobs.51job.com/all/co4763280.html
jobs.51job.com/all/co2859603.html
jobs.51job.com/all/co4582176.html
jobs.51job.com/all/co4209439.html
jobs.51job.com/all/co4513058.html
jobs.51job.com/all/co4718730.html
jobs.51job.com/all/co3352286.html
jobs.51job.com/all/co4367846.html
jobs.51job.com/all/co4396929.html
jobs.51job.com/all/co4310755.html
jobs.51job.com/all/co3038109.html
jobs.51job.com/all/co3590144.html
jobs.51job.com/all/co4677260.html
jobs.51job.com/all/co2273274.html
jobs.51job.com/all/co4641093.html
jobs.51job.com/all/co2405001.html
jobs.51job.com/all/co2013286.html
jobs.51job.com/all/co4459048.html
jobs.51job.com/all/co4710913.html
jobs.51job.com/all/co2539705.html
jobs.51job.com/all/co4835869.html
jobs.51job.com/all/co3972921.html
jobs.51job.com/all/co3106589.html
jobs.51job.com/all/co2859091.html
jobs.51job.com/all/co4794751.html
jobs.51job.com/all/co4946004.html
jobs.51job.com/all/co4954232.html
jobs.51job.com/all/co3594462.html
jobs.51job.com/all/co3249200.html
jobs.51job.com/all/co4928291.html
jobs.51job.com/all/co4010024.html
jobs.51job.com/all/co4919584.html
jobs.51job.com/all/co4004939.html
jobs.51job.com/all/co4892737.html
jobs.51job.com/all/co3547001.html
jobs.51job.com/all/co4661258.html
jobs.51job.com/all/co4481798.html
jobs.51job.com/all/co3677901.html
jobs.51job.com/all/co4309492.html
jobs.51job.com/all/co2641742.html
jobs.51job.com/all/co3631874.html
jobs.51job.com/all/co4471595.html
jobs.51job.com/all/co3956180.html
jobs.51job.com/all/co4350542.html
jobs.51job.com/all/co4786243.html
jobs.51job.com/all/co2865448.html
jobs.51job.com/all/co3901478.html
jobs.51job.com/all/co4404781.html
jobs.51job.com/all/co2919615.html
jobs.51job.com/all/co4683059.html
jobs.51job.com/all/co2709748.html
jobs.51job.com/all/co4573596.html
jobs.51job.com/all/co3288359.html
jobs.51job.com/all/co2835634.html
jobs.51job.com/all/co4479255.html
jobs.51job.com/all/co3223524.html
jobs.51job.com/all/co4120200.html
jobs.51job.com/all/co3514510.html
jobs.51job.com/all/co4255709.html
jobs.51job.com/all/co4146226.html
jobs.51job.com/all/co3949119.html
jobs.51job.com/all/co3342785.html
jobs.51job.com/all/co3808402.html
jobs.51job.com/all/co2882440.html
jobs.51job.com/all/co3401967.html
jobs.51job.com/all/co3105758.html
jobs.51job.com/all/co3004822.html
jobs.51job.com/all/co2816812.html
jobs.51job.com/all/co2435526.html
jobs.51job.com/all/co2437861.html
jobs.51job.com/all/co3260519.html
jobs.51job.com/all/co3059054.html
jobs.51job.com/all/co234401.html
jobs.51job.com/all/co4482980.html
jobs.51job.com/all/co2543242.html
jobs.51job.com/all/co4258017.html
jobs.51job.com/all/co3590117.html
jobs.51job.com/all/co2930505.html
jobs.51job.com/all/co3036794.html
jobs.51job.com/all/co3305532.html
jobs.51job.com/all/co255252.html
jobs.51job.com/all/co3756471.html
jobs.51job.com/all/co2985231.html
jobs.51job.com/all/co312830.html
jobs.51job.com/all/co3991292.html
jobs.51job.com/all/co168339.html
jobs.51job.com/all/co4415723.html
jobs.51job.com/all/co3832808.html
jobs.51job.com/all/co3313008.html
jobs.51job.com/all/co4111255.html
jobs.51job.com/all/co3803026.html
jobs.51job.com/all/co4527850.html
jobs.51job.com/all/co2082270.html
jobs.51job.com/all/co4189135.html
jobs.51job.com/all/co4137258.html
jobs.51job.com/all/co3291286.html
jobs.51job.com/all/co4897862.html
jobs.51job.com/all/co4348226.html
jobs.51job.com/all/co4349860.html
jobs.51job.com/all/co2862068.html
jobs.51job.com/all/co4947066.html
jobs.51job.com/all/co4682430.html
jobs.51job.com/all/co4857765.html
jobs.51job.com/all/co4765323.html
jobs.51job.com/all/co4449255.html
jobs.51job.com/all/co3540596.html
jobs.51job.com/all/co4583421.html
jobs.51job.com/all/co2857557.html
jobs.51job.com/all/co3304097.html
jobs.51job.com/all/co3523817.html
jobs.51job.com/all/co4103019.html
jobs.51job.com/all/co4098533.html
jobs.51job.com/all/co3393134.html
jobs.51job.com/all/co2907519.html
jobs.51job.com/all/co4142930.html
jobs.51job.com/all/co3610434.html
jobs.51job.com/all/co1321342.html
jobs.51job.com/all/co2987956.html
jobs.51job.com/all/co4277944.html
jobs.51job.com/all/co4090899.html
jobs.51job.com/all/co3995252.html
jobs.51job.com/all/co2942825.html
jobs.51job.com/all/co3232691.html
jobs.51job.com/all/co3429385.html
jobs.51job.com/all/co3397272.html
jobs.51job.com/all/co2474453.html
jobs.51job.com/all/co3141073.html
jobs.51job.com/all/co3788713.html
jobs.51job.com/all/co3264178.html
jobs.51job.com/all/co2059233.html
jobs.51job.com/all/co100934.html
jobs.51job.com/all/co4854133.html
jobs.51job.com/all/co2569334.html
jobs.51job.com/all/co2197705.html
jobs.51job.com/all/co3201520.html
jobs.51job.com/all/co3688622.html
jobs.51job.com/all/co4030400.html
jobs.51job.com/all/co142258.html
jobs.51job.com/all/co2580137.html
jobs.51job.com/all/co4730415.html
jobs.51job.com/all/co4663560.html
jobs.51job.com/all/co4804547.html
jobs.51job.com/all/co4710104.html
jobs.51job.com/all/co4890430.html
jobs.51job.com/all/co3349335.html
jobs.51job.com/all/co4821634.html
jobs.51job.com/all/co2591881.html
jobs.51job.com/all/co4449692.html
meituan.51job.com
jobs.51job.com/all/co1242222.html
jobs.51job.com/all/co3462468.html
jobs.51job.com/all/co4823181.html
jobs.51job.com/all/co2973089.html
jobs.51job.com/all/co4046960.html
jobs.51job.com/all/co3291447.html
jobs.51job.com/all/co3525834.html
jobs.51job.com/all/co3317839.html
jobs.51job.com/all/co4318124.html
jobs.51job.com/all/co4145168.html
jobs.51job.com/all/co4411199.html
jobs.51job.com/all/co189330.html
jobs.51job.com/all/co4175851.html
jobs.51job.com/all/co849392.html
jobs.51job.com/all/co4904401.html
jobs.51job.com/all/co4495843.html
jobs.51job.com/all/co4868498.html
jobs.51job.com/all/co2620333.html
jobs.51job.com/all/co1692767.html
jobs.51job.com/all/co3713796.html
jobs.51job.com/all/co3044603.html
jobs.51job.com/all/co153791.html
jobs.51job.com/all/co2959928.html
jobs.51job.com/all/co3703632.html
jobs.51job.com/all/co2419140.html
jobs.51job.com/all/co4857751.html
jobs.51job.com/all/co120428.html
jobs.51job.com/all/co4278006.html
lifungsh.51job.com
jobs.51job.com/all/co2423815.html
jobs.51job.com/all/co4003724.html
jobs.51job.com/all/co2275067.html
jobs.51job.com/all/co3791241.html
jobs.51job.com/all/co1140198.html
jobs.51job.com/all/co4869348.html
jobs.51job.com/all/co4873672.html
jobs.51job.com/all/co188767.html
jobs.51job.com/all/co2292220.html
jobs.51job.com/all/co2156920.html
jobs.51job.com/all/co2487181.html
jobs.51job.com/all/co3786036.html
jobs.51job.com/all/co2452247.html
jobs.51job.com/all/co4006705.html
jobs.51job.com/all/co3541374.html
jobs.51job.com/all/co4918623.html
jobs.51job.com/all/co3605419.html
jobs.51job.com/all/co4730024.html
jobs.51job.com/all/co3156236.html
jobs.51job.com/all/co4854622.html
jobs.51job.com/all/co4403826.html
jobs.51job.com/all/co1628803.html
jobs.51job.com/all/co4005630.html
jobs.51job.com/all/co3875666.html
jobs.51job.com/all/co3964968.html
jobs.51job.com/all/co3821459.html
jobs.51job.com/all/co4822589.html
jobs.51job.com/all/co4042071.html
jobs.51job.com/all/co2865029.html
jobs.51job.com/all/co692691.html
jobs.51job.com/all/co300472.html
jobs.51job.com/all/co127990.html
jobs.51job.com/all/co569784.html
jobs.51job.com/all/co1470262.html
jobs.51job.com/all/co2010409.html
jobs.51job.com/all/co3901949.html
jobs.51job.com/all/co3559057.html
jobs.51job.com/all/co4315619.html
jobs.51job.com/all/co4002088.html
jobs.51job.com/all/co3182323.html
jobs.51job.com/all/co4050761.html
jobs.51job.com/all/co3524818.html
jobs.51job.com/all/co3563422.html
jobs.51job.com/all/co4284244.html
jobs.51job.com/all/co3037073.html
jobs.51job.com/all/co2736588.html
jobs.51job.com/all/co119673.html
jobs.51job.com/all/co3156502.html
jobs.51job.com/all/co3215161.html
jobs.51job.com/all/co320851.html
jobs.51job.com/all/co4621709.html
jobs.51job.com/all/co3832967.html
jobs.51job.com/all/co4349901.html
jobs.51job.com/all/co4832175.html
jobs.51job.com/all/co2692895.html
jobs.51job.com/all/co4860105.html
jobs.51job.com/all/co2527502.html
jobs.51job.com/all/co4818218.html
jobs.51job.com/all/co4772933.html
jobs.51job.com/all/co4795498.html
jobs.51job.com/all/co4872638.html
jobs.51job.com/all/co3535200.html
jobs.51job.com/all/co2565112.html
jobs.51job.com/all/co4658461.html
jobs.51job.com/all/co3938908.html
jobs.51job.com/all/co4065184.html
jobs.51job.com/all/co2537505.html
jobs.51job.com/all/co4186125.html
jobs.51job.com/all/co2853793.html
jobs.51job.com/all/co3103356.html
jobs.51job.com/all/co3887963.html
jobs.51job.com/all/co186431.html
jobs.51job.com/all/co3820084.html
jobs.51job.com/all/co4644879.html
jobs.51job.com/all/co3468903.html
jobs.51job.com/all/co2455252.html
jobs.51job.com/all/co4725749.html
jobs.51job.com/all/co3553617.html
jobs.51job.com/all/co2479406.html
jobs.51job.com/all/co4409777.html
jobs.51job.com/all/co4523164.html
jobs.51job.com/all/co2659505.html
jobs.51job.com/all/co2117789.html
jobs.51job.com/all/co4582986.html
jobs.51job.com/all/co2867969.html
jobs.51job.com/all/co3372039.html
jobs.51job.com/all/co4846011.html
jobs.51job.com/all/co4850026.html
jobs.51job.com/all/co3767192.html
jobs.51job.com/all/co3027575.html
jobs.51job.com/all/co4282373.html
jobs.51job.com/all/co705024.html
jobs.51job.com/all/co4837147.html
jobs.51job.com/all/co4385352.html
jobs.51job.com/all/co4028986.html
jobs.51job.com/all/co2319821.html
jobs.51job.com/all/co4111219.html
jobs.51job.com/all/co164496.html
jobs.51job.com/all/co3193392.html
jobs.51job.com/all/co3062068.html
jobs.51job.com/all/co2357498.html
jobs.51job.com/all/co2482327.html
jobs.51job.com/all/co3738626.html
jobs.51job.com/all/co3295343.html
jobs.51job.com/all/co4415915.html
jobs.51job.com/all/co3111246.html
jobs.51job.com/all/co318359.html
jobs.51job.com/all/co2654101.html
jobs.51job.com/all/co3274924.html
jobs.51job.com/all/co4582568.html
jobs.51job.com/all/co2727640.html
jobs.51job.com/all/co3830694.html
jobs.51job.com/all/co3422067.html
jobs.51job.com/all/co3450660.html
jobs.51job.com/all/co1133938.html
jobs.51job.com/all/co2245508.html
jobs.51job.com/all/co178586.html
jobs.51job.com/all/co4315716.html
jobs.51job.com/all/co2790549.html
jobs.51job.com/all/co613211.html
jobs.51job.com/all/co3916837.html
jobs.51job.com/all/co4073475.html
jobs.51job.com/all/co4497514.html
jobs.51job.com/all/co4910009.html
jobs.51job.com/all/co4927294.html
jobs.51job.com/all/co1992292.html
jobs.51job.com/all/co3234620.html
jobs.51job.com/all/co3428886.html
jobs.51job.com/all/co4536942.html
jobs.51job.com/all/co3819931.html
jobs.51job.com/all/co2811795.html
jobs.51job.com/all/co2672702.html
jobs.51job.com/all/co4649443.html
jobs.51job.com/all/co4762484.html
jobs.51job.com/all/co916104.html
jobs.51job.com/all/co3934217.html
jobs.51job.com/all/co3287800.html
jobs.51job.com/all/co4087409.html
jobs.51job.com/all/co193349.html
jobs.51job.com/all/co2354594.html
jobs.51job.com/all/co2898416.html
jobs.51job.com/all/co4653625.html
jobs.51job.com/all/co2146571.html
jobs.51job.com/all/co111541.html
jobs.51job.com/all/co2538831.html
jobs.51job.com/all/co3809576.html
jobs.51job.com/all/co4832035.html
jobs.51job.com/all/co3536514.html
jobs.51job.com/all/co3791454.html
jobs.51job.com/all/co2947523.html
jobs.51job.com/all/co1253381.html
jobs.51job.com/all/co4930665.html
jobs.51job.com/all/co3693651.html
jobs.51job.com/all/co4430498.html
jobs.51job.com/all/co2823071.html
jobs.51job.com/all/co2806025.html
jobs.51job.com/all/co2812256.html
jobs.51job.com/all/co3567437.html
jobs.51job.com/all/co4522408.html
jobs.51job.com/all/co503455.html
jobs.51job.com/all/co2580915.html
jobs.51job.com/all/co11313.html
jobs.51job.com/all/co2759138.html
jobs.51job.com/all/co3781916.html
jobs.51job.com/all/co3145529.html
jobs.51job.com/all/co4193101.html
jobs.51job.com/all/co3533173.html
jobs.51job.com/all/co3487519.html
jobs.51job.com/all/co4106861.html
jobs.51job.com/all/co4648311.html
jobs.51job.com/all/co3543933.html
jobs.51job.com/all/co228161.html
jobs.51job.com/all/co2434954.html
jobs.51job.com/all/co2910007.html
jobs.51job.com/all/co3462013.html
jobs.51job.com/all/co4875854.html
jobs.51job.com/all/co2656992.html
jobs.51job.com/all/co3002239.html
lesso.51job.com
jobs.51job.com/all/co4504691.html
jobs.51job.com/all/co4114859.html
jobs.51job.com/all/co4916886.html
jobs.51job.com/all/co4716478.html
jobs.51job.com/all/co2683268.html
jobs.51job.com/all/co3566957.html
creditease.51job.com
career.h3c.com
jobs.51job.com/all/co3309893.html
jobs.51job.com/all/co181210.html
roche.51job.com/
jobs.51job.com/all/co651693.html
jobs.51job.com/all/co4703270.html
jobs.51job.com/all/co1683156.html
jobs.51job.com/all/co3537449.html
jobs.51job.com/all/co4880922.html
jobs.51job.com/all/co4122388.html
jobs.51job.com/all/co4853728.html
jobs.51job.com/all/co4765189.html
jobs.51job.com/all/co3998866.html
jobs.51job.com/all/co3575085.html
jobs.51job.com/all/co2347362.html
jobs.51job.com/all/co2293666.html
jobs.51job.com/all/co4867034.html
jobs.51job.com/all/co2901331.html
jobs.51job.com/all/co1008209.html
jobs.51job.com/all/co2709457.html
jobs.51job.com/all/co4949778.html
jobs.51job.com/all/co3580986.html
jobs.51job.com/all/co2924547.html
jobs.51job.com/all/co2302379.html
jobs.51job.com/all/co1425278.html
jobs.51job.com/all/co4739634.html
jobs.51job.com/all/co4759628.html
jobs.51job.com/all/co3749574.html
jobs.51job.com/all/co4929827.html
jobs.51job.com/all/co2805007.html
jobs.51job.com/all/co1580438.html
jobs.51job.com/all/co4408415.html
jobs.51job.com/all/co2204116.html
jobs.51job.com/all/co646241.html
jobs.51job.com/all/co4527137.html
jobs.51job.com/all/co3983105.html
jobs.51job.com/all/co2054749.html
jobs.51job.com/all/co4504614.html
jobs.51job.com/all/co3561599.html
jobs.51job.com/all/co2335540.html
jobs.51job.com/all/co3689650.html
jobs.51job.com/all/co4087296.html
konecranes.51job.com
jobs.51job.com/all/co2745063.html
jobs.51job.com/all/co3555600.html
jobs.51job.com/all/co4929796.html
jobs.51job.com/all/co4754478.html
jobs.51job.com/all/co2496472.html
jobs.51job.com/all/co4597653.html
jobs.51job.com/all/co4933601.html
jobs.51job.com/all/co3293042.html
jobs.51job.com/all/co3159765.html
jobs.51job.com/all/co3358987.html
jobs.51job.com/all/co4931563.html
jobs.51job.com/all/co2544894.html
jobs.51job.com/all/co252680.html
jobs.51job.com/all/co1164723.html
jobs.51job.com/all/co3495216.html
jobs.51job.com/all/co2749331.html
jobs.51job.com/all/co4699002.html
jobs.51job.com/all/co2571708.html
jobs.51job.com/all/co2835181.html
jobs.51job.com/all/co2170951.html
jobs.51job.com/all/co3088135.html
jobs.51job.com/all/co3288105.html
jobs.51job.com/all/co3881373.html
jobs.51job.com/all/co4877593.html
jobs.51job.com/all/co2508388.html
jobs.51job.com/all/co4694004.html
jobs.51job.com/all/co3851234.html
jobs.51job.com/all/co4805767.html
jobs.51job.com/all/co3909257.html
jobs.51job.com/all/co2152512.html
jobs.51job.com/all/co3440868.html
jobs.51job.com/all/co3289034.html
jobs.51job.com/all/co579314.html
jobs.51job.com/all/co4493359.html
jobs.51job.com/all/co129912.html
jobs.51job.com/all/co4575335.html
jobs.51job.com/all/co2582309.html
jobs.51job.com/all/co2634988.html
jobs.51job.com/all/co475763.html
jobs.51job.com/all/co3440730.html
jobs.51job.com/all/co3139262.html
jobs.51job.com/all/co3133624.html
jobs.51job.com/all/co4483266.html
jobs.51job.com/all/co4740962.html
jobs.51job.com/all/co4940784.html
jobs.51job.com/all/co3967150.html
jobs.51job.com/all/co3898352.html
jobs.51job.com/all/co4827515.html
jobs.51job.com/all/co4478939.html
jobs.51job.com/all/co1291000.html
jobs.51job.com/all/co4888760.html
jobs.51job.com/all/co2950639.html
jobs.51job.com/all/co4522474.html
jobs.51job.com/all/co4832501.html
jobs.51job.com/all/co4767184.html
jobs.51job.com/all/co3261064.html
jobs.51job.com/all/co4269116.html
jobs.51job.com/all/co2393976.html
jobs.51job.com/all/co2475646.html
jobs.51job.com/all/co3726486.html
jobs.51job.com/all/co4546743.html
jobs.51job.com/all/co3462639.html
jobs.51job.com/all/co2989781.html
jobs.51job.com/all/co4779570.html
jobs.51job.com/all/co232254.html
jobs.51job.com/all/co2754875.html
jobs.51job.com/all/co3807197.html
jobs.51job.com/all/co3189916.html
jobs.51job.com/all/co2820352.html
jobs.51job.com/all/co4700040.html
jobs.51job.com/all/co2969408.html
jobs.51job.com/all/co2668924.html
jobs.51job.com/all/co3650285.html
jobs.51job.com/all/co4595343.html
jobs.51job.com/all/co2740643.html
jobs.51job.com/all/co3988647.html
jobs.51job.com/all/co4077694.html
jobs.51job.com/all/co2503346.html
jobs.51job.com/all/co2399378.html
jobs.51job.com/all/co2916732.html
jobs.51job.com/all/co2525432.html
jobs.51job.com/all/co2704333.html
jobs.51job.com/all/co2614173.html
jobs.51job.com/all/co4830625.html
jobs.51job.com/all/co4844566.html
jobs.51job.com/all/co3755073.html
jobs.51job.com/all/co179909.html
jobs.51job.com/all/co1987073.html
jobs.51job.com/all/co3713966.html
jobs.51job.com/all/co3559198.html
jobs.51job.com/all/co2539816.html
jobs.51job.com/all/co4761497.html
jobs.51job.com/all/co3764811.html
jobs.51job.com/all/co4152041.html
jobs.51job.com/all/co2642113.html
jobs.51job.com/all/co2493993.html
jobs.51job.com/all/co4387374.html
jobs.51job.com/all/co4290118.html
jobs.51job.com/all/co3206720.html
jobs.51job.com/all/co3966857.html
jobs.51job.com/all/co4529074.html
jobs.51job.com/all/co3386753.html
jobs.51job.com/all/co2499098.html
jobs.51job.com/all/co4767861.html
jobs.51job.com/all/co4576725.html
jobs.51job.com/all/co2843134.html
jobs.51job.com/all/co2818783.html
jobs.51job.com/all/co4186467.html
jobs.51job.com/all/co4738410.html
jobs.51job.com/all/co3905319.html
jobs.51job.com/all/co109794.html
jobs.51job.com/all/co2911715.html
jobs.51job.com/all/co3225732.html
jobs.51job.com/all/co2925551.html
jobs.51job.com/all/co4768032.html
jobs.51job.com/all/co4647208.html
jobs.51job.com/all/co4701659.html
jobs.51job.com/all/co3520057.html
jobs.51job.com/all/co4900483.html
jobs.51job.com/all/co3896198.html
jobs.51job.com/all/co3930053.html
jobs.51job.com/all/co4901415.html
jobs.51job.com/all/co3683721.html
jobs.51job.com/all/co2786243.html
jobs.51job.com/all/co3218881.html
jobs.51job.com/all/co4266642.html
jobs.51job.com/all/co290053.html
jobs.51job.com/all/co178295.html
jobs.51job.com/all/co4478953.html
jobs.51job.com/all/co4465529.html
jobs.51job.com/all/co4092694.html
jobs.51job.com/all/co10972.html
jobs.51job.com/all/co2650626.html
jobs.51job.com/all/co241954.html
jobs.51job.com/all/co219871.html
jobs.51job.com/all/co3225095.html
jobs.51job.com/all/co3303003.html
jobs.51job.com/all/co2856652.html
jobs.51job.com/all/co2330749.html
jobs.51job.com/all/co2701167.html
jobs.51job.com/all/co3067913.html
jobs.51job.com/all/co4673910.html
jobs.51job.com/all/co3242159.html
jobs.51job.com/all/co4620785.html
jobs.51job.com/all/co3708913.html
jobs.51job.com/all/co4118479.html
jobs.51job.com/all/co238206.html
jobs.51job.com/all/co3429400.html
jobs.51job.com/all/co4395186.html
jobs.51job.com/all/co3258961.html
jobs.51job.com/all/co2491966.html
jobs.51job.com/all/co3656004.html
jobs.51job.com/all/co2756644.html
jobs.51job.com/all/co2470508.html
jobs.51job.com/all/co2820580.html
jobs.51job.com/all/co2837368.html
jobs.51job.com/all/co3615356.html
jobs.51job.com/all/co2537199.html
jobs.51job.com/all/co4057547.html
jobs.51job.com/all/co4704047.html
jobs.51job.com/all/co4525168.html
jobs.51job.com/all/co2731965.html
jobs.51job.com/all/co2625993.html
jobs.51job.com/all/co4190779.html
jobs.51job.com/all/co2759821.html
jobs.51job.com/all/co2940976.html
jobs.51job.com/all/co3701487.html
jobs.51job.com/all/co4052847.html
jobs.51job.com/all/co203073.html
jobs.51job.com/all/co3015507.html
jobs.51job.com/all/co3803556.html
jobs.51job.com/all/co2497772.html
jobs.51job.com/all/co2542833.html
jobs.51job.com/all/co2451045.html
jobs.51job.com/all/co2742084.html
jobs.51job.com/all/co4817244.html
jobs.51job.com/all/co2720296.html
jobs.51job.com/all/co2579291.html
jobs.51job.com/all/co2871500.html
jobs.51job.com/all/co3731609.html
jobs.51job.com/all/co4795544.html
jobs.51job.com/all/co2596768.html
jobs.51job.com/all/co3430058.html
jobs.51job.com/all/co4767708.html
jobs.51job.com/all/co4694545.html
jobs.51job.com/all/co2281473.html
jobs.51job.com/all/co4595206.html
jobs.51job.com/all/co2581695.html
jobs.51job.com/all/co964818.html
jobs.51job.com/all/co3370725.html
jobs.51job.com/all/co2170054.html
jobs.51job.com/all/co4830760.html
jobs.51job.com/all/co4910244.html
jobs.51job.com/all/co3995535.html
jobs.51job.com/all/co3041937.html
jobs.51job.com/all/co1734952.html
jobs.51job.com/all/co2408259.html
jobs.51job.com/all/co153866.html
jobs.51job.com/all/co3927302.html
jobs.51job.com/all/co3548922.html
jobs.51job.com/all/co4614457.html
jobs.51job.com/all/co3808677.html
jobs.51job.com/all/co2708518.html
jobs.51job.com/all/co2970251.html
jobs.51job.com/all/co4939645.html
jobs.51job.com/all/co2256731.html
jobs.51job.com/all/co4184722.html
jobs.51job.com/all/co101597.html
jobs.51job.com/all/co4110145.html
jobs.51job.com/all/co3152831.html
jobs.51job.com/all/co3186886.html
jobs.51job.com/all/co2768113.html
jobs.51job.com/all/co3469800.html
jobs.51job.com/all/co4160269.html
jobs.51job.com/all/co3321785.html
jobs.51job.com/all/co3870995.html
jobs.51job.com/all/co4116708.html
jobs.51job.com/all/co3739054.html
jobs.51job.com/all/co4009003.html
jobs.51job.com/all/co4842300.html
jobs.51job.com/all/co4763394.html
jobs.51job.com/all/co2421654.html
jobs.51job.com/all/co3903830.html
jobs.51job.com/all/co4554112.html
jobs.51job.com/all/co4346481.html
jobs.51job.com/all/co4862739.html
jobs.51job.com/all/co4349705.html
jobs.51job.com/all/co3129921.html
jobs.51job.com/all/co4070836.html
jobs.51job.com/all/co2862749.html
jobs.51job.com/all/co3878001.html
jobs.51job.com/all/co4587477.html
jobs.51job.com/all/co4270827.html
jobs.51job.com/all/co4760372.html
jobs.51job.com/all/co2973611.html
jobs.51job.com/all/co3411163.html
jobs.51job.com/all/co2730173.html
jobs.51job.com/all/co2519184.html
jobs.51job.com/all/co2514967.html
jobs.51job.com/all/co4375122.html
jobs.51job.com/all/co3484836.html
jobs.51job.com/all/co295836.html
jobs.51job.com/all/co4764860.html
jobs.51job.com/all/co184759.html
jobs.51job.com/all/co2224239.html
jobs.51job.com/all/co3195978.html
jobs.51job.com/all/co4803601.html
jobs.51job.com/all/co3810708.html
jobs.51job.com/all/co2855428.html
jobs.51job.com/all/co4722159.html
jobs.51job.com/all/co1465620.html
jobs.51job.com/all/co4915046.html
jobs.51job.com/all/co4026942.html
jobs.51job.com/all/co4145984.html
jobs.51job.com/all/co4866719.html
jobs.51job.com/all/co3075560.html
jobs.51job.com/all/co4068753.html
jobs.51job.com/all/co3817164.html
jobs.51job.com/all/co3145334.html
jobs.51job.com/all/co4106571.html
jobs.51job.com/all/co2616483.html
jobs.51job.com/all/co2214342.html
jobs.51job.com/all/co242314.html
jobs.51job.com/all/co3799208.html
jobs.51job.com/all/co3237274.html
jobs.51job.com/all/co4796216.html
jobs.51job.com/all/co2582923.html
jobs.51job.com/all/co2525408.html
jobs.51job.com/all/co3078301.html
jobs.51job.com/all/co1278755.html
jobs.51job.com/all/co2734107.html
jobs.51job.com/all/co4368852.html
jobs.51job.com/all/co3319532.html
jobs.51job.com/all/co3783998.html
jobs.51job.com/all/co4404510.html
jobs.51job.com/all/co4361749.html
jobs.51job.com/all/co4807842.html
jobs.51job.com/all/co2880028.html
jobs.51job.com/all/co3176558.html
jobs.51job.com/all/co3047020.html
jobs.51job.com/all/co2647686.html
jobs.51job.com/all/co3636930.html
jobs.51job.com/all/co3625420.html
jobs.51job.com/all/co3282626.html
jobs.51job.com/all/co3588535.html
jobs.51job.com/all/co3589083.html
jobs.51job.com/all/co4351100.html
jobs.51job.com/all/co3631956.html
jobs.51job.com/all/co2819530.html
jobs.51job.com/all/co3749084.html
jobs.51job.com/all/co3032687.html
jobs.51job.com/all/co4904729.html
jobs.51job.com/all/co4345072.html
jobs.51job.com/all/co4924840.html
jobs.51job.com/all/co1500377.html
jobs.51job.com/all/co2939446.html
jobs.51job.com/all/co3259529.html
jobs.51job.com/all/co4879817.html
jobs.51job.com/all/co2279535.html
jobs.51job.com/all/co4927151.html
jobs.51job.com/all/co4226083.html
jobs.51job.com/all/co4089939.html
jobs.51job.com/all/co2419189.html
jobs.51job.com/all/co3917689.html
jobs.51job.com/all/co2289021.html
jobs.51job.com/all/co3308247.html
jobs.51job.com/all/co4929754.html
jobs.51job.com/all/co194806.html
jobs.51job.com/all/co4649269.html
jobs.51job.com/all/co4713980.html
jobs.51job.com/all/co4422179.html
jobs.51job.com/all/co2754806.html
jobs.51job.com/all/co4513648.html
jobs.51job.com/all/co3320377.html
jobs.51job.com/all/co2224681.html
jobs.51job.com/all/co4441493.html
jobs.51job.com/all/co4597258.html
jobs.51job.com/all/co4823169.html
jobs.51job.com/all/co4521312.html
jobs.51job.com/all/co3722819.html
jobs.51job.com/all/co3858489.html
jobs.51job.com/all/co3933680.html
jobs.51job.com/all/co4817588.html
jobs.51job.com/all/co3054093.html
jobs.51job.com/all/co3303056.html
jobs.51job.com/all/co150462.html
jobs.51job.com/all/co4519809.html
jobs.51job.com/all/co276359.html
jobs.51job.com/all/co4313430.html
jobs.51job.com/all/co4861721.html
jobs.51job.com/all/co3792109.html
jobs.51job.com/all/co4703368.html
jobs.51job.com/all/co4326008.html
jobs.51job.com/all/co4115527.html
jobs.51job.com/all/co4115901.html
jobs.51job.com/all/co4674483.html
jobs.51job.com/all/co4708858.html
jobs.51job.com/all/co4842368.html
jobs.51job.com/all/co2238407.html
jobs.51job.com/all/co2868993.html
jobs.51job.com/all/co4895318.html
jobs.51job.com/all/co2741697.html
jobs.51job.com/all/co3870378.html
jobs.51job.com/all/co3610872.html
jobs.51job.com/all/co2838610.html
jobs.51job.com/all/co4736814.html
jobs.51job.com/all/co3934186.html
jobs.51job.com/all/co4088318.html
jobs.51job.com/all/co4682376.html
jobs.51job.com/all/co4701517.html
jobs.51job.com/all/co4866388.html
jobs.51job.com/all/co4605994.html
jobs.51job.com/all/co2736344.html
jobs.51job.com/all/co4661620.html
jobs.51job.com/all/co2279513.html
jobs.51job.com/all/co3121155.html
jobs.51job.com/all/co4768671.html
jobs.51job.com/all/co3271216.html
jobs.51job.com/all/co2837477.html
jobs.51job.com/all/co4765510.html
jobs.51job.com/all/co106423.html
jobs.51job.com/all/co2779518.html
jobs.51job.com/all/co3977772.html
jobs.51job.com/all/co1008059.html
jobs.51job.com/all/co2654808.html
jobs.51job.com/all/co4436073.html
jobs.51job.com/all/co4635111.html
jobs.51job.com/all/co3753726.html
jobs.51job.com/all/co4924893.html
jobs.51job.com/all/co4005926.html
jobs.51job.com/all/co244208.html
jobs.51job.com/all/co3266171.html
jobs.51job.com/all/co4407165.html
jobs.51job.com/all/co2589081.html
jobs.51job.com/all/co3566429.html
jobs.51job.com/all/co3567257.html
jobs.51job.com/all/co3362933.html
jobs.51job.com/all/co4931523.html
jobs.51job.com/all/co4372857.html
magna.51job.com
jobs.51job.com/all/co3022209.html
jobs.51job.com/all/co4891058.html
jobs.51job.com/all/co3662000.html
intertek.51job.com
jobs.51job.com/all/co3950154.html
jobs.51job.com/all/co2864262.html
jobs.51job.com/all/co4502737.html
jobs.51job.com/all/co4446121.html
jobs.51job.com/all/co1130411.html
jobs.51job.com/all/co3214514.html
jobs.51job.com/all/co2667391.html
jobs.51job.com/all/co4578167.html
jobs.51job.com/all/co3926245.html
jobs.51job.com/all/co4766840.html
jobs.51job.com/all/co3683895.html
jobs.51job.com/all/co569726.html
jobs.51job.com/all/co1985181.html
borgwarner.51job.com
jobs.51job.com/all/co4506032.html
jobs.51job.com/all/co3418404.html
jobs.51job.com/all/co4795126.html
jobs.51job.com/all/co3586461.html
jobs.51job.com/all/co2221104.html
jobs.51job.com/all/co2728164.html
jobs.51job.com/all/co4476287.html
jobs.51job.com/all/co3716458.html
jobs.51job.com/all/co2312910.html
jobs.51job.com/all/co2425790.html
jobs.51job.com/all/co569895.html
jobs.51job.com/all/co1353891.html
jobs.51job.com/all/co4555966.html
jobs.51job.com/all/co3548723.html
jobs.51job.com/all/co3086754.html
jobs.51job.com/all/co4870212.html
jobs.51job.com/all/co4002183.html
jobs.51job.com/all/co2878124.html
jobs.51job.com/all/co3818298.html
jobs.51job.com/all/co992756.html
jobs.51job.com/all/co4347774.html
jobs.51job.com/all/co3243002.html
jobs.51job.com/all/co4058297.html
jobs.51job.com/all/co3180027.html
jobs.51job.com/all/co3555574.html
jobs.51job.com/all/co1377888.html
jobs.51job.com/all/co3051095.html
jobs.51job.com/all/co2981374.html
jobs.51job.com/all/co3962335.html
jobs.51job.com/all/co3703544.html
jobs.51job.com/all/co2781928.html
jobs.51job.com/all/co4691746.html
jobs.51job.com/all/co4556530.html
jobs.51job.com/all/co3036592.html
jobs.51job.com/all/co3315122.html
jobs.51job.com/all/co4725082.html
jobs.51job.com/all/co2529709.html
jobs.51job.com/all/co4759778.html
jobs.51job.com/all/co302303.html
jobs.51job.com/all/co4633929.html
jobs.51job.com/all/co4459632.html
jobs.51job.com/all/co120360.html
jobs.51job.com/all/co3137276.html
jobs.51job.com/all/co4323230.html
jobs.51job.com/all/co2571512.html
jobs.51job.com/all/co4557886.html
jobs.51job.com/all/co4902794.html
jobs.51job.com/all/co3895339.html
jobs.51job.com/all/co4702008.html
jobs.51job.com/all/co2627856.html
jobs.51job.com/all/co4371673.html
jobs.51job.com/all/co2304414.html
jobs.51job.com/all/co4424190.html
jobs.51job.com/all/co4391218.html
jobs.51job.com/all/co3304968.html
jobs.51job.com/all/co4587556.html
jobs.51job.com/all/co3875450.html
jobs.51job.com/all/co579488.html
jobs.51job.com/all/co4062082.html
jobs.51job.com/all/co3695399.html
jobs.51job.com/all/co2764935.html
jobs.51job.com/all/co3716291.html
jobs.51job.com/all/co3290198.html
jobs.51job.com/all/co3596885.html
jobs.51job.com/all/co4885745.html
jobs.51job.com/all/co4502415.html
jobs.51job.com/all/co4140920.html
jobs.51job.com/all/co3707737.html
jobs.51job.com/all/co3992468.html
jobs.51job.com/all/co4269192.html
jobs.51job.com/all/co175412.html
jobs.51job.com/all/co3935279.html
jobs.51job.com/all/co3955537.html
jobs.51job.com/all/co3872165.html
jobs.51job.com/all/co244442.html
jobs.51job.com/all/co4473534.html
jobs.51job.com/all/co4900954.html
jobs.51job.com/all/co2871049.html
jobs.51job.com/all/co3251929.html
jobs.51job.com/all/co3762540.html
jobs.51job.com/all/co3092269.html
jobs.51job.com/all/co2750144.html
jobs.51job.com/all/co2958626.html
jobs.51job.com/all/co141224.html
jobs.51job.com/all/co4812953.html
jobs.51job.com/all/co2486719.html
jobs.51job.com/all/co4480923.html
jobs.51job.com/all/co3927435.html
jobs.51job.com/all/co3577034.html
job.markorhome.com/
jobs.51job.com/all/co2368508.html
jobs.51job.com/all/co2478368.html
jobs.51job.com/all/co4188131.html
jobs.51job.com/all/co4768712.html
jobs.51job.com/all/co3988674.html
jobs.51job.com/all/co4189199.html
jobs.51job.com/all/co4789502.html
jobs.51job.com/all/co4704175.html
jobs.51job.com/all/co4901169.html
jobs.51job.com/all/co4870895.html
jobs.51job.com/all/co4031584.html
jobs.51job.com/all/co4556617.html
jobs.51job.com/all/co3235218.html
jobs.51job.com/all/co4266023.html
jobs.51job.com/all/co3309372.html
jobs.51job.com/all/co4235055.html
jobs.51job.com/all/co4832955.html
jobs.51job.com/all/co2988505.html
jobs.51job.com/all/co4401538.html
jobs.51job.com/all/co4475091.html
jobs.51job.com/all/co3260835.html
jobs.51job.com/all/co2785836.html
jobs.51job.com/all/co2783513.html
jobs.51job.com/all/co4772452.html
jobs.51job.com/all/co201082.html
jobs.51job.com/all/co704862.html
jobs.51job.com/all/co4760544.html
jobs.51job.com/all/co2777537.html
jobs.51job.com/all/co3214452.html
jobs.51job.com/all/co4493834.html
jobs.51job.com/all/co2658202.html
jobs.51job.com/all/co3959067.html
jobs.51job.com/all/co4580253.html
jobs.51job.com/all/co1224397.html
jobs.51job.com/all/co3568391.html
jobs.51job.com/all/co4667691.html
jobs.51job.com/all/co4436364.html
jobs.51job.com/all/co4127888.html
jobs.51job.com/all/co2434440.html
jobs.51job.com/all/co3399118.html
jobs.51job.com/all/co2095487.html
jobs.51job.com/all/co2120748.html
jobs.51job.com/all/co4010556.html
jobs.51job.com/all/co3071335.html
jobs.51job.com/all/co3278377.html
jobs.51job.com/all/co2769106.html
jobs.51job.com/all/co2969416.html
jobs.51job.com/all/co4309651.html
jobs.51job.com/all/co4352148.html
jobs.51job.com/all/co3513659.html
jobs.51job.com/all/co2591463.html
jobs.51job.com/all/co3224986.html
jobs.51job.com/all/co1361916.html
jobs.51job.com/all/co4476339.html
jobs.51job.com/all/co2225467.html
jobs.51job.com/all/co4196553.html
jobs.51job.com/all/co3020233.html
jobs.51job.com/all/co2467857.html
jobs.51job.com/all/co3958036.html
jobs.51job.com/all/co3913587.html
jobs.51job.com/all/co2685550.html
aptiv.51job.com
jobs.51job.com/all/co3322665.html
jobs.51job.com/all/co4915201.html
jobs.51job.com/all/co4323743.html
jobs.51job.com/all/co4849813.html
jobs.51job.com/all/co3604415.html
jobs.51job.com/all/co4855962.html
jobs.51job.com/all/co3290741.html
jobs.51job.com/all/co4453735.html
jobs.51job.com/all/co2159647.html
jobs.51job.com/all/co4580546.html
jobs.51job.com/all/co4703187.html
jobs.51job.com/all/co4145919.html
jobs.51job.com/all/co2454251.html
jobs.51job.com/all/co4108279.html
jobs.51job.com/all/co2823461.html
jobs.51job.com/all/co2938190.html
jobs.51job.com/all/co3831533.html
jobs.51job.com/all/co3945328.html
jobs.51job.com/all/co4885671.html
jobs.51job.com/all/co3048126.html
jobs.51job.com/all/co4309593.html
jobs.51job.com/all/co3263852.html
jobs.51job.com/all/co2278267.html
jobs.51job.com/all/co2163988.html
jobs.51job.com/all/co123097.html
jobs.51job.com/all/co3299425.html
jobs.51job.com/all/co3905291.html
jobs.51job.com/all/co3536503.html
jobs.51job.com/all/co2442968.html
jobs.51job.com/all/co2259718.html
jobs.51job.com/all/co3429149.html
jobs.51job.com/all/co4796206.html
jobs.51job.com/all/co3260354.html
jobs.51job.com/all/co673866.html
jobs.51job.com/all/co3005684.html
jobs.51job.com/all/co4524402.html
jobs.51job.com/all/co2811277.html
jobs.51job.com/all/co2741347.html
jobs.51job.com/all/co2741339.html
jobs.51job.com/all/co2072929.html
jobs.51job.com/all/co4194358.html
jobs.51job.com/all/co2881749.html
jobs.51job.com/all/co4669690.html
jobs.51job.com/all/co4041612.html
jobs.51job.com/all/co3066653.html
jobs.51job.com/all/co4432623.html
jobs.51job.com/all/co132494.html
jobs.51job.com/all/co4313546.html
jobs.51job.com/all/co4473827.html
jobs.51job.com/all/co3702074.html
jobs.51job.com/all/co4188444.html
jobs.51job.com/all/co3398201.html
jobs.51job.com/all/co4476408.html
jobs.51job.com/all/co3910053.html
jobs.51job.com/all/co4835516.html
jobs.51job.com/all/co2573266.html
jobs.51job.com/all/co4170021.html
jobs.51job.com/all/co4900821.html
jobs.51job.com/all/co3061253.html
jobs.51job.com/all/co4070107.html
jobs.51job.com/all/co3861084.html
jobs.51job.com/all/co4721715.html
jobs.51job.com/all/co4740936.html
jobs.51job.com/all/co2230357.html
jobs.51job.com/all/co3569204.html
jobs.51job.com/all/co4009701.html
jobs.51job.com/all/co2162670.html
jobs.51job.com/all/co4130552.html
jobs.51job.com/all/co4338371.html
jobs.51job.com/all/co2235235.html
jobs.51job.com/all/co3291110.html
jobs.51job.com/all/co3448700.html
jobs.51job.com/all/co3994863.html
jobs.51job.com/all/co3496193.html
jobs.51job.com/all/co4821146.html
jobs.51job.com/all/co2787557.html
jobs.51job.com/all/co4557130.html
jobs.51job.com/all/co3670263.html
jobs.51job.com/all/co4010852.html
jobs.51job.com/all/co3267897.html
jobs.51job.com/all/co3612261.html
jobs.51job.com/all/co3589199.html
jobs.51job.com/all/co4303279.html
jobs.51job.com/all/co4588254.html
jobs.51job.com/all/co4060139.html
jobs.51job.com/all/co4506.html
jobs.51job.com/all/co3289984.html
jobs.51job.com/all/co143639.html
jobs.51job.com/all/co4808461.html
jobs.51job.com/all/co2399562.html
jobs.51job.com/all/co2662357.html
jobs.51job.com/all/co2832668.html
jobs.51job.com/all/co2735398.html
jobs.51job.com/all/co4295797.html
jobs.51job.com/all/co2220020.html
jobs.51job.com/all/co4005196.html
jobs.51job.com/all/co4086878.html
jobs.51job.com/all/co3789413.html
jobs.51job.com/all/co4199891.html
jobs.51job.com/all/co2467295.html
jobs.51job.com/all/co3562925.html
jobs.51job.com/all/co3586017.html
jobs.51job.com/all/co1459363.html
jobs.51job.com/all/co2888075.html
jobs.51job.com/all/co524539.html
jobs.51job.com/all/co4348332.html
jobs.51job.com/all/co2554037.html
jobs.51job.com/all/co4487163.html
jobs.51job.com/all/co3686288.html
jobs.51job.com/all/co4764787.html
jobs.51job.com/all/co2298143.html
jobs.51job.com/all/co3689649.html
jobs.51job.com/all/co4815610.html
jobs.51job.com/all/co4625522.html
jobs.51job.com/all/co4561259.html
jobs.51job.com/all/co4379802.html
jobs.51job.com/all/co3033286.html
jobs.51job.com/all/co2444654.html
jobs.51job.com/all/co4283000.html
jobs.51job.com/all/co3698292.html
jobs.51job.com/all/co4350268.html
jobs.51job.com/all/co2513462.html
jobs.51job.com/all/co4761018.html
jobs.51job.com/all/co3207911.html
jobs.51job.com/all/co2550258.html
jobs.51job.com/all/co3900740.html
jobs.51job.com/all/co4688033.html
jobs.51job.com/all/co3362602.html
jobs.51job.com/all/co4078251.html
jobs.51job.com/all/co4266947.html
jobs.51job.com/all/co2809880.html
jobs.51job.com/all/co4770071.html
jobs.51job.com/all/co2546282.html
jobs.51job.com/all/co4786358.html
jobs.51job.com/all/co3593420.html
jobs.51job.com/all/co4486932.html
jobs.51job.com/all/co3761801.html
jobs.51job.com/all/co4288911.html
jobs.51job.com/all/co3416799.html
jobs.51job.com/all/co3652634.html
jobs.51job.com/all/co2971550.html
jobs.51job.com/all/co3306575.html
jobs.51job.com/all/co2311151.html
jobs.51job.com/all/co270592.html
jobs.51job.com/all/co4553821.html
jobs.51job.com/all/co4286687.html
jobs.51job.com/all/co3231743.html
jobs.51job.com/all/co4796811.html
jobs.51job.com/all/co3662236.html
jobs.51job.com/all/co4648219.html
jobs.51job.com/all/co3141721.html
jobs.51job.com/all/co3075596.html
jobs.51job.com/all/co4647249.html
jobs.51job.com/all/co4361716.html
jobs.51job.com/all/co4763353.html
jobs.51job.com/all/co3165188.html
jobs.51job.com/all/co4760369.html
jobs.51job.com/all/co2797826.html
jobs.51job.com/all/co4678050.html
jobs.51job.com/all/co4764500.html
jobs.51job.com/all/co11866.html
jobs.51job.com/all/co2446341.html
jobs.51job.com/all/co4473082.html
jobs.51job.com/all/co2708526.html
jobs.51job.com/all/co4877700.html
jobs.51job.com/all/co3064561.html
jobs.51job.com/all/co4271564.html
jobs.51job.com/all/co3967630.html
jobs.51job.com/all/co3355125.html
jobs.51job.com/all/co4738033.html
jobs.51job.com/all/co4272958.html
jobs.51job.com/all/co4273498.html
jobs.51job.com/all/co3073998.html
jobs.51job.com/all/co3038515.html
jobs.51job.com/all/co4606761.html
jobs.51job.com/all/co4006134.html
jobs.51job.com/all/co4221410.html
jobs.51job.com/all/co4554528.html
jobs.51job.com/all/co3059729.html
jobs.51job.com/all/co4026459.html
jobs.51job.com/all/co2954148.html
jobs.51job.com/all/co3861003.html
jobs.51job.com/all/co2780258.html
jobs.51job.com/all/co2133491.html
jobs.51job.com/all/co438409.html
jobs.51job.com/all/co4676706.html
jobs.51job.com/all/co4869817.html
jobs.51job.com/all/co4292219.html
jobs.51job.com/all/co3261463.html
jobs.51job.com/all/co503872.html
jobs.51job.com/all/co4009336.html
jobs.51job.com/all/co4003565.html
jobs.51job.com/all/co2984027.html
jobs.51job.com/all/co2008502.html
jobs.51job.com/all/co4867709.html
jobs.51job.com/all/co3399108.html
jobs.51job.com/all/co4866965.html
jobs.51job.com/all/co3894724.html
jobs.51job.com/all/co3219627.html
jobs.51job.com/all/co3392843.html
jobs.51job.com/all/co612312.html
jobs.51job.com/all/co4245011.html
jobs.51job.com/all/co4736693.html
jobs.51job.com/all/co3423376.html
jobs.51job.com/all/co4267249.html
jobs.51job.com/all/co4262100.html
jobs.51job.com/all/co4238436.html
jobs.51job.com/all/co2915962.html
jobs.51job.com/all/co4513544.html
jobs.51job.com/all/co4238270.html
jobs.51job.com/all/co3864270.html
jobs.51job.com/all/co3426886.html
jobs.51job.com/all/co4232938.html
jobs.51job.com/all/co3957768.html
jobs.51job.com/all/co2792467.html
jobs.51job.com/all/co4282776.html
jobs.51job.com/all/co13212.html
jobs.51job.com/all/co2442408.html
lachapelle.51job.com
jobs.51job.com/all/co3374449.html
jobs.51job.com/all/co3735280.html
jobs.51job.com/all/co4216796.html
jobs.51job.com/all/co4746267.html
jobs.51job.com/all/co4368474.html
jobs.51job.com/all/co3865503.html
jobs.51job.com/all/co3281518.html
jobs.51job.com/all/co4257883.html
jobs.51job.com/all/co3173723.html
jobs.51job.com/all/co3282766.html
jobs.51job.com/all/co3667319.html
jobs.51job.com/all/co4273111.html
jobs.51job.com/all/co4582564.html
jobs.51job.com/all/co3860384.html
jobs.51job.com/all/co2739443.html
jobs.51job.com/all/co3178375.html
sfzhaopin.51job.com
jobs.51job.com/all/co4524677.html
jobs.51job.com/all/co180850.html
jobs.51job.com/all/co3851231.html
jobs.51job.com/all/co4862531.html
jobs.51job.com/all/co3659559.html
jobs.51job.com/all/co3720248.html
jobs.51job.com/all/co2805487.html
jobs.51job.com/all/co4763390.html
jobs.51job.com/all/co1242007.html
jobs.51job.com/all/co4267508.html
jobs.51job.com/all/co2554574.html
jobs.51job.com/all/co2539817.html
jobs.51job.com/all/co2449506.html
jobs.51job.com/all/co1228259.html
jobs.51job.com/all/co1686854.html
jobs.51job.com/all/co3503020.html
jobs.51job.com/all/co4039151.html
jobs.51job.com/all/co3277441.html
jobs.51job.com/all/co2664692.html
jobs.51job.com/all/co2664692.html
jobs.51job.com/all/co4926301.html
jobs.51job.com/all/co4926301.html
jobs.51job.com/all/co3780256.html
jobs.51job.com/all/co3455627.html
jobs.51job.com/all/co4762502.html
jobs.51job.com/all/co4762502.html
jobs.51job.com/all/co3505366.html
jobs.51job.com/all/co3089554.html
jobs.51job.com/all/co3036925.html
jobs.51job.com/all/co4662522.html
jobs.51job.com/all/co4451821.html
jobs.51job.com/all/co3088071.html
jobs.51job.com/all/co3088071.html
jobs.51job.com/all/co4767969.html
jobs.51job.com/all/co4463682.html
jobs.51job.com/all/co3046158.html
jobs.51job.com/all/co3046158.html
jobs.51job.com/all/co4137603.html
jobs.51job.com/all/co3830375.html
jobs.51job.com/all/co3906915.html
jobs.51job.com/all/co4261387.html
jobs.51job.com/all/co3207835.html
jobs.51job.com/all/co3299111.html
jobs.51job.com/all/co3905850.html
jobs.51job.com/all/co4189488.html
jobs.51job.com/all/co4189488.html
jobs.51job.com/all/co4189488.html
jobs.51job.com/all/co3897074.html
jobs.51job.com/all/co3968634.html
jobs.51job.com/all/co3706408.html
jobs.51job.com/all/co3438549.html
jobs.51job.com/all/co3438549.html
jobs.51job.com/all/co3438549.html
jobs.51job.com/all/co4885042.html
jobs.51job.com/all/co3154635.html
jobs.51job.com/all/co4660679.html
jobs.51job.com/all/co2361356.html
jobs.51job.com/all/co2361356.html
jobs.51job.com/all/co2361356.html
jobs.51job.com/all/co2677635.html
jobs.51job.com/all/co2970245.html
jobs.51job.com/all/co3719885.html
jobs.51job.com/all/co3782315.html
jobs.51job.com/all/co4844725.html
jobs.51job.com/all/co4293683.html
jobs.51job.com/all/co4844725.html
jobs.51job.com/all/co4844725.html
jobs.51job.com/all/co4844725.html
jobs.51job.com/all/co4844725.html
jobs.51job.com/all/co4844725.html
jobs.51job.com/all/co4844725.html
jobs.51job.com/all/co4293683.html
jobs.51job.com/all/co4621767.html
jobs.51job.com/all/co4621767.html
jobs.51job.com/all/co4621767.html
jobs.51job.com/all/co4621767.html
jobs.51job.com/all/co4621767.html
jobs.51job.com/all/co4621767.html
jobs.51job.com/all/co4621767.html
jobs.51job.com/all/co4621767.html
jobs.51job.com/all/co4621767.html
jobs.51job.com/all/co4519038.html
jobs.51job.com/all/co4519038.html
jobs.51job.com/all/co4519038.html
jobs.51job.com/all/co4519038.html
jobs.51job.com/all/co4203462.html
jobs.51job.com/all/co2933315.html
jobs.51job.com/all/co2933315.html
jobs.51job.com/all/co3505366.html
jobs.51job.com/all/co3505366.html
jobs.51job.com/all/co3505366.html
jobs.51job.com/all/co4771665.html
jobs.51job.com/all/co4771665.html
jobs.51job.com/all/co4771665.html
jobs.51job.com/all/co4293683.html
jobs.51job.com/all/co3096755.html
jobs.51job.com/all/co3310541.html
jobs.51job.com/all/co3027178.html
jobs.51job.com/all/co3027178.html
jobs.51job.com/all/co3027178.html
jobs.51job.com/all/co3027178.html
jobs.51job.com/all/co3027178.html
jobs.51job.com/all/co3027178.html
jobs.51job.com/all/co3867707.html
jobs.51job.com/all/co3867707.html
jobs.51job.com/all/co3867707.html
jobs.51job.com/all/co3867707.html
jobs.51job.com/all/co3634256.html
jobs.51job.com/all/co3634256.html
jobs.51job.com/all/co3634256.html
jobs.51job.com/all/co3634256.html
jobs.51job.com/all/co3634256.html
jobs.51job.com/all/co3634256.html
jobs.51job.com/all/co3634256.html
jobs.51job.com/all/co3634256.html
jobs.51job.com/all/co3634256.html
jobs.51job.com/all/co3634256.html
jobs.51job.com/all/co3634256.html
jobs.51job.com/all/co3634256.html
jobs.51job.com/all/co3634256.html
jobs.51job.com/all/co3634256.html
jobs.51job.com/all/co3634256.html
jobs.51job.com/all/co3634256.html
jobs.51job.com/all/co3634256.html
jobs.51job.com/all/co3634256.html
jobs.51job.com/all/co3634256.html
jobs.51job.com/all/co3634256.html
jobs.51job.com/all/co3634256.html
jobs.51job.com/all/co3634256.html
jobs.51job.com/all/co3634256.html
jobs.51job.com/all/co3634256.html
jobs.51job.com/all/co3634256.html
jobs.51job.com/all/co3584241.html
jobs.51job.com/all/co3733706.html
jobs.51job.com/all/co3733706.html
jobs.51job.com/all/co3733706.html
jobs.51job.com/all/co3733706.html
jobs.51job.com/all/co3733706.html
jobs.51job.com/all/co3733706.html
jobs.51job.com/all/co3733706.html
jobs.51job.com/all/co3733706.html
jobs.51job.com/all/co4926414.html
jobs.51job.com/all/co4926414.html
jobs.51job.com/all/co3883471.html
jobs.51job.com/all/co3883471.html
jobs.51job.com/all/co3883471.html
jobs.51job.com/all/co3883471.html
jobs.51job.com/all/co3883471.html
jobs.51job.com/all/co3573913.html
jobs.51job.com/all/co3573913.html
jobs.51job.com/all/co3883471.html
jobs.51job.com/all/co3883471.html
jobs.51job.com/all/co3883471.html
jobs.51job.com/all/co3883471.html
jobs.51job.com/all/co4550707.html
jobs.51job.com/all/co4550707.html
jobs.51job.com/all/co4550707.html
jobs.51job.com/all/co4509453.html
jobs.51job.com/all/co3739329.html
jobs.51job.com/all/co3739329.html
jobs.51job.com/all/co3739329.html
jobs.51job.com/all/co3739329.html
jobs.51job.com/all/co3739329.html
jobs.51job.com/all/co3739329.html
jobs.51job.com/all/co3739329.html
jobs.51job.com/all/co4894882.html
jobs.51job.com/all/co4894882.html
jobs.51job.com/all/co4894882.html
jobs.51job.com/all/co4894882.html
jobs.51job.com/all/co4621767.html
jobs.51job.com/all/co3867707.html
jobs.51job.com/all/co3867707.html
jobs.51job.com/all/co3867707.html
jobs.51job.com/all/co3867707.html
jobs.51job.com/all/co4844725.html
jobs.51job.com/all/co3733706.html
jobs.51job.com/all/co3567180.html
jobs.51job.com/all/co4844725.html
jobs.51job.com/all/co3733706.html
jobs.51job.com/all/co3733706.html
jobs.51job.com/all/co3733706.html
jobs.51job.com/all/co3733706.html
jobs.51job.com/all/co4169525.html
jobs.51job.com/all/co4438086.html
jobs.51job.com/all/co3503020.html
jobs.51job.com/all/co3503020.html
jobs.51job.com/all/co3503020.html
jobs.51job.com/all/co3503020.html
jobs.51job.com/all/co3503020.html
jobs.51job.com/all/co3503020.html
jobs.51job.com/all/co3503020.html
jobs.51job.com/all/co3503020.html
jobs.51job.com/all/co3503020.html
jobs.51job.com/all/co3503020.html
jobs.51job.com/all/co3503020.html
jobs.51job.com/all/co3503020.html
jobs.51job.com/all/co3503020.html
jobs.51job.com/all/co3503020.html
jobs.51job.com/all/co3503020.html
jobs.51job.com/all/co3036414.html
jobs.51job.com/all/co2773456.html
jobs.51job.com/all/co4563988.html
jobs.51job.com/all/co2859603.html
jobs.51job.com/all/co4718730.html
jobs.51job.com/all/co4718730.html
jobs.51job.com/all/co4718730.html
jobs.51job.com/all/co4718730.html
jobs.51job.com/all/co4718730.html
jobs.51job.com/all/co2273274.html
jobs.51job.com/all/co2273274.html
jobs.51job.com/all/co2013286.html
jobs.51job.com/all/co2013286.html
jobs.51job.com/all/co2013286.html
jobs.51job.com/all/co4459048.html
jobs.51job.com/all/co4459048.html
jobs.51job.com/all/co4459048.html
jobs.51job.com/all/co4085390.html
jobs.51job.com/all/co4085390.html
jobs.51job.com/all/co4085390.html
jobs.51job.com/all/co4835869.html
jobs.51job.com/all/co4835869.html
jobs.51job.com/all/co4794751.html
jobs.51job.com/all/co3594462.html
jobs.51job.com/all/co3249200.html
jobs.51job.com/all/co4928291.html
jobs.51job.com/all/co2859091.html
jobs.51job.com/all/co4786243.html
jobs.51job.com/all/co3288359.html
jobs.51job.com/all/co3631874.html
jobs.51job.com/all/co3223524.html
jobs.51job.com/all/co2859603.html
jobs.51job.com/all/co3956180.html
jobs.51job.com/all/co3949119.html
jobs.51job.com/all/co2437861.html
jobs.51job.com/all/co3260519.html
jobs.51job.com/all/co3590117.html
jobs.51job.com/all/co3590117.html
jobs.51job.com/all/co2930505.html
jobs.51job.com/all/co3756471.html
jobs.51job.com/all/co2584377.html
jobs.51job.com/all/co3313008.html
jobs.51job.com/all/co3313008.html
jobs.51job.com/all/co4527850.html
jobs.51job.com/all/co4897862.html
jobs.51job.com/all/co4682430.html
jobs.51job.com/all/co4897862.html
jobs.51job.com/all/co2437861.html
jobs.51job.com/all/co4897862.html
jobs.51job.com/all/co4897862.html
jobs.51job.com/all/co4897862.html
jobs.51job.com/all/co4897862.html
jobs.51job.com/all/co4897862.html
jobs.51job.com/all/co4573596.html
jobs.51job.com/all/co2859603.html
jobs.51job.com/all/co4395391.html
jobs.51job.com/all/co4765323.html
jobs.51job.com/all/co3393134.html
jobs.51job.com/all/co3540596.html
jobs.51job.com/all/co1321342.html
jobs.51job.com/all/co4098533.html
jobs.51job.com/all/co3393134.html
jobs.51job.com/all/co2859603.html
jobs.51job.com/all/co3610434.html
jobs.51job.com/all/co3610434.html
jobs.51job.com/all/co3429385.html
jobs.51job.com/all/co3610434.html
jobs.51job.com/all/co3610434.html
jobs.51job.com/all/co2942825.html
jobs.51job.com/all/co2859603.html
jobs.51job.com/all/co3201520.html
jobs.51job.com/all/co3201520.html
jobs.51job.com/all/co4730415.html
jobs.51job.com/all/co4730415.html
jobs.51job.com/all/co4663560.html
jobs.51job.com/all/co4730415.html
jobs.51job.com/all/co4804547.html
jobs.51job.com/all/co4482980.html
jobs.51job.com/all/co4821634.html
jobs.51job.com/all/co4821634.html
jobs.51job.com/all/co4821634.html
jobs.51job.com/all/co4449692.html
jobs.51job.com/all/co2591881.html
meituan.51job.com
jobs.51job.com/all/co2859603.html
jobs.51job.com/all/co2859603.html
jobs.51job.com/all/co4400914.html
jobs.51job.com/all/co4400914.html
jobs.51job.com/all/co4400914.html
jobs.51job.com/all/co2664692.html
jobs.51job.com/all/co2973089.html
jobs.51job.com/all/co2973089.html
jobs.51job.com/all/co4573596.html
jobs.51job.com/all/co3317839.html
jobs.51job.com/all/co4449692.html
jobs.51job.com/all/co4750839.html
jobs.51job.com/all/co4750839.html
jobs.51job.com/all/co4750839.html
jobs.51job.com/all/co4750839.html
jobs.51job.com/all/co3044603.html
jobs.51job.com/all/co3036794.html
jobs.51job.com/all/co3703632.html
jobs.51job.com/all/co2419140.html
jobs.51job.com/all/co2419140.html
jobs.51job.com/all/co2419140.html
jobs.51job.com/all/co2419140.html
jobs.51job.com/all/co4857751.html
jobs.51job.com/all/co4718730.html
jobs.51job.com/all/co4718730.html
jobs.51job.com/all/co4718730.html
jobs.51job.com/all/co4718730.html
jobs.51job.com/all/co4718730.html
jobs.51job.com/all/co4718730.html
jobs.51job.com/all/co4003724.html
jobs.51job.com/all/co3791241.html
jobs.51job.com/all/co4873672.html
jobs.51job.com/all/co2292220.html
jobs.51job.com/all/co2156920.html
jobs.51job.com/all/co3156236.html
jobs.51job.com/all/co3605419.html
jobs.51job.com/all/co3875666.html
jobs.51job.com/all/co3821459.html
jobs.51job.com/all/co3182323.html
jobs.51job.com/all/co4284244.html
jobs.51job.com/all/co4284244.html
jobs.51job.com/all/co4284244.html
jobs.51job.com/all/co4284244.html
jobs.51job.com/all/co2736588.html
jobs.51job.com/all/co3215161.html
jobs.51job.com/all/co4310755.html
jobs.51job.com/all/co320851.html
jobs.51job.com/all/co4621709.html
jobs.51job.com/all/co4349901.html
jobs.51job.com/all/co3524818.html
jobs.51job.com/all/co3524818.html
jobs.51job.com/all/co4795498.html
jobs.51job.com/all/co4795498.html
jobs.51job.com/all/co3590144.html
jobs.51job.com/all/co4677260.html
jobs.51job.com/all/co4677260.html
jobs.51job.com/all/co4677260.html
jobs.51job.com/all/co4677260.html
jobs.51job.com/all/co4677260.html
jobs.51job.com/all/co4658461.html
jobs.51job.com/all/co4658461.html
jobs.51job.com/all/co4658461.html
jobs.51job.com/all/co4658461.html
jobs.51job.com/all/co3103356.html
jobs.51job.com/all/co3887963.html
jobs.51job.com/all/co4644879.html
jobs.51job.com/all/co2479406.html
jobs.51job.com/all/co4409777.html
jobs.51job.com/all/co4409777.html
jobs.51job.com/all/co4523164.html
jobs.51job.com/all/co2659505.html
jobs.51job.com/all/co2117789.html
jobs.51job.com/all/co2659505.html
jobs.51job.com/all/co3688622.html
jobs.51job.com/all/co4582986.html
jobs.51job.com/all/co4582986.html
jobs.51job.com/all/co4582986.html
jobs.51job.com/all/co4582986.html
jobs.51job.com/all/co2867969.html
jobs.51job.com/all/co3995252.html
jobs.51job.com/all/co3995252.html
jobs.51job.com/all/co4850026.html
jobs.51job.com/all/co4850026.html
jobs.51job.com/all/co3377369.html
jobs.51job.com/all/co2650799.html
jobs.51job.com/all/co705024.html
jobs.51job.com/all/co4837147.html
jobs.51job.com/all/co4837147.html
jobs.51job.com/all/co4837147.html
jobs.51job.com/all/co4415723.html
jobs.51job.com/all/co3313008.html
jobs.51job.com/all/co3313008.html
jobs.51job.com/all/co3313008.html
jobs.51job.com/all/co3111246.html
jobs.51job.com/all/co2654101.html
jobs.51job.com/all/co3274924.html
jobs.51job.com/all/co3455627.html
jobs.51job.com/all/co3455627.html
jobs.51job.com/all/co3450660.html
jobs.51job.com/all/co4315716.html
jobs.51job.com/all/co4315716.html
jobs.51job.com/all/co4315716.html
jobs.51job.com/all/co2013286.html
jobs.51job.com/all/co4910009.html
jobs.51job.com/all/co1992292.html
jobs.51job.com/all/co2672702.html
jobs.51job.com/all/co3803026.html
jobs.51job.com/all/co3934217.html
jobs.51job.com/all/co3934217.html
jobs.51job.com/all/co3934217.html
jobs.51job.com/all/co3934217.html
jobs.51job.com/all/co3287800.html
jobs.51job.com/all/co4527850.html
jobs.51job.com/all/co3193392.html
jobs.51job.com/all/co111541.html
jobs.51job.com/all/co111541.html
jobs.51job.com/all/co111541.html
jobs.51job.com/all/co2538831.html
jobs.51job.com/all/co3791454.html
jobs.51job.com/all/co3791454.html
jobs.51job.com/all/co3791454.html
jobs.51job.com/all/co1253381.html
jobs.51job.com/all/co1253381.html
jobs.51job.com/all/co2812256.html
jobs.51job.com/all/co2812256.html
jobs.51job.com/all/co2812256.html
jobs.51job.com/all/co2812256.html
jobs.51job.com/all/co4085390.html
jobs.51job.com/all/co3567437.html
jobs.51job.com/all/co3567437.html
jobs.51job.com/all/co3567437.html
jobs.51job.com/all/co3567437.html
jobs.51job.com/all/co3567437.html
jobs.51job.com/all/co3567437.html
jobs.51job.com/all/co3567437.html
jobs.51job.com/all/co4522408.html
jobs.51job.com/all/co4522408.html
jobs.51job.com/all/co4522408.html
jobs.51job.com/all/co2434954.html
jobs.51job.com/all/co3462013.html
jobs.51job.com/all/co181210.html
roche.51job.com/
jobs.51job.com/all/co4832068.html
jobs.51job.com/all/co4919110.html
jobs.51job.com/all/co4880922.html
jobs.51job.com/all/co4880922.html
jobs.51job.com/all/co4853728.html
jobs.51job.com/all/co4853728.html
jobs.51job.com/all/co4853728.html
jobs.51job.com/all/co4786243.html
jobs.51job.com/all/co4765189.html
jobs.51job.com/all/co4659821.html
jobs.51job.com/all/co4659821.html
jobs.51job.com/all/co4659821.html
jobs.51job.com/all/co4659821.html
jobs.51job.com/all/co3575085.html
jobs.51job.com/all/co2347362.html
jobs.51job.com/all/co2293666.html
jobs.51job.com/all/co3791454.html
jobs.51job.com/all/co3791454.html
jobs.51job.com/all/co3791454.html
jobs.51job.com/all/co3791454.html
jobs.51job.com/all/co4348226.html
jobs.51job.com/all/co4658461.html
jobs.51job.com/all/co4658461.html
jobs.51job.com/all/co4658461.html
jobs.51job.com/all/co4658461.html
jobs.51job.com/all/co4658461.html
jobs.51job.com/all/co4658461.html
jobs.51job.com/all/co4658461.html
jobs.51job.com/all/co4658461.html
jobs.51job.com/all/co4658461.html
jobs.51job.com/all/co4658461.html
jobs.51job.com/all/co4658461.html
jobs.51job.com/all/co2709457.html
jobs.51job.com/all/co3580986.html
jobs.51job.com/all/co2302379.html
jobs.51job.com/all/co4872638.html
jobs.51job.com/all/co4137258.html
jobs.51job.com/all/co4805789.html
jobs.51job.com/all/co3983105.html
jobs.51job.com/all/co2054749.html
jobs.51job.com/all/co2054749.html
jobs.51job.com/all/co130828.html
jobs.51job.com/all/co4504614.html
jobs.51job.com/all/co4504614.html
jobs.51job.com/all/co4504614.html
jobs.51job.com/all/co4504614.html
jobs.51job.com/all/co2335540.html
jobs.51job.com/all/co4137258.html
jobs.51job.com/all/co3688622.html
jobs.51job.com/all/co4848104.html
jobs.51job.com/all/co4848104.html
jobs.51job.com/all/co4848104.html
jobs.51job.com/all/co4848104.html
jobs.51job.com/all/co4848104.html
jobs.51job.com/all/co4848104.html
jobs.51job.com/all/co4848104.html
jobs.51job.com/all/co3288359.html
jobs.51job.com/all/co3288359.html
jobs.51job.com/all/co3555600.html
jobs.51job.com/all/co3555600.html
jobs.51job.com/all/co4754478.html
jobs.51job.com/all/co3688622.html
jobs.51job.com/all/co3688622.html
jobs.51job.com/all/co4349860.html
jobs.51job.com/all/co4349860.html
jobs.51job.com/all/co4349860.html
jobs.51job.com/all/co4349860.html
jobs.51job.com/all/co4349860.html
jobs.51job.com/all/co4349860.html
jobs.51job.com/all/co3495216.html
jobs.51job.com/all/co2749331.html
jobs.51job.com/all/co3088135.html
jobs.51job.com/all/co4658461.html
jobs.51job.com/all/co4658461.html
jobs.51job.com/all/co4658461.html
jobs.51job.com/all/co4658461.html
jobs.51job.com/all/co4658461.html
jobs.51job.com/all/co4658461.html
jobs.51job.com/all/co3288105.html
jobs.51job.com/all/co4877593.html
jobs.51job.com/all/co4694004.html
jobs.51job.com/all/co2428059.html
jobs.51job.com/all/co2428059.html
jobs.51job.com/all/co2428059.html
jobs.51job.com/all/co3440868.html
jobs.51job.com/all/co3440868.html
jobs.51job.com/all/co129912.html
jobs.51job.com/all/co129912.html
jobs.51job.com/all/co4575335.html
jobs.51job.com/all/co4575335.html
jobs.51job.com/all/co475763.html
jobs.51job.com/all/co4483266.html
jobs.51job.com/all/co4483266.html
jobs.51job.com/all/co4483266.html
jobs.51job.com/all/co4483266.html
jobs.51job.com/all/co4483266.html
jobs.51job.com/all/co4483266.html
jobs.51job.com/all/co4483266.html
jobs.51job.com/all/co4483266.html
jobs.51job.com/all/co4483266.html
jobs.51job.com/all/co4483266.html
jobs.51job.com/all/co4350613.html
jobs.51job.com/all/co3967150.html
jobs.51job.com/all/co1291000.html
jobs.51job.com/all/co4888760.html
jobs.51job.com/all/co4522474.html
jobs.51job.com/all/co3089554.html
jobs.51job.com/all/co3089554.html
jobs.51job.com/all/co3089554.html
jobs.51job.com/all/co3089554.html
jobs.51job.com/all/co3261064.html
jobs.51job.com/all/co3261064.html
jobs.51job.com/all/co2397925.html
jobs.51job.com/all/co2397925.html
jobs.51job.com/all/co2397925.html
jobs.51job.com/all/co2397925.html
jobs.51job.com/all/co2397925.html
jobs.51job.com/all/co2397925.html
jobs.51job.com/all/co3036925.html
jobs.51job.com/all/co2989781.html
jobs.51job.com/all/co2989781.html
jobs.51job.com/all/co4137258.html
jobs.51job.com/all/co3745564.html
jobs.51job.com/all/co3688622.html
jobs.51job.com/all/co3791454.html
jobs.51job.com/all/co3791454.html
jobs.51job.com/all/co4914610.html
jobs.51job.com/all/co4914610.html
jobs.51job.com/all/co4914610.html
jobs.51job.com/all/co4914610.html
jobs.51job.com/all/co2668924.html
jobs.51job.com/all/co4662522.html
jobs.51job.com/all/co3988647.html
jobs.51job.com/all/co3988647.html
jobs.51job.com/all/co3988647.html
jobs.51job.com/all/co4451821.html
jobs.51job.com/all/co2503346.html
jobs.51job.com/all/co2503346.html
jobs.51job.com/all/co2503346.html
jobs.51job.com/all/co3523817.html
jobs.51job.com/all/co3523817.html
jobs.51job.com/all/co2525432.html
jobs.51job.com/all/co3088071.html
jobs.51job.com/all/co2641742.html
jobs.51job.com/all/co4830625.html
jobs.51job.com/all/co4830625.html
jobs.51job.com/all/co4844566.html
jobs.51job.com/all/co4844566.html
jobs.51job.com/all/co2591881.html
jobs.51job.com/all/co1987073.html
jobs.51job.com/all/co1987073.html
jobs.51job.com/all/co1987073.html
jobs.51job.com/all/co1987073.html
jobs.51job.com/all/co1987073.html
jobs.51job.com/all/co1987073.html
jobs.51job.com/all/co1987073.html
jobs.51job.com/all/co1987073.html
jobs.51job.com/all/co1987073.html
jobs.51job.com/all/co1987073.html
jobs.51job.com/all/co1987073.html
jobs.51job.com/all/co1987073.html
jobs.51job.com/all/co1987073.html
jobs.51job.com/all/co1987073.html
jobs.51job.com/all/co4761497.html
jobs.51job.com/all/co4761497.html
jobs.51job.com/all/co4761497.html
jobs.51job.com/all/co4761497.html
jobs.51job.com/all/co3393134.html
jobs.51job.com/all/co2642113.html
jobs.51job.com/all/co2493993.html
jobs.51job.com/all/co2493993.html
jobs.51job.com/all/co2493993.html
jobs.51job.com/all/co4387374.html
jobs.51job.com/all/co2499098.html
jobs.51job.com/all/co2499098.html
jobs.51job.com/all/co4576725.html
jobs.51job.com/all/co2843134.html
jobs.51job.com/all/co2818783.html
jobs.51job.com/all/co4658461.html
jobs.51job.com/all/co4658461.html
jobs.51job.com/all/co3905319.html
jobs.51job.com/all/co3905319.html
jobs.51job.com/all/co3905319.html
jobs.51job.com/all/co3905319.html
jobs.51job.com/all/co3905319.html
jobs.51job.com/all/co3905319.html
jobs.51job.com/all/co3905319.html
jobs.51job.com/all/co4767969.html
jobs.51job.com/all/co4767969.html
jobs.51job.com/all/co4767969.html
jobs.51job.com/all/co4767969.html
jobs.51job.com/all/co4767969.html
jobs.51job.com/all/co4767969.html
jobs.51job.com/all/co4767969.html
jobs.51job.com/all/co4767969.html
jobs.51job.com/all/co4767969.html
jobs.51job.com/all/co4767969.html
jobs.51job.com/all/co4767969.html
jobs.51job.com/all/co4767969.html
jobs.51job.com/all/co4767969.html
jobs.51job.com/all/co4767969.html
jobs.51job.com/all/co4767969.html
jobs.51job.com/all/co4767969.html
jobs.51job.com/all/co4767969.html
jobs.51job.com/all/co4767969.html
jobs.51job.com/all/co4767969.html
jobs.51job.com/all/co2911715.html
jobs.51job.com/all/co2911715.html
jobs.51job.com/all/co2312638.html
jobs.51job.com/all/co4767184.html
jobs.51job.com/all/co4768032.html
jobs.51job.com/all/co3520057.html
lifungsh.51job.com
jobs.51job.com/all/co2786243.html
jobs.51job.com/all/co4563988.html
jobs.51job.com/all/co4266642.html
jobs.51job.com/all/co4478953.html
jobs.51job.com/all/co4465529.html
jobs.51job.com/all/co4465529.html
jobs.51job.com/all/co219871.html
jobs.51job.com/all/co2856652.html
jobs.51job.com/all/co2701167.html
jobs.51job.com/all/co4762484.html
jobs.51job.com/all/co4118479.html
jobs.51job.com/all/co238206.html
jobs.51job.com/all/co238206.html
jobs.51job.com/all/co238206.html
jobs.51job.com/all/co238206.html
jobs.51job.com/all/co4297869.html
jobs.51job.com/all/co4297869.html
jobs.51job.com/all/co4395186.html
jobs.51job.com/all/co3995182.html
jobs.51job.com/all/co2470508.html
jobs.51job.com/all/co4057547.html
jobs.51job.com/all/co4704047.html
jobs.51job.com/all/co2731965.html
jobs.51job.com/all/co3015507.html
jobs.51job.com/all/co2497772.html
jobs.51job.com/all/co2497772.html
jobs.51job.com/all/co2497772.html
jobs.51job.com/all/co2542833.html
jobs.51job.com/all/co2451045.html
jobs.51job.com/all/co2451045.html
jobs.51job.com/all/co2742084.html
jobs.51job.com/all/co3197229.html
jobs.51job.com/all/co3197229.html
jobs.51job.com/all/co4694545.html
jobs.51job.com/all/co4694545.html
jobs.51job.com/all/co4694545.html
jobs.51job.com/all/co2281473.html
jobs.51job.com/all/co964818.html
jobs.51job.com/all/co3370725.html
jobs.51job.com/all/co4463682.html
jobs.51job.com/all/co4910244.html
jobs.51job.com/all/co2704333.html
jobs.51job.com/all/co4709036.html
jobs.51job.com/all/co3009224.html
jobs.51job.com/all/co3186886.html
jobs.51job.com/all/co3186886.html
jobs.51job.com/all/co3870995.html
jobs.51job.com/all/co4842300.html
jobs.51job.com/all/co2421654.html
jobs.51job.com/all/co2421654.html
jobs.51job.com/all/co2421654.html
jobs.51job.com/all/co2421654.html
jobs.51job.com/all/co4862739.html
jobs.51job.com/all/co4070836.html
jobs.51job.com/all/co4070836.html
jobs.51job.com/all/co4070836.html
jobs.51job.com/all/co4070836.html
jobs.51job.com/all/co2862749.html
jobs.51job.com/all/co3896198.html
jobs.51job.com/all/co2730173.html
jobs.51job.com/all/co2730173.html
jobs.51job.com/all/co2730173.html
jobs.51job.com/all/co2514967.html
jobs.51job.com/all/co2514967.html
jobs.51job.com/all/co3210490.html
jobs.51job.com/all/co3210490.html
jobs.51job.com/all/co3210490.html
jobs.51job.com/all/co184759.html
jobs.51job.com/all/co4897862.html
jobs.51job.com/all/co4897862.html
jobs.51job.com/all/co4897862.html
jobs.51job.com/all/co4897862.html
jobs.51job.com/all/co4897862.html
jobs.51job.com/all/co4897862.html
jobs.51job.com/all/co4897862.html
jobs.51job.com/all/co4897862.html
jobs.51job.com/all/co4897862.html
jobs.51job.com/all/co4897862.html
jobs.51job.com/all/co4897862.html
jobs.51job.com/all/co4803601.html
jobs.51job.com/all/co4803601.html
jobs.51job.com/all/co4508007.html
jobs.51job.com/all/co4915046.html
jobs.51job.com/all/co2581695.html
jobs.51job.com/all/co4145984.html
jobs.51job.com/all/co4145984.html
jobs.51job.com/all/co4145984.html
jobs.51job.com/all/co4145984.html
jobs.51job.com/all/co3817164.html
jobs.51job.com/all/co3046158.html
jobs.51job.com/all/co3046158.html
jobs.51job.com/all/co3046158.html
jobs.51job.com/all/co3046158.html
jobs.51job.com/all/co3046158.html
jobs.51job.com/all/co2525408.html
jobs.51job.com/all/co3078301.html
jobs.51job.com/all/co2734107.html
jobs.51job.com/all/co4368852.html
jobs.51job.com/all/co3878001.html
jobs.51job.com/all/co2497772.html
jobs.51job.com/all/co2497772.html
jobs.51job.com/all/co3575085.html
jobs.51job.com/all/co3319532.html
jobs.51job.com/all/co4404510.html
jobs.51job.com/all/co4361749.html
jobs.51job.com/all/co4361749.html
jobs.51job.com/all/co4361749.html
jobs.51job.com/all/co3319532.html
jobs.51job.com/all/co4527137.html
jobs.51job.com/all/co4527137.html
jobs.51job.com/all/co4807842.html
jobs.51job.com/all/co4807842.html
jobs.51job.com/all/co4351100.html
jobs.51job.com/all/co4351100.html
jobs.51job.com/all/co4351100.html
jobs.51job.com/all/co4351100.html
jobs.51job.com/all/co4351100.html
jobs.51job.com/all/co4351100.html
jobs.51job.com/all/co4137603.html
jobs.51job.com/all/co4137603.html
jobs.51job.com/all/co4137603.html
jobs.51job.com/all/co3631956.html
jobs.51job.com/all/co3631956.html
jobs.51job.com/all/co3631956.html
jobs.51job.com/all/co3631956.html
jobs.51job.com/all/co3631956.html
jobs.51job.com/all/co3631956.html
jobs.51job.com/all/co4438086.html
jobs.51job.com/all/co4880674.html
jobs.51job.com/all/co1500377.html
jobs.51job.com/all/co1500377.html
jobs.51job.com/all/co1500377.html
jobs.51job.com/all/co2939446.html
jobs.51job.com/all/co2939446.html
jobs.51job.com/all/co3537449.html
jobs.51job.com/all/co2279535.html
jobs.51job.com/all/co2279535.html
jobs.51job.com/all/co2419189.html
jobs.51job.com/all/co2419189.html
jobs.51job.com/all/co2419189.html
jobs.51job.com/all/co2419189.html
jobs.51job.com/all/co1500377.html
jobs.51job.com/all/co4649269.html
jobs.51job.com/all/co4713980.html
jobs.51job.com/all/co4713980.html
jobs.51job.com/all/co3320377.html
jobs.51job.com/all/co3320377.html
jobs.51job.com/all/co3320377.html
jobs.51job.com/all/co3320377.html
jobs.51job.com/all/co3320377.html
jobs.51job.com/all/co4521312.html
jobs.51job.com/all/co3858489.html
jobs.51job.com/all/co4278006.html
jobs.51job.com/all/co242314.html
jobs.51job.com/all/co4817588.html
jobs.51job.com/all/co4519809.html
jobs.51job.com/all/co4796216.html
jobs.51job.com/all/co4861721.html
jobs.51job.com/all/co4861721.html
jobs.51job.com/all/co3792109.html
jobs.51job.com/all/co3792109.html
jobs.51job.com/all/co4703368.html
jobs.51job.com/all/co4660679.html
jobs.51job.com/all/co4660679.html
jobs.51job.com/all/co4115901.html
jobs.51job.com/all/co4115901.html
jobs.51job.com/all/co2238407.html
jobs.51job.com/all/co2238407.html
jobs.51job.com/all/co2238407.html
jobs.51job.com/all/co2868993.html
jobs.51job.com/all/co3610872.html
jobs.51job.com/all/co3610872.html
jobs.51job.com/all/co4261387.html
jobs.51job.com/all/co4736814.html
jobs.51job.com/all/co4736814.html
jobs.51job.com/all/co4736814.html
jobs.51job.com/all/co4736814.html
jobs.51job.com/all/co2596768.html
jobs.51job.com/all/co4605994.html
jobs.51job.com/all/co4605994.html
jobs.51job.com/all/co4605994.html
jobs.51job.com/all/co4605994.html
jobs.51job.com/all/co4605994.html
jobs.51job.com/all/co3121155.html
jobs.51job.com/all/co3722819.html
jobs.51job.com/all/co3271216.html
jobs.51job.com/all/co3271216.html
jobs.51job.com/all/co3271216.html
jobs.51job.com/all/co3271216.html
jobs.51job.com/all/co2837477.html
jobs.51job.com/all/co106423.html
jobs.51job.com/all/co3977772.html
jobs.51job.com/all/co4807842.html
jobs.51job.com/all/co2654808.html
jobs.51job.com/all/co2654808.html
jobs.51job.com/all/co4436073.html
jobs.51job.com/all/co4635111.html
jobs.51job.com/all/co4635111.html
jobs.51job.com/all/co4635111.html
jobs.51job.com/all/co4635111.html
jobs.51job.com/all/co3299111.html
jobs.51job.com/all/co3753726.html
jobs.51job.com/all/co3753726.html
jobs.51job.com/all/co3266171.html
jobs.51job.com/all/co2589081.html
jobs.51job.com/all/co2589081.html
jobs.51job.com/all/co2708518.html
jobs.51job.com/all/co3567257.html
jobs.51job.com/all/co3362933.html
jobs.51job.com/all/co3362933.html
jobs.51job.com/all/co2761711.html
magna.51job.com
magna.51job.com
jobs.51job.com/all/co3337621.html
jobs.51job.com/all/co3337621.html
jobs.51job.com/all/co3337621.html
jobs.51job.com/all/co3308247.html
jobs.51job.com/all/co4502737.html
jobs.51job.com/all/co4688909.html
jobs.51job.com/all/co4688909.html
jobs.51job.com/all/co4684181.html
jobs.51job.com/all/co4578167.html
jobs.51job.com/all/co4578167.html
jobs.51job.com/all/co2493993.html
jobs.51job.com/all/co2273274.html
jobs.51job.com/all/co4506032.html
jobs.51job.com/all/co4506032.html
jobs.51job.com/all/co2677635.html
jobs.51job.com/all/co3586461.html
jobs.51job.com/all/co4476287.html
jobs.51job.com/all/co2312910.html
jobs.51job.com/all/co2425790.html
jobs.51job.com/all/co4924893.html
jobs.51job.com/all/co4189488.html
jobs.51job.com/all/co4189488.html
jobs.51job.com/all/co4189488.html
jobs.51job.com/all/co4189488.html
jobs.51job.com/all/co4002183.html
jobs.51job.com/all/co3243002.html
jobs.51job.com/all/co4555966.html
jobs.51job.com/all/co4555966.html
jobs.51job.com/all/co3180027.html
jobs.51job.com/all/co3180027.html
jobs.51job.com/all/co1377888.html
jobs.51job.com/all/co2838610.html
jobs.51job.com/all/co2838610.html
jobs.51job.com/all/co2838610.html
jobs.51job.com/all/co4633929.html
jobs.51job.com/all/co3137276.html
jobs.51job.com/all/co4323230.html
jobs.51job.com/all/co4323230.html
jobs.51job.com/all/co4323230.html
jobs.51job.com/all/co4323230.html
jobs.51job.com/all/co4323230.html
jobs.51job.com/all/co3968634.html
jobs.51job.com/all/co4424190.html
jobs.51job.com/all/co4424190.html
jobs.51job.com/all/co4424190.html
jobs.51job.com/all/co4587556.html
jobs.51job.com/all/co3703544.html
jobs.51job.com/all/co4062082.html
jobs.51job.com/all/co2764935.html
jobs.51job.com/all/co3716291.html
jobs.51job.com/all/co3716291.html
jobs.51job.com/all/co3290198.html
jobs.51job.com/all/co2455252.html
jobs.51job.com/all/co4140920.html
jobs.51job.com/all/co4140920.html
jobs.51job.com/all/co4140920.html
jobs.51job.com/all/co4140920.html
jobs.51job.com/all/co3992468.html
jobs.51job.com/all/co4473534.html
jobs.51job.com/all/co2750144.html
jobs.51job.com/all/co2750144.html
jobs.51job.com/all/co2750144.html
jobs.51job.com/all/co4812953.html
jobs.51job.com/all/co4812953.html
jobs.51job.com/all/co2708518.html
jobs.51job.com/all/co4098340.html
jobs.51job.com/all/co4098340.html
jobs.51job.com/all/co4098340.html
job.markorhome.com/
job.markorhome.com/
jobs.51job.com/all/co3722819.html
jobs.51job.com/all/co3722819.html
jobs.51job.com/all/co3722819.html
jobs.51job.com/all/co3722819.html
jobs.51job.com/all/co3722819.html
jobs.51job.com/all/co4768712.html
jobs.51job.com/all/co3625420.html
jobs.51job.com/all/co4891058.html
jobs.51job.com/all/co4891058.html
jobs.51job.com/all/co4368852.html
jobs.51job.com/all/co3917689.html
jobs.51job.com/all/co4189199.html
jobs.51job.com/all/co4789502.html
jobs.51job.com/all/co4704175.html
jobs.51job.com/all/co4441493.html
jobs.51job.com/all/co4441493.html
jobs.51job.com/all/co3917689.html
jobs.51job.com/all/co4880922.html
jobs.51job.com/all/co4235055.html
jobs.51job.com/all/co2988505.html
jobs.51job.com/all/co3972921.html
jobs.51job.com/all/co3972921.html
jobs.51job.com/all/co3214452.html
jobs.51job.com/all/co2658202.html
jobs.51job.com/all/co2095487.html
jobs.51job.com/all/co2095487.html
jobs.51job.com/all/co4010556.html
jobs.51job.com/all/co4010556.html
jobs.51job.com/all/co4010556.html
jobs.51job.com/all/co4010556.html
jobs.51job.com/all/co4010556.html
jobs.51job.com/all/co3071335.html
jobs.51job.com/all/co4352148.html
jobs.51job.com/all/co3706408.html
jobs.51job.com/all/co3706408.html
jobs.51job.com/all/co3020233.html
jobs.51job.com/all/co4880674.html
jobs.51job.com/all/co3958036.html
jobs.51job.com/all/co3958036.html
jobs.51job.com/all/co4789502.html
jobs.51job.com/all/co3913587.html
jobs.51job.com/all/co2685550.html
aptiv.51job.com
aptiv.51job.com
aptiv.51job.com
jobs.51job.com/all/co4789502.html
jobs.51job.com/all/co3322665.html
jobs.51job.com/all/co4269192.html
jobs.51job.com/all/co4323743.html
jobs.51job.com/all/co3604415.html
jobs.51job.com/all/co3604415.html
jobs.51job.com/all/co4849813.html
jobs.51job.com/all/co4708858.html
jobs.51job.com/all/co2759821.html
jobs.51job.com/all/co3566429.html
jobs.51job.com/all/co4580546.html
jobs.51job.com/all/co4108279.html
jobs.51job.com/all/co2938190.html
jobs.51job.com/all/co4208589.html
jobs.51job.com/all/co4885671.html
jobs.51job.com/all/co2278267.html
jobs.51job.com/all/co3299425.html
jobs.51job.com/all/co3291286.html
jobs.51job.com/all/co3225732.html
jobs.51job.com/all/co3225732.html
jobs.51job.com/all/co3429149.html
jobs.51job.com/all/co3429149.html
jobs.51job.com/all/co4764860.html
jobs.51job.com/all/co3005684.html
jobs.51job.com/all/co3005684.html
jobs.51job.com/all/co3005684.html
jobs.51job.com/all/co3005684.html
jobs.51job.com/all/co3005684.html
jobs.51job.com/all/co3005684.html
jobs.51job.com/all/co4524402.html
jobs.51job.com/all/co4524402.html
jobs.51job.com/all/co4524402.html
jobs.51job.com/all/co4524402.html
jobs.51job.com/all/co2741339.html
jobs.51job.com/all/co2741339.html
jobs.51job.com/all/co2072929.html
jobs.51job.com/all/co4194358.html
jobs.51job.com/all/co2455252.html
jobs.51job.com/all/co4726452.html
jobs.51job.com/all/co2785836.html
jobs.51job.com/all/co4188444.html
jobs.51job.com/all/co4902794.html
jobs.51job.com/all/co4170021.html
jobs.51job.com/all/co4170021.html
jobs.51job.com/all/co4170021.html
jobs.51job.com/all/co4170021.html
jobs.51job.com/all/co4170021.html
jobs.51job.com/all/co4473827.html
jobs.51job.com/all/co4473827.html
jobs.51job.com/all/co4438086.html
jobs.51job.com/all/co4740936.html
jobs.51job.com/all/co2230357.html
jobs.51job.com/all/co3896198.html
jobs.51job.com/all/co4009701.html
jobs.51job.com/all/co3927302.html
jobs.51job.com/all/co2162670.html
jobs.51job.com/all/co4338371.html
jobs.51job.com/all/co2235235.html
jobs.51job.com/all/co4812953.html
jobs.51job.com/all/co3448700.html
jobs.51job.com/all/co3448700.html
jobs.51job.com/all/co3448700.html
jobs.51job.com/all/co3496193.html
jobs.51job.com/all/co2279535.html
jobs.51job.com/all/co2787557.html
jobs.51job.com/all/co2787557.html
jobs.51job.com/all/co3830694.html
jobs.51job.com/all/co3589199.html
jobs.51job.com/all/co3589199.html
jobs.51job.com/all/co3589199.html
jobs.51job.com/all/co3589199.html
jobs.51job.com/all/co3589199.html
jobs.51job.com/all/co3589199.html
jobs.51job.com/all/co3589199.html
jobs.51job.com/all/co4303279.html
jobs.51job.com/all/co4303279.html
jobs.51job.com/all/co4303279.html
jobs.51job.com/all/co4303279.html
jobs.51job.com/all/co3289984.html
jobs.51job.com/all/co2220020.html
jobs.51job.com/all/co2503346.html
jobs.51job.com/all/co2503346.html
jobs.51job.com/all/co2503346.html
jobs.51job.com/all/co3290741.html
jobs.51job.com/all/co3566429.html
jobs.51job.com/all/co4086878.html
jobs.51job.com/all/co4086878.html
jobs.51job.com/all/co4086878.html
jobs.51job.com/all/co3625420.html
jobs.51job.com/all/co1459363.html
jobs.51job.com/all/co1459363.html
jobs.51job.com/all/co4759778.html
jobs.51job.com/all/co4703270.html
jobs.51job.com/all/co3686288.html
jobs.51job.com/all/co3154635.html
jobs.51job.com/all/co2298143.html
jobs.51job.com/all/co3722819.html
jobs.51job.com/all/co3722819.html
jobs.51job.com/all/co4283000.html
jobs.51job.com/all/co4761018.html
jobs.51job.com/all/co3207911.html
jobs.51job.com/all/co3207911.html
jobs.51job.com/all/co3207911.html
jobs.51job.com/all/co4688033.html
jobs.51job.com/all/co4266947.html
jobs.51job.com/all/co3722819.html
jobs.51job.com/all/co4786358.html
jobs.51job.com/all/co4432821.html
jobs.51job.com/all/co3429258.html
jobs.51job.com/all/co3429258.html
jobs.51job.com/all/co2279535.html
jobs.51job.com/all/co3586017.html
jobs.51job.com/all/co2279535.html
jobs.51job.com/all/co2279535.html
jobs.51job.com/all/co2279535.html
jobs.51job.com/all/co2279535.html
jobs.51job.com/all/co2279535.html
jobs.51job.com/all/co4288911.html
jobs.51job.com/all/co4288911.html
jobs.51job.com/all/co2311151.html
jobs.51job.com/all/co4553821.html
jobs.51job.com/all/co4553821.html
jobs.51job.com/all/co4553821.html
jobs.51job.com/all/co4099477.html
jobs.51job.com/all/co4796811.html
jobs.51job.com/all/co4130552.html
jobs.51job.com/all/co4648219.html
jobs.51job.com/all/co4761018.html
jobs.51job.com/all/co4763353.html
jobs.51job.com/all/co2701167.html
jobs.51job.com/all/co2701167.html
jobs.51job.com/all/co120360.html
jobs.51job.com/all/co2446341.html
jobs.51job.com/all/co2446341.html
jobs.51job.com/all/co255252.html
jobs.51job.com/all/co4346481.html
jobs.51job.com/all/co4346481.html
jobs.51job.com/all/co3540596.html
jobs.51job.com/all/co4350268.html
jobs.51job.com/all/co2446341.html
jobs.51job.com/all/co2446341.html
jobs.51job.com/all/co4273498.html
jobs.51job.com/all/co4606761.html
jobs.51job.com/all/co3059729.html
jobs.51job.com/all/co2954148.html
jobs.51job.com/all/co2954148.html
jobs.51job.com/all/co2954148.html
jobs.51job.com/all/co2954148.html
jobs.51job.com/all/co2954148.html
jobs.51job.com/all/co4763353.html
jobs.51job.com/all/co4676706.html
jobs.51job.com/all/co4869817.html
jobs.51job.com/all/co4292219.html
jobs.51job.com/all/co503872.html
jobs.51job.com/all/co4257708.html
jobs.51job.com/all/co2701167.html
jobs.51job.com/all/co3399108.html
jobs.51job.com/all/co2677635.html
jobs.51job.com/all/co4245011.html
jobs.51job.com/all/co3276712.html
jobs.51job.com/all/co3861084.html
jobs.51job.com/all/co3861084.html
jobs.51job.com/all/co4238436.html
jobs.51job.com/all/co2970245.html
jobs.51job.com/all/co4238270.html
jobs.51job.com/all/co4238270.html
jobs.51job.com/all/co4238270.html
jobs.51job.com/all/co4238270.html
jobs.51job.com/all/co4238270.html
jobs.51job.com/all/co3864270.html
jobs.51job.com/all/co3719885.html
jobs.51job.com/all/co3877548.html
jobs.51job.com/all/co4368474.html
jobs.51job.com/all/co3782315.html
jobs.51job.com/all/co651693.html
jobs.51job.com/all/co651693.html
jobs.51job.com/all/co3282766.html
jobs.51job.com/all/co3860384.html
jobs.51job.com/all/co651693.html
jobs.51job.com/all/co651693.html
jobs.51job.com/all/co2792467.html
jobs.51job.com/all/co2739443.html
jobs.51job.com/all/co4844725.html
jobs.51job.com/all/co4844725.html
jobs.51job.com/all/co3634256.html
jobs.51job.com/all/co3634256.html
jobs.51job.com/all/co255252.html
jobs.51job.com/all/co4621709.html
jobs.51job.com/all/co4862531.html
jobs.51job.com/all/co3078301.html
jobs.51job.com/all/co3078301.html
jobs.51job.com/all/co4807842.html
jobs.51job.com/all/co2238407.html
jobs.51job.com/all/co2238407.html
jobs.51job.com/all/co2238407.html
jobs.51job.com/all/co4760544.html
jobs.51job.com/all/co2278267.html
jobs.51job.com/all/co3207911.html
jobs.51job.com/all/co180850.html
jobs.51job.com/all/co1686854.html
jobs.51job.com/all/co1686854.html
