jobs.51job.com/all/co4868857.html
jobs.51job.com/all/co4330902.html
jobs.51job.com/all/co2978604.html
jobs.51job.com/all/co4197768.html
jobs.51job.com/all/co4358024.html
jobs.51job.com/all/co3738903.html
jobs.51job.com/all/co147201.html
jobs.51job.com/all/co2073504.html
jobs.51job.com/all/co4514187.html
jobs.51job.com/all/co2700276.html
jobs.51job.com/all/co4323412.html
jobs.51job.com/all/co4947668.html
jobs.51job.com/all/co4455541.html
jobs.51job.com/all/co2847405.html
jobs.51job.com/all/co2932295.html
jobs.51job.com/all/co4318825.html
jobs.51job.com/all/co4098695.html
jobs.51job.com/all/co3736235.html
jobs.51job.com/all/co4052621.html
jobs.51job.com/all/co549047.html
jobs.51job.com/all/co2419010.html
jobs.51job.com/all/co2429665.html
jobs.51job.com/all/co2917096.html
jobs.51job.com/all/co3286565.html
jobs.51job.com/all/co4049011.html
jobs.51job.com/all/co2952874.html
jobs.51job.com/all/co4384685.html
jobs.51job.com/all/co743952.html
jobs.51job.com/all/co2637110.html
jobs.51job.com/all/co3101982.html
jobs.51job.com/all/co3244264.html
jobs.51job.com/all/co2507622.html
jobs.51job.com/all/co3466977.html
jobs.51job.com/all/co3083084.html
jobs.51job.com/all/co2759653.html
jobs.51job.com/all/co2073674.html
jobs.51job.com/all/co4919808.html
jobs.51job.com/all/co4876272.html
jobs.51job.com/all/co3228715.html
jobs.51job.com/all/co3293782.html
jobs.51job.com/all/co2083454.html
jobs.51job.com/all/co3768172.html
jobs.51job.com/all/co3000835.html
jobs.51job.com/all/co4875997.html
jobs.51job.com/all/co4029866.html
jobs.51job.com/all/co3825698.html
jobs.51job.com/all/co280491.html
jobs.51job.com/all/co2875463.html
jobs.51job.com/all/co3211718.html
jobs.51job.com/all/co2513358.html
jobs.51job.com/all/co3230101.html
jobs.51job.com/all/co2934287.html
jobs.51job.com/all/co2906756.html
jobs.51job.com/all/co4618857.html
jobs.51job.com/all/co3911649.html
jobs.51job.com/all/co2186822.html
jobs.51job.com/all/co3998513.html
jobs.51job.com/all/co2623771.html
jobs.51job.com/all/co2686518.html
jobs.51job.com/all/co3863113.html
jobs.51job.com/all/co4349060.html
jobs.51job.com/all/co4393317.html
jobs.51job.com/all/co2547762.html
jobs.51job.com/all/co4573270.html
jobs.51job.com/all/co2243724.html
jobs.51job.com/all/co2601152.html
jobs.51job.com/all/co3789674.html
jobs.51job.com/all/co2014283.html
jobs.51job.com/all/co3626846.html
jobs.51job.com/all/co4189505.html
jobs.51job.com/all/co2531086.html
jobs.51job.com/all/co4733303.html
jobs.51job.com/all/co3473625.html
jobs.51job.com/all/co3366563.html
jobs.51job.com/all/co2325271.html
jobs.51job.com/all/co4911901.html
jobs.51job.com/all/co3270847.html
jobs.51job.com/all/co4870639.html
jobs.51job.com/all/co2226837.html
jobs.51job.com/all/co4909278.html
jobs.51job.com/all/co3716531.html
jobs.51job.com/all/co3785671.html
jobs.51job.com/all/co4390449.html
jobs.51job.com/all/co2921861.html
jobs.51job.com/all/co4039061.html
jobs.51job.com/all/co3068867.html
jobs.51job.com/all/co4746683.html
jobs.51job.com/all/co2132439.html
jobs.51job.com/all/co4048860.html
jobs.51job.com/all/co2977945.html
jobs.51job.com/all/co2377953.html
jobs.51job.com/all/co3278427.html
jobs.51job.com/all/co3953726.html
jobs.51job.com/all/co4136158.html
jobs.51job.com/all/co4019990.html
jobs.51job.com/all/co3640634.html
jobs.51job.com/all/co4698168.html
jobs.51job.com/all/co3765103.html
jobs.51job.com/all/co2288137.html
jobs.51job.com/all/co2273152.html
jobs.51job.com/all/co4853936.html
jobs.51job.com/all/co4682956.html
jobs.51job.com/all/co3553668.html
jobs.51job.com/all/co2683858.html
jobs.51job.com/all/co614737.html
jobs.51job.com/all/co3361689.html
jobs.51job.com/all/co2457882.html
jobs.51job.com/all/co2265697.html
jobs.51job.com/all/co3292644.html
jobs.51job.com/all/co548848.html
jobs.51job.com/all/co2567373.html
jobs.51job.com/all/co2860200.html
jobs.51job.com/all/co2298145.html
jobs.51job.com/all/co4226159.html
jobs.51job.com/all/co4839949.html
jobs.51job.com/all/co2996409.html
jobs.51job.com/all/co3159319.html
jobs.51job.com/all/co4809911.html
jobs.51job.com/all/co956250.html
jobs.51job.com/all/co4707603.html
jobs.51job.com/all/co4215977.html
jobs.51job.com/all/co4109500.html
jobs.51job.com/all/co549249.html
yuexing.51job.com/home.php
jobs.51job.com/all/co2890946.html
zjsj.51job.com/
jobs.51job.com/all/co2588057.html
jobs.51job.com/all/co3039788.html
jobs.51job.com/all/co4104102.html
jobs.51job.com/all/co4378173.html
jobs.51job.com/all/co3818000.html
jobs.51job.com/all/co255538.html
jobs.51job.com/all/co3560814.html
jobs.51job.com/all/co3628622.html
jobs.51job.com/all/co4602527.html
jobs.51job.com/all/co3894021.html
jobs.51job.com/all/co2893133.html
jobs.51job.com/all/co3939677.html
jobs.51job.com/all/co3061895.html
jobs.51job.com/all/co4523897.html
jobs.51job.com/all/co3595844.html
jobs.51job.com/all/co3597846.html
jobs.51job.com/all/co2189254.html
jobs.51job.com/all/co3097649.html
jobs.51job.com/all/co314407.html
jobs.51job.com/all/co3610412.html
jobs.51job.com/all/co3743927.html
jobs.51job.com/all/co4821053.html
jobs.51job.com/all/co2403779.html
jobs.51job.com/all/co4261602.html
jobs.51job.com/all/co4773800.html
jobs.51job.com/all/co3853451.html
jobs.51job.com/all/co4081939.html
jobs.51job.com/all/co2302331.html
jobs.51job.com/all/co3871843.html
jobs.51job.com/all/co4397402.html
jobs.51job.com/all/co3357432.html
jobs.51job.com/all/co3397905.html
jobs.51job.com/all/co3702831.html
jobs.51job.com/all/co4726443.html
jobs.51job.com/all/co3595133.html
ldjt.51job.com/job_list2.php?company=2465299
jobs.51job.com/all/co4912320.html
jobs.51job.com/all/co2623234.html
jobs.51job.com/all/co2950335.html
jobs.51job.com/all/co1872278.html
jobs.51job.com/all/co2978605.html
jobs.51job.com/all/co2658044.html
jobs.51job.com/all/co2642485.html
jobs.51job.com/all/co4155477.html
jobs.51job.com/all/co4257349.html
jobs.51job.com/all/co3268506.html
jobs.51job.com/all/co3743179.html
jobs.51job.com/all/co1987232.html
jobs.51job.com/all/co2570792.html
jobs.51job.com/all/co2309394.html
jobs.51job.com/all/co4011727.html
jobs.51job.com/all/co3096515.html
jobs.51job.com/all/co3403393.html
jobs.51job.com/all/co3020005.html
jobs.51job.com/all/co4819720.html
jobs.51job.com/all/co4794413.html
jobs.51job.com/all/co3567320.html
jobs.51job.com/all/co3966522.html
jobs.51job.com/all/co1465524.html
jobs.51job.com/all/co4140384.html
jobs.51job.com/all/co4175313.html
jobs.51job.com/all/co2782624.html
jobs.51job.com/all/co4683042.html
jobs.51job.com/all/co2782465.html
jobs.51job.com/all/co4449851.html
jobs.51job.com/all/co3045422.html
jobs.51job.com/all/co4075807.html
jobs.51job.com/all/co3905884.html
jobs.51job.com/all/co3259610.html
jobs.51job.com/all/co3714628.html
jobs.51job.com/all/co2390753.html
jobs.51job.com/all/co3584445.html
jobs.51job.com/all/co4351494.html
jobs.51job.com/all/co4754478.html
jobs.51job.com/all/co2076408.html
jobs.51job.com/all/co2781660.html
jobs.51job.com/all/co2365394.html
jobs.51job.com/all/co3262920.html
jobs.51job.com/all/co2625698.html
jobs.51job.com/all/co3895959.html
jobs.51job.com/all/co238220.html
jobs.51job.com/all/co2076496.html
jobs.51job.com/all/co618214.html
jobs.51job.com/all/co2586133.html
jobs.51job.com/all/co173049.html
jobs.51job.com/all/co2108831.html
jobs.51job.com/all/co2631780.html
jobs.51job.com/all/co4326946.html
jobs.51job.com/all/co2419414.html
jobs.51job.com/all/co2531079.html
jobs.51job.com/all/co2614885.html
jobs.51job.com/all/co2238760.html
jobs.51job.com/all/co126247.html
jobs.51job.com/all/co4332844.html
jobs.51job.com/all/co4130784.html
jobs.51job.com/all/co2364694.html
jobs.51job.com/all/co3229063.html
jobs.51job.com/all/co4402642.html
jobs.51job.com/all/co2286745.html
jobs.51job.com/all/co2671555.html
jobs.51job.com/all/co2629530.html
jobs.51job.com/all/co270660.html
jobs.51job.com/all/co2469892.html
jobs.51job.com/all/co1999795.html
jobs.51job.com/all/co639755.html
jobs.51job.com/all/co2922664.html
jobs.51job.com/all/co3434914.html
jobs.51job.com/all/co3850784.html
jobs.51job.com/all/co3921992.html
jobs.51job.com/all/co3910156.html
jobs.51job.com/all/co2870336.html
jobs.51job.com/all/co4931324.html
jobs.51job.com/all/co2160409.html
jobs.51job.com/all/co3594391.html
jobs.51job.com/all/co2748345.html
jobs.51job.com/all/co2430203.html
jobs.51job.com/all/co3538432.html
jobs.51job.com/all/co1998634.html
jobs.51job.com/all/co2330270.html
jobs.51job.com/all/co4456771.html
jobs.51job.com/all/co4332975.html
jobs.51job.com/all/co2566159.html
jobs.51job.com/all/co3106626.html
jobs.51job.com/all/co3115607.html
jobs.51job.com/all/co2827177.html
jobs.51job.com/all/co1611383.html
jobs.51job.com/all/co2620152.html
jobs.51job.com/all/co2730576.html
jobs.51job.com/all/co3476943.html
jobs.51job.com/all/co3799672.html
jobs.51job.com/all/co3912117.html
jobs.51job.com/all/co2096367.html
jobs.51job.com/all/co2189033.html
jobs.51job.com/all/co2639158.html
jobs.51job.com/all/co3277638.html
jobs.51job.com/all/co1451531.html
jobs.51job.com/all/co227634.html
jobs.51job.com/all/co2719311.html
jobs.51job.com/all/co2031837.html
jobs.51job.com/all/co2289257.html
jobs.51job.com/all/co1236841.html
jobs.51job.com/all/co2395483.html
jobs.51job.com/all/co4195354.html
jobs.51job.com/all/co4096862.html
jobs.51job.com/all/co2693830.html
jobs.51job.com/all/co4935928.html
jobs.51job.com/all/co3770152.html
jobs.51job.com/all/co2939891.html
jobs.51job.com/all/co952753.html
jobs.51job.com/all/co4405191.html
jobs.51job.com/all/co4359998.html
jobs.51job.com/all/co2777099.html
jobs.51job.com/all/co3239933.html
jobs.51job.com/all/co3692537.html
jobs.51job.com/all/co2067036.html
jobs.51job.com/all/co4782210.html
jobs.51job.com/all/co2065450.html
jobs.51job.com/all/co3175803.html
jobs.51job.com/all/co4246587.html
jobs.51job.com/all/co4524375.html
jobs.51job.com/all/co2923335.html
jobs.51job.com/all/co2116169.html
jobs.51job.com/all/co2588075.html
jobs.51job.com/all/co3795657.html
jobs.51job.com/all/co1275751.html
jobs.51job.com/all/co2466774.html
jobs.51job.com/all/co3327014.html
jobs.51job.com/all/co825739.html
jobs.51job.com/all/co2432166.html
jobs.51job.com/all/co1356755.html
jobs.51job.com/all/co2608550.html
jobs.51job.com/all/co4930255.html
jobs.51job.com/all/co232699.html
jobs.51job.com/all/co3722152.html
jobs.51job.com/all/co2302420.html
jobs.51job.com/all/co1428260.html
jobs.51job.com/all/co2517874.html
jobs.51job.com/all/co152922.html
jobs.51job.com/all/co4899704.html
jobs.51job.com/all/co593444.html
eurofins.51job.com
jobs.51job.com/all/co2297260.html
jobs.51job.com/all/co4098930.html
jobs.51job.com/all/co3564986.html
jobs.51job.com/all/co4349061.html
jobs.51job.com/all/co3343184.html
jobs.51job.com/all/co4150472.html
jobs.51job.com/all/co179932.html
jobs.51job.com/all/co3146363.html
jobs.51job.com/all/co4624361.html
jobs.51job.com/all/co284156.html
jobs.51job.com/all/co270992.html
jobs.51job.com/all/co3371603.html
jobs.51job.com/all/co195280.html
jobs.51job.com/all/co3924585.html
jobs.51job.com/all/co1419969.html
jobs.51job.com/all/co4561212.html
jobs.51job.com/all/co2190929.html
jobs.51job.com/all/co4432540.html
jobs.51job.com/all/co2882950.html
jobs.51job.com/all/co110768.html
jobs.51job.com/all/co2061620.html
jobs.51job.com/all/co4875924.html
jobs.51job.com/all/co4258153.html
jobs.51job.com/all/co4508237.html
jobs.51job.com/all/co541218.html
jobs.51job.com/all/co3095237.html
jobs.51job.com/all/co4258085.html
jobs.51job.com/all/co2692233.html
jobs.51job.com/all/co2900412.html
jobs.51job.com/all/co4493786.html
jobs.51job.com/all/co3520168.html
jobs.51job.com/all/co3009496.html
jobs.51job.com/all/co2646634.html
jobs.51job.com/all/co3929902.html
jobs.51job.com/all/co3261499.html
jobs.51job.com/all/co4672199.html
jobs.51job.com/all/co2275467.html
jobs.51job.com/all/co2647726.html
jobs.51job.com/all/co2632072.html
jobs.51job.com/all/co4412405.html
jobs.51job.com/all/co3916649.html
jobs.51job.com/all/co2288408.html
jobs.51job.com/all/co2010878.html
jobs.51job.com/all/co3522219.html
jobs.51job.com/all/co4604540.html
jobs.51job.com/all/co3520727.html
jobs.51job.com/all/co4415069.html
jobs.51job.com/all/co4739558.html
jobs.51job.com/all/co258998.html
jobs.51job.com/all/co3237428.html
jobs.51job.com/all/co711260.html
jobs.51job.com/all/co311660.html
jobs.51job.com/all/co2011241.html
jobs.51job.com/all/co4581979.html
jobs.51job.com/all/co3313861.html
jobs.51job.com/all/co171084.html
jobs.51job.com/all/co3120811.html
jobs.51job.com/all/co2647745.html
jobs.51job.com/all/co534873.html
jobs.51job.com/all/co3526840.html
jobs.51job.com/all/co4382837.html
jobs.51job.com/all/co4253079.html
jobs.51job.com/all/co4038345.html
jobs.51job.com/all/co586783.html
jobs.51job.com/all/co3497834.html
jobs.51job.com/all/co2367742.html
jobs.51job.com/all/co4832992.html
jobs.51job.com/all/co2202262.html
jobs.51job.com/all/co2085151.html
jobs.51job.com/all/co4830682.html
jobs.51job.com/all/co4001862.html
jobs.51job.com/all/co4483860.html
jobs.51job.com/all/co4458808.html
jobs.51job.com/all/co1574757.html
jobs.51job.com/all/co2963070.html
jobs.51job.com/all/co3187708.html
jobs.51job.com/all/co2783155.html
jobs.51job.com/all/co2706688.html
jobs.51job.com/all/co2425973.html
jobs.51job.com/all/co4401944.html
jobs.51job.com/all/co4157347.html
jobs.51job.com/all/co4036927.html
jobs.51job.com/all/co2217168.html
jobs.51job.com/all/co4499549.html
jobs.51job.com/all/co2872354.html
jobs.51job.com/all/co4106793.html
jobs.51job.com/all/co2562334.html
jobs.51job.com/all/co4304434.html
jobs.51job.com/all/co2966770.html
jobs.51job.com/all/co2026670.html
jobs.51job.com/all/co4223766.html
jobs.51job.com/all/co3873117.html
jobs.51job.com/all/co3431019.html
jobs.51job.com/all/co173940.html
jobs.51job.com/all/co2587366.html
jobs.51job.com/all/co2817084.html
jobs.51job.com/all/co2651141.html
jobs.51job.com/all/co2586643.html
jobs.51job.com/all/co842143.html
jobs.51job.com/all/co4670006.html
jobs.51job.com/all/co2565112.html
jobs.51job.com/all/co4915537.html
jobs.51job.com/all/co3234223.html
jobs.51job.com/all/co2018580.html
jobs.51job.com/all/co2486504.html
jobs.51job.com/all/co3209691.html
jobs.51job.com/all/co182993.html
jobs.51job.com/all/co2276572.html
jobs.51job.com/all/co2205714.html
jobs.51job.com/all/co711656.html
jobs.51job.com/all/co3213618.html
jobs.51job.com/all/co4145324.html
jobs.51job.com/all/co4043959.html
jobs.51job.com/all/co3403397.html
jobs.51job.com/all/co4595639.html
jobs.51job.com/all/co4910831.html
jobs.51job.com/all/co4407912.html
jobs.51job.com/all/co2650.html
jobs.51job.com/all/co4467989.html
jobs.51job.com/all/co3152407.html
jobs.51job.com/all/co4610107.html
jobs.51job.com/all/co4025649.html
jobs.51job.com/all/co2618939.html
jobs.51job.com/all/co2918994.html
jobs.51job.com/all/co4240017.html
tuvrheinland.51job.com
jobs.51job.com/all/co3949419.html
jobs.51job.com/all/co4365967.html
jobs.51job.com/all/co3432319.html
jobs.51job.com/all/co2597359.html
jobs.51job.com/all/co2275888.html
jobs.51job.com/all/co3745717.html
jobs.51job.com/all/co2111139.html
jobs.51job.com/all/co286651.html
jobs.51job.com/all/co4660765.html
jobs.51job.com/all/co4450754.html
jobs.51job.com/all/co203773.html
jobs.51job.com/all/co4380279.html
jobs.51job.com/all/co3428886.html
jobs.51job.com/all/co2314890.html
jobs.51job.com/all/co2356022.html
jobs.51job.com/all/co2008199.html
jobs.51job.com/all/co3771566.html
jobs.51job.com/all/co2923227.html
jobs.51job.com/all/co4807759.html
jobs.51job.com/all/co2771049.html
jobs.51job.com/all/co4867568.html
jobs.51job.com/all/co2189705.html
jobs.51job.com/all/co2651800.html
jobs.51job.com/all/co2477308.html
jobs.51job.com/all/co4522408.html
jobs.51job.com/all/co3024294.html
jobs.51job.com/all/co3475316.html
jobs.51job.com/all/co4538700.html
jobs.51job.com/all/co4673308.html
jobs.51job.com/all/co3975588.html
jobs.51job.com/all/co4430051.html
jobs.51job.com/all/co4697155.html
jobs.51job.com/all/co2544578.html
jobs.51job.com/all/co2465615.html
jobs.51job.com/all/co4642962.html
jobs.51job.com/all/co2972400.html
jobs.51job.com/all/co3393010.html
jobs.51job.com/all/co4348518.html
jobs.51job.com/all/co4348226.html
jobs.51job.com/all/co2605043.html
jobs.51job.com/all/co2836452.html
jobs.51job.com/all/co365053.html
jobs.51job.com/all/co4866518.html
jobs.51job.com/all/co1986272.html
jobs.51job.com/all/co2208987.html
jobs.51job.com/all/co4029219.html
jobs.51job.com/all/co2579585.html
jobs.51job.com/all/co2354227.html
jobs.51job.com/all/co4397249.html
jobs.51job.com/all/co4710055.html
jobs.51job.com/all/co4019008.html
jobs.51job.com/all/co3248001.html
jobs.51job.com/all/co3871129.html
jobs.51job.com/all/co571395.html
jobs.51job.com/all/co3098114.html
jobs.51job.com/all/co2648173.html
jobs.51job.com/all/co4815858.html
jobs.51job.com/all/co2387860.html
jobs.51job.com/all/co2995565.html
jobs.51job.com/all/co3411572.html
jobs.51job.com/all/co2057998.html
jobs.51job.com/all/co2125145.html
jobs.51job.com/all/co750922.html
jobs.51job.com/all/co2720307.html
jobs.51job.com/all/co4034802.html
jobs.51job.com/all/co2749331.html
jobs.51job.com/all/co2624447.html
jobs.51job.com/all/co4781679.html
jobs.51job.com/all/co3068863.html
jobs.51job.com/all/co2816534.html
jobs.51job.com/all/co3005867.html
jobs.51job.com/all/co3535387.html
jobs.51job.com/all/co2660599.html
jobs.51job.com/all/co4059225.html
jobs.51job.com/all/co3729512.html
jobs.51job.com/all/co2185551.html
jobs.51job.com/all/co604698.html
jobs.51job.com/all/co2407243.html
jobs.51job.com/all/co491418.html
jobs.51job.com/all/co3182454.html
jobs.51job.com/all/co235586.html
jobs.51job.com/all/co2203036.html
jobs.51job.com/all/co3308537.html
jobs.51job.com/all/co279137.html
jobs.51job.com/all/co3584149.html
jobs.51job.com/all/co3921420.html
jobs.51job.com/all/co3157852.html
jobs.51job.com/all/co3453691.html
jobs.51job.com/all/co322223.html
jobs.51job.com/all/co3766156.html
jobs.51job.com/all/co4828928.html
jobs.51job.com/all/co2514184.html
jobs.51job.com/all/co4348535.html
jobs.51job.com/all/co132788.html
jobs.51job.com/all/co744088.html
jobs.51job.com/all/co2573368.html
jobs.51job.com/all/co3727687.html
jobs.51job.com/all/co700749.html
jobs.51job.com/all/co4422180.html
jobs.51job.com/all/co2857093.html
jobs.51job.com/all/co3123327.html
jobs.51job.com/all/co3975756.html
jobs.51job.com/all/co3618482.html
jobs.51job.com/all/co2488347.html
jobs.51job.com/all/co2318464.html
jobs.51job.com/all/co4000975.html
jobs.51job.com/all/co4139809.html
jobs.51job.com/all/co3612842.html
jobs.51job.com/all/co3688195.html
jobs.51job.com/all/co321548.html
jobs.51job.com/all/co3975134.html
jobs.51job.com/all/co4591775.html
jobs.51job.com/all/co2338021.html
jobs.51job.com/all/co2796300.html
jobs.51job.com/all/co3132281.html
jobs.51job.com/all/co4832344.html
jobs.51job.com/all/co4045935.html
jobs.51job.com/all/co489390.html
jobs.51job.com/all/co4033048.html
jobs.51job.com/all/co744251.html
jobs.51job.com/all/co831748.html
jobs.51job.com/all/co4150286.html
jobs.51job.com/all/co2292110.html
jobs.51job.com/all/co3719796.html
jobs.51job.com/all/co3595680.html
jobs.51job.com/all/co4006644.html
jobs.51job.com/all/co2531783.html
jobs.51job.com/all/co240055.html
jobs.51job.com/all/co4429475.html
jobs.51job.com/all/co2817567.html
jobs.51job.com/all/co4123901.html
jobs.51job.com/all/co239115.html
jobs.51job.com/all/co2976623.html
jobs.51job.com/all/co3827870.html
jobs.51job.com/all/co3834300.html
jobs.51job.com/all/co117483.html
jobs.51job.com/all/co3764575.html
jobs.51job.com/all/co3659559.html
jobs.51job.com/all/co3659527.html
jobs.51job.com/all/co2693240.html
jobs.51job.com/all/co4028966.html
jobs.51job.com/all/co3354945.html
jobs.51job.com/all/co3257170.html
jobs.51job.com/all/co2913559.html
jobs.51job.com/all/co2161908.html
jobs.51job.com/all/co3703993.html
jobs.51job.com/all/co477750.html
jobs.51job.com/all/co3316845.html
jobs.51job.com/all/co4149088.html
jobs.51job.com/all/co3193135.html
jobs.51job.com/all/co313786.html
jobs.51job.com/all/co4768605.html
jobs.51job.com/all/co4689570.html
jobs.51job.com/all/co4369809.html
jobs.51job.com/all/co1987147.html
jobs.51job.com/all/co4370747.html
jobs.51job.com/all/co4949585.html
jobs.51job.com/all/co4191397.html
jobs.51job.com/all/co2223351.html
jobs.51job.com/all/co2959345.html
jobs.51job.com/all/co4866161.html
jobs.51job.com/all/co4571148.html
jobs.51job.com/all/co4393398.html
jobs.51job.com/all/co3647364.html
jobs.51job.com/all/co4374699.html
jobs.51job.com/all/co3594738.html
jobs.51job.com/all/co4582422.html
jobs.51job.com/all/co4025049.html
jobs.51job.com/all/co2956474.html
jobs.51job.com/all/co175774.html
jobs.51job.com/all/co2913974.html
jobs.51job.com/all/co509800.html
jobs.51job.com/all/co308336.html
jobs.51job.com/all/co3163391.html
jobs.51job.com/all/co2567042.html
jobs.51job.com/all/co2567039.html
jobs.51job.com/all/co2499266.html
jobs.51job.com/all/co2363313.html
jobs.51job.com/all/co960251.html
jobs.51job.com/all/co4036423.html
jobs.51job.com/all/co3802192.html
jobs.51job.com/all/co405521.html
jobs.51job.com/all/co4520854.html
jobs.51job.com/all/co3252788.html
jobs.51job.com/all/co4062432.html
jobs.51job.com/all/co263862.html
jobs.51job.com/all/co3545804.html
jobs.51job.com/all/co2753367.html
jobs.51job.com/all/co3616685.html
jobs.51job.com/all/co1682798.html
jobs.51job.com/all/co4939864.html
jobs.51job.com/all/co2316363.html
jobs.51job.com/all/co4529427.html
jobs.51job.com/all/co4274944.html
jobs.51job.com/all/co3518375.html
jobs.51job.com/all/co2047979.html
jobs.51job.com/all/co2909735.html
jobs.51job.com/all/co3031370.html
jobs.51job.com/all/co3275762.html
jobs.51job.com/all/co4676005.html
jobs.51job.com/all/co3442155.html
jobs.51job.com/all/co3287725.html
jobs.51job.com/all/co2990885.html
ldjt.51job.com/job_list2.php?company=2465145
jobs.51job.com/all/co2403492.html
jobs.51job.com/all/co2341996.html
jobs.51job.com/all/co2540211.html
jobs.51job.com/all/co2870418.html
jobs.51job.com/all/co4346505.html
jobs.51job.com/all/co4519004.html
jobs.51job.com/all/co4803726.html
jobs.51job.com/all/co4799549.html
jobs.51job.com/all/co3311991.html
jobs.51job.com/all/co4373599.html
jobs.51job.com/all/co4488921.html
jobs.51job.com/all/co4029917.html
jobs.51job.com/all/co3964206.html
jobs.51job.com/all/co4838076.html
jobs.51job.com/all/co2866278.html
ldjt.51job.com/job_list2.php?company=2465150
jobs.51job.com/all/co2603999.html
jobs.51job.com/all/co2818065.html
jobs.51job.com/all/co4541593.html
jobs.51job.com/all/co2582153.html
jobs.51job.com/all/co267328.html
jobs.51job.com/all/co4270114.html
jobs.51job.com/all/co4894932.html
jobs.51job.com/all/co4548398.html
jobs.51job.com/all/co1297926.html
jobs.51job.com/all/co3417350.html
jobs.51job.com/all/co2502016.html
jobs.51job.com/all/co3615593.html
jobs.51job.com/all/co2760111.html
jobs.51job.com/all/co2850851.html
jobs.51job.com/all/co2492443.html
jobs.51job.com/all/co3594358.html
jobs.51job.com/all/co2760013.html
jobs.51job.com/all/co3306305.html
jobs.51job.com/all/co513320.html
jobs.51job.com/all/co4011705.html
jobs.51job.com/all/co4657083.html
jobs.51job.com/all/co2809616.html
jobs.51job.com/all/co2894274.html
jobs.51job.com/all/co3594374.html
jobs.51job.com/all/co3108335.html
jobs.51job.com/all/co2594727.html
jobs.51job.com/all/co2942212.html
jobs.51job.com/all/co2572528.html
jobs.51job.com/all/co4535594.html
jobs.51job.com/all/co4062797.html
jobs.51job.com/all/co3308438.html
jobs.51job.com/all/co3912673.html
jobs.51job.com/all/co2118756.html
jobs.51job.com/all/co2453125.html
jobs.51job.com/all/co3728293.html
jobs.51job.com/all/co3701664.html
jobs.51job.com/all/co3922057.html
jobs.51job.com/all/co4118867.html
jobs.51job.com/all/co4457047.html
jobs.51job.com/all/co4853365.html
jobs.51job.com/all/co3662719.html
jobs.51job.com/all/co3686056.html
jobs.51job.com/all/co2265737.html
jobs.51job.com/all/co3573536.html
jobs.51job.com/all/co4851795.html
jobs.51job.com/all/co3356429.html
jobs.51job.com/all/co3771321.html
jobs.51job.com/all/co3266080.html
jobs.51job.com/all/co3928752.html
jobs.51job.com/all/co3400635.html
jobs.51job.com/all/co3265585.html
jobs.51job.com/all/co3566655.html
jobs.51job.com/all/co2686637.html
jobs.51job.com/all/co4022673.html
jobs.51job.com/all/co3347572.html
jobs.51job.com/all/co2391590.html
jobs.51job.com/all/co2888437.html
jobs.51job.com/all/co2377043.html
jobs.51job.com/all/co3942872.html
jobs.51job.com/all/co4324131.html
jobs.51job.com/all/co4789160.html
jobs.51job.com/all/co289112.html
jobs.51job.com/all/co4784427.html
jobs.51job.com/all/co275594.html
jobs.51job.com/all/co4053701.html
jobs.51job.com/all/co3282414.html
jobs.51job.com/all/co213797.html
jobs.51job.com/all/co3645561.html
jobs.51job.com/all/co4655898.html
jobs.51job.com/all/co185317.html
jobs.51job.com/all/co3965228.html
jobs.51job.com/all/co3104758.html
jobs.51job.com/all/co4446533.html
jobs.51job.com/all/co4920972.html
jobs.51job.com/all/co4312464.html
jobs.51job.com/all/co2596690.html
jobs.51job.com/all/co2269262.html
jobs.51job.com/all/co2578146.html
jobs.51job.com/all/co3908544.html
jobs.51job.com/all/co4076259.html
jobs.51job.com/all/co3076237.html
jobs.51job.com/all/co2460246.html
jobs.51job.com/all/co4918770.html
jobs.51job.com/all/co2921910.html
jobs.51job.com/all/co2927614.html
jobs.51job.com/all/co4930434.html
jobs.51job.com/all/co4049133.html
jobs.51job.com/all/co4188639.html
jobs.51job.com/all/co4556601.html
jobs.51job.com/all/co3416944.html
jobs.51job.com/all/co3397246.html
jobs.51job.com/all/co2191801.html
jobs.51job.com/all/co2769378.html
jobs.51job.com/all/co2426977.html
jobs.51job.com/all/co3231110.html
jobs.51job.com/all/co3551010.html
jobs.51job.com/all/co4831458.html
jobs.51job.com/all/co1533175.html
jobs.51job.com/all/co2834991.html
jobs.51job.com/all/co4869593.html
jobs.51job.com/all/co3871177.html
jobs.51job.com/all/co4704182.html
jobs.51job.com/all/co4106293.html
jobs.51job.com/all/co2502408.html
jobs.51job.com/all/co2610642.html
jobs.51job.com/all/co4286112.html
jobs.51job.com/all/co135210.html
jobs.51job.com/all/co4082801.html
jobs.51job.com/all/co4131771.html
jobs.51job.com/all/co4667572.html
jobs.51job.com/all/co2443910.html
jobs.51job.com/all/co3834445.html
jobs.51job.com/all/co4731119.html
jobs.51job.com/all/co4549378.html
jobs.51job.com/all/co3080619.html
jobs.51job.com/all/co2432626.html
jobs.51job.com/all/co4509482.html
jobs.51job.com/all/co2583118.html
jobs.51job.com/all/co3853215.html
jobs.51job.com/all/co2063471.html
jobs.51job.com/all/co4244714.html
jobs.51job.com/all/co2935613.html
jobs.51job.com/all/co4858166.html
jobs.51job.com/all/co4190455.html
jobs.51job.com/all/co4874738.html
jobs.51job.com/all/co3790055.html
jobs.51job.com/all/co3934930.html
jobs.51job.com/all/co534244.html
jobs.51job.com/all/co4218675.html
jobs.51job.com/all/co932378.html
jobs.51job.com/all/co2827497.html
jobs.51job.com/all/co3770577.html
jobs.51job.com/all/co4545470.html
jobs.51job.com/all/co4007306.html
jobs.51job.com/all/co3659093.html
jobs.51job.com/all/co2553900.html
jobs.51job.com/all/co143288.html
jobs.51job.com/all/co174858.html
jobs.51job.com/all/co4407338.html
jobs.51job.com/all/co2770850.html
jobs.51job.com/all/co2526048.html
jobs.51job.com/all/co4843299.html
jobs.51job.com/all/co4059125.html
jobs.51job.com/all/co2625469.html
jobs.51job.com/all/co4884143.html
jobs.51job.com/all/co2360578.html
jobs.51job.com/all/co2428744.html
jobs.51job.com/all/co2774174.html
jobs.51job.com/all/co2719901.html
jobs.51job.com/all/co2554164.html
jobs.51job.com/all/co159250.html
jobs.51job.com/all/co4481947.html
jobs.51job.com/all/co1784387.html
jobs.51job.com/all/co3869623.html
jobs.51job.com/all/co3568211.html
jobs.51job.com/all/co506727.html
jobs.51job.com/all/co4756450.html
jobs.51job.com/all/co708252.html
jobs.51job.com/all/co4648719.html
jobs.51job.com/all/co2106010.html
jobs.51job.com/all/co221969.html
jobs.51job.com/all/co1573444.html
jobs.51job.com/all/co4139863.html
jobs.51job.com/all/co600301.html
jobs.51job.com/all/co2307075.html
jobs.51job.com/all/co4288933.html
jobs.51job.com/all/co837760.html
jobs.51job.com/all/co3966888.html
jobs.51job.com/all/co4871180.html
jobs.51job.com/all/co3059729.html
jobs.51job.com/all/co2256730.html
jobs.51job.com/all/co4254415.html
jobs.51job.com/all/co4132981.html
jobs.51job.com/all/co3853131.html
jobs.51job.com/all/co3207536.html
jobs.51job.com/all/co1996562.html
jobs.51job.com/all/co4861237.html
jobs.51job.com/all/co2531457.html
jobs.51job.com/all/co4356277.html
jobs.51job.com/all/co2592059.html
jobs.51job.com/all/co4774883.html
jobs.51job.com/all/co4057147.html
jobs.51job.com/all/co2264855.html
jobs.51job.com/all/co4866965.html
jobs.51job.com/all/co4664034.html
jobs.51job.com/all/co3794328.html
jobs.51job.com/all/co3015597.html
jobs.51job.com/all/co4213867.html
jobs.51job.com/all/co2377042.html
jobs.51job.com/all/co3828700.html
jobs.51job.com/all/co3791371.html
jobs.51job.com/all/co4147555.html
jobs.51job.com/all/co2558553.html
jobs.51job.com/all/co3110207.html
jobs.51job.com/all/co3791450.html
jobs.51job.com/all/co3730795.html
jobs.51job.com/all/co3309077.html
jobs.51job.com/all/co4020438.html
jobs.51job.com/all/co4468142.html
jobs.51job.com/all/co2624235.html
jobs.51job.com/all/co4625604.html
jobs.51job.com/all/co303363.html
jobs.51job.com/all/co2643844.html
jobs.51job.com/all/co101597.html
jobs.51job.com/all/co2284307.html
jobs.51job.com/all/co939259.html
jobs.51job.com/all/co4448265.html
jobs.51job.com/all/co4772161.html
jobs.51job.com/all/co3724053.html
jobs.51job.com/all/co4756411.html
jobs.51job.com/all/co3195582.html
jobs.51job.com/all/co4101236.html
jobs.51job.com/all/co4102354.html
jobs.51job.com/all/co599704.html
jobs.51job.com/all/co156320.html
jobs.51job.com/all/co773786.html
jobs.51job.com/all/co4868857.html
jobs.51job.com/all/co4358024.html
jobs.51job.com/all/co4947668.html
jobs.51job.com/all/co3738903.html
jobs.51job.com/all/co3736235.html
jobs.51job.com/all/co3736235.html
jobs.51job.com/all/co3736235.html
jobs.51job.com/all/co4052621.html
jobs.51job.com/all/co4052621.html
jobs.51job.com/all/co2917096.html
jobs.51job.com/all/co3286565.html
jobs.51job.com/all/co3286565.html
jobs.51job.com/all/co4384685.html
jobs.51job.com/all/co2507622.html
jobs.51job.com/all/co2507622.html
jobs.51job.com/all/co2507622.html
jobs.51job.com/all/co2073674.html
jobs.51job.com/all/co3228715.html
jobs.51job.com/all/co2083454.html
jobs.51job.com/all/co2083454.html
jobs.51job.com/all/co2083454.html
jobs.51job.com/all/co4875997.html
jobs.51job.com/all/co4875997.html
jobs.51job.com/all/co4875997.html
jobs.51job.com/all/co4029866.html
jobs.51job.com/all/co3825698.html
jobs.51job.com/all/co3825698.html
jobs.51job.com/all/co3825698.html
jobs.51job.com/all/co3825698.html
jobs.51job.com/all/co3825698.html
jobs.51job.com/all/co3825698.html
jobs.51job.com/all/co3825698.html
jobs.51job.com/all/co3211718.html
jobs.51job.com/all/co3211718.html
jobs.51job.com/all/co4318825.html
jobs.51job.com/all/co2906756.html
jobs.51job.com/all/co3911649.html
jobs.51job.com/all/co3911649.html
jobs.51job.com/all/co3911649.html
jobs.51job.com/all/co3911649.html
jobs.51job.com/all/co2623771.html
jobs.51job.com/all/co2623771.html
jobs.51job.com/all/co2623771.html
jobs.51job.com/all/co2601152.html
jobs.51job.com/all/co2601152.html
jobs.51job.com/all/co3789674.html
jobs.51job.com/all/co3626846.html
jobs.51job.com/all/co2531086.html
jobs.51job.com/all/co4733303.html
jobs.51job.com/all/co3473625.html
jobs.51job.com/all/co3473625.html
jobs.51job.com/all/co3473625.html
jobs.51job.com/all/co4909278.html
jobs.51job.com/all/co2921861.html
jobs.51job.com/all/co4039061.html
jobs.51job.com/all/co4039061.html
jobs.51job.com/all/co2977945.html
jobs.51job.com/all/co2977945.html
jobs.51job.com/all/co3278427.html
jobs.51job.com/all/co3953726.html
jobs.51job.com/all/co3640634.html
jobs.51job.com/all/co2683858.html
jobs.51job.com/all/co2273152.html
jobs.51job.com/all/co2265697.html
jobs.51job.com/all/co3292644.html
jobs.51job.com/all/co3292644.html
jobs.51job.com/all/co3292644.html
jobs.51job.com/all/co3361689.html
jobs.51job.com/all/co2186822.html
jobs.51job.com/all/co2186822.html
jobs.51job.com/all/co2288137.html
jobs.51job.com/all/co4809911.html
jobs.51job.com/all/co4109500.html
jobs.51job.com/all/co2890946.html
jobs.51job.com/all/co4318825.html
jobs.51job.com/all/co3039788.html
jobs.51job.com/all/co3818000.html
jobs.51job.com/all/co3560814.html
jobs.51job.com/all/co3560814.html
jobs.51job.com/all/co3560814.html
jobs.51job.com/all/co3628622.html
jobs.51job.com/all/co3628622.html
jobs.51job.com/all/co3628622.html
jobs.51job.com/all/co4602527.html
jobs.51job.com/all/co2893133.html
jobs.51job.com/all/co2189254.html
jobs.51job.com/all/co3743927.html
jobs.51job.com/all/co743952.html
jobs.51job.com/all/co743952.html
jobs.51job.com/all/co4261602.html
jobs.51job.com/all/co3628622.html
jobs.51job.com/all/co2014283.html
jobs.51job.com/all/co3270847.html
jobs.51job.com/all/co4397402.html
jobs.51job.com/all/co2952874.html
jobs.51job.com/all/co2952874.html
ldjt.51job.com/job_list2.php?company=2465299
jobs.51job.com/all/co4726443.html
jobs.51job.com/all/co2950335.html
jobs.51job.com/all/co2950335.html
jobs.51job.com/all/co2950335.html
jobs.51job.com/all/co1872278.html
jobs.51job.com/all/co1872278.html
jobs.51job.com/all/co1872278.html
jobs.51job.com/all/co1872278.html
jobs.51job.com/all/co1872278.html
jobs.51job.com/all/co1872278.html
jobs.51job.com/all/co1872278.html
jobs.51job.com/all/co1872278.html
jobs.51job.com/all/co4197768.html
jobs.51job.com/all/co4197768.html
jobs.51job.com/all/co1872278.html
jobs.51job.com/all/co1872278.html
jobs.51job.com/all/co1872278.html
jobs.51job.com/all/co1872278.html
jobs.51job.com/all/co1872278.html
jobs.51job.com/all/co3738903.html
jobs.51job.com/all/co1872278.html
jobs.51job.com/all/co1872278.html
jobs.51job.com/all/co1872278.html
jobs.51job.com/all/co1872278.html
jobs.51job.com/all/co1872278.html
jobs.51job.com/all/co1872278.html
jobs.51job.com/all/co2658044.html
jobs.51job.com/all/co1872278.html
jobs.51job.com/all/co1872278.html
jobs.51job.com/all/co1872278.html
jobs.51job.com/all/co2658044.html
jobs.51job.com/all/co2658044.html
jobs.51job.com/all/co2658044.html
jobs.51job.com/all/co1872278.html
jobs.51job.com/all/co4155477.html
jobs.51job.com/all/co4155477.html
jobs.51job.com/all/co4155477.html
jobs.51job.com/all/co4155477.html
jobs.51job.com/all/co3595133.html
jobs.51job.com/all/co3595133.html
jobs.51job.com/all/co3863113.html
jobs.51job.com/all/co3068867.html
jobs.51job.com/all/co3068867.html
jobs.51job.com/all/co3738903.html
jobs.51job.com/all/co3738903.html
jobs.51job.com/all/co3068867.html
jobs.51job.com/all/co3068867.html
jobs.51job.com/all/co3863113.html
jobs.51job.com/all/co4098695.html
jobs.51job.com/all/co3863113.html
jobs.51job.com/all/co4098695.html
jobs.51job.com/all/co4602527.html
jobs.51job.com/all/co3863113.html
jobs.51job.com/all/co4098695.html
jobs.51job.com/all/co4098695.html
jobs.51job.com/all/co4098695.html
jobs.51job.com/all/co3863113.html
jobs.51job.com/all/co3068867.html
jobs.51job.com/all/co3068867.html
jobs.51job.com/all/co3863113.html
jobs.51job.com/all/co4098695.html
jobs.51job.com/all/co3068867.html
jobs.51job.com/all/co3068867.html
jobs.51job.com/all/co3068867.html
jobs.51job.com/all/co3863113.html
jobs.51job.com/all/co3068867.html
jobs.51job.com/all/co3068867.html
jobs.51job.com/all/co3268506.html
jobs.51job.com/all/co2309394.html
jobs.51job.com/all/co2309394.html
jobs.51job.com/all/co2309394.html
jobs.51job.com/all/co2309394.html
jobs.51job.com/all/co2309394.html
jobs.51job.com/all/co2906756.html
jobs.51job.com/all/co2906756.html
jobs.51job.com/all/co2952874.html
jobs.51job.com/all/co2952874.html
jobs.51job.com/all/co2952874.html
jobs.51job.com/all/co2952874.html
jobs.51job.com/all/co2952874.html
jobs.51job.com/all/co2952874.html
jobs.51job.com/all/co2952874.html
jobs.51job.com/all/co2952874.html
jobs.51job.com/all/co2952874.html
jobs.51job.com/all/co2952874.html
jobs.51job.com/all/co2952874.html
jobs.51job.com/all/co2952874.html
jobs.51job.com/all/co2952874.html
jobs.51job.com/all/co4384685.html
jobs.51job.com/all/co4384685.html
jobs.51job.com/all/co4011727.html
jobs.51job.com/all/co4011727.html
jobs.51job.com/all/co4011727.html
jobs.51job.com/all/co4011727.html
jobs.51job.com/all/co3083084.html
jobs.51job.com/all/co2073674.html
jobs.51job.com/all/co2073674.html
jobs.51job.com/all/co2073674.html
jobs.51job.com/all/co2073674.html
jobs.51job.com/all/co2073674.html
jobs.51job.com/all/co2073674.html
jobs.51job.com/all/co2073674.html
jobs.51job.com/all/co2642485.html
jobs.51job.com/all/co2642485.html
jobs.51job.com/all/co3096515.html
jobs.51job.com/all/co3096515.html
jobs.51job.com/all/co3096515.html
jobs.51job.com/all/co3096515.html
jobs.51job.com/all/co3096515.html
jobs.51job.com/all/co4155477.html
jobs.51job.com/all/co4155477.html
jobs.51job.com/all/co4155477.html
jobs.51job.com/all/co4155477.html
jobs.51job.com/all/co4155477.html
jobs.51job.com/all/co4155477.html
jobs.51job.com/all/co4155477.html
jobs.51job.com/all/co4155477.html
jobs.51job.com/all/co4155477.html
jobs.51job.com/all/co4155477.html
jobs.51job.com/all/co4155477.html
jobs.51job.com/all/co4155477.html
jobs.51job.com/all/co4155477.html
jobs.51job.com/all/co3595133.html
jobs.51job.com/all/co3595133.html
jobs.51job.com/all/co3595133.html
jobs.51job.com/all/co3595133.html
jobs.51job.com/all/co3595133.html
jobs.51job.com/all/co3595133.html
jobs.51job.com/all/co3595133.html
jobs.51job.com/all/co3595133.html
jobs.51job.com/all/co3595133.html
jobs.51job.com/all/co3595133.html
jobs.51job.com/all/co3595133.html
jobs.51job.com/all/co3020005.html
jobs.51job.com/all/co4029866.html
jobs.51job.com/all/co4029866.html
jobs.51job.com/all/co4029866.html
jobs.51job.com/all/co4029866.html
jobs.51job.com/all/co4029866.html
jobs.51job.com/all/co4029866.html
jobs.51job.com/all/co4029866.html
jobs.51job.com/all/co4029866.html
jobs.51job.com/all/co4029866.html
jobs.51job.com/all/co3825698.html
jobs.51job.com/all/co3825698.html
jobs.51job.com/all/co3825698.html
jobs.51job.com/all/co3825698.html
jobs.51job.com/all/co3825698.html
jobs.51job.com/all/co3825698.html
jobs.51job.com/all/co3825698.html
jobs.51job.com/all/co3825698.html
jobs.51job.com/all/co3825698.html
jobs.51job.com/all/co3825698.html
jobs.51job.com/all/co3825698.html
jobs.51job.com/all/co3825698.html
jobs.51job.com/all/co3825698.html
jobs.51job.com/all/co3211718.html
jobs.51job.com/all/co2906756.html
jobs.51job.com/all/co2906756.html
jobs.51job.com/all/co2906756.html
jobs.51job.com/all/co2906756.html
jobs.51job.com/all/co2906756.html
jobs.51job.com/all/co2906756.html
jobs.51job.com/all/co2906756.html
jobs.51job.com/all/co2906756.html
jobs.51job.com/all/co2906756.html
jobs.51job.com/all/co2906756.html
jobs.51job.com/all/co2906756.html
jobs.51job.com/all/co2906756.html
jobs.51job.com/all/co2906756.html
jobs.51job.com/all/co2906756.html
jobs.51job.com/all/co3911649.html
jobs.51job.com/all/co3268506.html
jobs.51job.com/all/co4912320.html
jobs.51job.com/all/co4912320.html
jobs.51job.com/all/co4726443.html
jobs.51job.com/all/co4726443.html
jobs.51job.com/all/co4726443.html
jobs.51job.com/all/co4819720.html
jobs.51job.com/all/co4819720.html
jobs.51job.com/all/co4819720.html
jobs.51job.com/all/co4393317.html
jobs.51job.com/all/co4393317.html
jobs.51job.com/all/co4393317.html
jobs.51job.com/all/co4393317.html
jobs.51job.com/all/co4393317.html
jobs.51job.com/all/co4393317.html
jobs.51job.com/all/co4393317.html
jobs.51job.com/all/co3863113.html
jobs.51job.com/all/co3863113.html
jobs.51job.com/all/co3863113.html
jobs.51job.com/all/co3863113.html
jobs.51job.com/all/co3863113.html
jobs.51job.com/all/co3863113.html
jobs.51job.com/all/co3863113.html
jobs.51job.com/all/co3863113.html
jobs.51job.com/all/co3863113.html
jobs.51job.com/all/co4794413.html
jobs.51job.com/all/co4393317.html
jobs.51job.com/all/co4393317.html
jobs.51job.com/all/co4393317.html
jobs.51job.com/all/co4393317.html
jobs.51job.com/all/co4393317.html
jobs.51job.com/all/co3743179.html
jobs.51job.com/all/co3743179.html
jobs.51job.com/all/co3743179.html
jobs.51job.com/all/co3743179.html
jobs.51job.com/all/co3743179.html
jobs.51job.com/all/co3743179.html
jobs.51job.com/all/co3743179.html
jobs.51job.com/all/co3743179.html
jobs.51job.com/all/co3743179.html
jobs.51job.com/all/co3743179.html
jobs.51job.com/all/co3743179.html
jobs.51job.com/all/co3743179.html
jobs.51job.com/all/co3743179.html
jobs.51job.com/all/co3743179.html
jobs.51job.com/all/co3743179.html
jobs.51job.com/all/co3567320.html
jobs.51job.com/all/co3567320.html
jobs.51job.com/all/co3366563.html
jobs.51job.com/all/co3366563.html
jobs.51job.com/all/co3366563.html
jobs.51job.com/all/co4912320.html
jobs.51job.com/all/co4912320.html
jobs.51job.com/all/co4912320.html
jobs.51job.com/all/co4875997.html
jobs.51job.com/all/co4726443.html
jobs.51job.com/all/co4726443.html
jobs.51job.com/all/co4726443.html
jobs.51job.com/all/co4726443.html
jobs.51job.com/all/co4726443.html
jobs.51job.com/all/co3083084.html
jobs.51job.com/all/co3966522.html
jobs.51job.com/all/co3966522.html
jobs.51job.com/all/co3966522.html
jobs.51job.com/all/co3966522.html
jobs.51job.com/all/co3966522.html
jobs.51job.com/all/co3966522.html
jobs.51job.com/all/co2623234.html
jobs.51job.com/all/co1987232.html
jobs.51job.com/all/co1987232.html
jobs.51job.com/all/co1987232.html
jobs.51job.com/all/co1987232.html
jobs.51job.com/all/co1987232.html
jobs.51job.com/all/co1987232.html
jobs.51job.com/all/co1987232.html
jobs.51job.com/all/co1987232.html
jobs.51job.com/all/co1987232.html
jobs.51job.com/all/co1987232.html
jobs.51job.com/all/co1987232.html
jobs.51job.com/all/co1987232.html
jobs.51job.com/all/co1987232.html
jobs.51job.com/all/co1987232.html
jobs.51job.com/all/co1987232.html
jobs.51job.com/all/co1987232.html
jobs.51job.com/all/co1987232.html
jobs.51job.com/all/co1987232.html
jobs.51job.com/all/co1987232.html
jobs.51job.com/all/co1987232.html
jobs.51job.com/all/co1987232.html
jobs.51job.com/all/co1987232.html
jobs.51job.com/all/co1987232.html
jobs.51job.com/all/co1987232.html
jobs.51job.com/all/co1987232.html
jobs.51job.com/all/co1987232.html
jobs.51job.com/all/co1987232.html
jobs.51job.com/all/co1987232.html
jobs.51job.com/all/co1987232.html
jobs.51job.com/all/co1987232.html
jobs.51job.com/all/co1987232.html
jobs.51job.com/all/co1987232.html
jobs.51job.com/all/co1987232.html
jobs.51job.com/all/co1987232.html
jobs.51job.com/all/co1987232.html
jobs.51job.com/all/co1987232.html
jobs.51job.com/all/co1987232.html
jobs.51job.com/all/co1987232.html
jobs.51job.com/all/co1987232.html
jobs.51job.com/all/co1987232.html
jobs.51job.com/all/co1987232.html
jobs.51job.com/all/co1987232.html
jobs.51job.com/all/co1987232.html
jobs.51job.com/all/co1987232.html
jobs.51job.com/all/co1987232.html
jobs.51job.com/all/co1987232.html
jobs.51job.com/all/co1987232.html
jobs.51job.com/all/co1987232.html
jobs.51job.com/all/co1987232.html
jobs.51job.com/all/co1987232.html
jobs.51job.com/all/co1987232.html
jobs.51job.com/all/co1987232.html
jobs.51job.com/all/co1465524.html
jobs.51job.com/all/co1465524.html
jobs.51job.com/all/co1465524.html
jobs.51job.com/all/co3068867.html
jobs.51job.com/all/co3068867.html
jobs.51job.com/all/co3068867.html
jobs.51job.com/all/co3068867.html
jobs.51job.com/all/co3068867.html
jobs.51job.com/all/co4140384.html
jobs.51job.com/all/co4140384.html
jobs.51job.com/all/co4140384.html
jobs.51job.com/all/co4140384.html
jobs.51job.com/all/co4140384.html
jobs.51job.com/all/co3068867.html
jobs.51job.com/all/co3068867.html
jobs.51job.com/all/co4019990.html
jobs.51job.com/all/co4019990.html
jobs.51job.com/all/co4019990.html
jobs.51job.com/all/co4019990.html
jobs.51job.com/all/co4019990.html
jobs.51job.com/all/co4019990.html
jobs.51job.com/all/co4019990.html
jobs.51job.com/all/co4019990.html
jobs.51job.com/all/co4019990.html
jobs.51job.com/all/co4019990.html
jobs.51job.com/all/co4019990.html
jobs.51job.com/all/co4019990.html
jobs.51job.com/all/co4726443.html
jobs.51job.com/all/co4726443.html
jobs.51job.com/all/co2782624.html
jobs.51job.com/all/co2623234.html
jobs.51job.com/all/co4853936.html
jobs.51job.com/all/co4853936.html
jobs.51job.com/all/co4853936.html
jobs.51job.com/all/co4853936.html
jobs.51job.com/all/co2950335.html
jobs.51job.com/all/co2950335.html
jobs.51job.com/all/co4726443.html
jobs.51job.com/all/co2567373.html
jobs.51job.com/all/co2567373.html
jobs.51job.com/all/co2567373.html
jobs.51job.com/all/co4726443.html
jobs.51job.com/all/co3553668.html
jobs.51job.com/all/co3553668.html
jobs.51job.com/all/co3553668.html
jobs.51job.com/all/co3553668.html
jobs.51job.com/all/co3553668.html
jobs.51job.com/all/co3553668.html
jobs.51job.com/all/co3553668.html
jobs.51job.com/all/co4726443.html
jobs.51job.com/all/co4726443.html
jobs.51job.com/all/co4726443.html
jobs.51job.com/all/co4726443.html
jobs.51job.com/all/co4140384.html
jobs.51job.com/all/co4140384.html
jobs.51job.com/all/co4602527.html
jobs.51job.com/all/co3738903.html
jobs.51job.com/all/co2782465.html
jobs.51job.com/all/co4726443.html
jobs.51job.com/all/co4726443.html
jobs.51job.com/all/co4726443.html
jobs.51job.com/all/co4175313.html
jobs.51job.com/all/co4726443.html
jobs.51job.com/all/co4726443.html
jobs.51job.com/all/co2588057.html
jobs.51job.com/all/co2588057.html
jobs.51job.com/all/co2588057.html
jobs.51job.com/all/co4726443.html
jobs.51job.com/all/co3567320.html
jobs.51job.com/all/co3567320.html
jobs.51job.com/all/co3567320.html
jobs.51job.com/all/co4104102.html
jobs.51job.com/all/co4104102.html
jobs.51job.com/all/co4104102.html
jobs.51job.com/all/co4104102.html
jobs.51job.com/all/co4104102.html
jobs.51job.com/all/co4104102.html
jobs.51job.com/all/co4104102.html
jobs.51job.com/all/co4104102.html
jobs.51job.com/all/co4175313.html
jobs.51job.com/all/co4175313.html
jobs.51job.com/all/co4175313.html
jobs.51job.com/all/co4726443.html
jobs.51job.com/all/co4104102.html
jobs.51job.com/all/co4449851.html
jobs.51job.com/all/co4449851.html
jobs.51job.com/all/co4726443.html
jobs.51job.com/all/co4602527.html
jobs.51job.com/all/co3045422.html
jobs.51job.com/all/co3045422.html
jobs.51job.com/all/co3628622.html
jobs.51job.com/all/co3628622.html
jobs.51job.com/all/co3628622.html
jobs.51job.com/all/co3628622.html
jobs.51job.com/all/co3628622.html
jobs.51job.com/all/co3628622.html
jobs.51job.com/all/co4602527.html
jobs.51job.com/all/co4602527.html
jobs.51job.com/all/co4602527.html
jobs.51job.com/all/co4602527.html
jobs.51job.com/all/co4602527.html
jobs.51job.com/all/co4602527.html
jobs.51job.com/all/co4602527.html
jobs.51job.com/all/co4602527.html
jobs.51job.com/all/co4602527.html
jobs.51job.com/all/co4602527.html
jobs.51job.com/all/co4602527.html
jobs.51job.com/all/co4602527.html
jobs.51job.com/all/co3061895.html
jobs.51job.com/all/co4523897.html
jobs.51job.com/all/co4523897.html
jobs.51job.com/all/co4523897.html
jobs.51job.com/all/co4523897.html
jobs.51job.com/all/co4523897.html
jobs.51job.com/all/co4523897.html
jobs.51job.com/all/co4523897.html
jobs.51job.com/all/co4523897.html
jobs.51job.com/all/co4523897.html
jobs.51job.com/all/co4523897.html
jobs.51job.com/all/co4523897.html
jobs.51job.com/all/co4523897.html
jobs.51job.com/all/co4523897.html
jobs.51job.com/all/co4523897.html
jobs.51job.com/all/co4449851.html
jobs.51job.com/all/co4257349.html
jobs.51job.com/all/co2950335.html
jobs.51job.com/all/co2950335.html
jobs.51job.com/all/co4726443.html
jobs.51job.com/all/co4075807.html
jobs.51job.com/all/co3743927.html
jobs.51job.com/all/co3743927.html
jobs.51job.com/all/co2950335.html
jobs.51job.com/all/co2623234.html
jobs.51job.com/all/co4449851.html
jobs.51job.com/all/co4449851.html
jobs.51job.com/all/co4449851.html
jobs.51job.com/all/co2658044.html
jobs.51job.com/all/co4449851.html
jobs.51job.com/all/co4449851.html
jobs.51job.com/all/co4449851.html
jobs.51job.com/all/co4449851.html
jobs.51job.com/all/co4449851.html
jobs.51job.com/all/co4449851.html
jobs.51job.com/all/co4449851.html
jobs.51job.com/all/co4449851.html
jobs.51job.com/all/co4449851.html
jobs.51job.com/all/co4449851.html
jobs.51job.com/all/co4449851.html
jobs.51job.com/all/co4449851.html
jobs.51job.com/all/co4397402.html
jobs.51job.com/all/co4397402.html
jobs.51job.com/all/co4397402.html
jobs.51job.com/all/co4397402.html
jobs.51job.com/all/co4397402.html
jobs.51job.com/all/co2390753.html
jobs.51job.com/all/co2390753.html
jobs.51job.com/all/co2390753.html
jobs.51job.com/all/co2076408.html
jobs.51job.com/all/co3905884.html
jobs.51job.com/all/co2625698.html
jobs.51job.com/all/co3905884.html
jobs.51job.com/all/co2076496.html
jobs.51job.com/all/co618214.html
jobs.51job.com/all/co618214.html
jobs.51job.com/all/co3278427.html
jobs.51job.com/all/co2631780.html
jobs.51job.com/all/co2631780.html
jobs.51job.com/all/co2631780.html
jobs.51job.com/all/co2631780.html
jobs.51job.com/all/co2631780.html
jobs.51job.com/all/co3905884.html
jobs.51job.com/all/co3905884.html
jobs.51job.com/all/co3905884.html
jobs.51job.com/all/co3905884.html
jobs.51job.com/all/co3905884.html
jobs.51job.com/all/co3905884.html
jobs.51job.com/all/co3905884.html
jobs.51job.com/all/co3905884.html
jobs.51job.com/all/co3244264.html
jobs.51job.com/all/co2364694.html
jobs.51job.com/all/co2364694.html
jobs.51job.com/all/co3905884.html
jobs.51job.com/all/co3905884.html
jobs.51job.com/all/co2671555.html
jobs.51job.com/all/co270660.html
jobs.51job.com/all/co1999795.html
jobs.51job.com/all/co1999795.html
jobs.51job.com/all/co1999795.html
jobs.51job.com/all/co1999795.html
jobs.51job.com/all/co1999795.html
jobs.51job.com/all/co4455541.html
jobs.51job.com/all/co2922664.html
jobs.51job.com/all/co3850784.html
jobs.51job.com/all/co3584445.html
jobs.51job.com/all/co2748345.html
jobs.51job.com/all/co2748345.html
jobs.51job.com/all/co4358024.html
jobs.51job.com/all/co2978604.html
jobs.51job.com/all/co3905884.html
jobs.51job.com/all/co2978604.html
jobs.51job.com/all/co2566159.html
jobs.51job.com/all/co1611383.html
jobs.51job.com/all/co1611383.html
jobs.51job.com/all/co1611383.html
jobs.51job.com/all/co3626846.html
jobs.51job.com/all/co2978604.html
jobs.51job.com/all/co1611383.html
jobs.51job.com/all/co2978604.html
jobs.51job.com/all/co1611383.html
jobs.51job.com/all/co2243724.html
jobs.51job.com/all/co1611383.html
jobs.51job.com/all/co2430203.html
jobs.51job.com/all/co3905884.html
jobs.51job.com/all/co3905884.html
jobs.51job.com/all/co3905884.html
jobs.51job.com/all/co2639158.html
jobs.51job.com/all/co2639158.html
jobs.51job.com/all/co2639158.html
jobs.51job.com/all/co2639158.html
jobs.51job.com/all/co3277638.html
jobs.51job.com/all/co2719311.html
jobs.51job.com/all/co2719311.html
jobs.51job.com/all/co2719311.html
jobs.51job.com/all/co2719311.html
jobs.51job.com/all/co2719311.html
jobs.51job.com/all/co2719311.html
jobs.51job.com/all/co2719311.html
jobs.51job.com/all/co2719311.html
jobs.51job.com/all/co2719311.html
jobs.51job.com/all/co2719311.html
jobs.51job.com/all/co2719311.html
jobs.51job.com/all/co2719311.html
jobs.51job.com/all/co3244264.html
jobs.51job.com/all/co3244264.html
jobs.51job.com/all/co3244264.html
jobs.51job.com/all/co3244264.html
jobs.51job.com/all/co3244264.html
jobs.51job.com/all/co3244264.html
jobs.51job.com/all/co3244264.html
jobs.51job.com/all/co3244264.html
jobs.51job.com/all/co4514187.html
jobs.51job.com/all/co2781660.html
jobs.51job.com/all/co2781660.html
jobs.51job.com/all/co2781660.html
jobs.51job.com/all/co2364694.html
jobs.51job.com/all/co3229063.html
jobs.51job.com/all/co1236841.html
jobs.51job.com/all/co2939891.html
jobs.51job.com/all/co2631780.html
jobs.51job.com/all/co2631780.html
jobs.51job.com/all/co4455541.html
jobs.51job.com/all/co3905884.html
jobs.51job.com/all/co3905884.html
jobs.51job.com/all/co4405191.html
jobs.51job.com/all/co2531079.html
jobs.51job.com/all/co2777099.html
jobs.51job.com/all/co2777099.html
jobs.51job.com/all/co4782210.html
jobs.51job.com/all/co4323412.html
jobs.51job.com/all/co4332975.html
jobs.51job.com/all/co4332975.html
jobs.51job.com/all/co4332975.html
jobs.51job.com/all/co4323412.html
jobs.51job.com/all/co4318825.html
jobs.51job.com/all/co4332975.html
jobs.51job.com/all/co4332975.html
jobs.51job.com/all/co4332975.html
jobs.51job.com/all/co4246587.html
jobs.51job.com/all/co2923335.html
jobs.51job.com/all/co2923335.html
jobs.51job.com/all/co3905884.html
jobs.51job.com/all/co3905884.html
jobs.51job.com/all/co3905884.html
jobs.51job.com/all/co2730576.html
jobs.51job.com/all/co2377953.html
jobs.51job.com/all/co2116169.html
jobs.51job.com/all/co2614885.html
jobs.51job.com/all/co232699.html
jobs.51job.com/all/co232699.html
jobs.51job.com/all/co232699.html
jobs.51job.com/all/co232699.html
jobs.51job.com/all/co232699.html
jobs.51job.com/all/co3736235.html
jobs.51job.com/all/co4052621.html
jobs.51job.com/all/co4052621.html
jobs.51job.com/all/co549047.html
jobs.51job.com/all/co4098930.html
jobs.51job.com/all/co4349061.html
jobs.51job.com/all/co4349061.html
jobs.51job.com/all/co4349061.html
jobs.51job.com/all/co4150472.html
jobs.51job.com/all/co179932.html
jobs.51job.com/all/co3476943.html
jobs.51job.com/all/co126247.html
jobs.51job.com/all/co2429665.html
jobs.51job.com/all/co2429665.html
jobs.51job.com/all/co2429665.html
jobs.51job.com/all/co284156.html
jobs.51job.com/all/co3924585.html
jobs.51job.com/all/co2917096.html
jobs.51job.com/all/co4875924.html
jobs.51job.com/all/co4508237.html
jobs.51job.com/all/co2073504.html
jobs.51job.com/all/co2073504.html
jobs.51job.com/all/co4258085.html
jobs.51job.com/all/co4258085.html
jobs.51job.com/all/co4258085.html
jobs.51job.com/all/co4258085.html
jobs.51job.com/all/co3286565.html
jobs.51job.com/all/co3286565.html
jobs.51job.com/all/co3286565.html
jobs.51job.com/all/co3286565.html
jobs.51job.com/all/co3286565.html
jobs.51job.com/all/co3286565.html
jobs.51job.com/all/co3286565.html
jobs.51job.com/all/co3286565.html
jobs.51job.com/all/co3286565.html
jobs.51job.com/all/co3286565.html
jobs.51job.com/all/co3286565.html
jobs.51job.com/all/co3286565.html
jobs.51job.com/all/co3286565.html
jobs.51job.com/all/co3286565.html
jobs.51job.com/all/co3286565.html
jobs.51job.com/all/co3286565.html
jobs.51job.com/all/co3286565.html
jobs.51job.com/all/co3286565.html
jobs.51job.com/all/co3286565.html
jobs.51job.com/all/co3286565.html
jobs.51job.com/all/co3286565.html
jobs.51job.com/all/co3286565.html
jobs.51job.com/all/co3286565.html
jobs.51job.com/all/co3286565.html
jobs.51job.com/all/co1999795.html
jobs.51job.com/all/co1999795.html
jobs.51job.com/all/co3277638.html
jobs.51job.com/all/co3277638.html
jobs.51job.com/all/co3277638.html
jobs.51job.com/all/co3277638.html
jobs.51job.com/all/co1451531.html
jobs.51job.com/all/co4493786.html
jobs.51job.com/all/co4493786.html
jobs.51job.com/all/co4493786.html
jobs.51job.com/all/co4493786.html
jobs.51job.com/all/co4493786.html
jobs.51job.com/all/co4493786.html
jobs.51job.com/all/co4493786.html
jobs.51job.com/all/co4493786.html
jobs.51job.com/all/co4493786.html
jobs.51job.com/all/co4493786.html
jobs.51job.com/all/co4493786.html
jobs.51job.com/all/co4493786.html
jobs.51job.com/all/co4493786.html
jobs.51job.com/all/co4493786.html
jobs.51job.com/all/co3520168.html
jobs.51job.com/all/co3520168.html
jobs.51job.com/all/co4754478.html
jobs.51job.com/all/co4754478.html
jobs.51job.com/all/co4754478.html
jobs.51job.com/all/co3929902.html
jobs.51job.com/all/co3929902.html
jobs.51job.com/all/co3929902.html
jobs.51job.com/all/co3929902.html
jobs.51job.com/all/co3929902.html
jobs.51job.com/all/co3929902.html
jobs.51job.com/all/co3929902.html
jobs.51job.com/all/co3929902.html
jobs.51job.com/all/co3261499.html
jobs.51job.com/all/co3261499.html
jobs.51job.com/all/co3261499.html
jobs.51job.com/all/co3261499.html
jobs.51job.com/all/co3261499.html
jobs.51job.com/all/co3261499.html
jobs.51job.com/all/co3261499.html
jobs.51job.com/all/co3261499.html
jobs.51job.com/all/co3261499.html
jobs.51job.com/all/co3261499.html
jobs.51job.com/all/co3261499.html
jobs.51job.com/all/co3261499.html
jobs.51job.com/all/co3261499.html
jobs.51job.com/all/co3261499.html
jobs.51job.com/all/co3261499.html
jobs.51job.com/all/co3261499.html
jobs.51job.com/all/co3261499.html
jobs.51job.com/all/co2275467.html
jobs.51job.com/all/co2647726.html
jobs.51job.com/all/co2647726.html
jobs.51job.com/all/co2647726.html
jobs.51job.com/all/co2647726.html
jobs.51job.com/all/co2647726.html
jobs.51job.com/all/co2647726.html
jobs.51job.com/all/co2647726.html
jobs.51job.com/all/co2647726.html
jobs.51job.com/all/co2647726.html
jobs.51job.com/all/co2647726.html
jobs.51job.com/all/co2647726.html
jobs.51job.com/all/co2647726.html
jobs.51job.com/all/co2647726.html
jobs.51job.com/all/co3916649.html
jobs.51job.com/all/co2010878.html
jobs.51job.com/all/co3520727.html
jobs.51job.com/all/co3520727.html
jobs.51job.com/all/co3520727.html
jobs.51job.com/all/co3520727.html
jobs.51job.com/all/co3520727.html
jobs.51job.com/all/co3520727.html
jobs.51job.com/all/co2637110.html
jobs.51job.com/all/co3101982.html
jobs.51job.com/all/co3101982.html
jobs.51job.com/all/co2608550.html
jobs.51job.com/all/co258998.html
jobs.51job.com/all/co3244264.html
jobs.51job.com/all/co3244264.html
jobs.51job.com/all/co3244264.html
jobs.51job.com/all/co3244264.html
jobs.51job.com/all/co3244264.html
jobs.51job.com/all/co4332844.html
jobs.51job.com/all/co3237428.html
jobs.51job.com/all/co3237428.html
jobs.51job.com/all/co3237428.html
jobs.51job.com/all/co711260.html
jobs.51job.com/all/co311660.html
jobs.51job.com/all/co311660.html
jobs.51job.com/all/co311660.html
jobs.51job.com/all/co4581979.html
jobs.51job.com/all/co4581979.html
jobs.51job.com/all/co3313861.html
jobs.51job.com/all/co3313861.html
jobs.51job.com/all/co3313861.html
jobs.51job.com/all/co3466977.html
jobs.51job.com/all/co3466977.html
jobs.51job.com/all/co2647745.html
jobs.51job.com/all/co2647745.html
jobs.51job.com/all/co2647745.html
jobs.51job.com/all/co2647745.html
jobs.51job.com/all/co2647745.html
jobs.51job.com/all/co4081939.html
jobs.51job.com/all/co3526840.html
jobs.51job.com/all/co4382837.html
jobs.51job.com/all/co2759653.html
jobs.51job.com/all/co2759653.html
jobs.51job.com/all/co2759653.html
jobs.51job.com/all/co586783.html
jobs.51job.com/all/co586783.html
jobs.51job.com/all/co3497834.html
jobs.51job.com/all/co2367742.html
jobs.51job.com/all/co2202262.html
jobs.51job.com/all/co2364694.html
jobs.51job.com/all/co4830682.html
jobs.51job.com/all/co4001862.html
jobs.51job.com/all/co3278427.html
jobs.51job.com/all/co4458808.html
jobs.51job.com/all/co4458808.html
jobs.51job.com/all/co4458808.html
jobs.51job.com/all/co4458808.html
jobs.51job.com/all/co2783155.html
jobs.51job.com/all/co2783155.html
jobs.51job.com/all/co2783155.html
jobs.51job.com/all/co2783155.html
jobs.51job.com/all/co2783155.html
jobs.51job.com/all/co2783155.html
jobs.51job.com/all/co2425973.html
jobs.51job.com/all/co4157347.html
jobs.51job.com/all/co2217168.html
jobs.51job.com/all/co4499549.html
jobs.51job.com/all/co2872354.html
jobs.51job.com/all/co2872354.html
jobs.51job.com/all/co2872354.html
jobs.51job.com/all/co2872354.html
jobs.51job.com/all/co4106793.html
jobs.51job.com/all/co4106793.html
jobs.51job.com/all/co2562334.html
jobs.51job.com/all/co2562334.html
jobs.51job.com/all/co3262920.html
jobs.51job.com/all/co2966770.html
jobs.51job.com/all/co3431019.html
jobs.51job.com/all/co3431019.html
jobs.51job.com/all/co4402642.html
jobs.51job.com/all/co4876272.html
jobs.51job.com/all/co4876272.html
jobs.51job.com/all/co4876272.html
jobs.51job.com/all/co4876272.html
jobs.51job.com/all/co4876272.html
jobs.51job.com/all/co4876272.html
jobs.51job.com/all/co4876272.html
jobs.51job.com/all/co4876272.html
jobs.51job.com/all/co4876272.html
jobs.51job.com/all/co4876272.html
jobs.51job.com/all/co4876272.html
jobs.51job.com/all/co4876272.html
jobs.51job.com/all/co4876272.html
jobs.51job.com/all/co4876272.html
jobs.51job.com/all/co842143.html
jobs.51job.com/all/co4670006.html
jobs.51job.com/all/co2018580.html
jobs.51job.com/all/co3213618.html
jobs.51job.com/all/co3228715.html
jobs.51job.com/all/co3228715.html
jobs.51job.com/all/co3228715.html
jobs.51job.com/all/co3228715.html
jobs.51job.com/all/co3228715.html
jobs.51job.com/all/co3228715.html
jobs.51job.com/all/co3403397.html
jobs.51job.com/all/co3403397.html
jobs.51job.com/all/co314407.html
jobs.51job.com/all/co314407.html
jobs.51job.com/all/co314407.html
jobs.51job.com/all/co314407.html
jobs.51job.com/all/co4467989.html
jobs.51job.com/all/co4467989.html
jobs.51job.com/all/co4467989.html
jobs.51job.com/all/co3152407.html
jobs.51job.com/all/co3152407.html
jobs.51job.com/all/co4610107.html
jobs.51job.com/all/co3905884.html
jobs.51job.com/all/co4240017.html
jobs.51job.com/all/co4240017.html
jobs.51job.com/all/co4240017.html
jobs.51job.com/all/co4240017.html
jobs.51job.com/all/co4195354.html
jobs.51job.com/all/co3432319.html
jobs.51job.com/all/co2275888.html
jobs.51job.com/all/co2275888.html
jobs.51job.com/all/co2111139.html
jobs.51job.com/all/co2111139.html
jobs.51job.com/all/co2111139.html
jobs.51job.com/all/co2111139.html
jobs.51job.com/all/co2111139.html
jobs.51job.com/all/co2111139.html
jobs.51job.com/all/co2693830.html
jobs.51job.com/all/co3905884.html
jobs.51job.com/all/co203773.html
jobs.51job.com/all/co4380279.html
jobs.51job.com/all/co4380279.html
jobs.51job.com/all/co4380279.html
jobs.51job.com/all/co4380279.html
jobs.51job.com/all/co4380279.html
jobs.51job.com/all/co4380279.html
jobs.51job.com/all/co3768172.html
jobs.51job.com/all/co3768172.html
jobs.51job.com/all/co3768172.html
jobs.51job.com/all/co2939891.html
jobs.51job.com/all/co2939891.html
jobs.51job.com/all/co2939891.html
jobs.51job.com/all/co2939891.html
jobs.51job.com/all/co2939891.html
jobs.51job.com/all/co2939891.html
jobs.51job.com/all/co2939891.html
jobs.51job.com/all/co2939891.html
jobs.51job.com/all/co2939891.html
jobs.51job.com/all/co3768172.html
jobs.51job.com/all/co2008199.html
jobs.51job.com/all/co270660.html
jobs.51job.com/all/co4807759.html
jobs.51job.com/all/co4807759.html
jobs.51job.com/all/co2771049.html
jobs.51job.com/all/co2651800.html
jobs.51job.com/all/co2651800.html
jobs.51job.com/all/co2651800.html
jobs.51job.com/all/co2651800.html
jobs.51job.com/all/co2651800.html
jobs.51job.com/all/co2651800.html
jobs.51job.com/all/co2651800.html
jobs.51job.com/all/co2651800.html
jobs.51job.com/all/co2651800.html
jobs.51job.com/all/co2651800.html
jobs.51job.com/all/co2651800.html
jobs.51job.com/all/co4522408.html
jobs.51job.com/all/co4522408.html
jobs.51job.com/all/co4522408.html
jobs.51job.com/all/co4522408.html
jobs.51job.com/all/co4522408.html
jobs.51job.com/all/co2469892.html
jobs.51job.com/all/co2469892.html
jobs.51job.com/all/co2469892.html
jobs.51job.com/all/co2469892.html
jobs.51job.com/all/co2469892.html
jobs.51job.com/all/co2469892.html
jobs.51job.com/all/co2469892.html
jobs.51job.com/all/co2469892.html
jobs.51job.com/all/co4673308.html
jobs.51job.com/all/co1999795.html
jobs.51job.com/all/co280491.html
jobs.51job.com/all/co2683858.html
jobs.51job.com/all/co3871843.html
jobs.51job.com/all/co4697155.html
jobs.51job.com/all/co4697155.html
jobs.51job.com/all/co3905884.html
jobs.51job.com/all/co3905884.html
jobs.51job.com/all/co3905884.html
jobs.51job.com/all/co3905884.html
jobs.51job.com/all/co4642962.html
jobs.51job.com/all/co4642962.html
jobs.51job.com/all/co4348518.html
jobs.51job.com/all/co4348518.html
jobs.51job.com/all/co4348518.html
jobs.51job.com/all/co4348518.html
jobs.51job.com/all/co4348518.html
jobs.51job.com/all/co4348518.html
jobs.51job.com/all/co4348518.html
jobs.51job.com/all/co4348518.html
jobs.51job.com/all/co4348518.html
jobs.51job.com/all/co4348226.html
jobs.51job.com/all/co4348226.html
jobs.51job.com/all/co4348226.html
jobs.51job.com/all/co4348226.html
jobs.51job.com/all/co4348518.html
jobs.51job.com/all/co4348518.html
jobs.51job.com/all/co4348226.html
jobs.51job.com/all/co4348518.html
jobs.51job.com/all/co365053.html
jobs.51job.com/all/co365053.html
jobs.51job.com/all/co4866518.html
jobs.51job.com/all/co3230101.html
jobs.51job.com/all/co3230101.html
jobs.51job.com/all/co2354227.html
jobs.51job.com/all/co2354227.html
jobs.51job.com/all/co2354227.html
jobs.51job.com/all/co2354227.html
jobs.51job.com/all/co4397249.html
jobs.51job.com/all/co4397249.html
jobs.51job.com/all/co3584445.html
jobs.51job.com/all/co2531079.html
jobs.51job.com/all/co3248001.html
jobs.51job.com/all/co3871129.html
jobs.51job.com/all/co3871129.html
jobs.51job.com/all/co3871129.html
jobs.51job.com/all/co3871129.html
jobs.51job.com/all/co571395.html
jobs.51job.com/all/co571395.html
jobs.51job.com/all/co571395.html
jobs.51job.com/all/co571395.html
jobs.51job.com/all/co2648173.html
jobs.51job.com/all/co4815858.html
jobs.51job.com/all/co2186822.html
jobs.51job.com/all/co2186822.html
jobs.51job.com/all/co2186822.html
jobs.51job.com/all/co2186822.html
jobs.51job.com/all/co2057998.html
jobs.51job.com/all/co3998513.html
jobs.51job.com/all/co2623771.html
jobs.51job.com/all/co2623771.html
jobs.51job.com/all/co2623771.html
jobs.51job.com/all/co2189254.html
jobs.51job.com/all/co2189254.html
jobs.51job.com/all/co750922.html
jobs.51job.com/all/co2749331.html
jobs.51job.com/all/co2749331.html
jobs.51job.com/all/co2749331.html
jobs.51job.com/all/co2749331.html
jobs.51job.com/all/co2624447.html
jobs.51job.com/all/co2624447.html
jobs.51job.com/all/co3068863.html
jobs.51job.com/all/co3068863.html
jobs.51job.com/all/co3068863.html
jobs.51job.com/all/co3068863.html
jobs.51job.com/all/co2057998.html
jobs.51job.com/all/co4807759.html
jobs.51job.com/all/co4807759.html
jobs.51job.com/all/co4349060.html
jobs.51job.com/all/co4349060.html
jobs.51job.com/all/co4349060.html
jobs.51job.com/all/co4349060.html
jobs.51job.com/all/co4349060.html
jobs.51job.com/all/co4349060.html
jobs.51job.com/all/co4349060.html
jobs.51job.com/all/co4349060.html
jobs.51job.com/all/co4349060.html
jobs.51job.com/all/co4349060.html
jobs.51job.com/all/co4349060.html
jobs.51job.com/all/co4349060.html
jobs.51job.com/all/co4349060.html
jobs.51job.com/all/co4349060.html
jobs.51job.com/all/co4349060.html
jobs.51job.com/all/co4349060.html
jobs.51job.com/all/co4349060.html
jobs.51job.com/all/co4349060.html
jobs.51job.com/all/co4349060.html
jobs.51job.com/all/co4349060.html
jobs.51job.com/all/co4349060.html
jobs.51job.com/all/co4349060.html
jobs.51job.com/all/co4349060.html
jobs.51job.com/all/co4349060.html
jobs.51job.com/all/co4450754.html
jobs.51job.com/all/co2660599.html
jobs.51job.com/all/co2660599.html
jobs.51job.com/all/co2057998.html
jobs.51job.com/all/co2243724.html
jobs.51job.com/all/co2547762.html
jobs.51job.com/all/co2547762.html
jobs.51job.com/all/co2547762.html
jobs.51job.com/all/co2203036.html
jobs.51job.com/all/co2203036.html
jobs.51job.com/all/co2203036.html
jobs.51job.com/all/co2243724.html
jobs.51job.com/all/co2243724.html
jobs.51job.com/all/co2243724.html
jobs.51job.com/all/co2243724.html
jobs.51job.com/all/co825739.html
jobs.51job.com/all/co825739.html
jobs.51job.com/all/co825739.html
jobs.51job.com/all/co2601152.html
jobs.51job.com/all/co2601152.html
jobs.51job.com/all/co2601152.html
jobs.51job.com/all/co2601152.html
jobs.51job.com/all/co2601152.html
jobs.51job.com/all/co2601152.html
jobs.51job.com/all/co4348535.html
jobs.51job.com/all/co4348535.html
jobs.51job.com/all/co4483860.html
jobs.51job.com/all/co2430203.html
jobs.51job.com/all/co4422180.html
jobs.51job.com/all/co3789674.html
jobs.51job.com/all/co3789674.html
jobs.51job.com/all/co3618482.html
jobs.51job.com/all/co3618482.html
jobs.51job.com/all/co3618482.html
jobs.51job.com/all/co2318464.html
jobs.51job.com/all/co2318464.html
jobs.51job.com/all/co3005867.html
jobs.51job.com/all/co3005867.html
jobs.51job.com/all/co3005867.html
jobs.51job.com/all/co4139809.html
jobs.51job.com/all/co2014283.html
jobs.51job.com/all/co4323412.html
jobs.51job.com/all/co321548.html
jobs.51job.com/all/co4591775.html
jobs.51job.com/all/co4591775.html
jobs.51job.com/all/co2338021.html
jobs.51job.com/all/co4733303.html
jobs.51job.com/all/co4733303.html
jobs.51job.com/all/co3473625.html
jobs.51job.com/all/co3473625.html
jobs.51job.com/all/co3473625.html
jobs.51job.com/all/co3473625.html
jobs.51job.com/all/co3473625.html
jobs.51job.com/all/co3473625.html
jobs.51job.com/all/co3473625.html
jobs.51job.com/all/co3473625.html
jobs.51job.com/all/co3473625.html
jobs.51job.com/all/co3473625.html
jobs.51job.com/all/co3473625.html
jobs.51job.com/all/co3473625.html
jobs.51job.com/all/co3473625.html
jobs.51job.com/all/co3473625.html
jobs.51job.com/all/co3473625.html
jobs.51job.com/all/co3473625.html
jobs.51job.com/all/co3473625.html
jobs.51job.com/all/co3473625.html
jobs.51job.com/all/co3473625.html
jobs.51job.com/all/co3473625.html
jobs.51job.com/all/co3473625.html
jobs.51job.com/all/co3473625.html
jobs.51job.com/all/co3473625.html
jobs.51job.com/all/co3473625.html
jobs.51job.com/all/co3473625.html
jobs.51job.com/all/co3473625.html
jobs.51job.com/all/co3473625.html
jobs.51job.com/all/co3473625.html
jobs.51job.com/all/co3473625.html
jobs.51job.com/all/co3473625.html
jobs.51job.com/all/co3473625.html
jobs.51job.com/all/co3473625.html
jobs.51job.com/all/co3473625.html
jobs.51job.com/all/co3473625.html
jobs.51job.com/all/co3473625.html
jobs.51job.com/all/co3473625.html
jobs.51job.com/all/co3473625.html
jobs.51job.com/all/co3473625.html
jobs.51job.com/all/co3473625.html
jobs.51job.com/all/co3473625.html
jobs.51job.com/all/co3473625.html
jobs.51job.com/all/co3473625.html
jobs.51job.com/all/co3473625.html
jobs.51job.com/all/co3473625.html
jobs.51job.com/all/co3473625.html
jobs.51job.com/all/co3473625.html
jobs.51job.com/all/co3473625.html
jobs.51job.com/all/co3473625.html
jobs.51job.com/all/co3473625.html
jobs.51job.com/all/co3473625.html
jobs.51job.com/all/co3473625.html
jobs.51job.com/all/co3473625.html
jobs.51job.com/all/co3473625.html
jobs.51job.com/all/co744251.html
jobs.51job.com/all/co3719796.html
jobs.51job.com/all/co3719796.html
jobs.51job.com/all/co3719796.html
jobs.51job.com/all/co3719796.html
jobs.51job.com/all/co3719796.html
jobs.51job.com/all/co3719796.html
jobs.51job.com/all/co3719796.html
jobs.51job.com/all/co3719796.html
jobs.51job.com/all/co3719796.html
jobs.51job.com/all/co3719796.html
jobs.51job.com/all/co3719796.html
jobs.51job.com/all/co3719796.html
jobs.51job.com/all/co3719796.html
jobs.51job.com/all/co2531783.html
jobs.51job.com/all/co4429475.html
jobs.51job.com/all/co4429475.html
jobs.51job.com/all/co4429475.html
jobs.51job.com/all/co4123901.html
jobs.51job.com/all/co1611383.html
jobs.51job.com/all/co1611383.html
jobs.51job.com/all/co1611383.html
jobs.51job.com/all/co3827870.html
jobs.51job.com/all/co3827870.html
jobs.51job.com/all/co2932295.html
jobs.51job.com/all/co3785671.html
jobs.51job.com/all/co3785671.html
jobs.51job.com/all/co2913559.html
jobs.51job.com/all/co2913559.html
jobs.51job.com/all/co2913559.html
jobs.51job.com/all/co2913559.html
jobs.51job.com/all/co4149088.html
jobs.51job.com/all/co2226837.html
jobs.51job.com/all/co2226837.html
jobs.51job.com/all/co313786.html
jobs.51job.com/all/co4768605.html
jobs.51job.com/all/co4768605.html
jobs.51job.com/all/co313786.html
jobs.51job.com/all/co313786.html
jobs.51job.com/all/co4689570.html
jobs.51job.com/all/co4369809.html
jobs.51job.com/all/co4369809.html
jobs.51job.com/all/co3975756.html
jobs.51job.com/all/co3905884.html
jobs.51job.com/all/co4318825.html
jobs.51job.com/all/co3239933.html
jobs.51job.com/all/co3716531.html
jobs.51job.com/all/co3716531.html
jobs.51job.com/all/co4866161.html
jobs.51job.com/all/co3785671.html
jobs.51job.com/all/co2579585.html
jobs.51job.com/all/co2579585.html
jobs.51job.com/all/co4393398.html
jobs.51job.com/all/co4393398.html
jobs.51job.com/all/co4393398.html
jobs.51job.com/all/co2921861.html
jobs.51job.com/all/co2921861.html
jobs.51job.com/all/co4039061.html
jobs.51job.com/all/co4039061.html
jobs.51job.com/all/co4374699.html
jobs.51job.com/all/co4374699.html
jobs.51job.com/all/co4374699.html
jobs.51job.com/all/co4374699.html
jobs.51job.com/all/co4374699.html
jobs.51job.com/all/co4025049.html
jobs.51job.com/all/co4025049.html
jobs.51job.com/all/co4025049.html
jobs.51job.com/all/co4025049.html
jobs.51job.com/all/co4025049.html
jobs.51job.com/all/co4025049.html
jobs.51job.com/all/co4025049.html
jobs.51job.com/all/co4025049.html
jobs.51job.com/all/co4025049.html
jobs.51job.com/all/co4025049.html
jobs.51job.com/all/co4025049.html
jobs.51job.com/all/co4025049.html
jobs.51job.com/all/co2132439.html
jobs.51job.com/all/co2132439.html
jobs.51job.com/all/co2132439.html
jobs.51job.com/all/co2132439.html
jobs.51job.com/all/co2913974.html
jobs.51job.com/all/co2977945.html
jobs.51job.com/all/co3163391.html
jobs.51job.com/all/co3163391.html
jobs.51job.com/all/co3163391.html
jobs.51job.com/all/co3163391.html
jobs.51job.com/all/co2499266.html
jobs.51job.com/all/co2499266.html
jobs.51job.com/all/co3789674.html
jobs.51job.com/all/co960251.html
jobs.51job.com/all/co4405191.html
jobs.51job.com/all/co4405191.html
jobs.51job.com/all/co3953726.html
jobs.51job.com/all/co4036423.html
jobs.51job.com/all/co3802192.html
jobs.51job.com/all/co4136158.html
jobs.51job.com/all/co4136158.html
jobs.51job.com/all/co4136158.html
jobs.51job.com/all/co4136158.html
jobs.51job.com/all/co4136158.html
jobs.51job.com/all/co4136158.html
jobs.51job.com/all/co4136158.html
jobs.51job.com/all/co2499266.html
jobs.51job.com/all/co3252788.html
jobs.51job.com/all/co4062432.html
jobs.51job.com/all/co4062432.html
jobs.51job.com/all/co4062432.html
jobs.51job.com/all/co3640634.html
jobs.51job.com/all/co4405191.html
jobs.51job.com/all/co2753367.html
jobs.51job.com/all/co2364694.html
jobs.51job.com/all/co1682798.html
jobs.51job.com/all/co1682798.html
jobs.51job.com/all/co2047979.html
jobs.51job.com/all/co4676005.html
jobs.51job.com/all/co3442155.html
jobs.51job.com/all/co3442155.html
jobs.51job.com/all/co2683858.html
jobs.51job.com/all/co3287725.html
jobs.51job.com/all/co3765103.html
jobs.51job.com/all/co4405191.html
jobs.51job.com/all/co4405191.html
jobs.51job.com/all/co4405191.html
jobs.51job.com/all/co4405191.html
jobs.51job.com/all/co4405191.html
jobs.51job.com/all/co4405191.html
jobs.51job.com/all/co4405191.html
jobs.51job.com/all/co4405191.html
jobs.51job.com/all/co4405191.html
jobs.51job.com/all/co4405191.html
jobs.51job.com/all/co4405191.html
jobs.51job.com/all/co4405191.html
jobs.51job.com/all/co4405191.html
jobs.51job.com/all/co4405191.html
jobs.51job.com/all/co4405191.html
jobs.51job.com/all/co4405191.html
jobs.51job.com/all/co4405191.html
jobs.51job.com/all/co3998513.html
jobs.51job.com/all/co2857093.html
jobs.51job.com/all/co2857093.html
jobs.51job.com/all/co2857093.html
jobs.51job.com/all/co2857093.html
jobs.51job.com/all/co2683858.html
jobs.51job.com/all/co2273152.html
jobs.51job.com/all/co2870418.html
jobs.51job.com/all/co4682956.html
jobs.51job.com/all/co4682956.html
jobs.51job.com/all/co4682956.html
jobs.51job.com/all/co4682956.html
jobs.51job.com/all/co4682956.html
jobs.51job.com/all/co4682956.html
jobs.51job.com/all/co4682956.html
jobs.51job.com/all/co4682956.html
jobs.51job.com/all/co2870418.html
jobs.51job.com/all/co2683858.html
jobs.51job.com/all/co2683858.html
jobs.51job.com/all/co2683858.html
jobs.51job.com/all/co4838076.html
jobs.51job.com/all/co2273152.html
ldjt.51job.com/job_list2.php?company=2465150
jobs.51job.com/all/co2273152.html
jobs.51job.com/all/co2273152.html
jobs.51job.com/all/co2273152.html
jobs.51job.com/all/co3949419.html
jobs.51job.com/all/co2457882.html
jobs.51job.com/all/co2457882.html
jobs.51job.com/all/co2457882.html
jobs.51job.com/all/co2457882.html
jobs.51job.com/all/co2457882.html
jobs.51job.com/all/co2457882.html
jobs.51job.com/all/co267328.html
jobs.51job.com/all/co267328.html
jobs.51job.com/all/co267328.html
jobs.51job.com/all/co267328.html
jobs.51job.com/all/co4422180.html
jobs.51job.com/all/co2956474.html
jobs.51job.com/all/co2566159.html
jobs.51job.com/all/co2566159.html
jobs.51job.com/all/co2748345.html
jobs.51job.com/all/co4033048.html
jobs.51job.com/all/co3292644.html
jobs.51job.com/all/co3292644.html
jobs.51job.com/all/co3292644.html
jobs.51job.com/all/co2760013.html
jobs.51job.com/all/co2760013.html
jobs.51job.com/all/co548848.html
jobs.51job.com/all/co2186822.html
jobs.51job.com/all/co2572528.html
jobs.51job.com/all/co2363313.html
jobs.51job.com/all/co4373599.html
jobs.51job.com/all/co4139809.html
jobs.51job.com/all/co3701664.html
jobs.51job.com/all/co4326946.html
jobs.51job.com/all/co3573536.html
jobs.51job.com/all/co2870336.html
jobs.51job.com/all/co4809911.html
jobs.51job.com/all/co4809911.html
jobs.51job.com/all/co4809911.html
jobs.51job.com/all/co3998513.html
jobs.51job.com/all/co3265585.html
jobs.51job.com/all/co3910156.html
jobs.51job.com/all/co3265585.html
jobs.51job.com/all/co2686637.html
jobs.51job.com/all/co2686637.html
jobs.51job.com/all/co4332975.html
jobs.51job.com/all/co2391590.html
jobs.51job.com/all/co3998513.html
jobs.51job.com/all/co3998513.html
jobs.51job.com/all/co2318464.html
jobs.51job.com/all/co4215977.html
jobs.51job.com/all/co4215977.html
jobs.51job.com/all/co4215977.html
jobs.51job.com/all/co4215977.html
jobs.51job.com/all/co4109500.html
jobs.51job.com/all/co4109500.html
jobs.51job.com/all/co4109500.html
jobs.51job.com/all/co2637110.html
jobs.51job.com/all/co549249.html
jobs.51job.com/all/co549249.html
jobs.51job.com/all/co3645561.html
jobs.51job.com/all/co185317.html
jobs.51job.com/all/co4446533.html
jobs.51job.com/all/co4446533.html
jobs.51job.com/all/co2890946.html
jobs.51job.com/all/co2890946.html
jobs.51job.com/all/co2890946.html
jobs.51job.com/all/co2890946.html
jobs.51job.com/all/co2890946.html
jobs.51job.com/all/co2890946.html
jobs.51job.com/all/co2578146.html
jobs.51job.com/all/co2269262.html
jobs.51job.com/all/co4707603.html
jobs.51job.com/all/co4754478.html
jobs.51job.com/all/co4754478.html
jobs.51job.com/all/co4754478.html
jobs.51job.com/all/co4851795.html
jobs.51job.com/all/co4318825.html
jobs.51job.com/all/co4318825.html
jobs.51job.com/all/co4318825.html
jobs.51job.com/all/co4318825.html
jobs.51job.com/all/co4318825.html
jobs.51job.com/all/co4318825.html
jobs.51job.com/all/co4318825.html
jobs.51job.com/all/co4318825.html
jobs.51job.com/all/co4318825.html
jobs.51job.com/all/co4318825.html
jobs.51job.com/all/co4318825.html
jobs.51job.com/all/co4318825.html
jobs.51job.com/all/co4930434.html
jobs.51job.com/all/co4049133.html
jobs.51job.com/all/co3039788.html
jobs.51job.com/all/co3039788.html
jobs.51job.com/all/co3039788.html
jobs.51job.com/all/co4188639.html
jobs.51job.com/all/co3416944.html
jobs.51job.com/all/co4318825.html
jobs.51job.com/all/co4318825.html
jobs.51job.com/all/co3397246.html
jobs.51job.com/all/co3397246.html
jobs.51job.com/all/co3535387.html
jobs.51job.com/all/co2769378.html
jobs.51job.com/all/co4378173.html
jobs.51job.com/all/co4215977.html
jobs.51job.com/all/co4215977.html
jobs.51job.com/all/co4831458.html
jobs.51job.com/all/co1533175.html
jobs.51job.com/all/co255538.html
jobs.51job.com/all/co255538.html
jobs.51job.com/all/co2265737.html
jobs.51job.com/all/co4704182.html
jobs.51job.com/all/co4704182.html
jobs.51job.com/all/co4704182.html
jobs.51job.com/all/co4106293.html
jobs.51job.com/all/co4106293.html
jobs.51job.com/all/co4106293.html
jobs.51job.com/all/co4803726.html
jobs.51job.com/all/co3560814.html
jobs.51job.com/all/co3560814.html
jobs.51job.com/all/co3560814.html
jobs.51job.com/all/co4082801.html
jobs.51job.com/all/co4131771.html
jobs.51job.com/all/co4053701.html
jobs.51job.com/all/co4549378.html
jobs.51job.com/all/co2432626.html
jobs.51job.com/all/co4304434.html
jobs.51job.com/all/co4304434.html
jobs.51job.com/all/co2426977.html
jobs.51job.com/all/co2186822.html
jobs.51job.com/all/co2186822.html
jobs.51job.com/all/co4190455.html
jobs.51job.com/all/co2935613.html
jobs.51job.com/all/co534244.html
jobs.51job.com/all/co2189033.html
jobs.51job.com/all/co2189033.html
jobs.51job.com/all/co4218675.html
jobs.51job.com/all/co4218675.html
jobs.51job.com/all/co3894021.html
jobs.51job.com/all/co3894021.html
jobs.51job.com/all/co3894021.html
jobs.51job.com/all/co2827497.html
jobs.51job.com/all/co2827497.html
jobs.51job.com/all/co2827497.html
jobs.51job.com/all/co2827497.html
jobs.51job.com/all/co4053701.html
jobs.51job.com/all/co3853215.html
jobs.51job.com/all/co2893133.html
jobs.51job.com/all/co135210.html
jobs.51job.com/all/co3939677.html
jobs.51job.com/all/co2499266.html
jobs.51job.com/all/co2499266.html
jobs.51job.com/all/co2499266.html
jobs.51job.com/all/co2499266.html
jobs.51job.com/all/co2683858.html
jobs.51job.com/all/co2367742.html
jobs.51job.com/all/co2367742.html
jobs.51job.com/all/co2367742.html
jobs.51job.com/all/co4821053.html
jobs.51job.com/all/co4332975.html
jobs.51job.com/all/co2625469.html
jobs.51job.com/all/co143288.html
jobs.51job.com/all/co143288.html
jobs.51job.com/all/co2189254.html
jobs.51job.com/all/co3097649.html
jobs.51job.com/all/co2428744.html
jobs.51job.com/all/co2428744.html
jobs.51job.com/all/co2360578.html
jobs.51job.com/all/co4332975.html
jobs.51job.com/all/co4332975.html
jobs.51job.com/all/co314407.html
jobs.51job.com/all/co314407.html
jobs.51job.com/all/co2774174.html
jobs.51job.com/all/co3277638.html
jobs.51job.com/all/co2719901.html
jobs.51job.com/all/co2719901.html
jobs.51job.com/all/co2719901.html
jobs.51job.com/all/co2719901.html
jobs.51job.com/all/co2719901.html
jobs.51job.com/all/co2719901.html
jobs.51job.com/all/co2719901.html
jobs.51job.com/all/co3277638.html
jobs.51job.com/all/co3573536.html
jobs.51job.com/all/co2243724.html
jobs.51job.com/all/co2243724.html
jobs.51job.com/all/co2243724.html
jobs.51job.com/all/co2243724.html
jobs.51job.com/all/co2243724.html
jobs.51job.com/all/co3869623.html
jobs.51job.com/all/co477750.html
jobs.51job.com/all/co3239933.html
jobs.51job.com/all/co3568211.html
jobs.51job.com/all/co708252.html
jobs.51job.com/all/co2686637.html
jobs.51job.com/all/co240055.html
jobs.51job.com/all/co240055.html
jobs.51job.com/all/co240055.html
jobs.51job.com/all/co2106010.html
jobs.51job.com/all/co932378.html
jobs.51job.com/all/co600301.html
jobs.51job.com/all/co600301.html
jobs.51job.com/all/co2403779.html
jobs.51job.com/all/co2403779.html
jobs.51job.com/all/co2403779.html
jobs.51job.com/all/co4261602.html
jobs.51job.com/all/co3059729.html
jobs.51job.com/all/co3059729.html
jobs.51job.com/all/co2256730.html
jobs.51job.com/all/co2256730.html
jobs.51job.com/all/co2256730.html
jobs.51job.com/all/co126247.html
jobs.51job.com/all/co3005867.html
jobs.51job.com/all/co4773800.html
jobs.51job.com/all/co4773800.html
jobs.51job.com/all/co3853451.html
jobs.51job.com/all/co135210.html
jobs.51job.com/all/co4707603.html
jobs.51job.com/all/co4707603.html
jobs.51job.com/all/co2513358.html
jobs.51job.com/all/co227634.html
jobs.51job.com/all/co3789674.html
jobs.51job.com/all/co2014283.html
jobs.51job.com/all/co3794328.html
jobs.51job.com/all/co3828700.html
jobs.51job.com/all/co3791371.html
jobs.51job.com/all/co3791371.html
jobs.51job.com/all/co3791371.html
jobs.51job.com/all/co3791371.html
jobs.51job.com/all/co4147555.html
jobs.51job.com/all/co173940.html
jobs.51job.com/all/co173940.html
jobs.51job.com/all/co3828700.html
jobs.51job.com/all/co365053.html
jobs.51job.com/all/co365053.html
jobs.51job.com/all/co3828700.html
jobs.51job.com/all/co4899704.html
jobs.51job.com/all/co2558553.html
jobs.51job.com/all/co4468142.html
jobs.51job.com/all/co4468142.html
jobs.51job.com/all/co4468142.html
jobs.51job.com/all/co4468142.html
jobs.51job.com/all/co4468142.html
jobs.51job.com/all/co4468142.html
jobs.51job.com/all/co2624235.html
jobs.51job.com/all/co4773800.html
jobs.51job.com/all/co549047.html
jobs.51job.com/all/co3659093.html
jobs.51job.com/all/co3397905.html
jobs.51job.com/all/co3397905.html
jobs.51job.com/all/co3702831.html
jobs.51job.com/all/co3702831.html
jobs.51job.com/all/co2643844.html
jobs.51job.com/all/co4843299.html
jobs.51job.com/all/co4189505.html
jobs.51job.com/all/co4136158.html
jobs.51job.com/all/co939259.html
jobs.51job.com/all/co4147555.html
jobs.51job.com/all/co4397402.html
jobs.51job.com/all/co2309394.html
jobs.51job.com/all/co1987232.html
jobs.51job.com/all/co1987232.html
jobs.51job.com/all/co1987232.html
jobs.51job.com/all/co4140384.html
jobs.51job.com/all/co3045422.html
jobs.51job.com/all/co2243724.html
jobs.51job.com/all/co4358024.html
jobs.51job.com/all/co4358024.html
jobs.51job.com/all/co3106626.html
jobs.51job.com/all/co3261499.html
jobs.51job.com/all/co2872354.html
jobs.51job.com/all/co4876272.html
jobs.51job.com/all/co2939891.html
jobs.51job.com/all/co3768172.html
jobs.51job.com/all/co2469892.html
jobs.51job.com/all/co2354227.html
jobs.51job.com/all/co2354227.html
jobs.51job.com/all/co2354227.html
jobs.51job.com/all/co2354227.html
jobs.51job.com/all/co2354227.html
jobs.51job.com/all/co2354227.html
jobs.51job.com/all/co2243724.html
jobs.51job.com/all/co2573368.html
jobs.51job.com/all/co700749.html
jobs.51job.com/all/co3473625.html
jobs.51job.com/all/co2226837.html
jobs.51job.com/all/co4768605.html
jobs.51job.com/all/co4768605.html
jobs.51job.com/all/co4768605.html
jobs.51job.com/all/co3785671.html
jobs.51job.com/all/co939259.html
jobs.51job.com/all/co939259.html
jobs.51job.com/all/co939259.html
jobs.51job.com/all/co939259.html
jobs.51job.com/all/co939259.html
jobs.51job.com/all/co4011705.html
jobs.51job.com/all/co3397246.html
jobs.51job.com/all/co4102354.html
jobs.51job.com/all/co2186822.html
