jobs.51job.com/all/co4128066.html
jobs.51job.com/all/co3068135.html
jobs.51job.com/all/co2819532.html
jobs.51job.com/all/co2467938.html
jobs.51job.com/all/co4120426.html
jobs.51job.com/all/co4271482.html
jobs.51job.com/all/co2902652.html
jobs.51job.com/all/co4443814.html
jobs.51job.com/all/co4803340.html
jobs.51job.com/all/co3000780.html
jobs.51job.com/all/co4207248.html
jobs.51job.com/all/co4562311.html
jobs.51job.com/all/co3533498.html
jobs.51job.com/all/co4766912.html
jobs.51job.com/all/co3153019.html
jobs.51job.com/all/co3925736.html
jobs.51job.com/all/co3658454.html
jobs.51job.com/all/co2060326.html
jobs.51job.com/all/co4915654.html
jobs.51job.com/all/co3463276.html
jobs.51job.com/all/co2713729.html
jobs.51job.com/all/co3061862.html
jobs.51job.com/all/co3660241.html
jobs.51job.com/all/co2782989.html
jobs.51job.com/all/co3149833.html
jobs.51job.com/all/co4193134.html
jobs.51job.com/all/co2820587.html
jobs.51job.com/all/co2597901.html
jobs.51job.com/all/co2792092.html
jobs.51job.com/all/co4026018.html
jobs.51job.com/all/co4875606.html
jobs.51job.com/all/co3862576.html
jobs.51job.com/all/co3033948.html
jobs.51job.com/all/co4856673.html
jobs.51job.com/all/co4520083.html
jobs.51job.com/all/co171483.html
jobs.51job.com/all/co4215584.html
jobs.51job.com/all/co3880427.html
jobs.51job.com/all/co2496012.html
jobs.51job.com/all/co3867260.html
jobs.51job.com/all/co158612.html
jobs.51job.com/all/co3770669.html
jobs.51job.com/all/co4843454.html
jobs.51job.com/all/co4834903.html
jobs.51job.com/all/co2730444.html
jobs.51job.com/all/co1986272.html
jobs.51job.com/all/co4419892.html
jobs.51job.com/all/co2340469.html
jobs.51job.com/all/co3959546.html
jobs.51job.com/all/co4128048.html
jobs.51job.com/all/co4182334.html
jobs.51job.com/all/co4293741.html
jobs.51job.com/all/co2778712.html
jobs.51job.com/all/co2757297.html
jobs.51job.com/all/co2679697.html
jobs.51job.com/all/co3001191.html
jobs.51job.com/all/co607765.html
jobs.51job.com/all/co3965382.html
jobs.51job.com/all/co4062796.html
jobs.51job.com/all/co3528426.html
jobs.51job.com/all/co2023580.html
jobs.51job.com/all/co2999839.html
jobs.51job.com/all/co4929241.html
jobs.51job.com/all/co2182648.html
jobs.51job.com/all/co3574012.html
jobs.51job.com/all/co2669241.html
jobs.51job.com/all/co2942143.html
jobs.51job.com/all/co3021459.html
jobs.51job.com/all/co2651800.html
jobs.51job.com/all/co2503788.html
jobs.51job.com/all/co3319973.html
jobs.51job.com/all/co2370244.html
jobs.51job.com/all/co3060604.html
jobs.51job.com/all/co2763838.html
jobs.51job.com/all/co2312098.html
jobs.51job.com/all/co4903749.html
jobs.51job.com/all/co3370725.html
jobs.51job.com/all/co2018079.html
jobs.51job.com/all/co2566311.html
jobs.51job.com/all/co3389698.html
jobs.51job.com/all/co4948296.html
jobs.51job.com/all/co2120911.html
jobs.51job.com/all/co3149206.html
jobs.51job.com/all/co4349860.html
jobs.51job.com/all/co3247823.html
jobs.51job.com/all/co2111048.html
jobs.51job.com/all/co3676313.html
jobs.51job.com/all/co2501502.html
jobs.51job.com/all/co4200382.html
jobs.51job.com/all/co4332627.html
jobs.51job.com/all/co2350071.html
jobs.51job.com/all/co4131800.html
jobs.51job.com/all/co4702342.html
jobs.51job.com/all/co4670222.html
jobs.51job.com/all/co1500352.html
jobs.51job.com/all/co3438745.html
jobs.51job.com/all/co4913355.html
jobs.51job.com/all/co4846061.html
jobs.51job.com/all/co2322398.html
jobs.51job.com/all/co4004373.html
jobs.51job.com/all/co3133699.html
jobs.51job.com/all/co3741445.html
jobs.51job.com/all/co3354267.html
jobs.51job.com/all/co964818.html
jobs.51job.com/all/co2900809.html
jobs.51job.com/all/co4572307.html
jobs.51job.com/all/co4597556.html
jobs.51job.com/all/co4410635.html
jobs.51job.com/all/co4901704.html
jobs.51job.com/all/co2511644.html
jobs.51job.com/all/co4415550.html
jobs.51job.com/all/co3137603.html
jobs.51job.com/all/co3290377.html
jobs.51job.com/all/co3441374.html
jobs.51job.com/all/co3759376.html
jobs.51job.com/all/co4401986.html
jobs.51job.com/all/co3022396.html
jobs.51job.com/all/co4722367.html
jobs.51job.com/all/co3092620.html
jobs.51job.com/all/co4802380.html
jobs.51job.com/all/co4729602.html
jobs.51job.com/all/co2927355.html
jobs.51job.com/all/co2430514.html
jobs.51job.com/all/co3762959.html
jobs.51job.com/all/co2318824.html
jobs.51job.com/all/co3699605.html
zjsj.51job.com/
jobs.51job.com/all/co4354850.html
jobs.51job.com/all/co3350356.html
jobs.51job.com/all/co4069938.html
jobs.51job.com/all/co2439492.html
jobs.51job.com/all/co2679791.html
jobs.51job.com/all/co3941553.html
jobs.51job.com/all/co3599631.html
jobs.51job.com/all/co2907021.html
jobs.51job.com/all/co2115296.html
jobs.51job.com/all/co2035564.html
jobs.51job.com/all/co2124049.html
jobs.51job.com/all/co4493684.html
jobs.51job.com/all/co3226509.html
jobs.51job.com/all/co4199953.html
jobs.51job.com/all/co2413641.html
jobs.51job.com/all/co4440815.html
jobs.51job.com/all/co2591430.html
jobs.51job.com/all/co4603104.html
jobs.51job.com/all/co4919447.html
jobs.51job.com/all/co3423334.html
jobs.51job.com/all/co2606434.html
jobs.51job.com/all/co3897708.html
jobs.51job.com/all/co265056.html
jobs.51job.com/all/co3993746.html
jobs.51job.com/all/co4380194.html
jobs.51job.com/all/co196151.html
jobs.51job.com/all/co4676332.html
jobs.51job.com/all/co4294642.html
jobs.51job.com/all/co4761455.html
jobs.51job.com/all/co2566660.html
jobs.51job.com/all/co2695039.html
jobs.51job.com/all/co2644398.html
jobs.51job.com/all/co2986089.html
jobs.51job.com/all/co4851571.html
jobs.51job.com/all/co4348839.html
jobs.51job.com/all/co2527230.html
jobs.51job.com/all/co4279314.html
jobs.51job.com/all/co3438193.html
jobs.51job.com/all/co2933014.html
jobs.51job.com/all/co4289299.html
jobs.51job.com/all/co3009992.html
jobs.51job.com/all/co2520563.html
jobs.51job.com/all/co4591706.html
jobs.51job.com/all/co3270878.html
jobs.51job.com/all/co4875146.html
jobs.51job.com/all/co2996825.html
jobs.51job.com/all/co2930208.html
jobs.51job.com/all/co3765083.html
jobs.51job.com/all/co3475815.html
jobs.51job.com/all/co312040.html
jobs.51job.com/all/co217711.html
jobs.51job.com/all/co4305724.html
jobs.51job.com/all/co2592144.html
jobs.51job.com/all/co4708879.html
jobs.51job.com/all/co4393331.html
jobs.51job.com/all/co4074472.html
jobs.51job.com/all/co2751422.html
jobs.51job.com/all/co4610604.html
jobs.51job.com/all/co3090713.html
jobs.51job.com/all/co3749199.html
jobs.51job.com/all/co4665089.html
jobs.51job.com/all/co2802025.html
jobs.51job.com/all/co2986172.html
jobs.51job.com/all/co4845504.html
jobs.51job.com/all/co4610653.html
jobs.51job.com/all/co3194204.html
jobs.51job.com/all/co4126730.html
jobs.51job.com/all/co4281669.html
jobs.51job.com/all/co4365473.html
jobs.51job.com/all/co4191198.html
jobs.51job.com/all/co2761999.html
jobs.51job.com/all/co2426167.html
jobs.51job.com/all/co2940736.html
jobs.51job.com/all/co3517815.html
jobs.51job.com/all/co4955023.html
jobs.51job.com/all/co3403393.html
jobs.51job.com/all/co3435651.html
jobs.51job.com/all/co3884654.html
jobs.51job.com/all/co2409388.html
jobs.51job.com/all/co2395175.html
jobs.51job.com/all/co2950133.html
jobs.51job.com/all/co4672222.html
jobs.51job.com/all/co4952302.html
jobs.51job.com/all/co4951311.html
jobs.51job.com/all/co4562771.html
jobs.51job.com/all/co3828572.html
jobs.51job.com/all/co2214617.html
jobs.51job.com/all/co4903858.html
jobs.51job.com/all/co2616596.html
jobs.51job.com/all/co4641772.html
jobs.51job.com/all/co4664894.html
jobs.51job.com/all/co2736504.html
jobs.51job.com/all/co3902765.html
jobs.51job.com/all/co3635677.html
jobs.51job.com/all/co2856693.html
jobs.51job.com/all/co2987117.html
jobs.51job.com/all/co4852348.html
jobs.51job.com/all/co4215626.html
jobs.51job.com/all/co4911016.html
jobs.51job.com/all/co4094001.html
jobs.51job.com/all/co3848285.html
jobs.51job.com/all/co3062003.html
jobs.51job.com/all/co3912577.html
jobs.51job.com/all/co3480666.html
jobs.51job.com/all/co4348227.html
jobs.51job.com/all/co2774018.html
jobs.51job.com/all/co4529202.html
jobs.51job.com/all/co2973243.html
jobs.51job.com/all/co4463142.html
jobs.51job.com/all/co3956349.html
jobs.51job.com/all/co4142112.html
jobs.51job.com/all/co4116907.html
jobs.51job.com/all/co2144689.html
jobs.51job.com/all/co2089649.html
jobs.51job.com/all/co3508579.html
jobs.51job.com/all/co2695221.html
jobs.51job.com/all/co2208023.html
jobs.51job.com/all/co4917704.html
jobs.51job.com/all/co2923146.html
jobs.51job.com/all/co4467577.html
jobs.51job.com/all/co3328024.html
jobs.51job.com/all/co3832451.html
jobs.51job.com/all/co3378588.html
jobs.51job.com/all/co4335038.html
jobs.51job.com/all/co4268455.html
jobs.51job.com/all/co4059351.html
jobs.51job.com/all/co3020996.html
jobs.51job.com/all/co2779223.html
jobs.51job.com/all/co2880368.html
jobs.51job.com/all/co2048357.html
jobs.51job.com/all/co2893234.html
jobs.51job.com/all/co2641952.html
jobs.51job.com/all/co2496763.html
jobs.51job.com/all/co465163.html
jobs.51job.com/all/co4925094.html
jobs.51job.com/all/co4191614.html
jobs.51job.com/all/co1992548.html
jobs.51job.com/all/co3276982.html
jobs.51job.com/all/co2971567.html
jobs.51job.com/all/co3399600.html
jobs.51job.com/all/co3279723.html
jobs.51job.com/all/co2690490.html
jobs.51job.com/all/co2311534.html
jobs.51job.com/all/co3132784.html
jobs.51job.com/all/co4924894.html
jobs.51job.com/all/co2767678.html
jobs.51job.com/all/co4026172.html
jobs.51job.com/all/co3944812.html
jobs.51job.com/all/co4024978.html
jobs.51job.com/all/co2824380.html
jobs.51job.com/all/co4465545.html
jobs.51job.com/all/co2841652.html
jobs.51job.com/all/co4098930.html
jobs.51job.com/all/co2938649.html
jobs.51job.com/all/co4743916.html
jobs.51job.com/all/co2958591.html
jobs.51job.com/all/co2559289.html
jobs.51job.com/all/co4501240.html
jobs.51job.com/all/co3811508.html
jobs.51job.com/all/co3412425.html
jobs.51job.com/all/co4781765.html
jobs.51job.com/all/co4151653.html
jobs.51job.com/all/co4311052.html
jobs.51job.com/all/co3088754.html
jobs.51job.com/all/co4921308.html
jobs.51job.com/all/co2269565.html
jobs.51job.com/all/co3905373.html
jobs.51job.com/all/co2812711.html
jobs.51job.com/all/co497761.html
jobs.51job.com/all/co4491325.html
jobs.51job.com/all/co4243151.html
jobs.51job.com/all/co2249480.html
jobs.51job.com/all/co4031692.html
jobs.51job.com/all/co4450475.html
jobs.51job.com/all/co2511260.html
jobs.51job.com/all/co467960.html
jobs.51job.com/all/co2641385.html
jobs.51job.com/all/co2544070.html
jobs.51job.com/all/co4285997.html
jobs.51job.com/all/co2376959.html
jobs.51job.com/all/co4053390.html
jobs.51job.com/all/co3275401.html
jobs.51job.com/all/co2381846.html
jobs.51job.com/all/co3829587.html
jobs.51job.com/all/co4077581.html
jobs.51job.com/all/co3504116.html
jobs.51job.com/all/co4140477.html
jobs.51job.com/all/co2982734.html
jobs.51job.com/all/co3477890.html
jobs.51job.com/all/co3167281.html
jobs.51job.com/all/co3955706.html
jobs.51job.com/all/co2663228.html
jobs.51job.com/all/co2875654.html
jobs.51job.com/all/co4738127.html
jobs.51job.com/all/co2566236.html
jobs.51job.com/all/co4519158.html
jobs.51job.com/all/co3655188.html
jobs.51job.com/all/co3121743.html
jobs.51job.com/all/co4012892.html
jobs.51job.com/all/co4019281.html
jobs.51job.com/all/co2745370.html
jobs.51job.com/all/co2222604.html
jobs.51job.com/all/co3265789.html
jobs.51job.com/all/co2959928.html
jobs.51job.com/all/co3248950.html
jobs.51job.com/all/co2307497.html
jobs.51job.com/all/co3176109.html
jobs.51job.com/all/co4094921.html
jobs.51job.com/all/co3890730.html
jobs.51job.com/all/co2343109.html
jobs.51job.com/all/co4837450.html
jobs.51job.com/all/co2897494.html
jobs.51job.com/all/co4767511.html
jobs.51job.com/all/co4027017.html
jobs.51job.com/all/co2699190.html
jobs.51job.com/all/co3650023.html
jobs.51job.com/all/co2221046.html
jobs.51job.com/all/co4673399.html
jobs.51job.com/all/co3864543.html
jobs.51job.com/all/co3262404.html
jobs.51job.com/all/co4869257.html
jobs.51job.com/all/co387406.html
jobs.51job.com/all/co3946069.html
jobs.51job.com/all/co4902005.html
jobs.51job.com/all/co3263795.html
jobs.51job.com/all/co3093617.html
jobs.51job.com/all/co2298872.html
jobs.51job.com/all/co4097143.html
jobs.51job.com/all/co3176474.html
jobs.51job.com/all/co2543686.html
jobs.51job.com/all/co2724312.html
jobs.51job.com/all/co4938260.html
jobs.51job.com/all/co271392.html
jobs.51job.com/all/co4446097.html
jobs.51job.com/all/co2397310.html
jobs.51job.com/all/co275347.html
jobs.51job.com/all/co3134702.html
jobs.51job.com/all/co3698075.html
jobs.51job.com/all/co3977085.html
jobs.51job.com/all/co3085764.html
jobs.51job.com/all/co2792872.html
jobs.51job.com/all/co4044392.html
jobs.51job.com/all/co3563422.html
jobs.51job.com/all/co4856344.html
jobs.51job.com/all/co2305161.html
jobs.51job.com/all/co4858501.html
jobs.51job.com/all/co3878648.html
jobs.51job.com/all/co2962545.html
jobs.51job.com/all/co3929098.html
jobs.51job.com/all/co4414028.html
jobs.51job.com/all/co4837193.html
jobs.51job.com/all/co3023940.html
jobs.51job.com/all/co2781473.html
jobs.51job.com/all/co235836.html
jobs.51job.com/all/co4841766.html
jobs.51job.com/all/co4136048.html
jobs.51job.com/all/co2279883.html
jobs.51job.com/all/co4083522.html
jobs.51job.com/all/co4875576.html
jobs.51job.com/all/co3245324.html
jobs.51job.com/all/co3094641.html
jobs.51job.com/all/co3660476.html
jobs.51job.com/all/co4007188.html
jobs.51job.com/all/co2617528.html
jobs.51job.com/all/co3764444.html
jobs.51job.com/all/co3987646.html
jobs.51job.com/all/co4653875.html
jobs.51job.com/all/co2777524.html
jobs.51job.com/all/co3705760.html
jobs.51job.com/all/co2676952.html
jobs.51job.com/all/co2025067.html
jobs.51job.com/all/co3170872.html
jobs.51job.com/all/co2074311.html
jobs.51job.com/all/co2207589.html
jobs.51job.com/all/co2922551.html
jobs.51job.com/all/co3597187.html
jobs.51job.com/all/co3641661.html
jobs.51job.com/all/co2266454.html
jobs.51job.com/all/co2736535.html
jobs.51job.com/all/co4651044.html
jobs.51job.com/all/co3428886.html
jobs.51job.com/all/co4599859.html
jobs.51job.com/all/co2584918.html
jobs.51job.com/all/co3711008.html
jobs.51job.com/all/co3770998.html
jobs.51job.com/all/co3515903.html
jobs.51job.com/all/co4870980.html
jobs.51job.com/all/co4529207.html
jobs.51job.com/all/co2773543.html
jobs.51job.com/all/co2419807.html
jobs.51job.com/all/co2874018.html
jobs.51job.com/all/co4432663.html
jobs.51job.com/all/co3771937.html
jobs.51job.com/all/co2633036.html
jobs.51job.com/all/co1253413.html
jobs.51job.com/all/co2859374.html
jobs.51job.com/all/co1297810.html
jobs.51job.com/all/co4820982.html
jobs.51job.com/all/co3383229.html
jobs.51job.com/all/co2001321.html
jobs.51job.com/all/co2399285.html
jobs.51job.com/all/co296741.html
jobs.51job.com/all/co3134421.html
jobs.51job.com/all/co2634769.html
jobs.51job.com/all/co2785493.html
jobs.51job.com/all/co3215739.html
jobs.51job.com/all/co2936133.html
jobs.51job.com/all/co2385098.html
jobs.51job.com/all/co2849627.html
jobs.51job.com/all/co4372652.html
jobs.51job.com/all/co310605.html
jobs.51job.com/all/co3872604.html
jobs.51job.com/all/co2671902.html
jobs.51job.com/all/co316938.html
jobs.51job.com/all/co4875305.html
jobs.51job.com/all/co2480937.html
jobs.51job.com/all/co2759423.html
jobs.51job.com/all/co2923433.html
jobs.51job.com/all/co4869250.html
jobs.51job.com/all/co4183250.html
jobs.51job.com/all/co4851684.html
jobs.51job.com/all/co2866256.html
jobs.51job.com/all/co4141985.html
jobs.51job.com/all/co2732274.html
jobs.51job.com/all/co4383516.html
jobs.51job.com/all/co4855884.html
jobs.51job.com/all/co2884650.html
jobs.51job.com/all/co4301962.html
jobs.51job.com/all/co2958869.html
jobs.51job.com/all/co2852920.html
jobs.51job.com/all/co4252578.html
jobs.51job.com/all/co4746085.html
jobs.51job.com/all/co2860192.html
jobs.51job.com/all/co4711512.html
jobs.51job.com/all/co4753159.html
jobs.51job.com/all/co4918665.html
jobs.51job.com/all/co2037013.html
jobs.51job.com/all/co2524699.html
jobs.51job.com/all/co3112125.html
jobs.51job.com/all/co582957.html
jobs.51job.com/all/co2496994.html
jobs.51job.com/all/co4804870.html
jobs.51job.com/all/co2474021.html
jobs.51job.com/all/co4255816.html
jobs.51job.com/all/co2354594.html
jobs.51job.com/all/co3006364.html
jobs.51job.com/all/co3602292.html
jobs.51job.com/all/co4863025.html
jobs.51job.com/all/co3242259.html
jobs.51job.com/all/co317981.html
jobs.51job.com/all/co4602439.html
jobs.51job.com/all/co2572105.html
jobs.51job.com/all/co2180550.html
jobs.51job.com/all/co2414659.html
jobs.51job.com/all/co2367483.html
jobs.51job.com/all/co3673913.html
jobs.51job.com/all/co3565930.html
jobs.51job.com/all/co3798261.html
jobs.51job.com/all/co2531460.html
jobs.51job.com/all/co4040815.html
jobs.51job.com/all/co3565456.html
jobs.51job.com/all/co4626233.html
jobs.51job.com/all/co2865500.html
jobs.51job.com/all/co4354475.html
jobs.51job.com/all/co3918436.html
jobs.51job.com/all/co4290183.html
jobs.51job.com/all/co2958255.html
jobs.51job.com/all/co3252005.html
jobs.51job.com/all/co3611016.html
jobs.51job.com/all/co254782.html
jobs.51job.com/all/co4493691.html
jobs.51job.com/all/co3208313.html
jobs.51job.com/all/co4446633.html
jobs.51job.com/all/co3163280.html
jobs.51job.com/all/co4395669.html
jobs.51job.com/all/co3103086.html
jobs.51job.com/all/co4935504.html
jobs.51job.com/all/co3179980.html
jobs.51job.com/all/co4843782.html
jobs.51job.com/all/co3393010.html
jobs.51job.com/all/co3827456.html
jobs.51job.com/all/co3093432.html
jobs.51job.com/all/co3230101.html
jobs.51job.com/all/co3222563.html
jobs.51job.com/all/co1842779.html
jobs.51job.com/all/co4024541.html
jobs.51job.com/all/co2757603.html
jobs.51job.com/all/co3343894.html
jobs.51job.com/all/co4826843.html
jobs.51job.com/all/co4074271.html
jobs.51job.com/all/co3485129.html
jobs.51job.com/all/co2343535.html
jobs.51job.com/all/co4319806.html
jobs.51job.com/all/co4750267.html
jobs.51job.com/all/co2410338.html
jobs.51job.com/all/co2887276.html
jobs.51job.com/all/co2492835.html
jobs.51job.com/all/co2440000.html
jobs.51job.com/all/co2739793.html
jobs.51job.com/all/co4543947.html
jobs.51job.com/all/co2516991.html
jobs.51job.com/all/co3930098.html
jobs.51job.com/all/co3018733.html
jobs.51job.com/all/co2461085.html
jobs.51job.com/all/co4605874.html
jobs.51job.com/all/co2536453.html
jobs.51job.com/all/co4741991.html
jobs.51job.com/all/co191678.html
jobs.51job.com/all/co3647283.html
jobs.51job.com/all/co4896068.html
jobs.51job.com/all/co2623326.html
jobs.51job.com/all/co2445912.html
jobs.51job.com/all/co234996.html
jobs.51job.com/all/co2900675.html
jobs.51job.com/all/co1991720.html
jobs.51job.com/all/co2499266.html
jobs.51job.com/all/co4697763.html
jobs.51job.com/all/co2839585.html
jobs.51job.com/all/co3936037.html
jobs.51job.com/all/co3368735.html
jobs.51job.com/all/co3375230.html
jobs.51job.com/all/co3633302.html
jobs.51job.com/all/co3366709.html
jobs.51job.com/all/co4057270.html
jobs.51job.com/all/co3015022.html
jobs.51job.com/all/co4702877.html
jobs.51job.com/all/co3377721.html
jobs.51job.com/all/co2626954.html
jobs.51job.com/all/co2687872.html
jobs.51job.com/all/co3389704.html
jobs.51job.com/all/co2392499.html
jobs.51job.com/all/co3957218.html
jobs.51job.com/all/co3653982.html
jobs.51job.com/all/co3562381.html
jobs.51job.com/all/co3186421.html
jobs.51job.com/all/co4876939.html
jobs.51job.com/all/co3174227.html
jobs.51job.com/all/co3494445.html
jobs.51job.com/all/co3283913.html
jobs.51job.com/all/co3634995.html
jobs.51job.com/all/co3634987.html
jobs.51job.com/all/co4827463.html
jobs.51job.com/all/co2733828.html
jobs.51job.com/all/co2404703.html
jobs.51job.com/all/co3078341.html
jobs.51job.com/all/co4420720.html
jobs.51job.com/all/co3851992.html
jobs.51job.com/all/co4913126.html
jobs.51job.com/all/co4852079.html
jobs.51job.com/all/co3995354.html
jobs.51job.com/all/co4794888.html
jobs.51job.com/all/co4909781.html
jobs.51job.com/all/co2652262.html
jobs.51job.com/all/co2805516.html
jobs.51job.com/all/co3565207.html
jobs.51job.com/all/co276761.html
jobs.51job.com/all/co4422420.html
jobs.51job.com/all/co2571472.html
jobs.51job.com/all/co3815713.html
jobs.51job.com/all/co3163933.html
jobs.51job.com/all/co4238730.html
jobs.51job.com/all/co4105214.html
jobs.51job.com/all/co4342205.html
jobs.51job.com/all/co4947549.html
jobs.51job.com/all/co4132295.html
jobs.51job.com/all/co2104088.html
jobs.51job.com/all/co3693756.html
jobs.51job.com/all/co4575283.html
jobs.51job.com/all/co3161588.html
jobs.51job.com/all/co3793958.html
jobs.51job.com/all/co2189478.html
jobs.51job.com/all/co3269523.html
jobs.51job.com/all/co2656698.html
jobs.51job.com/all/co2550793.html
jobs.51job.com/all/co2312712.html
jobs.51job.com/all/co2354234.html
jobs.51job.com/all/co4516250.html
jobs.51job.com/all/co4231037.html
jobs.51job.com/all/co2617821.html
jobs.51job.com/all/co1611383.html
jobs.51job.com/all/co1530851.html
jobs.51job.com/all/co2522359.html
jobs.51job.com/all/co3179287.html
jobs.51job.com/all/co2630239.html
jobs.51job.com/all/co3589293.html
jobs.51job.com/all/co3121659.html
jobs.51job.com/all/co4105371.html
jobs.51job.com/all/co2577222.html
jobs.51job.com/all/co4309054.html
jobs.51job.com/all/co3060397.html
jobs.51job.com/all/co4670914.html
jobs.51job.com/all/co3679150.html
jobs.51job.com/all/co2417212.html
jobs.51job.com/all/co4815960.html
jobs.51job.com/all/co4605858.html
jobs.51job.com/all/co4854091.html
jobs.51job.com/all/co4063527.html
jobs.51job.com/all/co3381173.html
jobs.51job.com/all/co4815367.html
jobs.51job.com/all/co3149083.html
jobs.51job.com/all/co4493123.html
jobs.51job.com/all/co2152231.html
jobs.51job.com/all/co4821200.html
jobs.51job.com/all/co3017746.html
jobs.51job.com/all/co287417.html
jobs.51job.com/all/co4428645.html
jobs.51job.com/all/co4805167.html
jobs.51job.com/all/co4899697.html
jobs.51job.com/all/co3437377.html
jobs.51job.com/all/co4873243.html
jobs.51job.com/all/co4944122.html
jobs.51job.com/all/co4895154.html
jobs.51job.com/all/co4504089.html
jobs.51job.com/all/co4865496.html
jobs.51job.com/all/co3731260.html
jobs.51job.com/all/co4594919.html
jobs.51job.com/all/co4025231.html
jobs.51job.com/all/co4820052.html
jobs.51job.com/all/co4150431.html
jobs.51job.com/all/co4421958.html
jobs.51job.com/all/co3600656.html
jobs.51job.com/all/co3691208.html
jobs.51job.com/all/co4710449.html
jobs.51job.com/all/co3019597.html
jobs.51job.com/all/co3944242.html
jobs.51job.com/all/co3560313.html
jobs.51job.com/all/co4240698.html
jobs.51job.com/all/co4734099.html
jobs.51job.com/all/co3092864.html
jobs.51job.com/all/co3996222.html
jobs.51job.com/all/co3094906.html
jobs.51job.com/all/co4185962.html
jobs.51job.com/all/co2653745.html
jobs.51job.com/all/co4065540.html
jobs.51job.com/all/co2777292.html
jobs.51job.com/all/co2837723.html
jobs.51job.com/all/co1277796.html
jobs.51job.com/all/co320528.html
jobs.51job.com/all/co263862.html
jobs.51job.com/all/co3456746.html
jobs.51job.com/all/co3774211.html
jobs.51job.com/all/co3520914.html
jobs.51job.com/all/co4548238.html
jobs.51job.com/all/co3451891.html
jobs.51job.com/all/co3833475.html
jobs.51job.com/all/co1866778.html
jobs.51job.com/all/co3086050.html
jobs.51job.com/all/co3023961.html
jobs.51job.com/all/co4888866.html
jobs.51job.com/all/co2610926.html
jobs.51job.com/all/co3232564.html
jobs.51job.com/all/co4490891.html
jobs.51job.com/all/co4626987.html
jobs.51job.com/all/co2224839.html
jobs.51job.com/all/co3025729.html
jobs.51job.com/all/co4350169.html
jobs.51job.com/all/co4549367.html
jobs.51job.com/all/co4274435.html
jobs.51job.com/all/co2261248.html
jobs.51job.com/all/co3206126.html
jobs.51job.com/all/co4528459.html
jobs.51job.com/all/co4815383.html
jobs.51job.com/all/co4352554.html
jobs.51job.com/all/co4255817.html
jobs.51job.com/all/co2871128.html
jobs.51job.com/all/co3939503.html
jobs.51job.com/all/co3063783.html
jobs.51job.com/all/co4429258.html
jobs.51job.com/all/co4558477.html
jobs.51job.com/all/co4944460.html
jobs.51job.com/all/co2482016.html
jobs.51job.com/all/co2324379.html
jobs.51job.com/all/co3940696.html
jobs.51job.com/all/co4942811.html
jobs.51job.com/all/co4468583.html
jobs.51job.com/all/co2752969.html
jobs.51job.com/all/co3578643.html
jobs.51job.com/all/co3554173.html
jobs.51job.com/all/co4862162.html
jobs.51job.com/all/co3834445.html
jobs.51job.com/all/co3870890.html
jobs.51job.com/all/co3293389.html
jobs.51job.com/all/co4322015.html
jobs.51job.com/all/co3610275.html
jobs.51job.com/all/co4867895.html
jobs.51job.com/all/co2788074.html
jobs.51job.com/all/co3993153.html
jobs.51job.com/all/co2225467.html
jobs.51job.com/all/co4900780.html
jobs.51job.com/all/co4900977.html
jobs.51job.com/all/co4311757.html
jobs.51job.com/all/co4646649.html
jobs.51job.com/all/co4595783.html
jobs.51job.com/all/co3791531.html
jobs.51job.com/all/co3565452.html
jobs.51job.com/all/co2546282.html
jobs.51job.com/all/co3610872.html
jobs.51job.com/all/co2744779.html
jobs.51job.com/all/co4844735.html
jobs.51job.com/all/co4590144.html
jobs.51job.com/all/co3029764.html
jobs.51job.com/all/co4456368.html
jobs.51job.com/all/co3620313.html
jobs.51job.com/all/co3247569.html
jobs.51job.com/all/co4408163.html
jobs.51job.com/all/co3910221.html
jobs.51job.com/all/co4924829.html
jobs.51job.com/all/co4389007.html
jobs.51job.com/all/co4228871.html
jobs.51job.com/all/co3731765.html
jobs.51job.com/all/co4086493.html
jobs.51job.com/all/co2754875.html
jobs.51job.com/all/co3293791.html
jobs.51job.com/all/co2474567.html
jobs.51job.com/all/co3797377.html
jobs.51job.com/all/co137072.html
jobs.51job.com/all/co2961194.html
jobs.51job.com/all/co4791703.html
jobs.51job.com/all/co3833785.html
jobs.51job.com/all/co2265293.html
jobs.51job.com/all/co3853272.html
jobs.51job.com/all/co3652486.html
jobs.51job.com/all/co3808398.html
jobs.51job.com/all/co319417.html
jobs.51job.com/all/co4805595.html
jobs.51job.com/all/co4372857.html
jobs.51job.com/all/co2973309.html
jobs.51job.com/all/co4886289.html
jobs.51job.com/all/co4268890.html
jobs.51job.com/all/co4575018.html
jobs.51job.com/all/co2989206.html
jobs.51job.com/all/co261960.html
jobs.51job.com/all/co2520621.html
jobs.51job.com/all/co3852338.html
jobs.51job.com/all/co339147.html
jobs.51job.com/all/co4040935.html
jobs.51job.com/all/co4487828.html
jobs.51job.com/all/co3302640.html
jobs.51job.com/all/co3291073.html
jobs.51job.com/all/co4564253.html
jobs.51job.com/all/co4647909.html
jobs.51job.com/all/co2493859.html
jobs.51job.com/all/co2802378.html
jobs.51job.com/all/co677836.html
jobs.51job.com/all/co2701978.html
jobs.51job.com/all/co2826295.html
jobs.51job.com/all/co3999972.html
jobs.51job.com/all/co4789176.html
jobs.51job.com/all/co3197889.html
jobs.51job.com/all/co2918133.html
jobs.51job.com/all/co4546190.html
jobs.51job.com/all/co3328022.html
jobs.51job.com/all/co804983.html
jobs.51job.com/all/co4247359.html
jobs.51job.com/all/co4049090.html
jobs.51job.com/all/co4325161.html
jobs.51job.com/all/co135370.html
jobs.51job.com/all/co3615200.html
jobs.51job.com/all/co3384157.html
jobs.51job.com/all/co2475185.html
jobs.51job.com/all/co4735867.html
jobs.51job.com/all/co3317041.html
jobs.51job.com/all/co3931322.html
jobs.51job.com/all/co4902148.html
jobs.51job.com/all/co3138452.html
jobs.51job.com/all/co3898888.html
jobs.51job.com/all/co3266080.html
jobs.51job.com/all/co2531073.html
jobs.51job.com/all/co3124408.html
jobs.51job.com/all/co4867928.html
jobs.51job.com/all/co135210.html
jobs.51job.com/all/co2198787.html
jobs.51job.com/all/co4477519.html
jobs.51job.com/all/co4819921.html
jobs.51job.com/all/co4542022.html
jobs.51job.com/all/co4713235.html
jobs.51job.com/all/co2159850.html
jobs.51job.com/all/co4329562.html
jobs.51job.com/all/co2503508.html
jobs.51job.com/all/co4897397.html
jobs.51job.com/all/co2556073.html
jobs.51job.com/all/co3825039.html
jobs.51job.com/all/co2808931.html
jobs.51job.com/all/co2682232.html
zj32.51job.com
jobs.51job.com/all/co4401692.html
jobs.51job.com/all/co3901560.html
job.markorhome.com/
jobs.51job.com/all/co4682263.html
jobs.51job.com/all/co4340259.html
jobs.51job.com/all/co3315741.html
jobs.51job.com/all/co4619410.html
jobs.51job.com/all/co3681918.html
jobs.51job.com/all/co4709624.html
jobs.51job.com/all/co4324335.html
jobs.51job.com/all/co4703649.html
jobs.51job.com/all/co4307297.html
jobs.51job.com/all/co3900898.html
jobs.51job.com/all/co3940307.html
jobs.51job.com/all/co3424753.html
jobs.51job.com/all/co161889.html
jobs.51job.com/all/co2420003.html
jobs.51job.com/all/co3290383.html
jobs.51job.com/all/co4769742.html
jobs.51job.com/all/co4675352.html
jobs.51job.com/all/co4454161.html
jobs.51job.com/all/co4587061.html
jobs.51job.com/all/co3245960.html
jobs.51job.com/all/co4454497.html
jobs.51job.com/all/co3940831.html
jobs.51job.com/all/co2946590.html
jobs.51job.com/all/co3857092.html
jobs.51job.com/all/co3799243.html
jobs.51job.com/all/co2911496.html
jobs.51job.com/all/co2365522.html
jobs.51job.com/all/co4131590.html
jobs.51job.com/all/co134714.html
jobs.51job.com/all/co4921157.html
jobs.51job.com/all/co4286010.html
jobs.51job.com/all/co4626665.html
jobs.51job.com/all/co3884279.html
jobs.51job.com/all/co1078661.html
jobs.51job.com/all/co3638073.html
jobs.51job.com/all/co3342902.html
jobs.51job.com/all/co2860225.html
jobs.51job.com/all/co3232826.html
jobs.51job.com/all/co2864573.html
jobs.51job.com/all/co4111976.html
jobs.51job.com/all/co4674836.html
jobs.51job.com/all/co2431032.html
jobs.51job.com/all/co3702074.html
jobs.51job.com/all/co2884772.html
jobs.51job.com/all/co4090579.html
jobs.51job.com/all/co4859043.html
jobs.51job.com/all/co2503544.html
jobs.51job.com/all/co2988983.html
jobs.51job.com/all/co4638866.html
jobs.51job.com/all/co4107170.html
jobs.51job.com/all/co4080158.html
jobs.51job.com/all/co3594234.html
jobs.51job.com/all/co3365995.html
jobs.51job.com/all/co3291960.html
jobs.51job.com/all/co3251324.html
jobs.51job.com/all/co3669423.html
jobs.51job.com/all/co4289150.html
jobs.51job.com/all/co4792022.html
jobs.51job.com/all/co4285955.html
jobs.51job.com/all/co3934930.html
jobs.51job.com/all/co4900293.html
jobs.51job.com/all/co2800905.html
jobs.51job.com/all/co2951422.html
jobs.51job.com/all/co2193119.html
jobs.51job.com/all/co256098.html
jobs.51job.com/all/co2220020.html
jobs.51job.com/all/co4028171.html
jobs.51job.com/all/co3073475.html
jobs.51job.com/all/co2884998.html
jobs.51job.com/all/co4662787.html
jobs.51job.com/all/co3879943.html
jobs.51job.com/all/co3956109.html
jobs.51job.com/all/co2770054.html
jobs.51job.com/all/co3875287.html
jobs.51job.com/all/co2674274.html
jobs.51job.com/all/co4780294.html
jobs.51job.com/all/co3780355.html
jobs.51job.com/all/co4693577.html
jobs.51job.com/all/co313449.html
jobs.51job.com/all/co4287633.html
jobs.51job.com/all/co4116434.html
jobs.51job.com/all/co3056798.html
jobs.51job.com/all/co4465967.html
jobs.51job.com/all/co3005411.html
jobs.51job.com/all/co2715273.html
jobs.51job.com/all/co4746898.html
jobs.51job.com/all/co4884143.html
jobs.51job.com/all/co2366826.html
jobs.51job.com/all/co4290390.html
jobs.51job.com/all/co3279700.html
jobs.51job.com/all/co2433622.html
jobs.51job.com/all/co2949240.html
jobs.51job.com/all/co2922961.html
jobs.51job.com/all/co11866.html
jobs.51job.com/all/co1544867.html
jobs.51job.com/all/co1321263.html
jobs.51job.com/all/co4742977.html
jobs.51job.com/all/co4302666.html
jobs.51job.com/all/co3503490.html
jobs.51job.com/all/co4830010.html
jobs.51job.com/all/co4380858.html
jobs.51job.com/all/co4533085.html
jobs.51job.com/all/co3303123.html
jobs.51job.com/all/co4350511.html
jobs.51job.com/all/co3520873.html
jobs.51job.com/all/co4713708.html
jobs.51job.com/all/co2402863.html
jobs.51job.com/all/co3878421.html
jobs.51job.com/all/co2422726.html
jobs.51job.com/all/co221969.html
jobs.51job.com/all/co4308985.html
jobs.51job.com/all/co4859527.html
jobs.51job.com/all/co4644537.html
jobs.51job.com/all/co4285092.html
jobs.51job.com/all/co4485826.html
jobs.51job.com/all/co3989123.html
jobs.51job.com/all/co2767454.html
jobs.51job.com/all/co4513877.html
jobs.51job.com/all/co4529416.html
jobs.51job.com/all/co2623330.html
jobs.51job.com/all/co2287479.html
jobs.51job.com/all/co2515143.html
jobs.51job.com/all/co3059729.html
jobs.51job.com/all/co2459222.html
jobs.51job.com/all/co4639068.html
jobs.51job.com/all/co4267582.html
jobs.51job.com/all/co156141.html
jobs.51job.com/all/co4245348.html
jobs.51job.com/all/co3721880.html
jobs.51job.com/all/co3658830.html
jobs.51job.com/all/co2202420.html
jobs.51job.com/all/co4734247.html
jobs.51job.com/all/co2064590.html
jobs.51job.com/all/co4248450.html
jobs.51job.com/all/co2151571.html
jobs.51job.com/all/co4249931.html
jobs.51job.com/all/co3361968.html
jobs.51job.com/all/co575719.html
jobs.51job.com/all/co4182935.html
jobs.51job.com/all/co4592370.html
jobs.51job.com/all/co4333789.html
jobs.51job.com/all/co1101459.html
jobs.51job.com/all/co3204144.html
jobs.51job.com/all/co3683615.html
jobs.51job.com/all/co4260281.html
jobs.51job.com/all/co4266996.html
jobs.51job.com/all/co2348154.html
jobs.51job.com/all/co3063016.html
jobs.51job.com/all/co101597.html
jobs.51job.com/all/co4639688.html
jobs.51job.com/all/co2386805.html
jobs.51job.com/all/co4011726.html
jobs.51job.com/all/co4848455.html
jobs.51job.com/all/co2944631.html
jobs.51job.com/all/co4369780.html
jobs.51job.com/all/co2421111.html
jobs.51job.com/all/co3130880.html
jobs.51job.com/all/co3838687.html
jobs.51job.com/all/co4256843.html
jobs.51job.com/all/co1789817.html
jobs.51job.com/all/co4207248.html
jobs.51job.com/all/co4120426.html
jobs.51job.com/all/co3925736.html
jobs.51job.com/all/co3660241.html
jobs.51job.com/all/co3149833.html
jobs.51job.com/all/co2820587.html
jobs.51job.com/all/co2820587.html
jobs.51job.com/all/co4026018.html
jobs.51job.com/all/co3862576.html
jobs.51job.com/all/co4843454.html
jobs.51job.com/all/co2730444.html
jobs.51job.com/all/co2730444.html
jobs.51job.com/all/co1986272.html
jobs.51job.com/all/co1986272.html
jobs.51job.com/all/co4419892.html
jobs.51job.com/all/co2340469.html
jobs.51job.com/all/co4128048.html
jobs.51job.com/all/co2757297.html
jobs.51job.com/all/co2679697.html
jobs.51job.com/all/co2023580.html
jobs.51job.com/all/co2182648.html
jobs.51job.com/all/co2182648.html
jobs.51job.com/all/co2182648.html
jobs.51job.com/all/co2942143.html
jobs.51job.com/all/co2503788.html
jobs.51job.com/all/co2370244.html
jobs.51job.com/all/co2566311.html
jobs.51job.com/all/co4349860.html
jobs.51job.com/all/co4349860.html
jobs.51job.com/all/co3676313.html
jobs.51job.com/all/co1500352.html
jobs.51job.com/all/co4846061.html
jobs.51job.com/all/co4846061.html
jobs.51job.com/all/co4846061.html
jobs.51job.com/all/co4846061.html
jobs.51job.com/all/co3741445.html
jobs.51job.com/all/co964818.html
jobs.51job.com/all/co2597901.html
jobs.51job.com/all/co4901704.html
jobs.51job.com/all/co3022396.html
jobs.51job.com/all/co3022396.html
jobs.51job.com/all/co3022396.html
jobs.51job.com/all/co4722367.html
jobs.51job.com/all/co3699605.html
jobs.51job.com/all/co3699605.html
jobs.51job.com/all/co2496012.html
jobs.51job.com/all/co3941553.html
jobs.51job.com/all/co3941553.html
jobs.51job.com/all/co3941553.html
jobs.51job.com/all/co2115296.html
jobs.51job.com/all/co2115296.html
jobs.51job.com/all/co2115296.html
jobs.51job.com/all/co3137603.html
jobs.51job.com/all/co2413641.html
jobs.51job.com/all/co4603104.html
jobs.51job.com/all/co3423334.html
jobs.51job.com/all/co3423334.html
jobs.51job.com/all/co3897708.html
jobs.51job.com/all/co4215584.html
jobs.51job.com/all/co4919447.html
jobs.51job.com/all/co4380194.html
jobs.51job.com/all/co4676332.html
jobs.51job.com/all/co4676332.html
jobs.51job.com/all/co4851571.html
jobs.51job.com/all/co2566660.html
jobs.51job.com/all/co4279314.html
jobs.51job.com/all/co2370244.html
jobs.51job.com/all/co2996825.html
jobs.51job.com/all/co3475815.html
jobs.51job.com/all/co3475815.html
jobs.51job.com/all/co4493684.html
jobs.51job.com/all/co196151.html
jobs.51job.com/all/co4305724.html
jobs.51job.com/all/co4128066.html
jobs.51job.com/all/co4128066.html
jobs.51job.com/all/co4128066.html
jobs.51job.com/all/co4393331.html
jobs.51job.com/all/co4393331.html
zjsj.51job.com/
zjsj.51job.com/
jobs.51job.com/all/co2986172.html
jobs.51job.com/all/co3194204.html
jobs.51job.com/all/co4126730.html
jobs.51job.com/all/co4126730.html
jobs.51job.com/all/co2761999.html
jobs.51job.com/all/co2761999.html
jobs.51job.com/all/co2802025.html
jobs.51job.com/all/co4845504.html
jobs.51job.com/all/co4845504.html
jobs.51job.com/all/co4955023.html
jobs.51job.com/all/co4672222.html
jobs.51job.com/all/co4672222.html
jobs.51job.com/all/co3533498.html
jobs.51job.com/all/co3902765.html
jobs.51job.com/all/co2987117.html
jobs.51job.com/all/co3848285.html
jobs.51job.com/all/co3848285.html
jobs.51job.com/all/co4875606.html
jobs.51job.com/all/co3062003.html
jobs.51job.com/all/co4348227.html
jobs.51job.com/all/co4803340.html
jobs.51job.com/all/co2761999.html
jobs.51job.com/all/co2761999.html
jobs.51job.com/all/co3000780.html
jobs.51job.com/all/co4207248.html
jobs.51job.com/all/co4207248.html
jobs.51job.com/all/co4463142.html
jobs.51job.com/all/co2616596.html
jobs.51job.com/all/co2089649.html
jobs.51job.com/all/co2695221.html
jobs.51job.com/all/co3533498.html
jobs.51job.com/all/co3533498.html
jobs.51job.com/all/co3533498.html
jobs.51job.com/all/co3533498.html
jobs.51job.com/all/co3902765.html
jobs.51job.com/all/co3328024.html
jobs.51job.com/all/co3533498.html
jobs.51job.com/all/co3902765.html
jobs.51job.com/all/co4059351.html
jobs.51job.com/all/co4059351.html
jobs.51job.com/all/co3902765.html
jobs.51job.com/all/co4059351.html
jobs.51job.com/all/co2048357.html
jobs.51job.com/all/co2048357.html
jobs.51job.com/all/co2048357.html
jobs.51job.com/all/co2048357.html
jobs.51job.com/all/co2048357.html
jobs.51job.com/all/co2048357.html
jobs.51job.com/all/co2048357.html
jobs.51job.com/all/co2048357.html
jobs.51job.com/all/co2048357.html
jobs.51job.com/all/co2048357.html
jobs.51job.com/all/co4074472.html
jobs.51job.com/all/co2641952.html
jobs.51job.com/all/co2641952.html
jobs.51job.com/all/co2496763.html
jobs.51job.com/all/co2496763.html
jobs.51job.com/all/co2060326.html
jobs.51job.com/all/co2060326.html
jobs.51job.com/all/co2060326.html
jobs.51job.com/all/co2060326.html
jobs.51job.com/all/co2060326.html
jobs.51job.com/all/co2060326.html
jobs.51job.com/all/co4191614.html
jobs.51job.com/all/co4191614.html
jobs.51job.com/all/co3276982.html
jobs.51job.com/all/co3276982.html
jobs.51job.com/all/co3399600.html
jobs.51job.com/all/co3399600.html
jobs.51job.com/all/co3399600.html
jobs.51job.com/all/co3399600.html
jobs.51job.com/all/co3399600.html
jobs.51job.com/all/co3399600.html
jobs.51job.com/all/co3399600.html
jobs.51job.com/all/co3399600.html
jobs.51job.com/all/co3399600.html
jobs.51job.com/all/co3132784.html
jobs.51job.com/all/co4924894.html
jobs.51job.com/all/co4026172.html
jobs.51job.com/all/co4026172.html
jobs.51job.com/all/co4026172.html
jobs.51job.com/all/co4026172.html
jobs.51job.com/all/co3944812.html
jobs.51job.com/all/co4024978.html
jobs.51job.com/all/co4024978.html
jobs.51job.com/all/co2824380.html
jobs.51job.com/all/co2824380.html
jobs.51job.com/all/co2824380.html
jobs.51job.com/all/co2496763.html
jobs.51job.com/all/co2496763.html
jobs.51job.com/all/co2496763.html
jobs.51job.com/all/co2496763.html
jobs.51job.com/all/co2713729.html
jobs.51job.com/all/co2713729.html
jobs.51job.com/all/co2713729.html
jobs.51job.com/all/co4098930.html
jobs.51job.com/all/co3660241.html
jobs.51job.com/all/co3660241.html
jobs.51job.com/all/co4743916.html
jobs.51job.com/all/co2958591.html
jobs.51job.com/all/co2958591.html
jobs.51job.com/all/co3811508.html
jobs.51job.com/all/co3412425.html
jobs.51job.com/all/co3412425.html
jobs.51job.com/all/co3412425.html
jobs.51job.com/all/co3412425.html
jobs.51job.com/all/co3412425.html
jobs.51job.com/all/co2782989.html
jobs.51job.com/all/co4151653.html
jobs.51job.com/all/co3149833.html
jobs.51job.com/all/co3149833.html
jobs.51job.com/all/co2820587.html
jobs.51job.com/all/co2820587.html
jobs.51job.com/all/co2820587.html
jobs.51job.com/all/co3905373.html
jobs.51job.com/all/co4491325.html
jobs.51job.com/all/co2792092.html
jobs.51job.com/all/co4026018.html
jobs.51job.com/all/co2511260.html
jobs.51job.com/all/co2511260.html
jobs.51job.com/all/co2511260.html
jobs.51job.com/all/co2511260.html
jobs.51job.com/all/co2511260.html
jobs.51job.com/all/co2511260.html
jobs.51job.com/all/co467960.html
jobs.51job.com/all/co3862576.html
jobs.51job.com/all/co3862576.html
jobs.51job.com/all/co3033948.html
jobs.51job.com/all/co4285997.html
jobs.51job.com/all/co4285997.html
jobs.51job.com/all/co2376959.html
jobs.51job.com/all/co3275401.html
jobs.51job.com/all/co3275401.html
jobs.51job.com/all/co3275401.html
jobs.51job.com/all/co2381846.html
jobs.51job.com/all/co3504116.html
jobs.51job.com/all/co4077581.html
jobs.51job.com/all/co4140477.html
jobs.51job.com/all/co2982734.html
jobs.51job.com/all/co2982734.html
jobs.51job.com/all/co2663228.html
jobs.51job.com/all/co2663228.html
jobs.51job.com/all/co2663228.html
jobs.51job.com/all/co2663228.html
jobs.51job.com/all/co4738127.html
jobs.51job.com/all/co4519158.html
jobs.51job.com/all/co4519158.html
jobs.51job.com/all/co3068135.html
jobs.51job.com/all/co3068135.html
jobs.51job.com/all/co3068135.html
jobs.51job.com/all/co171483.html
jobs.51job.com/all/co171483.html
jobs.51job.com/all/co3655188.html
jobs.51job.com/all/co2222604.html
jobs.51job.com/all/co4191198.html
jobs.51job.com/all/co4191198.html
jobs.51job.com/all/co2959928.html
jobs.51job.com/all/co2959928.html
jobs.51job.com/all/co2307497.html
jobs.51job.com/all/co2307497.html
jobs.51job.com/all/co2307497.html
jobs.51job.com/all/co2307497.html
jobs.51job.com/all/co2307497.html
jobs.51job.com/all/co4708879.html
jobs.51job.com/all/co158612.html
jobs.51job.com/all/co4027017.html
jobs.51job.com/all/co3650023.html
jobs.51job.com/all/co4665089.html
jobs.51job.com/all/co2221046.html
jobs.51job.com/all/co4843454.html
jobs.51job.com/all/co3262404.html
jobs.51job.com/all/co3262404.html
jobs.51job.com/all/co3262404.html
jobs.51job.com/all/co3262404.html
jobs.51job.com/all/co3262404.html
jobs.51job.com/all/co3262404.html
jobs.51job.com/all/co2761999.html
jobs.51job.com/all/co2761999.html
jobs.51job.com/all/co2761999.html
jobs.51job.com/all/co2761999.html
jobs.51job.com/all/co2761999.html
jobs.51job.com/all/co2761999.html
jobs.51job.com/all/co2761999.html
jobs.51job.com/all/co2761999.html
jobs.51job.com/all/co387406.html
jobs.51job.com/all/co387406.html
jobs.51job.com/all/co387406.html
jobs.51job.com/all/co387406.html
jobs.51job.com/all/co3946069.html
jobs.51job.com/all/co3770669.html
jobs.51job.com/all/co3770669.html
jobs.51job.com/all/co3770669.html
jobs.51job.com/all/co4902005.html
jobs.51job.com/all/co2802025.html
jobs.51job.com/all/co2802025.html
jobs.51job.com/all/co2802025.html
jobs.51job.com/all/co4834903.html
jobs.51job.com/all/co4834903.html
jobs.51job.com/all/co2730444.html
jobs.51job.com/all/co2730444.html
jobs.51job.com/all/co3176474.html
jobs.51job.com/all/co2543686.html
jobs.51job.com/all/co271392.html
jobs.51job.com/all/co271392.html
jobs.51job.com/all/co271392.html
jobs.51job.com/all/co3134702.html
jobs.51job.com/all/co3698075.html
jobs.51job.com/all/co3698075.html
jobs.51job.com/all/co3977085.html
jobs.51job.com/all/co3977085.html
jobs.51job.com/all/co4044392.html
jobs.51job.com/all/co4044392.html
jobs.51job.com/all/co2792872.html
jobs.51job.com/all/co3563422.html
jobs.51job.com/all/co4419892.html
jobs.51job.com/all/co4858501.html
jobs.51job.com/all/co4419892.html
jobs.51job.com/all/co2962545.html
jobs.51job.com/all/co2962545.html
jobs.51job.com/all/co4837193.html
jobs.51job.com/all/co235836.html
jobs.51job.com/all/co4136048.html
jobs.51job.com/all/co4875576.html
jobs.51job.com/all/co3245324.html
jobs.51job.com/all/co2340469.html
jobs.51job.com/all/co2777524.html
jobs.51job.com/all/co2777524.html
jobs.51job.com/all/co3959546.html
jobs.51job.com/all/co3705760.html
jobs.51job.com/all/co2074311.html
jobs.51job.com/all/co2074311.html
jobs.51job.com/all/co2074311.html
jobs.51job.com/all/co2736535.html
jobs.51job.com/all/co3428886.html
jobs.51job.com/all/co3428886.html
jobs.51job.com/all/co3711008.html
jobs.51job.com/all/co3770998.html
jobs.51job.com/all/co3770998.html
jobs.51job.com/all/co4128048.html
jobs.51job.com/all/co4128048.html
jobs.51job.com/all/co4128048.html
jobs.51job.com/all/co3711008.html
jobs.51job.com/all/co3403393.html
jobs.51job.com/all/co2773543.html
jobs.51job.com/all/co2773543.html
jobs.51job.com/all/co2773543.html
jobs.51job.com/all/co2773543.html
jobs.51job.com/all/co2419807.html
jobs.51job.com/all/co2874018.html
jobs.51job.com/all/co4432663.html
jobs.51job.com/all/co4432663.html
jobs.51job.com/all/co2778712.html
jobs.51job.com/all/co2633036.html
jobs.51job.com/all/co2633036.html
jobs.51job.com/all/co2778712.html
jobs.51job.com/all/co1253413.html
jobs.51job.com/all/co2778712.html
jobs.51job.com/all/co4820982.html
jobs.51job.com/all/co4820982.html
jobs.51job.com/all/co3383229.html
jobs.51job.com/all/co3383229.html
jobs.51job.com/all/co2001321.html
jobs.51job.com/all/co2757297.html
jobs.51job.com/all/co2757297.html
jobs.51job.com/all/co3134421.html
jobs.51job.com/all/co2940736.html
jobs.51job.com/all/co2679697.html
jobs.51job.com/all/co2679697.html
jobs.51job.com/all/co2679697.html
jobs.51job.com/all/co2679697.html
jobs.51job.com/all/co2679697.html
jobs.51job.com/all/co2679697.html
jobs.51job.com/all/co2679697.html
jobs.51job.com/all/co2679697.html
jobs.51job.com/all/co2679697.html
jobs.51job.com/all/co2679697.html
jobs.51job.com/all/co2679697.html
jobs.51job.com/all/co2679697.html
jobs.51job.com/all/co2679697.html
jobs.51job.com/all/co2679697.html
jobs.51job.com/all/co2849627.html
jobs.51job.com/all/co2849627.html
jobs.51job.com/all/co3872604.html
jobs.51job.com/all/co316938.html
jobs.51job.com/all/co2999839.html
jobs.51job.com/all/co2023580.html
jobs.51job.com/all/co2023580.html
jobs.51job.com/all/co2999839.html
jobs.51job.com/all/co2023580.html
jobs.51job.com/all/co2023580.html
jobs.51job.com/all/co2023580.html
jobs.51job.com/all/co2023580.html
jobs.51job.com/all/co2023580.html
jobs.51job.com/all/co2023580.html
jobs.51job.com/all/co2023580.html
jobs.51job.com/all/co2023580.html
jobs.51job.com/all/co2023580.html
jobs.51job.com/all/co2023580.html
jobs.51job.com/all/co4851684.html
jobs.51job.com/all/co2866256.html
jobs.51job.com/all/co4141985.html
jobs.51job.com/all/co4141985.html
jobs.51job.com/all/co4141985.html
jobs.51job.com/all/co4141985.html
jobs.51job.com/all/co4141985.html
jobs.51job.com/all/co4141985.html
jobs.51job.com/all/co4855884.html
jobs.51job.com/all/co4855884.html
jobs.51job.com/all/co2884650.html
jobs.51job.com/all/co4301962.html
jobs.51job.com/all/co4301962.html
jobs.51job.com/all/co2732274.html
jobs.51job.com/all/co2182648.html
jobs.51job.com/all/co2182648.html
jobs.51job.com/all/co2182648.html
jobs.51job.com/all/co2958869.html
jobs.51job.com/all/co2852920.html
jobs.51job.com/all/co2852920.html
jobs.51job.com/all/co2852920.html
jobs.51job.com/all/co2852920.html
jobs.51job.com/all/co4252578.html
jobs.51job.com/all/co4252578.html
jobs.51job.com/all/co4252578.html
jobs.51job.com/all/co4746085.html
jobs.51job.com/all/co4711512.html
jobs.51job.com/all/co4711512.html
jobs.51job.com/all/co4711512.html
jobs.51job.com/all/co4711512.html
jobs.51job.com/all/co4711512.html
jobs.51job.com/all/co4711512.html
jobs.51job.com/all/co4711512.html
jobs.51job.com/all/co4711512.html
jobs.51job.com/all/co4711512.html
jobs.51job.com/all/co4711512.html
jobs.51job.com/all/co4711512.html
jobs.51job.com/all/co4711512.html
jobs.51job.com/all/co4711512.html
jobs.51job.com/all/co4753159.html
jobs.51job.com/all/co4918665.html
jobs.51job.com/all/co2037013.html
jobs.51job.com/all/co2669241.html
jobs.51job.com/all/co3112125.html
jobs.51job.com/all/co3112125.html
jobs.51job.com/all/co3112125.html
jobs.51job.com/all/co3112125.html
jobs.51job.com/all/co2496994.html
jobs.51job.com/all/co2496994.html
jobs.51job.com/all/co2496994.html
jobs.51job.com/all/co2496994.html
jobs.51job.com/all/co2474021.html
jobs.51job.com/all/co2942143.html
jobs.51job.com/all/co2942143.html
jobs.51job.com/all/co3006364.html
jobs.51job.com/all/co3006364.html
jobs.51job.com/all/co4863025.html
jobs.51job.com/all/co4863025.html
jobs.51job.com/all/co4863025.html
jobs.51job.com/all/co4602439.html
jobs.51job.com/all/co3021459.html
jobs.51job.com/all/co3435651.html
jobs.51job.com/all/co2414659.html
jobs.51job.com/all/co2367483.html
jobs.51job.com/all/co3673913.html
jobs.51job.com/all/co3673913.html
jobs.51job.com/all/co3565930.html
jobs.51job.com/all/co4040815.html
jobs.51job.com/all/co4040815.html
jobs.51job.com/all/co3565930.html
jobs.51job.com/all/co4040815.html
jobs.51job.com/all/co4626233.html
jobs.51job.com/all/co2651800.html
jobs.51job.com/all/co3918436.html
jobs.51job.com/all/co3918436.html
jobs.51job.com/all/co3918436.html
jobs.51job.com/all/co3918436.html
jobs.51job.com/all/co3918436.html
jobs.51job.com/all/co3918436.html
jobs.51job.com/all/co2958255.html
jobs.51job.com/all/co2958255.html
jobs.51job.com/all/co3884654.html
jobs.51job.com/all/co3884654.html
jobs.51job.com/all/co3884654.html
jobs.51job.com/all/co2503788.html
jobs.51job.com/all/co4493691.html
jobs.51job.com/all/co4935504.html
jobs.51job.com/all/co4935504.html
jobs.51job.com/all/co4215626.html
jobs.51job.com/all/co4610653.html
jobs.51job.com/all/co3319973.html
jobs.51job.com/all/co3827456.html
jobs.51job.com/all/co3827456.html
jobs.51job.com/all/co2370244.html
jobs.51job.com/all/co3060604.html
jobs.51job.com/all/co3060604.html
jobs.51job.com/all/co3060604.html
jobs.51job.com/all/co2763838.html
jobs.51job.com/all/co3230101.html
jobs.51job.com/all/co3230101.html
jobs.51job.com/all/co3230101.html
jobs.51job.com/all/co3222563.html
jobs.51job.com/all/co3222563.html
jobs.51job.com/all/co3222563.html
jobs.51job.com/all/co3222563.html
jobs.51job.com/all/co3222563.html
jobs.51job.com/all/co3222563.html
jobs.51job.com/all/co3222563.html
jobs.51job.com/all/co1842779.html
jobs.51job.com/all/co4903749.html
jobs.51job.com/all/co3343894.html
jobs.51job.com/all/co4074271.html
jobs.51job.com/all/co4761455.html
jobs.51job.com/all/co2492835.html
jobs.51job.com/all/co2739793.html
jobs.51job.com/all/co2566311.html
jobs.51job.com/all/co2566311.html
jobs.51job.com/all/co2566311.html
jobs.51job.com/all/co2566311.html
jobs.51job.com/all/co3930098.html
jobs.51job.com/all/co3930098.html
jobs.51job.com/all/co3018733.html
jobs.51job.com/all/co2461085.html
jobs.51job.com/all/co3149206.html
jobs.51job.com/all/co4741991.html
jobs.51job.com/all/co4741991.html
jobs.51job.com/all/co4741991.html
jobs.51job.com/all/co4741991.html
jobs.51job.com/all/co4741991.html
jobs.51job.com/all/co4741991.html
jobs.51job.com/all/co4741991.html
jobs.51job.com/all/co4741991.html
jobs.51job.com/all/co4741991.html
jobs.51job.com/all/co4697763.html
jobs.51job.com/all/co2839585.html
jobs.51job.com/all/co2839585.html
jobs.51job.com/all/co2445912.html
jobs.51job.com/all/co3375230.html
jobs.51job.com/all/co3375230.html
jobs.51job.com/all/co3375230.html
jobs.51job.com/all/co3375230.html
jobs.51job.com/all/co3375230.html
jobs.51job.com/all/co3375230.html
jobs.51job.com/all/co2501502.html
jobs.51job.com/all/co2501502.html
jobs.51job.com/all/co3633302.html
jobs.51job.com/all/co3633302.html
jobs.51job.com/all/co3377721.html
jobs.51job.com/all/co3377721.html
jobs.51job.com/all/co4200382.html
jobs.51job.com/all/co4200382.html
jobs.51job.com/all/co4200382.html
jobs.51job.com/all/co2392499.html
jobs.51job.com/all/co2392499.html
jobs.51job.com/all/co2392499.html
jobs.51job.com/all/co3653982.html
jobs.51job.com/all/co3562381.html
jobs.51job.com/all/co4876939.html
jobs.51job.com/all/co4876939.html
jobs.51job.com/all/co3174227.html
jobs.51job.com/all/co3174227.html
jobs.51job.com/all/co3494445.html
jobs.51job.com/all/co3494445.html
jobs.51job.com/all/co3283913.html
jobs.51job.com/all/co2120911.html
jobs.51job.com/all/co3851992.html
jobs.51job.com/all/co1500352.html
jobs.51job.com/all/co1500352.html
jobs.51job.com/all/co4794888.html
jobs.51job.com/all/co4794888.html
jobs.51job.com/all/co4794888.html
jobs.51job.com/all/co4794888.html
jobs.51job.com/all/co4794888.html
jobs.51job.com/all/co4794888.html
jobs.51job.com/all/co2652262.html
jobs.51job.com/all/co4422420.html
jobs.51job.com/all/co2571472.html
jobs.51job.com/all/co4105214.html
jobs.51job.com/all/co3222563.html
jobs.51job.com/all/co4947549.html
jobs.51job.com/all/co4132295.html
jobs.51job.com/all/co4132295.html
jobs.51job.com/all/co4132295.html
jobs.51job.com/all/co1297810.html
jobs.51job.com/all/co2214617.html
jobs.51job.com/all/co2214617.html
jobs.51job.com/all/co2214617.html
jobs.51job.com/all/co2214617.html
jobs.51job.com/all/co2550793.html
jobs.51job.com/all/co2550793.html
jobs.51job.com/all/co2550793.html
jobs.51job.com/all/co4948296.html
jobs.51job.com/all/co4948296.html
jobs.51job.com/all/co4913355.html
jobs.51job.com/all/co2630239.html
jobs.51job.com/all/co2630239.html
jobs.51job.com/all/co3589293.html
jobs.51job.com/all/co3121659.html
jobs.51job.com/all/co3121659.html
jobs.51job.com/all/co3121659.html
jobs.51job.com/all/co3121659.html
jobs.51job.com/all/co3060397.html
jobs.51job.com/all/co4309054.html
jobs.51job.com/all/co4309054.html
jobs.51job.com/all/co4672222.html
jobs.51job.com/all/co4672222.html
jobs.51job.com/all/co4672222.html
jobs.51job.com/all/co4672222.html
jobs.51job.com/all/co2417212.html
jobs.51job.com/all/co2417212.html
jobs.51job.com/all/co2417212.html
jobs.51job.com/all/co4815960.html
jobs.51job.com/all/co4815960.html
jobs.51job.com/all/co4815960.html
jobs.51job.com/all/co3262404.html
jobs.51job.com/all/co4605858.html
jobs.51job.com/all/co4605858.html
jobs.51job.com/all/co4846061.html
jobs.51job.com/all/co4846061.html
jobs.51job.com/all/co4846061.html
jobs.51job.com/all/co4846061.html
jobs.51job.com/all/co4846061.html
jobs.51job.com/all/co4846061.html
jobs.51job.com/all/co4605858.html
jobs.51job.com/all/co4063527.html
jobs.51job.com/all/co4063527.html
jobs.51job.com/all/co2616596.html
jobs.51job.com/all/co4815367.html
jobs.51job.com/all/co4815367.html
jobs.51job.com/all/co2779223.html
jobs.51job.com/all/co2152231.html
jobs.51job.com/all/co2152231.html
jobs.51job.com/all/co4821200.html
jobs.51job.com/all/co4821200.html
jobs.51job.com/all/co4805167.html
jobs.51job.com/all/co2900675.html
jobs.51job.com/all/co2900675.html
jobs.51job.com/all/co2152231.html
jobs.51job.com/all/co4504089.html
jobs.51job.com/all/co4504089.html
jobs.51job.com/all/co964818.html
jobs.51job.com/all/co3912577.html
jobs.51job.com/all/co3912577.html
jobs.51job.com/all/co4837193.html
jobs.51job.com/all/co3996222.html
jobs.51job.com/all/co3377721.html
jobs.51job.com/all/co3094906.html
jobs.51job.com/all/co3094906.html
jobs.51job.com/all/co3094906.html
jobs.51job.com/all/co4572307.html
jobs.51job.com/all/co4572307.html
jobs.51job.com/all/co4572307.html
jobs.51job.com/all/co4572307.html
jobs.51job.com/all/co2597901.html
jobs.51job.com/all/co4761455.html
jobs.51job.com/all/co3508579.html
jobs.51job.com/all/co3611016.html
jobs.51job.com/all/co3611016.html
jobs.51job.com/all/co2511644.html
jobs.51job.com/all/co2511644.html
jobs.51job.com/all/co2511644.html
jobs.51job.com/all/co3956349.html
jobs.51job.com/all/co3956349.html
jobs.51job.com/all/co4803340.html
jobs.51job.com/all/co4803340.html
jobs.51job.com/all/co3456746.html
jobs.51job.com/all/co3774211.html
jobs.51job.com/all/co3774211.html
jobs.51job.com/all/co3774211.html
jobs.51job.com/all/co3774211.html
jobs.51job.com/all/co3441374.html
jobs.51job.com/all/co3451891.html
jobs.51job.com/all/co4026018.html
jobs.51job.com/all/co3833475.html
jobs.51job.com/all/co2893234.html
jobs.51job.com/all/co2120911.html
jobs.51job.com/all/co4294642.html
jobs.51job.com/all/co4294642.html
jobs.51job.com/all/co3086050.html
jobs.51job.com/all/co3023961.html
jobs.51job.com/all/co3023961.html
jobs.51job.com/all/co2610926.html
jobs.51job.com/all/co3232564.html
jobs.51job.com/all/co3232564.html
jobs.51job.com/all/co3793958.html
jobs.51job.com/all/co4395669.html
jobs.51job.com/all/co2124049.html
jobs.51job.com/all/co4902005.html
jobs.51job.com/all/co4140477.html
jobs.51job.com/all/co4140477.html
jobs.51job.com/all/co4722367.html
jobs.51job.com/all/co4722367.html
jobs.51job.com/all/co3451891.html
jobs.51job.com/all/co3377721.html
jobs.51job.com/all/co3377721.html
jobs.51job.com/all/co3377721.html
jobs.51job.com/all/co4026018.html
jobs.51job.com/all/co3494445.html
jobs.51job.com/all/co3494445.html
jobs.51job.com/all/co3494445.html
jobs.51job.com/all/co2752969.html
jobs.51job.com/all/co3610275.html
jobs.51job.com/all/co2927355.html
jobs.51job.com/all/co2927355.html
jobs.51job.com/all/co2927355.html
jobs.51job.com/all/co2927355.html
jobs.51job.com/all/co2430514.html
jobs.51job.com/all/co4140477.html
jobs.51job.com/all/co2788074.html
jobs.51job.com/all/co2788074.html
jobs.51job.com/all/co2788074.html
jobs.51job.com/all/co2788074.html
jobs.51job.com/all/co2788074.html
jobs.51job.com/all/co4867895.html
jobs.51job.com/all/co4867895.html
jobs.51job.com/all/co3905373.html
jobs.51job.com/all/co3762959.html
jobs.51job.com/all/co3762959.html
jobs.51job.com/all/co3762959.html
jobs.51job.com/all/co3762959.html
jobs.51job.com/all/co3870890.html
jobs.51job.com/all/co4142112.html
jobs.51job.com/all/co3565452.html
jobs.51job.com/all/co3565452.html
jobs.51job.com/all/co4354850.html
jobs.51job.com/all/co4590144.html
jobs.51job.com/all/co4354850.html
jobs.51job.com/all/co4354850.html
jobs.51job.com/all/co3350356.html
jobs.51job.com/all/co3350356.html
jobs.51job.com/all/co4895154.html
jobs.51job.com/all/co2496012.html
jobs.51job.com/all/co2439492.html
jobs.51job.com/all/co4924829.html
jobs.51job.com/all/co4761455.html
jobs.51job.com/all/co4389007.html
jobs.51job.com/all/co4086493.html
jobs.51job.com/all/co2754875.html
jobs.51job.com/all/co2754875.html
jobs.51job.com/all/co2754875.html
jobs.51job.com/all/co2754875.html
jobs.51job.com/all/co2754875.html
jobs.51job.com/all/co3293791.html
jobs.51job.com/all/co3293791.html
jobs.51job.com/all/co2679791.html
jobs.51job.com/all/co2679791.html
jobs.51job.com/all/co4815383.html
jobs.51job.com/all/co3377721.html
jobs.51job.com/all/co4610604.html
jobs.51job.com/all/co3797377.html
jobs.51job.com/all/co3797377.html
jobs.51job.com/all/co3797377.html
zjsj.51job.com/
jobs.51job.com/all/co3833785.html
jobs.51job.com/all/co3833785.html
jobs.51job.com/all/co3833785.html
jobs.51job.com/all/co3833785.html
jobs.51job.com/all/co3833785.html
jobs.51job.com/all/co3833785.html
jobs.51job.com/all/co3853272.html
jobs.51job.com/all/co3853272.html
jobs.51job.com/all/co3941553.html
jobs.51job.com/all/co4372857.html
jobs.51job.com/all/co2973309.html
jobs.51job.com/all/co2973309.html
jobs.51job.com/all/co4380194.html
jobs.51job.com/all/co4268890.html
jobs.51job.com/all/co2653745.html
jobs.51job.com/all/co4040935.html
jobs.51job.com/all/co2907021.html
jobs.51job.com/all/co2907021.html
jobs.51job.com/all/co2907021.html
jobs.51job.com/all/co2907021.html
jobs.51job.com/all/co2115296.html
jobs.51job.com/all/co2115296.html
jobs.51job.com/all/co2115296.html
jobs.51job.com/all/co3291073.html
jobs.51job.com/all/co4215584.html
jobs.51job.com/all/co4843454.html
jobs.51job.com/all/co2701978.html
jobs.51job.com/all/co2701978.html
jobs.51job.com/all/co2701978.html
jobs.51job.com/all/co4247359.html
jobs.51job.com/all/co4247359.html
jobs.51job.com/all/co4247359.html
jobs.51job.com/all/co4247359.html
jobs.51job.com/all/co4247359.html
jobs.51job.com/all/co2035564.html
jobs.51job.com/all/co3317041.html
jobs.51job.com/all/co4132295.html
jobs.51job.com/all/co4902148.html
jobs.51job.com/all/co3898888.html
jobs.51job.com/all/co2887276.html
jobs.51job.com/all/co4325161.html
jobs.51job.com/all/co4325161.html
jobs.51job.com/all/co3698075.html
jobs.51job.com/all/co4867928.html
jobs.51job.com/all/co135210.html
jobs.51job.com/all/co135210.html
jobs.51job.com/all/co135210.html
jobs.51job.com/all/co135210.html
jobs.51job.com/all/co135210.html
jobs.51job.com/all/co4380194.html
jobs.51job.com/all/co2159850.html
jobs.51job.com/all/co4791703.html
jobs.51job.com/all/co4199953.html
jobs.51job.com/all/co4199953.html
jobs.51job.com/all/co2606434.html
jobs.51job.com/all/co3825039.html
jobs.51job.com/all/co3825039.html
jobs.51job.com/all/co3825039.html
jobs.51job.com/all/co3825039.html
jobs.51job.com/all/co3825039.html
jobs.51job.com/all/co3825039.html
jobs.51job.com/all/co3825039.html
jobs.51job.com/all/co3825039.html
jobs.51job.com/all/co2413641.html
jobs.51job.com/all/co2413641.html
jobs.51job.com/all/co2413641.html
jobs.51job.com/all/co2413641.html
jobs.51job.com/all/co2159850.html
jobs.51job.com/all/co4440815.html
jobs.51job.com/all/co804983.html
jobs.51job.com/all/co804983.html
jobs.51job.com/all/co804983.html
zj32.51job.com
zj32.51job.com
zj32.51job.com
zj32.51job.com
zj32.51job.com
zj32.51job.com
jobs.51job.com/all/co4603104.html
jobs.51job.com/all/co3315741.html
jobs.51job.com/all/co4215584.html
jobs.51job.com/all/co3940307.html
jobs.51job.com/all/co4142112.html
jobs.51job.com/all/co4142112.html
jobs.51job.com/all/co161889.html
jobs.51job.com/all/co161889.html
jobs.51job.com/all/co3905373.html
jobs.51job.com/all/co4587061.html
jobs.51job.com/all/co135210.html
jobs.51job.com/all/co4919447.html
jobs.51job.com/all/co135210.html
jobs.51job.com/all/co3940307.html
jobs.51job.com/all/co3078341.html
jobs.51job.com/all/co3078341.html
jobs.51job.com/all/co4921157.html
jobs.51job.com/all/co4307297.html
jobs.51job.com/all/co4307297.html
jobs.51job.com/all/co4307297.html
jobs.51job.com/all/co2474567.html
jobs.51job.com/all/co2474567.html
jobs.51job.com/all/co2474567.html
jobs.51job.com/all/co3232826.html
jobs.51job.com/all/co3232826.html
jobs.51job.com/all/co3232826.html
jobs.51job.com/all/co3328022.html
jobs.51job.com/all/co4380194.html
jobs.51job.com/all/co4380194.html
jobs.51job.com/all/co4380194.html
jobs.51job.com/all/co4380194.html
jobs.51job.com/all/co4380194.html
jobs.51job.com/all/co4815383.html
jobs.51job.com/all/co3900898.html
jobs.51job.com/all/co4286010.html
jobs.51job.com/all/co4815383.html
jobs.51job.com/all/co4815383.html
jobs.51job.com/all/co4815383.html
jobs.51job.com/all/co4150431.html
jobs.51job.com/all/co4638866.html
jobs.51job.com/all/co4638866.html
jobs.51job.com/all/co4309054.html
jobs.51job.com/all/co2808931.html
zjsj.51job.com/
jobs.51job.com/all/co3834445.html
jobs.51job.com/all/co4080158.html
jobs.51job.com/all/co2644398.html
jobs.51job.com/all/co2986089.html
jobs.51job.com/all/co2739793.html
jobs.51job.com/all/co4792022.html
jobs.51job.com/all/co4851571.html
jobs.51job.com/all/co4851571.html
jobs.51job.com/all/co4285955.html
jobs.51job.com/all/co3934930.html
jobs.51job.com/all/co2951422.html
jobs.51job.com/all/co3565452.html
jobs.51job.com/all/co3565452.html
jobs.51job.com/all/co2503508.html
jobs.51job.com/all/co4761455.html
jobs.51job.com/all/co4761455.html
jobs.51job.com/all/co3699605.html
jobs.51job.com/all/co3699605.html
jobs.51job.com/all/co3699605.html
jobs.51job.com/all/co3699605.html
jobs.51job.com/all/co3699605.html
jobs.51job.com/all/co3699605.html
jobs.51job.com/all/co3699605.html
jobs.51job.com/all/co4199953.html
jobs.51job.com/all/co4028171.html
jobs.51job.com/all/co4028171.html
jobs.51job.com/all/co4028171.html
jobs.51job.com/all/co2527230.html
jobs.51job.com/all/co4132295.html
jobs.51job.com/all/co4294642.html
jobs.51job.com/all/co2770054.html
jobs.51job.com/all/co2770054.html
jobs.51job.com/all/co2770054.html
jobs.51job.com/all/co2770054.html
jobs.51job.com/all/co2770054.html
jobs.51job.com/all/co2770054.html
jobs.51job.com/all/co4279314.html
jobs.51job.com/all/co3438193.html
jobs.51job.com/all/co4279314.html
jobs.51job.com/all/co2933014.html
jobs.51job.com/all/co135210.html
jobs.51job.com/all/co135210.html
jobs.51job.com/all/co2884772.html
jobs.51job.com/all/co2884772.html
jobs.51job.com/all/co2884772.html
jobs.51job.com/all/co4028171.html
jobs.51job.com/all/co3762959.html
jobs.51job.com/all/co4289299.html
jobs.51job.com/all/co4289299.html
jobs.51job.com/all/co4289299.html
jobs.51job.com/all/co4290390.html
jobs.51job.com/all/co4290390.html
zj32.51job.com
jobs.51job.com/all/co4504089.html
jobs.51job.com/all/co2922961.html
jobs.51job.com/all/co11866.html
jobs.51job.com/all/co11866.html
jobs.51job.com/all/co3279700.html
jobs.51job.com/all/co4867895.html
jobs.51job.com/all/co4867895.html
jobs.51job.com/all/co4819921.html
jobs.51job.com/all/co4819921.html
jobs.51job.com/all/co4761455.html
jobs.51job.com/all/co4761455.html
jobs.51job.com/all/co4761455.html
jobs.51job.com/all/co4591706.html
jobs.51job.com/all/co4307297.html
jobs.51job.com/all/co4493684.html
jobs.51job.com/all/co4307297.html
jobs.51job.com/all/co3870890.html
jobs.51job.com/all/co3270878.html
jobs.51job.com/all/co3270878.html
jobs.51job.com/all/co4309054.html
jobs.51job.com/all/co3317041.html
jobs.51job.com/all/co4285955.html
jobs.51job.com/all/co4191198.html
jobs.51job.com/all/co2515143.html
jobs.51job.com/all/co4875146.html
jobs.51job.com/all/co4875146.html
jobs.51job.com/all/co4875146.html
jobs.51job.com/all/co4875146.html
jobs.51job.com/all/co4875146.html
jobs.51job.com/all/co3059729.html
jobs.51job.com/all/co2152231.html
jobs.51job.com/all/co4429258.html
jobs.51job.com/all/co4429258.html
jobs.51job.com/all/co156141.html
jobs.51job.com/all/co4245348.html
jobs.51job.com/all/co2996825.html
jobs.51job.com/all/co2996825.html
jobs.51job.com/all/co2996825.html
jobs.51job.com/all/co2996825.html
jobs.51job.com/all/co2996825.html
jobs.51job.com/all/co2930208.html
jobs.51job.com/all/co2930208.html
jobs.51job.com/all/co2930208.html
jobs.51job.com/all/co2930208.html
jobs.51job.com/all/co2930208.html
jobs.51job.com/all/co2767454.html
jobs.51job.com/all/co3475815.html
jobs.51job.com/all/co3765083.html
jobs.51job.com/all/co3765083.html
jobs.51job.com/all/co3328022.html
jobs.51job.com/all/co4734247.html
jobs.51job.com/all/co4734247.html
jobs.51job.com/all/co4734247.html
jobs.51job.com/all/co4734247.html
jobs.51job.com/all/co4734247.html
jobs.51job.com/all/co4734247.html
jobs.51job.com/all/co4734247.html
jobs.51job.com/all/co4734247.html
jobs.51job.com/all/co4734247.html
jobs.51job.com/all/co4734247.html
jobs.51job.com/all/co4734247.html
jobs.51job.com/all/co4734247.html
jobs.51job.com/all/co4734247.html
jobs.51job.com/all/co4734247.html
jobs.51job.com/all/co4734247.html
jobs.51job.com/all/co3565452.html
jobs.51job.com/all/co3475815.html
jobs.51job.com/all/co3475815.html
jobs.51job.com/all/co3475815.html
jobs.51job.com/all/co3475815.html
jobs.51job.com/all/co3475815.html
jobs.51job.com/all/co3475815.html
jobs.51job.com/all/co3475815.html
jobs.51job.com/all/co3475815.html
jobs.51job.com/all/co3475815.html
jobs.51job.com/all/co3475815.html
jobs.51job.com/all/co3475815.html
jobs.51job.com/all/co3475815.html
jobs.51job.com/all/co4465967.html
jobs.51job.com/all/co4465967.html
jobs.51job.com/all/co2064590.html
jobs.51job.com/all/co2064590.html
jobs.51job.com/all/co2064590.html
jobs.51job.com/all/co4713235.html
jobs.51job.com/all/co2511644.html
jobs.51job.com/all/co2225467.html
jobs.51job.com/all/co312040.html
jobs.51job.com/all/co312040.html
jobs.51job.com/all/co2856693.html
jobs.51job.com/all/co4240698.html
jobs.51job.com/all/co3361968.html
jobs.51job.com/all/co4564253.html
jobs.51job.com/all/co4564253.html
jobs.51job.com/all/co4564253.html
jobs.51job.com/all/co4182935.html
jobs.51job.com/all/co4592370.html
jobs.51job.com/all/co4182935.html
jobs.51job.com/all/co3900898.html
jobs.51job.com/all/co4271482.html
jobs.51job.com/all/co4271482.html
jobs.51job.com/all/co4271482.html
jobs.51job.com/all/co4271482.html
jobs.51job.com/all/co4271482.html
jobs.51job.com/all/co4271482.html
jobs.51job.com/all/co3303123.html
jobs.51job.com/all/co3303123.html
jobs.51job.com/all/co3303123.html
jobs.51job.com/all/co3303123.html
jobs.51job.com/all/co3565930.html
jobs.51job.com/all/co101597.html
jobs.51job.com/all/co575719.html
jobs.51job.com/all/co312040.html
jobs.51job.com/all/co4639688.html
jobs.51job.com/all/co4098930.html
jobs.51job.com/all/co4098930.html
jobs.51job.com/all/co4098930.html
jobs.51job.com/all/co4098930.html
jobs.51job.com/all/co4098930.html
jobs.51job.com/all/co4098930.html
jobs.51job.com/all/co158612.html
jobs.51job.com/all/co4410635.html
jobs.51job.com/all/co221969.html
jobs.51job.com/all/co4641772.html
jobs.51job.com/all/co3378588.html
jobs.51job.com/all/co3533498.html
jobs.51job.com/all/co3399600.html
jobs.51job.com/all/co3399600.html
jobs.51job.com/all/co4369780.html
jobs.51job.com/all/co4098930.html
jobs.51job.com/all/co4098930.html
jobs.51job.com/all/co2597901.html
jobs.51job.com/all/co4380858.html
jobs.51job.com/all/co4040815.html
jobs.51job.com/all/co3060604.html
jobs.51job.com/all/co2779223.html
jobs.51job.com/all/co3130880.html
jobs.51job.com/all/co3130880.html
jobs.51job.com/all/co3025729.html
jobs.51job.com/all/co4641772.html
jobs.51job.com/all/co4641772.html
jobs.51job.com/all/co3939503.html
jobs.51job.com/all/co387406.html
jobs.51job.com/all/co2386805.html
jobs.51job.com/all/co221969.html
jobs.51job.com/all/co4641772.html
jobs.51job.com/all/co4848455.html
jobs.51job.com/all/co4529416.html
jobs.51job.com/all/co4564253.html
jobs.51job.com/all/co4564253.html
jobs.51job.com/all/co3721880.html
jobs.51job.com/all/co4734247.html
jobs.51job.com/all/co3475815.html
