jobs.51job.com/all/co3757838.html
jobs.51job.com/all/co4854607.html
jobs.51job.com/all/co3528235.html
jobs.51job.com/all/co4941937.html
jobs.51job.com/all/co2666401.html
jobs.51job.com/all/co4896487.html
jobs.51job.com/all/co2567042.html
jobs.51job.com/all/co4951339.html
jobs.51job.com/all/co2826138.html
jobs.51job.com/all/co4596598.html
jobs.51job.com/all/co4763228.html
jobs.51job.com/all/co3540395.html
jobs.51job.com/all/co4894824.html
jobs.51job.com/all/co4064041.html
jobs.51job.com/all/co3505131.html
jobs.51job.com/all/co2553641.html
jobs.51job.com/all/co3706684.html
jobs.51job.com/all/co242314.html
jobs.51job.com/all/co4397508.html
jobs.51job.com/all/co2444136.html
jobs.51job.com/all/co3318875.html
jobs.51job.com/all/co4202120.html
jobs.51job.com/all/co3270483.html
jobs.51job.com/all/co4428186.html
jobs.51job.com/all/co4624468.html
jobs.51job.com/all/co2870983.html
jobs.51job.com/all/co4444102.html
jobs.51job.com/all/co4454873.html
jobs.51job.com/all/co2507622.html
jobs.51job.com/all/co2867982.html
jobs.51job.com/all/co2633151.html
jobs.51job.com/all/co2296411.html
jobs.51job.com/all/co4832718.html
jobs.51job.com/all/co2500790.html
jobs.51job.com/all/co2899023.html
jobs.51job.com/all/co4033010.html
jobs.51job.com/all/co3278549.html
jobs.51job.com/all/co2338613.html
jobs.51job.com/all/co2304257.html
jobs.51job.com/all/co4616099.html
jobs.51job.com/all/co3076836.html
jobs.51job.com/all/co208149.html
jobs.51job.com/all/co4669562.html
jobs.51job.com/all/co3149316.html
jobs.51job.com/all/co1392509.html
jobs.51job.com/all/co2056932.html
jobs.51job.com/all/co4372652.html
jobs.51job.com/all/co4715115.html
jobs.51job.com/all/co3604524.html
jobs.51job.com/all/co4940722.html
jobs.51job.com/all/co4723359.html
jobs.51job.com/all/co4920404.html
jobs.51job.com/all/co4524701.html
jobs.51job.com/all/co4243513.html
jobs.51job.com/all/co3546130.html
jobs.51job.com/all/co4809640.html
jobs.51job.com/all/co939598.html
jobs.51job.com/all/co4783513.html
jobs.51job.com/all/co4165401.html
jobs.51job.com/all/co3744247.html
jobs.51job.com/all/co2666915.html
jobs.51job.com/all/co2633687.html
jobs.51job.com/all/co4542247.html
jobs.51job.com/all/co3649968.html
jobs.51job.com/all/co195653.html
jobs.51job.com/all/co4009875.html
jobs.51job.com/all/co2516791.html
jobs.51job.com/all/co3497551.html
jobs.51job.com/all/co3404464.html
jobs.51job.com/all/co2744706.html
jobs.51job.com/all/co3914555.html
jobs.51job.com/all/co4804503.html
jobs.51job.com/all/co4446542.html
jobs.51job.com/all/co243342.html
jobs.51job.com/all/co2743007.html
jobs.51job.com/all/co143367.html
jobs.51job.com/all/co3827456.html
jobs.51job.com/all/co1430414.html
jobs.51job.com/all/co3996563.html
jobs.51job.com/all/co4819846.html
jobs.51job.com/all/co2726473.html
jobs.51job.com/all/co3172713.html
jobs.51job.com/all/co2368551.html
jobs.51job.com/all/co3582648.html
jobs.51job.com/all/co3543056.html
jobs.51job.com/all/co4776377.html
jobs.51job.com/all/co3965687.html
jobs.51job.com/all/co3674262.html
jobs.51job.com/all/co2820265.html
jobs.51job.com/all/co4538349.html
jobs.51job.com/all/co4540566.html
jobs.51job.com/all/co4866167.html
jobs.51job.com/all/co4028481.html
jobs.51job.com/all/co2887365.html
jobs.51job.com/all/co2964513.html
jobs.51job.com/all/co3444233.html
jobs.51job.com/all/co2936849.html
jobs.51job.com/all/co3897522.html
jobs.51job.com/all/co2898999.html
jobs.51job.com/all/co3561038.html
jobs.51job.com/all/co4255748.html
jobs.51job.com/all/co2354943.html
jobs.51job.com/all/co4832153.html
jobs.51job.com/all/co3703977.html
jobs.51job.com/all/co4562692.html
jobs.51job.com/all/co4798765.html
jobs.51job.com/all/co3886128.html
jobs.51job.com/all/co2578484.html
jobs.51job.com/all/co4374540.html
jobs.51job.com/all/co3648213.html
jobs.51job.com/all/co1985614.html
jobs.51job.com/all/co3111869.html
jobs.51job.com/all/co4492317.html
jobs.51job.com/all/co3598042.html
jobs.51job.com/all/co1339558.html
jobs.51job.com/all/co4512653.html
jobs.51job.com/all/co2917802.html
jobs.51job.com/all/co2403778.html
jobs.51job.com/all/co3173582.html
jobs.51job.com/all/co4283859.html
jobs.51job.com/all/co3163260.html
jobs.51job.com/all/co3705928.html
jobs.51job.com/all/co2707366.html
jobs.51job.com/all/co4841584.html
jobs.51job.com/all/co2529250.html
jobs.51job.com/all/co4901496.html
jobs.51job.com/all/co4148530.html
jobs.51job.com/all/co4334693.html
jobs.51job.com/all/co3047825.html
jobs.51job.com/all/co3444305.html
jobs.51job.com/all/co2656571.html
jobs.51job.com/all/co4693485.html
jobs.51job.com/all/co1203793.html
jobs.51job.com/all/co3077836.html
jobs.51job.com/all/co3233439.html
jobs.51job.com/all/co2471435.html
jobs.51job.com/all/co4331759.html
jobs.51job.com/all/co1648273.html
jobs.51job.com/all/co2936951.html
jobs.51job.com/all/co4896496.html
jobs.51job.com/all/co4883778.html
jobs.51job.com/all/co4915984.html
jobs.51job.com/all/co4612481.html
jobs.51job.com/all/co370220.html
jobs.51job.com/all/co3591475.html
jobs.51job.com/all/co3979453.html
jobs.51job.com/all/co4756740.html
jobs.51job.com/all/co4308114.html
jobs.51job.com/all/co2219414.html
jobs.51job.com/all/co3956992.html
jobs.51job.com/all/co3172581.html
jobs.51job.com/all/co2668044.html
jobs.51job.com/all/co2872038.html
jobs.51job.com/all/co682235.html
jobs.51job.com/all/co3862335.html
jobs.51job.com/all/co4737371.html
jobs.51job.com/all/co4696452.html
jobs.51job.com/all/co3051392.html
jobs.51job.com/all/co2631809.html
jobs.51job.com/all/co2652609.html
jobs.51job.com/all/co3052176.html
jobs.51job.com/all/co2765371.html
jobs.51job.com/all/co3139320.html
jobs.51job.com/all/co4567565.html
jobs.51job.com/all/co4883190.html
jobs.51job.com/all/co3700446.html
jobs.51job.com/all/co4225231.html
jobs.51job.com/all/co4207038.html
jobs.51job.com/all/co3177616.html
jobs.51job.com/all/co2512336.html
jobs.51job.com/all/co4426180.html
jobs.51job.com/all/co4515462.html
jobs.51job.com/all/co2462461.html
jobs.51job.com/all/co2564963.html
jobs.51job.com/all/co4707010.html
jobs.51job.com/all/co4294949.html
jobs.51job.com/all/co3613032.html
jobs.51job.com/all/co4304434.html
jobs.51job.com/all/co3762202.html
jobs.51job.com/all/co2898914.html
jobs.51job.com/all/co4903957.html
jobs.51job.com/all/co4164801.html
jobs.51job.com/all/co3520063.html
jobs.51job.com/all/co2692866.html
jobs.51job.com/all/co4203151.html
jobs.51job.com/all/co2789755.html
jobs.51job.com/all/co4749583.html
jobs.51job.com/all/co4746362.html
jobs.51job.com/all/co4261478.html
jobs.51job.com/all/co4632571.html
jobs.51job.com/all/co4748751.html
jobs.51job.com/all/co3285612.html
jobs.51job.com/all/co2460539.html
jobs.51job.com/all/co3185547.html
jobs.51job.com/all/co578219.html
jobs.51job.com/all/co4542350.html
jobs.51job.com/all/co4146410.html
jobs.51job.com/all/co4232794.html
jobs.51job.com/all/co2788260.html
jobs.51job.com/all/co4655075.html
jobs.51job.com/all/co4775462.html
jobs.51job.com/all/co3291960.html
jobs.51job.com/all/co4691235.html
jobs.51job.com/all/co243336.html
jobs.51job.com/all/co2217191.html
jobs.51job.com/all/co1991726.html
jobs.51job.com/all/co2784722.html
jobs.51job.com/all/co3203083.html
jobs.51job.com/all/co3081883.html
jobs.51job.com/all/co3056784.html
jobs.51job.com/all/co4847374.html
jobs.51job.com/all/co4643761.html
jobs.51job.com/all/co2618263.html
jobs.51job.com/all/co4684724.html
jobs.51job.com/all/co4093129.html
jobs.51job.com/all/co2349376.html
jobs.51job.com/all/co3867262.html
jobs.51job.com/all/co4943141.html
jobs.51job.com/all/co2600000.html
jobs.51job.com/all/co4361009.html
jobs.51job.com/all/co4302586.html
jobs.51job.com/all/co4885957.html
jobs.51job.com/all/co3929902.html
jobs.51job.com/all/co4531227.html
jobs.51job.com/all/co4352147.html
jobs.51job.com/all/co4051917.html
jobs.51job.com/all/co2397646.html
jobs.51job.com/all/co3106803.html
jobs.51job.com/all/co4861863.html
jobs.51job.com/all/co2465872.html
jobs.51job.com/all/co4182700.html
jobs.51job.com/all/co3953006.html
jobs.51job.com/all/co3002239.html
jobs.51job.com/all/co4785323.html
jobs.51job.com/all/co4870304.html
jobs.51job.com/all/co4108409.html
jobs.51job.com/all/co4832193.html
jobs.51job.com/all/co3838664.html
jobs.51job.com/all/co3786756.html
jobs.51job.com/all/co4872926.html
jobs.51job.com/all/co2605715.html
jobs.51job.com/all/co4026692.html
jobs.51job.com/all/co4786450.html
jobs.51job.com/all/co3547696.html
jobs.51job.com/all/co2095888.html
jobs.51job.com/all/co4938828.html
jobs.51job.com/all/co3413219.html
jobs.51job.com/all/co2686579.html
jobs.51job.com/all/co4424359.html
jobs.51job.com/all/co3861603.html
jobs.51job.com/all/co4956230.html
jobs.51job.com/all/co2980442.html
jobs.51job.com/all/co4916795.html
jobs.51job.com/all/co4467299.html
jobs.51job.com/all/co4721432.html
jobs.51job.com/all/co2017281.html
jobs.51job.com/all/co2599038.html
jobs.51job.com/all/co4231986.html
jobs.51job.com/all/co3294114.html
jobs.51job.com/all/co3349032.html
jobs.51job.com/all/co485886.html
jobs.51job.com/all/co2154114.html
jobs.51job.com/all/co4481969.html
jobs.51job.com/all/co2967497.html
jobs.51job.com/all/co2807192.html
jobs.51job.com/all/co2701011.html
jobs.51job.com/all/co3068831.html
jobs.51job.com/all/co2939696.html
jobs.51job.com/all/co2864527.html
jobs.51job.com/all/co4756458.html
jobs.51job.com/all/co3981718.html
jobs.51job.com/all/co4209165.html
jobs.51job.com/all/co2321938.html
jobs.51job.com/all/co4609043.html
jobs.51job.com/all/co4645279.html
jobs.51job.com/all/co3496304.html
jobs.51job.com/all/co2746216.html
jobs.51job.com/all/co2632261.html
jobs.51job.com/all/co4663608.html
jobs.51job.com/all/co3781916.html
jobs.51job.com/all/co3991452.html
jobs.51job.com/all/co2752053.html
jobs.51job.com/all/co2710309.html
jobs.51job.com/all/co3682252.html
jobs.51job.com/all/co4831018.html
jobs.51job.com/all/co2715410.html
jobs.51job.com/all/co1563663.html
jobs.51job.com/all/co4338546.html
jobs.51job.com/all/co4653362.html
jobs.51job.com/all/co3692537.html
jobs.51job.com/all/co2377205.html
jobs.51job.com/all/co4505160.html
jobs.51job.com/all/co4947066.html
jobs.51job.com/all/co3885314.html
jobs.51job.com/all/co4890505.html
jobs.51job.com/all/co4897946.html
jobs.51job.com/all/co3597596.html
jobs.51job.com/all/co3160809.html
jobs.51job.com/all/co4246439.html
jobs.51job.com/all/co2412324.html
jobs.51job.com/all/co2793913.html
jobs.51job.com/all/co2940259.html
jobs.51job.com/all/co2790061.html
jobs.51job.com/all/co3786334.html
jobs.51job.com/all/co2531079.html
jobs.51job.com/all/co3760706.html
jobs.51job.com/all/co2221070.html
jobs.51job.com/all/co2664570.html
jobs.51job.com/all/co4153506.html
jobs.51job.com/all/co2988292.html
jobs.51job.com/all/co4600328.html
jobs.51job.com/all/co2580137.html
jobs.51job.com/all/co2272108.html
jobs.51job.com/all/co4856153.html
jobs.51job.com/all/co2834722.html
jobs.51job.com/all/co926211.html
jobs.51job.com/all/co3710834.html
jobs.51job.com/all/co2700625.html
jobs.51job.com/all/co3680905.html
meituan.51job.com
jobs.51job.com/all/co4022612.html
jobs.51job.com/all/co3873640.html
jobs.51job.com/all/co4847849.html
jobs.51job.com/all/co3133920.html
jobs.51job.com/all/co2267161.html
jobs.51job.com/all/co1242222.html
jobs.51job.com/all/co3798490.html
jobs.51job.com/all/co4903945.html
jobs.51job.com/all/co3301247.html
jobs.51job.com/all/co4896785.html
jobs.51job.com/all/co4615857.html
jobs.51job.com/all/co4866804.html
jobs.51job.com/all/co2589853.html
jobs.51job.com/all/co2782000.html
jobs.51job.com/all/co1988029.html
jobs.51job.com/all/co3617935.html
jobs.51job.com/all/co4280651.html
jobs.51job.com/all/co377518.html
jobs.51job.com/all/co2048875.html
jobs.51job.com/all/co3057688.html
jobs.51job.com/all/co4381134.html
jobs.51job.com/all/co1776316.html
jobs.51job.com/all/co3317839.html
jobs.51job.com/all/co2677734.html
jobs.51job.com/all/co2973691.html
jobs.51job.com/all/co3496183.html
jobs.51job.com/all/co3556099.html
jobs.51job.com/all/co3118667.html
jobs.51job.com/all/co4473307.html
jobs.51job.com/all/co3045952.html
jobs.51job.com/all/co476210.html
jobs.51job.com/all/co4344896.html
jobs.51job.com/all/co4304824.html
jobs.51job.com/all/co4342845.html
jobs.51job.com/all/co2065039.html
jobs.51job.com/all/co4763593.html
jobs.51job.com/all/co2039574.html
jobs.51job.com/all/co2586898.html
jobs.51job.com/all/co2161908.html
jobs.51job.com/all/co3226623.html
jobs.51job.com/all/co3311516.html
jobs.51job.com/all/co3651206.html
jobs.51job.com/all/co3311503.html
jobs.51job.com/all/co2700688.html
jobs.51job.com/all/co4085224.html
jobs.51job.com/all/co3089579.html
jobs.51job.com/all/co2322990.html
jobs.51job.com/all/co4869483.html
jobs.51job.com/all/co4101608.html
jobs.51job.com/all/co4564414.html
jobs.51job.com/all/co3797198.html
jobs.51job.com/all/co3501807.html
jobs.51job.com/all/co2903104.html
jobs.51job.com/all/co4904195.html
jobs.51job.com/all/co4664573.html
jobs.51job.com/all/co2437590.html
jobs.51job.com/all/co188767.html
jobs.51job.com/all/co2918328.html
jobs.51job.com/all/co2866049.html
jobs.51job.com/all/co2057000.html
jobs.51job.com/all/co3185062.html
jobs.51job.com/all/co4331659.html
jobs.51job.com/all/co4280868.html
jobs.51job.com/all/co2610324.html
jobs.51job.com/all/co2608013.html
jobs.51job.com/all/co3605419.html
jobs.51job.com/all/co4287705.html
jobs.51job.com/all/co2768170.html
jobs.51job.com/all/co4138235.html
jobs.51job.com/all/co1989834.html
jobs.51job.com/all/co3619496.html
jobs.51job.com/all/co3551723.html
jobs.51job.com/all/co4189940.html
jobs.51job.com/all/co4537362.html
jobs.51job.com/all/co2226314.html
jobs.51job.com/all/co2373891.html
jobs.51job.com/all/co4175699.html
jobs.51job.com/all/co3982619.html
jobs.51job.com/all/co4758049.html
jobs.51job.com/all/co2183030.html
jobs.51job.com/all/co3083619.html
jobs.51job.com/all/co4315619.html
jobs.51job.com/all/co1484561.html
jobs.51job.com/all/co4002088.html
jobs.51job.com/all/co4570066.html
jobs.51job.com/all/co2823628.html
jobs.51job.com/all/co2807831.html
jobs.51job.com/all/co4155588.html
jobs.51job.com/all/co4723713.html
jobs.51job.com/all/co232221.html
jobs.51job.com/all/co3099506.html
jobs.51job.com/all/co3221000.html
jobs.51job.com/all/co2810637.html
jobs.51job.com/all/co4708336.html
jobs.51job.com/all/co2958846.html
jobs.51job.com/all/co2736588.html
jobs.51job.com/all/co2676339.html
jobs.51job.com/all/co3775864.html
jobs.51job.com/all/co3113818.html
jobs.51job.com/all/co2083396.html
jobs.51job.com/all/co449560.html
jobs.51job.com/all/co4117575.html
jobs.51job.com/all/co2370423.html
jobs.51job.com/all/co2606493.html
jobs.51job.com/all/co4811995.html
jobs.51job.com/all/co2541111.html
jobs.51job.com/all/co4313663.html
jobs.51job.com/all/co4772933.html
jobs.51job.com/all/co3838971.html
jobs.51job.com/all/co2586761.html
jobs.51job.com/all/co321535.html
jobs.51job.com/all/co2985173.html
jobs.51job.com/all/co3136140.html
jobs.51job.com/all/co2849696.html
jobs.51job.com/all/co2743306.html
jobs.51job.com/all/co2818195.html
jobs.51job.com/all/co3874720.html
jobs.51job.com/all/co2388665.html
jobs.51job.com/all/co3959546.html
jobs.51job.com/all/co3572800.html
jobs.51job.com/all/co2882096.html
jobs.51job.com/all/co3462045.html
jobs.51job.com/all/co3468903.html
jobs.51job.com/all/co3762856.html
jobs.51job.com/all/co2642482.html
jobs.51job.com/all/co2635133.html
jobs.51job.com/all/co4846011.html
jobs.51job.com/all/co313875.html
jobs.51job.com/all/co2139896.html
jobs.51job.com/all/co2420008.html
jobs.51job.com/all/co3363698.html
jobs.51job.com/all/co3844864.html
jobs.51job.com/all/co4835812.html
jobs.51job.com/all/co3348574.html
jobs.51job.com/all/co4821990.html
jobs.51job.com/all/co3683164.html
jobs.51job.com/all/co2961839.html
jobs.51job.com/all/co4592038.html
jobs.51job.com/all/co4267890.html
jobs.51job.com/all/co3817194.html
jobs.51job.com/all/co1729842.html
jobs.51job.com/all/co3276354.html
jobs.51job.com/all/co3913887.html
jobs.51job.com/all/co3378043.html
jobs.51job.com/all/co3376425.html
jobs.51job.com/all/co3112618.html
jobs.51job.com/all/co3060720.html
jobs.51job.com/all/co3921632.html
jobs.51job.com/all/co1116529.html
jobs.51job.com/all/co2620699.html
jobs.51job.com/all/co4647700.html
jobs.51job.com/all/co2497108.html
jobs.51job.com/all/co4701400.html
jobs.51job.com/all/co2999100.html
jobs.51job.com/all/co3140372.html
jobs.51job.com/all/co3291110.html
jobs.51job.com/all/co4359687.html
jobs.51job.com/all/co421455.html
jobs.51job.com/all/co4883289.html
jobs.51job.com/all/co308837.html
jobs.51job.com/all/co2407058.html
jobs.51job.com/all/co4382427.html
jobs.51job.com/all/co2559552.html
jobs.51job.com/all/co2736420.html
jobs.51job.com/all/co2431731.html
jobs.51job.com/all/co4343835.html
jobs.51job.com/all/co2573891.html
jobs.51job.com/all/co4340078.html
jobs.51job.com/all/co2559707.html
jobs.51job.com/all/co498810.html
jobs.51job.com/all/co4681134.html
jobs.51job.com/all/co2790549.html
jobs.51job.com/all/co2902048.html
jobs.51job.com/all/co3855602.html
jobs.51job.com/all/co2888209.html
jobs.51job.com/all/co3250465.html
jobs.51job.com/all/co3610158.html
jobs.51job.com/all/co3994596.html
jobs.51job.com/all/co2810826.html
jobs.51job.com/all/co2426754.html
jobs.51job.com/all/co1695413.html
jobs.51job.com/all/co2746635.html
jobs.51job.com/all/co1045613.html
jobs.51job.com/all/co4588524.html
jobs.51job.com/all/co2486862.html
jobs.51job.com/all/co3009337.html
jobs.51job.com/all/co4299401.html
jobs.51job.com/all/co3893770.html
jobs.51job.com/all/co3916837.html
jobs.51job.com/all/co2770892.html
jobs.51job.com/all/co4822573.html
jobs.51job.com/all/co3301039.html
jobs.51job.com/all/co4861202.html
jobs.51job.com/all/co3591832.html
jobs.51job.com/all/co4014026.html
jobs.51job.com/all/co4393035.html
jobs.51job.com/all/co2864257.html
jobs.51job.com/all/co3258559.html
jobs.51job.com/all/co2958038.html
jobs.51job.com/all/co3601062.html
jobs.51job.com/all/co2921771.html
jobs.51job.com/all/co4649443.html
jobs.51job.com/all/co2270113.html
jobs.51job.com/all/co3809259.html
jobs.51job.com/all/co2788084.html
jobs.51job.com/all/co4929308.html
jobs.51job.com/all/co1563753.html
jobs.51job.com/all/co2354594.html
jobs.51job.com/all/co193349.html
jobs.51job.com/all/co2546282.html
jobs.51job.com/all/co386975.html
jobs.51job.com/all/co2007859.html
jobs.51job.com/all/co2495747.html
jobs.51job.com/all/co4728337.html
jobs.51job.com/all/co2146571.html
jobs.51job.com/all/co3315562.html
jobs.51job.com/all/co4842238.html
jobs.51job.com/all/co4510982.html
jobs.51job.com/all/co3155767.html
jobs.51job.com/all/co2699091.html
jobs.51job.com/all/co4042101.html
jobs.51job.com/all/co4777678.html
jobs.51job.com/all/co2231245.html
jobs.51job.com/all/co3054762.html
jobs.51job.com/all/co3574895.html
jobs.51job.com/all/co4179959.html
jobs.51job.com/all/co3445800.html
jobs.51job.com/all/co1987165.html
jobs.51job.com/all/co4933408.html
jobs.51job.com/all/co2812802.html
jobs.51job.com/all/co2395076.html
jobs.51job.com/all/co421754.html
jobs.51job.com/all/co3886630.html
jobs.51job.com/all/co2871054.html
jobs.51job.com/all/co2570678.html
jobs.51job.com/all/co2522583.html
jobs.51job.com/all/co102261.html
jobs.51job.com/all/co3007460.html
jobs.51job.com/all/co4875191.html
jobs.51job.com/all/co2745543.html
jobs.51job.com/all/co3699818.html
jobs.51job.com/all/co2366556.html
jobs.51job.com/all/co3019612.html
jobs.51job.com/all/co4274605.html
jobs.51job.com/all/co2755279.html
jobs.51job.com/all/co3094711.html
jobs.51job.com/all/co4859225.html
jobs.51job.com/all/co3052740.html
jobs.51job.com/all/co4196385.html
jobs.51job.com/all/co3963595.html
jobs.51job.com/all/co2953171.html
jobs.51job.com/all/co2505734.html
jobs.51job.com/all/co3559550.html
jobs.51job.com/all/co540417.html
jobs.51job.com/all/co3633611.html
jobs.51job.com/all/co2883155.html
jobs.51job.com/all/co2068065.html
jobs.51job.com/all/co3552537.html
jobs.51job.com/all/co2088947.html
jobs.51job.com/all/co612327.html
jobs.51job.com/all/co4593694.html
jobs.51job.com/all/co2809520.html
jobs.51job.com/all/co499797.html
jobs.51job.com/all/co4882972.html
jobs.51job.com/all/co4723906.html
jobs.51job.com/all/co4854187.html
jobs.51job.com/all/co4621137.html
jobs.51job.com/all/co2884682.html
jobs.51job.com/all/co2882040.html
jobs.51job.com/all/co2262382.html
jobs.51job.com/all/co3960406.html
jobs.51job.com/all/co4581382.html
jobs.51job.com/all/co4822333.html
jobs.51job.com/all/co3222762.html
jobs.51job.com/all/co2754984.html
jobs.51job.com/all/co3928802.html
jobs.51job.com/all/co3530251.html
jobs.51job.com/all/co3912679.html
jobs.51job.com/all/co4250489.html
jobs.51job.com/all/co3835062.html
jobs.51job.com/all/co3962894.html
jobs.51job.com/all/co4743702.html
jobs.51job.com/all/co4817541.html
jobs.51job.com/all/co4424758.html
jobs.51job.com/all/co2917795.html
jobs.51job.com/all/co2672007.html
jobs.51job.com/all/co3532961.html
jobs.51job.com/all/co2656992.html
jobs.51job.com/all/co3101966.html
jobs.51job.com/all/co4740148.html
jobs.51job.com/all/co2556438.html
jobs.51job.com/all/co4472451.html
jobs.51job.com/all/co4530954.html
jobs.51job.com/all/co3668477.html
jobs.51job.com/all/co2128360.html
jobs.51job.com/all/co4214766.html
jobs.51job.com/all/co3343608.html
jobs.51job.com/all/co4598636.html
jobs.51job.com/all/co2286594.html
jobs.51job.com/all/co180850.html
jobs.51job.com/all/co4580268.html
jobs.51job.com/all/co2793601.html
jobs.51job.com/all/co2688528.html
jobs.51job.com/all/co4535001.html
jobs.51job.com/all/co3959686.html
jobs.51job.com/all/co3297445.html
jobs.51job.com/all/co4737428.html
jobs.51job.com/all/co973945.html
jobs.51job.com/all/co4688643.html
jobs.51job.com/all/co3093296.html
jobs.51job.com/all/co254514.html
jobs.51job.com/all/co2635071.html
jobs.51job.com/all/co2946778.html
jobs.51job.com/all/co2779472.html
jobs.51job.com/all/co643697.html
jobs.51job.com/all/co4880520.html
jobs.51job.com/all/co4898642.html
jobs.51job.com/all/co2285567.html
jobs.51job.com/all/co2813177.html
jobs.51job.com/all/co4927294.html
jobs.51job.com/all/co3127582.html
jobs.51job.com/all/co3732791.html
jobs.51job.com/all/co2293666.html
jobs.51job.com/all/co3829103.html
jobs.51job.com/all/co3901754.html
jobs.51job.com/all/co2369551.html
jobs.51job.com/all/co4920003.html
jobs.51job.com/all/co3701070.html
jobs.51job.com/all/co3503035.html
jobs.51job.com/all/co4198692.html
jobs.51job.com/all/co3604454.html
jobs.51job.com/all/co4863635.html
jobs.51job.com/all/co2259762.html
jobs.51job.com/all/co4866005.html
jobs.51job.com/all/co3580986.html
jobs.51job.com/all/co4000463.html
jobs.51job.com/all/co1976262.html
jobs.51job.com/all/co4309143.html
jobs.51job.com/all/co2857093.html
jobs.51job.com/all/co2588990.html
jobs.51job.com/all/co3946027.html
jobs.51job.com/all/co3248001.html
jobs.51job.com/all/co3165957.html
jobs.51job.com/all/co4745639.html
jobs.51job.com/all/co3277661.html
jobs.51job.com/all/co4408415.html
jobs.51job.com/all/co4696207.html
jobs.51job.com/all/co2706425.html
jobs.51job.com/all/co2770818.html
jobs.51job.com/all/co2212551.html
jobs.51job.com/all/co4478914.html
jobs.51job.com/all/co3143320.html
jobs.51job.com/all/co2467864.html
jobs.51job.com/all/co4073711.html
jobs.51job.com/all/co3319669.html
jobs.51job.com/all/co2933825.html
jobs.51job.com/all/co2963698.html
jobs.51job.com/all/co3033260.html
jobs.51job.com/all/co4750613.html
jobs.51job.com/all/co3944107.html
jobs.51job.com/all/co3941491.html
jobs.51job.com/all/co2927022.html
jobs.51job.com/all/co4885482.html
jobs.51job.com/all/co3440506.html
jobs.51job.com/all/co2465197.html
jobs.51job.com/all/co3408107.html
jobs.51job.com/all/co3621186.html
jobs.51job.com/all/co2623771.html
jobs.51job.com/all/co4047931.html
jobs.51job.com/all/co2662289.html
jobs.51job.com/all/co2389316.html
jobs.51job.com/all/co4868295.html
jobs.51job.com/all/co4868551.html
jobs.51job.com/all/co2920747.html
jobs.51job.com/all/co4843422.html
jobs.51job.com/all/co4915955.html
jobs.51job.com/all/co2860048.html
jobs.51job.com/all/co4543426.html
jobs.51job.com/all/co6937.html
jobs.51job.com/all/co2966773.html
jobs.51job.com/all/co4876001.html
jobs.51job.com/all/co3964148.html
jobs.51job.com/all/co2722165.html
jobs.51job.com/all/co4140721.html
jobs.51job.com/all/co4154952.html
jobs.51job.com/all/co4865132.html
jobs.51job.com/all/co3564334.html
jobs.51job.com/all/co2810229.html
jobs.51job.com/all/co4573043.html
jobs.51job.com/all/co305336.html
jobs.51job.com/all/co4915905.html
jobs.51job.com/all/co2472151.html
jobs.51job.com/all/co3115819.html
jobs.51job.com/all/co3359853.html
jobs.51job.com/all/co4609134.html
jobs.51job.com/all/co3844408.html
jobs.51job.com/all/co3159566.html
jobs.51job.com/all/co2924736.html
jobs.51job.com/all/co4502456.html
jobs.51job.com/all/co2322770.html
jobs.51job.com/all/co3841739.html
jobs.51job.com/all/co3126300.html
jobs.51job.com/all/co4935745.html
jobs.51job.com/all/co3725137.html
jobs.51job.com/all/co3187111.html
jobs.51job.com/all/co4349556.html
jobs.51job.com/all/co1291000.html
jobs.51job.com/all/co3219800.html
jobs.51job.com/all/co2302852.html
jobs.51job.com/all/co4433168.html
jobs.51job.com/all/co4576595.html
jobs.51job.com/all/co4838680.html
jobs.51job.com/all/co4700424.html
jobs.51job.com/all/co3250296.html
jobs.51job.com/all/co3089554.html
jobs.51job.com/all/co2897630.html
jobs.51job.com/all/co3233003.html
jobs.51job.com/all/co2471828.html
jobs.51job.com/all/co4185568.html
jobs.51job.com/all/co3396696.html
jobs.51job.com/all/co3726486.html
jobs.51job.com/all/co4022768.html
jobs.51job.com/all/co2795052.html
jobs.51job.com/all/co2354866.html
jobs.51job.com/all/co3782053.html
jobs.51job.com/all/co3025458.html
jobs.51job.com/all/co3382134.html
jobs.51job.com/all/co2520655.html
jobs.51job.com/all/co3587413.html
jobs.51job.com/all/co3748578.html
jobs.51job.com/all/co3088641.html
jobs.51job.com/all/co4863581.html
jobs.51job.com/all/co2725531.html
jobs.51job.com/all/co3027689.html
jobs.51job.com/all/co3417097.html
jobs.51job.com/all/co4761115.html
jobs.51job.com/all/co2509993.html
jobs.51job.com/all/co4837214.html
jobs.51job.com/all/co3731414.html
jobs.51job.com/all/co3427107.html
jobs.51job.com/all/co4729925.html
jobs.51job.com/all/co4360800.html
jobs.51job.com/all/co2490675.html
jobs.51job.com/all/co2060749.html
jobs.51job.com/all/co107529.html
jobs.51job.com/all/co3163103.html
jobs.51job.com/all/co4859576.html
jobs.51job.com/all/co2406909.html
jobs.51job.com/all/co2761534.html
jobs.51job.com/all/co1175284.html
jobs.51job.com/all/co3902349.html
jobs.51job.com/all/co2844039.html
jobs.51job.com/all/co2727953.html
jobs.51job.com/all/co179909.html
jobs.51job.com/all/co3943099.html
jobs.51job.com/all/co4655133.html
jobs.51job.com/all/co4696095.html
jobs.51job.com/all/co4898676.html
jobs.51job.com/all/co3446249.html
jobs.51job.com/all/co2792663.html
jobs.51job.com/all/co4478248.html
jobs.51job.com/all/co2539816.html
jobs.51job.com/all/co3876643.html
jobs.51job.com/all/co3165447.html
jobs.51job.com/all/co3095878.html
jobs.51job.com/all/co2844645.html
jobs.51job.com/all/co4612840.html
jobs.51job.com/all/co4290118.html
jobs.51job.com/all/co2877292.html
jobs.51job.com/all/co3953755.html
jobs.51job.com/all/co3135616.html
jobs.51job.com/all/co4280654.html
jobs.51job.com/all/co390906.html
jobs.51job.com/all/co3165286.html
jobs.51job.com/all/co2411643.html
jobs.51job.com/all/co2888850.html
jobs.51job.com/all/co3021691.html
jobs.51job.com/all/co4368474.html
jobs.51job.com/all/co4582321.html
jobs.51job.com/all/co2703023.html
jobs.51job.com/all/co3385291.html
jobs.51job.com/all/co3058965.html
jobs.51job.com/all/co3872494.html
jobs.51job.com/all/co3635481.html
jobs.51job.com/all/co4754547.html
jobs.51job.com/all/co2699171.html
jobs.51job.com/all/co2984183.html
jobs.51job.com/all/co2501977.html
jobs.51job.com/all/co4298553.html
jobs.51job.com/all/co4561599.html
jobs.51job.com/all/co3858600.html
jobs.51job.com/all/co221462.html
jobs.51job.com/all/co4743531.html
jobs.51job.com/all/co3890468.html
jobs.51job.com/all/co4872802.html
jobs.51job.com/all/co3544232.html
jobs.51job.com/all/co2108031.html
jobs.51job.com/all/co3779996.html
jobs.51job.com/all/co3784268.html
jobs.51job.com/all/co2889983.html
crv.51job.com
jobs.51job.com/all/co4248394.html
jobs.51job.com/all/co4449006.html
jobs.51job.com/all/co2279938.html
jobs.51job.com/all/co2657880.html
jobs.51job.com/all/co2019684.html
jobs.51job.com/all/co3464620.html
jobs.51job.com/all/co3205145.html
jobs.51job.com/all/co2672440.html
jobs.51job.com/all/co3411011.html
jobs.51job.com/all/co1164472.html
jobs.51job.com/all/co3923037.html
jobs.51job.com/all/co2635999.html
jobs.51job.com/all/co219871.html
jobs.51job.com/all/co2408367.html
jobs.51job.com/all/co3672107.html
jobs.51job.com/all/co4439336.html
jobs.51job.com/all/co2621938.html
jobs.51job.com/all/co1366829.html
jobs.51job.com/all/co2137495.html
jobs.51job.com/all/co3039101.html
jobs.51job.com/all/co4245691.html
jobs.51job.com/all/co2377332.html
jobs.51job.com/all/co4022456.html
jobs.51job.com/all/co3736885.html
jobs.51job.com/all/co3704273.html
jobs.51job.com/all/co3044551.html
jobs.51job.com/all/co1251255.html
jobs.51job.com/all/co1364292.html
jobs.51job.com/all/co2499757.html
jobs.51job.com/all/co4483206.html
jobs.51job.com/all/co4853944.html
jobs.51job.com/all/co4504976.html
jobs.51job.com/all/co157822.html
jobs.51job.com/all/co2983895.html
jobs.51job.com/all/co2837368.html
jobs.51job.com/all/co2710183.html
jobs.51job.com/all/co4034656.html
jobs.51job.com/all/co3302555.html
jobs.51job.com/all/co4906344.html
jobs.51job.com/all/co391066.html
jobs.51job.com/all/co3234338.html
jobs.51job.com/all/co2876130.html
jobs.51job.com/all/co4089895.html
jobs.51job.com/all/co3544172.html
jobs.51job.com/all/co3140218.html
jobs.51job.com/all/co3551641.html
jobs.51job.com/all/co4285900.html
jobs.51job.com/all/co2535406.html
jobs.51job.com/all/co2555352.html
jobs.51job.com/all/co2576343.html
jobs.51job.com/all/co3803556.html
jobs.51job.com/all/co4136893.html
jobs.51job.com/all/co4728090.html
jobs.51job.com/all/co129912.html
jobs.51job.com/all/co4078448.html
jobs.51job.com/all/co3677519.html
jobs.51job.com/all/co4240046.html
jobs.51job.com/all/co2243332.html
jobs.51job.com/all/co3594842.html
jobs.51job.com/all/co3098463.html
jobs.51job.com/all/co3334563.html
jobs.51job.com/all/co4451329.html
jobs.51job.com/all/co3356594.html
jobs.51job.com/all/co4939959.html
jobs.51job.com/all/co3263417.html
jobs.51job.com/all/co2376908.html
jobs.51job.com/all/co4726707.html
jobs.51job.com/all/co2460112.html
jobs.51job.com/all/co4501379.html
jobs.51job.com/all/co4353088.html
jobs.51job.com/all/co4544057.html
jobs.51job.com/all/co3979736.html
jobs.51job.com/all/co3268331.html
jobs.51job.com/all/co4435167.html
jobs.51job.com/all/co4856015.html
jobs.51job.com/all/co2295064.html
jobs.51job.com/all/co2764929.html
jobs.51job.com/all/co2985120.html
jobs.51job.com/all/co4648137.html
jobs.51job.com/all/co4774076.html
jobs.51job.com/all/co3561552.html
jobs.51job.com/all/co3919246.html
jobs.51job.com/all/co4893437.html
jobs.51job.com/all/co3736554.html
jobs.51job.com/all/co2640024.html
jobs.51job.com/all/co3326945.html
jobs.51job.com/all/co4376844.html
jobs.51job.com/all/co3830392.html
jobs.51job.com/all/co4128195.html
jobs.51job.com/all/co4339125.html
jobs.51job.com/all/co3029034.html
jobs.51job.com/all/co308336.html
jobs.51job.com/all/co4103578.html
jobs.51job.com/all/co431417.html
jobs.51job.com/all/co4686946.html
jobs.51job.com/all/co4489244.html
jobs.51job.com/all/co3264685.html
jobs.51job.com/all/co2377228.html
jobs.51job.com/all/co4517473.html
jobs.51job.com/all/co3090894.html
jobs.51job.com/all/co4470975.html
jobs.51job.com/all/co2638030.html
jobs.51job.com/all/co2806511.html
jobs.51job.com/all/co189392.html
jobs.51job.com/all/co2861594.html
jobs.51job.com/all/co2261954.html
jobs.51job.com/all/co4940106.html
jobs.51job.com/all/co3068527.html
jobs.51job.com/all/co257963.html
jobs.51job.com/all/co3692741.html
jobs.51job.com/all/co2323112.html
jobs.51job.com/all/co3183576.html
jobs.51job.com/all/co4827870.html
jobs.51job.com/all/co1554114.html
jobs.51job.com/all/co3137890.html
jobs.51job.com/all/co571685.html
jobs.51job.com/all/co2779632.html
jobs.51job.com/all/co3859916.html
jobs.51job.com/all/co2053967.html
jobs.51job.com/all/co3734625.html
jobs.51job.com/all/co3180460.html
jobs.51job.com/all/co2351993.html
jobs.51job.com/all/co4478828.html
jobs.51job.com/all/co2444093.html
jobs.51job.com/all/co3408045.html
jobs.51job.com/all/co2189217.html
jobs.51job.com/all/co3347985.html
jobs.51job.com/all/co4694881.html
jobs.51job.com/all/co2574104.html
jobs.51job.com/all/co2598069.html
jobs.51job.com/all/co4367982.html
jobs.51job.com/all/co3203329.html
jobs.51job.com/all/co2575850.html
jobs.51job.com/all/co3899634.html
jobs.51job.com/all/co3429243.html
jobs.51job.com/all/co1018203.html
jobs.51job.com/all/co4587249.html
jobs.51job.com/all/co3623799.html
jobs.51job.com/all/co3981733.html
jobs.51job.com/all/co1553903.html
jobs.51job.com/all/co2855157.html
jobs.51job.com/all/co3857778.html
jobs.51job.com/all/co2089709.html
jobs.51job.com/all/co2750711.html
jobs.51job.com/all/co4844984.html
jobs.51job.com/all/co2975078.html
jobs.51job.com/all/co3608975.html
jobs.51job.com/all/co3957637.html
jobs.51job.com/all/co232923.html
jobs.51job.com/all/co2214168.html
jobs.51job.com/all/co2384720.html
jobs.51job.com/all/co2883868.html
jobs.51job.com/all/co2450210.html
jobs.51job.com/all/co2458228.html
borgwarner.51job.com
jobs.51job.com/all/co2851445.html
jobs.51job.com/all/co3235324.html
jobs.51job.com/all/co2748019.html
jobs.51job.com/all/co2786945.html
jobs.51job.com/all/co2877011.html
jobs.51job.com/all/co2547364.html
jobs.51job.com/all/co3096908.html
jobs.51job.com/all/co2244822.html
jobs.51job.com/all/co2263752.html
jobs.51job.com/all/co4309344.html
jobs.51job.com/all/co2477345.html
jobs.51job.com/all/co3066179.html
jobs.51job.com/all/co3263124.html
jobs.51job.com/all/co4462861.html
jobs.51job.com/all/co4507358.html
jobs.51job.com/all/co4684473.html
jobs.51job.com/all/co4341258.html
jobs.51job.com/all/co4766389.html
jobs.51job.com/all/co4048111.html
jobs.51job.com/all/co3667916.html
jobs.51job.com/all/co4882300.html
jobs.51job.com/all/co3172779.html
jobs.51job.com/all/co2994383.html
jobs.51job.com/all/co4882851.html
jobs.51job.com/all/co4906373.html
jobs.51job.com/all/co4941364.html
jobs.51job.com/all/co2516950.html
jobs.51job.com/all/co3573940.html
jobs.51job.com/all/co2798365.html
jobs.51job.com/all/co4670218.html
jobs.51job.com/all/co4002302.html
jobs.51job.com/all/co3569059.html
jobs.51job.com/all/co2793255.html
jobs.51job.com/all/co4826897.html
jobs.51job.com/all/co3995927.html
jobs.51job.com/all/co3543561.html
jobs.51job.com/all/co3758350.html
jobs.51job.com/all/co4457251.html
jobs.51job.com/all/co4909136.html
jobs.51job.com/all/co4875108.html
jobs.51job.com/all/co3962356.html
jobs.51job.com/all/co2608554.html
jobs.51job.com/all/co4477696.html
jobs.51job.com/all/co3223728.html
jobs.51job.com/all/co3809429.html
jobs.51job.com/all/co2855137.html
jobs.51job.com/all/co4766967.html
jobs.51job.com/all/co4277031.html
jobs.51job.com/all/co4703368.html
jobs.51job.com/all/co465445.html
jobs.51job.com/all/co4115527.html
jobs.51job.com/all/co2582820.html
jobs.51job.com/all/co2735951.html
jobs.51job.com/all/co4555344.html
jobs.51job.com/all/co2776677.html
jobs.51job.com/all/co2573653.html
jobs.51job.com/all/co3109520.html
jobs.51job.com/all/co4570028.html
jobs.51job.com/all/co4703954.html
jobs.51job.com/all/co4116059.html
jobs.51job.com/all/co2408963.html
jobs.51job.com/all/co2885186.html
jobs.51job.com/all/co2343251.html
jobs.51job.com/all/co3948902.html
jobs.51job.com/all/co3232742.html
jobs.51job.com/all/co4824563.html
jobs.51job.com/all/co4338841.html
jobs.51job.com/all/co4443189.html
jobs.51job.com/all/co4518956.html
jobs.51job.com/all/co3488435.html
jobs.51job.com/all/co4006811.html
jobs.51job.com/all/co4789502.html
jobs.51job.com/all/co2569061.html
jobs.51job.com/all/co3561679.html
jobs.51job.com/all/co3379780.html
jobs.51job.com/all/co3682277.html
jobs.51job.com/all/co2458117.html
jobs.51job.com/all/co4037647.html
jobs.51job.com/all/co3580763.html
jobs.51job.com/all/co3905900.html
jobs.51job.com/all/co3331940.html
jobs.51job.com/all/co3722013.html
jobs.51job.com/all/co4255664.html
jobs.51job.com/all/co4401467.html
jobs.51job.com/all/co2544894.html
jobs.51job.com/all/co3279061.html
jobs.51job.com/all/co4328113.html
jobs.51job.com/all/co3973720.html
jobs.51job.com/all/co2724912.html
jobs.51job.com/all/co4599915.html
jobs.51job.com/all/co4219922.html
jobs.51job.com/all/co1266091.html
jobs.51job.com/all/co166902.html
jobs.51job.com/all/co2257713.html
jobs.51job.com/all/co3641531.html
jobs.51job.com/all/co2474274.html
jobs.51job.com/all/co2508030.html
jobs.51job.com/all/co4497000.html
jobs.51job.com/all/co1989909.html
jobs.51job.com/all/co3972009.html
jobs.51job.com/all/co2598399.html
jobs.51job.com/all/co3909337.html
jobs.51job.com/all/co3833189.html
jobs.51job.com/all/co4056219.html
jobs.51job.com/all/co2686575.html
jobs.51job.com/all/co4832975.html
jobs.51job.com/all/co3286271.html
jobs.51job.com/all/co3369741.html
jobs.51job.com/all/co2748476.html
jobs.51job.com/all/co3889370.html
jobs.51job.com/all/co3163302.html
jobs.51job.com/all/co3586461.html
jobs.51job.com/all/co4210561.html
jobs.51job.com/all/co2841881.html
jobs.51job.com/all/co3822491.html
jobs.51job.com/all/co2243511.html
jobs.51job.com/all/co3906983.html
jobs.51job.com/all/co4355189.html
jobs.51job.com/all/co1185167.html
jobs.51job.com/all/co2970267.html
jobs.51job.com/all/co4448903.html
jobs.51job.com/all/co4771497.html
jobs.51job.com/all/co4537989.html
jobs.51job.com/all/co4808635.html
jobs.51job.com/all/co2833403.html
jobs.51job.com/all/co4345903.html
jobs.51job.com/all/co2863846.html
jobs.51job.com/all/co2616858.html
jobs.51job.com/all/co4934579.html
jobs.51job.com/all/co4489629.html
jobs.51job.com/all/co4603215.html
jobs.51job.com/all/co4091050.html
jobs.51job.com/all/co3982648.html
jobs.51job.com/all/co3660931.html
jobs.51job.com/all/co4687004.html
jobs.51job.com/all/co4917441.html
jobs.51job.com/all/co4614463.html
jobs.51job.com/all/co4111046.html
jobs.51job.com/all/co2866993.html
jobs.51job.com/all/co4931538.html
jobs.51job.com/all/co4626110.html
jobs.51job.com/all/co3103872.html
jobs.51job.com/all/co3326184.html
jobs.51job.com/all/co4365384.html
jobs.51job.com/all/co3849285.html
jobs.51job.com/all/co3910156.html
jobs.51job.com/all/co3000655.html
jobs.51job.com/all/co3578580.html
jobs.51job.com/all/co1750274.html
jobs.51job.com/all/co4648342.html
jobs.51job.com/all/co4163958.html
jobs.51job.com/all/co3814537.html
jobs.51job.com/all/co4492501.html
jobs.51job.com/all/co3872133.html
jobs.51job.com/all/co4894782.html
jobs.51job.com/all/co421746.html
jobs.51job.com/all/co2225912.html
jobs.51job.com/all/co2417890.html
jobs.51job.com/all/co2793704.html
jobs.51job.com/all/co4169959.html
jobs.51job.com/all/co2573107.html
jobs.51job.com/all/co4823580.html
jobs.51job.com/all/co2265997.html
jobs.51job.com/all/co2875541.html
jobs.51job.com/all/co4843796.html
jobs.51job.com/all/co4808519.html
jobs.51job.com/all/co4703298.html
jobs.51job.com/all/co3944990.html
jobs.51job.com/all/co4688226.html
jobs.51job.com/all/co4865704.html
jobs.51job.com/all/co2935987.html
jobs.51job.com/all/co2558726.html
jobs.51job.com/all/co4366470.html
ab-inbev.51job.com
jobs.51job.com/all/co3002208.html
jobs.51job.com/all/co4648071.html
jobs.51job.com/all/co3844091.html
jobs.51job.com/all/co3733150.html
jobs.51job.com/all/co4702465.html
jobs.51job.com/all/co4874280.html
jobs.51job.com/all/co4862186.html
jobs.51job.com/all/co4399791.html
jobs.51job.com/all/co2742711.html
jobs.51job.com/all/co3404231.html
jobs.51job.com/all/co4527158.html
jobs.51job.com/all/co2314559.html
jobs.51job.com/all/co2949400.html
jobs.51job.com/all/co3826663.html
jobs.51job.com/all/co3663100.html
jobs.51job.com/all/co2032028.html
jobs.51job.com/all/co704862.html
jobs.51job.com/all/co4835914.html
jobs.51job.com/all/co4714007.html
jobs.51job.com/all/co2016323.html
jobs.51job.com/all/co4175623.html
jobs.51job.com/all/co3657435.html
jobs.51job.com/all/co2658202.html
jobs.51job.com/all/co4315159.html
jobs.51job.com/all/co2302386.html
jobs.51job.com/all/co3730343.html
jobs.51job.com/all/co3858274.html
jobs.51job.com/all/co4166608.html
jobs.51job.com/all/co3426034.html
jobs.51job.com/all/co3876693.html
jobs.51job.com/all/co4557195.html
jobs.51job.com/all/co3462771.html
jobs.51job.com/all/co255100.html
jobs.51job.com/all/co4476280.html
jobs.51job.com/all/co2691835.html
jobs.51job.com/all/co3571026.html
jobs.51job.com/all/co2827867.html
jobs.51job.com/all/co4923763.html
jobs.51job.com/all/co2211317.html
jobs.51job.com/all/co4917770.html
jobs.51job.com/all/co2925418.html
jobs.51job.com/all/co2806075.html
jobs.51job.com/all/co4019214.html
jobs.51job.com/all/co3591520.html
jobs.51job.com/all/co3994383.html
jobs.51job.com/all/co2959107.html
jobs.51job.com/all/co4463342.html
jobs.51job.com/all/co4288919.html
jobs.51job.com/all/co3690752.html
jobs.51job.com/all/co4485736.html
jobs.51job.com/all/co4734404.html
jobs.51job.com/all/co3299789.html
jobs.51job.com/all/co3642588.html
jobs.51job.com/all/co3263852.html
jobs.51job.com/all/co1490822.html
jobs.51job.com/all/co4120154.html
jobs.51job.com/all/co4327159.html
jobs.51job.com/all/co3875499.html
jobs.51job.com/all/co3089235.html
jobs.51job.com/all/co4503905.html
jobs.51job.com/all/co2851648.html
jobs.51job.com/all/co4292984.html
jobs.51job.com/all/co2572343.html
jobs.51job.com/all/co4840347.html
jobs.51job.com/all/co2708478.html
jobs.51job.com/all/co3095180.html
jobs.51job.com/all/co3679522.html
jobs.51job.com/all/co4684823.html
jobs.51job.com/all/co4530067.html
jobs.51job.com/all/co3278196.html
jobs.51job.com/all/co2630186.html
jobs.51job.com/all/co4841961.html
jobs.51job.com/all/co4341646.html
jobs.51job.com/all/co3853962.html
jobs.51job.com/all/co4625272.html
jobs.51job.com/all/co4729779.html
jobs.51job.com/all/co3970320.html
jobs.51job.com/all/co4422980.html
jobs.51job.com/all/co2667478.html
jobs.51job.com/all/co3884306.html
jobs.51job.com/all/co2358957.html
jobs.51job.com/all/co4308349.html
jobs.51job.com/all/co2560469.html
jobs.51job.com/all/co4813563.html
jobs.51job.com/all/co3010388.html
jobs.51job.com/all/co3666074.html
jobs.51job.com/all/co4639427.html
jobs.51job.com/all/co3665552.html
jobs.51job.com/all/co2719888.html
jobs.51job.com/all/co2951534.html
jobs.51job.com/all/co3899933.html
jobs.51job.com/all/co2766320.html
jobs.51job.com/all/co4085482.html
jobs.51job.com/all/co4212561.html
jobs.51job.com/all/co3971081.html
jobs.51job.com/all/co3581806.html
jobs.51job.com/all/co4556283.html
jobs.51job.com/all/co3852394.html
jobs.51job.com/all/co3237386.html
jobs.51job.com/all/co4160434.html
jobs.51job.com/all/co3570915.html
jobs.51job.com/all/co4562903.html
jobs.51job.com/all/co3559737.html
jobs.51job.com/all/co4076320.html
jobs.51job.com/all/co3676702.html
jobs.51job.com/all/co3085522.html
jobs.51job.com/all/co3696312.html
jobs.51job.com/all/co3415513.html
jobs.51job.com/all/co4089900.html
jobs.51job.com/all/co4423110.html
jobs.51job.com/all/co3389248.html
jobs.51job.com/all/co3844981.html
jobs.51job.com/all/co3244219.html
jobs.51job.com/all/co2553660.html
jobs.51job.com/all/co3707237.html
jobs.51job.com/all/co2546362.html
jobs.51job.com/all/co4337004.html
jobs.51job.com/all/co4724856.html
jobs.51job.com/all/co4015147.html
jobs.51job.com/all/co3180277.html
jobs.51job.com/all/co3886577.html
jobs.51job.com/all/co4837866.html
jobs.51job.com/all/co4548164.html
jobs.51job.com/all/co152922.html
jobs.51job.com/all/co4794896.html
jobs.51job.com/all/co4076518.html
jobs.51job.com/all/co2654643.html
jobs.51job.com/all/co3831426.html
jobs.51job.com/all/co238030.html
jobs.51job.com/all/co4295923.html
jobs.51job.com/all/co4419089.html
jobs.51job.com/all/co3942962.html
jobs.51job.com/all/co4625522.html
jobs.51job.com/all/co3064561.html
jobs.51job.com/all/co4571781.html
jobs.51job.com/all/co4302930.html
jobs.51job.com/all/co4110651.html
jobs.51job.com/all/co3543071.html
jobs.51job.com/all/co3917618.html
jobs.51job.com/all/co4554051.html
jobs.51job.com/all/co3707197.html
jobs.51job.com/all/co4516192.html
jobs.51job.com/all/co4535181.html
jobs.51job.com/all/co2723728.html
jobs.51job.com/all/co3685282.html
jobs.51job.com/all/co2091589.html
jobs.51job.com/all/co4012458.html
jobs.51job.com/all/co4220719.html
jobs.51job.com/all/co4662097.html
jobs.51job.com/all/co3258492.html
jobs.51job.com/all/co2742977.html
jobs.51job.com/all/co2403818.html
jobs.51job.com/all/co3215811.html
jobs.51job.com/all/co2613436.html
jobs.51job.com/all/co4308743.html
jobs.51job.com/all/co4332191.html
jobs.51job.com/all/co2715634.html
jobs.51job.com/all/co3198915.html
jobs.51job.com/all/co4061946.html
jobs.51job.com/all/co4783526.html
jobs.51job.com/all/co4277509.html
jobs.51job.com/all/co3199000.html
jobs.51job.com/all/co4525367.html
jobs.51job.com/all/co3404515.html
jobs.51job.com/all/co3712703.html
jobs.51job.com/all/co2378500.html
jobs.51job.com/all/co4632181.html
jobs.51job.com/all/co4331401.html
jobs.51job.com/all/co3785011.html
jobs.51job.com/all/co4278681.html
jobs.51job.com/all/co4385206.html
jobs.51job.com/all/co4092501.html
jobs.51job.com/all/co4725958.html
jobs.51job.com/all/co4682966.html
jobs.51job.com/all/co4751712.html
jobs.51job.com/all/co1236753.html
jobs.51job.com/all/co3891676.html
jobs.51job.com/all/co2934287.html
jobs.51job.com/all/co4113879.html
jobs.51job.com/all/co3930109.html
jobs.51job.com/all/co3160155.html
jobs.51job.com/all/co3509692.html
jobs.51job.com/all/co3178140.html
jobs.51job.com/all/co2534821.html
jobs.51job.com/all/co4738033.html
jobs.51job.com/all/co4412424.html
jobs.51job.com/all/co4158447.html
jobs.51job.com/all/co667722.html
jobs.51job.com/all/co4676706.html
jobs.51job.com/all/co3063523.html
jobs.51job.com/all/co2543335.html
jobs.51job.com/all/co3953815.html
jobs.51job.com/all/co3699605.html
jobs.51job.com/all/co3501210.html
jobs.51job.com/all/co4640340.html
jobs.51job.com/all/co4872340.html
jobs.51job.com/all/co2609687.html
jobs.51job.com/all/co188581.html
jobs.51job.com/all/co3857618.html
jobs.51job.com/all/co3911906.html
jobs.51job.com/all/co3672533.html
jobs.51job.com/all/co4019896.html
jobs.51job.com/all/co4645177.html
jobs.51job.com/all/co2158807.html
jobs.51job.com/all/co2404427.html
jobs.51job.com/all/co3251552.html
jobs.51job.com/all/co3251562.html
jobs.51job.com/all/co2974533.html
jobs.51job.com/all/co4235446.html
jobs.51job.com/all/co3806433.html
jobs.51job.com/all/co2866303.html
jobs.51job.com/all/co4465378.html
jobs.51job.com/all/co4233304.html
jobs.51job.com/all/co2340814.html
jobs.51job.com/all/co4673714.html
jobs.51job.com/all/co4317249.html
jobs.51job.com/all/co3231136.html
jobs.51job.com/all/co2960570.html
jobs.51job.com/all/co2658231.html
jobs.51job.com/all/co3755791.html
jobs.51job.com/all/co2436378.html
jobs.51job.com/all/co2705226.html
jobs.51job.com/all/co4074236.html
jobs.51job.com/all/co4194256.html
jobs.51job.com/all/co4333307.html
jobs.51job.com/all/co4293991.html
jobs.51job.com/all/co2182128.html
jobs.51job.com/all/co3165709.html
jobs.51job.com/all/co4739579.html
jobs.51job.com/all/co2751754.html
jobs.51job.com/all/co2617358.html
jobs.51job.com/all/co2702835.html
jobs.51job.com/all/co3555415.html
jobs.51job.com/all/co2622331.html
jobs.51job.com/all/co3872991.html
jobs.51job.com/all/co4014032.html
sfzhaopin.51job.com
jobs.51job.com/all/co3669465.html
jobs.51job.com/all/co3046382.html
jobs.51job.com/all/co4086457.html
jobs.51job.com/all/co3265075.html
jobs.51job.com/all/co4917114.html
jobs.51job.com/all/co2253147.html
jobs.51job.com/all/co4806457.html
jobs.51job.com/all/co3172196.html
jobs.51job.com/all/co1387294.html
jobs.51job.com/all/co3805420.html
jobs.51job.com/all/co2528334.html
jobs.51job.com/all/co2449095.html
jobs.51job.com/all/co2547236.html
jobs.51job.com/all/co3505131.html
jobs.51job.com/all/co3505131.html
jobs.51job.com/all/co4624468.html
jobs.51job.com/all/co2633151.html
jobs.51job.com/all/co2500790.html
jobs.51job.com/all/co2500790.html
jobs.51job.com/all/co2500790.html
jobs.51job.com/all/co4033010.html
jobs.51job.com/all/co3278549.html
jobs.51job.com/all/co2304257.html
jobs.51job.com/all/co2304257.html
jobs.51job.com/all/co4715115.html
jobs.51job.com/all/co4723359.html
jobs.51job.com/all/co4920404.html
jobs.51job.com/all/co4783513.html
jobs.51job.com/all/co4783513.html
jobs.51job.com/all/co2666915.html
jobs.51job.com/all/co2633687.html
jobs.51job.com/all/co4446542.html
jobs.51job.com/all/co4446542.html
jobs.51job.com/all/co4446542.html
jobs.51job.com/all/co4446542.html
jobs.51job.com/all/co4446542.html
jobs.51job.com/all/co3965687.html
jobs.51job.com/all/co3674262.html
jobs.51job.com/all/co4538349.html
jobs.51job.com/all/co4540566.html
jobs.51job.com/all/co2898999.html
jobs.51job.com/all/co3648213.html
jobs.51job.com/all/co3598042.html
jobs.51job.com/all/co2917802.html
jobs.51job.com/all/co4064041.html
jobs.51job.com/all/co4064041.html
jobs.51job.com/all/co3173582.html
jobs.51job.com/all/co4148530.html
jobs.51job.com/all/co4331759.html
jobs.51job.com/all/co370220.html
jobs.51job.com/all/co3979453.html
jobs.51job.com/all/co4756740.html
jobs.51job.com/all/co3172581.html
jobs.51job.com/all/co2668044.html
jobs.51job.com/all/co3139320.html
jobs.51job.com/all/co4446542.html
jobs.51job.com/all/co4446542.html
jobs.51job.com/all/co4446542.html
jobs.51job.com/all/co4426180.html
jobs.51job.com/all/co2898914.html
jobs.51job.com/all/co2898914.html
jobs.51job.com/all/co4164801.html
jobs.51job.com/all/co2789755.html
jobs.51job.com/all/co4804503.html
jobs.51job.com/all/co4632571.html
jobs.51job.com/all/co4261478.html
jobs.51job.com/all/co3862335.html
jobs.51job.com/all/co3285612.html
jobs.51job.com/all/co2936849.html
jobs.51job.com/all/co2460539.html
jobs.51job.com/all/co578219.html
jobs.51job.com/all/co3172581.html
jobs.51job.com/all/co4832153.html
jobs.51job.com/all/co4655075.html
jobs.51job.com/all/co3291960.html
jobs.51job.com/all/co2444136.html
jobs.51job.com/all/co2444136.html
jobs.51job.com/all/co2567042.html
jobs.51job.com/all/co2349376.html
jobs.51job.com/all/co2349376.html
jobs.51job.com/all/co2349376.html
jobs.51job.com/all/co2349376.html
jobs.51job.com/all/co4028481.html
jobs.51job.com/all/co4028481.html
jobs.51job.com/all/co4028481.html
jobs.51job.com/all/co4028481.html
jobs.51job.com/all/co4028481.html
jobs.51job.com/all/co4028481.html
jobs.51job.com/all/co4028481.html
jobs.51job.com/all/co4028481.html
jobs.51job.com/all/co4028481.html
jobs.51job.com/all/co3561038.html
jobs.51job.com/all/co3561038.html
jobs.51job.com/all/co3561038.html
jobs.51job.com/all/co3561038.html
jobs.51job.com/all/co3561038.html
jobs.51job.com/all/co3561038.html
jobs.51job.com/all/co4028481.html
jobs.51job.com/all/co4943141.html
jobs.51job.com/all/co2600000.html
jobs.51job.com/all/co2600000.html
jobs.51job.com/all/co4261478.html
jobs.51job.com/all/co2618263.html
jobs.51job.com/all/co2618263.html
jobs.51job.com/all/co3757838.html
jobs.51job.com/all/co4064041.html
jobs.51job.com/all/co4941937.html
jobs.51job.com/all/co4182700.html
jobs.51job.com/all/co3528235.html
jobs.51job.com/all/co3528235.html
jobs.51job.com/all/co4872926.html
jobs.51job.com/all/co4872926.html
jobs.51job.com/all/co4872926.html
jobs.51job.com/all/co2567042.html
jobs.51job.com/all/co4951339.html
jobs.51job.com/all/co3413219.html
jobs.51job.com/all/co3861603.html
jobs.51job.com/all/co3861603.html
jobs.51job.com/all/co4492317.html
jobs.51job.com/all/co3294114.html
jobs.51job.com/all/co3886128.html
jobs.51job.com/all/co2605715.html
jobs.51job.com/all/co3981718.html
jobs.51job.com/all/co3991452.html
jobs.51job.com/all/co2752053.html
jobs.51job.com/all/co3497551.html
jobs.51job.com/all/co3682252.html
jobs.51job.com/all/co4763228.html
jobs.51job.com/all/co4352147.html
jobs.51job.com/all/co2715410.html
jobs.51job.com/all/co4854607.html
jobs.51job.com/all/co4064041.html
jobs.51job.com/all/co4064041.html
jobs.51job.com/all/co2940259.html
jobs.51job.com/all/co2531079.html
jobs.51job.com/all/co2664570.html
jobs.51job.com/all/co242314.html
jobs.51job.com/all/co242314.html
jobs.51job.com/all/co242314.html
jobs.51job.com/all/co242314.html
jobs.51job.com/all/co242314.html
jobs.51job.com/all/co242314.html
jobs.51job.com/all/co4505160.html
jobs.51job.com/all/co2834722.html
jobs.51job.com/all/co3318875.html
jobs.51job.com/all/co3318875.html
meituan.51job.com
jobs.51job.com/all/co4022612.html
jobs.51job.com/all/co4022612.html
jobs.51job.com/all/co4022612.html
jobs.51job.com/all/co4202120.html
jobs.51job.com/all/co4202120.html
jobs.51job.com/all/co4202120.html
jobs.51job.com/all/co4361009.html
jobs.51job.com/all/co3798490.html
jobs.51job.com/all/co4903945.html
jobs.51job.com/all/co2782000.html
jobs.51job.com/all/co2782000.html
jobs.51job.com/all/co1988029.html
jobs.51job.com/all/co1988029.html
jobs.51job.com/all/co3929902.html
jobs.51job.com/all/co3929902.html
jobs.51job.com/all/co3929902.html
jobs.51job.com/all/co3270483.html
jobs.51job.com/all/co3317839.html
jobs.51job.com/all/co2973691.html
jobs.51job.com/all/co2973691.html
jobs.51job.com/all/co3556099.html
jobs.51job.com/all/co3118667.html
jobs.51job.com/all/co3118667.html
jobs.51job.com/all/co476210.html
jobs.51job.com/all/co4344896.html
jobs.51job.com/all/co4344896.html
jobs.51job.com/all/co4344896.html
jobs.51job.com/all/co4344896.html
jobs.51job.com/all/co2065039.html
jobs.51job.com/all/co4624468.html
jobs.51job.com/all/co2870983.html
jobs.51job.com/all/co4454873.html
jobs.51job.com/all/co4454873.html
jobs.51job.com/all/co3311516.html
jobs.51job.com/all/co3311516.html
jobs.51job.com/all/co2322990.html
jobs.51job.com/all/co4870304.html
jobs.51job.com/all/co4101608.html
jobs.51job.com/all/co2903104.html
jobs.51job.com/all/co4664573.html
jobs.51job.com/all/co2437590.html
jobs.51job.com/all/co2437590.html
jobs.51job.com/all/co2437590.html
jobs.51job.com/all/co2437590.html
jobs.51job.com/all/co2918328.html
jobs.51job.com/all/co4331659.html
jobs.51job.com/all/co2610324.html
jobs.51job.com/all/co2610324.html
jobs.51job.com/all/co1989834.html
jobs.51job.com/all/co1989834.html
jobs.51job.com/all/co3619496.html
jobs.51job.com/all/co2226314.html
jobs.51job.com/all/co2373891.html
jobs.51job.com/all/co2373891.html
jobs.51job.com/all/co4832718.html
jobs.51job.com/all/co4832718.html
jobs.51job.com/all/co4175699.html
jobs.51job.com/all/co2500790.html
jobs.51job.com/all/co2500790.html
jobs.51job.com/all/co2500790.html
jobs.51job.com/all/co2899023.html
jobs.51job.com/all/co2899023.html
jobs.51job.com/all/co2899023.html
jobs.51job.com/all/co2823628.html
jobs.51job.com/all/co4155588.html
jobs.51job.com/all/co4155588.html
jobs.51job.com/all/co4723713.html
jobs.51job.com/all/co4723713.html
jobs.51job.com/all/co4723713.html
jobs.51job.com/all/co4723713.html
jobs.51job.com/all/co3099506.html
jobs.51job.com/all/co3099506.html
jobs.51job.com/all/co3099506.html
jobs.51job.com/all/co3099506.html
jobs.51job.com/all/co3099506.html
jobs.51job.com/all/co3099506.html
jobs.51job.com/all/co3099506.html
jobs.51job.com/all/co3099506.html
jobs.51job.com/all/co3099506.html
jobs.51job.com/all/co3099506.html
jobs.51job.com/all/co3099506.html
jobs.51job.com/all/co2676339.html
jobs.51job.com/all/co2676339.html
jobs.51job.com/all/co2676339.html
jobs.51job.com/all/co2676339.html
jobs.51job.com/all/co2676339.html
jobs.51job.com/all/co2083396.html
jobs.51job.com/all/co4117575.html
jobs.51job.com/all/co2541111.html
jobs.51job.com/all/co4313663.html
jobs.51job.com/all/co4313663.html
jobs.51job.com/all/co2338613.html
jobs.51job.com/all/co2338613.html
jobs.51job.com/all/co2304257.html
jobs.51job.com/all/co2985173.html
jobs.51job.com/all/co3136140.html
jobs.51job.com/all/co3136140.html
jobs.51job.com/all/co3136140.html
jobs.51job.com/all/co2818195.html
jobs.51job.com/all/co2818195.html
jobs.51job.com/all/co2818195.html
jobs.51job.com/all/co3076836.html
jobs.51job.com/all/co3076836.html
jobs.51job.com/all/co3076836.html
jobs.51job.com/all/co2642482.html
jobs.51job.com/all/co2642482.html
jobs.51job.com/all/co3363698.html
jobs.51job.com/all/co3363698.html
jobs.51job.com/all/co4763593.html
jobs.51job.com/all/co3683164.html
jobs.51job.com/all/co4592038.html
jobs.51job.com/all/co4592038.html
jobs.51job.com/all/co3112618.html
jobs.51job.com/all/co3112618.html
jobs.51job.com/all/co2497108.html
jobs.51job.com/all/co4701400.html
jobs.51job.com/all/co4701400.html
jobs.51job.com/all/co4647700.html
jobs.51job.com/all/co3140372.html
jobs.51job.com/all/co3140372.html
jobs.51job.com/all/co421455.html
jobs.51job.com/all/co3604524.html
jobs.51job.com/all/co421455.html
jobs.51job.com/all/co421455.html
jobs.51job.com/all/co421455.html
jobs.51job.com/all/co308837.html
jobs.51job.com/all/co2736420.html
jobs.51job.com/all/co2431731.html
jobs.51job.com/all/co2431731.html
jobs.51job.com/all/co4920404.html
jobs.51job.com/all/co2746216.html
jobs.51job.com/all/co1695413.html
jobs.51job.com/all/co2746635.html
jobs.51job.com/all/co1695413.html
jobs.51job.com/all/co1695413.html
jobs.51job.com/all/co1045613.html
jobs.51job.com/all/co1045613.html
jobs.51job.com/all/co4524701.html
jobs.51job.com/all/co4299401.html
jobs.51job.com/all/co4822573.html
jobs.51job.com/all/co4822573.html
jobs.51job.com/all/co4352147.html
jobs.51job.com/all/co4861202.html
jobs.51job.com/all/co4014026.html
jobs.51job.com/all/co2864257.html
jobs.51job.com/all/co3601062.html
jobs.51job.com/all/co2270113.html
jobs.51job.com/all/co2270113.html
jobs.51job.com/all/co1563753.html
jobs.51job.com/all/co939598.html
jobs.51job.com/all/co939598.html
jobs.51job.com/all/co939598.html
jobs.51job.com/all/co4728337.html
jobs.51job.com/all/co4728337.html
jobs.51job.com/all/co4728337.html
jobs.51job.com/all/co3315562.html
jobs.51job.com/all/co3315562.html
jobs.51job.com/all/co4842238.html
jobs.51job.com/all/co4783513.html
jobs.51job.com/all/co3155767.html
jobs.51job.com/all/co3155767.html
jobs.51job.com/all/co3155767.html
jobs.51job.com/all/co4165401.html
jobs.51job.com/all/co4165401.html
jobs.51job.com/all/co4165401.html
jobs.51job.com/all/co4179959.html
jobs.51job.com/all/co4179959.html
jobs.51job.com/all/co4179959.html
jobs.51job.com/all/co1987165.html
jobs.51job.com/all/co1987165.html
jobs.51job.com/all/co4663608.html
jobs.51job.com/all/co4663608.html
jobs.51job.com/all/co3007460.html
jobs.51job.com/all/co2666915.html
jobs.51job.com/all/co3413219.html
jobs.51job.com/all/co4875191.html
jobs.51job.com/all/co4875191.html
jobs.51job.com/all/co3019612.html
jobs.51job.com/all/co2633687.html
jobs.51job.com/all/co4196385.html
jobs.51job.com/all/co3781916.html
jobs.51job.com/all/co3781916.html
jobs.51job.com/all/co3633611.html
jobs.51job.com/all/co2883155.html
jobs.51job.com/all/co2883155.html
jobs.51job.com/all/co3649968.html
jobs.51job.com/all/co4593694.html
jobs.51job.com/all/co4723906.html
jobs.51job.com/all/co2882040.html
jobs.51job.com/all/co2882040.html
jobs.51job.com/all/co2882040.html
jobs.51job.com/all/co2882040.html
jobs.51job.com/all/co2882040.html
jobs.51job.com/all/co2882040.html
jobs.51job.com/all/co2882040.html
jobs.51job.com/all/co3960406.html
jobs.51job.com/all/co3960406.html
jobs.51job.com/all/co3222762.html
jobs.51job.com/all/co3222762.html
jobs.51job.com/all/co3928802.html
jobs.51job.com/all/co3928802.html
jobs.51job.com/all/co3530251.html
jobs.51job.com/all/co3530251.html
jobs.51job.com/all/co3497551.html
jobs.51job.com/all/co3497551.html
jobs.51job.com/all/co3404464.html
jobs.51job.com/all/co3835062.html
jobs.51job.com/all/co3835062.html
jobs.51job.com/all/co4817541.html
jobs.51job.com/all/co4424758.html
jobs.51job.com/all/co4424758.html
jobs.51job.com/all/co2917795.html
jobs.51job.com/all/co1988029.html
jobs.51job.com/all/co3002239.html
jobs.51job.com/all/co3301039.html
jobs.51job.com/all/co3301039.html
jobs.51job.com/all/co4472451.html
jobs.51job.com/all/co4472451.html
jobs.51job.com/all/co1988029.html
jobs.51job.com/all/co4598636.html
jobs.51job.com/all/co4598636.html
jobs.51job.com/all/co4598636.html
jobs.51job.com/all/co3914555.html
jobs.51job.com/all/co3914555.html
jobs.51job.com/all/co3914555.html
jobs.51job.com/all/co3914555.html
jobs.51job.com/all/co3914555.html
jobs.51job.com/all/co973945.html
jobs.51job.com/all/co973945.html
jobs.51job.com/all/co973945.html
jobs.51job.com/all/co973945.html
jobs.51job.com/all/co2217191.html
jobs.51job.com/all/co243342.html
jobs.51job.com/all/co243342.html
jobs.51job.com/all/co3093296.html
jobs.51job.com/all/co3093296.html
jobs.51job.com/all/co3093296.html
jobs.51job.com/all/co3093296.html
jobs.51job.com/all/co3093296.html
jobs.51job.com/all/co3093296.html
jobs.51job.com/all/co3093296.html
jobs.51job.com/all/co3093296.html
jobs.51job.com/all/co3093296.html
jobs.51job.com/all/co3093296.html
jobs.51job.com/all/co3093296.html
jobs.51job.com/all/co2946778.html
jobs.51job.com/all/co2779472.html
jobs.51job.com/all/co4880520.html
jobs.51job.com/all/co4880520.html
jobs.51job.com/all/co4898642.html
jobs.51job.com/all/co2743007.html
jobs.51job.com/all/co4198692.html
jobs.51job.com/all/co3604454.html
jobs.51job.com/all/co4863635.html
jobs.51job.com/all/co4863635.html
jobs.51job.com/all/co4863635.html
jobs.51job.com/all/co4863635.html
jobs.51job.com/all/co4863635.html
jobs.51job.com/all/co4863635.html
jobs.51job.com/all/co3580986.html
jobs.51job.com/all/co308837.html
jobs.51job.com/all/co3946027.html
jobs.51job.com/all/co3946027.html
jobs.51job.com/all/co2599038.html
jobs.51job.com/all/co2599038.html
jobs.51job.com/all/co3786334.html
jobs.51job.com/all/co4696207.html
jobs.51job.com/all/co4696207.html
jobs.51job.com/all/co4696207.html
jobs.51job.com/all/co4696207.html
jobs.51job.com/all/co4696207.html
jobs.51job.com/all/co4696207.html
jobs.51job.com/all/co2726473.html
jobs.51job.com/all/co3941491.html
jobs.51job.com/all/co3941491.html
jobs.51job.com/all/co4885482.html
jobs.51job.com/all/co2368551.html
jobs.51job.com/all/co2588990.html
jobs.51job.com/all/co2588990.html
jobs.51job.com/all/co2588990.html
jobs.51job.com/all/co2212551.html
jobs.51job.com/all/co3543056.html
jobs.51job.com/all/co3543056.html
jobs.51job.com/all/co3543056.html
jobs.51job.com/all/co4047931.html
jobs.51job.com/all/co4047931.html
jobs.51job.com/all/co2662289.html
jobs.51job.com/all/co4868295.html
jobs.51job.com/all/co2920747.html
jobs.51job.com/all/co4843422.html
jobs.51job.com/all/co4843422.html
jobs.51job.com/all/co3965687.html
jobs.51job.com/all/co4915955.html
jobs.51job.com/all/co2860048.html
jobs.51job.com/all/co2588990.html
jobs.51job.com/all/co3964148.html
jobs.51job.com/all/co3964148.html
jobs.51job.com/all/co3564334.html
jobs.51job.com/all/co3674262.html
jobs.51job.com/all/co3159566.html
jobs.51job.com/all/co2322770.html
jobs.51job.com/all/co2302852.html
jobs.51job.com/all/co2322770.html
jobs.51job.com/all/co3250296.html
jobs.51job.com/all/co3250296.html
jobs.51job.com/all/co3250296.html
jobs.51job.com/all/co2701011.html
jobs.51job.com/all/co3233003.html
jobs.51job.com/all/co3233003.html
jobs.51job.com/all/co3233003.html
jobs.51job.com/all/co3233003.html
jobs.51job.com/all/co3396696.html
jobs.51job.com/all/co3726486.html
jobs.51job.com/all/co3726486.html
jobs.51job.com/all/co4819846.html
jobs.51job.com/all/co2354866.html
jobs.51job.com/all/co4863581.html
jobs.51job.com/all/co3027689.html
jobs.51job.com/all/co4360800.html
jobs.51job.com/all/co4360800.html
jobs.51job.com/all/co2490675.html
jobs.51job.com/all/co2406909.html
jobs.51job.com/all/co2936849.html
jobs.51job.com/all/co2936849.html
jobs.51job.com/all/co2936849.html
jobs.51job.com/all/co2936849.html
jobs.51job.com/all/co1175284.html
jobs.51job.com/all/co3045952.html
jobs.51job.com/all/co3045952.html
jobs.51job.com/all/co3902349.html
jobs.51job.com/all/co4309143.html
jobs.51job.com/all/co4309143.html
jobs.51job.com/all/co179909.html
jobs.51job.com/all/co3876643.html
jobs.51job.com/all/co3876643.html
jobs.51job.com/all/co2765371.html
jobs.51job.com/all/co3953755.html
jobs.51job.com/all/co3135616.html
jobs.51job.com/all/co3165286.html
jobs.51job.com/all/co2411643.html
jobs.51job.com/all/co3058965.html
jobs.51job.com/all/co3427107.html
jobs.51job.com/all/co3427107.html
jobs.51job.com/all/co2354943.html
jobs.51job.com/all/co4754547.html
jobs.51job.com/all/co4754547.html
jobs.51job.com/all/co4754547.html
jobs.51job.com/all/co4561599.html
jobs.51job.com/all/co2017281.html
jobs.51job.com/all/co3784268.html
jobs.51job.com/all/co2889983.html
jobs.51job.com/all/co2279938.html
jobs.51job.com/all/co4916795.html
jobs.51job.com/all/co4562692.html
jobs.51job.com/all/co4331659.html
jobs.51job.com/all/co4331659.html
jobs.51job.com/all/co4331659.html
jobs.51job.com/all/co2635999.html
jobs.51job.com/all/co219871.html
jobs.51job.com/all/co3672107.html
jobs.51job.com/all/co3672107.html
jobs.51job.com/all/co3672107.html
jobs.51job.com/all/co3672107.html
jobs.51job.com/all/co3672107.html
jobs.51job.com/all/co3672107.html
jobs.51job.com/all/co3672107.html
jobs.51job.com/all/co3672107.html
jobs.51job.com/all/co3672107.html
jobs.51job.com/all/co3872494.html
jobs.51job.com/all/co2377332.html
jobs.51job.com/all/co2161908.html
jobs.51job.com/all/co3704273.html
jobs.51job.com/all/co3704273.html
jobs.51job.com/all/co3704273.html
jobs.51job.com/all/co1364292.html
jobs.51job.com/all/co4853944.html
jobs.51job.com/all/co4483206.html
jobs.51job.com/all/co4853944.html
jobs.51job.com/all/co2668044.html
jobs.51job.com/all/co2668044.html
jobs.51job.com/all/co391066.html
jobs.51job.com/all/co4906344.html
jobs.51job.com/all/co2578484.html
jobs.51job.com/all/co3234338.html
jobs.51job.com/all/co3234338.html
jobs.51job.com/all/co2876130.html
jobs.51job.com/all/co2876130.html
jobs.51job.com/all/co3544172.html
jobs.51job.com/all/co3140218.html
jobs.51job.com/all/co3140218.html
jobs.51job.com/all/co3648213.html
jobs.51job.com/all/co3648213.html
jobs.51job.com/all/co3648213.html
jobs.51job.com/all/co3648213.html
jobs.51job.com/all/co2576343.html
jobs.51job.com/all/co4299401.html
jobs.51job.com/all/co4078448.html
jobs.51job.com/all/co3677519.html
jobs.51job.com/all/co3594842.html
jobs.51job.com/all/co3594842.html
jobs.51job.com/all/co3334563.html
jobs.51job.com/all/co1985614.html
jobs.51job.com/all/co1985614.html
jobs.51job.com/all/co3356594.html
jobs.51job.com/all/co4726707.html
jobs.51job.com/all/co4726707.html
jobs.51job.com/all/co2460112.html
jobs.51job.com/all/co4544057.html
jobs.51job.com/all/co2770818.html
jobs.51job.com/all/co4863635.html
jobs.51job.com/all/co3919246.html
jobs.51job.com/all/co3919246.html
jobs.51job.com/all/co3464620.html
jobs.51job.com/all/co3736554.html
jobs.51job.com/all/co3326945.html
jobs.51job.com/all/co4512653.html
jobs.51job.com/all/co4653362.html
jobs.51job.com/all/co3830392.html
jobs.51job.com/all/co4128195.html
jobs.51job.com/all/co4128195.html
jobs.51job.com/all/co2221070.html
jobs.51job.com/all/co2377228.html
jobs.51job.com/all/co2701011.html
jobs.51job.com/all/co4505160.html
jobs.51job.com/all/co3692741.html
jobs.51job.com/all/co3183576.html
jobs.51job.com/all/co571685.html
jobs.51job.com/all/co571685.html
jobs.51job.com/all/co2403778.html
jobs.51job.com/all/co2403778.html
jobs.51job.com/all/co2403778.html
jobs.51job.com/all/co3859916.html
jobs.51job.com/all/co3859916.html
jobs.51job.com/all/co4064041.html
jobs.51job.com/all/co4064041.html
jobs.51job.com/all/co2351993.html
jobs.51job.com/all/co2770818.html
jobs.51job.com/all/co3203329.html
jobs.51job.com/all/co3203329.html
jobs.51job.com/all/co3203329.html
jobs.51job.com/all/co3203329.html
jobs.51job.com/all/co3203329.html
jobs.51job.com/all/co3203329.html
jobs.51job.com/all/co3163260.html
jobs.51job.com/all/co3163260.html
jobs.51job.com/all/co3163260.html
jobs.51job.com/all/co3623799.html
jobs.51job.com/all/co3623799.html
jobs.51job.com/all/co3623799.html
jobs.51job.com/all/co4897946.html
jobs.51job.com/all/co2855157.html
jobs.51job.com/all/co2750711.html
jobs.51job.com/all/co232923.html
jobs.51job.com/all/co232923.html
jobs.51job.com/all/co2883868.html
jobs.51job.com/all/co2450210.html
jobs.51job.com/all/co4483206.html
jobs.51job.com/all/co2786945.html
jobs.51job.com/all/co3096908.html
jobs.51job.com/all/co2244822.html
jobs.51job.com/all/co2244822.html
jobs.51job.com/all/co2244822.html
jobs.51job.com/all/co2244822.html
jobs.51job.com/all/co2244822.html
jobs.51job.com/all/co2244822.html
jobs.51job.com/all/co3160809.html
jobs.51job.com/all/co2477345.html
jobs.51job.com/all/co3838971.html
jobs.51job.com/all/co3838971.html
jobs.51job.com/all/co2813177.html
crv.51job.com
jobs.51job.com/all/co2529250.html
jobs.51job.com/all/co2529250.html
jobs.51job.com/all/co4341258.html
jobs.51job.com/all/co4882851.html
jobs.51job.com/all/co2598069.html
jobs.51job.com/all/co4906373.html
jobs.51job.com/all/co4002302.html
jobs.51job.com/all/co4002302.html
jobs.51job.com/all/co4002302.html
jobs.51job.com/all/co4002302.html
jobs.51job.com/all/co3047825.html
jobs.51job.com/all/co3343608.html
jobs.51job.com/all/co3185547.html
jobs.51job.com/all/co3185547.html
jobs.51job.com/all/co4909136.html
jobs.51job.com/all/co4909136.html
jobs.51job.com/all/co4909136.html
jobs.51job.com/all/co4875108.html
jobs.51job.com/all/co4875108.html
jobs.51job.com/all/co3543561.html
jobs.51job.com/all/co3444305.html
jobs.51job.com/all/co3444305.html
jobs.51job.com/all/co3573940.html
jobs.51job.com/all/co3573940.html
jobs.51job.com/all/co3573940.html
jobs.51job.com/all/co4827870.html
jobs.51job.com/all/co2573653.html
jobs.51job.com/all/co2384720.html
jobs.51job.com/all/co3068527.html
jobs.51job.com/all/co2656571.html
jobs.51job.com/all/co2656571.html
jobs.51job.com/all/co2408963.html
jobs.51job.com/all/co2244822.html
jobs.51job.com/all/co2244822.html
jobs.51job.com/all/co2343251.html
jobs.51job.com/all/co3948902.html
jobs.51job.com/all/co2980442.html
jobs.51job.com/all/co3979736.html
jobs.51job.com/all/co3979736.html
jobs.51job.com/all/co3077836.html
jobs.51job.com/all/co3077836.html
jobs.51job.com/all/co4331759.html
jobs.51job.com/all/co4331759.html
jobs.51job.com/all/co3682277.html
jobs.51job.com/all/co4670218.html
jobs.51job.com/all/co3905900.html
jobs.51job.com/all/co3621186.html
jobs.51job.com/all/co2936951.html
jobs.51job.com/all/co2936951.html
jobs.51job.com/all/co2793255.html
jobs.51job.com/all/co4401467.html
jobs.51job.com/all/co2855137.html
jobs.51job.com/all/co2724912.html
jobs.51job.com/all/co2724912.html
jobs.51job.com/all/co4686946.html
jobs.51job.com/all/co2544894.html
jobs.51job.com/all/co4737371.html
jobs.51job.com/all/co4737371.html
jobs.51job.com/all/co2474274.html
jobs.51job.com/all/co2474274.html
jobs.51job.com/all/co2508030.html
jobs.51job.com/all/co3972009.html
jobs.51job.com/all/co3972009.html
jobs.51job.com/all/co3972009.html
jobs.51job.com/all/co3972009.html
jobs.51job.com/all/co3972009.html
jobs.51job.com/all/co3972009.html
jobs.51job.com/all/co3972009.html
jobs.51job.com/all/co3972009.html
jobs.51job.com/all/co3972009.html
jobs.51job.com/all/co3972009.html
jobs.51job.com/all/co4915984.html
jobs.51job.com/all/co3909337.html
jobs.51job.com/all/co3667916.html
jobs.51job.com/all/co3667916.html
jobs.51job.com/all/co370220.html
jobs.51job.com/all/co3591475.html
jobs.51job.com/all/co3591475.html
jobs.51job.com/all/co3889370.html
jobs.51job.com/all/co3586461.html
jobs.51job.com/all/co4338546.html
jobs.51job.com/all/co1018203.html
jobs.51job.com/all/co3979453.html
jobs.51job.com/all/co3979453.html
jobs.51job.com/all/co3979453.html
jobs.51job.com/all/co3979453.html
jobs.51job.com/all/co3444233.html
jobs.51job.com/all/co3444233.html
jobs.51job.com/all/co4308114.html
jobs.51job.com/all/co3279061.html
jobs.51job.com/all/co4808635.html
jobs.51job.com/all/co2833403.html
jobs.51job.com/all/co4934579.html
jobs.51job.com/all/co4934579.html
jobs.51job.com/all/co2285567.html
jobs.51job.com/all/co4603215.html
jobs.51job.com/all/co4091050.html
jobs.51job.com/all/co3660931.html
jobs.51job.com/all/co4626110.html
jobs.51job.com/all/co4626110.html
jobs.51job.com/all/co3953006.html
jobs.51job.com/all/co3953006.html
jobs.51job.com/all/co3326184.html
jobs.51job.com/all/co4365384.html
jobs.51job.com/all/co3000655.html
jobs.51job.com/all/co3814537.html
jobs.51job.com/all/co2735951.html
jobs.51job.com/all/co682235.html
jobs.51job.com/all/co682235.html
jobs.51job.com/all/co682235.html
jobs.51job.com/all/co682235.html
jobs.51job.com/all/co682235.html
jobs.51job.com/all/co682235.html
jobs.51job.com/all/co682235.html
jobs.51job.com/all/co4366470.html
jobs.51job.com/all/co4366470.html
jobs.51job.com/all/co4737371.html
jobs.51job.com/all/co2748476.html
jobs.51job.com/all/co3844091.html
jobs.51job.com/all/co2285567.html
jobs.51job.com/all/co2949400.html
jobs.51job.com/all/co2949400.html
jobs.51job.com/all/co3404231.html
jobs.51job.com/all/co4175623.html
jobs.51job.com/all/co4175623.html
jobs.51job.com/all/co1018203.html
jobs.51job.com/all/co1018203.html
jobs.51job.com/all/co4861202.html
jobs.51job.com/all/co4897946.html
jobs.51job.com/all/co4587249.html
jobs.51job.com/all/co3849285.html
jobs.51job.com/all/co4883190.html
jobs.51job.com/all/co3844091.html
jobs.51job.com/all/co3571026.html
jobs.51job.com/all/co2827867.html
jobs.51job.com/all/co2925418.html
jobs.51job.com/all/co2925418.html
jobs.51job.com/all/co2925418.html
jobs.51job.com/all/co2925418.html
jobs.51job.com/all/co2975078.html
jobs.51job.com/all/co2959107.html
jobs.51job.com/all/co4463342.html
jobs.51job.com/all/co4207038.html
jobs.51job.com/all/co4288919.html
jobs.51job.com/all/co3690752.html
jobs.51job.com/all/co3263852.html
jobs.51job.com/all/co3263852.html
jobs.51job.com/all/co3263852.html
jobs.51job.com/all/co4349556.html
jobs.51job.com/all/co4056219.html
jobs.51job.com/all/co4056219.html
jobs.51job.com/all/co4446542.html
jobs.51job.com/all/co4503905.html
jobs.51job.com/all/co4587249.html
jobs.51job.com/all/co2871054.html
jobs.51job.com/all/co2871054.html
jobs.51job.com/all/co3679522.html
jobs.51job.com/all/co4341646.html
jobs.51job.com/all/co4729779.html
jobs.51job.com/all/co2544894.html
jobs.51job.com/all/co3884306.html
jobs.51job.com/all/co3106803.html
jobs.51job.com/all/co3666074.html
jobs.51job.com/all/co3666074.html
jobs.51job.com/all/co3730343.html
jobs.51job.com/all/co3404231.html
jobs.51job.com/all/co3404231.html
jobs.51job.com/all/co4648137.html
jobs.51job.com/all/co4648137.html
jobs.51job.com/all/co4648137.html
jobs.51job.com/all/co4304434.html
jobs.51job.com/all/co4304434.html
jobs.51job.com/all/co4556283.html
jobs.51job.com/all/co4556283.html
jobs.51job.com/all/co4813563.html
jobs.51job.com/all/co3237386.html
jobs.51job.com/all/co3237386.html
jobs.51job.com/all/co3570915.html
jobs.51job.com/all/co4203151.html
jobs.51job.com/all/co2652609.html
jobs.51job.com/all/co4582321.html
jobs.51job.com/all/co3648213.html
jobs.51job.com/all/co3250296.html
jobs.51job.com/all/co4515462.html
jobs.51job.com/all/co3415513.html
jobs.51job.com/all/co3415513.html
jobs.51job.com/all/co4903957.html
jobs.51job.com/all/co3844981.html
jobs.51job.com/all/co4164801.html
jobs.51job.com/all/co2953171.html
jobs.51job.com/all/co4813563.html
jobs.51job.com/all/co4813563.html
jobs.51job.com/all/co3404231.html
jobs.51job.com/all/co3180277.html
jobs.51job.com/all/co3886577.html
jobs.51job.com/all/co4203151.html
jobs.51job.com/all/co4766389.html
jobs.51job.com/all/co3027689.html
jobs.51job.com/all/co3707197.html
jobs.51job.com/all/co4419089.html
jobs.51job.com/all/co4419089.html
jobs.51job.com/all/co4419089.html
jobs.51job.com/all/co4639427.html
jobs.51job.com/all/co3651206.html
jobs.51job.com/all/co4220719.html
jobs.51job.com/all/co2826138.html
jobs.51job.com/all/co2826138.html
jobs.51job.com/all/co2826138.html
jobs.51job.com/all/co3285612.html
jobs.51job.com/all/co3285612.html
jobs.51job.com/all/co2742977.html
jobs.51job.com/all/co4737371.html
jobs.51job.com/all/co3215811.html
jobs.51job.com/all/co4423110.html
jobs.51job.com/all/co3404231.html
jobs.51job.com/all/co3404231.html
jobs.51job.com/all/co4783526.html
jobs.51job.com/all/co2378500.html
jobs.51job.com/all/co4542350.html
jobs.51job.com/all/co2668044.html
jobs.51job.com/all/co2934287.html
jobs.51job.com/all/co4113879.html
jobs.51job.com/all/co3160155.html
jobs.51job.com/all/co4632181.html
jobs.51job.com/all/co2265997.html
jobs.51job.com/all/co3509692.html
jobs.51job.com/all/co2534821.html
jobs.51job.com/all/co2546362.html
jobs.51job.com/all/co2444136.html
jobs.51job.com/all/co2444136.html
jobs.51job.com/all/co3140218.html
jobs.51job.com/all/co4676706.html
jobs.51job.com/all/co4676706.html
jobs.51job.com/all/co2543335.html
jobs.51job.com/all/co2543335.html
jobs.51job.com/all/co2543335.html
jobs.51job.com/all/co3198915.html
jobs.51job.com/all/co188581.html
jobs.51job.com/all/co188581.html
jobs.51job.com/all/co188581.html
jobs.51job.com/all/co2999100.html
jobs.51job.com/all/co3672533.html
jobs.51job.com/all/co3672533.html
jobs.51job.com/all/co3672533.html
jobs.51job.com/all/co3672533.html
jobs.51job.com/all/co3672533.html
jobs.51job.com/all/co3672533.html
jobs.51job.com/all/co3672533.html
jobs.51job.com/all/co4645177.html
jobs.51job.com/all/co2244822.html
jobs.51job.com/all/co2244822.html
jobs.51job.com/all/co2244822.html
jobs.51job.com/all/co3093296.html
jobs.51job.com/all/co3093296.html
jobs.51job.com/all/co3093296.html
jobs.51job.com/all/co3093296.html
jobs.51job.com/all/co3093296.html
jobs.51job.com/all/co3093296.html
jobs.51job.com/all/co243336.html
jobs.51job.com/all/co2946778.html
jobs.51job.com/all/co2946778.html
jobs.51job.com/all/co2946778.html
jobs.51job.com/all/co2946778.html
jobs.51job.com/all/co3093296.html
jobs.51job.com/all/co3093296.html
jobs.51job.com/all/co2946778.html
jobs.51job.com/all/co254514.html
jobs.51job.com/all/co243342.html
jobs.51job.com/all/co3251562.html
jobs.51job.com/all/co3251562.html
jobs.51job.com/all/co3251562.html
jobs.51job.com/all/co4235446.html
jobs.51job.com/all/co4235446.html
jobs.51job.com/all/co3501210.html
jobs.51job.com/all/co1991726.html
jobs.51job.com/all/co1991726.html
jobs.51job.com/all/co4729779.html
jobs.51job.com/all/co2934287.html
jobs.51job.com/all/co3178140.html
jobs.51job.com/all/co3178140.html
jobs.51job.com/all/co2244822.html
jobs.51job.com/all/co2244822.html
jobs.51job.com/all/co2244822.html
jobs.51job.com/all/co4233304.html
jobs.51job.com/all/co2658231.html
jobs.51job.com/all/co2960570.html
jobs.51job.com/all/co2960570.html
jobs.51job.com/all/co2960570.html
jobs.51job.com/all/co3081883.html
jobs.51job.com/all/co2960570.html
jobs.51job.com/all/co2983895.html
jobs.51job.com/all/co2983895.html
jobs.51job.com/all/co3160155.html
jobs.51job.com/all/co3917618.html
jobs.51job.com/all/co4847374.html
jobs.51job.com/all/co4599915.html
jobs.51job.com/all/co180850.html
jobs.51job.com/all/co3165709.html
jobs.51job.com/all/co3165709.html
jobs.51job.com/all/co3165709.html
jobs.51job.com/all/co2544894.html
jobs.51job.com/all/co3829103.html
jobs.51job.com/all/co3829103.html
jobs.51job.com/all/co3056784.html
jobs.51job.com/all/co4684724.html
jobs.51job.com/all/co4684724.html
jobs.51job.com/all/co4684724.html
sfzhaopin.51job.com
jobs.51job.com/all/co3543561.html
jobs.51job.com/all/co3543561.html
jobs.51job.com/all/co4093129.html
jobs.51job.com/all/co4093129.html
jobs.51job.com/all/co4715115.html
jobs.51job.com/all/co4524701.html
jobs.51job.com/all/co4085224.html
jobs.51job.com/all/co4664573.html
jobs.51job.com/all/co4155588.html
jobs.51job.com/all/co2818195.html
jobs.51job.com/all/co3591832.html
jobs.51job.com/all/co4308743.html
jobs.51job.com/all/co4729925.html
jobs.51job.com/all/co2377228.html
jobs.51job.com/all/co4917114.html
jobs.51job.com/all/co4175623.html
jobs.51job.com/all/co4446542.html
jobs.51job.com/all/co4766389.html
jobs.51job.com/all/co2934287.html
jobs.51job.com/all/co4235446.html
jobs.51job.com/all/co3081883.html
jobs.51job.com/all/co3805420.html
