jobs.51job.com/all/co3244255.html
jobs.51job.com/all/co4916795.html
jobs.51job.com/all/co150442.html
jobs.51job.com/all/co3207754.html
jobs.51job.com/all/co4896487.html
jobs.51job.com/all/co305469.html
jobs.51job.com/all/co3221910.html
jobs.51job.com/all/co4763593.html
jobs.51job.com/all/co4872897.html
jobs.51job.com/all/co2558102.html
jobs.51job.com/all/co4854607.html
jobs.51job.com/all/co4446433.html
jobs.51job.com/all/co4454893.html
jobs.51job.com/all/co2644190.html
jobs.51job.com/all/co4866496.html
jobs.51job.com/all/co1986272.html
jobs.51job.com/all/co3796174.html
jobs.51job.com/all/co4384387.html
jobs.51job.com/all/co3649973.html
jobs.51job.com/all/co2474975.html
jobs.51job.com/all/co4951339.html
jobs.51job.com/all/co1377771.html
jobs.51job.com/all/co4681789.html
jobs.51job.com/all/co3068424.html
jobs.51job.com/all/co2553902.html
jobs.51job.com/all/co4588362.html
jobs.51job.com/all/co1157820.html
jobs.51job.com/all/co2795298.html
jobs.51job.com/all/co2290930.html
jobs.51job.com/all/co253648.html
jobs.51job.com/all/co4777866.html
jobs.51job.com/all/co4048661.html
jobs.51job.com/all/co195588.html
jobs.51job.com/all/co3253038.html
jobs.51job.com/all/co1224301.html
jobs.51job.com/all/co2807192.html
jobs.51job.com/all/co2388786.html
jobs.51job.com/all/co290477.html
jobs.51job.com/all/co3846650.html
jobs.51job.com/all/co3000507.html
jobs.51job.com/all/co2322198.html
jobs.51job.com/all/co3231704.html
jobs.51job.com/all/co3801225.html
jobs.51job.com/all/co2108971.html
jobs.51job.com/all/co2727811.html
jobs.51job.com/all/co3173582.html
jobs.51job.com/all/co4057112.html
jobs.51job.com/all/co4763228.html
jobs.51job.com/all/co4938621.html
jobs.51job.com/all/co4946653.html
jobs.51job.com/all/co4106509.html
jobs.51job.com/all/co2876838.html
jobs.51job.com/all/co4064041.html
jobs.51job.com/all/co4118262.html
jobs.51job.com/all/co4010808.html
jobs.51job.com/all/co3579280.html
jobs.51job.com/all/co2919492.html
jobs.51job.com/all/co2809419.html
jobs.51job.com/all/co3248001.html
jobs.51job.com/all/co2351993.html
jobs.51job.com/all/co2221080.html
jobs.51job.com/all/co4950959.html
jobs.51job.com/all/co4538349.html
jobs.51job.com/all/co3363377.html
jobs.51job.com/all/co2823572.html
jobs.51job.com/all/co4845084.html
jobs.51job.com/all/co4832153.html
jobs.51job.com/all/co3217622.html
jobs.51job.com/all/co4349061.html
jobs.51job.com/all/co179932.html
jobs.51job.com/all/co3853735.html
jobs.51job.com/all/co4327957.html
jobs.51job.com/all/co4096953.html
jobs.51job.com/all/co2880502.html
jobs.51job.com/all/co254388.html
jobs.51job.com/all/co161695.html
jobs.51job.com/all/co4522563.html
jobs.51job.com/all/co3181288.html
jobs.51job.com/all/co4924557.html
jobs.51job.com/all/co2664570.html
jobs.51job.com/all/co242314.html
jobs.51job.com/all/co4112211.html
jobs.51job.com/all/co4397508.html
jobs.51job.com/all/co3629200.html
jobs.51job.com/all/co4847849.html
jobs.51job.com/all/co4202120.html
jobs.51job.com/all/co3107251.html
jobs.51job.com/all/co3676365.html
jobs.51job.com/all/co3996833.html
jobs.51job.com/all/co2245386.html
jobs.51job.com/all/co3801996.html
jobs.51job.com/all/co2354549.html
jobs.51job.com/all/co4877581.html
jobs.51job.com/all/co4441006.html
jobs.51job.com/all/co3929902.html
jobs.51job.com/all/co4591205.html
jobs.51job.com/all/co2632072.html
jobs.51job.com/all/co3101978.html
jobs.51job.com/all/co1692767.html
jobs.51job.com/all/co4598094.html
jobs.51job.com/all/co2913728.html
jobs.51job.com/all/co2507622.html
jobs.51job.com/all/co3869012.html
jobs.51job.com/all/co4786450.html
jobs.51job.com/all/co2276108.html
jobs.51job.com/all/co4919099.html
jobs.51job.com/all/co4134851.html
jobs.51job.com/all/co4726097.html
jobs.51job.com/all/co4138235.html
jobs.51job.com/all/co3032918.html
jobs.51job.com/all/co4541673.html
jobs.51job.com/all/co2679697.html
jobs.51job.com/all/co4861431.html
jobs.51job.com/all/co3861037.html
jobs.51job.com/all/co4863009.html
jobs.51job.com/all/co4369438.html
jobs.51job.com/all/co2652087.html
jobs.51job.com/all/co4033010.html
jobs.51job.com/all/co4223766.html
jobs.51job.com/all/co3593410.html
jobs.51job.com/all/co4867888.html
jobs.51job.com/all/co2541111.html
jobs.51job.com/all/co4148483.html
jobs.51job.com/all/co2565112.html
jobs.51job.com/all/co2922377.html
jobs.51job.com/all/co2726149.html
jobs.51job.com/all/co3874720.html
jobs.51job.com/all/co2679554.html
jobs.51job.com/all/co3277581.html
jobs.51job.com/all/co2388665.html
jobs.51job.com/all/co208149.html
jobs.51job.com/all/co4823743.html
jobs.51job.com/all/co3270132.html
jobs.51job.com/all/co4604234.html
jobs.51job.com/all/co2089675.html
jobs.51job.com/all/co3593001.html
jobs.51job.com/all/co1209946.html
jobs.51job.com/all/co4815643.html
jobs.51job.com/all/co4462193.html
jobs.51job.com/all/co4106695.html
jobs.51job.com/all/co4715115.html
jobs.51job.com/all/co3812175.html
jobs.51job.com/all/co4740067.html
jobs.51job.com/all/co316938.html
jobs.51job.com/all/co4789991.html
jobs.51job.com/all/co4920404.html
jobs.51job.com/all/co2545755.html
jobs.51job.com/all/co4524701.html
jobs.51job.com/all/co2810730.html
jobs.51job.com/all/co4243513.html
jobs.51job.com/all/co3546130.html
jobs.51job.com/all/co280620.html
jobs.51job.com/all/co2982477.html
jobs.51job.com/all/co3202592.html
jobs.51job.com/all/co2903320.html
jobs.51job.com/all/co2007859.html
jobs.51job.com/all/co3390308.html
jobs.51job.com/all/co4783513.html
jobs.51job.com/all/co4000950.html
jobs.51job.com/all/co4165401.html
jobs.51job.com/all/co2801420.html
jobs.51job.com/all/co2666915.html
jobs.51job.com/all/co4875191.html
jobs.51job.com/all/co2857632.html
jobs.51job.com/all/co2633687.html
jobs.51job.com/all/co2973180.html
jobs.51job.com/all/co2769869.html
jobs.51job.com/all/co4522408.html
jobs.51job.com/all/co2953171.html
jobs.51job.com/all/co3869755.html
jobs.51job.com/all/co4078993.html
jobs.51job.com/all/co2883155.html
jobs.51job.com/all/co3649968.html
jobs.51job.com/all/co2964903.html
jobs.51job.com/all/co4405060.html
jobs.51job.com/all/co4153918.html
jobs.51job.com/all/co4239243.html
jobs.51job.com/all/co2711122.html
jobs.51job.com/all/co277573.html
jobs.51job.com/all/co2128360.html
jobs.51job.com/all/co2210669.html
jobs.51job.com/all/co2328957.html
jobs.51job.com/all/co4446542.html
jobs.51job.com/all/co243342.html
jobs.51job.com/all/co2565653.html
jobs.51job.com/all/co2495041.html
jobs.51job.com/all/co4438254.html
jobs.51job.com/all/co4889898.html
jobs.51job.com/all/co2743007.html
weizheng.51job.com
jobs.51job.com/all/co4869352.html
jobs.51job.com/all/co143367.html
jobs.51job.com/all/co3827456.html
jobs.51job.com/all/co4861709.html
jobs.51job.com/all/co4586842.html
jobs.51job.com/all/co2928309.html
jobs.51job.com/all/co4144910.html
jobs.51job.com/all/co4129520.html
jobs.51job.com/all/co4789106.html
jobs.51job.com/all/co3617751.html
jobs.51job.com/all/co3172713.html
jobs.51job.com/all/co4206970.html
jobs.51job.com/all/co4267034.html
jobs.51job.com/all/co1388826.html
jobs.51job.com/all/co3956507.html
jobs.51job.com/all/co2623771.html
jobs.51job.com/all/co2014501.html
jobs.51job.com/all/co4908443.html
jobs.51job.com/all/co4694469.html
jobs.51job.com/all/co4746270.html
jobs.51job.com/all/co2068291.html
jobs.51job.com/all/co2618148.html
jobs.51job.com/all/co926062.html
jobs.51job.com/all/co4573043.html
jobs.51job.com/all/co4688406.html
jobs.51job.com/all/co4163914.html
jobs.51job.com/all/co2771583.html
jobs.51job.com/all/co2898531.html
jobs.51job.com/all/co3450604.html
jobs.51job.com/all/co4239239.html
jobs.51job.com/all/co4929887.html
jobs.51job.com/all/co4632904.html
jobs.51job.com/all/co4540566.html
jobs.51job.com/all/co4028481.html
jobs.51job.com/all/co4947136.html
jobs.51job.com/all/co2539747.html
jobs.51job.com/all/co4846227.html
jobs.51job.com/all/co3163103.html
jobs.51job.com/all/co4865896.html
jobs.51job.com/all/co4833360.html
jobs.51job.com/all/co2898999.html
jobs.51job.com/all/co4528040.html
jobs.51job.com/all/co4251120.html
jobs.51job.com/all/co4852670.html
jobs.51job.com/all/co3420745.html
jobs.51job.com/all/co2381962.html
jobs.51job.com/all/co3975134.html
jobs.51job.com/all/co3531623.html
jobs.51job.com/all/co3555471.html
jobs.51job.com/all/co2395824.html
jobs.51job.com/all/co2454639.html
jobs.51job.com/all/co4604754.html
jobs.51job.com/all/co3747965.html
jobs.51job.com/all/co1175353.html
jobs.51job.com/all/co2838770.html
jobs.51job.com/all/co2574069.html
jobs.51job.com/all/co2726182.html
jobs.51job.com/all/co2495672.html
jobs.51job.com/all/co141918.html
jobs.51job.com/all/co2630239.html
jobs.51job.com/all/co111710.html
jobs.51job.com/all/co2771189.html
jobs.51job.com/all/co2586380.html
jobs.51job.com/all/co3646451.html
jobs.51job.com/all/co2470806.html
jobs.51job.com/all/co4022456.html
jobs.51job.com/all/co4946929.html
jobs.51job.com/all/co3416482.html
jobs.51job.com/all/co2289014.html
jobs.51job.com/all/co2673326.html
jobs.51job.com/all/co2668044.html
jobs.51job.com/all/co3886128.html
jobs.51job.com/all/co4309616.html
jobs.51job.com/all/co2397616.html
jobs.51job.com/all/co3648213.html
jobs.51job.com/all/co2882797.html
jobs.51job.com/all/co4938590.html
jobs.51job.com/all/co4946311.html
jobs.51job.com/all/co4926851.html
jobs.51job.com/all/co4701856.html
jobs.51job.com/all/co4038352.html
jobs.51job.com/all/co4208716.html
jobs.51job.com/all/co3564757.html
jobs.51job.com/all/co2907548.html
jobs.51job.com/all/co3141029.html
jobs.51job.com/all/co4935607.html
jobs.51job.com/all/co1339558.html
jobs.51job.com/all/co3980746.html
jobs.51job.com/all/co4546153.html
jobs.51job.com/all/co4775993.html
jobs.51job.com/all/co4525229.html
jobs.51job.com/all/co4149798.html
jobs.51job.com/all/co4489244.html
jobs.51job.com/all/co3289838.html
jobs.51job.com/all/co4867803.html
jobs.51job.com/all/co3465265.html
jobs.51job.com/all/co593405.html
jobs.51job.com/all/co4870880.html
jobs.51job.com/all/co4071301.html
jobs.51job.com/all/co3096755.html
jobs.51job.com/all/co4837843.html
jobs.51job.com/all/co3956062.html
jobs.51job.com/all/co4257778.html
jobs.51job.com/all/co484319.html
jobs.51job.com/all/co4031405.html
jobs.51job.com/all/co347570.html
jobs.51job.com/all/co4100507.html
jobs.51job.com/all/co3739174.html
jobs.51job.com/all/co2646477.html
jobs.51job.com/all/co322932.html
jobs.51job.com/all/co4656417.html
jobs.51job.com/all/co114531.html
jobs.51job.com/all/co2622778.html
jobs.51job.com/all/co3100213.html
jobs.51job.com/all/co4009824.html
jobs.51job.com/all/co4808674.html
jobs.51job.com/all/co1101380.html
jobs.51job.com/all/co3591097.html
jobs.51job.com/all/co4229685.html
jobs.51job.com/all/co4841584.html
jobs.51job.com/all/co2529250.html
jobs.51job.com/all/co2826536.html
jobs.51job.com/all/co3635309.html
jobs.51job.com/all/co4891083.html
jobs.51job.com/all/co4209427.html
jobs.51job.com/all/co2736338.html
jobs.51job.com/all/co2545440.html
jobs.51job.com/all/co4901496.html
jobs.51job.com/all/co782107.html
jobs.51job.com/all/co2055604.html
jobs.51job.com/all/co3444305.html
jobs.51job.com/all/co4231036.html
jobs.51job.com/all/co3573940.html
jobs.51job.com/all/co2582143.html
jobs.51job.com/all/co3170821.html
jobs.51job.com/all/co3151749.html
jobs.51job.com/all/co1993160.html
jobs.51job.com/all/co4421835.html
jobs.51job.com/all/co4009300.html
jobs.51job.com/all/co3282271.html
jobs.51job.com/all/co4925022.html
jobs.51job.com/all/co4487892.html
jobs.51job.com/all/co4189780.html
jobs.51job.com/all/co1203793.html
jobs.51job.com/all/co4868964.html
jobs.51job.com/all/co2618346.html
jobs.51job.com/all/co4570028.html
jobs.51job.com/all/co2321271.html
jobs.51job.com/all/co3488435.html
jobs.51job.com/all/co4508058.html
jobs.51job.com/all/co3077836.html
jobs.51job.com/all/co2779518.html
jobs.51job.com/all/co2471435.html
jobs.51job.com/all/co2582153.html
jobs.51job.com/all/co4148530.html
jobs.51job.com/all/co3965000.html
jobs.51job.com/all/co2240690.html
jobs.51job.com/all/co3761333.html
jobs.51job.com/all/co2743565.html
jobs.51job.com/all/co2147249.html
jobs.51job.com/all/co2383297.html
jobs.51job.com/all/co1628813.html
jobs.51job.com/all/co3580763.html
jobs.51job.com/all/co1648273.html
jobs.51job.com/all/co3496857.html
jobs.51job.com/all/co2610491.html
jobs.51job.com/all/co2936951.html
jobs.51job.com/all/co3905850.html
jobs.51job.com/all/co3473268.html
jobs.51job.com/all/co4308114.html
jobs.51job.com/all/co3574279.html
jobs.51job.com/all/co3108335.html
jobs.51job.com/all/co3972009.html
jobs.51job.com/all/co4915984.html
jobs.51job.com/all/co3459504.html
jobs.51job.com/all/co3809467.html
jobs.51job.com/all/co2159850.html
jobs.51job.com/all/co2540013.html
jobs.51job.com/all/co2271840.html
jobs.51job.com/all/co511313.html
jobs.51job.com/all/co3979453.html
jobs.51job.com/all/co2579917.html
jobs.51job.com/all/co3686474.html
jobs.51job.com/all/co4756740.html
jobs.51job.com/all/co3580203.html
jobs.51job.com/all/co2377016.html
jobs.51job.com/all/co4775465.html
jobs.51job.com/all/co4091050.html
jobs.51job.com/all/co3268827.html
jobs.51job.com/all/co4209578.html
jobs.51job.com/all/co2704518.html
jobs.51job.com/all/co242222.html
jobs.51job.com/all/co3195700.html
jobs.51job.com/all/co3688162.html
jobs.51job.com/all/co4152318.html
jobs.51job.com/all/co4527163.html
jobs.51job.com/all/co3198084.html
jobs.51job.com/all/co4806457.html
jobs.51job.com/all/co1750274.html
jobs.51job.com/all/co2311086.html
jobs.51job.com/all/co4789502.html
jobs.51job.com/all/co1018203.html
jobs.51job.com/all/co3172581.html
jobs.51job.com/all/co4933193.html
jobs.51job.com/all/co2431068.html
jobs.51job.com/all/co569895.html
jobs.51job.com/all/co3414020.html
jobs.51job.com/all/co3348700.html
jobs.51job.com/all/co2672113.html
jobs.51job.com/all/co3901270.html
jobs.51job.com/all/co4248928.html
jobs.51job.com/all/co3900583.html
jobs.51job.com/all/co3879211.html
jobs.51job.com/all/co4145445.html
jobs.51job.com/all/co2658779.html
jobs.51job.com/all/co4113685.html
jobs.51job.com/all/co2872038.html
jobs.51job.com/all/co682235.html
jobs.51job.com/all/co4865704.html
jobs.51job.com/all/co4627249.html
jobs.51job.com/all/co1067.html
jobs.51job.com/all/co4316187.html
jobs.51job.com/all/co2806438.html
jobs.51job.com/all/co2823100.html
jobs.51job.com/all/co4617351.html
jobs.51job.com/all/co4321211.html
jobs.51job.com/all/co4657219.html
jobs.51job.com/all/co4018576.html
jobs.51job.com/all/co796776.html
jobs.51job.com/all/co3481915.html
jobs.51job.com/all/co2262047.html
jobs.51job.com/all/co1366757.html
jobs.51job.com/all/co4911889.html
jobs.51job.com/all/co4747994.html
jobs.51job.com/all/co1224397.html
jobs.51job.com/all/co3105189.html
jobs.51job.com/all/co3459105.html
jobs.51job.com/all/co4021604.html
jobs.51job.com/all/co3273328.html
jobs.51job.com/all/co3052176.html
jobs.51job.com/all/co4585421.html
jobs.51job.com/all/co4883190.html
jobs.51job.com/all/co3225720.html
jobs.51job.com/all/co3873109.html
jobs.51job.com/all/co4225231.html
jobs.51job.com/all/co3397246.html
jobs.51job.com/all/co4701174.html
jobs.51job.com/all/co3690835.html
jobs.51job.com/all/co198654.html
jobs.51job.com/all/co4790121.html
jobs.51job.com/all/co3154531.html
jobs.51job.com/all/co4349752.html
jobs.51job.com/all/co4474821.html
jobs.51job.com/all/co3939677.html
jobs.51job.com/all/co2512336.html
jobs.51job.com/all/co198906.html
jobs.51job.com/all/co4446545.html
jobs.51job.com/all/co4834706.html
jobs.51job.com/all/co316507.html
jobs.51job.com/all/co3132373.html
jobs.51job.com/all/co2569061.html
jobs.51job.com/all/co2564963.html
jobs.51job.com/all/co4694872.html
jobs.51job.com/all/co4912837.html
jobs.51job.com/all/co2737802.html
jobs.51job.com/all/co4868378.html
jobs.51job.com/all/co2246051.html
jobs.51job.com/all/co4208551.html
jobs.51job.com/all/co3834445.html
jobs.51job.com/all/co3325468.html
jobs.51job.com/all/co4867928.html
jobs.51job.com/all/co2962770.html
jobs.51job.com/all/co2997751.html
jobs.51job.com/all/co4304434.html
jobs.51job.com/all/co4331430.html
jobs.51job.com/all/co4323504.html
jobs.51job.com/all/co726992.html
jobs.51job.com/all/co4325969.html
jobs.51job.com/all/co2210539.html
jobs.51job.com/all/co3369004.html
jobs.51job.com/all/co2652609.html
jobs.51job.com/all/co4649153.html
jobs.51job.com/all/co1414424.html
jobs.51job.com/all/co2898914.html
jobs.51job.com/all/co3415513.html
jobs.51job.com/all/co3496183.html
jobs.51job.com/all/co3617006.html
jobs.51job.com/all/co3520063.html
jobs.51job.com/all/co139663.html
jobs.51job.com/all/co3280145.html
jobs.51job.com/all/co4280592.html
jobs.51job.com/all/co3577709.html
jobs.51job.com/all/co4527101.html
jobs.51job.com/all/co3886577.html
jobs.51job.com/all/co4203151.html
jobs.51job.com/all/co4642143.html
jobs.51job.com/all/co2247867.html
jobs.51job.com/all/co4766389.html
jobs.51job.com/all/co2554037.html
jobs.51job.com/all/co2789755.html
jobs.51job.com/all/co3138320.html
jobs.51job.com/all/co4898134.html
jobs.51job.com/all/co4897312.html
jobs.51job.com/all/co4478322.html
jobs.51job.com/all/co156141.html
jobs.51job.com/all/co4749583.html
jobs.51job.com/all/co4781517.html
jobs.51job.com/all/co4540932.html
jobs.51job.com/all/co3894760.html
jobs.51job.com/all/co2740526.html
jobs.51job.com/all/co4765366.html
jobs.51job.com/all/co3707197.html
jobs.51job.com/all/co4466135.html
jobs.51job.com/all/co3722506.html
jobs.51job.com/all/co4243346.html
jobs.51job.com/all/co4613340.html
jobs.51job.com/all/co3110732.html
jobs.51job.com/all/co2826138.html
jobs.51job.com/all/co2583163.html
jobs.51job.com/all/co3508917.html
jobs.51job.com/all/co2460539.html
jobs.51job.com/all/co4684724.html
jobs.51job.com/all/co2567042.html
jobs.51job.com/all/co4282478.html
jobs.51job.com/all/co3922217.html
jobs.51job.com/all/co3823739.html
jobs.51job.com/all/co102126.html
jobs.51job.com/all/co121065.html
jobs.51job.com/all/co4585439.html
jobs.51job.com/all/co4366463.html
jobs.51job.com/all/co4071763.html
jobs.51job.com/all/co4794988.html
jobs.51job.com/all/co4556883.html
jobs.51job.com/all/co4542350.html
jobs.51job.com/all/co2934287.html
jobs.51job.com/all/co3575916.html
jobs.51job.com/all/co4628780.html
jobs.51job.com/all/co2898951.html
jobs.51job.com/all/co3221326.html
jobs.51job.com/all/co2676295.html
jobs.51job.com/all/co4655075.html
jobs.51job.com/all/co3291960.html
jobs.51job.com/all/co4282472.html
jobs.51job.com/all/co4871180.html
jobs.51job.com/all/co4789190.html
jobs.51job.com/all/co3257578.html
jobs.51job.com/all/co191452.html
jobs.51job.com/all/co3874083.html
jobs.51job.com/all/co2656074.html
jobs.51job.com/all/co297249.html
jobs.51job.com/all/co135210.html
jobs.51job.com/all/co4078116.html
jobs.51job.com/all/co2303101.html
jobs.51job.com/all/co3195118.html
jobs.51job.com/all/co3573800.html
jobs.51job.com/all/co2217191.html
jobs.51job.com/all/co4524874.html
jobs.51job.com/all/co3606391.html
jobs.51job.com/all/co1991726.html
jobs.51job.com/all/co2236117.html
jobs.51job.com/all/co2126349.html
jobs.51job.com/all/co3781455.html
jobs.51job.com/all/co217711.html
jobs.51job.com/all/co3755791.html
jobs.51job.com/all/co3081883.html
jobs.51job.com/all/co3780113.html
jobs.51job.com/all/co4403350.html
jobs.51job.com/all/co2968295.html
jobs.51job.com/all/co3858703.html
jobs.51job.com/all/co2664423.html
jobs.51job.com/all/co4582165.html
jobs.51job.com/all/co3242217.html
jobs.51job.com/all/co4206765.html
jobs.51job.com/all/co3119679.html
jobs.51job.com/all/co4093129.html
jobs.51job.com/all/co2587746.html
jobs.51job.com/all/co4147410.html
jobs.51job.com/all/co2397646.html
jobs.51job.com/all/co1791821.html
jobs.51job.com/all/co4683042.html
jobs.51job.com/all/co2220020.html
jobs.51job.com/all/co2946778.html
jobs.51job.com/all/co3740766.html
jobs.51job.com/all/co4329639.html
jobs.51job.com/all/co4769512.html
jobs.51job.com/all/co4422494.html
jobs.51job.com/all/co3941238.html
jobs.51job.com/all/co3737246.html
jobs.51job.com/all/co4096880.html
jobs.51job.com/all/co2579460.html
jobs.51job.com/all/co2559311.html
jobs.51job.com/all/co2917937.html
jobs.51job.com/all/co4108409.html
jobs.51job.com/all/co2238810.html
jobs.51job.com/all/co200859.html
jobs.51job.com/all/co3728272.html
jobs.51job.com/all/co4804071.html
jobs.51job.com/all/co4747362.html
jobs.51job.com/all/co1493454.html
jobs.51job.com/all/co3596316.html
jobs.51job.com/all/co2619076.html
jobs.51job.com/all/co4008128.html
jobs.51job.com/all/co2833710.html
jobs.51job.com/all/co2226150.html
jobs.51job.com/all/co319034.html
jobs.51job.com/all/co3628305.html
jobs.51job.com/all/co2620287.html
jobs.51job.com/all/co4664256.html
jobs.51job.com/all/co3544125.html
jobs.51job.com/all/co792313.html
jobs.51job.com/all/co4556568.html
jobs.51job.com/all/co3249200.html
jobs.51job.com/all/co2635447.html
jobs.51job.com/all/co2949754.html
jobs.51job.com/all/co2929137.html
jobs.51job.com/all/co3349459.html
jobs.51job.com/all/co2398302.html
jobs.51job.com/all/co4771880.html
jobs.51job.com/all/co242296.html
jobs.51job.com/all/co2865526.html
jobs.51job.com/all/co2738702.html
jobs.51job.com/all/co152158.html
jobs.51job.com/all/co2979237.html
jobs.51job.com/all/co2724232.html
jobs.51job.com/all/co4567585.html
jobs.51job.com/all/co2517152.html
jobs.51job.com/all/co3431614.html
jobs.51job.com/all/co3594872.html
jobs.51job.com/all/co4331883.html
jobs.51job.com/all/co2219454.html
jobs.51job.com/all/co4474759.html
jobs.51job.com/all/co3610032.html
jobs.51job.com/all/co4764935.html
jobs.51job.com/all/co3328961.html
jobs.51job.com/all/co4655570.html
jobs.51job.com/all/co4226852.html
jobs.51job.com/all/co2679183.html
jobs.51job.com/all/co3540781.html
jobs.51job.com/all/co633701.html
jobs.51job.com/all/co2390934.html
jobs.51job.com/all/co2862449.html
jobs.51job.com/all/co2765802.html
jobs.51job.com/all/co308862.html
jobs.51job.com/all/co4935831.html
jobs.51job.com/all/co4869305.html
jobs.51job.com/all/co4895106.html
jobs.51job.com/all/co221969.html
jobs.51job.com/all/co3791449.html
jobs.51job.com/all/co2704771.html
jobs.51job.com/all/co3219468.html
jobs.51job.com/all/co3692537.html
jobs.51job.com/all/co2314437.html
jobs.51job.com/all/co3601868.html
jobs.51job.com/all/co4770818.html
jobs.51job.com/all/co4479213.html
jobs.51job.com/all/co3962512.html
jobs.51job.com/all/co4363646.html
jobs.51job.com/all/co1554031.html
jobs.51job.com/all/co4620003.html
jobs.51job.com/all/co3596063.html
jobs.51job.com/all/co307597.html
jobs.51job.com/all/co3853131.html
jobs.51job.com/all/co184057.html
jobs.51job.com/all/co3936080.html
jobs.51job.com/all/co164261.html
jobs.51job.com/all/co7333.html
jobs.51job.com/all/co3122961.html
jobs.51job.com/all/co2717944.html
jobs.51job.com/all/co3751487.html
jobs.51job.com/all/co3475518.html
jobs.51job.com/all/co2874193.html
jobs.51job.com/all/co2866386.html
jobs.51job.com/all/co3293134.html
jobs.51job.com/all/co4540779.html
jobs.51job.com/all/co3049183.html
jobs.51job.com/all/co2501944.html
jobs.51job.com/all/co4154952.html
jobs.51job.com/all/co3901754.html
jobs.51job.com/all/co2493150.html
jobs.51job.com/all/co3687199.html
jobs.51job.com/all/co2614885.html
jobs.51job.com/all/co2753384.html
jobs.51job.com/all/co4753679.html
jobs.51job.com/all/co4243044.html
jobs.51job.com/all/co4793010.html
jobs.51job.com/all/co2904174.html
jobs.51job.com/all/co4634980.html
jobs.51job.com/all/co2568950.html
jobs.51job.com/all/co3230803.html
jobs.51job.com/all/co4347684.html
jobs.51job.com/all/co4489629.html
jobs.51job.com/all/co2581887.html
jobs.51job.com/all/co4098930.html
jobs.51job.com/all/co4540486.html
jobs.51job.com/all/co1987073.html
jobs.51job.com/all/co4922107.html
jobs.51job.com/all/co4399785.html
jobs.51job.com/all/co4920623.html
jobs.51job.com/all/co2813177.html
jobs.51job.com/all/co252094.html
jobs.51job.com/all/co3061754.html
jobs.51job.com/all/co3260395.html
jobs.51job.com/all/co4812227.html
jobs.51job.com/all/co4415392.html
jobs.51job.com/all/co2201607.html
jobs.51job.com/all/co3645320.html
jobs.51job.com/all/co4153506.html
jobs.51job.com/all/co4477755.html
jobs.51job.com/all/co2036644.html
jobs.51job.com/all/co154372.html
jobs.51job.com/all/co4752906.html
jobs.51job.com/all/co3880878.html
jobs.51job.com/all/co3414655.html
jobs.51job.com/all/co3428169.html
jobs.51job.com/all/co238220.html
jobs.51job.com/all/co2805678.html
jobs.51job.com/all/co4868643.html
jobs.51job.com/all/co4371684.html
jobs.51job.com/all/co316519.html
meituan.51job.com
jobs.51job.com/all/co3986601.html
jobs.51job.com/all/co2830600.html
jobs.51job.com/all/co3498518.html
jobs.51job.com/all/co4866804.html
jobs.51job.com/all/co3277807.html
jobs.51job.com/all/co4290698.html
jobs.51job.com/all/co2591761.html
jobs.51job.com/all/co4670762.html
jobs.51job.com/all/co2401527.html
jobs.51job.com/all/co3092675.html
jobs.51job.com/all/co367897.html
jobs.51job.com/all/co3423873.html
jobs.51job.com/all/co4176610.html
jobs.51job.com/all/co4945227.html
jobs.51job.com/all/co4370171.html
jobs.51job.com/all/co2722109.html
jobs.51job.com/all/co3503015.html
jobs.51job.com/all/co3256826.html
jobs.51job.com/all/co2788956.html
jobs.51job.com/all/co3651206.html
jobs.51job.com/all/co3470735.html
jobs.51job.com/all/co2650745.html
jobs.51job.com/all/co4619527.html
jobs.51job.com/all/co4664573.html
jobs.51job.com/all/co3856827.html
jobs.51job.com/all/co3602959.html
jobs.51job.com/all/co4304519.html
jobs.51job.com/all/co4939957.html
jobs.51job.com/all/co3153328.html
jobs.51job.com/all/co4876852.html
jobs.51job.com/all/co2672971.html
jobs.51job.com/all/co3875660.html
jobs.51job.com/all/co3584031.html
jobs.51job.com/all/co2663763.html
jobs.51job.com/all/co4760670.html
jobs.51job.com/all/co4329214.html
jobs.51job.com/all/co692691.html
jobs.51job.com/all/co4626770.html
jobs.51job.com/all/co2532835.html
jobs.51job.com/all/co2820594.html
jobs.51job.com/all/co4175699.html
jobs.51job.com/all/co4493029.html
jobs.51job.com/all/co2913486.html
jobs.51job.com/all/co2006614.html
jobs.51job.com/all/co3271279.html
jobs.51job.com/all/co4155588.html
jobs.51job.com/all/co4723713.html
jobs.51job.com/all/co4148459.html
jobs.51job.com/all/co3764142.html
jobs.51job.com/all/co2556693.html
jobs.51job.com/all/co134495.html
jobs.51job.com/all/co4453662.html
jobs.51job.com/all/co4523099.html
jobs.51job.com/all/co2576242.html
jobs.51job.com/all/co2644281.html
jobs.51job.com/all/co4402969.html
jobs.51job.com/all/co2800232.html
jobs.51job.com/all/co4313663.html
jobs.51job.com/all/co2234206.html
jobs.51job.com/all/co2216356.html
jobs.51job.com/all/co3535200.html
jobs.51job.com/all/co2734472.html
jobs.51job.com/all/co4494289.html
jobs.51job.com/all/co4915537.html
jobs.51job.com/all/co2056590.html
jobs.51job.com/all/co3383986.html
jobs.51job.com/all/co4802691.html
jobs.51job.com/all/co4218542.html
jobs.51job.com/all/co4453267.html
jobs.51job.com/all/co1575.html
jobs.51job.com/all/co2708888.html
jobs.51job.com/all/co3505965.html
jobs.51job.com/all/co2448041.html
jobs.51job.com/all/co2642482.html
jobs.51job.com/all/co3672642.html
jobs.51job.com/all/co4404682.html
jobs.51job.com/all/co4101897.html
jobs.51job.com/all/co3912845.html
jobs.51job.com/all/co3403393.html
jobs.51job.com/all/co4663107.html
jobs.51job.com/all/co2629562.html
jobs.51job.com/all/co4103367.html
jobs.51job.com/all/co3333410.html
jobs.51job.com/all/co4287755.html
jobs.51job.com/all/co4045471.html
jobs.51job.com/all/co2659906.html
jobs.51job.com/all/co3087437.html
jobs.51job.com/all/co3947221.html
jobs.51job.com/all/co3326524.html
jobs.51job.com/all/co4157954.html
jobs.51job.com/all/co2640402.html
jobs.51job.com/all/co3047126.html
jobs.51job.com/all/co2821398.html
jobs.51job.com/all/co1471406.html
jobs.51job.com/all/co225328.html
jobs.51job.com/all/co2407058.html
jobs.51job.com/all/co4382427.html
jobs.51job.com/all/co2559552.html
jobs.51job.com/all/co2736420.html
jobs.51job.com/all/co2256192.html
jobs.51job.com/all/co4343835.html
jobs.51job.com/all/co4829671.html
jobs.51job.com/all/co2747984.html
jobs.51job.com/all/co4613545.html
jobs.51job.com/all/co2486862.html
jobs.51job.com/all/co4823925.html
jobs.51job.com/all/co2771511.html
jobs.51job.com/all/co3258559.html
jobs.51job.com/all/co3428886.html
jobs.51job.com/all/co3609978.html
jobs.51job.com/all/co2708189.html
jobs.51job.com/all/co3737117.html
jobs.51job.com/all/co2708950.html
jobs.51job.com/all/co4792923.html
jobs.51job.com/all/co3809259.html
jobs.51job.com/all/co3472235.html
jobs.51job.com/all/co2646469.html
jobs.51job.com/all/co2486039.html
jobs.51job.com/all/co3024374.html
jobs.51job.com/all/co3264089.html
jobs.51job.com/all/co1989369.html
jobs.51job.com/all/co2747520.html
jobs.51job.com/all/co212516.html
jobs.51job.com/all/co4448854.html
jobs.51job.com/all/co4842238.html
jobs.51job.com/all/co4145876.html
jobs.51job.com/all/co2542035.html
jobs.51job.com/all/co3445800.html
jobs.51job.com/all/co3962097.html
jobs.51job.com/all/co4867568.html
jobs.51job.com/all/co3358527.html
jobs.51job.com/all/co3545499.html
jobs.51job.com/all/co3307356.html
jobs.51job.com/all/co2569189.html
jobs.51job.com/all/co4810107.html
jobs.51job.com/all/co3109113.html
jobs.51job.com/all/co4859225.html
jobs.51job.com/all/co2039807.html
jobs.51job.com/all/co3821756.html
jobs.51job.com/all/co3781916.html
jobs.51job.com/all/co554707.html
jobs.51job.com/all/co4331987.html
jobs.51job.com/all/co3667214.html
jobs.51job.com/all/co240401.html
jobs.51job.com/all/co4518679.html
jobs.51job.com/all/co3965993.html
jobs.51job.com/all/co2961632.html
jobs.51job.com/all/co1007881.html
jobs.51job.com/all/co195653.html
jobs.51job.com/all/co2870787.html
jobs.51job.com/all/co2326531.html
jobs.51job.com/all/co4111374.html
jobs.51job.com/all/co2672007.html
jobs.51job.com/all/co3966594.html
jobs.51job.com/all/co1988029.html
jobs.51job.com/all/co4598636.html
jobs.51job.com/all/co3891300.html
jobs.51job.com/all/co3696435.html
jobs.51job.com/all/co1991749.html
jobs.51job.com/all/co2529907.html
jobs.51job.com/all/co3251552.html
jobs.51job.com/all/co1470757.html
jobs.51job.com/all/co1332755.html
jobs.51job.com/all/co4865922.html
jobs.51job.com/all/co2891120.html
jobs.51job.com/all/co4877659.html
jobs.51job.com/all/co3179815.html
jobs.51job.com/all/co3874514.html
jobs.51job.com/all/co2958152.html
jobs.51job.com/all/co3393010.html
jobs.51job.com/all/co3837444.html
jobs.51job.com/all/co2909067.html
jobs.51job.com/all/co4863635.html
jobs.51job.com/all/co4463722.html
jobs.51job.com/all/co3819153.html
jobs.51job.com/all/co2225467.html
jobs.51job.com/all/co3230101.html
jobs.51job.com/all/co112266.html
jobs.51job.com/all/co2969529.html
jobs.51job.com/all/co2208023.html
jobs.51job.com/all/co3784162.html
jobs.51job.com/all/co2421197.html
jobs.51job.com/all/co2125798.html
jobs.51job.com/all/co4949771.html
jobs.51job.com/all/co3014499.html
jobs.51job.com/all/co2440000.html
jobs.51job.com/all/co4852249.html
jobs.51job.com/all/co3984499.html
jobs.51job.com/all/co3440506.html
jobs.51job.com/all/co4619718.html
jobs.51job.com/all/co3129249.html
jobs.51job.com/all/co3865123.html
jobs.51job.com/all/co4518046.html
jobs.51job.com/all/co2662289.html
jobs.51job.com/all/co2622869.html
jobs.51job.com/all/co4919159.html
jobs.51job.com/all/co2858490.html
jobs.51job.com/all/co2018758.html
jobs.51job.com/all/co4564793.html
jobs.51job.com/all/co4748897.html
jobs.51job.com/all/co3609664.html
jobs.51job.com/all/co3964148.html
jobs.51job.com/all/co3711929.html
jobs.51job.com/all/co2563956.html
jobs.51job.com/all/co4725175.html
jobs.51job.com/all/co2746700.html
jobs.51job.com/all/co3383001.html
jobs.51job.com/all/co4344428.html
jobs.51job.com/all/co498020.html
jobs.51job.com/all/co831365.html
jobs.51job.com/all/co2861274.html
jobs.51job.com/all/co2302852.html
jobs.51job.com/all/co4576595.html
jobs.51job.com/all/co4862294.html
jobs.51job.com/all/co3089554.html
jobs.51job.com/all/co2796785.html
jobs.51job.com/all/co4016613.html
jobs.51job.com/all/co2786909.html
jobs.51job.com/all/co4621936.html
jobs.51job.com/all/co4870847.html
jobs.51job.com/all/co4849875.html
jobs.51job.com/all/co1739853.html
jobs.51job.com/all/co3924150.html
jobs.51job.com/all/co2295842.html
jobs.51job.com/all/co4393397.html
jobs.51job.com/all/co3890943.html
jobs.51job.com/all/co3872847.html
jobs.51job.com/all/co4360986.html
jobs.51job.com/all/co3226252.html
jobs.51job.com/all/co3597846.html
jobs.51job.com/all/co4482445.html
jobs.51job.com/all/co4612840.html
jobs.51job.com/all/co4290118.html
jobs.51job.com/all/co4818715.html
jobs.51job.com/all/co4892504.html
jobs.51job.com/all/co2559840.html
jobs.51job.com/all/co4503638.html
jobs.51job.com/all/co2338021.html
jobs.51job.com/all/co3438745.html
jobs.51job.com/all/co3731763.html
jobs.51job.com/all/co3768393.html
jobs.51job.com/all/co3994050.html
jobs.51job.com/all/co4228688.html
jobs.51job.com/all/co2097307.html
jobs.51job.com/all/co3785432.html
jobs.51job.com/all/co1995680.html
jobs.51job.com/all/co4237103.html
jobs.51job.com/all/co3890468.html
jobs.51job.com/all/co3544232.html
jobs.51job.com/all/co3877132.html
jobs.51job.com/all/co4908120.html
jobs.51job.com/all/co4562692.html
jobs.51job.com/all/co4187393.html
jobs.51job.com/all/co4294024.html
jobs.51job.com/all/co4441655.html
jobs.51job.com/all/co4605858.html
jobs.51job.com/all/co4224051.html
jobs.51job.com/all/co3588430.html
jobs.51job.com/all/co3347192.html
jobs.51job.com/all/co4542233.html
jobs.51job.com/all/co2422810.html
jobs.51job.com/all/co4604271.html
jobs.51job.com/all/co4412336.html
jobs.51job.com/all/co4723892.html
jobs.51job.com/all/co4395823.html
jobs.51job.com/all/co3302555.html
jobs.51job.com/all/co2573211.html
jobs.51job.com/all/co2954596.html
jobs.51job.com/all/co2731965.html
jobs.51job.com/all/co3969096.html
jobs.51job.com/all/co2912588.html
jobs.51job.com/all/co4805167.html
jobs.51job.com/all/co3465736.html
jobs.51job.com/all/co3833785.html
jobs.51job.com/all/co4105390.html
jobs.51job.com/all/co3642611.html
jobs.51job.com/all/co4868666.html
jobs.51job.com/all/co4832473.html
jobs.51job.com/all/co964818.html
jobs.51job.com/all/co3176654.html
jobs.51job.com/all/co3625041.html
jobs.51job.com/all/co4780810.html
jobs.51job.com/all/co2084407.html
jobs.51job.com/all/co1614281.html
jobs.51job.com/all/co3316430.html
jobs.51job.com/all/co4929470.html
jobs.51job.com/all/co2215360.html
jobs.51job.com/all/co4636316.html
jobs.51job.com/all/co3029034.html
jobs.51job.com/all/co308336.html
jobs.51job.com/all/co4534202.html
jobs.51job.com/all/co4821394.html
jobs.51job.com/all/co3861607.html
jobs.51job.com/all/co2651701.html
jobs.51job.com/all/co3426148.html
jobs.51job.com/all/co3068527.html
jobs.51job.com/all/co3183576.html
jobs.51job.com/all/co4913989.html
jobs.51job.com/all/co4414688.html
jobs.51job.com/all/co4727874.html
jobs.51job.com/all/co4888468.html
jobs.51job.com/all/co4312280.html
jobs.51job.com/all/co2618500.html
jobs.51job.com/all/co3321829.html
jobs.51job.com/all/co3885299.html
jobs.51job.com/all/co2777759.html
jobs.51job.com/all/co3321029.html
jobs.51job.com/all/co3926751.html
jobs.51job.com/all/co4356743.html
jobs.51job.com/all/co4346810.html
jobs.51job.com/all/co4585369.html
jobs.51job.com/all/co2581875.html
jobs.51job.com/all/co2577067.html
jobs.51job.com/all/co4587249.html
jobs.51job.com/all/co101900.html
jobs.51job.com/all/co3150456.html
jobs.51job.com/all/co248021.html
jobs.51job.com/all/co2855157.html
jobs.51job.com/all/co212700.html
jobs.51job.com/all/co2376346.html
jobs.51job.com/all/co4639616.html
jobs.51job.com/all/co2214168.html
jobs.51job.com/all/co3482941.html
jobs.51job.com/all/co4572758.html
jobs.51job.com/all/co3273192.html
jobs.51job.com/all/co3505200.html
jobs.51job.com/all/co3185874.html
jobs.51job.com/all/co4414663.html
jobs.51job.com/all/co3886174.html
jobs.51job.com/all/co669776.html
jobs.51job.com/all/co4171366.html
jobs.51job.com/all/co3172779.html
jobs.51job.com/all/co2479587.html
jobs.51job.com/all/co4426970.html
jobs.51job.com/all/co3830375.html
jobs.51job.com/all/co4457289.html
jobs.51job.com/all/co132075.html
jobs.51job.com/all/co4925210.html
jobs.51job.com/all/co4919298.html
jobs.51job.com/all/co3922149.html
jobs.51job.com/all/co2548086.html
jobs.51job.com/all/co4002302.html
jobs.51job.com/all/co3047825.html
jobs.51job.com/all/co4930082.html
jobs.51job.com/all/co3962356.html
jobs.51job.com/all/co2386899.html
jobs.51job.com/all/co3998513.html
jobs.51job.com/all/co2897647.html
jobs.51job.com/all/co3356817.html
jobs.51job.com/all/co3717427.html
jobs.51job.com/all/co3059351.html
jobs.51job.com/all/co3403359.html
jobs.51job.com/all/co2776677.html
jobs.51job.com/all/co2755238.html
jobs.51job.com/all/co2870202.html
jobs.51job.com/all/co4847596.html
jobs.51job.com/all/co2062573.html
jobs.51job.com/all/co3970035.html
jobs.51job.com/all/co4116059.html
jobs.51job.com/all/co4008701.html
jobs.51job.com/all/co2244822.html
jobs.51job.com/all/co2298140.html
jobs.51job.com/all/co4616335.html
jobs.51job.com/all/co4717992.html
jobs.51job.com/all/co3425893.html
jobs.51job.com/all/co4110938.html
jobs.51job.com/all/co4298666.html
jobs.51job.com/all/co4371797.html
jobs.51job.com/all/co3038321.html
jobs.51job.com/all/co4496632.html
jobs.51job.com/all/co1164293.html
jobs.51job.com/all/co3819622.html
jobs.51job.com/all/co4044278.html
jobs.51job.com/all/co909283.html
jobs.51job.com/all/co2643065.html
jobs.51job.com/all/co3221180.html
jobs.51job.com/all/co2599096.html
jobs.51job.com/all/co3647298.html
jobs.51job.com/all/co2373187.html
jobs.51job.com/all/co2352759.html
jobs.51job.com/all/co4661121.html
jobs.51job.com/all/co3797617.html
jobs.51job.com/all/co490413.html
jobs.51job.com/all/co2760013.html
jobs.51job.com/all/co2321601.html
jobs.51job.com/all/co4903745.html
jobs.51job.com/all/co2048598.html
jobs.51job.com/all/co2306734.html
jobs.51job.com/all/co2407300.html
jobs.51job.com/all/co2390874.html
jobs.51job.com/all/co2863495.html
jobs.51job.com/all/co2306576.html
jobs.51job.com/all/co4360745.html
jobs.51job.com/all/co541301.html
jobs.51job.com/all/co4871364.html
jobs.51job.com/all/co312504.html
jobs.51job.com/all/co4772690.html
jobs.51job.com/all/co4815947.html
jobs.51job.com/all/co3716488.html
jobs.51job.com/all/co4832975.html
jobs.51job.com/all/co665706.html
jobs.51job.com/all/co4934778.html
jobs.51job.com/all/co3762220.html
jobs.51job.com/all/co4924180.html
jobs.51job.com/all/co2758583.html
jobs.51job.com/all/co3013355.html
jobs.51job.com/all/co3412511.html
jobs.51job.com/all/co2549865.html
jobs.51job.com/all/co4193174.html
jobs.51job.com/all/co3754267.html
jobs.51job.com/all/co4604372.html
jobs.51job.com/all/co3485836.html
jobs.51job.com/all/co4029489.html
jobs.51job.com/all/co4408479.html
jobs.51job.com/all/co2712916.html
jobs.51job.com/all/co4603215.html
jobs.51job.com/all/co2219414.html
jobs.51job.com/all/co3952390.html
jobs.51job.com/all/co520787.html
jobs.51job.com/all/co4914801.html
jobs.51job.com/all/co2586963.html
jobs.51job.com/all/co4330196.html
jobs.51job.com/all/co3879417.html
jobs.51job.com/all/co4492501.html
jobs.51job.com/all/co2757922.html
jobs.51job.com/all/co3458442.html
jobs.51job.com/all/co3794556.html
jobs.51job.com/all/co4481601.html
jobs.51job.com/all/co3231320.html
jobs.51job.com/all/co2520156.html
jobs.51job.com/all/co4680966.html
jobs.51job.com/all/co3081410.html
jobs.51job.com/all/co4334855.html
jobs.51job.com/all/co4843796.html
jobs.51job.com/all/co3096328.html
jobs.51job.com/all/co4322079.html
jobs.51job.com/all/co3612926.html
jobs.51job.com/all/co3818179.html
jobs.51job.com/all/co4322358.html
jobs.51job.com/all/co4726241.html
jobs.51job.com/all/co4356742.html
jobs.51job.com/all/co3971945.html
jobs.51job.com/all/co3927435.html
jobs.51job.com/all/co4835775.html
jobs.51job.com/all/co108009.html
jobs.51job.com/all/co4734977.html
jobs.51job.com/all/co4860565.html
jobs.51job.com/all/co3952903.html
jobs.51job.com/all/co2092947.html
jobs.51job.com/all/co4835598.html
jobs.51job.com/all/co3703245.html
jobs.51job.com/all/co465445.html
jobs.51job.com/all/co3063984.html
jobs.51job.com/all/co3567250.html
tusholdings.51job.com
jobs.51job.com/all/co4885170.html
jobs.51job.com/all/co3699605.html
jobs.51job.com/all/co3660508.html
jobs.51job.com/all/co4667837.html
jobs.51job.com/all/co3154474.html
jobs.51job.com/all/co4564838.html
jobs.51job.com/all/co3470163.html
jobs.51job.com/all/co4064763.html
jobs.51job.com/all/co2621261.html
jobs.51job.com/all/co4861202.html
jobs.51job.com/all/co4133334.html
jobs.51job.com/all/co2957388.html
jobs.51job.com/all/co4915783.html
jobs.51job.com/all/co2449741.html
jobs.51job.com/all/co2754617.html
jobs.51job.com/all/co2296413.html
jobs.51job.com/all/co4491614.html
jobs.51job.com/all/co2947448.html
jobs.51job.com/all/co2433076.html
jobs.51job.com/all/co161060.html
jobs.51job.com/all/co4040454.html
jobs.51job.com/all/co1295138.html
jobs.51job.com/all/co2336795.html
jobs.51job.com/all/co4318676.html
jobs.51job.com/all/co3025182.html
jobs.51job.com/all/co3495159.html
jobs.51job.com/all/co2741236.html
jobs.51job.com/all/co3202803.html
jobs.51job.com/all/co4338700.html
jobs.51job.com/all/co4207038.html
jobs.51job.com/all/co2517030.html
jobs.51job.com/all/co3945328.html
jobs.51job.com/all/co3867806.html
jobs.51job.com/all/co3976298.html
jobs.51job.com/all/co4764372.html
jobs.51job.com/all/co3876410.html
jobs.51job.com/all/co2970391.html
jobs.51job.com/all/co277483.html
jobs.51job.com/all/co2554988.html
jobs.51job.com/all/co3975138.html
jobs.51job.com/all/co2719521.html
jobs.51job.com/all/co3942962.html
jobs.51job.com/all/co2811703.html
jobs.51job.com/all/co4292984.html
jobs.51job.com/all/co3995787.html
jobs.51job.com/all/co4454869.html
jobs.51job.com/all/co2612553.html
jobs.51job.com/all/co4242932.html
jobs.51job.com/all/co4368269.html
jobs.51job.com/all/co4515462.html
jobs.51job.com/all/co2630186.html
jobs.51job.com/all/co438409.html
jobs.51job.com/all/co4690105.html
jobs.51job.com/all/co3210418.html
jobs.51job.com/all/co2873751.html
jobs.51job.com/all/co2560820.html
jobs.51job.com/all/co3860541.html
jobs.51job.com/all/co3580238.html
jobs.51job.com/all/co2965338.html
jobs.51job.com/all/co205825.html
jobs.51job.com/all/co2902989.html
jobs.51job.com/all/co4533989.html
jobs.51job.com/all/co3665552.html
jobs.51job.com/all/co3404231.html
jobs.51job.com/all/co4516251.html
jobs.51job.com/all/co4316909.html
jobs.51job.com/all/co3074225.html
jobs.51job.com/all/co4826260.html
jobs.51job.com/all/co2158807.html
jobs.51job.com/all/co3015816.html
jobs.51job.com/all/co4604851.html
jobs.51job.com/all/co2798260.html
jobs.51job.com/all/co4856354.html
jobs.51job.com/all/co3040275.html
jobs.51job.com/all/co3305324.html
jobs.51job.com/all/co4536373.html
jobs.51job.com/all/co2557801.html
jobs.51job.com/all/co3252908.html
jobs.51job.com/all/co3437828.html
jobs.51job.com/all/co210104.html
jobs.51job.com/all/co4754361.html
jobs.51job.com/all/co4146410.html
jobs.51job.com/all/co4322066.html
jobs.51job.com/all/co2313051.html
jobs.51job.com/all/co4313201.html
jobs.51job.com/all/co112479.html
jobs.51job.com/all/co2941850.html
jobs.51job.com/all/co2997011.html
jobs.51job.com/all/co3789598.html
jobs.51job.com/all/co1200254.html
jobs.51job.com/all/co3591520.html
jobs.51job.com/all/co4882831.html
jobs.51job.com/all/co183785.html
jobs.51job.com/all/co4901784.html
jobs.51job.com/all/co4901814.html
jobs.51job.com/all/co474464.html
jobs.51job.com/all/co2764998.html
jobs.51job.com/all/co2700319.html
jobs.51job.com/all/co3886704.html
jobs.51job.com/all/co4649988.html
jobs.51job.com/all/co4606873.html
jobs.51job.com/all/co1175283.html
jobs.51job.com/all/co4671267.html
jobs.51job.com/all/co181210.html
jobs.51job.com/all/co2715273.html
jobs.51job.com/all/co4308861.html
jobs.51job.com/all/co4865781.html
jobs.51job.com/all/co3693949.html
jobs.51job.com/all/co2736209.html
jobs.51job.com/all/co4279930.html
jobs.51job.com/all/co4283804.html
jobs.51job.com/all/co3262369.html
jobs.51job.com/all/co3796239.html
jobs.51job.com/all/co2317119.html
jobs.51job.com/all/co4754478.html
jobs.51job.com/all/co3180417.html
jobs.51job.com/all/co3777074.html
jobs.51job.com/all/co3170105.html
jobs.51job.com/all/co4890557.html
jobs.51job.com/all/co4062210.html
jobs.51job.com/all/co3608324.html
jobs.51job.com/all/co4868353.html
jobs.51job.com/all/co3031850.html
jobs.51job.com/all/co2742977.html
jobs.51job.com/all/co3660564.html
jobs.51job.com/all/co4455776.html
jobs.51job.com/all/co3105084.html
jobs.51job.com/all/co578219.html
jobs.51job.com/all/co3966332.html
jobs.51job.com/all/co4783526.html
jobs.51job.com/all/co3170029.html
jobs.51job.com/all/co4300348.html
jobs.51job.com/all/co3078145.html
jobs.51job.com/all/co2686637.html
jobs.51job.com/all/co2063471.html
jobs.51job.com/all/co4368474.html
jobs.51job.com/all/co2148228.html
jobs.51job.com/all/co4615052.html
jobs.51job.com/all/co1477145.html
jobs.51job.com/all/co2496472.html
jobs.51job.com/all/co3376077.html
jobs.51job.com/all/co4367021.html
jobs.51job.com/all/co4844248.html
jobs.51job.com/all/co3143159.html
jobs.51job.com/all/co4275325.html
jobs.51job.com/all/co3689001.html
jobs.51job.com/all/co4385206.html
jobs.51job.com/all/co4669669.html
jobs.51job.com/all/co4684000.html
jobs.51job.com/all/co3284465.html
jobs.51job.com/all/co290354.html
jobs.51job.com/all/co3933033.html
jobs.51job.com/all/co4588925.html
jobs.51job.com/all/co3959315.html
jobs.51job.com/all/co4238074.html
jobs.51job.com/all/co3078840.html
jobs.51job.com/all/co3009992.html
jobs.51job.com/all/co4356746.html
jobs.51job.com/all/co2751051.html
jobs.51job.com/all/co4324250.html
jobs.51job.com/all/co3059729.html
jobs.51job.com/all/co2539509.html
jobs.51job.com/all/co4265277.html
jobs.51job.com/all/co2718014.html
jobs.51job.com/all/co4593088.html
jobs.51job.com/all/co2829757.html
jobs.51job.com/all/co2323089.html
jobs.51job.com/all/co1994492.html
jobs.51job.com/all/co4031330.html
jobs.51job.com/all/co2921507.html
jobs.51job.com/all/co1682853.html
jobs.51job.com/all/co4260230.html
jobs.51job.com/all/co2922222.html
jobs.51job.com/all/co2947110.html
jobs.51job.com/all/co3859398.html
jobs.51job.com/all/co3381134.html
jobs.51job.com/all/co3229561.html
jobs.51job.com/all/co3146158.html
jobs.51job.com/all/co243336.html
jobs.51job.com/all/co3093296.html
jobs.51job.com/all/co2897669.html
jobs.51job.com/all/co3057191.html
jobs.51job.com/all/co4215012.html
jobs.51job.com/all/co3385005.html
jobs.51job.com/all/co2381084.html
jobs.51job.com/all/co2777266.html
jobs.51job.com/all/co3203083.html
jobs.51job.com/all/co939315.html
jobs.51job.com/all/co3868024.html
jobs.51job.com/all/co2410635.html
jobs.51job.com/all/co3245251.html
jobs.51job.com/all/co101597.html
jobs.51job.com/all/co4862984.html
jobs.51job.com/all/co4352202.html
jobs.51job.com/all/co4352102.html
jobs.51job.com/all/co2530774.html
jobs.51job.com/all/co152302.html
jobs.51job.com/all/co3806914.html
jobs.51job.com/all/co2467946.html
jobs.51job.com/all/co4219220.html
jobs.51job.com/all/co4219234.html
jobs.51job.com/all/co2758227.html
jobs.51job.com/all/co4601240.html
jobs.51job.com/all/co2316363.html
jobs.51job.com/all/co2618263.html
jobs.51job.com/all/co3357432.html
jobs.51job.com/all/co3831323.html
jobs.51job.com/all/co2401281.html
jobs.51job.com/all/co3056784.html
jobs.51job.com/all/co4098988.html
jobs.51job.com/all/co2668228.html
jobs.51job.com/all/co4572673.html
jobs.51job.com/all/co2499757.html
jobs.51job.com/all/co3970858.html
jobs.51job.com/all/co4782868.html
jobs.51job.com/all/co4927869.html
jobs.51job.com/all/co4106.html
jobs.51job.com/all/co4794158.html
jobs.51job.com/all/co4835347.html
jobs.51job.com/all/co3841087.html
jobs.51job.com/all/co2381832.html
jobs.51job.com/all/co4781909.html
jobs.51job.com/all/co3930777.html
jobs.51job.com/all/co3833717.html
jobs.51job.com/all/co214630.html
jobs.51job.com/all/co4314671.html
jobs.51job.com/all/co568852.html
jobs.51job.com/all/co1277911.html
jobs.51job.com/all/co2547236.html
jobs.51job.com/all/co4446433.html
jobs.51job.com/all/co2644190.html
jobs.51job.com/all/co1377771.html
jobs.51job.com/all/co1157820.html
jobs.51job.com/all/co4777866.html
jobs.51job.com/all/co3253038.html
jobs.51job.com/all/co3253038.html
jobs.51job.com/all/co3000507.html
jobs.51job.com/all/co3000507.html
jobs.51job.com/all/co1377771.html
jobs.51job.com/all/co2876838.html
jobs.51job.com/all/co4854607.html
jobs.51job.com/all/co2919492.html
jobs.51job.com/all/co2809419.html
jobs.51job.com/all/co2351993.html
jobs.51job.com/all/co2351993.html
jobs.51job.com/all/co2351993.html
jobs.51job.com/all/co2351993.html
jobs.51job.com/all/co2351993.html
jobs.51job.com/all/co4538349.html
jobs.51job.com/all/co3363377.html
jobs.51job.com/all/co2823572.html
jobs.51job.com/all/co4845084.html
jobs.51job.com/all/co4349061.html
jobs.51job.com/all/co4349061.html
jobs.51job.com/all/co4349061.html
jobs.51job.com/all/co4349061.html
jobs.51job.com/all/co4096953.html
jobs.51job.com/all/co254388.html
jobs.51job.com/all/co161695.html
jobs.51job.com/all/co161695.html
jobs.51job.com/all/co2664570.html
jobs.51job.com/all/co2664570.html
jobs.51job.com/all/co242314.html
jobs.51job.com/all/co3629200.html
jobs.51job.com/all/co4847849.html
jobs.51job.com/all/co3796174.html
jobs.51job.com/all/co3107251.html
jobs.51job.com/all/co3107251.html
jobs.51job.com/all/co3107251.html
jobs.51job.com/all/co3107251.html
jobs.51job.com/all/co3107251.html
jobs.51job.com/all/co3107251.html
jobs.51job.com/all/co1692767.html
jobs.51job.com/all/co1692767.html
jobs.51job.com/all/co2507622.html
jobs.51job.com/all/co2507622.html
jobs.51job.com/all/co2507622.html
jobs.51job.com/all/co2507622.html
jobs.51job.com/all/co3869012.html
jobs.51job.com/all/co3869012.html
jobs.51job.com/all/co3869012.html
jobs.51job.com/all/co4786450.html
jobs.51job.com/all/co4861431.html
jobs.51job.com/all/co4863009.html
jobs.51job.com/all/co4033010.html
jobs.51job.com/all/co4867888.html
jobs.51job.com/all/co4148483.html
jobs.51job.com/all/co4148483.html
jobs.51job.com/all/co4148483.html
jobs.51job.com/all/co3874720.html
jobs.51job.com/all/co3874720.html
jobs.51job.com/all/co2679554.html
jobs.51job.com/all/co2679554.html
jobs.51job.com/all/co2679554.html
jobs.51job.com/all/co2679554.html
jobs.51job.com/all/co2388665.html
jobs.51job.com/all/co3812175.html
jobs.51job.com/all/co3812175.html
jobs.51job.com/all/co3812175.html
jobs.51job.com/all/co316938.html
jobs.51job.com/all/co316938.html
jobs.51job.com/all/co316938.html
jobs.51job.com/all/co316938.html
jobs.51job.com/all/co316938.html
jobs.51job.com/all/co316938.html
jobs.51job.com/all/co4920404.html
jobs.51job.com/all/co4524701.html
jobs.51job.com/all/co4524701.html
jobs.51job.com/all/co4524701.html
jobs.51job.com/all/co4243513.html
jobs.51job.com/all/co3546130.html
jobs.51job.com/all/co2007859.html
jobs.51job.com/all/co3390308.html
jobs.51job.com/all/co4783513.html
jobs.51job.com/all/co2666915.html
jobs.51job.com/all/co2666915.html
jobs.51job.com/all/co4875191.html
jobs.51job.com/all/co2633687.html
jobs.51job.com/all/co2633687.html
jobs.51job.com/all/co4078993.html
jobs.51job.com/all/co2964903.html
jobs.51job.com/all/co4405060.html
jobs.51job.com/all/co4153918.html
jobs.51job.com/all/co3221910.html
jobs.51job.com/all/co3221910.html
jobs.51job.com/all/co277573.html
jobs.51job.com/all/co277573.html
jobs.51job.com/all/co4446542.html
jobs.51job.com/all/co4446542.html
jobs.51job.com/all/co4446542.html
jobs.51job.com/all/co4681789.html
jobs.51job.com/all/co4681789.html
jobs.51job.com/all/co4681789.html
jobs.51job.com/all/co4681789.html
jobs.51job.com/all/co4681789.html
jobs.51job.com/all/co4681789.html
jobs.51job.com/all/co4681789.html
jobs.51job.com/all/co4889898.html
jobs.51job.com/all/co4889898.html
jobs.51job.com/all/co4129520.html
jobs.51job.com/all/co3617751.html
jobs.51job.com/all/co3617751.html
jobs.51job.com/all/co4206970.html
jobs.51job.com/all/co4206970.html
jobs.51job.com/all/co1388826.html
jobs.51job.com/all/co3956507.html
jobs.51job.com/all/co2623771.html
jobs.51job.com/all/co4908443.html
jobs.51job.com/all/co2618148.html
jobs.51job.com/all/co4573043.html
jobs.51job.com/all/co4573043.html
jobs.51job.com/all/co4688406.html
jobs.51job.com/all/co3450604.html
jobs.51job.com/all/co3163103.html
jobs.51job.com/all/co3163103.html
jobs.51job.com/all/co2898999.html
jobs.51job.com/all/co4251120.html
jobs.51job.com/all/co4863009.html
jobs.51job.com/all/co2679697.html
jobs.51job.com/all/co2679697.html
jobs.51job.com/all/co4022456.html
jobs.51job.com/all/co3648213.html
jobs.51job.com/all/co4525229.html
jobs.51job.com/all/co3289838.html
jobs.51job.com/all/co4701856.html
jobs.51job.com/all/co4867803.html
jobs.51job.com/all/co4777866.html
jobs.51job.com/all/co4777866.html
jobs.51job.com/all/co4777866.html
jobs.51job.com/all/co593405.html
jobs.51job.com/all/co4870880.html
jobs.51job.com/all/co3096755.html
jobs.51job.com/all/co4837843.html
jobs.51job.com/all/co3956062.html
jobs.51job.com/all/co4064041.html
jobs.51job.com/all/co4064041.html
jobs.51job.com/all/co4064041.html
jobs.51job.com/all/co4028481.html
jobs.51job.com/all/co2245386.html
jobs.51job.com/all/co4100507.html
jobs.51job.com/all/co2646477.html
jobs.51job.com/all/co322932.html
jobs.51job.com/all/co4656417.html
jobs.51job.com/all/co114531.html
jobs.51job.com/all/co3591097.html
jobs.51job.com/all/co2529250.html
jobs.51job.com/all/co3635309.html
jobs.51job.com/all/co242314.html
jobs.51job.com/all/co3444305.html
jobs.51job.com/all/co3444305.html
jobs.51job.com/all/co4421835.html
jobs.51job.com/all/co4421835.html
jobs.51job.com/all/co4421835.html
jobs.51job.com/all/co4421835.html
jobs.51job.com/all/co4421835.html
jobs.51job.com/all/co4868964.html
jobs.51job.com/all/co2321271.html
jobs.51job.com/all/co3488435.html
jobs.51job.com/all/co3488435.html
jobs.51job.com/all/co3077836.html
jobs.51job.com/all/co3170821.html
jobs.51job.com/all/co2147249.html
jobs.51job.com/all/co2147249.html
jobs.51job.com/all/co2936951.html
jobs.51job.com/all/co2936951.html
jobs.51job.com/all/co2271840.html
jobs.51job.com/all/co2271840.html
jobs.51job.com/all/co3979453.html
jobs.51job.com/all/co3979453.html
jobs.51job.com/all/co3979453.html
jobs.51job.com/all/co4891083.html
jobs.51job.com/all/co2668044.html
jobs.51job.com/all/co4000950.html
jobs.51job.com/all/co2159850.html
jobs.51job.com/all/co4527163.html
jobs.51job.com/all/co4527163.html
jobs.51job.com/all/co1750274.html
jobs.51job.com/all/co3172581.html
jobs.51job.com/all/co3688162.html
jobs.51job.com/all/co3348700.html
jobs.51job.com/all/co2159850.html
jobs.51job.com/all/co2872038.html
jobs.51job.com/all/co682235.html
jobs.51job.com/all/co2539747.html
jobs.51job.com/all/co3688162.html
jobs.51job.com/all/co4617351.html
jobs.51job.com/all/co4617351.html
jobs.51job.com/all/co4018576.html
jobs.51job.com/all/co4018576.html
jobs.51job.com/all/co3198084.html
jobs.51job.com/all/co4657219.html
jobs.51job.com/all/co2823100.html
jobs.51job.com/all/co4508058.html
jobs.51job.com/all/co4911889.html
jobs.51job.com/all/co1224397.html
jobs.51job.com/all/co1224397.html
jobs.51job.com/all/co3688162.html
jobs.51job.com/all/co195588.html
jobs.51job.com/all/co4585421.html
jobs.51job.com/all/co4585421.html
jobs.51job.com/all/co4585421.html
jobs.51job.com/all/co4585421.html
jobs.51job.com/all/co4585421.html
jobs.51job.com/all/co4585421.html
jobs.51job.com/all/co4585421.html
jobs.51job.com/all/co4883190.html
jobs.51job.com/all/co4000950.html
jobs.51job.com/all/co4018576.html
jobs.51job.com/all/co4018576.html
jobs.51job.com/all/co4790121.html
jobs.51job.com/all/co2553902.html
jobs.51job.com/all/co3105189.html
jobs.51job.com/all/co2553902.html
jobs.51job.com/all/co2553902.html
jobs.51job.com/all/co3154531.html
jobs.51job.com/all/co3154531.html
jobs.51job.com/all/co4446542.html
jobs.51job.com/all/co4446542.html
jobs.51job.com/all/co4446545.html
jobs.51job.com/all/co4446545.html
jobs.51job.com/all/co4446545.html
jobs.51job.com/all/co4446542.html
jobs.51job.com/all/co2569061.html
jobs.51job.com/all/co3154531.html
jobs.51job.com/all/co4868378.html
jobs.51job.com/all/co4868378.html
jobs.51job.com/all/co4208551.html
jobs.51job.com/all/co195588.html
jobs.51job.com/all/co2997751.html
jobs.51job.com/all/co4304434.html
jobs.51job.com/all/co4331430.html
jobs.51job.com/all/co4325969.html
jobs.51job.com/all/co2652609.html
jobs.51job.com/all/co4868378.html
jobs.51job.com/all/co2898914.html
jobs.51job.com/all/co2898914.html
jobs.51job.com/all/co3415513.html
jobs.51job.com/all/co2962770.html
jobs.51job.com/all/co3617006.html
jobs.51job.com/all/co3617006.html
jobs.51job.com/all/co3520063.html
jobs.51job.com/all/co3520063.html
jobs.51job.com/all/co139663.html
jobs.51job.com/all/co3280145.html
jobs.51job.com/all/co3280145.html
jobs.51job.com/all/co4527101.html
jobs.51job.com/all/co3886577.html
jobs.51job.com/all/co3886577.html
jobs.51job.com/all/co3886577.html
jobs.51job.com/all/co3154531.html
jobs.51job.com/all/co4642143.html
jobs.51job.com/all/co4642143.html
jobs.51job.com/all/co2553902.html
jobs.51job.com/all/co2554037.html
jobs.51job.com/all/co4369438.html
jobs.51job.com/all/co2789755.html
jobs.51job.com/all/co3138320.html
jobs.51job.com/all/co3138320.html
jobs.51job.com/all/co4898134.html
jobs.51job.com/all/co4021604.html
jobs.51job.com/all/co4021604.html
jobs.51job.com/all/co4466135.html
jobs.51job.com/all/co4466135.html
jobs.51job.com/all/co4466135.html
jobs.51job.com/all/co2826138.html
jobs.51job.com/all/co2826138.html
jobs.51job.com/all/co2460539.html
jobs.51job.com/all/co4018576.html
jobs.51job.com/all/co4867928.html
jobs.51job.com/all/co2579917.html
jobs.51job.com/all/co102126.html
jobs.51job.com/all/co3154531.html
jobs.51job.com/all/co3154531.html
jobs.51job.com/all/co2934287.html
jobs.51job.com/all/co2934287.html
jobs.51job.com/all/co2934287.html
jobs.51job.com/all/co2934287.html
jobs.51job.com/all/co3575916.html
jobs.51job.com/all/co3575916.html
jobs.51job.com/all/co4628780.html
jobs.51job.com/all/co4832153.html
jobs.51job.com/all/co2676295.html
jobs.51job.com/all/co3291960.html
jobs.51job.com/all/co3257578.html
jobs.51job.com/all/co191452.html
jobs.51job.com/all/co3846650.html
jobs.51job.com/all/co3846650.html
jobs.51job.com/all/co3846650.html
jobs.51job.com/all/co3846650.html
jobs.51job.com/all/co3846650.html
jobs.51job.com/all/co3846650.html
jobs.51job.com/all/co3846650.html
jobs.51job.com/all/co3846650.html
jobs.51job.com/all/co3573800.html
jobs.51job.com/all/co3154531.html
jobs.51job.com/all/co4524874.html
jobs.51job.com/all/co1991726.html
jobs.51job.com/all/co2934287.html
jobs.51job.com/all/co2126349.html
jobs.51job.com/all/co4231036.html
jobs.51job.com/all/co1209946.html
jobs.51job.com/all/co3886577.html
jobs.51job.com/all/co2567042.html
jobs.51job.com/all/co2567042.html
jobs.51job.com/all/co4684724.html
jobs.51job.com/all/co4147410.html
jobs.51job.com/all/co150442.html
jobs.51job.com/all/co4147410.html
jobs.51job.com/all/co4916795.html
jobs.51job.com/all/co3414020.html
jobs.51job.com/all/co3414020.html
jobs.51job.com/all/co2558102.html
jobs.51job.com/all/co2917937.html
jobs.51job.com/all/co4446433.html
jobs.51job.com/all/co2238810.html
jobs.51job.com/all/co2238810.html
jobs.51job.com/all/co4866496.html
jobs.51job.com/all/co3796174.html
jobs.51job.com/all/co4384387.html
jobs.51job.com/all/co2567042.html
jobs.51job.com/all/co4951339.html
jobs.51job.com/all/co3596316.html
jobs.51job.com/all/co4008128.html
jobs.51job.com/all/co4008128.html
jobs.51job.com/all/co2833710.html
jobs.51job.com/all/co2833710.html
jobs.51job.com/all/co280620.html
jobs.51job.com/all/co4405060.html
jobs.51job.com/all/co3737246.html
jobs.51job.com/all/co4588362.html
jobs.51job.com/all/co4331430.html
jobs.51job.com/all/co2795298.html
jobs.51job.com/all/co4556568.html
jobs.51job.com/all/co2377016.html
jobs.51job.com/all/co2807192.html
jobs.51job.com/all/co152158.html
jobs.51job.com/all/co2979237.html
jobs.51job.com/all/co2979237.html
jobs.51job.com/all/co2517152.html
jobs.51job.com/all/co3431614.html
jobs.51job.com/all/co3594872.html
jobs.51job.com/all/co3594872.html
jobs.51job.com/all/co4726097.html
jobs.51job.com/all/co3000507.html
jobs.51job.com/all/co2322198.html
jobs.51job.com/all/co2322198.html
jobs.51job.com/all/co2679183.html
jobs.51job.com/all/co2679183.html
jobs.51job.com/all/co3801225.html
jobs.51job.com/all/co3801225.html
jobs.51job.com/all/co4771880.html
jobs.51job.com/all/co4664256.html
jobs.51job.com/all/co2727811.html
jobs.51job.com/all/co4946653.html
jobs.51job.com/all/co2898531.html
jobs.51job.com/all/co4057112.html
jobs.51job.com/all/co4106509.html
jobs.51job.com/all/co184057.html
jobs.51job.com/all/co4118262.html
jobs.51job.com/all/co4118262.html
jobs.51job.com/all/co1554031.html
jobs.51job.com/all/co4479213.html
jobs.51job.com/all/co4118262.html
jobs.51job.com/all/co164261.html
jobs.51job.com/all/co307597.html
jobs.51job.com/all/co4064041.html
jobs.51job.com/all/co1554031.html
jobs.51job.com/all/co2823100.html
jobs.51job.com/all/co2866386.html
jobs.51job.com/all/co2866386.html
jobs.51job.com/all/co2866386.html
jobs.51job.com/all/co3049183.html
jobs.51job.com/all/co2501944.html
jobs.51job.com/all/co2501944.html
jobs.51job.com/all/co2501944.html
jobs.51job.com/all/co2501944.html
jobs.51job.com/all/co3248001.html
jobs.51job.com/all/co3248001.html
jobs.51job.com/all/co2351993.html
jobs.51job.com/all/co2221080.html
jobs.51job.com/all/co2221080.html
jobs.51job.com/all/co2493150.html
jobs.51job.com/all/co4538349.html
jobs.51job.com/all/co4538349.html
jobs.51job.com/all/co4538349.html
jobs.51job.com/all/co3687199.html
jobs.51job.com/all/co2753384.html
jobs.51job.com/all/co4243044.html
jobs.51job.com/all/co3230803.html
jobs.51job.com/all/co4347684.html
jobs.51job.com/all/co2568950.html
jobs.51job.com/all/co4489629.html
jobs.51job.com/all/co4845084.html
jobs.51job.com/all/co3217622.html
jobs.51job.com/all/co4349061.html
jobs.51job.com/all/co4349061.html
jobs.51job.com/all/co4349061.html
jobs.51job.com/all/co4349061.html
jobs.51job.com/all/co4349061.html
jobs.51job.com/all/co4349061.html
jobs.51job.com/all/co4327957.html
jobs.51job.com/all/co4327957.html
jobs.51job.com/all/co4327957.html
jobs.51job.com/all/co4096953.html
jobs.51job.com/all/co3181288.html
jobs.51job.com/all/co3181288.html
jobs.51job.com/all/co2517152.html
jobs.51job.com/all/co2517152.html
jobs.51job.com/all/co4924557.html
jobs.51job.com/all/co4924557.html
jobs.51job.com/all/co2664570.html
jobs.51job.com/all/co2664570.html
jobs.51job.com/all/co4477755.html
jobs.51job.com/all/co3880878.html
jobs.51job.com/all/co3880878.html
jobs.51job.com/all/co3880878.html
jobs.51job.com/all/co3428169.html
jobs.51job.com/all/co238220.html
jobs.51job.com/all/co2805678.html
jobs.51job.com/all/co2805678.html
jobs.51job.com/all/co4868643.html
jobs.51job.com/all/co4868643.html
jobs.51job.com/all/co4202120.html
jobs.51job.com/all/co3796174.html
jobs.51job.com/all/co3796174.html
jobs.51job.com/all/co4384387.html
jobs.51job.com/all/co3996833.html
jobs.51job.com/all/co3801996.html
jobs.51job.com/all/co3801996.html
jobs.51job.com/all/co3846650.html
jobs.51job.com/all/co3846650.html
jobs.51job.com/all/co3846650.html
jobs.51job.com/all/co3846650.html
jobs.51job.com/all/co3846650.html
jobs.51job.com/all/co3846650.html
jobs.51job.com/all/co4877581.html
jobs.51job.com/all/co3929902.html
jobs.51job.com/all/co3929902.html
jobs.51job.com/all/co3929902.html
jobs.51job.com/all/co3929902.html
jobs.51job.com/all/co3929902.html
jobs.51job.com/all/co3929902.html
jobs.51job.com/all/co3929902.html
jobs.51job.com/all/co367897.html
jobs.51job.com/all/co3101978.html
jobs.51job.com/all/co3101978.html
jobs.51job.com/all/co1692767.html
jobs.51job.com/all/co3503015.html
jobs.51job.com/all/co3503015.html
jobs.51job.com/all/co3256826.html
jobs.51job.com/all/co4331883.html
jobs.51job.com/all/co2219454.html
jobs.51job.com/all/co3869012.html
jobs.51job.com/all/co3869012.html
jobs.51job.com/all/co4786450.html
jobs.51job.com/all/co4664573.html
jobs.51job.com/all/co3602959.html
jobs.51job.com/all/co4919099.html
jobs.51job.com/all/co4134851.html
jobs.51job.com/all/co4134851.html
jobs.51job.com/all/co4138235.html
jobs.51job.com/all/co2554037.html
jobs.51job.com/all/co4683042.html
jobs.51job.com/all/co2820594.html
jobs.51job.com/all/co4175699.html
jobs.51job.com/all/co4175699.html
jobs.51job.com/all/co2913486.html
jobs.51job.com/all/co2913486.html
jobs.51job.com/all/co2006614.html
jobs.51job.com/all/co4033010.html
jobs.51job.com/all/co2579460.html
jobs.51job.com/all/co2579460.html
jobs.51job.com/all/co2579460.html
jobs.51job.com/all/co3593410.html
jobs.51job.com/all/co3593410.html
jobs.51job.com/all/co3593410.html
jobs.51job.com/all/co4453662.html
jobs.51job.com/all/co4453662.html
jobs.51job.com/all/co4402969.html
jobs.51job.com/all/co4402969.html
jobs.51job.com/all/co4402969.html
jobs.51job.com/all/co2644281.html
jobs.51job.com/all/co2644281.html
jobs.51job.com/all/co2644281.html
jobs.51job.com/all/co2644281.html
jobs.51job.com/all/co2644281.html
jobs.51job.com/all/co2644281.html
jobs.51job.com/all/co4313663.html
jobs.51job.com/all/co4313663.html
jobs.51job.com/all/co2734472.html
jobs.51job.com/all/co2565112.html
jobs.51job.com/all/co2565112.html
jobs.51job.com/all/co3383986.html
jobs.51job.com/all/co3941238.html
jobs.51job.com/all/co3941238.html
jobs.51job.com/all/co3941238.html
jobs.51job.com/all/co3941238.html
jobs.51job.com/all/co3941238.html
jobs.51job.com/all/co3941238.html
jobs.51job.com/all/co3941238.html
jobs.51job.com/all/co3941238.html
jobs.51job.com/all/co3941238.html
jobs.51job.com/all/co3941238.html
jobs.51job.com/all/co3941238.html
jobs.51job.com/all/co3941238.html
jobs.51job.com/all/co3941238.html
jobs.51job.com/all/co3941238.html
jobs.51job.com/all/co3941238.html
jobs.51job.com/all/co3941238.html
jobs.51job.com/all/co3941238.html
jobs.51job.com/all/co3941238.html
jobs.51job.com/all/co3941238.html
jobs.51job.com/all/co3941238.html
jobs.51job.com/all/co2679554.html
jobs.51job.com/all/co2679554.html
jobs.51job.com/all/co3277581.html
jobs.51job.com/all/co3277581.html
jobs.51job.com/all/co4802691.html
jobs.51job.com/all/co2708888.html
jobs.51job.com/all/co3505965.html
jobs.51job.com/all/co3505965.html
jobs.51job.com/all/co4823743.html
jobs.51job.com/all/co4823743.html
jobs.51job.com/all/co4823743.html
jobs.51job.com/all/co3270132.html
jobs.51job.com/all/co3912845.html
jobs.51job.com/all/co3912845.html
jobs.51job.com/all/co3912845.html
jobs.51job.com/all/co4404682.html
jobs.51job.com/all/co4763593.html
jobs.51job.com/all/co4106695.html
jobs.51job.com/all/co4715115.html
jobs.51job.com/all/co4715115.html
jobs.51job.com/all/co225328.html
jobs.51job.com/all/co3812175.html
jobs.51job.com/all/co3812175.html
jobs.51job.com/all/co3812175.html
jobs.51job.com/all/co225328.html
jobs.51job.com/all/co3812175.html
jobs.51job.com/all/co3812175.html
jobs.51job.com/all/co3812175.html
jobs.51job.com/all/co225328.html
jobs.51job.com/all/co225328.html
jobs.51job.com/all/co225328.html
jobs.51job.com/all/co225328.html
jobs.51job.com/all/co225328.html
jobs.51job.com/all/co225328.html
jobs.51job.com/all/co225328.html
jobs.51job.com/all/co225328.html
jobs.51job.com/all/co3812175.html
jobs.51job.com/all/co3812175.html
jobs.51job.com/all/co3812175.html
jobs.51job.com/all/co2407058.html
jobs.51job.com/all/co2736420.html
jobs.51job.com/all/co4829671.html
jobs.51job.com/all/co4789991.html
jobs.51job.com/all/co4920404.html
jobs.51job.com/all/co4613545.html
jobs.51job.com/all/co2810730.html
jobs.51job.com/all/co4524701.html
jobs.51job.com/all/co4823925.html
jobs.51job.com/all/co4823925.html
jobs.51job.com/all/co3428886.html
jobs.51job.com/all/co2708189.html
jobs.51job.com/all/co2708189.html
jobs.51job.com/all/co3737117.html
jobs.51job.com/all/co3737117.html
jobs.51job.com/all/co4792923.html
jobs.51job.com/all/co3809259.html
jobs.51job.com/all/co3809259.html
jobs.51job.com/all/co3472235.html
jobs.51job.com/all/co3809259.html
jobs.51job.com/all/co3472235.html
jobs.51job.com/all/co3809259.html
jobs.51job.com/all/co3809259.html
jobs.51job.com/all/co3809259.html
jobs.51job.com/all/co3024374.html
jobs.51job.com/all/co2007859.html
jobs.51job.com/all/co2007859.html
jobs.51job.com/all/co2903320.html
jobs.51job.com/all/co2903320.html
jobs.51job.com/all/co2903320.html
jobs.51job.com/all/co2903320.html
jobs.51job.com/all/co3264089.html
jobs.51job.com/all/co3264089.html
jobs.51job.com/all/co3390308.html
jobs.51job.com/all/co3390308.html
jobs.51job.com/all/co2542035.html
jobs.51job.com/all/co2542035.html
jobs.51job.com/all/co4165401.html
jobs.51job.com/all/co4165401.html
jobs.51job.com/all/co4165401.html
jobs.51job.com/all/co4867568.html
jobs.51job.com/all/co4867568.html
jobs.51job.com/all/co4867568.html
jobs.51job.com/all/co4867568.html
jobs.51job.com/all/co3358527.html
jobs.51job.com/all/co2666915.html
jobs.51job.com/all/co4875191.html
jobs.51job.com/all/co1377771.html
jobs.51job.com/all/co2569189.html
jobs.51job.com/all/co2633687.html
jobs.51job.com/all/co2973180.html
jobs.51job.com/all/co2769869.html
jobs.51job.com/all/co2769869.html
jobs.51job.com/all/co2769869.html
jobs.51job.com/all/co2769869.html
jobs.51job.com/all/co4522408.html
jobs.51job.com/all/co4522408.html
jobs.51job.com/all/co3869755.html
jobs.51job.com/all/co3869755.html
jobs.51job.com/all/co3869755.html
jobs.51job.com/all/co3667214.html
jobs.51job.com/all/co3667214.html
jobs.51job.com/all/co2883155.html
jobs.51job.com/all/co2883155.html
jobs.51job.com/all/co2883155.html
jobs.51job.com/all/co4078993.html
jobs.51job.com/all/co2883155.html
jobs.51job.com/all/co3965993.html
jobs.51job.com/all/co4153918.html
jobs.51job.com/all/co4153918.html
jobs.51job.com/all/co4153918.html
jobs.51job.com/all/co139663.html
jobs.51job.com/all/co3221910.html
jobs.51job.com/all/co3221910.html
jobs.51job.com/all/co4111374.html
jobs.51job.com/all/co277573.html
jobs.51job.com/all/co2128360.html
jobs.51job.com/all/co4446542.html
jobs.51job.com/all/co4446542.html
jobs.51job.com/all/co4446542.html
jobs.51job.com/all/co4446542.html
jobs.51job.com/all/co243342.html
jobs.51job.com/all/co2946778.html
jobs.51job.com/all/co2946778.html
jobs.51job.com/all/co1470757.html
jobs.51job.com/all/co1470757.html
jobs.51job.com/all/co4681789.html
jobs.51job.com/all/co4681789.html
jobs.51job.com/all/co4681789.html
jobs.51job.com/all/co4681789.html
jobs.51job.com/all/co4681789.html
jobs.51job.com/all/co4681789.html
jobs.51job.com/all/co4681789.html
jobs.51job.com/all/co4681789.html
jobs.51job.com/all/co4681789.html
jobs.51job.com/all/co4681789.html
jobs.51job.com/all/co4681789.html
jobs.51job.com/all/co4681789.html
jobs.51job.com/all/co4681789.html
jobs.51job.com/all/co4681789.html
jobs.51job.com/all/co3584031.html
jobs.51job.com/all/co4889898.html
jobs.51job.com/all/co2743007.html
jobs.51job.com/all/co4869352.html
jobs.51job.com/all/co143367.html
jobs.51job.com/all/co3393010.html
jobs.51job.com/all/co3837444.html
jobs.51job.com/all/co3837444.html
jobs.51job.com/all/co3837444.html
jobs.51job.com/all/co3837444.html
jobs.51job.com/all/co3837444.html
jobs.51job.com/all/co3837444.html
jobs.51job.com/all/co3837444.html
jobs.51job.com/all/co3837444.html
jobs.51job.com/all/co4463722.html
jobs.51job.com/all/co3819153.html
jobs.51job.com/all/co2225467.html
jobs.51job.com/all/co2225467.html
jobs.51job.com/all/co2225467.html
jobs.51job.com/all/co3230101.html
jobs.51job.com/all/co2704771.html
jobs.51job.com/all/co4144910.html
jobs.51job.com/all/co4144910.html
jobs.51job.com/all/co4144910.html
jobs.51job.com/all/co2421197.html
jobs.51job.com/all/co2421197.html
jobs.51job.com/all/co4789106.html
jobs.51job.com/all/co3617751.html
jobs.51job.com/all/co3617751.html
jobs.51job.com/all/co4206970.html
jobs.51job.com/all/co4206970.html
jobs.51job.com/all/co4852249.html
jobs.51job.com/all/co4852249.html
jobs.51job.com/all/co2623771.html
jobs.51job.com/all/co2662289.html
jobs.51job.com/all/co2014501.html
jobs.51job.com/all/co4366463.html
jobs.51job.com/all/co2618148.html
jobs.51job.com/all/co2618148.html
jobs.51job.com/all/co2618148.html
jobs.51job.com/all/co4688406.html
jobs.51job.com/all/co2826138.html
jobs.51job.com/all/co2898531.html
jobs.51job.com/all/co2898531.html
jobs.51job.com/all/co2898531.html
jobs.51job.com/all/co4862294.html
jobs.51job.com/all/co3089554.html
jobs.51job.com/all/co3450604.html
jobs.51job.com/all/co3450604.html
jobs.51job.com/all/co2786909.html
jobs.51job.com/all/co2587746.html
jobs.51job.com/all/co4462193.html
jobs.51job.com/all/co4393397.html
jobs.51job.com/all/co4865896.html
jobs.51job.com/all/co4865896.html
jobs.51job.com/all/co3226252.html
jobs.51job.com/all/co3226252.html
jobs.51job.com/all/co3226252.html
jobs.51job.com/all/co3226252.html
jobs.51job.com/all/co3226252.html
jobs.51job.com/all/co3226252.html
jobs.51job.com/all/co3226252.html
jobs.51job.com/all/co3226252.html
jobs.51job.com/all/co3226252.html
jobs.51job.com/all/co3226252.html
jobs.51job.com/all/co3226252.html
jobs.51job.com/all/co3226252.html
jobs.51job.com/all/co2753384.html
jobs.51job.com/all/co3597846.html
jobs.51job.com/all/co3597846.html
jobs.51job.com/all/co2898999.html
jobs.51job.com/all/co4482445.html
jobs.51job.com/all/co4251120.html
jobs.51job.com/all/co4251120.html
jobs.51job.com/all/co4290118.html
jobs.51job.com/all/co2381962.html
jobs.51job.com/all/co3975134.html
jobs.51job.com/all/co3975134.html
jobs.51job.com/all/co3975134.html
jobs.51job.com/all/co4503638.html
jobs.51job.com/all/co3584031.html
jobs.51job.com/all/co3584031.html
jobs.51job.com/all/co2395824.html
jobs.51job.com/all/co2454639.html
jobs.51job.com/all/co2454639.html
jobs.51job.com/all/co3768393.html
jobs.51job.com/all/co242296.html
jobs.51job.com/all/co2398302.html
jobs.51job.com/all/co2838770.html
jobs.51job.com/all/co2097307.html
jobs.51job.com/all/co3890468.html
jobs.51job.com/all/co3890468.html
jobs.51job.com/all/co3129249.html
jobs.51job.com/all/co3129249.html
jobs.51job.com/all/co3544232.html
jobs.51job.com/all/co2726182.html
jobs.51job.com/all/co141918.html
jobs.51job.com/all/co141918.html
jobs.51job.com/all/co141918.html
jobs.51job.com/all/co141918.html
jobs.51job.com/all/co2630239.html
jobs.51job.com/all/co2679697.html
jobs.51job.com/all/co4441655.html
jobs.51job.com/all/co3980746.html
jobs.51job.com/all/co4542233.html
jobs.51job.com/all/co2422810.html
jobs.51job.com/all/co4412336.html
jobs.51job.com/all/co4412336.html
jobs.51job.com/all/co4865922.html
jobs.51job.com/all/co2470806.html
jobs.51job.com/all/co2470806.html
jobs.51job.com/all/co4309616.html
jobs.51job.com/all/co4309616.html
jobs.51job.com/all/co2954596.html
jobs.51job.com/all/co2954596.html
jobs.51job.com/all/co2954596.html
jobs.51job.com/all/co2954596.html
jobs.51job.com/all/co2954596.html
jobs.51job.com/all/co2954596.html
jobs.51job.com/all/co2954596.html
jobs.51job.com/all/co2954596.html
jobs.51job.com/all/co2397616.html
jobs.51job.com/all/co3648213.html
jobs.51job.com/all/co3648213.html
jobs.51job.com/all/co3648213.html
jobs.51job.com/all/co2912588.html
jobs.51job.com/all/co4946929.html
jobs.51job.com/all/co1175353.html
jobs.51job.com/all/co4938590.html
jobs.51job.com/all/co4309616.html
jobs.51job.com/all/co3833785.html
jobs.51job.com/all/co3833785.html
jobs.51job.com/all/co3833785.html
jobs.51job.com/all/co3642611.html
jobs.51job.com/all/co4868666.html
jobs.51job.com/all/co964818.html
jobs.51job.com/all/co3625041.html
jobs.51job.com/all/co3316430.html
jobs.51job.com/all/co3316430.html
jobs.51job.com/all/co3316430.html
jobs.51job.com/all/co3316430.html
jobs.51job.com/all/co2215360.html
jobs.51job.com/all/co3593410.html
jobs.51job.com/all/co2620287.html
jobs.51job.com/all/co2620287.html
jobs.51job.com/all/co4489244.html
jobs.51job.com/all/co3068527.html
jobs.51job.com/all/co4837843.html
jobs.51job.com/all/co4837843.html
jobs.51job.com/all/co4414688.html
jobs.51job.com/all/co4312280.html
jobs.51job.com/all/co3579280.html
jobs.51job.com/all/co3885299.html
jobs.51job.com/all/co3926751.html
jobs.51job.com/all/co3926751.html
jobs.51job.com/all/co2581875.html
jobs.51job.com/all/co4649153.html
jobs.51job.com/all/co4100507.html
jobs.51job.com/all/co3865123.html
jobs.51job.com/all/co3865123.html
jobs.51job.com/all/co3865123.html
jobs.51job.com/all/co2646477.html
jobs.51job.com/all/co3936080.html
jobs.51job.com/all/co3936080.html
jobs.51job.com/all/co3936080.html
jobs.51job.com/all/co4309616.html
jobs.51job.com/all/co322932.html
jobs.51job.com/all/co322932.html
jobs.51job.com/all/co322932.html
jobs.51job.com/all/co3150456.html
jobs.51job.com/all/co2855157.html
jobs.51job.com/all/co2622778.html
jobs.51job.com/all/co2622778.html
jobs.51job.com/all/co3651206.html
jobs.51job.com/all/co212700.html
jobs.51job.com/all/co4935607.html
jobs.51job.com/all/co3768393.html
jobs.51job.com/all/co3768393.html
jobs.51job.com/all/co2529250.html
jobs.51job.com/all/co2529250.html
jobs.51job.com/all/co2529250.html
jobs.51job.com/all/co3886174.html
jobs.51job.com/all/co4148530.html
jobs.51job.com/all/co4148530.html
jobs.51job.com/all/co2545440.html
jobs.51job.com/all/co3635309.html
jobs.51job.com/all/co4457289.html
jobs.51job.com/all/co4457289.html
jobs.51job.com/all/co4209427.html
jobs.51job.com/all/co217711.html
jobs.51job.com/all/co3573940.html
jobs.51job.com/all/co4919298.html
jobs.51job.com/all/co242222.html
jobs.51job.com/all/co3444305.html
jobs.51job.com/all/co3444305.html
jobs.51job.com/all/co2386899.html
jobs.51job.com/all/co3059351.html
jobs.51job.com/all/co3059351.html
jobs.51job.com/all/co3573940.html
jobs.51job.com/all/co3573940.html
jobs.51job.com/all/co4421835.html
jobs.51job.com/all/co4421835.html
jobs.51job.com/all/co4009300.html
jobs.51job.com/all/co4009300.html
jobs.51job.com/all/co4009300.html
jobs.51job.com/all/co2776677.html
jobs.51job.com/all/co2776677.html
jobs.51job.com/all/co2776677.html
jobs.51job.com/all/co2755238.html
jobs.51job.com/all/co2755238.html
jobs.51job.com/all/co4847596.html
jobs.51job.com/all/co4847596.html
jobs.51job.com/all/co2062573.html
jobs.51job.com/all/co2062573.html
jobs.51job.com/all/co4868964.html
jobs.51job.com/all/co4298666.html
jobs.51job.com/all/co3273192.html
jobs.51job.com/all/co4031405.html
jobs.51job.com/all/co2321271.html
jobs.51job.com/all/co2321271.html
jobs.51job.com/all/co2321271.html
jobs.51job.com/all/co2321271.html
jobs.51job.com/all/co3488435.html
jobs.51job.com/all/co3038321.html
jobs.51job.com/all/co3077836.html
jobs.51job.com/all/co2569061.html
jobs.51job.com/all/co3170821.html
jobs.51job.com/all/co3059351.html
jobs.51job.com/all/co3965000.html
jobs.51job.com/all/co4044278.html
jobs.51job.com/all/co4044278.html
jobs.51job.com/all/co4231036.html
jobs.51job.com/all/co909283.html
jobs.51job.com/all/co2018758.html
jobs.51job.com/all/co2147249.html
jobs.51job.com/all/co3221180.html
jobs.51job.com/all/co3221180.html
jobs.51job.com/all/co4298666.html
jobs.51job.com/all/co4661121.html
jobs.51job.com/all/co4008701.html
jobs.51job.com/all/co4008701.html
jobs.51job.com/all/co3647298.html
jobs.51job.com/all/co3833785.html
jobs.51job.com/all/co3833785.html
jobs.51job.com/all/co3833785.html
jobs.51job.com/all/co3833785.html
jobs.51job.com/all/co3833785.html
jobs.51job.com/all/co3833785.html
jobs.51job.com/all/co3833785.html
jobs.51job.com/all/co3833785.html
jobs.51job.com/all/co3833785.html
jobs.51job.com/all/co3833785.html
jobs.51job.com/all/co3833785.html
jobs.51job.com/all/co3833785.html
jobs.51job.com/all/co3833785.html
jobs.51job.com/all/co3833785.html
jobs.51job.com/all/co3833785.html
jobs.51job.com/all/co3833785.html
jobs.51job.com/all/co3833785.html
jobs.51job.com/all/co3833785.html
jobs.51job.com/all/co3833785.html
jobs.51job.com/all/co3833785.html
jobs.51job.com/all/co3833785.html
jobs.51job.com/all/co3833785.html
jobs.51job.com/all/co3833785.html
jobs.51job.com/all/co3833785.html
jobs.51job.com/all/co3833785.html
jobs.51job.com/all/co2936951.html
jobs.51job.com/all/co490413.html
jobs.51job.com/all/co490413.html
jobs.51job.com/all/co2306734.html
jobs.51job.com/all/co2306734.html
jobs.51job.com/all/co2407300.html
jobs.51job.com/all/co2159850.html
jobs.51job.com/all/co3819153.html
jobs.51job.com/all/co2271840.html
jobs.51job.com/all/co2271840.html
jobs.51job.com/all/co511313.html
jobs.51job.com/all/co511313.html
jobs.51job.com/all/co3979453.html
jobs.51job.com/all/co4756740.html
jobs.51job.com/all/co4756740.html
jobs.51job.com/all/co3580203.html
jobs.51job.com/all/co2651701.html
jobs.51job.com/all/co4308114.html
jobs.51job.com/all/co4029489.html
jobs.51job.com/all/co2652609.html
jobs.51job.com/all/co4371797.html
jobs.51job.com/all/co4371797.html
jobs.51job.com/all/co3751487.html
jobs.51job.com/all/co520787.html
jobs.51job.com/all/co520787.html
jobs.51job.com/all/co3059351.html
jobs.51job.com/all/co4527163.html
jobs.51job.com/all/co4029489.html
jobs.51job.com/all/co2586963.html
jobs.51job.com/all/co2644281.html
jobs.51job.com/all/co1750274.html
jobs.51job.com/all/co3879417.html
jobs.51job.com/all/co3879417.html
jobs.51job.com/all/co3458442.html
jobs.51job.com/all/co1018203.html
jobs.51job.com/all/co2668044.html
jobs.51job.com/all/co4323504.html
jobs.51job.com/all/co4869352.html
jobs.51job.com/all/co3414020.html
jobs.51job.com/all/co3414020.html
jobs.51job.com/all/co3414020.html
jobs.51job.com/all/co2225467.html
jobs.51job.com/all/co2159850.html
jobs.51job.com/all/co221969.html
jobs.51job.com/all/co221969.html
jobs.51job.com/all/co4680966.html
jobs.51job.com/all/co3901270.html
jobs.51job.com/all/co3879211.html
jobs.51job.com/all/co3900583.html
jobs.51job.com/all/co3900583.html
jobs.51job.com/all/co3900583.html
jobs.51job.com/all/co2539747.html
jobs.51job.com/all/co3059351.html
jobs.51job.com/all/co682235.html
jobs.51job.com/all/co682235.html
jobs.51job.com/all/co4322079.html
jobs.51job.com/all/co4865704.html
jobs.51job.com/all/co4627249.html
jobs.51job.com/all/co4726241.html
jobs.51job.com/all/co3172581.html
jobs.51job.com/all/co2823100.html
jobs.51job.com/all/co2306576.html
jobs.51job.com/all/co4078116.html
jobs.51job.com/all/co3059351.html
jobs.51job.com/all/co792313.html
jobs.51job.com/all/co2262047.html
jobs.51job.com/all/co2823100.html
jobs.51job.com/all/co4078116.html
jobs.51job.com/all/co2823100.html
jobs.51job.com/all/co2823100.html
jobs.51job.com/all/co3063984.html
jobs.51job.com/all/co796776.html
jobs.51job.com/all/co139663.html
jobs.51job.com/all/co2262047.html
jobs.51job.com/all/co4508058.html
jobs.51job.com/all/co4508058.html
jobs.51job.com/all/co4508058.html
jobs.51job.com/all/co1366757.html
jobs.51job.com/all/co1366757.html
jobs.51job.com/all/co4628780.html
jobs.51job.com/all/co4911889.html
jobs.51job.com/all/co1224397.html
jobs.51job.com/all/co3273328.html
jobs.51job.com/all/co3873109.html
jobs.51job.com/all/co3575916.html
jobs.51job.com/all/co3575916.html
jobs.51job.com/all/co3575916.html
jobs.51job.com/all/co3575916.html
jobs.51job.com/all/co4587249.html
jobs.51job.com/all/co4789502.html
jobs.51job.com/all/co4585421.html
jobs.51job.com/all/co4585421.html
jobs.51job.com/all/co4585421.html
jobs.51job.com/all/co4585421.html
jobs.51job.com/all/co4585421.html
jobs.51job.com/all/co4585421.html
jobs.51job.com/all/co4527101.html
jobs.51job.com/all/co2433076.html
jobs.51job.com/all/co161060.html
jobs.51job.com/all/co161060.html
jobs.51job.com/all/co4883190.html
jobs.51job.com/all/co4000950.html
jobs.51job.com/all/co3225720.html
jobs.51job.com/all/co4018576.html
jobs.51job.com/all/co4040454.html
jobs.51job.com/all/co4040454.html
jobs.51job.com/all/co198654.html
jobs.51job.com/all/co198654.html
jobs.51job.com/all/co4790121.html
jobs.51job.com/all/co3105189.html
jobs.51job.com/all/co3105189.html
jobs.51job.com/all/co3202803.html
jobs.51job.com/all/co2712916.html
jobs.51job.com/all/co3956507.html
jobs.51job.com/all/co2407300.html
jobs.51job.com/all/co135210.html
jobs.51job.com/all/co135210.html
jobs.51job.com/all/co135210.html
jobs.51job.com/all/co135210.html
jobs.51job.com/all/co3059351.html
jobs.51job.com/all/co3059351.html
jobs.51job.com/all/co3059351.html
jobs.51job.com/all/co3059351.html
tusholdings.51job.com
jobs.51job.com/all/co4764372.html
jobs.51job.com/all/co198906.html
jobs.51job.com/all/co4527101.html
jobs.51job.com/all/co3975138.html
jobs.51job.com/all/co3942962.html
jobs.51job.com/all/co316507.html
jobs.51job.com/all/co3823739.html
jobs.51job.com/all/co3823739.html
jobs.51job.com/all/co2947448.html
jobs.51job.com/all/co2826138.html
jobs.51job.com/all/co4868378.html
jobs.51job.com/all/co139663.html
jobs.51job.com/all/co139663.html
jobs.51job.com/all/co2873751.html
jobs.51job.com/all/co4789502.html
jobs.51job.com/all/co139663.html
jobs.51job.com/all/co4527101.html
jobs.51job.com/all/co792313.html
jobs.51job.com/all/co195588.html
jobs.51job.com/all/co2962770.html
jobs.51job.com/all/co4203151.html
jobs.51job.com/all/co2798260.html
jobs.51job.com/all/co2798260.html
jobs.51job.com/all/co4479213.html
jobs.51job.com/all/co4304434.html
jobs.51job.com/all/co4304434.html
jobs.51job.com/all/co2970391.html
jobs.51job.com/all/co4325969.html
jobs.51job.com/all/co4325969.html
jobs.51job.com/all/co4203151.html
jobs.51job.com/all/co3437828.html
jobs.51job.com/all/co4313201.html
jobs.51job.com/all/co4868378.html
jobs.51job.com/all/co2898914.html
jobs.51job.com/all/co3415513.html
jobs.51job.com/all/co3415513.html
jobs.51job.com/all/co2220020.html
jobs.51job.com/all/co2220020.html
jobs.51job.com/all/co2220020.html
jobs.51job.com/all/co2220020.html
jobs.51job.com/all/co2220020.html
jobs.51job.com/all/co4010808.html
jobs.51job.com/all/co2962770.html
jobs.51job.com/all/co2962770.html
jobs.51job.com/all/co2962770.html
jobs.51job.com/all/co2962770.html
jobs.51job.com/all/co2962770.html
jobs.51job.com/all/co2962770.html
jobs.51job.com/all/co3617006.html
jobs.51job.com/all/co3617006.html
jobs.51job.com/all/co3520063.html
jobs.51job.com/all/co3520063.html
jobs.51job.com/all/co139663.html
jobs.51job.com/all/co139663.html
jobs.51job.com/all/co139663.html
jobs.51job.com/all/co4882831.html
jobs.51job.com/all/co3280145.html
jobs.51job.com/all/co3280145.html
jobs.51job.com/all/co4280592.html
jobs.51job.com/all/co3577709.html
jobs.51job.com/all/co3577709.html
jobs.51job.com/all/co4527101.html
jobs.51job.com/all/co4527101.html
jobs.51job.com/all/co3886577.html
jobs.51job.com/all/co3886577.html
jobs.51job.com/all/co726992.html
jobs.51job.com/all/co726992.html
jobs.51job.com/all/co210104.html
jobs.51job.com/all/co2247867.html
jobs.51job.com/all/co2247867.html
jobs.51job.com/all/co4642143.html
jobs.51job.com/all/co4649988.html
jobs.51job.com/all/co2554037.html
jobs.51job.com/all/co2554037.html
jobs.51job.com/all/co2554037.html
jobs.51job.com/all/co2554037.html
jobs.51job.com/all/co2554037.html
jobs.51job.com/all/co4789502.html
jobs.51job.com/all/co4369438.html
jobs.51job.com/all/co3942962.html
jobs.51job.com/all/co3138320.html
jobs.51job.com/all/co4766389.html
jobs.51job.com/all/co4671267.html
jobs.51job.com/all/co4671267.html
jobs.51job.com/all/co4671267.html
jobs.51job.com/all/co4671267.html
jobs.51job.com/all/co4671267.html
jobs.51job.com/all/co4671267.html
jobs.51job.com/all/co4308861.html
jobs.51job.com/all/co3894760.html
jobs.51job.com/all/co4865781.html
jobs.51job.com/all/co4540932.html
jobs.51job.com/all/co2567042.html
jobs.51job.com/all/co2055604.html
jobs.51job.com/all/co4113685.html
jobs.51job.com/all/co3262369.html
jobs.51job.com/all/co2740526.html
jobs.51job.com/all/co2740526.html
jobs.51job.com/all/co1295138.html
jobs.51job.com/all/co3796239.html
jobs.51job.com/all/co4765366.html
jobs.51job.com/all/co4765366.html
jobs.51job.com/all/co2317119.html
jobs.51job.com/all/co2520156.html
jobs.51job.com/all/co4243346.html
jobs.51job.com/all/co2563956.html
jobs.51job.com/all/co3777074.html
jobs.51job.com/all/co2826138.html
jobs.51job.com/all/co2826138.html
jobs.51job.com/all/co2826138.html
jobs.51job.com/all/co3031850.html
jobs.51job.com/all/co3031850.html
jobs.51job.com/all/co2742977.html
jobs.51job.com/all/co3660564.html
jobs.51job.com/all/co2460539.html
jobs.51job.com/all/co2460539.html
jobs.51job.com/all/co2460539.html
jobs.51job.com/all/co3107251.html
jobs.51job.com/all/co4783526.html
jobs.51job.com/all/co4300348.html
jobs.51job.com/all/co3823739.html
jobs.51job.com/all/co102126.html
jobs.51job.com/all/co4071763.html
jobs.51job.com/all/co2679697.html
jobs.51job.com/all/co3257578.html
jobs.51job.com/all/co3257578.html
jobs.51job.com/all/co3257578.html
jobs.51job.com/all/co221969.html
jobs.51job.com/all/co221969.html
jobs.51job.com/all/co221969.html
jobs.51job.com/all/co221969.html
jobs.51job.com/all/co221969.html
jobs.51job.com/all/co221969.html
jobs.51job.com/all/co4542350.html
jobs.51job.com/all/co3154531.html
jobs.51job.com/all/co3861607.html
jobs.51job.com/all/co4789502.html
jobs.51job.com/all/co2934287.html
jobs.51job.com/all/co2934287.html
jobs.51job.com/all/co2934287.html
jobs.51job.com/all/co2934287.html
jobs.51job.com/all/co2934287.html
jobs.51job.com/all/co2934287.html
jobs.51job.com/all/co3170029.html
jobs.51job.com/all/co3170029.html
jobs.51job.com/all/co3170029.html
jobs.51job.com/all/co2148228.html
jobs.51job.com/all/co3221326.html
jobs.51job.com/all/co2676295.html
jobs.51job.com/all/co2676295.html
jobs.51job.com/all/co2676295.html
jobs.51job.com/all/co2676295.html
jobs.51job.com/all/co2676295.html
jobs.51job.com/all/co4655075.html
jobs.51job.com/all/co3291960.html
jobs.51job.com/all/co3291960.html
jobs.51job.com/all/co3580763.html
jobs.51job.com/all/co3580763.html
jobs.51job.com/all/co3580763.html
jobs.51job.com/all/co4282472.html
jobs.51job.com/all/co2751051.html
jobs.51job.com/all/co2751051.html
jobs.51job.com/all/co3059729.html
jobs.51job.com/all/co3059729.html
jobs.51job.com/all/co3059729.html
jobs.51job.com/all/co3059729.html
jobs.51job.com/all/co3059729.html
jobs.51job.com/all/co3059729.html
jobs.51job.com/all/co3059729.html
jobs.51job.com/all/co3059729.html
jobs.51job.com/all/co3257578.html
jobs.51job.com/all/co3257578.html
jobs.51job.com/all/co217711.html
jobs.51job.com/all/co217711.html
jobs.51job.com/all/co4760670.html
jobs.51job.com/all/co156141.html
jobs.51job.com/all/co4478322.html
jobs.51job.com/all/co191452.html
jobs.51job.com/all/co191452.html
jobs.51job.com/all/co191452.html
jobs.51job.com/all/co3853131.html
jobs.51job.com/all/co3853131.html
jobs.51job.com/all/co3874083.html
jobs.51job.com/all/co3874083.html
jobs.51job.com/all/co3874083.html
jobs.51job.com/all/co2718014.html
jobs.51job.com/all/co2718014.html
jobs.51job.com/all/co4593088.html
jobs.51job.com/all/co156141.html
jobs.51job.com/all/co2656074.html
jobs.51job.com/all/co2656074.html
jobs.51job.com/all/co2656074.html
jobs.51job.com/all/co1994492.html
jobs.51job.com/all/co3699605.html
jobs.51job.com/all/co135210.html
jobs.51job.com/all/co3846650.html
jobs.51job.com/all/co3846650.html
jobs.51job.com/all/co2922222.html
jobs.51job.com/all/co2922222.html
jobs.51job.com/all/co3693949.html
jobs.51job.com/all/co2644281.html
jobs.51job.com/all/co2644281.html
jobs.51job.com/all/co2644281.html
jobs.51job.com/all/co2644281.html
jobs.51job.com/all/co2644281.html
jobs.51job.com/all/co2644281.html
jobs.51job.com/all/co114531.html
jobs.51job.com/all/co4275325.html
jobs.51job.com/all/co4275325.html
jobs.51job.com/all/co4275325.html
jobs.51job.com/all/co4275325.html
jobs.51job.com/all/co4275325.html
jobs.51job.com/all/co4031405.html
jobs.51job.com/all/co4478322.html
jobs.51job.com/all/co1993160.html
jobs.51job.com/all/co3093296.html
jobs.51job.com/all/co3093296.html
jobs.51job.com/all/co3093296.html
jobs.51job.com/all/co2217191.html
jobs.51job.com/all/co3606391.html
jobs.51job.com/all/co1991726.html
jobs.51job.com/all/co1991726.html
jobs.51job.com/all/co2934287.html
jobs.51job.com/all/co3057191.html
jobs.51job.com/all/co2236117.html
jobs.51job.com/all/co2236117.html
jobs.51job.com/all/co2225467.html
jobs.51job.com/all/co3837444.html
jobs.51job.com/all/co3837444.html
jobs.51job.com/all/co3837444.html
jobs.51job.com/all/co3837444.html
jobs.51job.com/all/co3837444.html
jobs.51job.com/all/co3837444.html
jobs.51job.com/all/co2381084.html
jobs.51job.com/all/co217711.html
jobs.51job.com/all/co217711.html
jobs.51job.com/all/co217711.html
jobs.51job.com/all/co217711.html
jobs.51job.com/all/co2381084.html
jobs.51job.com/all/co2381084.html
jobs.51job.com/all/co2381084.html
jobs.51job.com/all/co3755791.html
jobs.51job.com/all/co3755791.html
jobs.51job.com/all/co3755791.html
jobs.51job.com/all/co3081883.html
jobs.51job.com/all/co4403350.html
jobs.51job.com/all/co4352202.html
jobs.51job.com/all/co4352202.html
jobs.51job.com/all/co4352202.html
jobs.51job.com/all/co4105390.html
jobs.51job.com/all/co4105390.html
jobs.51job.com/all/co4105390.html
jobs.51job.com/all/co4403350.html
jobs.51job.com/all/co152302.html
jobs.51job.com/all/co3699605.html
jobs.51job.com/all/co3886577.html
jobs.51job.com/all/co101597.html
jobs.51job.com/all/co101597.html
jobs.51job.com/all/co4219220.html
jobs.51job.com/all/co4219234.html
jobs.51job.com/all/co3059351.html
jobs.51job.com/all/co3059351.html
jobs.51job.com/all/co3059351.html
jobs.51job.com/all/co2922377.html
jobs.51job.com/all/co4219234.html
jobs.51job.com/all/co4219234.html
jobs.51job.com/all/co4219234.html
jobs.51job.com/all/co4219234.html
jobs.51job.com/all/co4219220.html
jobs.51job.com/all/co4219220.html
jobs.51job.com/all/co101597.html
jobs.51job.com/all/co4694872.html
jobs.51job.com/all/co2618263.html
jobs.51job.com/all/co2618263.html
jobs.51job.com/all/co4206765.html
jobs.51job.com/all/co4684724.html
jobs.51job.com/all/co4684724.html
jobs.51job.com/all/co4684724.html
jobs.51job.com/all/co3597846.html
jobs.51job.com/all/co4093129.html
jobs.51job.com/all/co4683042.html
jobs.51job.com/all/co2388786.html
jobs.51job.com/all/co4313663.html
jobs.51job.com/all/co4524701.html
jobs.51job.com/all/co4524701.html
jobs.51job.com/all/co2495041.html
jobs.51job.com/all/co2553902.html
jobs.51job.com/all/co2953171.html
jobs.51job.com/all/co3172581.html
jobs.51job.com/all/co297249.html
jobs.51job.com/all/co4147410.html
jobs.51job.com/all/co2898531.html
jobs.51job.com/all/co4384387.html
jobs.51job.com/all/co3025182.html
jobs.51job.com/all/co3025182.html
jobs.51job.com/all/co2913486.html
jobs.51job.com/all/co2913486.html
jobs.51job.com/all/co2679554.html
jobs.51job.com/all/co3874514.html
jobs.51job.com/all/co4782868.html
jobs.51job.com/all/co4913989.html
jobs.51job.com/all/co2289014.html
jobs.51job.com/all/co114531.html
jobs.51job.com/all/co3573940.html
jobs.51job.com/all/co3879211.html
jobs.51job.com/all/co4927869.html
jobs.51job.com/all/co4764372.html
jobs.51job.com/all/co4766389.html
jobs.51job.com/all/co4478322.html
jobs.51job.com/all/co4789502.html
jobs.51job.com/all/co2934287.html
jobs.51job.com/all/co2934287.html
jobs.51job.com/all/co3291960.html
