jobs.51job.com/all/co4570033.html
jobs.51job.com/all/co3264106.html
jobs.51job.com/all/co4433917.html
jobs.51job.com/all/co3352774.html
jobs.51job.com/all/co4762878.html
jobs.51job.com/all/co1203793.html
jobs.51job.com/all/co4854607.html
jobs.51job.com/all/co3484540.html
jobs.51job.com/all/co4929101.html
jobs.51job.com/all/co1297926.html
jobs.51job.com/all/co4475141.html
jobs.51job.com/all/co3743379.html
jobs.51job.com/all/co3964886.html
jobs.51job.com/all/co2825952.html
jobs.51job.com/all/co439469.html
jobs.51job.com/all/co3164090.html
jobs.51job.com/all/co4947709.html
jobs.51job.com/all/co4814592.html
jobs.51job.com/all/co4897900.html
jobs.51job.com/all/co3852363.html
jobs.51job.com/all/co4117104.html
jobs.51job.com/all/co2747394.html
jobs.51job.com/all/co4130895.html
jobs.51job.com/all/co2343195.html
jobs.51job.com/all/co2709408.html
jobs.51job.com/all/co4204156.html
jobs.51job.com/all/co307597.html
jobs.51job.com/all/co3947972.html
jobs.51job.com/all/co4233785.html
jobs.51job.com/all/co3544280.html
jobs.51job.com/all/co4538349.html
jobs.51job.com/all/co2614885.html
jobs.51job.com/all/co2375171.html
jobs.51job.com/all/co2923284.html
jobs.51job.com/all/co2261890.html
jobs.51job.com/all/co3012324.html
jobs.51job.com/all/co3746183.html
jobs.51job.com/all/co1992633.html
jobs.51job.com/all/co4866870.html
jobs.51job.com/all/co3895425.html
jobs.51job.com/all/co4838058.html
jobs.51job.com/all/co179932.html
jobs.51job.com/all/co2993021.html
jobs.51job.com/all/co4209235.html
jobs.51job.com/all/co3713417.html
jobs.51job.com/all/co2697084.html
jobs.51job.com/all/co3512284.html
jobs.51job.com/all/co139663.html
jobs.51job.com/all/co358022.html
jobs.51job.com/all/co4847849.html
jobs.51job.com/all/co4873839.html
jobs.51job.com/all/co2703315.html
jobs.51job.com/all/co4865527.html
jobs.51job.com/all/co2979111.html
jobs.51job.com/all/co3929902.html
jobs.51job.com/all/co2632072.html
jobs.51job.com/all/co4421226.html
jobs.51job.com/all/co4624464.html
jobs.51job.com/all/co4570569.html
jobs.51job.com/all/co3977721.html
jobs.51job.com/all/co2507622.html
jobs.51job.com/all/co4786450.html
jobs.51job.com/all/co2212352.html
jobs.51job.com/all/co127840.html
jobs.51job.com/all/co4138235.html
jobs.51job.com/all/co2554037.html
jobs.51job.com/all/co4541673.html
jobs.51job.com/all/co4817648.html
jobs.51job.com/all/co4404238.html
jobs.51job.com/all/co4453789.html
jobs.51job.com/all/co2581294.html
jobs.51job.com/all/co3661857.html
jobs.51job.com/all/co3248578.html
jobs.51job.com/all/co4756532.html
jobs.51job.com/all/co2012754.html
jobs.51job.com/all/co3584292.html
jobs.51job.com/all/co288422.html
jobs.51job.com/all/co2736644.html
jobs.51job.com/all/co2354445.html
jobs.51job.com/all/co208149.html
jobs.51job.com/all/co4863450.html
jobs.51job.com/all/co3287788.html
jobs.51job.com/all/co4555161.html
jobs.51job.com/all/co4875147.html
jobs.51job.com/all/co4150218.html
jobs.51job.com/all/co2238072.html
jobs.51job.com/all/co3593001.html
jobs.51job.com/all/co3943573.html
jobs.51job.com/all/co2721861.html
jobs.51job.com/all/co4715115.html
jobs.51job.com/all/co4201478.html
jobs.51job.com/all/co4863277.html
jobs.51job.com/all/co4319327.html
jobs.51job.com/all/co4920404.html
jobs.51job.com/all/co3350834.html
jobs.51job.com/all/co3801557.html
jobs.51job.com/all/co268894.html
jobs.51job.com/all/co3843051.html
jobs.51job.com/all/co4367861.html
jobs.51job.com/all/co2574961.html
jobs.51job.com/all/co3428886.html
jobs.51job.com/all/co4144734.html
jobs.51job.com/all/co4212770.html
jobs.51job.com/all/co2672353.html
jobs.51job.com/all/co3272794.html
jobs.51job.com/all/co2612438.html
jobs.51job.com/all/co4862767.html
jobs.51job.com/all/co3834445.html
jobs.51job.com/all/co3074063.html
jobs.51job.com/all/co3991808.html
jobs.51job.com/all/co2770478.html
jobs.51job.com/all/co3881856.html
jobs.51job.com/all/co2833077.html
jobs.51job.com/all/co4783513.html
jobs.51job.com/all/co231712.html
jobs.51job.com/all/co3927699.html
jobs.51job.com/all/co4518591.html
jobs.51job.com/all/co4875191.html
jobs.51job.com/all/co2633687.html
jobs.51job.com/all/co2660353.html
jobs.51job.com/all/co4141717.html
jobs.51job.com/all/co2425662.html
jobs.51job.com/all/co2280238.html
jobs.51job.com/all/co4351799.html
jobs.51job.com/all/co4239243.html
jobs.51job.com/all/co4533392.html
jobs.51job.com/all/co1606947.html
jobs.51job.com/all/co2282341.html
jobs.51job.com/all/co3645991.html
career.h3c.com
jobs.51job.com/all/co4446542.html
jobs.51job.com/all/co4446530.html
jobs.51job.com/all/co3440228.html
jobs.51job.com/all/co3827456.html
jobs.51job.com/all/co2925000.html
jobs.51job.com/all/co3230101.html
jobs.51job.com/all/co4861709.html
jobs.51job.com/all/co2645925.html
jobs.51job.com/all/co3417296.html
jobs.51job.com/all/co3612713.html
jobs.51job.com/all/co2728319.html
jobs.51job.com/all/co3804528.html
jobs.51job.com/all/co2623771.html
jobs.51job.com/all/co3874094.html
jobs.51job.com/all/co2886371.html
jobs.51job.com/all/co4943394.html
jobs.51job.com/all/co4082699.html
jobs.51job.com/all/co4633329.html
jobs.51job.com/all/co3371974.html
jobs.51job.com/all/co2489232.html
jobs.51job.com/all/co2521357.html
jobs.51job.com/all/co4813038.html
jobs.51job.com/all/co3925765.html
jobs.51job.com/all/co2679697.html
jobs.51job.com/all/co2263332.html
jobs.51job.com/all/co4851795.html
jobs.51job.com/all/co3350901.html
jobs.51job.com/all/co4740383.html
jobs.51job.com/all/co2014283.html
jobs.51job.com/all/co4120883.html
jobs.51job.com/all/co2898914.html
jobs.51job.com/all/co3992016.html
jobs.51job.com/all/co3150491.html
jobs.51job.com/all/co2650.html
jobs.51job.com/all/co2581971.html
jobs.51job.com/all/co3031688.html
jobs.51job.com/all/co3296347.html
jobs.51job.com/all/co2710562.html
jobs.51job.com/all/co4702560.html
jobs.51job.com/all/co2680683.html
jobs.51job.com/all/co3132685.html
jobs.51job.com/all/co2161908.html
jobs.51job.com/all/co3878693.html
jobs.51job.com/all/co2827749.html
jobs.51job.com/all/co2848598.html
jobs.51job.com/all/co3167302.html
jobs.51job.com/all/co2165057.html
jobs.51job.com/all/co3995304.html
jobs.51job.com/all/co3217624.html
jobs.51job.com/all/co4562593.html
jobs.51job.com/all/co520989.html
jobs.51job.com/all/co4497558.html
jobs.51job.com/all/co3966522.html
jobs.51job.com/all/co3829076.html
jobs.51job.com/all/co184262.html
jobs.51job.com/all/co3916503.html
jobs.51job.com/all/co4926851.html
jobs.51job.com/all/co2907548.html
jobs.51job.com/all/co158332.html
jobs.51job.com/all/co4698488.html
jobs.51job.com/all/co2552125.html
jobs.51job.com/all/co964818.html
jobs.51job.com/all/co304867.html
jobs.51job.com/all/co3612833.html
jobs.51job.com/all/co4662004.html
jobs.51job.com/all/co2417055.html
jobs.51job.com/all/co4571075.html
jobs.51job.com/all/co3152765.html
jobs.51job.com/all/co867754.html
jobs.51job.com/all/co4741223.html
jobs.51job.com/all/co2966487.html
jobs.51job.com/all/co3836603.html
jobs.51job.com/all/co4071301.html
jobs.51job.com/all/co4904904.html
jobs.51job.com/all/co2619394.html
jobs.51job.com/all/co2594741.html
jobs.51job.com/all/co4801785.html
jobs.51job.com/all/co2853165.html
jobs.51job.com/all/co2685629.html
jobs.51job.com/all/co2105732.html
jobs.51job.com/all/co123291.html
jobs.51job.com/all/co4391028.html
jobs.51job.com/all/co4656417.html
jobs.51job.com/all/co114531.html
jobs.51job.com/all/co4352554.html
jobs.51job.com/all/co3437705.html
jobs.51job.com/all/co4466341.html
jobs.51job.com/all/co1101380.html
jobs.51job.com/all/co2776059.html
jobs.51job.com/all/co2630697.html
jobs.51job.com/all/co3357301.html
jobs.51job.com/all/co4388170.html
jobs.51job.com/all/co2708705.html
jobs.51job.com/all/co3054321.html
jobs.51job.com/all/co4322015.html
jobs.51job.com/all/co2997525.html
jobs.51job.com/all/co4646607.html
jobs.51job.com/all/co4934644.html
jobs.51job.com/all/co3444305.html
jobs.51job.com/all/co3047825.html
jobs.51job.com/all/co4822529.html
jobs.51job.com/all/co4578049.html
jobs.51job.com/all/co2936919.html
jobs.51job.com/all/co3232731.html
jobs.51job.com/all/co3029034.html
jobs.51job.com/all/co4344622.html
jobs.51job.com/all/co230722.html
jobs.51job.com/all/co3540068.html
jobs.51job.com/all/co2147249.html
jobs.51job.com/all/co3701312.html
jobs.51job.com/all/co2014970.html
jobs.51job.com/all/co2827466.html
jobs.51job.com/all/co4241563.html
jobs.51job.com/all/co3833785.html
jobs.51job.com/all/co2257090.html
jobs.51job.com/all/co4509944.html
jobs.51job.com/all/co3504085.html
jobs.51job.com/all/co4157198.html
jobs.51job.com/all/co4024919.html
jobs.51job.com/all/co2571158.html
jobs.51job.com/all/co3718896.html
jobs.51job.com/all/co4570019.html
jobs.51job.com/all/co2572528.html
jobs.51job.com/all/co4915984.html
jobs.51job.com/all/co3064065.html
jobs.51job.com/all/co4871364.html
jobs.51job.com/all/co3164484.html
jobs.51job.com/all/co4323030.html
jobs.51job.com/all/co4567114.html
jobs.51job.com/all/co199137.html
jobs.51job.com/all/co3531424.html
jobs.51job.com/all/co4898134.html
jobs.51job.com/all/co3682984.html
jobs.51job.com/all/co4555070.html
hdyy.51job.com
jobs.51job.com/all/co3883035.html
jobs.51job.com/all/co4784254.html
jobs.51job.com/all/co3735618.html
jobs.51job.com/all/co4091050.html
jobs.51job.com/all/co4261089.html
jobs.51job.com/all/co4209578.html
jobs.51job.com/all/co3889175.html
jobs.51job.com/all/co4543299.html
jobs.51job.com/all/co4918657.html
jobs.51job.com/all/co4756519.html
jobs.51job.com/all/co4482451.html
jobs.51job.com/all/co2630780.html
jobs.51job.com/all/co3600643.html
jobs.51job.com/all/co3073602.html
jobs.51job.com/all/co3415130.html
jobs.51job.com/all/co4756477.html
jobs.51job.com/all/co4920866.html
jobs.51job.com/all/co2567042.html
jobs.51job.com/all/co2713775.html
jobs.51job.com/all/co3743890.html
jobs.51job.com/all/co4902118.html
jobs.51job.com/all/co4365585.html
jobs.51job.com/all/co3281081.html
jobs.51job.com/all/co3225720.html
jobs.51job.com/all/co3153555.html
jobs.51job.com/all/co4225231.html
jobs.51job.com/all/co3397246.html
jobs.51job.com/all/co4896203.html
jobs.51job.com/all/co2191801.html
jobs.51job.com/all/co3944998.html
jobs.51job.com/all/co2769378.html
jobs.51job.com/all/co4855169.html
jobs.51job.com/all/co198906.html
jobs.51job.com/all/co2350101.html
jobs.51job.com/all/co4694045.html
jobs.51job.com/all/co3580763.html
jobs.51job.com/all/co3963929.html
jobs.51job.com/all/co4434797.html
jobs.51job.com/all/co4239849.html
jobs.51job.com/all/co2540092.html
jobs.51job.com/all/co3498247.html
jobs.51job.com/all/co4425104.html
jobs.51job.com/all/co4165330.html
jobs.51job.com/all/co4300721.html
jobs.51job.com/all/co4647525.html
jobs.51job.com/all/co3291960.html
jobs.51job.com/all/co4489539.html
jobs.51job.com/all/co4304434.html
jobs.51job.com/all/co2546282.html
jobs.51job.com/all/co3398066.html
jobs.51job.com/all/co1425290.html
jobs.51job.com/all/co4244714.html
jobs.51job.com/all/co3369004.html
jobs.51job.com/all/co4874497.html
jobs.51job.com/all/co3790055.html
jobs.51job.com/all/co4326960.html
jobs.51job.com/all/co4827764.html
jobs.51job.com/all/co3770483.html
jobs.51job.com/all/co4002606.html
jobs.51job.com/all/co1493464.html
jobs.51job.com/all/co2156147.html
jobs.51job.com/all/co3939677.html
jobs.51job.com/all/co3648179.html
jobs.51job.com/all/co3064561.html
jobs.51job.com/all/co4725596.html
jobs.51job.com/all/co3883757.html
jobs.51job.com/all/co4808194.html
jobs.51job.com/all/co2475150.html
jobs.51job.com/all/co4301371.html
jobs.51job.com/all/co3464007.html
jobs.51job.com/all/co3876745.html
jobs.51job.com/all/co2383297.html
jobs.51job.com/all/co4274101.html
jobs.51job.com/all/co4089525.html
jobs.51job.com/all/co4042546.html
jobs.51job.com/all/co2759381.html
jobs.51job.com/all/co4828935.html
jobs.51job.com/all/co4848734.html
jobs.51job.com/all/co4388925.html
jobs.51job.com/all/co4463921.html
jobs.51job.com/all/co3537407.html
jobs.51job.com/all/co3853451.html
jobs.51job.com/all/co4840159.html
jobs.51job.com/all/co3857618.html
jobs.51job.com/all/co3377408.html
jobs.51job.com/all/co4703250.html
jobs.51job.com/all/co4868766.html
jobs.51job.com/all/co4760396.html
jobs.51job.com/all/co4847373.html
jobs.51job.com/all/co4098141.html
jobs.51job.com/all/co2930796.html
jobs.51job.com/all/co2346721.html
jobs.51job.com/all/co4843299.html
jobs.51job.com/all/co3096383.html
jobs.51job.com/all/co4944205.html
jobs.51job.com/all/co2220020.html
jobs.51job.com/all/co2633407.html
jobs.51job.com/all/co518723.html
jobs.51job.com/all/co2565357.html
jobs.51job.com/all/co145231.html
jobs.51job.com/all/co2160069.html
jobs.51job.com/all/co2480219.html
jobs.51job.com/all/co4908572.html
jobs.51job.com/all/co2744209.html
jobs.51job.com/all/co4093264.html
jobs.51job.com/all/co4792168.html
jobs.51job.com/all/co4754478.html
jobs.51job.com/all/co3904675.html
jobs.51job.com/all/co3848425.html
jobs.51job.com/all/co2759403.html
jobs.51job.com/all/co4919212.html
jobs.51job.com/all/co2791997.html
jobs.51job.com/all/co4315159.html
jobs.51job.com/all/co2865028.html
jobs.51job.com/all/co4487896.html
jobs.51job.com/all/co3692537.html
jobs.51job.com/all/co2337718.html
jobs.51job.com/all/co2817310.html
jobs.51job.com/all/co3316398.html
jobs.51job.com/all/co2789137.html
jobs.51job.com/all/co3331329.html
jobs.51job.com/all/co3666791.html
jobs.51job.com/all/co4869690.html
jobs.51job.com/all/co3033962.html
jobs.51job.com/all/co4316090.html
jobs.51job.com/all/co1888761.html
jobs.51job.com/all/co2627320.html
jobs.51job.com/all/co3862705.html
jobs.51job.com/all/co4790031.html
jobs.51job.com/all/co1484673.html
jobs.51job.com/all/co3950670.html
jobs.51job.com/all/co2237028.html
jobs.51job.com/all/co4646675.html
jobs.51job.com/all/co146916.html
jobs.51job.com/all/co3684968.html
jobs.51job.com/all/co4098930.html
jobs.51job.com/all/co4922107.html
jobs.51job.com/all/co2481864.html
jobs.51job.com/all/co2710158.html
jobs.51job.com/all/co3287606.html
jobs.51job.com/all/co3558706.html
jobs.51job.com/all/co4844559.html
jobs.51job.com/all/co214871.html
jobs.51job.com/all/co2152808.html
jobs.51job.com/all/co2989696.html
jobs.51job.com/all/co283054.html
jobs.51job.com/all/co4159914.html
jobs.51job.com/all/co3030014.html
jobs.51job.com/all/co2263809.html
jobs.51job.com/all/co4866804.html
jobs.51job.com/all/co4772664.html
jobs.51job.com/all/co4790416.html
jobs.51job.com/all/co2015244.html
jobs.51job.com/all/co2591761.html
jobs.51job.com/all/co4640473.html
jobs.51job.com/all/co1392478.html
jobs.51job.com/all/co2684285.html
jobs.51job.com/all/co2025709.html
jobs.51job.com/all/co4146627.html
jobs.51job.com/all/co3506931.html
jobs.51job.com/all/co2817545.html
jobs.51job.com/all/co3269148.html
jobs.51job.com/all/co4574340.html
jobs.51job.com/all/co3107155.html
jobs.51job.com/all/co3934617.html
jobs.51job.com/all/co2668209.html
jobs.51job.com/all/co4492444.html
jobs.51job.com/all/co1990495.html
jobs.51job.com/all/co3534112.html
jobs.51job.com/all/co4458808.html
jobs.51job.com/all/co3115973.html
jobs.51job.com/all/co3819785.html
jobs.51job.com/all/co4696601.html
jobs.51job.com/all/co3009992.html
jobs.51job.com/all/co4613797.html
jobs.51job.com/all/co2026670.html
jobs.51job.com/all/co4889387.html
jobs.51job.com/all/co2865802.html
jobs.51job.com/all/co4923686.html
jobs.51job.com/all/co4345036.html
jobs.51job.com/all/co4453662.html
jobs.51job.com/all/co3510684.html
jobs.51job.com/all/co4698207.html
jobs.51job.com/all/co3471858.html
jobs.51job.com/all/co4769171.html
jobs.51job.com/all/co2650975.html
jobs.51job.com/all/co3535200.html
jobs.51job.com/all/co312763.html
jobs.51job.com/all/co2307404.html
jobs.51job.com/all/co3771812.html
jobs.51job.com/all/co2273274.html
jobs.51job.com/all/co4130209.html
jobs.51job.com/all/co2491438.html
jobs.51job.com/all/co4366292.html
jobs.51job.com/all/co2232933.html
jobs.51job.com/all/co4749124.html
jobs.51job.com/all/co3926736.html
jobs.51job.com/all/co3317243.html
jobs.51job.com/all/co3075974.html
jobs.51job.com/all/co3333410.html
jobs.51job.com/all/co4140673.html
jobs.51job.com/all/co3391911.html
jobs.51job.com/all/co4911443.html
jobs.51job.com/all/co4585680.html
jobs.51job.com/all/co3326421.html
jobs.51job.com/all/co3643550.html
jobs.51job.com/all/co4106124.html
jobs.51job.com/all/co2826058.html
jobs.51job.com/all/co2243954.html
jobs.51job.com/all/co3305147.html
jobs.51job.com/all/co2610035.html
jobs.51job.com/all/co2685422.html
jobs.51job.com/all/co2564197.html
jobs.51job.com/all/co4561770.html
jobs.51job.com/all/co4636400.html
jobs.51job.com/all/co2374066.html
jobs.51job.com/all/co2137073.html
jobs.51job.com/all/co4313872.html
jobs.51job.com/all/co4754150.html
jobs.51job.com/all/co4237095.html
jobs.51job.com/all/co4343835.html
jobs.51job.com/all/co405407.html
jobs.51job.com/all/co4295162.html
jobs.51job.com/all/co2693830.html
jobs.51job.com/all/co4564970.html
jobs.51job.com/all/co4021510.html
jobs.51job.com/all/co4670236.html
jobs.51job.com/all/co2551354.html
jobs.51job.com/all/co4114652.html
jobs.51job.com/all/co2708950.html
jobs.51job.com/all/co3420179.html
jobs.51job.com/all/co4777899.html
jobs.51job.com/all/co3102836.html
hdyy.51job.com
jobs.51job.com/all/co3768172.html
jobs.51job.com/all/co4798699.html
jobs.51job.com/all/co4165401.html
jobs.51job.com/all/co3962097.html
jobs.51job.com/all/co3618749.html
jobs.51job.com/all/co2508326.html
jobs.51job.com/all/co3600578.html
jobs.51job.com/all/co1980864.html
jobs.51job.com/all/co4255771.html
jobs.51job.com/all/co4522408.html
jobs.51job.com/all/co4538700.html
jobs.51job.com/all/co4331999.html
jobs.51job.com/all/co4948316.html
jobs.51job.com/all/co4686945.html
jobs.51job.com/all/co4518679.html
jobs.51job.com/all/co195653.html
jobs.51job.com/all/co4594914.html
jobs.51job.com/all/co2982158.html
jobs.51job.com/all/co4890381.html
jobs.51job.com/all/co3536084.html
jobs.51job.com/all/co3336206.html
jobs.51job.com/all/co2672007.html
jobs.51job.com/all/co2796479.html
jobs.51job.com/all/co4783192.html
jobs.51job.com/all/co2731084.html
jobs.51job.com/all/co2551450.html
jobs.51job.com/all/co2644326.html
jobs.51job.com/all/co4716478.html
jobs.51job.com/all/co1991749.html
jobs.51job.com/all/co2565007.html
jobs.51job.com/all/co4287095.html
msdchina.51job.com
jobs.51job.com/all/co4040593.html
jobs.51job.com/all/co4195552.html
jobs.51job.com/all/co3179815.html
jobs.51job.com/all/co4463905.html
jobs.51job.com/all/co3153394.html
jobs.51job.com/all/co2750569.html
jobs.51job.com/all/co2225467.html
jobs.51job.com/all/co4085907.html
jobs.51job.com/all/co3138561.html
jobs.51job.com/all/co3757037.html
jobs.51job.com/all/co2874693.html
jobs.51job.com/all/co3370725.html
jobs.51job.com/all/co3687560.html
jobs.51job.com/all/co2724621.html
jobs.51job.com/all/co4802637.html
jobs.51job.com/all/co4783727.html
jobs.51job.com/all/co2014501.html
jobs.51job.com/all/co4776377.html
jobs.51job.com/all/co2858490.html
jobs.51job.com/all/co4590799.html
jobs.51job.com/all/co3014199.html
jobs.51job.com/all/co3561988.html
jobs.51job.com/all/co2920865.html
jobs.51job.com/all/co3652486.html
jobs.51job.com/all/co268278.html
jobs.51job.com/all/co4691572.html
jobs.51job.com/all/co3864102.html
jobs.51job.com/all/co4817166.html
jobs.51job.com/all/co3481854.html
jobs.51job.com/all/co4576595.html
jobs.51job.com/all/co3089554.html
jobs.51job.com/all/co2842074.html
jobs.51job.com/all/co4413861.html
jobs.51job.com/all/co3748306.html
jobs.51job.com/all/co4616450.html
jobs.51job.com/all/co4043398.html
jobs.51job.com/all/co3927421.html
jobs.51job.com/all/co4017208.html
jobs.51job.com/all/co4943711.html
jobs.51job.com/all/co4677578.html
jobs.51job.com/all/co4757491.html
jobs.51job.com/all/co4560138.html
jobs.51job.com/all/co4290118.html
jobs.51job.com/all/co4263684.html
jobs.51job.com/all/co3726023.html
jobs.51job.com/all/co4527600.html
jobs.51job.com/all/co3124192.html
jobs.51job.com/all/co4395220.html
jobs.51job.com/all/co4842303.html
jobs.51job.com/all/co4482397.html
jobs.51job.com/all/co4457317.html
jobs.51job.com/all/co2097307.html
jobs.51job.com/all/co4779702.html
jobs.51job.com/all/co4784780.html
jobs.51job.com/all/co4761029.html
jobs.51job.com/all/co4741240.html
jobs.51job.com/all/co3590228.html
jobs.51job.com/all/co4038885.html
jobs.51job.com/all/co3544125.html
jobs.51job.com/all/co4543168.html
jobs.51job.com/all/co2511697.html
jobs.51job.com/all/co2268483.html
jobs.51job.com/all/co4124419.html
jobs.51job.com/all/co4738378.html
jobs.51job.com/all/co3972123.html
jobs.51job.com/all/co3859848.html
jobs.51job.com/all/co2752140.html
jobs.51job.com/all/co3918601.html
jobs.51job.com/all/co3622575.html
jobs.51job.com/all/co2750095.html
jobs.51job.com/all/co2876749.html
jobs.51job.com/all/co4845594.html
jobs.51job.com/all/co4701745.html
jobs.51job.com/all/co2231467.html
jobs.51job.com/all/co4909974.html
jobs.51job.com/all/co2665188.html
jobs.51job.com/all/co3302555.html
jobs.51job.com/all/co2735973.html
jobs.51job.com/all/co307716.html
jobs.51job.com/all/co2226837.html
jobs.51job.com/all/co2325579.html
jobs.51job.com/all/co2480797.html
jobs.51job.com/all/co3989766.html
jobs.51job.com/all/co3920448.html
jobs.51job.com/all/co3306882.html
jobs.51job.com/all/co2812668.html
jobs.51job.com/all/co3244137.html
jobs.51job.com/all/co4868666.html
jobs.51job.com/all/co2170054.html
jobs.51job.com/all/co2530389.html
jobs.51job.com/all/co3625041.html
jobs.51job.com/all/co3317144.html
jobs.51job.com/all/co3178462.html
jobs.51job.com/all/co4780810.html
jobs.51job.com/all/co3495435.html
jobs.51job.com/all/co3416848.html
jobs.51job.com/all/co4754811.html
jobs.51job.com/all/co4012123.html
jobs.51job.com/all/co4100550.html
jobs.51job.com/all/co4147084.html
jobs.51job.com/all/co2666193.html
jobs.51job.com/all/co2684574.html
jobs.51job.com/all/co2848330.html
jobs.51job.com/all/co2301833.html
jobs.51job.com/all/co2569574.html
jobs.51job.com/all/co2578924.html
jobs.51job.com/all/co3096755.html
jobs.51job.com/all/co2814464.html
jobs.51job.com/all/co3696855.html
jobs.51job.com/all/co4443995.html
jobs.51job.com/all/co4858709.html
jobs.51job.com/all/co2847544.html
jobs.51job.com/all/co4543106.html
jobs.51job.com/all/co541301.html
jobs.51job.com/all/co4296951.html
jobs.51job.com/all/co3841490.html
jobs.51job.com/all/co2289021.html
jobs.51job.com/all/co4491837.html
weizheng.51job.com
jobs.51job.com/all/co2847879.html
jobs.51job.com/all/co2002922.html
jobs.51job.com/all/co468523.html
jobs.51job.com/all/co4641004.html
jobs.51job.com/all/co3629256.html
jobs.51job.com/all/co4496232.html
jobs.51job.com/all/co3172779.html
jobs.51job.com/all/co4341314.html
jobs.51job.com/all/co3818922.html
jobs.51job.com/all/co3291486.html
jobs.51job.com/all/co2219414.html
jobs.51job.com/all/co3811125.html
jobs.51job.com/all/co3237471.html
jobs.51job.com/all/co4644256.html
jobs.51job.com/all/co4142287.html
jobs.51job.com/all/co4787877.html
jobs.51job.com/all/co3717427.html
jobs.51job.com/all/co4092549.html
jobs.51job.com/all/co4546444.html
zjsj.51job.com/
jobs.51job.com/all/co4703954.html
jobs.51job.com/all/co4807867.html
jobs.51job.com/all/co2408148.html
jobs.51job.com/all/co3581196.html
jobs.51job.com/all/co2818065.html
jobs.51job.com/all/co4338841.html
jobs.51job.com/all/co4913128.html
jobs.51job.com/all/co4337648.html
jobs.51job.com/all/co3853434.html
jobs.51job.com/all/co4927993.html
jobs.51job.com/all/co4093825.html
jobs.51job.com/all/co4335003.html
jobs.51job.com/all/co2531710.html
jobs.51job.com/all/co4542562.html
jobs.51job.com/all/co3534143.html
jobs.51job.com/all/co4280854.html
jobs.51job.com/all/co3210841.html
jobs.51job.com/all/co4862279.html
jobs.51job.com/all/co3629400.html
jobs.51job.com/all/co2035575.html
jobs.51job.com/all/co4334632.html
jobs.51job.com/all/co4858533.html
jobs.51job.com/all/co2541679.html
jobs.51job.com/all/co3867993.html
jobs.51job.com/all/co3156816.html
jobs.51job.com/all/co3248376.html
jobs.51job.com/all/co4768477.html
jobs.51job.com/all/co2524154.html
jobs.51job.com/all/co2544007.html
jobs.51job.com/all/co4756740.html
jobs.51job.com/all/co4609135.html
jobs.51job.com/all/co13333.html
jobs.51job.com/all/co4932688.html
jobs.51job.com/all/co2731653.html
jobs.51job.com/all/co2409501.html
jobs.51job.com/all/co227795.html
jobs.51job.com/all/co3605181.html
jobs.51job.com/all/co4360994.html
jobs.51job.com/all/co3687546.html
jobs.51job.com/all/co1729870.html
jobs.51job.com/all/co4557886.html
jobs.51job.com/all/co2993567.html
jobs.51job.com/all/co2586963.html
jobs.51job.com/all/co3286271.html
jobs.51job.com/all/co4163958.html
jobs.51job.com/all/co3220581.html
jobs.51job.com/all/co4700121.html
jobs.51job.com/all/co2352759.html
jobs.51job.com/all/co2540695.html
jobs.51job.com/all/co4186183.html
jobs.51job.com/all/co3062786.html
jobs.51job.com/all/co3463088.html
jobs.51job.com/all/co4932189.html
jobs.51job.com/all/co3573940.html
jobs.51job.com/all/co2661675.html
jobs.51job.com/all/co4931874.html
jobs.51job.com/all/co4843796.html
jobs.51job.com/all/co3685151.html
jobs.51job.com/all/co3927435.html
jobs.51job.com/all/co4835775.html
jobs.51job.com/all/co3544543.html
jobs.51job.com/all/co4849973.html
jobs.51job.com/all/co4846643.html
jobs.51job.com/all/co4877000.html
jobs.51job.com/all/co4923625.html
jobs.51job.com/all/co1003751.html
jobs.51job.com/all/co4731113.html
jobs.51job.com/all/co3063984.html
jobs.51job.com/all/co3303110.html
jobs.51job.com/all/co4775684.html
jobs.51job.com/all/co4667837.html
jobs.51job.com/all/co2997442.html
jobs.51job.com/all/co4467224.html
jobs.51job.com/all/co2783612.html
jobs.51job.com/all/co4756512.html
jobs.51job.com/all/co4506164.html
jobs.51job.com/all/co3925781.html
jobs.51job.com/all/co2588218.html
jobs.51job.com/all/co4216537.html
jobs.51job.com/all/co3202329.html
jobs.51job.com/all/co167072.html
jobs.51job.com/all/co1007881.html
jobs.51job.com/all/co2838883.html
jobs.51job.com/all/co4446656.html
jobs.51job.com/all/co3388768.html
jobs.51job.com/all/co4454869.html
jobs.51job.com/all/co3883600.html
jobs.51job.com/all/co4254112.html
jobs.51job.com/all/co3399922.html
jobs.51job.com/all/co2213094.html
jobs.51job.com/all/co2703102.html
jobs.51job.com/all/co4605592.html
jobs.51job.com/all/co4183681.html
jobs.51job.com/all/co3470481.html
jobs.51job.com/all/co206981.html
jobs.51job.com/all/co2900383.html
jobs.51job.com/all/co4742319.html
jobs.51job.com/all/co2618346.html
jobs.51job.com/all/co4147658.html
jobs.51job.com/all/co3665552.html
jobs.51job.com/all/co4671315.html
jobs.51job.com/all/co4644534.html
jobs.51job.com/all/co4027753.html
jobs.51job.com/all/co3038321.html
jobs.51job.com/all/co4635400.html
jobs.51job.com/all/co4667924.html
jobs.51job.com/all/co2702332.html
jobs.51job.com/all/co4436382.html
jobs.51job.com/all/co2782632.html
jobs.51job.com/all/co4308861.html
jobs.51job.com/all/co2060089.html
jobs.51job.com/all/co2500897.html
jobs.51job.com/all/co3296040.html
jobs.51job.com/all/co4618323.html
jobs.51job.com/all/co3796239.html
jobs.51job.com/all/co3510815.html
jobs.51job.com/all/co3004151.html
jobs.51job.com/all/co2742977.html
jobs.51job.com/all/co3130995.html
jobs.51job.com/all/co4441371.html
jobs.51job.com/all/co2948040.html
jobs.51job.com/all/co4859833.html
jobs.51job.com/all/co4289193.html
jobs.51job.com/all/co2558218.html
jobs.51job.com/all/co3939846.html
jobs.51job.com/all/co3922217.html
jobs.51job.com/all/co3803332.html
jobs.51job.com/all/co2965338.html
jobs.51job.com/all/co3302460.html
jobs.51job.com/all/co4277266.html
jobs.51job.com/all/co3738626.html
jobs.51job.com/all/co3152523.html
jobs.51job.com/all/co2729317.html
jobs.51job.com/all/co4628196.html
jobs.51job.com/all/co2306576.html
jobs.51job.com/all/co3059729.html
jobs.51job.com/all/co2772353.html
jobs.51job.com/all/co3853131.html
jobs.51job.com/all/co4593088.html
jobs.51job.com/all/co3562813.html
jobs.51job.com/all/co2993991.html
jobs.51job.com/all/co4284821.html
jobs.51job.com/all/co3872958.html
jobs.51job.com/all/co4231201.html
jobs.51job.com/all/co3569777.html
jobs.51job.com/all/co4866965.html
jobs.51job.com/all/co3625538.html
jobs.51job.com/all/co4237251.html
jobs.51job.com/all/co2126349.html
jobs.51job.com/all/co4835368.html
jobs.51job.com/all/co4867542.html
jobs.51job.com/all/co2911587.html
jobs.51job.com/all/co3699605.html
jobs.51job.com/all/co4580818.html
jobs.51job.com/all/co2799405.html
jobs.51job.com/all/co2618263.html
jobs.51job.com/all/co4098988.html
jobs.51job.com/all/co2753141.html
jobs.51job.com/all/co2880201.html
jobs.51job.com/all/co3453893.html
jobs.51job.com/all/co4368106.html
jobs.51job.com/all/co3960907.html
jobs.51job.com/all/co587377.html
jobs.51job.com/all/co3385410.html
jobs.51job.com/all/co4368021.html
jobs.51job.com/all/co2516178.html
jobs.51job.com/all/co2071022.html
jobs.51job.com/all/co2271883.html
jobs.51job.com/all/co1203793.html
jobs.51job.com/all/co4929101.html
jobs.51job.com/all/co4130895.html
jobs.51job.com/all/co4130895.html
jobs.51job.com/all/co307597.html
jobs.51job.com/all/co4538349.html
jobs.51job.com/all/co4538349.html
jobs.51job.com/all/co1992633.html
jobs.51job.com/all/co4838058.html
jobs.51job.com/all/co179932.html
jobs.51job.com/all/co179932.html
jobs.51job.com/all/co4209235.html
jobs.51job.com/all/co3164090.html
jobs.51job.com/all/co3713417.html
jobs.51job.com/all/co358022.html
jobs.51job.com/all/co358022.html
jobs.51job.com/all/co4847849.html
jobs.51job.com/all/co4847849.html
jobs.51job.com/all/co2632072.html
jobs.51job.com/all/co2632072.html
jobs.51job.com/all/co2632072.html
jobs.51job.com/all/co2632072.html
jobs.51job.com/all/co4421226.html
jobs.51job.com/all/co4624464.html
jobs.51job.com/all/co4433917.html
jobs.51job.com/all/co4433917.html
jobs.51job.com/all/co2507622.html
jobs.51job.com/all/co4786450.html
jobs.51job.com/all/co4786450.html
jobs.51job.com/all/co4786450.html
jobs.51job.com/all/co2554037.html
jobs.51job.com/all/co2581294.html
jobs.51job.com/all/co4929101.html
jobs.51job.com/all/co2012754.html
jobs.51job.com/all/co4150218.html
jobs.51job.com/all/co4150218.html
jobs.51job.com/all/co2238072.html
jobs.51job.com/all/co4715115.html
jobs.51job.com/all/co4715115.html
jobs.51job.com/all/co4319327.html
jobs.51job.com/all/co4920404.html
jobs.51job.com/all/co3350834.html
jobs.51job.com/all/co3350834.html
jobs.51job.com/all/co1203793.html
jobs.51job.com/all/co1203793.html
jobs.51job.com/all/co1203793.html
jobs.51job.com/all/co1203793.html
jobs.51job.com/all/co1203793.html
jobs.51job.com/all/co1203793.html
jobs.51job.com/all/co1203793.html
jobs.51job.com/all/co3272794.html
jobs.51job.com/all/co2770478.html
jobs.51job.com/all/co2833077.html
jobs.51job.com/all/co2833077.html
jobs.51job.com/all/co4518591.html
jobs.51job.com/all/co2633687.html
jobs.51job.com/all/co2280238.html
jobs.51job.com/all/co4239243.html
jobs.51job.com/all/co4239243.html
jobs.51job.com/all/co2282341.html
jobs.51job.com/all/co2282341.html
jobs.51job.com/all/co2282341.html
jobs.51job.com/all/co4446542.html
jobs.51job.com/all/co4446542.html
jobs.51job.com/all/co3827456.html
jobs.51job.com/all/co2728319.html
jobs.51job.com/all/co2728319.html
jobs.51job.com/all/co3804528.html
jobs.51job.com/all/co3804528.html
jobs.51job.com/all/co2623771.html
jobs.51job.com/all/co2623771.html
jobs.51job.com/all/co3371974.html
jobs.51job.com/all/co2521357.html
jobs.51job.com/all/co2679697.html
jobs.51job.com/all/co4204156.html
jobs.51job.com/all/co4204156.html
jobs.51job.com/all/co4740383.html
jobs.51job.com/all/co4120883.html
jobs.51job.com/all/co2898914.html
jobs.51job.com/all/co2898914.html
jobs.51job.com/all/co3150491.html
jobs.51job.com/all/co3964886.html
jobs.51job.com/all/co3964886.html
jobs.51job.com/all/co3296347.html
jobs.51job.com/all/co3296347.html
jobs.51job.com/all/co2680683.html
jobs.51job.com/all/co3132685.html
jobs.51job.com/all/co3132685.html
jobs.51job.com/all/co2848598.html
jobs.51job.com/all/co3167302.html
jobs.51job.com/all/co2165057.html
jobs.51job.com/all/co3966522.html
jobs.51job.com/all/co3829076.html
jobs.51job.com/all/co184262.html
jobs.51job.com/all/co184262.html
jobs.51job.com/all/co184262.html
jobs.51job.com/all/co184262.html
jobs.51job.com/all/co184262.html
jobs.51job.com/all/co3916503.html
jobs.51job.com/all/co2907548.html
jobs.51job.com/all/co2907548.html
jobs.51job.com/all/co3916503.html
jobs.51job.com/all/co4762878.html
jobs.51job.com/all/co4762878.html
jobs.51job.com/all/co4762878.html
jobs.51job.com/all/co4662004.html
jobs.51job.com/all/co307597.html
jobs.51job.com/all/co307597.html
jobs.51job.com/all/co3152765.html
jobs.51job.com/all/co3152765.html
jobs.51job.com/all/co867754.html
jobs.51job.com/all/co867754.html
jobs.51job.com/all/co4741223.html
jobs.51job.com/all/co4741223.html
jobs.51job.com/all/co1203793.html
jobs.51job.com/all/co4071301.html
jobs.51job.com/all/co4071301.html
jobs.51job.com/all/co4071301.html
jobs.51job.com/all/co4071301.html
jobs.51job.com/all/co4071301.html
jobs.51job.com/all/co4071301.html
jobs.51job.com/all/co4071301.html
jobs.51job.com/all/co4071301.html
jobs.51job.com/all/co4071301.html
jobs.51job.com/all/co4071301.html
jobs.51job.com/all/co2685629.html
jobs.51job.com/all/co4391028.html
jobs.51job.com/all/co4391028.html
jobs.51job.com/all/co4656417.html
jobs.51job.com/all/co114531.html
jobs.51job.com/all/co2630697.html
jobs.51job.com/all/co2630697.html
jobs.51job.com/all/co4319327.html
jobs.51job.com/all/co3444305.html
jobs.51job.com/all/co4822529.html
jobs.51job.com/all/co4822529.html
jobs.51job.com/all/co2936919.html
jobs.51job.com/all/co1203793.html
jobs.51job.com/all/co3992016.html
jobs.51job.com/all/co3992016.html
jobs.51job.com/all/co3834445.html
jobs.51job.com/all/co3834445.html
jobs.51job.com/all/co3701312.html
jobs.51job.com/all/co2571158.html
jobs.51job.com/all/co3718896.html
jobs.51job.com/all/co3054321.html
jobs.51job.com/all/co4915984.html
jobs.51job.com/all/co4915984.html
jobs.51job.com/all/co4915984.html
jobs.51job.com/all/co3064065.html
jobs.51job.com/all/co3064065.html
jobs.51job.com/all/co3064065.html
jobs.51job.com/all/co3064065.html
jobs.51job.com/all/co4871364.html
jobs.51job.com/all/co4871364.html
jobs.51job.com/all/co4567114.html
jobs.51job.com/all/co4567114.html
jobs.51job.com/all/co4567114.html
jobs.51job.com/all/co4567114.html
jobs.51job.com/all/co3834445.html
jobs.51job.com/all/co3834445.html
jobs.51job.com/all/co4784254.html
jobs.51job.com/all/co4091050.html
jobs.51job.com/all/co4091050.html
jobs.51job.com/all/co3889175.html
jobs.51job.com/all/co2710562.html
jobs.51job.com/all/co4543299.html
jobs.51job.com/all/co4543299.html
jobs.51job.com/all/co4918657.html
jobs.51job.com/all/co3834445.html
jobs.51job.com/all/co199137.html
jobs.51job.com/all/co3073602.html
jobs.51job.com/all/co4391028.html
jobs.51job.com/all/co3232731.html
jobs.51job.com/all/co3232731.html
jobs.51job.com/all/co1203793.html
jobs.51job.com/all/co3584292.html
jobs.51job.com/all/co4902118.html
jobs.51job.com/all/co3153555.html
jobs.51job.com/all/co4319327.html
jobs.51job.com/all/co3735618.html
jobs.51job.com/all/co4896203.html
jobs.51job.com/all/co2191801.html
jobs.51job.com/all/co2191801.html
jobs.51job.com/all/co2769378.html
jobs.51job.com/all/co4319327.html
jobs.51job.com/all/co2350101.html
jobs.51job.com/all/co4446530.html
jobs.51job.com/all/co4446530.html
jobs.51job.com/all/co4446530.html
jobs.51job.com/all/co3580763.html
jobs.51job.com/all/co2898914.html
jobs.51job.com/all/co4434797.html
jobs.51job.com/all/co1203793.html
jobs.51job.com/all/co1203793.html
jobs.51job.com/all/co1203793.html
jobs.51job.com/all/co3834445.html
jobs.51job.com/all/co2540092.html
jobs.51job.com/all/co4239849.html
jobs.51job.com/all/co4239849.html
jobs.51job.com/all/co4304434.html
jobs.51job.com/all/co3398066.html
jobs.51job.com/all/co4874497.html
jobs.51job.com/all/co4326960.html
jobs.51job.com/all/co3770483.html
jobs.51job.com/all/co3612833.html
jobs.51job.com/all/co2546282.html
jobs.51job.com/all/co2156147.html
jobs.51job.com/all/co3029034.html
jobs.51job.com/all/co3029034.html
jobs.51job.com/all/co3939677.html
jobs.51job.com/all/co2417055.html
jobs.51job.com/all/co2728319.html
jobs.51job.com/all/co4002606.html
jobs.51job.com/all/co3232731.html
jobs.51job.com/all/co3537407.html
jobs.51job.com/all/co3537407.html
jobs.51job.com/all/co3537407.html
jobs.51job.com/all/co4241563.html
jobs.51job.com/all/co4241563.html
jobs.51job.com/all/co4703250.html
jobs.51job.com/all/co3291960.html
jobs.51job.com/all/co4555070.html
jobs.51job.com/all/co4098141.html
jobs.51job.com/all/co4098141.html
jobs.51job.com/all/co3096383.html
jobs.51job.com/all/co3096383.html
jobs.51job.com/all/co3096383.html
jobs.51job.com/all/co3096383.html
jobs.51job.com/all/co3096383.html
jobs.51job.com/all/co3096383.html
jobs.51job.com/all/co3096383.html
jobs.51job.com/all/co3096383.html
jobs.51job.com/all/co3096383.html
jobs.51job.com/all/co3096383.html
jobs.51job.com/all/co3096383.html
jobs.51job.com/all/co3096383.html
jobs.51job.com/all/co3096383.html
jobs.51job.com/all/co3264106.html
jobs.51job.com/all/co3264106.html
jobs.51job.com/all/co3352774.html
jobs.51job.com/all/co4762878.html
jobs.51job.com/all/co1493464.html
jobs.51job.com/all/co3484540.html
jobs.51job.com/all/co3484540.html
jobs.51job.com/all/co518723.html
jobs.51job.com/all/co4475141.html
jobs.51job.com/all/co3029034.html
jobs.51job.com/all/co4093264.html
jobs.51job.com/all/co439469.html
jobs.51job.com/all/co3012324.html
jobs.51job.com/all/co139663.html
jobs.51job.com/all/co2791997.html
jobs.51job.com/all/co2791997.html
jobs.51job.com/all/co2791997.html
jobs.51job.com/all/co4863450.html
jobs.51job.com/all/co4863450.html
jobs.51job.com/all/co3031688.html
jobs.51job.com/all/co4024919.html
jobs.51job.com/all/co4261089.html
jobs.51job.com/all/co307597.html
jobs.51job.com/all/co307597.html
jobs.51job.com/all/co307597.html
jobs.51job.com/all/co2630780.html
jobs.51job.com/all/co3316398.html
jobs.51job.com/all/co2627320.html
jobs.51job.com/all/co4538349.html
jobs.51job.com/all/co4538349.html
jobs.51job.com/all/co4538349.html
jobs.51job.com/all/co4538349.html
jobs.51job.com/all/co4538349.html
jobs.51job.com/all/co3950670.html
jobs.51job.com/all/co2237028.html
jobs.51job.com/all/co4646675.html
jobs.51job.com/all/co146916.html
jobs.51job.com/all/co2261890.html
jobs.51job.com/all/co2261890.html
jobs.51job.com/all/co2261890.html
jobs.51job.com/all/co2261890.html
jobs.51job.com/all/co2261890.html
jobs.51job.com/all/co2261890.html
jobs.51job.com/all/co3012324.html
jobs.51job.com/all/co3012324.html
jobs.51job.com/all/co3746183.html
jobs.51job.com/all/co3895425.html
jobs.51job.com/all/co3895425.html
jobs.51job.com/all/co3895425.html
jobs.51job.com/all/co3484540.html
jobs.51job.com/all/co4838058.html
jobs.51job.com/all/co4838058.html
jobs.51job.com/all/co179932.html
jobs.51job.com/all/co2993021.html
jobs.51job.com/all/co4873839.html
jobs.51job.com/all/co4209235.html
jobs.51job.com/all/co4209235.html
jobs.51job.com/all/co4209235.html
jobs.51job.com/all/co3164090.html
jobs.51job.com/all/co3713417.html
jobs.51job.com/all/co3558706.html
jobs.51job.com/all/co139663.html
jobs.51job.com/all/co139663.html
jobs.51job.com/all/co358022.html
jobs.51job.com/all/co358022.html
jobs.51job.com/all/co3132685.html
jobs.51job.com/all/co2989696.html
jobs.51job.com/all/co2989696.html
jobs.51job.com/all/co283054.html
jobs.51job.com/all/co4847849.html
jobs.51job.com/all/co4847849.html
jobs.51job.com/all/co4847849.html
jobs.51job.com/all/co4847849.html
jobs.51job.com/all/co4847849.html
jobs.51job.com/all/co4873839.html
jobs.51job.com/all/co4873839.html
jobs.51job.com/all/co4873839.html
jobs.51job.com/all/co2633407.html
jobs.51job.com/all/co3929902.html
jobs.51job.com/all/co3929902.html
jobs.51job.com/all/co3929902.html
jobs.51job.com/all/co3929902.html
jobs.51job.com/all/co3929902.html
jobs.51job.com/all/co3929902.html
jobs.51job.com/all/co3929902.html
jobs.51job.com/all/co2591761.html
jobs.51job.com/all/co2684285.html
jobs.51job.com/all/co2684285.html
jobs.51job.com/all/co2684285.html
jobs.51job.com/all/co2684285.html
jobs.51job.com/all/co2684285.html
jobs.51job.com/all/co4433917.html
jobs.51job.com/all/co2025709.html
jobs.51job.com/all/co4786450.html
jobs.51job.com/all/co4786450.html
jobs.51job.com/all/co4786450.html
jobs.51job.com/all/co4786450.html
jobs.51job.com/all/co4574340.html
jobs.51job.com/all/co4574340.html
jobs.51job.com/all/co4138235.html
jobs.51job.com/all/co2554037.html
jobs.51job.com/all/co2581294.html
jobs.51job.com/all/co2581294.html
jobs.51job.com/all/co2581294.html
jobs.51job.com/all/co2581294.html
jobs.51job.com/all/co3248578.html
jobs.51job.com/all/co3819785.html
jobs.51job.com/all/co3009992.html
jobs.51job.com/all/co4756532.html
jobs.51job.com/all/co4756532.html
jobs.51job.com/all/co4345036.html
jobs.51job.com/all/co288422.html
jobs.51job.com/all/co288422.html
jobs.51job.com/all/co4698207.html
jobs.51job.com/all/co2736644.html
jobs.51job.com/all/co2354445.html
jobs.51job.com/all/co4769171.html
jobs.51job.com/all/co312763.html
jobs.51job.com/all/co312763.html
jobs.51job.com/all/co312763.html
jobs.51job.com/all/co3031688.html
jobs.51job.com/all/co4150218.html
jobs.51job.com/all/co3326421.html
jobs.51job.com/all/co3305147.html
jobs.51job.com/all/co2721861.html
jobs.51job.com/all/co2685422.html
jobs.51job.com/all/co4715115.html
jobs.51job.com/all/co4715115.html
jobs.51job.com/all/co2137073.html
jobs.51job.com/all/co2137073.html
jobs.51job.com/all/co2137073.html
jobs.51job.com/all/co2137073.html
jobs.51job.com/all/co4201478.html
jobs.51job.com/all/co4920404.html
jobs.51job.com/all/co3350834.html
jobs.51job.com/all/co3350834.html
jobs.51job.com/all/co3350834.html
jobs.51job.com/all/co3350834.html
jobs.51job.com/all/co3801557.html
jobs.51job.com/all/co2693830.html
jobs.51job.com/all/co4021510.html
jobs.51job.com/all/co4367861.html
jobs.51job.com/all/co4897900.html
jobs.51job.com/all/co4670236.html
jobs.51job.com/all/co4670236.html
jobs.51job.com/all/co3428886.html
jobs.51job.com/all/co3428886.html
jobs.51job.com/all/co4144734.html
jobs.51job.com/all/co4144734.html
jobs.51job.com/all/co3428886.html
jobs.51job.com/all/co3428886.html
jobs.51job.com/all/co3428886.html
jobs.51job.com/all/co3428886.html
jobs.51job.com/all/co2672353.html
jobs.51job.com/all/co3272794.html
jobs.51job.com/all/co2612438.html
jobs.51job.com/all/co2708950.html
jobs.51job.com/all/co2708950.html
jobs.51job.com/all/co2708950.html
jobs.51job.com/all/co4862767.html
jobs.51job.com/all/co4862767.html
jobs.51job.com/all/co3834445.html
jobs.51job.com/all/co3102836.html
hdyy.51job.com
jobs.51job.com/all/co3768172.html
jobs.51job.com/all/co4165401.html
jobs.51job.com/all/co3927699.html
jobs.51job.com/all/co3927699.html
jobs.51job.com/all/co2282341.html
jobs.51job.com/all/co1980864.html
jobs.51job.com/all/co1980864.html
jobs.51job.com/all/co1980864.html
jobs.51job.com/all/co2633687.html
jobs.51job.com/all/co2660353.html
jobs.51job.com/all/co2660353.html
jobs.51job.com/all/co4331999.html
jobs.51job.com/all/co4331999.html
jobs.51job.com/all/co4331999.html
jobs.51job.com/all/co4331999.html
jobs.51job.com/all/co4331999.html
jobs.51job.com/all/co4351799.html
jobs.51job.com/all/co4351799.html
jobs.51job.com/all/co4351799.html
jobs.51job.com/all/co4351799.html
jobs.51job.com/all/co4351799.html
jobs.51job.com/all/co3962097.html
jobs.51job.com/all/co3962097.html
jobs.51job.com/all/co195653.html
jobs.51job.com/all/co195653.html
jobs.51job.com/all/co4239243.html
jobs.51job.com/all/co4239243.html
jobs.51job.com/all/co4594914.html
jobs.51job.com/all/co4239243.html
jobs.51job.com/all/co4239243.html
jobs.51job.com/all/co2982158.html
jobs.51job.com/all/co3536084.html
jobs.51job.com/all/co3336206.html
jobs.51job.com/all/co2731084.html
jobs.51job.com/all/co2282341.html
jobs.51job.com/all/co2282341.html
jobs.51job.com/all/co2644326.html
jobs.51job.com/all/co2644326.html
jobs.51job.com/all/co2644326.html
jobs.51job.com/all/co3645991.html
jobs.51job.com/all/co3645991.html
jobs.51job.com/all/co1991749.html
jobs.51job.com/all/co1991749.html
jobs.51job.com/all/co1991749.html
jobs.51job.com/all/co1991749.html
jobs.51job.com/all/co1991749.html
jobs.51job.com/all/co4446542.html
jobs.51job.com/all/co4446530.html
jobs.51job.com/all/co4446530.html
jobs.51job.com/all/co3440228.html
jobs.51job.com/all/co3916503.html
jobs.51job.com/all/co3916503.html
jobs.51job.com/all/co4120883.html
jobs.51job.com/all/co3827456.html
jobs.51job.com/all/co2925000.html
jobs.51job.com/all/co2925000.html
jobs.51job.com/all/co2925000.html
jobs.51job.com/all/co2925000.html
jobs.51job.com/all/co2552125.html
jobs.51job.com/all/co2750569.html
jobs.51job.com/all/co3230101.html
jobs.51job.com/all/co3230101.html
jobs.51job.com/all/co3138561.html
jobs.51job.com/all/co3370725.html
jobs.51job.com/all/co3370725.html
jobs.51job.com/all/co2160069.html
jobs.51job.com/all/co3029034.html
jobs.51job.com/all/co2623771.html
jobs.51job.com/all/co2014501.html
jobs.51job.com/all/co4698488.html
jobs.51job.com/all/co3874094.html
jobs.51job.com/all/co3874094.html
jobs.51job.com/all/co3874094.html
jobs.51job.com/all/co4943394.html
jobs.51job.com/all/co4943394.html
jobs.51job.com/all/co4943394.html
jobs.51job.com/all/co4590799.html
jobs.51job.com/all/co4365585.html
jobs.51job.com/all/co4365585.html
jobs.51job.com/all/co4365585.html
jobs.51job.com/all/co3014199.html
jobs.51job.com/all/co3371974.html
jobs.51job.com/all/co3371974.html
jobs.51job.com/all/co3371974.html
jobs.51job.com/all/co3371974.html
jobs.51job.com/all/co2489232.html
jobs.51job.com/all/co2489232.html
jobs.51job.com/all/co3561988.html
jobs.51job.com/all/co2920865.html
jobs.51job.com/all/co2920865.html
jobs.51job.com/all/co2920865.html
jobs.51job.com/all/co2920865.html
jobs.51job.com/all/co2920865.html
jobs.51job.com/all/co2920865.html
jobs.51job.com/all/co3481854.html
jobs.51job.com/all/co2842074.html
jobs.51job.com/all/co2842074.html
jobs.51job.com/all/co2842074.html
jobs.51job.com/all/co2842074.html
jobs.51job.com/all/co2679697.html
jobs.51job.com/all/co4616450.html
jobs.51job.com/all/co3350901.html
jobs.51job.com/all/co4757491.html
jobs.51job.com/all/co4290118.html
jobs.51job.com/all/co3726023.html
jobs.51job.com/all/co3726023.html
jobs.51job.com/all/co3726023.html
jobs.51job.com/all/co3726023.html
jobs.51job.com/all/co3726023.html
jobs.51job.com/all/co4527600.html
jobs.51job.com/all/co4527600.html
jobs.51job.com/all/co3124192.html
jobs.51job.com/all/co4120883.html
jobs.51job.com/all/co2898914.html
jobs.51job.com/all/co2898914.html
jobs.51job.com/all/co2898914.html
jobs.51job.com/all/co2898914.html
jobs.51job.com/all/co3992016.html
jobs.51job.com/all/co3150491.html
jobs.51job.com/all/co3964886.html
jobs.51job.com/all/co3964886.html
jobs.51job.com/all/co2650.html
jobs.51job.com/all/co3544280.html
jobs.51job.com/all/co2680683.html
jobs.51job.com/all/co3918601.html
jobs.51job.com/all/co3296347.html
jobs.51job.com/all/co3296347.html
jobs.51job.com/all/co4754478.html
jobs.51job.com/all/co4702560.html
jobs.51job.com/all/co2750095.html
jobs.51job.com/all/co2710562.html
jobs.51job.com/all/co2710562.html
jobs.51job.com/all/co4702560.html
jobs.51job.com/all/co2680683.html
jobs.51job.com/all/co2680683.html
jobs.51job.com/all/co2680683.html
jobs.51job.com/all/co2680683.html
jobs.51job.com/all/co4701745.html
jobs.51job.com/all/co3132685.html
jobs.51job.com/all/co3132685.html
jobs.51job.com/all/co3132685.html
jobs.51job.com/all/co2827749.html
jobs.51job.com/all/co2665188.html
jobs.51job.com/all/co3217624.html
jobs.51job.com/all/co4562593.html
jobs.51job.com/all/co3331329.html
jobs.51job.com/all/co3331329.html
jobs.51job.com/all/co4562593.html
jobs.51job.com/all/co4562593.html
jobs.51job.com/all/co4562593.html
jobs.51job.com/all/co3600578.html
jobs.51job.com/all/co3600578.html
jobs.51job.com/all/co3600578.html
jobs.51job.com/all/co3600578.html
jobs.51job.com/all/co3966522.html
jobs.51job.com/all/co3966522.html
jobs.51job.com/all/co3966522.html
jobs.51job.com/all/co3829076.html
jobs.51job.com/all/co3829076.html
jobs.51job.com/all/co3600643.html
jobs.51job.com/all/co2966487.html
jobs.51job.com/all/co2907548.html
jobs.51job.com/all/co3244137.html
jobs.51job.com/all/co2552125.html
jobs.51job.com/all/co964818.html
jobs.51job.com/all/co3178462.html
jobs.51job.com/all/co304867.html
jobs.51job.com/all/co4780810.html
jobs.51job.com/all/co4762878.html
jobs.51job.com/all/co4762878.html
jobs.51job.com/all/co4762878.html
jobs.51job.com/all/co3612833.html
jobs.51job.com/all/co4662004.html
jobs.51job.com/all/co4662004.html
jobs.51job.com/all/co4024919.html
jobs.51job.com/all/co4024919.html
jobs.51job.com/all/co4024919.html
jobs.51job.com/all/co4024919.html
jobs.51job.com/all/co2417055.html
jobs.51job.com/all/co307597.html
jobs.51job.com/all/co307597.html
jobs.51job.com/all/co307597.html
jobs.51job.com/all/co307597.html
jobs.51job.com/all/co307597.html
jobs.51job.com/all/co3152765.html
jobs.51job.com/all/co1203793.html
jobs.51job.com/all/co2848330.html
jobs.51job.com/all/co867754.html
jobs.51job.com/all/co867754.html
jobs.51job.com/all/co4757491.html
jobs.51job.com/all/co4071301.html
jobs.51job.com/all/co3096755.html
jobs.51job.com/all/co3696855.html
jobs.51job.com/all/co2619394.html
jobs.51job.com/all/co2594741.html
jobs.51job.com/all/co4457317.html
jobs.51job.com/all/co4801785.html
jobs.51job.com/all/co4801785.html
jobs.51job.com/all/co4801785.html
jobs.51job.com/all/co2853165.html
jobs.51job.com/all/co2853165.html
jobs.51job.com/all/co2853165.html
jobs.51job.com/all/co2853165.html
jobs.51job.com/all/co2853165.html
jobs.51job.com/all/co2853165.html
jobs.51job.com/all/co2853165.html
jobs.51job.com/all/co2853165.html
jobs.51job.com/all/co2853165.html
jobs.51job.com/all/co2684574.html
jobs.51job.com/all/co3857618.html
jobs.51job.com/all/co4391028.html
jobs.51job.com/all/co114531.html
jobs.51job.com/all/co114531.html
jobs.51job.com/all/co4352554.html
jobs.51job.com/all/co4491837.html
jobs.51job.com/all/co4466341.html
jobs.51job.com/all/co2630697.html
jobs.51job.com/all/co2630697.html
jobs.51job.com/all/co2630697.html
jobs.51job.com/all/co2630697.html
jobs.51job.com/all/co2680683.html
jobs.51job.com/all/co4533392.html
jobs.51job.com/all/co4533392.html
jobs.51job.com/all/co468523.html
jobs.51job.com/all/co4641004.html
jobs.51job.com/all/co4641004.html
jobs.51job.com/all/co2191801.html
jobs.51job.com/all/co3054321.html
jobs.51job.com/all/co2289021.html
jobs.51job.com/all/co3834445.html
jobs.51job.com/all/co3232731.html
jobs.51job.com/all/co3047825.html
jobs.51job.com/all/co3811125.html
jobs.51job.com/all/co2750095.html
jobs.51job.com/all/co2684574.html
jobs.51job.com/all/co2750095.html
jobs.51job.com/all/co4934644.html
jobs.51job.com/all/co3444305.html
jobs.51job.com/all/co2847544.html
jobs.51job.com/all/co3054321.html
jobs.51job.com/all/co2776059.html
jobs.51job.com/all/co2847879.html
jobs.51job.com/all/co2847879.html
jobs.51job.com/all/co2847879.html
jobs.51job.com/all/co4322015.html
jobs.51job.com/all/co2750095.html
jobs.51job.com/all/co3377408.html
jobs.51job.com/all/co2750095.html
jobs.51job.com/all/co2936919.html
jobs.51job.com/all/co3232731.html
jobs.51job.com/all/co3232731.html
jobs.51job.com/all/co2257090.html
jobs.51job.com/all/co4338841.html
jobs.51job.com/all/co3992016.html
jobs.51job.com/all/co4913128.html
jobs.51job.com/all/co3054321.html
jobs.51job.com/all/co2769378.html
jobs.51job.com/all/co3833785.html
jobs.51job.com/all/co3833785.html
jobs.51job.com/all/co3833785.html
jobs.51job.com/all/co4157198.html
jobs.51job.com/all/co4157198.html
jobs.51job.com/all/co4157198.html
jobs.51job.com/all/co2571158.html
jobs.51job.com/all/co2571158.html
jobs.51job.com/all/co3718896.html
jobs.51job.com/all/co2684574.html
jobs.51job.com/all/co3054321.html
jobs.51job.com/all/co3054321.html
jobs.51job.com/all/co3054321.html
jobs.51job.com/all/co3054321.html
jobs.51job.com/all/co3054321.html
jobs.51job.com/all/co4915984.html
jobs.51job.com/all/co4915984.html
jobs.51job.com/all/co3064065.html
jobs.51job.com/all/co4871364.html
jobs.51job.com/all/co4871364.html
jobs.51job.com/all/co4871364.html
jobs.51job.com/all/co3164484.html
jobs.51job.com/all/co3164484.html
jobs.51job.com/all/co3210841.html
jobs.51job.com/all/co3210841.html
jobs.51job.com/all/co3210841.html
jobs.51job.com/all/co3622575.html
jobs.51job.com/all/co4567114.html
jobs.51job.com/all/co4567114.html
jobs.51job.com/all/co4790416.html
jobs.51job.com/all/co4691572.html
jobs.51job.com/all/co4768477.html
jobs.51job.com/all/co3934617.html
jobs.51job.com/all/co2524154.html
jobs.51job.com/all/co2552125.html
jobs.51job.com/all/co4927993.html
jobs.51job.com/all/co2219414.html
jobs.51job.com/all/co3804528.html
hdyy.51job.com
jobs.51job.com/all/co2191801.html
jobs.51job.com/all/co3735618.html
jobs.51job.com/all/co2993567.html
jobs.51job.com/all/co2993567.html
jobs.51job.com/all/co2993567.html
jobs.51job.com/all/co2993567.html
jobs.51job.com/all/co2586963.html
jobs.51job.com/all/co2586963.html
jobs.51job.com/all/co4543299.html
jobs.51job.com/all/co4543299.html
jobs.51job.com/all/co4543299.html
jobs.51job.com/all/co4858709.html
jobs.51job.com/all/co3062786.html
jobs.51job.com/all/co4482451.html
jobs.51job.com/all/co2225467.html
jobs.51job.com/all/co3834445.html
jobs.51job.com/all/co4932189.html
jobs.51job.com/all/co4932189.html
jobs.51job.com/all/co4932189.html
jobs.51job.com/all/co199137.html
jobs.51job.com/all/co199137.html
jobs.51job.com/all/co199137.html
jobs.51job.com/all/co4756477.html
jobs.51job.com/all/co4846643.html
jobs.51job.com/all/co3303110.html
jobs.51job.com/all/co3950670.html
jobs.51job.com/all/co2713775.html
jobs.51job.com/all/co4365585.html
jobs.51job.com/all/co4365585.html
jobs.51job.com/all/co2588218.html
jobs.51job.com/all/co3225720.html
jobs.51job.com/all/co3153555.html
jobs.51job.com/all/co3153555.html
jobs.51job.com/all/co3153555.html
jobs.51job.com/all/co3735618.html
jobs.51job.com/all/co3735618.html
jobs.51job.com/all/co3735618.html
jobs.51job.com/all/co3735618.html
jobs.51job.com/all/co3735618.html
jobs.51job.com/all/co3735618.html
jobs.51job.com/all/co4896203.html
jobs.51job.com/all/co4896203.html
jobs.51job.com/all/co4896203.html
jobs.51job.com/all/co3687546.html
jobs.51job.com/all/co3202329.html
jobs.51job.com/all/co3889175.html
jobs.51job.com/all/co3939677.html
jobs.51job.com/all/co198906.html
jobs.51job.com/all/co198906.html
jobs.51job.com/all/co4446530.html
jobs.51job.com/all/co4446530.html
jobs.51job.com/all/co4694045.html
jobs.51job.com/all/co3580763.html
jobs.51job.com/all/co3580763.html
jobs.51job.com/all/co3963929.html
jobs.51job.com/all/co3963929.html
jobs.51job.com/all/co3963929.html
jobs.51job.com/all/co3388768.html
jobs.51job.com/all/co3305147.html
jobs.51job.com/all/co4183681.html
jobs.51job.com/all/co3470481.html
jobs.51job.com/all/co4742319.html
jobs.51job.com/all/co1203793.html
jobs.51job.com/all/co3291960.html
jobs.51job.com/all/co2728319.html
jobs.51job.com/all/co4304434.html
jobs.51job.com/all/co4304434.html
jobs.51job.com/all/co4304434.html
jobs.51job.com/all/co3648179.html
jobs.51job.com/all/co4644534.html
jobs.51job.com/all/co4644534.html
jobs.51job.com/all/co4644534.html
jobs.51job.com/all/co4644534.html
jobs.51job.com/all/co4644534.html
jobs.51job.com/all/co4644534.html
jobs.51job.com/all/co4874497.html
jobs.51job.com/all/co4874497.html
jobs.51job.com/all/co4098141.html
jobs.51job.com/all/co2750095.html
jobs.51job.com/all/co3770483.html
jobs.51job.com/all/co3770483.html
jobs.51job.com/all/co2220020.html
jobs.51job.com/all/co2220020.html
jobs.51job.com/all/co2220020.html
jobs.51job.com/all/co2220020.html
jobs.51job.com/all/co3038321.html
jobs.51job.com/all/co3038321.html
jobs.51job.com/all/co2137073.html
jobs.51job.com/all/co2546282.html
jobs.51job.com/all/co3038321.html
jobs.51job.com/all/co4731113.html
jobs.51job.com/all/co3029034.html
jobs.51job.com/all/co3029034.html
jobs.51job.com/all/co3029034.html
jobs.51job.com/all/co2750095.html
jobs.51job.com/all/co2750095.html
jobs.51job.com/all/co3939677.html
jobs.51job.com/all/co3291960.html
jobs.51job.com/all/co4308861.html
jobs.51job.com/all/co2630697.html
jobs.51job.com/all/co3796239.html
jobs.51job.com/all/co4754478.html
jobs.51job.com/all/co3464007.html
jobs.51job.com/all/co2728319.html
jobs.51job.com/all/co2060089.html
jobs.51job.com/all/co3876745.html
jobs.51job.com/all/co3876745.html
jobs.51job.com/all/co3876745.html
jobs.51job.com/all/co3291960.html
jobs.51job.com/all/co4868766.html
jobs.51job.com/all/co2759381.html
jobs.51job.com/all/co4828935.html
jobs.51job.com/all/co4828935.html
jobs.51job.com/all/co4828935.html
jobs.51job.com/all/co4828935.html
jobs.51job.com/all/co4828935.html
jobs.51job.com/all/co4147658.html
jobs.51job.com/all/co4147658.html
jobs.51job.com/all/co4147658.html
jobs.51job.com/all/co4628196.html
jobs.51job.com/all/co3059729.html
jobs.51job.com/all/co4463921.html
jobs.51job.com/all/co4463921.html
jobs.51job.com/all/co3853131.html
jobs.51job.com/all/co4463921.html
jobs.51job.com/all/co4593088.html
jobs.51job.com/all/co3232731.html
jobs.51job.com/all/co4801785.html
jobs.51job.com/all/co4463921.html
jobs.51job.com/all/co3537407.html
jobs.51job.com/all/co3834445.html
jobs.51job.com/all/co4241563.html
jobs.51job.com/all/co4241563.html
jobs.51job.com/all/co2772353.html
jobs.51job.com/all/co4231201.html
jobs.51job.com/all/co4231201.html
jobs.51job.com/all/co4231201.html
jobs.51job.com/all/co4231201.html
jobs.51job.com/all/co4231201.html
jobs.51job.com/all/co4231201.html
jobs.51job.com/all/co4231201.html
jobs.51job.com/all/co4231201.html
jobs.51job.com/all/co4231201.html
jobs.51job.com/all/co4231201.html
jobs.51job.com/all/co4231201.html
jobs.51job.com/all/co4231201.html
jobs.51job.com/all/co4231201.html
jobs.51job.com/all/co3625538.html
jobs.51job.com/all/co3625538.html
jobs.51job.com/all/co4703250.html
jobs.51job.com/all/co3534143.html
jobs.51job.com/all/co541301.html
jobs.51job.com/all/co4867542.html
jobs.51job.com/all/co4555070.html
jobs.51job.com/all/co4847373.html
jobs.51job.com/all/co4847373.html
jobs.51job.com/all/co4847373.html
jobs.51job.com/all/co4098141.html
jobs.51job.com/all/co2911587.html
jobs.51job.com/all/co2911587.html
jobs.51job.com/all/co2911587.html
jobs.51job.com/all/co2911587.html
jobs.51job.com/all/co2911587.html
jobs.51job.com/all/co4801785.html
jobs.51job.com/all/co2618263.html
jobs.51job.com/all/co2618263.html
jobs.51job.com/all/co2541679.html
jobs.51job.com/all/co2581294.html
jobs.51job.com/all/co2920865.html
jobs.51job.com/all/co3316398.html
jobs.51job.com/all/co2572528.html
jobs.51job.com/all/co3960907.html
jobs.51job.com/all/co4365585.html
jobs.51job.com/all/co4239849.html
jobs.51job.com/all/co4670236.html
jobs.51job.com/all/co3927699.html
jobs.51job.com/all/co3428886.html
jobs.51job.com/all/co4670236.html
jobs.51job.com/all/co3962097.html
jobs.51job.com/all/co4239243.html
jobs.51job.com/all/co4239243.html
jobs.51job.com/all/co3453893.html
jobs.51job.com/all/co3124192.html
jobs.51job.com/all/co4784780.html
jobs.51job.com/all/co2876749.html
jobs.51job.com/all/co3811125.html
jobs.51job.com/all/co3062786.html
jobs.51job.com/all/co3463088.html
jobs.51job.com/all/co4365585.html
jobs.51job.com/all/co198906.html
jobs.51job.com/all/co4446656.html
jobs.51job.com/all/co4304434.html
jobs.51job.com/all/co4304434.html
jobs.51job.com/all/co4633329.html
jobs.51job.com/all/co4867542.html
jobs.51job.com/all/co587377.html
jobs.51job.com/all/co587377.html
