jobs.51job.com/all/co4945285.html
jobs.51job.com/all/co3330535.html
jobs.51job.com/all/co4466068.html
jobs.51job.com/all/co2507622.html
jobs.51job.com/all/co2918328.html
jobs.51job.com/all/co859577.html
jobs.51job.com/all/co4669562.html
jobs.51job.com/all/co4934101.html
jobs.51job.com/all/co3705227.html
jobs.51job.com/all/co3878804.html
jobs.51job.com/all/co4360045.html
jobs.51job.com/all/co3201483.html
jobs.51job.com/all/co2789054.html
jobs.51job.com/all/co3726973.html
jobs.51job.com/all/co4930499.html
jobs.51job.com/all/co3414961.html
jobs.51job.com/all/co2569100.html
jobs.51job.com/all/co4919824.html
jobs.51job.com/all/co253648.html
jobs.51job.com/all/co2105219.html
jobs.51job.com/all/co4715088.html
jobs.51job.com/all/co4728606.html
jobs.51job.com/all/co4390793.html
jobs.51job.com/all/co3883571.html
jobs.51job.com/all/co4690552.html
jobs.51job.com/all/co2460539.html
jobs.51job.com/all/co2871692.html
jobs.51job.com/all/co3852069.html
jobs.51job.com/all/co4349346.html
jobs.51job.com/all/co3381910.html
jobs.51job.com/all/co4914490.html
jobs.51job.com/all/co3318840.html
jobs.51job.com/all/co3870856.html
jobs.51job.com/all/co4353968.html
jobs.51job.com/all/co4805607.html
jobs.51job.com/all/co3592934.html
jobs.51job.com/all/co4831658.html
jobs.51job.com/all/co2219414.html
jobs.51job.com/all/co2569415.html
jobs.51job.com/all/co4867928.html
jobs.51job.com/all/co3316347.html
jobs.51job.com/all/co4240163.html
jobs.51job.com/all/co4056921.html
jobs.51job.com/all/co3408447.html
jobs.51job.com/all/co548285.html
jobs.51job.com/all/co4815317.html
jobs.51job.com/all/co3834445.html
jobs.51job.com/all/co3210067.html
jobs.51job.com/all/co4088825.html
jobs.51job.com/all/co4119725.html
jobs.51job.com/all/co4772983.html
jobs.51job.com/all/co4153155.html
jobs.51job.com/all/co3833445.html
jobs.51job.com/all/co3749596.html
jobs.51job.com/all/co4163552.html
jobs.51job.com/all/co3941142.html
jobs.51job.com/all/co3699539.html
jobs.51job.com/all/co4562961.html
jobs.51job.com/all/co2930231.html
jobs.51job.com/all/co4087962.html
jobs.51job.com/all/co3022396.html
jobs.51job.com/all/co2700813.html
zjsj.51job.com/
zj32.51job.com
jobs.51job.com/all/co4728208.html
jobs.51job.com/all/co4927294.html
jobs.51job.com/all/co4499850.html
jobs.51job.com/all/co4277184.html
jobs.51job.com/all/co2273274.html
jobs.51job.com/all/co4325302.html
jobs.51job.com/all/co102261.html
jobs.51job.com/all/co4501493.html
jobs.51job.com/all/co3078377.html
jobs.51job.com/all/co3884421.html
jobs.51job.com/all/co4281447.html
jobs.51job.com/all/co3910946.html
jobs.51job.com/all/co3083418.html
jobs.51job.com/all/co1146131.html
jobs.51job.com/all/co3094306.html
jobs.51job.com/all/co3492716.html
vertivco.51job.com
jobs.51job.com/all/co4381443.html
jobs.51job.com/all/co2988373.html
jobs.51job.com/all/co2622359.html
jobs.51job.com/all/co2736686.html
jobs.51job.com/all/co3038037.html
jobs.51job.com/all/co3964432.html
jobs.51job.com/all/co4875569.html
jobs.51job.com/all/co4010671.html
jobs.51job.com/all/co4357009.html
jobs.51job.com/all/co2377191.html
jobs.51job.com/all/co4835494.html
jobs.51job.com/all/co3297116.html
jobs.51job.com/all/co3605756.html
jobs.51job.com/all/co2553130.html
jobs.51job.com/all/co2335572.html
jobs.51job.com/all/co2722488.html
jobs.51job.com/all/co1008209.html
jobs.51job.com/all/co2903323.html
jobs.51job.com/all/co4022612.html
jobs.51job.com/all/co4067409.html
jobs.51job.com/all/co3926547.html
jobs.51job.com/all/co4796887.html
jobs.51job.com/all/co3326794.html
jobs.51job.com/all/co2557719.html
jobs.51job.com/all/co4031263.html
jobs.51job.com/all/co2829148.html
jobs.51job.com/all/co2422887.html
jobs.51job.com/all/co3246897.html
jobs.51job.com/all/co391469.html
jobs.51job.com/all/co2065039.html
zjsj.51job.com/
jobs.51job.com/all/co312830.html
jobs.51job.com/all/co2053212.html
jobs.51job.com/all/co2959928.html
jobs.51job.com/all/co2692523.html
jobs.51job.com/all/co665720.html
jobs.51job.com/all/co3226623.html
jobs.51job.com/all/co4416117.html
jobs.51job.com/all/co4375475.html
jobs.51job.com/all/co2755814.html
jobs.51job.com/all/co2709041.html
jobs.51job.com/all/co3581664.html
jobs.51job.com/all/co188767.html
jobs.51job.com/all/co4801511.html
jobs.51job.com/all/co2713878.html
jobs.51job.com/all/co4701659.html
jobs.51job.com/all/co2532058.html
jobs.51job.com/all/co3605419.html
jobs.51job.com/all/co4403826.html
jobs.51job.com/all/co2354530.html
jobs.51job.com/all/co4886413.html
jobs.51job.com/all/co4822589.html
jobs.51job.com/all/co107556.html
jobs.51job.com/all/co2328114.html
jobs.51job.com/all/co3256653.html
jobs.51job.com/all/co300472.html
jobs.51job.com/all/co127990.html
jobs.51job.com/all/co3718479.html
jobs.51job.com/all/co3893283.html
jobs.51job.com/all/co4315619.html
jobs.51job.com/all/co4002088.html
jobs.51job.com/all/co4365605.html
jobs.51job.com/all/co4232521.html
jobs.51job.com/all/co3917469.html
jobs.51job.com/all/co3764142.html
jobs.51job.com/all/co232221.html
jobs.51job.com/all/co2722591.html
jobs.51job.com/all/co2582506.html
jobs.51job.com/all/co3839669.html
jobs.51job.com/all/co2325863.html
jobs.51job.com/all/co3215161.html
jobs.51job.com/all/co4161160.html
jobs.51job.com/all/co3986517.html
jobs.51job.com/all/co3333283.html
jobs.51job.com/all/co4437989.html
jobs.51job.com/all/co4320334.html
jobs.51job.com/all/co4772933.html
jobs.51job.com/all/co2718654.html
jobs.51job.com/all/co2003353.html
jobs.51job.com/all/co3535200.html
jobs.51job.com/all/co3095894.html
jobs.51job.com/all/co3698284.html
jobs.51job.com/all/co4428074.html
jobs.51job.com/all/co4548649.html
jobs.51job.com/all/co2769271.html
jobs.51job.com/all/co4592325.html
jobs.51job.com/all/co3580897.html
jobs.51job.com/all/co3468903.html
jobs.51job.com/all/co2207589.html
jobs.51job.com/all/co3428886.html
jobs.51job.com/all/co2005565.html
jobs.51job.com/all/co1451386.html
jobs.51job.com/all/co3745490.html
jobs.51job.com/all/co2659505.html
jobs.51job.com/all/co3541250.html
jobs.51job.com/all/co2525610.html
jobs.51job.com/all/co3208550.html
jobs.51job.com/all/co2339289.html
jobs.51job.com/all/co1593262.html
jobs.51job.com/all/co2867031.html
jobs.51job.com/all/co2967308.html
jobs.51job.com/all/co3144093.html
jobs.51job.com/all/co3224326.html
jobs.51job.com/all/co2929435.html
jobs.51job.com/all/co4532944.html
jobs.51job.com/all/co4111219.html
jobs.51job.com/all/co2728759.html
jobs.51job.com/all/co2611742.html
jobs.51job.com/all/co2357498.html
jobs.51job.com/all/co4161411.html
jobs.51job.com/all/co3604259.html
jobs.51job.com/all/co3934949.html
jobs.51job.com/all/co352631.html
jobs.51job.com/all/co4580287.html
jobs.51job.com/all/co4197811.html
jobs.51job.com/all/co498810.html
jobs.51job.com/all/co2781740.html
jobs.51job.com/all/co3345290.html
jobs.51job.com/all/co178586.html
jobs.51job.com/all/co2487480.html
jobs.51job.com/all/co3916837.html
jobs.51job.com/all/co2091053.html
jobs.51job.com/all/co2741315.html
jobs.51job.com/all/co2915125.html
jobs.51job.com/all/co2958038.html
jobs.51job.com/all/co2639715.html
jobs.51job.com/all/co4427546.html
jobs.51job.com/all/co2921771.html
jobs.51job.com/all/co2708950.html
jobs.51job.com/all/co3313077.html
jobs.51job.com/all/co4372241.html
jobs.51job.com/all/co3607866.html
jobs.51job.com/all/co4537164.html
jobs.51job.com/all/co3820616.html
jobs.51job.com/all/co2696352.html
jobs.51job.com/all/co1253459.html
jobs.51job.com/all/co386975.html
jobs.51job.com/all/co1989369.html
jobs.51job.com/all/co111541.html
jobs.51job.com/all/co2994442.html
jobs.51job.com/all/co3184159.html
jobs.51job.com/all/co378082.html
jobs.51job.com/all/co3151048.html
jobs.51job.com/all/co3855336.html
jobs.51job.com/all/co2532832.html
jobs.51job.com/all/co4056680.html
jobs.51job.com/all/co3209318.html
jobs.51job.com/all/co2812802.html
jobs.51job.com/all/co3396835.html
jobs.51job.com/all/co1980864.html
jobs.51job.com/all/co2078896.html
jobs.51job.com/all/co4542247.html
jobs.51job.com/all/co3510283.html
jobs.51job.com/all/co2314595.html
jobs.51job.com/all/co125382.html
jobs.51job.com/all/co4546528.html
jobs.51job.com/all/co2838091.html
jobs.51job.com/all/co2350885.html
jobs.51job.com/all/co4581382.html
jobs.51job.com/all/co3184948.html
jobs.51job.com/all/co3687210.html
jobs.51job.com/all/co3765822.html
jobs.51job.com/all/co4787970.html
jobs.51job.com/all/co228161.html
jobs.51job.com/all/co4729369.html
jobs.51job.com/all/co112683.html
jobs.51job.com/all/co2941134.html
jobs.51job.com/all/co2656992.html
jobs.51job.com/all/co2631469.html
jobs.51job.com/all/co3309893.html
roche.51job.com/
jobs.51job.com/all/co3598420.html
jobs.51job.com/all/co4889671.html
jobs.51job.com/all/co4185198.html
jobs.51job.com/all/co4764348.html
jobs.51job.com/all/co2901331.html
jobs.51job.com/all/co2909561.html
jobs.51job.com/all/co4915337.html
jobs.51job.com/all/co4925857.html
jobs.51job.com/all/co2281925.html
jobs.51job.com/all/co2763838.html
jobs.51job.com/all/co1976262.html
jobs.51job.com/all/co2857093.html
jobs.51job.com/all/co3891822.html
jobs.51job.com/all/co190007.html
jobs.51job.com/all/co4270519.html
jobs.51job.com/all/co4255145.html
jobs.51job.com/all/co1731796.html
jobs.51job.com/all/co4787998.html
jobs.51job.com/all/co3363580.html
jobs.51job.com/all/co4696934.html
jobs.51job.com/all/co1451767.html
jobs.51job.com/all/co939335.html
jobs.51job.com/all/co2579423.html
jobs.51job.com/all/co3957323.html
jobs.51job.com/all/co2580137.html
jobs.51job.com/all/co3411572.html
jobs.51job.com/all/co3902926.html
jobs.51job.com/all/co4339814.html
jobs.51job.com/all/co3895785.html
jobs.51job.com/all/co2525189.html
jobs.51job.com/all/co2664768.html
jobs.51job.com/all/co2864434.html
jobs.51job.com/all/co3497224.html
jobs.51job.com/all/co2799032.html
jobs.51job.com/all/co2272108.html
jobs.51job.com/all/co3648378.html
jobs.51job.com/all/co3046527.html
jobs.51job.com/all/co3903929.html
jobs.51job.com/all/co2435105.html
jobs.51job.com/all/co2860266.html
jobs.51job.com/all/co3900226.html
jobs.51job.com/all/co4867814.html
jobs.51job.com/all/co2229150.html
jobs.51job.com/all/co765648.html
jobs.51job.com/all/co4581621.html
jobs.51job.com/all/co3089554.html
jobs.51job.com/all/co2742318.html
jobs.51job.com/all/co4828217.html
jobs.51job.com/all/co4228341.html
jobs.51job.com/all/co3875583.html
jobs.51job.com/all/co3740166.html
jobs.51job.com/all/co743890.html
jobs.51job.com/all/co4828128.html
jobs.51job.com/all/co3748306.html
jobs.51job.com/all/co2655681.html
jobs.51job.com/all/co3539987.html
jobs.51job.com/all/co4256149.html
jobs.51job.com/all/co4803823.html
jobs.51job.com/all/co4440025.html
jobs.51job.com/all/co2573657.html
jobs.51job.com/all/co4736268.html
jobs.51job.com/all/co4345472.html
jobs.51job.com/all/co3647823.html
jobs.51job.com/all/co3533177.html
jobs.51job.com/all/co2700625.html
jobs.51job.com/all/co4655133.html
jobs.51job.com/all/co4668893.html
jobs.51job.com/all/co2939178.html
jobs.51job.com/all/co3764811.html
jobs.51job.com/all/co2971567.html
jobs.51job.com/all/co10153.html
jobs.51job.com/all/co3335027.html
jobs.51job.com/all/co3513822.html
jobs.51job.com/all/co2305598.html
jobs.51job.com/all/co3986052.html
jobs.51job.com/all/co276761.html
jobs.51job.com/all/co4288597.html
jobs.51job.com/all/co3835255.html
jobs.51job.com/all/co4805585.html
jobs.51job.com/all/co3827709.html
jobs.51job.com/all/co2851656.html
jobs.51job.com/all/co3101175.html
jobs.51job.com/all/co3552377.html
jobs.51job.com/all/co2788554.html
jobs.51job.com/all/co4738410.html
jobs.51job.com/all/co158830.html
jobs.51job.com/all/co109794.html
jobs.51job.com/all/co4500965.html
jobs.51job.com/all/co2415388.html
jobs.51job.com/all/co2394583.html
jobs.51job.com/all/co2262271.html
jobs.51job.com/all/co2844999.html
jobs.51job.com/all/co4734951.html
jobs.51job.com/all/co4068522.html
jobs.51job.com/all/co4503498.html
jobs.51job.com/all/co2547781.html
jobs.51job.com/all/co4012914.html
jobs.51job.com/all/co3481418.html
jobs.51job.com/all/co3667542.html
jobs.51job.com/all/co2734615.html
jobs.51job.com/all/co3458275.html
jobs.51job.com/all/co2482415.html
jobs.51job.com/all/co4872705.html
jobs.51job.com/all/co2101011.html
jobs.51job.com/all/co4085904.html
jobs.51job.com/all/co2854303.html
jobs.51job.com/all/co2712266.html
jobs.51job.com/all/co3518581.html
jobs.51job.com/all/co2731965.html
jobs.51job.com/all/co123875.html
jobs.51job.com/all/co3743946.html
jobs.51job.com/all/co3057651.html
jobs.51job.com/all/co4042950.html
jobs.51job.com/all/co3992822.html
jobs.51job.com/all/co4925838.html
jobs.51job.com/all/co4240703.html
jobs.51job.com/all/co4163205.html
jobs.51job.com/all/co2858212.html
jobs.51job.com/all/co2555962.html
jobs.51job.com/all/co2843867.html
jobs.51job.com/all/co4634218.html
jobs.51job.com/all/co902770.html
jobs.51job.com/all/co964818.html
jobs.51job.com/all/co3065462.html
jobs.51job.com/all/co4846541.html
jobs.51job.com/all/co3556913.html
jobs.51job.com/all/co1190248.html
jobs.51job.com/all/co3353197.html
jobs.51job.com/all/co2806511.html
jobs.51job.com/all/co2421654.html
jobs.51job.com/all/co688477.html
jobs.51job.com/all/co3921700.html
jobs.51job.com/all/co4833010.html
jobs.51job.com/all/co4151974.html
jobs.51job.com/all/co4734552.html
jobs.51job.com/all/co4099457.html
jobs.51job.com/all/co2858791.html
jobs.51job.com/all/co4593340.html
jobs.51job.com/all/co4497358.html
jobs.51job.com/all/co2823966.html
jobs.51job.com/all/co4801785.html
jobs.51job.com/all/co3247141.html
jobs.51job.com/all/co4234150.html
jobs.51job.com/all/co3964435.html
jobs.51job.com/all/co2532149.html
jobs.51job.com/all/co2936218.html
jobs.51job.com/all/co4774066.html
jobs.51job.com/all/co4398623.html
jobs.51job.com/all/co4094489.html
jobs.51job.com/all/co2401469.html
jobs.51job.com/all/co4045712.html
jobs.51job.com/all/co3200847.html
jobs.51job.com/all/co3993724.html
jobs.51job.com/all/co4931772.html
jobs.51job.com/all/co4926527.html
jobs.51job.com/all/co2582923.html
jobs.51job.com/all/co2892462.html
jobs.51job.com/all/co3800155.html
jobs.51job.com/all/co302725.html
jobs.51job.com/all/co3568026.html
jobs.51job.com/all/co2114935.html
jobs.51job.com/all/co3755896.html
jobs.51job.com/all/co2805487.html
jobs.51job.com/all/co4576003.html
jobs.51job.com/all/co2707366.html
jobs.51job.com/all/co4052065.html
jobs.51job.com/all/co2238361.html
jobs.51job.com/all/co3944687.html
jobs.51job.com/all/co3883723.html
jobs.51job.com/all/co2202048.html
jobs.51job.com/all/co103041.html
jobs.51job.com/all/co3866650.html
jobs.51job.com/all/co3347847.html
jobs.51job.com/all/co4081833.html
jobs.51job.com/all/co2533788.html
jobs.51job.com/all/co4702718.html
jobs.51job.com/all/co158875.html
jobs.51job.com/all/co2726706.html
jobs.51job.com/all/co4703368.html
jobs.51job.com/all/co4115901.html
jobs.51job.com/all/co3386723.html
jobs.51job.com/all/co309586.html
jobs.51job.com/all/co4248839.html
jobs.51job.com/all/co3610872.html
jobs.51job.com/all/co4256406.html
jobs.51job.com/all/co4332766.html
jobs.51job.com/all/co3116979.html
jobs.51job.com/all/co4572798.html
jobs.51job.com/all/co2775652.html
jobs.51job.com/all/co3062168.html
jobs.51job.com/all/co4338841.html
jobs.51job.com/all/co2279513.html
jobs.51job.com/all/co2190661.html
jobs.51job.com/all/co4716093.html
jobs.51job.com/all/co106423.html
jobs.51job.com/all/co2486337.html
jobs.51job.com/all/co1895773.html
jobs.51job.com/all/co3379780.html
jobs.51job.com/all/co3789127.html
jobs.51job.com/all/co4795704.html
jobs.51job.com/all/co3281809.html
jobs.51job.com/all/co3678317.html
jobs.51job.com/all/co4446953.html
jobs.51job.com/all/co4473410.html
jobs.51job.com/all/co2531079.html
jobs.51job.com/all/co4397873.html
jobs.51job.com/all/co5336.html
jobs.51job.com/all/co2267556.html
jobs.51job.com/all/co4843303.html
jobs.51job.com/all/co4673849.html
jobs.51job.com/all/co3846460.html
jobs.51job.com/all/co3039725.html
jobs.51job.com/all/co3859247.html
jobs.51job.com/all/co2539786.html
jobs.51job.com/all/co4372857.html
jobs.51job.com/all/co3291198.html
jobs.51job.com/all/co2986202.html
jobs.51job.com/all/co4918315.html
jobs.51job.com/all/co4680402.html
cpiclife.51job.com/
jobs.51job.com/all/co3885162.html
jobs.51job.com/all/co2819343.html
jobs.51job.com/all/co2462182.html
jobs.51job.com/all/co4814170.html
jobs.51job.com/all/co4145168.html
jobs.51job.com/all/co569726.html
jobs.51job.com/all/co3164484.html
jobs.51job.com/all/co244442.html
jobs.51job.com/all/co4642049.html
jobs.51job.com/all/co2630716.html
jobs.51job.com/all/co393406.html
jobs.51job.com/all/co4434060.html
jobs.51job.com/all/co4160506.html
jobs.51job.com/all/co4856689.html
jobs.51job.com/all/co4214758.html
jobs.51job.com/all/co2826295.html
jobs.51job.com/all/co4157805.html
jobs.51job.com/all/co4480822.html
jobs.51job.com/all/co1353891.html
jobs.51job.com/all/co4725035.html
jobs.51job.com/all/co3409736.html
jobs.51job.com/all/co4935622.html
jobs.51job.com/all/co4838196.html
jobs.51job.com/all/co4534010.html
jobs.51job.com/all/co4906305.html
jobs.51job.com/all/co3931158.html
jobs.51job.com/all/co3711962.html
jobs.51job.com/all/co3359971.html
jobs.51job.com/all/co3895339.html
jobs.51job.com/all/co3922490.html
jobs.51job.com/all/co3373699.html
jobs.51job.com/all/co2515019.html
jobs.51job.com/all/co4382021.html
jobs.51job.com/all/co3468367.html
jobs.51job.com/all/co2934666.html
jobs.51job.com/all/co579488.html
jobs.51job.com/all/co4757703.html
jobs.51job.com/all/co4540866.html
jobs.51job.com/all/co2528820.html
jobs.51job.com/all/co2382002.html
jobs.51job.com/all/co2379196.html
jobs.51job.com/all/co3001042.html
jobs.51job.com/all/co4931092.html
jobs.51job.com/all/co3878113.html
jobs.51job.com/all/co4727360.html
jobs.51job.com/all/co2916136.html
jobs.51job.com/all/co2627768.html
jobs.51job.com/all/co2844143.html
jobs.51job.com/all/co849611.html
jobs.51job.com/all/co184057.html
jobs.51job.com/all/co2467071.html
jobs.51job.com/all/co4897904.html
jobs.51job.com/all/co3260835.html
konecranes.51job.com
jobs.51job.com/all/co4239541.html
jobs.51job.com/all/co3091393.html
jobs.51job.com/all/co4309634.html
jobs.51job.com/all/co4319871.html
jobs.51job.com/all/co4397856.html
jobs.51job.com/all/co2573178.html
jobs.51job.com/all/co4680533.html
ab-inbev.51job.com
jobs.51job.com/all/co3203870.html
jobs.51job.com/all/co4287701.html
jobs.51job.com/all/co4236996.html
jobs.51job.com/all/co4868989.html
jobs.51job.com/all/co3947222.html
jobs.51job.com/all/co4480349.html
jobs.51job.com/all/co3178982.html
jobs.51job.com/all/co4379850.html
jobs.51job.com/all/co3575270.html
jobs.51job.com/all/co3706896.html
jobs.51job.com/all/co2576139.html
jobs.51job.com/all/co2159647.html
jobs.51job.com/all/co4048537.html
jobs.51job.com/all/co3760107.html
jobs.51job.com/all/co4024679.html
jobs.51job.com/all/co4244954.html
jobs.51job.com/all/co4648531.html
jobs.51job.com/all/co174769.html
jobs.51job.com/all/co4710514.html
jobs.51job.com/all/co4199876.html
jobs.51job.com/all/co3845402.html
jobs.51job.com/all/co3760053.html
jobs.51job.com/all/co4081485.html
jobs.51job.com/all/co4177108.html
jobs.51job.com/all/co3793669.html
jobs.51job.com/all/co4613997.html
jobs.51job.com/all/co4145689.html
songz.51job.com
jobs.51job.com/all/co4885287.html
jobs.51job.com/all/co3802998.html
jobs.51job.com/all/co2451508.html
jobs.51job.com/all/co3784347.html
jobs.51job.com/all/co4907920.html
jobs.51job.com/all/co4288997.html
jobs.51job.com/all/co4784207.html
jobs.51job.com/all/co3918588.html
jobs.51job.com/all/co2528718.html
jobs.51job.com/all/co2486719.html
jobs.51job.com/all/co4010852.html
jobs.51job.com/all/co2552069.html
jobs.51job.com/all/co1302757.html
jobs.51job.com/all/co3290396.html
jobs.51job.com/all/co3972108.html
jobs.51job.com/all/co4869345.html
jobs.51job.com/all/co3690268.html
jobs.51job.com/all/co4873457.html
jobs.51job.com/all/co3205450.html
jobs.51job.com/all/co3449373.html
jobs.51job.com/all/co3354699.html
jobs.51job.com/all/co4253800.html
jobs.51job.com/all/co4185829.html
jobs.51job.com/all/co4782833.html
jobs.51job.com/all/co104391.html
jobs.51job.com/all/co3920213.html
jobs.51job.com/all/co3920239.html
jobs.51job.com/all/co4029845.html
jobs.51job.com/all/co4625522.html
jobs.51job.com/all/co2539415.html
jobs.51job.com/all/co4853667.html
jobs.51job.com/all/co4616264.html
jobs.51job.com/all/co4357881.html
jobs.51job.com/all/co2609725.html
jobs.51job.com/all/co3369226.html
jobs.51job.com/all/co4841145.html
jobs.51job.com/all/co110228.html
jobs.51job.com/all/co1371530.html
jobs.51job.com/all/co3589001.html
jobs.51job.com/all/co4280635.html
jobs.51job.com/all/co3644766.html
jobs.51job.com/all/co238030.html
jobs.51job.com/all/co3167942.html
jobs.51job.com/all/co4253221.html
jobs.51job.com/all/co4759492.html
jobs.51job.com/all/co3549529.html
jobs.51job.com/all/co4796115.html
jobs.51job.com/all/co4411030.html
jobs.51job.com/all/co232923.html
jobs.51job.com/all/co4650710.html
jobs.51job.com/all/co3485753.html
jobs.51job.com/all/co4068753.html
jobs.51job.com/all/co2255184.html
jobs.51job.com/all/co4127689.html
jobs.51job.com/all/co3567124.html
jobs.51job.com/all/co3458247.html
jobs.51job.com/all/co4719598.html
jobs.51job.com/all/co4738033.html
jobs.51job.com/all/co4224167.html
jobs.51job.com/all/co4242132.html
jobs.51job.com/all/co4536870.html
jobs.51job.com/all/co3059729.html
jobs.51job.com/all/co2650626.html
jobs.51job.com/all/co2861907.html
jobs.51job.com/all/co4251649.html
jobs.51job.com/all/co3837579.html
jobs.51job.com/all/co4874137.html
jobs.51job.com/all/co3323743.html
jobs.51job.com/all/co3909205.html
jobs.51job.com/all/co3533242.html
jobs.51job.com/all/co4876356.html
jobs.51job.com/all/co4676706.html
jobs.51job.com/all/co3676637.html
jobs.51job.com/all/co4311913.html
jobs.51job.com/all/co2543335.html
jobs.51job.com/all/co2858905.html
jobs.51job.com/all/co3902555.html
jobs.51job.com/all/co1644667.html
jobs.51job.com/all/co3680807.html
jobs.51job.com/all/co3842821.html
jobs.51job.com/all/co227523.html
jobs.51job.com/all/co2126349.html
jobs.51job.com/all/co3395911.html
jobs.51job.com/all/co4429414.html
jobs.51job.com/all/co4245691.html
jobs.51job.com/all/co4466370.html
jobs.51job.com/all/co4614036.html
jobs.51job.com/all/co4812013.html
jobs.51job.com/all/co3344009.html
jobs.51job.com/all/co4088785.html
jobs.51job.com/all/co3830273.html
jobs.51job.com/all/co2340814.html
jobs.51job.com/all/co2851648.html
jobs.51job.com/all/co4870039.html
jobs.51job.com/all/co2562001.html
jobs.51job.com/all/co3457544.html
jobs.51job.com/all/co3805757.html
jobs.51job.com/all/co2712725.html
jobs.51job.com/all/co4390373.html
jobs.51job.com/all/co146037.html
jobs.51job.com/all/co3863863.html
jobs.51job.com/all/co2537057.html
jobs.51job.com/all/co4392899.html
jobs.51job.com/all/co3776948.html
jobs.51job.com/all/co296461.html
jobs.51job.com/all/co4219149.html
jobs.51job.com/all/co2940283.html
jobs.51job.com/all/co2207653.html
jobs.51job.com/all/co4863325.html
jobs.51job.com/all/co4746422.html
jobs.51job.com/all/co4181796.html
jobs.51job.com/all/co3535861.html
sfzhaopin.51job.com
jobs.51job.com/all/co3259656.html
jobs.51job.com/all/co2674421.html
jobs.51job.com/all/co3967779.html
jobs.51job.com/all/co3326459.html
jobs.51job.com/all/co3443282.html
jobs.51job.com/all/co4654470.html
jobs.51job.com/all/co3842849.html
jobs.51job.com/all/co3805420.html
jobs.51job.com/all/co2507622.html
jobs.51job.com/all/co2507622.html
jobs.51job.com/all/co4669562.html
jobs.51job.com/all/co4669562.html
jobs.51job.com/all/co4669562.html
jobs.51job.com/all/co4669562.html
jobs.51job.com/all/co4669562.html
jobs.51job.com/all/co4669562.html
jobs.51job.com/all/co4669562.html
jobs.51job.com/all/co4669562.html
jobs.51job.com/all/co4669562.html
jobs.51job.com/all/co4669562.html
jobs.51job.com/all/co4669562.html
jobs.51job.com/all/co4934101.html
jobs.51job.com/all/co3705227.html
jobs.51job.com/all/co4360045.html
jobs.51job.com/all/co4360045.html
jobs.51job.com/all/co4360045.html
jobs.51job.com/all/co4360045.html
jobs.51job.com/all/co4360045.html
jobs.51job.com/all/co2789054.html
jobs.51job.com/all/co2789054.html
jobs.51job.com/all/co3414961.html
jobs.51job.com/all/co3883571.html
jobs.51job.com/all/co2460539.html
jobs.51job.com/all/co2460539.html
jobs.51job.com/all/co3870856.html
jobs.51job.com/all/co4353968.html
jobs.51job.com/all/co4353968.html
jobs.51job.com/all/co4815317.html
jobs.51job.com/all/co4914490.html
jobs.51job.com/all/co3834445.html
jobs.51job.com/all/co3210067.html
jobs.51job.com/all/co4772983.html
jobs.51job.com/all/co4153155.html
jobs.51job.com/all/co3834445.html
jobs.51job.com/all/co3834445.html
jobs.51job.com/all/co3749596.html
jobs.51job.com/all/co4163552.html
jobs.51job.com/all/co2930231.html
jobs.51job.com/all/co2930231.html
jobs.51job.com/all/co3022396.html
jobs.51job.com/all/co2700813.html
jobs.51job.com/all/co2700813.html
jobs.51job.com/all/co2700813.html
jobs.51job.com/all/co2930231.html
zj32.51job.com
zj32.51job.com
jobs.51job.com/all/co4499850.html
jobs.51job.com/all/co4325302.html
jobs.51job.com/all/co4501493.html
jobs.51job.com/all/co4945285.html
jobs.51job.com/all/co4945285.html
jobs.51job.com/all/co3038037.html
jobs.51job.com/all/co3038037.html
jobs.51job.com/all/co3330535.html
jobs.51job.com/all/co3330535.html
jobs.51job.com/all/co3330535.html
jobs.51job.com/all/co3330535.html
jobs.51job.com/all/co3330535.html
jobs.51job.com/all/co4022612.html
jobs.51job.com/all/co4067409.html
jobs.51job.com/all/co4067409.html
jobs.51job.com/all/co3326794.html
jobs.51job.com/all/co4031263.html
jobs.51job.com/all/co2422887.html
jobs.51job.com/all/co3246897.html
jobs.51job.com/all/co2065039.html
jobs.51job.com/all/co2065039.html
jobs.51job.com/all/co2065039.html
zjsj.51job.com/
jobs.51job.com/all/co312830.html
jobs.51job.com/all/co2959928.html
jobs.51job.com/all/co2692523.html
jobs.51job.com/all/co2959928.html
jobs.51job.com/all/co2692523.html
jobs.51job.com/all/co2692523.html
jobs.51job.com/all/co4416117.html
jobs.51job.com/all/co4416117.html
jobs.51job.com/all/co4416117.html
jobs.51job.com/all/co4375475.html
jobs.51job.com/all/co2918328.html
jobs.51job.com/all/co2918328.html
jobs.51job.com/all/co2713878.html
jobs.51job.com/all/co2713878.html
jobs.51job.com/all/co2532058.html
jobs.51job.com/all/co4822589.html
jobs.51job.com/all/co4315619.html
jobs.51job.com/all/co4002088.html
jobs.51job.com/all/co4002088.html
jobs.51job.com/all/co4002088.html
jobs.51job.com/all/co4002088.html
jobs.51job.com/all/co4002088.html
jobs.51job.com/all/co4002088.html
jobs.51job.com/all/co4002088.html
jobs.51job.com/all/co4002088.html
jobs.51job.com/all/co4002088.html
jobs.51job.com/all/co4365605.html
jobs.51job.com/all/co4315619.html
jobs.51job.com/all/co4315619.html
jobs.51job.com/all/co4232521.html
jobs.51job.com/all/co2722591.html
jobs.51job.com/all/co3839669.html
jobs.51job.com/all/co3839669.html
jobs.51job.com/all/co3839669.html
jobs.51job.com/all/co3839669.html
jobs.51job.com/all/co4161160.html
jobs.51job.com/all/co3215161.html
jobs.51job.com/all/co2718654.html
jobs.51job.com/all/co2718654.html
jobs.51job.com/all/co2718654.html
jobs.51job.com/all/co2003353.html
jobs.51job.com/all/co4548649.html
jobs.51job.com/all/co2769271.html
jobs.51job.com/all/co2769271.html
jobs.51job.com/all/co3468903.html
jobs.51job.com/all/co3468903.html
jobs.51job.com/all/co3468903.html
jobs.51job.com/all/co3428886.html
jobs.51job.com/all/co3428886.html
jobs.51job.com/all/co3428886.html
jobs.51job.com/all/co3428886.html
jobs.51job.com/all/co3428886.html
jobs.51job.com/all/co3428886.html
jobs.51job.com/all/co3428886.html
jobs.51job.com/all/co3428886.html
jobs.51job.com/all/co3428886.html
jobs.51job.com/all/co3428886.html
jobs.51job.com/all/co3428886.html
jobs.51job.com/all/co3428886.html
jobs.51job.com/all/co3428886.html
jobs.51job.com/all/co3428886.html
jobs.51job.com/all/co3428886.html
jobs.51job.com/all/co3428886.html
jobs.51job.com/all/co3428886.html
jobs.51job.com/all/co3428886.html
jobs.51job.com/all/co3428886.html
jobs.51job.com/all/co3428886.html
jobs.51job.com/all/co3428886.html
jobs.51job.com/all/co4669562.html
jobs.51job.com/all/co1451386.html
jobs.51job.com/all/co1451386.html
jobs.51job.com/all/co4934101.html
jobs.51job.com/all/co2339289.html
jobs.51job.com/all/co1593262.html
jobs.51job.com/all/co2867031.html
jobs.51job.com/all/co2929435.html
jobs.51job.com/all/co2929435.html
jobs.51job.com/all/co2611742.html
jobs.51job.com/all/co2611742.html
jobs.51job.com/all/co2611742.html
jobs.51job.com/all/co4161411.html
jobs.51job.com/all/co3604259.html
jobs.51job.com/all/co3878804.html
jobs.51job.com/all/co3916837.html
jobs.51job.com/all/co3916837.html
jobs.51job.com/all/co3916837.html
jobs.51job.com/all/co3916837.html
jobs.51job.com/all/co2741315.html
jobs.51job.com/all/co2921771.html
jobs.51job.com/all/co4427546.html
jobs.51job.com/all/co4372241.html
jobs.51job.com/all/co4537164.html
jobs.51job.com/all/co4537164.html
jobs.51job.com/all/co4537164.html
jobs.51job.com/all/co4537164.html
jobs.51job.com/all/co2789054.html
jobs.51job.com/all/co2789054.html
jobs.51job.com/all/co2789054.html
jobs.51job.com/all/co2789054.html
jobs.51job.com/all/co2789054.html
jobs.51job.com/all/co2789054.html
jobs.51job.com/all/co1989369.html
jobs.51job.com/all/co3151048.html
jobs.51job.com/all/co2532832.html
jobs.51job.com/all/co2532832.html
jobs.51job.com/all/co2532832.html
jobs.51job.com/all/co2532832.html
jobs.51job.com/all/co2532832.html
jobs.51job.com/all/co3209318.html
jobs.51job.com/all/co3209318.html
jobs.51job.com/all/co2812802.html
jobs.51job.com/all/co3396835.html
jobs.51job.com/all/co3396835.html
jobs.51job.com/all/co125382.html
jobs.51job.com/all/co125382.html
jobs.51job.com/all/co4546528.html
jobs.51job.com/all/co4546528.html
jobs.51job.com/all/co4546528.html
jobs.51job.com/all/co4546528.html
jobs.51job.com/all/co4546528.html
jobs.51job.com/all/co4546528.html
jobs.51job.com/all/co4546528.html
jobs.51job.com/all/co4546528.html
jobs.51job.com/all/co4546528.html
jobs.51job.com/all/co4546528.html
jobs.51job.com/all/co4546528.html
jobs.51job.com/all/co4546528.html
jobs.51job.com/all/co4546528.html
jobs.51job.com/all/co4546528.html
jobs.51job.com/all/co4546528.html
jobs.51job.com/all/co2838091.html
jobs.51job.com/all/co2350885.html
jobs.51job.com/all/co3765822.html
jobs.51job.com/all/co3765822.html
jobs.51job.com/all/co3765822.html
jobs.51job.com/all/co3687210.html
jobs.51job.com/all/co4729369.html
jobs.51job.com/all/co4729369.html
jobs.51job.com/all/co4729369.html
jobs.51job.com/all/co3078377.html
roche.51job.com/
roche.51job.com/
roche.51job.com/
roche.51job.com/
jobs.51job.com/all/co4919824.html
jobs.51job.com/all/co3870856.html
jobs.51job.com/all/co2903323.html
jobs.51job.com/all/co2903323.html
jobs.51job.com/all/co2901331.html
jobs.51job.com/all/co2909561.html
jobs.51job.com/all/co2909561.html
jobs.51job.com/all/co1008209.html
jobs.51job.com/all/co1008209.html
jobs.51job.com/all/co1008209.html
jobs.51job.com/all/co4915337.html
jobs.51job.com/all/co4925857.html
jobs.51job.com/all/co2763838.html
jobs.51job.com/all/co2763838.html
jobs.51job.com/all/co2763838.html
jobs.51job.com/all/co2763838.html
jobs.51job.com/all/co2763838.html
jobs.51job.com/all/co2763838.html
jobs.51job.com/all/co2763838.html
jobs.51job.com/all/co2763838.html
jobs.51job.com/all/co2763838.html
jobs.51job.com/all/co2763838.html
jobs.51job.com/all/co2763838.html
jobs.51job.com/all/co3926547.html
jobs.51job.com/all/co4255145.html
jobs.51job.com/all/co4787998.html
jobs.51job.com/all/co3957323.html
jobs.51job.com/all/co2580137.html
jobs.51job.com/all/co2580137.html
jobs.51job.com/all/co4339814.html
jobs.51job.com/all/co3083418.html
jobs.51job.com/all/co2272108.html
jobs.51job.com/all/co2272108.html
jobs.51job.com/all/co2272108.html
jobs.51job.com/all/co2272108.html
jobs.51job.com/all/co2272108.html
jobs.51job.com/all/co2272108.html
jobs.51job.com/all/co2272108.html
jobs.51job.com/all/co3648378.html
jobs.51job.com/all/co4381443.html
jobs.51job.com/all/co4381443.html
jobs.51job.com/all/co4381443.html
jobs.51job.com/all/co4381443.html
jobs.51job.com/all/co4381443.html
jobs.51job.com/all/co4581621.html
jobs.51job.com/all/co2903323.html
jobs.51job.com/all/co3539987.html
jobs.51job.com/all/co3539987.html
jobs.51job.com/all/co4728606.html
jobs.51job.com/all/co4728606.html
jobs.51job.com/all/co2573657.html
jobs.51job.com/all/co2573657.html
jobs.51job.com/all/co2573657.html
jobs.51job.com/all/co4345472.html
jobs.51job.com/all/co3647823.html
jobs.51job.com/all/co3533177.html
jobs.51job.com/all/co3533177.html
jobs.51job.com/all/co3533177.html
jobs.51job.com/all/co2700625.html
jobs.51job.com/all/co4655133.html
jobs.51job.com/all/co4655133.html
jobs.51job.com/all/co2971567.html
jobs.51job.com/all/co4690552.html
jobs.51job.com/all/co276761.html
jobs.51job.com/all/co2851656.html
jobs.51job.com/all/co3101175.html
jobs.51job.com/all/co3101175.html
jobs.51job.com/all/co3101175.html
jobs.51job.com/all/co4738410.html
jobs.51job.com/all/co158830.html
jobs.51job.com/all/co4500965.html
jobs.51job.com/all/co4500965.html
jobs.51job.com/all/co4500965.html
jobs.51job.com/all/co2415388.html
jobs.51job.com/all/co158830.html
jobs.51job.com/all/co2844999.html
jobs.51job.com/all/co3481418.html
jobs.51job.com/all/co3667542.html
jobs.51job.com/all/co2101011.html
jobs.51job.com/all/co2994442.html
jobs.51job.com/all/co2994442.html
jobs.51job.com/all/co123875.html
jobs.51job.com/all/co3057651.html
jobs.51job.com/all/co3057651.html
jobs.51job.com/all/co4042950.html
jobs.51job.com/all/co3992822.html
jobs.51job.com/all/co4240703.html
jobs.51job.com/all/co4634218.html
jobs.51job.com/all/co964818.html
jobs.51job.com/all/co4846541.html
jobs.51job.com/all/co3556913.html
jobs.51job.com/all/co3556913.html
jobs.51job.com/all/co3556913.html
jobs.51job.com/all/co3353197.html
jobs.51job.com/all/co3353197.html
jobs.51job.com/all/co3353197.html
jobs.51job.com/all/co2806511.html
jobs.51job.com/all/co2806511.html
jobs.51job.com/all/co2806511.html
jobs.51job.com/all/co2806511.html
jobs.51job.com/all/co2806511.html
jobs.51job.com/all/co688477.html
jobs.51job.com/all/co4099457.html
jobs.51job.com/all/co4099457.html
jobs.51job.com/all/co4497358.html
jobs.51job.com/all/co4234150.html
jobs.51job.com/all/co3964435.html
jobs.51job.com/all/co3964435.html
jobs.51job.com/all/co4398623.html
jobs.51job.com/all/co4398623.html
jobs.51job.com/all/co4398623.html
jobs.51job.com/all/co4398623.html
jobs.51job.com/all/co4398623.html
jobs.51job.com/all/co2401469.html
jobs.51job.com/all/co3318840.html
jobs.51job.com/all/co3318840.html
jobs.51job.com/all/co3200847.html
jobs.51job.com/all/co2929435.html
jobs.51job.com/all/co3993724.html
jobs.51job.com/all/co4931772.html
jobs.51job.com/all/co4926527.html
jobs.51job.com/all/co2238361.html
jobs.51job.com/all/co4668893.html
jobs.51job.com/all/co4353968.html
jobs.51job.com/all/co4702718.html
jobs.51job.com/all/co4240703.html
jobs.51job.com/all/co4240703.html
jobs.51job.com/all/co4240703.html
jobs.51job.com/all/co4240703.html
jobs.51job.com/all/co4115901.html
jobs.51job.com/all/co3386723.html
jobs.51job.com/all/co3386723.html
jobs.51job.com/all/co3386723.html
jobs.51job.com/all/co3386723.html
jobs.51job.com/all/co3610872.html
jobs.51job.com/all/co3610872.html
jobs.51job.com/all/co4332766.html
jobs.51job.com/all/co4332766.html
jobs.51job.com/all/co4332766.html
jobs.51job.com/all/co4332766.html
jobs.51job.com/all/co4332766.html
jobs.51job.com/all/co4332766.html
jobs.51job.com/all/co4332766.html
jobs.51job.com/all/co4332766.html
jobs.51job.com/all/co4332766.html
jobs.51job.com/all/co4332766.html
jobs.51job.com/all/co4115901.html
jobs.51job.com/all/co2190661.html
jobs.51job.com/all/co106423.html
jobs.51job.com/all/co106423.html
jobs.51job.com/all/co2726706.html
jobs.51job.com/all/co3789127.html
jobs.51job.com/all/co3789127.html
jobs.51job.com/all/co3789127.html
jobs.51job.com/all/co3789127.html
jobs.51job.com/all/co3789127.html
jobs.51job.com/all/co4805607.html
jobs.51job.com/all/co3151048.html
jobs.51job.com/all/co4473410.html
jobs.51job.com/all/co5336.html
jobs.51job.com/all/co5336.html
jobs.51job.com/all/co5336.html
jobs.51job.com/all/co5336.html
jobs.51job.com/all/co5336.html
jobs.51job.com/all/co5336.html
jobs.51job.com/all/co5336.html
jobs.51job.com/all/co5336.html
jobs.51job.com/all/co5336.html
jobs.51job.com/all/co5336.html
jobs.51job.com/all/co5336.html
jobs.51job.com/all/co5336.html
jobs.51job.com/all/co2267556.html
jobs.51job.com/all/co2267556.html
jobs.51job.com/all/co2267556.html
jobs.51job.com/all/co4397873.html
jobs.51job.com/all/co2531079.html
jobs.51job.com/all/co4680402.html
cpiclife.51job.com/
jobs.51job.com/all/co3885162.html
jobs.51job.com/all/co3885162.html
jobs.51job.com/all/co3885162.html
jobs.51job.com/all/co2462182.html
jobs.51job.com/all/co3592934.html
jobs.51job.com/all/co3592934.html
jobs.51job.com/all/co3592934.html
jobs.51job.com/all/co569726.html
jobs.51job.com/all/co4332766.html
jobs.51job.com/all/co4332766.html
jobs.51job.com/all/co393406.html
jobs.51job.com/all/co4160506.html
jobs.51job.com/all/co4160506.html
jobs.51job.com/all/co4160506.html
jobs.51job.com/all/co4160506.html
jobs.51job.com/all/co4160506.html
jobs.51job.com/all/co4160506.html
jobs.51job.com/all/co4160506.html
jobs.51job.com/all/co4160506.html
jobs.51job.com/all/co4160506.html
jobs.51job.com/all/co4160506.html
jobs.51job.com/all/co4160506.html
jobs.51job.com/all/co4856689.html
jobs.51job.com/all/co4856689.html
jobs.51job.com/all/co4856689.html
jobs.51job.com/all/co4856689.html
jobs.51job.com/all/co4856689.html
jobs.51job.com/all/co4856689.html
jobs.51job.com/all/co4856689.html
jobs.51job.com/all/co4856689.html
jobs.51job.com/all/co2826295.html
jobs.51job.com/all/co2826295.html
jobs.51job.com/all/co2826295.html
jobs.51job.com/all/co2826295.html
jobs.51job.com/all/co2826295.html
jobs.51job.com/all/co2826295.html
jobs.51job.com/all/co2826295.html
jobs.51job.com/all/co4480822.html
jobs.51job.com/all/co3409736.html
jobs.51job.com/all/co4935622.html
jobs.51job.com/all/co4145168.html
jobs.51job.com/all/co2219414.html
jobs.51job.com/all/co2219414.html
jobs.51job.com/all/co3316347.html
jobs.51job.com/all/co3316347.html
jobs.51job.com/all/co4382021.html
jobs.51job.com/all/co3468367.html
jobs.51job.com/all/co579488.html
jobs.51job.com/all/co2726706.html
jobs.51job.com/all/co4540866.html
jobs.51job.com/all/co4540866.html
jobs.51job.com/all/co4540866.html
jobs.51job.com/all/co4540866.html
jobs.51job.com/all/co4540866.html
jobs.51job.com/all/co4540866.html
jobs.51job.com/all/co4540866.html
jobs.51job.com/all/co4727360.html
jobs.51job.com/all/co2916136.html
jobs.51job.com/all/co2916136.html
jobs.51job.com/all/co2916136.html
jobs.51job.com/all/co2916136.html
jobs.51job.com/all/co2916136.html
jobs.51job.com/all/co4897904.html
jobs.51job.com/all/co4897904.html
jobs.51job.com/all/co4897904.html
jobs.51job.com/all/co4897904.html
jobs.51job.com/all/co4897904.html
jobs.51job.com/all/co4897904.html
jobs.51job.com/all/co4056921.html
jobs.51job.com/all/co4319871.html
jobs.51job.com/all/co4680533.html
jobs.51job.com/all/co2202048.html
jobs.51job.com/all/co2202048.html
jobs.51job.com/all/co2202048.html
jobs.51job.com/all/co2202048.html
jobs.51job.com/all/co2202048.html
jobs.51job.com/all/co4160506.html
jobs.51job.com/all/co3178982.html
jobs.51job.com/all/co4379850.html
jobs.51job.com/all/co3408447.html
jobs.51job.com/all/co4024679.html
jobs.51job.com/all/co174769.html
jobs.51job.com/all/co4199876.html
jobs.51job.com/all/co4199876.html
jobs.51job.com/all/co4199876.html
jobs.51job.com/all/co4199876.html
jobs.51job.com/all/co4199876.html
jobs.51job.com/all/co4199876.html
jobs.51job.com/all/co3760053.html
jobs.51job.com/all/co4540866.html
jobs.51job.com/all/co4540866.html
jobs.51job.com/all/co4540866.html
jobs.51job.com/all/co4540866.html
jobs.51job.com/all/co4540866.html
jobs.51job.com/all/co4081485.html
jobs.51job.com/all/co4288997.html
jobs.51job.com/all/co4784207.html
jobs.51job.com/all/co4784207.html
jobs.51job.com/all/co4784207.html
jobs.51job.com/all/co4613997.html
jobs.51job.com/all/co4119725.html
jobs.51job.com/all/co4119725.html
jobs.51job.com/all/co4119725.html
jobs.51job.com/all/co3449373.html
jobs.51job.com/all/co3449373.html
jobs.51job.com/all/co3449373.html
jobs.51job.com/all/co2854303.html
jobs.51job.com/all/co2854303.html
jobs.51job.com/all/co2854303.html
jobs.51job.com/all/co3205450.html
jobs.51job.com/all/co4357881.html
jobs.51job.com/all/co4145168.html
jobs.51job.com/all/co3589001.html
jobs.51job.com/all/co3589001.html
jobs.51job.com/all/co3589001.html
jobs.51job.com/all/co3589001.html
jobs.51job.com/all/co3589001.html
jobs.51job.com/all/co4153155.html
jobs.51job.com/all/co4153155.html
jobs.51job.com/all/co4153155.html
jobs.51job.com/all/co4153155.html
jobs.51job.com/all/co4153155.html
jobs.51job.com/all/co4280635.html
jobs.51job.com/all/co238030.html
jobs.51job.com/all/co3151048.html
jobs.51job.com/all/co4253221.html
jobs.51job.com/all/co4253221.html
jobs.51job.com/all/co4253221.html
jobs.51job.com/all/co4253221.html
jobs.51job.com/all/co4253221.html
jobs.51job.com/all/co4253221.html
jobs.51job.com/all/co4253800.html
jobs.51job.com/all/co3834445.html
jobs.51job.com/all/co4253800.html
jobs.51job.com/all/co4650710.html
jobs.51job.com/all/co4680402.html
jobs.51job.com/all/co4738033.html
jobs.51job.com/all/co4738033.html
jobs.51job.com/all/co4536870.html
jobs.51job.com/all/co4536870.html
jobs.51job.com/all/co4536870.html
jobs.51job.com/all/co3059729.html
jobs.51job.com/all/co3059729.html
jobs.51job.com/all/co3059729.html
jobs.51job.com/all/co3059729.html
jobs.51job.com/all/co3059729.html
jobs.51job.com/all/co3749596.html
jobs.51job.com/all/co3837579.html
jobs.51job.com/all/co3837579.html
jobs.51job.com/all/co3837579.html
jobs.51job.com/all/co3323743.html
jobs.51job.com/all/co3676637.html
jobs.51job.com/all/co3902555.html
jobs.51job.com/all/co3680807.html
jobs.51job.com/all/co3680807.html
jobs.51job.com/all/co4466370.html
jobs.51job.com/all/co4466370.html
jobs.51job.com/all/co3941142.html
jobs.51job.com/all/co3699539.html
jobs.51job.com/all/co3805757.html
jobs.51job.com/all/co3805757.html
jobs.51job.com/all/co3680807.html
jobs.51job.com/all/co4199876.html
jobs.51job.com/all/co4199876.html
jobs.51job.com/all/co4199876.html
jobs.51job.com/all/co4199876.html
jobs.51job.com/all/co4199876.html
jobs.51job.com/all/co4199876.html
jobs.51job.com/all/co4199876.html
jobs.51job.com/all/co4199876.html
jobs.51job.com/all/co4199876.html
jobs.51job.com/all/co4199876.html
jobs.51job.com/all/co2537057.html
jobs.51job.com/all/co3776948.html
jobs.51job.com/all/co2940283.html
jobs.51job.com/all/co2940283.html
jobs.51job.com/all/co4863325.html
jobs.51job.com/all/co688477.html
jobs.51job.com/all/co688477.html
jobs.51job.com/all/co688477.html
jobs.51job.com/all/co688477.html
jobs.51job.com/all/co3705227.html
jobs.51job.com/all/co3839669.html
jobs.51job.com/all/co3986517.html
jobs.51job.com/all/co178586.html
jobs.51job.com/all/co4729369.html
jobs.51job.com/all/co4339814.html
jobs.51job.com/all/co3667542.html
jobs.51job.com/all/co3443282.html
jobs.51job.com/all/co4339814.html
jobs.51job.com/all/co3443282.html
jobs.51job.com/all/co3443282.html
jobs.51job.com/all/co4680533.html
jobs.51job.com/all/co2573178.html
jobs.51job.com/all/co3290396.html
jobs.51job.com/all/co3805757.html
jobs.51job.com/all/co3805420.html
jobs.51job.com/all/co3805420.html
jobs.51job.com/all/co3805420.html
jobs.51job.com/all/co3805420.html
jobs.51job.com/all/co3805420.html
jobs.51job.com/all/co3805420.html
jobs.51job.com/all/co3805420.html
jobs.51job.com/all/co3805420.html
jobs.51job.com/all/co3805420.html
jobs.51job.com/all/co3805420.html
jobs.51job.com/all/co3805420.html
jobs.51job.com/all/co3805420.html
jobs.51job.com/all/co3805420.html
jobs.51job.com/all/co3805420.html
jobs.51job.com/all/co3805420.html
jobs.51job.com/all/co3805420.html
