jobs.51job.com/all/co3799743.html
jobs.51job.com/all/co2718593.html
jobs.51job.com/all/co4829178.html
jobs.51job.com/all/co3939676.html
jobs.51job.com/all/co2926741.html
jobs.51job.com/all/co4617607.html
jobs.51job.com/all/co2724983.html
jobs.51job.com/all/co4332204.html
jobs.51job.com/all/co3841921.html
jobs.51job.com/all/co3163092.html
jobs.51job.com/all/co4668273.html
jobs.51job.com/all/co2900131.html
jobs.51job.com/all/co2978604.html
jobs.51job.com/all/co2609228.html
jobs.51job.com/all/co3175592.html
jobs.51job.com/all/co3753329.html
jobs.51job.com/all/co4093123.html
jobs.51job.com/all/co3201640.html
jobs.51job.com/all/co4002298.html
jobs.51job.com/all/co4296953.html
jobs.51job.com/all/co4860378.html
jobs.51job.com/all/co4003130.html
jobs.51job.com/all/co4492735.html
jobs.51job.com/all/co571262.html
jobs.51job.com/all/co3413798.html
jobs.51job.com/all/co4867665.html
jobs.51job.com/all/co3264632.html
jobs.51job.com/all/co4309608.html
jobs.51job.com/all/co2507622.html
jobs.51job.com/all/co3828456.html
jobs.51job.com/all/co105413.html
jobs.51job.com/all/co391469.html
zjsj.51job.com/
jobs.51job.com/all/co3860890.html
jobs.51job.com/all/co3207051.html
jobs.51job.com/all/co3677620.html
jobs.51job.com/all/co3570094.html
jobs.51job.com/all/co2451066.html
jobs.51job.com/all/co2475819.html
jobs.51job.com/all/co4822180.html
jobs.51job.com/all/co3877828.html
jobs.51job.com/all/co2204772.html
jobs.51job.com/all/co2935334.html
jobs.51job.com/all/co3238996.html
jobs.51job.com/all/co4325337.html
jobs.51job.com/all/co2008945.html
jobs.51job.com/all/co4551130.html
jobs.51job.com/all/co4867997.html
jobs.51job.com/all/co3428886.html
jobs.51job.com/all/co4904570.html
jobs.51job.com/all/co4896669.html
jobs.51job.com/all/co4392908.html
jobs.51job.com/all/co4875239.html
jobs.51job.com/all/co2679697.html
jobs.51job.com/all/co1196956.html
jobs.51job.com/all/co3011530.html
jobs.51job.com/all/co4610209.html
jobs.51job.com/all/co2406768.html
jobs.51job.com/all/co3869358.html
jobs.51job.com/all/co2809593.html
jobs.51job.com/all/co2733213.html
jobs.51job.com/all/co4432966.html
jobs.51job.com/all/co4170001.html
jobs.51job.com/all/co2971456.html
jobs.51job.com/all/co3239293.html
jobs.51job.com/all/co3740977.html
jobs.51job.com/all/co2424430.html
jobs.51job.com/all/co2350381.html
jobs.51job.com/all/co4805202.html
jobs.51job.com/all/co4531257.html
jobs.51job.com/all/co3464689.html
jobs.51job.com/all/co3148987.html
jobs.51job.com/all/co2429113.html
jobs.51job.com/all/co3221557.html
jobs.51job.com/all/co3369231.html
jobs.51job.com/all/co2526801.html
jobs.51job.com/all/co3222563.html
jobs.51job.com/all/co4493998.html
jobs.51job.com/all/co3781295.html
jobs.51job.com/all/co2228545.html
jobs.51job.com/all/co2389024.html
jobs.51job.com/all/co3987289.html
jobs.51job.com/all/co2714277.html
jobs.51job.com/all/co2521357.html
jobs.51job.com/all/co2316968.html
jobs.51job.com/all/co3157296.html
jobs.51job.com/all/co2132734.html
jobs.51job.com/all/co2587304.html
jobs.51job.com/all/co4581086.html
jobs.51job.com/all/co4752620.html
jobs.51job.com/all/co3438745.html
jobs.51job.com/all/co3911296.html
jobs.51job.com/all/co591256.html
jobs.51job.com/all/co2225130.html
jobs.51job.com/all/co2044295.html
jobs.51job.com/all/co4327214.html
jobs.51job.com/all/co2947954.html
jobs.51job.com/all/co4677677.html
jobs.51job.com/all/co2627891.html
jobs.51job.com/all/co3157145.html
jobs.51job.com/all/co4529999.html
jobs.51job.com/all/co4945635.html
jobs.51job.com/all/co3929173.html
jobs.51job.com/all/co2856626.html
jobs.51job.com/all/co2266110.html
jobs.51job.com/all/co2869607.html
jobs.51job.com/all/co3164938.html
jobs.51job.com/all/co4055003.html
jobs.51job.com/all/co3696187.html
jobs.51job.com/all/co3573272.html
jobs.51job.com/all/co4215640.html
jobs.51job.com/all/co4488086.html
jobs.51job.com/all/co2646639.html
jobs.51job.com/all/co2391533.html
jobs.51job.com/all/co3157398.html
jobs.51job.com/all/co3517455.html
jobs.51job.com/all/co2205566.html
jobs.51job.com/all/co2821220.html
jobs.51job.com/all/co3205404.html
jobs.51job.com/all/co2994749.html
jobs.51job.com/all/co3012413.html
jobs.51job.com/all/co3616861.html
jobs.51job.com/all/co4930255.html
jobs.51job.com/all/co4214932.html
jobs.51job.com/all/co3912363.html
jobs.51job.com/all/co4400452.html
jobs.51job.com/all/co2457614.html
jobs.51job.com/all/co3586619.html
jobs.51job.com/all/co4264871.html
jobs.51job.com/all/co229229.html
jobs.51job.com/all/co2400373.html
jobs.51job.com/all/co4120876.html
jobs.51job.com/all/co3618284.html
jobs.51job.com/all/co4288884.html
jobs.51job.com/all/co1284656.html
jobs.51job.com/all/co3654077.html
jobs.51job.com/all/co3019212.html
jobs.51job.com/all/co2936282.html
jobs.51job.com/all/co316507.html
jobs.51job.com/all/co3799303.html
jobs.51job.com/all/co2307796.html
jobs.51job.com/all/co3390428.html
jobs.51job.com/all/co3146174.html
jobs.51job.com/all/co4298788.html
jobs.51job.com/all/co4710620.html
jobs.51job.com/all/co3266690.html
jobs.51job.com/all/co4621082.html
jobs.51job.com/all/co3290486.html
jobs.51job.com/all/co4784557.html
jobs.51job.com/all/co2925135.html
jobs.51job.com/all/co4820078.html
jobs.51job.com/all/co4316120.html
jobs.51job.com/all/co4921218.html
jobs.51job.com/all/co4605592.html
jobs.51job.com/all/co4458803.html
jobs.51job.com/all/co2389886.html
jobs.51job.com/all/co4311576.html
jobs.51job.com/all/co4222876.html
jobs.51job.com/all/co4604121.html
jobs.51job.com/all/co4883542.html
jobs.51job.com/all/co4307116.html
jobs.51job.com/all/co4211542.html
jobs.51job.com/all/co2866178.html
jobs.51job.com/all/co3883548.html
jobs.51job.com/all/co4443220.html
jobs.51job.com/all/co3198139.html
jobs.51job.com/all/co4405080.html
jobs.51job.com/all/co4647834.html
jobs.51job.com/all/co4765677.html
jobs.51job.com/all/co4668158.html
jobs.51job.com/all/co3597846.html
jobs.51job.com/all/co4308767.html
jobs.51job.com/all/co2891098.html
jobs.51job.com/all/co2400437.html
jobs.51job.com/all/co4543535.html
jobs.51job.com/all/co3286182.html
jobs.51job.com/all/co4386731.html
jobs.51job.com/all/co2916945.html
jobs.51job.com/all/co3812549.html
jobs.51job.com/all/co2675977.html
jobs.51job.com/all/co2572838.html
jobs.51job.com/all/co4737320.html
jobs.51job.com/all/co3765083.html
jobs.51job.com/all/co3357537.html
jobs.51job.com/all/co4231201.html
jobs.51job.com/all/co2097055.html
jobs.51job.com/all/co3844964.html
jobs.51job.com/all/co4869260.html
jobs.51job.com/all/co3868399.html
jobs.51job.com/all/co3921057.html
jobs.51job.com/all/co3870221.html
jobs.51job.com/all/co4503192.html
jobs.51job.com/all/co4949659.html
jobs.51job.com/all/co4949673.html
jobs.51job.com/all/co4949658.html
jobs.51job.com/all/co2394612.html
jobs.51job.com/all/co4474821.html
jobs.51job.com/all/co2712237.html
jobs.51job.com/all/co4694625.html
jobs.51job.com/all/co4945630.html
jobs.51job.com/all/co4945631.html
jobs.51job.com/all/co4945634.html
jobs.51job.com/all/co4945639.html
jobs.51job.com/all/co4721945.html
jobs.51job.com/all/co4945629.html
jobs.51job.com/all/co3826376.html
jobs.51job.com/all/co4862095.html
jobs.51job.com/all/co4949667.html
jobs.51job.com/all/co4949657.html
jobs.51job.com/all/co4949668.html
jobs.51job.com/all/co4949676.html
jobs.51job.com/all/co4949664.html
jobs.51job.com/all/co4935212.html
jobs.51job.com/all/co4945633.html
jobs.51job.com/all/co4910148.html
jobs.51job.com/all/co4518763.html
jobs.51job.com/all/co3820020.html
jobs.51job.com/all/co4574547.html
jobs.51job.com/all/co3659259.html
jobs.51job.com/all/co4825596.html
jobs.51job.com/all/co3289917.html
jobs.51job.com/all/co2782632.html
jobs.51job.com/all/co3881958.html
jobs.51job.com/all/co4304969.html
jobs.51job.com/all/co3317186.html
jobs.51job.com/all/co4224479.html
jobs.51job.com/all/co4243694.html
jobs.51job.com/all/co4833478.html
jobs.51job.com/all/co2964004.html
jobs.51job.com/all/co3099174.html
jobs.51job.com/all/co4712148.html
jobs.51job.com/all/co2966940.html
jobs.51job.com/all/co109616.html
jobs.51job.com/all/co3940160.html
jobs.51job.com/all/co3770149.html
jobs.51job.com/all/co4938988.html
jobs.51job.com/all/co3155092.html
jobs.51job.com/all/co4606183.html
jobs.51job.com/all/co2218448.html
jobs.51job.com/all/co2072396.html
jobs.51job.com/all/co2726822.html
jobs.51job.com/all/co3567831.html
jobs.51job.com/all/co4807996.html
jobs.51job.com/all/co4023523.html
jobs.51job.com/all/co4464988.html
jobs.51job.com/all/co4048661.html
jobs.51job.com/all/co2694499.html
jobs.51job.com/all/co2382812.html
jobs.51job.com/all/co3965659.html
jobs.51job.com/all/co2655476.html
jobs.51job.com/all/co4418934.html
jobs.51job.com/all/co4246957.html
jobs.51job.com/all/co4913083.html
jobs.51job.com/all/co3960557.html
jobs.51job.com/all/co4201436.html
jobs.51job.com/all/co2558175.html
ldjt.51job.com/job_list2.php?company=2465299
jobs.51job.com/all/co4341925.html
jobs.51job.com/all/co2922664.html
jobs.51job.com/all/co4948641.html
jobs.51job.com/all/co3225781.html
jobs.51job.com/all/co3777531.html
jobs.51job.com/all/co3869964.html
jobs.51job.com/all/co2907897.html
jobs.51job.com/all/co4068191.html
jobs.51job.com/all/co3169843.html
jobs.51job.com/all/co3277150.html
jobs.51job.com/all/co2579239.html
jobs.51job.com/all/co3804061.html
jobs.51job.com/all/co2564285.html
jobs.51job.com/all/co2917229.html
jobs.51job.com/all/co2308753.html
jobs.51job.com/all/co4949758.html
jobs.51job.com/all/co4914284.html
jobs.51job.com/all/co2693258.html
jobs.51job.com/all/co2540175.html
jobs.51job.com/all/co4930371.html
jobs.51job.com/all/co3479827.html
jobs.51job.com/all/co4785140.html
jobs.51job.com/all/co2402499.html
jobs.51job.com/all/co3974480.html
jobs.51job.com/all/co4446354.html
jobs.51job.com/all/co3512893.html
jobs.51job.com/all/co2679277.html
jobs.51job.com/all/co3076419.html
jobs.51job.com/all/co663699.html
jobs.51job.com/all/co2866429.html
jobs.51job.com/all/co4620581.html
jobs.51job.com/all/co2505253.html
jobs.51job.com/all/co4777972.html
jobs.51job.com/all/co2892895.html
jobs.51job.com/all/co2982051.html
jobs.51job.com/all/co2968076.html
jobs.51job.com/all/co3390721.html
jobs.51job.com/all/co3572416.html
jobs.51job.com/all/co2378456.html
jobs.51job.com/all/co4641733.html
jobs.51job.com/all/co576250.html
jobs.51job.com/all/co3561461.html
jobs.51job.com/all/co3338895.html
jobs.51job.com/all/co2415583.html
jobs.51job.com/all/co2249574.html
jobs.51job.com/all/co2402589.html
jobs.51job.com/all/co4098930.html
jobs.51job.com/all/co321264.html
jobs.51job.com/all/co4349061.html
jobs.51job.com/all/co2647906.html
jobs.51job.com/all/co3037664.html
jobs.51job.com/all/co2546282.html
jobs.51job.com/all/co4149238.html
jobs.51job.com/all/co2727132.html
jobs.51job.com/all/co2024639.html
jobs.51job.com/all/co2205617.html
jobs.51job.com/all/co3551452.html
jobs.51job.com/all/co3920190.html
jobs.51job.com/all/co3573274.html
jobs.51job.com/all/co2423385.html
jobs.51job.com/all/co2211269.html
jobs.51job.com/all/co3774979.html
jobs.51job.com/all/co2263306.html
jobs.51job.com/all/co4640445.html
jobs.51job.com/all/co3866525.html
jobs.51job.com/all/co2330779.html
jobs.51job.com/all/co3880878.html
jobs.51job.com/all/co4900032.html
jobs.51job.com/all/co4442876.html
jobs.51job.com/all/co3629200.html
jobs.51job.com/all/co2486039.html
jobs.51job.com/all/co278395.html
danfoss.51job.com
jobs.51job.com/all/co4618958.html
jobs.51job.com/all/co3565386.html
jobs.51job.com/all/co2325941.html
jobs.51job.com/all/co4827318.html
jobs.51job.com/all/co3829587.html
jobs.51job.com/all/co3852523.html
jobs.51job.com/all/co3944971.html
jobs.51job.com/all/co3244364.html
jobs.51job.com/all/co2894222.html
jobs.51job.com/all/co2789820.html
jobs.51job.com/all/co4145470.html
jobs.51job.com/all/co4467101.html
jobs.51job.com/all/co2796089.html
jobs.51job.com/all/co2474851.html
jobs.51job.com/all/co2971700.html
jobs.51job.com/all/co2934340.html
jobs.51job.com/all/co307078.html
jobs.51job.com/all/co2766769.html
jobs.51job.com/all/co2261556.html
jobs.51job.com/all/co3228787.html
jobs.51job.com/all/co4170727.html
jobs.51job.com/all/co2857901.html
jobs.51job.com/all/co4156956.html
jobs.51job.com/all/co3256826.html
jobs.51job.com/all/co2913728.html
jobs.51job.com/all/co3777130.html
jobs.51job.com/all/co2658876.html
jobs.51job.com/all/co3692341.html
jobs.51job.com/all/co2393080.html
jobs.51job.com/all/co3141708.html
jobs.51job.com/all/co525257.html
jobs.51job.com/all/co3065479.html
jobs.51job.com/all/co2733580.html
jobs.51job.com/all/co4876852.html
jobs.51job.com/all/co823250.html
jobs.51job.com/all/co4486886.html
jobs.51job.com/all/co4410044.html
jobs.51job.com/all/co2479294.html
jobs.51job.com/all/co2226888.html
jobs.51job.com/all/co4625867.html
jobs.51job.com/all/co4758143.html
jobs.51job.com/all/co4015857.html
jobs.51job.com/all/co519209.html
jobs.51job.com/all/co4018756.html
jobs.51job.com/all/co2554810.html
jobs.51job.com/all/co2292184.html
jobs.51job.com/all/co3139477.html
jobs.51job.com/all/co2682099.html
jobs.51job.com/all/co3101784.html
jobs.51job.com/all/co4929745.html
jobs.51job.com/all/co2532082.html
jobs.51job.com/all/co3652734.html
jobs.51job.com/all/co3738825.html
jobs.51job.com/all/co1683129.html
jobs.51job.com/all/co4583345.html
jobs.51job.com/all/co3929098.html
jobs.51job.com/all/co2422942.html
jobs.51job.com/all/co2097254.html
jobs.51job.com/all/co4625595.html
jobs.51job.com/all/co2501347.html
jobs.51job.com/all/co2357558.html
jobs.51job.com/all/co4853170.html
jobs.51job.com/all/co2565112.html
jobs.51job.com/all/co4895282.html
jobs.51job.com/all/co2983114.html
jobs.51job.com/all/co4676201.html
jobs.51job.com/all/co2157956.html
jobs.51job.com/all/co4459916.html
jobs.51job.com/all/co3819047.html
jobs.51job.com/all/co2074311.html
jobs.51job.com/all/co4667017.html
jobs.51job.com/all/co4894526.html
jobs.51job.com/all/co3525481.html
jobs.51job.com/all/co4696225.html
jobs.51job.com/all/co3403152.html
jobs.51job.com/all/co4875569.html
jobs.51job.com/all/co4056364.html
jobs.51job.com/all/co3368270.html
jobs.51job.com/all/co4870635.html
jobs.51job.com/all/co4521650.html
jobs.51job.com/all/co3183203.html
jobs.51job.com/all/co4518241.html
jobs.51job.com/all/co2198483.html
jobs.51job.com/all/co4883350.html
jobs.51job.com/all/co3270075.html
jobs.51job.com/all/co3168053.html
jobs.51job.com/all/co2865646.html
jobs.51job.com/all/co3535253.html
jobs.51job.com/all/co3154180.html
jobs.51job.com/all/co3478108.html
jobs.51job.com/all/co3711044.html
jobs.51job.com/all/co3700974.html
jobs.51job.com/all/co2999839.html
jobs.51job.com/all/co2139557.html
jobs.51job.com/all/co3205585.html
jobs.51job.com/all/co4453959.html
jobs.51job.com/all/co3825646.html
jobs.51job.com/all/co2605388.html
jobs.51job.com/all/co4425134.html
jobs.51job.com/all/co3441269.html
jobs.51job.com/all/co2357752.html
jobs.51job.com/all/co2842748.html
jobs.51job.com/all/co3733980.html
jobs.51job.com/all/co4407428.html
jobs.51job.com/all/co3081985.html
jobs.51job.com/all/co596739.html
jobs.51job.com/all/co3226697.html
jobs.51job.com/all/co3013390.html
jobs.51job.com/all/co2742567.html
jobs.51job.com/all/co2278254.html
jobs.51job.com/all/co3996207.html
jobs.51job.com/all/co4224216.html
jobs.51job.com/all/co4077641.html
jobs.51job.com/all/co4832386.html
jobs.51job.com/all/co774093.html
jobs.51job.com/all/co2082904.html
jobs.51job.com/all/co167379.html
jobs.51job.com/all/co4071231.html
jobs.51job.com/all/co3768172.html
jobs.51job.com/all/co4048180.html
jobs.51job.com/all/co4333862.html
jobs.51job.com/all/co3204443.html
jobs.51job.com/all/co4254921.html
jobs.51job.com/all/co3133030.html
jobs.51job.com/all/co3673913.html
jobs.51job.com/all/co3011943.html
jobs.51job.com/all/co3268799.html
jobs.51job.com/all/co3565362.html
jobs.51job.com/all/co3812976.html
jobs.51job.com/all/co3183048.html
jobs.51job.com/all/co2232228.html
jobs.51job.com/all/co111971.html
jobs.51job.com/all/co134910.html
jobs.51job.com/all/co4419419.html
jobs.51job.com/all/co3407696.html
jobs.51job.com/all/co2711219.html
jobs.51job.com/all/co2693656.html
jobs.51job.com/all/co2310391.html
jobs.51job.com/all/co4538700.html
jobs.51job.com/all/co4403589.html
jobs.51job.com/all/co3884416.html
jobs.51job.com/all/co3031575.html
jobs.51job.com/all/co4660661.html
jobs.51job.com/all/co2849860.html
jobs.51job.com/all/co4808648.html
jobs.51job.com/all/co4673471.html
jobs.51job.com/all/co4045743.html
jobs.51job.com/all/co3323272.html
jobs.51job.com/all/co3670865.html
jobs.51job.com/all/co4105559.html
jobs.51job.com/all/co4368103.html
jobs.51job.com/all/co4358819.html
jobs.51job.com/all/co2544578.html
jobs.51job.com/all/co3566957.html
jobs.51job.com/all/co4446633.html
jobs.51job.com/all/co4332126.html
jobs.51job.com/all/co358481.html
jobs.51job.com/all/co2531079.html
jobs.51job.com/all/co4782007.html
jobs.51job.com/all/co4513682.html
jobs.51job.com/all/co3983613.html
jobs.51job.com/all/co4386612.html
jobs.51job.com/all/co2920315.html
jobs.51job.com/all/co3938368.html
jobs.51job.com/all/co2207764.html
jobs.51job.com/all/co4268593.html
jobs.51job.com/all/co2763838.html
jobs.51job.com/all/co4185239.html
jobs.51job.com/all/co2668133.html
jobs.51job.com/all/co3340392.html
jobs.51job.com/all/co1993054.html
jobs.51job.com/all/co3204285.html
jobs.51job.com/all/co2574332.html
jobs.51job.com/all/co3036870.html
jobs.51job.com/all/co2530384.html
jobs.51job.com/all/co154201.html
jobs.51job.com/all/co3987138.html
jobs.51job.com/all/co191356.html
jobs.51job.com/all/co3225265.html
jobs.51job.com/all/co2401281.html
jobs.51job.com/all/co2749331.html
jobs.51job.com/all/co3398974.html
jobs.51job.com/all/co405432.html
jobs.51job.com/all/co4945632.html
jobs.51job.com/all/co4311677.html
jobs.51job.com/all/co497208.html
jobs.51job.com/all/co1991740.html
jobs.51job.com/all/co2833151.html
jobs.51job.com/all/co3477226.html
jobs.51job.com/all/co4205989.html
jobs.51job.com/all/co3633302.html
jobs.51job.com/all/co2976023.html
jobs.51job.com/all/co4169521.html
jobs.51job.com/all/co253648.html
jobs.51job.com/all/co2744742.html
jobs.51job.com/all/co3106768.html
jobs.51job.com/all/co3073705.html
jobs.51job.com/all/co4934103.html
jobs.51job.com/all/co4574653.html
jobs.51job.com/all/co3028389.html
jobs.51job.com/all/co4097542.html
jobs.51job.com/all/co358586.html
jobs.51job.com/all/co4339178.html
jobs.51job.com/all/co3119497.html
jobs.51job.com/all/co2429684.html
jobs.51job.com/all/co4936237.html
jobs.51job.com/all/co2430203.html
jobs.51job.com/all/co1554105.html
jobs.51job.com/all/co2706618.html
jobs.51job.com/all/co4250337.html
jobs.51job.com/all/co4167310.html
jobs.51job.com/all/co4402358.html
jobs.51job.com/all/co3241139.html
jobs.51job.com/all/co3971071.html
jobs.51job.com/all/co2727172.html
jobs.51job.com/all/co4389280.html
jobs.51job.com/all/co3297004.html
jobs.51job.com/all/co4002610.html
jobs.51job.com/all/co2609722.html
jobs.51job.com/all/co2879748.html
jobs.51job.com/all/co4746305.html
jobs.51job.com/all/co4541327.html
jobs.51job.com/all/co2915498.html
jobs.51job.com/all/co4856309.html
jobs.51job.com/all/co4482113.html
jobs.51job.com/all/co2941442.html
jobs.51job.com/all/co2395558.html
jobs.51job.com/all/co4821991.html
jobs.51job.com/all/co4451739.html
jobs.51job.com/all/co3653677.html
jobs.51job.com/all/co4338380.html
jobs.51job.com/all/co3473625.html
jobs.51job.com/all/co4683313.html
jobs.51job.com/all/co421662.html
jobs.51job.com/all/co4873389.html
jobs.51job.com/all/co4042747.html
jobs.51job.com/all/co4861133.html
jobs.51job.com/all/co3825781.html
jobs.51job.com/all/co4416358.html
jobs.51job.com/all/co3491846.html
jobs.51job.com/all/co4939119.html
jobs.51job.com/all/co4115301.html
jobs.51job.com/all/co2986908.html
jobs.51job.com/all/co4155786.html
jobs.51job.com/all/co4896990.html
jobs.51job.com/all/co2656866.html
jobs.51job.com/all/co4401986.html
jobs.51job.com/all/co4341519.html
jobs.51job.com/all/co2177507.html
jobs.51job.com/all/co3232947.html
jobs.51job.com/all/co3151122.html
jobs.51job.com/all/co4442516.html
jobs.51job.com/all/co3083941.html
jobs.51job.com/all/co4835929.html
jobs.51job.com/all/co1561294.html
jobs.51job.com/all/co4050104.html
jobs.51job.com/all/co4488132.html
jobs.51job.com/all/co3270860.html
jobs.51job.com/all/co4904139.html
jobs.51job.com/all/co4839671.html
jobs.51job.com/all/co3660778.html
jobs.51job.com/all/co3861674.html
jobs.51job.com/all/co4686583.html
jobs.51job.com/all/co4346926.html
jobs.51job.com/all/co184147.html
jobs.51job.com/all/co4017325.html
jobs.51job.com/all/co4843434.html
jobs.51job.com/all/co261520.html
jobs.51job.com/all/co3845413.html
jobs.51job.com/all/co4127039.html
jobs.51job.com/all/co4479061.html
jobs.51job.com/all/co3163627.html
jobs.51job.com/all/co4233999.html
jobs.51job.com/all/co2768209.html
jobs.51job.com/all/co4177765.html
jobs.51job.com/all/co2833385.html
jobs.51job.com/all/co2421752.html
jobs.51job.com/all/co2748516.html
jobs.51job.com/all/co3612169.html
jobs.51job.com/all/co4455740.html
jobs.51job.com/all/co4949661.html
jobs.51job.com/all/co4382472.html
jobs.51job.com/all/co4689154.html
jobs.51job.com/all/co2739433.html
jobs.51job.com/all/co2454588.html
jobs.51job.com/all/co4762878.html
jobs.51job.com/all/co4151719.html
jobs.51job.com/all/co2257767.html
jobs.51job.com/all/co2778732.html
jobs.51job.com/all/co4477801.html
jobs.51job.com/all/co4282479.html
jobs.51job.com/all/co4788563.html
jobs.51job.com/all/co4867525.html
jobs.51job.com/all/co4393447.html
jobs.51job.com/all/co2826519.html
jobs.51job.com/all/co4728570.html
jobs.51job.com/all/co3044962.html
jobs.51job.com/all/co2700826.html
jobs.51job.com/all/co3962115.html
jobs.51job.com/all/co2591207.html
jobs.51job.com/all/co2194535.html
jobs.51job.com/all/co4855667.html
jobs.51job.com/all/co4615903.html
jobs.51job.com/all/co4920378.html
jobs.51job.com/all/co2330223.html
jobs.51job.com/all/co2400440.html
jobs.51job.com/all/co2272109.html
jobs.51job.com/all/co4453838.html
jobs.51job.com/all/co4280647.html
jobs.51job.com/all/co3580805.html
jobs.51job.com/all/co3863343.html
jobs.51job.com/all/co3830166.html
jobs.51job.com/all/co2117551.html
jobs.51job.com/all/co2832462.html
jobs.51job.com/all/co149678.html
jobs.51job.com/all/co2851555.html
jobs.51job.com/all/co4837220.html
jobs.51job.com/all/co4557715.html
jobs.51job.com/all/co3863897.html
jobs.51job.com/all/co4088039.html
jobs.51job.com/all/co3920921.html
jobs.51job.com/all/co114531.html
jobs.51job.com/all/co4606433.html
jobs.51job.com/all/co2407787.html
jobs.51job.com/all/co4082060.html
jobs.51job.com/all/co2868528.html
jobs.51job.com/all/co3860711.html
jobs.51job.com/all/co3671312.html
jobs.51job.com/all/co2309461.html
jobs.51job.com/all/co4332599.html
jobs.51job.com/all/co4330831.html
jobs.51job.com/all/co3147072.html
jobs.51job.com/all/co3940712.html
jobs.51job.com/all/co3891387.html
jobs.51job.com/all/co3906470.html
jobs.51job.com/all/co2220834.html
jobs.51job.com/all/co3231247.html
jobs.51job.com/all/co4448184.html
jobs.51job.com/all/co3255733.html
jobs.51job.com/all/co3856052.html
jobs.51job.com/all/co4070259.html
jobs.51job.com/all/co300909.html
jobs.51job.com/all/co3905815.html
jobs.51job.com/all/co3959923.html
jobs.51job.com/all/co4267877.html
jobs.51job.com/all/co4904631.html
jobs.51job.com/all/co3527607.html
jobs.51job.com/all/co3412047.html
jobs.51job.com/all/co3019051.html
jobs.51job.com/all/co512322.html
jobs.51job.com/all/co3950225.html
jobs.51job.com/all/co2693540.html
jobs.51job.com/all/co3610872.html
jobs.51job.com/all/co4869626.html
jobs.51job.com/all/co3152523.html
jobs.51job.com/all/co2298140.html
jobs.51job.com/all/co4410344.html
jobs.51job.com/all/co4689998.html
jobs.51job.com/all/co3680361.html
jobs.51job.com/all/co3724953.html
jobs.51job.com/all/co2551553.html
jobs.51job.com/all/co3644598.html
jobs.51job.com/all/co4160671.html
jobs.51job.com/all/co2962221.html
jobs.51job.com/all/co2502016.html
jobs.51job.com/all/co4874448.html
jobs.51job.com/all/co3546361.html
jobs.51job.com/all/co3744920.html
jobs.51job.com/all/co3833785.html
jobs.51job.com/all/co4372857.html
jobs.51job.com/all/co157125.html
jobs.51job.com/all/co4212314.html
jobs.51job.com/all/co2625651.html
jobs.51job.com/all/co3799286.html
jobs.51job.com/all/co4414006.html
jobs.51job.com/all/co3647493.html
jobs.51job.com/all/co4268890.html
jobs.51job.com/all/co3293044.html
jobs.51job.com/all/co2366992.html
jobs.51job.com/all/co4390378.html
jobs.51job.com/all/co4048091.html
jobs.51job.com/all/co3044911.html
jobs.51job.com/all/co4267887.html
jobs.51job.com/all/co4534935.html
jobs.51job.com/all/co4027818.html
jobs.51job.com/all/co4175723.html
jobs.51job.com/all/co3309510.html
jobs.51job.com/all/co4452127.html
jobs.51job.com/all/co4793665.html
jobs.51job.com/all/co4773651.html
jobs.51job.com/all/co2930998.html
jobs.51job.com/all/co3324611.html
jobs.51job.com/all/co4812421.html
jobs.51job.com/all/co3894200.html
jobs.51job.com/all/co4326931.html
jobs.51job.com/all/co4139504.html
jobs.51job.com/all/co4842555.html
jobs.51job.com/all/co3878512.html
jobs.51job.com/all/co2623682.html
jobs.51job.com/all/co4209729.html
jobs.51job.com/all/co2997826.html
jobs.51job.com/all/co4805251.html
jobs.51job.com/all/co4657792.html
jobs.51job.com/all/co4382824.html
jobs.51job.com/all/co4382864.html
jobs.51job.com/all/co4809911.html
jobs.51job.com/all/co3326184.html
jobs.51job.com/all/co4914801.html
jobs.51job.com/all/co2360569.html
jobs.51job.com/all/co4576136.html
jobs.51job.com/all/co4804702.html
jobs.51job.com/all/co2396205.html
jobs.51job.com/all/co3846832.html
jobs.51job.com/all/co2678633.html
jobs.51job.com/all/co4203750.html
jobs.51job.com/all/co3957365.html
jobs.51job.com/all/co2013483.html
jobs.51job.com/all/co4334546.html
jobs.51job.com/all/co4857427.html
jobs.51job.com/all/co3719097.html
jobs.51job.com/all/co2743232.html
jobs.51job.com/all/co1146131.html
jobs.51job.com/all/co3963851.html
jobs.51job.com/all/co4251697.html
jobs.51job.com/all/co3473284.html
jobs.51job.com/all/co2888126.html
jobs.51job.com/all/co3303039.html
jobs.51job.com/all/co4282478.html
jobs.51job.com/all/co2640044.html
jobs.51job.com/all/co3469407.html
jobs.51job.com/all/co237519.html
jobs.51job.com/all/co4631780.html
jobs.51job.com/all/co2359852.html
jobs.51job.com/all/co2722538.html
jobs.51job.com/all/co3573460.html
jobs.51job.com/all/co3079759.html
jobs.51job.com/all/co4677969.html
jobs.51job.com/all/co2876385.html
jobs.51job.com/all/co4760039.html
jobs.51job.com/all/co4895016.html
jobs.51job.com/all/co4718868.html
jobs.51job.com/all/co3699605.html
jobs.51job.com/all/co2492865.html
jobs.51job.com/all/co4647773.html
jobs.51job.com/all/co3053801.html
jobs.51job.com/all/co4197184.html
jobs.51job.com/all/co4801564.html
jobs.51job.com/all/co1224397.html
jobs.51job.com/all/co3674541.html
jobs.51job.com/all/co3239860.html
jobs.51job.com/all/co3390567.html
jobs.51job.com/all/co3840760.html
jobs.51job.com/all/co4863176.html
jobs.51job.com/all/co4120754.html
jobs.51job.com/all/co4081891.html
jobs.51job.com/all/co4534445.html
jobs.51job.com/all/co2420001.html
jobs.51job.com/all/co2550920.html
jobs.51job.com/all/co3897708.html
zj32.51job.com
jobs.51job.com/all/co230549.html
jobs.51job.com/all/co916051.html
jobs.51job.com/all/co2263129.html
jobs.51job.com/all/co4640986.html
jobs.51job.com/all/co4196049.html
jobs.51job.com/all/co3589179.html
jobs.51job.com/all/co4008109.html
jobs.51job.com/all/co4664083.html
jobs.51job.com/all/co2063766.html
jobs.51job.com/all/co4835798.html
jobs.51job.com/all/co3948664.html
jobs.51job.com/all/co3941685.html
jobs.51job.com/all/co4191199.html
jobs.51job.com/all/co3887899.html
jobs.51job.com/all/co4910181.html
jobs.51job.com/all/co3036406.html
jobs.51job.com/all/co4548566.html
jobs.51job.com/all/co4531141.html
jobs.51job.com/all/co3995787.html
jobs.51job.com/all/co4195283.html
jobs.51job.com/all/co4632740.html
jobs.51job.com/all/co4403367.html
jobs.51job.com/all/co3999141.html
jobs.51job.com/all/co2772211.html
jobs.51job.com/all/co4439747.html
jobs.51job.com/all/co2309233.html
jobs.51job.com/all/co4674713.html
jobs.51job.com/all/co4606355.html
jobs.51job.com/all/co3952366.html
jobs.51job.com/all/co2266158.html
jobs.51job.com/all/co2708163.html
jobs.51job.com/all/co3136419.html
jobs.51job.com/all/co4471365.html
jobs.51job.com/all/co3834445.html
jobs.51job.com/all/co4337332.html
jobs.51job.com/all/co4340289.html
jobs.51job.com/all/co2784966.html
jobs.51job.com/all/co3409214.html
jobs.51job.com/all/co4585296.html
jobs.51job.com/all/co1739881.html
jobs.51job.com/all/co3914041.html
jobs.51job.com/all/co2772149.html
jobs.51job.com/all/co4113598.html
zj32.51job.com
jobs.51job.com/all/co4350404.html
jobs.51job.com/all/co2370233.html
jobs.51job.com/all/co4084242.html
jobs.51job.com/all/co3095932.html
jobs.51job.com/all/co4901769.html
jobs.51job.com/all/co2455764.html
jobs.51job.com/all/co199703.html
jobs.51job.com/all/co3504586.html
jobs.51job.com/all/co4265813.html
jobs.51job.com/all/co3389605.html
jobs.51job.com/all/co467972.html
jobs.51job.com/all/co3135407.html
jobs.51job.com/all/co3351867.html
jobs.51job.com/all/co3763720.html
jobs.51job.com/all/co4351015.html
jobs.51job.com/all/co3372309.html
jobs.51job.com/all/co3706977.html
jobs.51job.com/all/co4794563.html
jobs.51job.com/all/co4373507.html
jobs.51job.com/all/co2661577.html
jobs.51job.com/all/co3787502.html
jobs.51job.com/all/co4518302.html
jobs.51job.com/all/co4578276.html
jobs.51job.com/all/co4676223.html
jobs.51job.com/all/co4810509.html
jobs.51job.com/all/co2420278.html
jobs.51job.com/all/co2418581.html
jobs.51job.com/all/co2557141.html
jobs.51job.com/all/co4335183.html
jobs.51job.com/all/co3489275.html
jobs.51job.com/all/co4451408.html
jobs.51job.com/all/co3030278.html
jobs.51job.com/all/co4317107.html
jobs.51job.com/all/co2542858.html
jobs.51job.com/all/co4024904.html
jobs.51job.com/all/co4334483.html
jobs.51job.com/all/co298496.html
jobs.51job.com/all/co3969169.html
jobs.51job.com/all/co3686622.html
jobs.51job.com/all/co4282472.html
jobs.51job.com/all/co4871180.html
jobs.51job.com/all/co3059729.html
jobs.51job.com/all/co4877182.html
jobs.51job.com/all/co3171539.html
jobs.51job.com/all/co2628138.html
jobs.51job.com/all/co3818695.html
jobs.51job.com/all/co3853131.html
jobs.51job.com/all/co3861985.html
jobs.51job.com/all/co3124434.html
jobs.51job.com/all/co4727543.html
jobs.51job.com/all/co2858905.html
jobs.51job.com/all/co4041989.html
jobs.51job.com/all/co4872896.html
jobs.51job.com/all/co3580705.html
jobs.51job.com/all/co4570034.html
jobs.51job.com/all/co3877174.html
jobs.51job.com/all/co3372646.html
jobs.51job.com/all/co4093666.html
jobs.51job.com/all/co4256929.html
jobs.51job.com/all/co3430440.html
jobs.51job.com/all/co2950156.html
jobs.51job.com/all/co2733559.html
jobs.51job.com/all/co4069790.html
jobs.51job.com/all/co4568401.html
jobs.51job.com/all/co4224425.html
jobs.51job.com/all/co3577192.html
jobs.51job.com/all/co3260152.html
jobs.51job.com/all/co3357432.html
jobs.51job.com/all/co3559519.html
jobs.51job.com/all/co3170622.html
jobs.51job.com/all/co4480280.html
jobs.51job.com/all/co4420198.html
jobs.51job.com/all/co3806180.html
jobs.51job.com/all/co148764.html
jobs.51job.com/all/co4884135.html
jobs.51job.com/all/co4931698.html
jobs.51job.com/all/co3853271.html
jobs.51job.com/all/co4535128.html
jobs.51job.com/all/co4343569.html
jobs.51job.com/all/co3799743.html
jobs.51job.com/all/co2718593.html
jobs.51job.com/all/co2718593.html
jobs.51job.com/all/co2926741.html
jobs.51job.com/all/co4668273.html
jobs.51job.com/all/co3175592.html
jobs.51job.com/all/co3175592.html
jobs.51job.com/all/co4332204.html
jobs.51job.com/all/co571262.html
jobs.51job.com/all/co4309608.html
jobs.51job.com/all/co4309608.html
jobs.51job.com/all/co4309608.html
jobs.51job.com/all/co4309608.html
jobs.51job.com/all/co2507622.html
jobs.51job.com/all/co2507622.html
jobs.51job.com/all/co2507622.html
jobs.51job.com/all/co3828456.html
jobs.51job.com/all/co3828456.html
jobs.51job.com/all/co3828456.html
jobs.51job.com/all/co105413.html
zjsj.51job.com/
zjsj.51job.com/
jobs.51job.com/all/co3207051.html
jobs.51job.com/all/co3207051.html
jobs.51job.com/all/co3207051.html
jobs.51job.com/all/co3677620.html
jobs.51job.com/all/co3677620.html
jobs.51job.com/all/co3677620.html
jobs.51job.com/all/co3677620.html
jobs.51job.com/all/co3175592.html
jobs.51job.com/all/co3175592.html
jobs.51job.com/all/co4822180.html
jobs.51job.com/all/co3877828.html
jobs.51job.com/all/co2935334.html
jobs.51job.com/all/co3841921.html
jobs.51job.com/all/co3841921.html
jobs.51job.com/all/co4829178.html
jobs.51job.com/all/co4829178.html
jobs.51job.com/all/co4829178.html
jobs.51job.com/all/co4829178.html
jobs.51job.com/all/co4829178.html
jobs.51job.com/all/co4829178.html
jobs.51job.com/all/co4551130.html
jobs.51job.com/all/co4551130.html
jobs.51job.com/all/co4551130.html
jobs.51job.com/all/co4551130.html
jobs.51job.com/all/co4551130.html
jobs.51job.com/all/co4867997.html
jobs.51job.com/all/co4867997.html
jobs.51job.com/all/co3011530.html
jobs.51job.com/all/co4610209.html
jobs.51job.com/all/co4610209.html
jobs.51job.com/all/co4610209.html
jobs.51job.com/all/co2406768.html
jobs.51job.com/all/co2406768.html
jobs.51job.com/all/co2406768.html
jobs.51job.com/all/co2609228.html
jobs.51job.com/all/co2609228.html
jobs.51job.com/all/co2609228.html
jobs.51job.com/all/co2809593.html
jobs.51job.com/all/co2926741.html
jobs.51job.com/all/co4432966.html
jobs.51job.com/all/co4432966.html
jobs.51job.com/all/co4432966.html
jobs.51job.com/all/co3828456.html
jobs.51job.com/all/co3740977.html
jobs.51job.com/all/co2424430.html
jobs.51job.com/all/co2424430.html
jobs.51job.com/all/co2424430.html
jobs.51job.com/all/co2424430.html
jobs.51job.com/all/co2424430.html
jobs.51job.com/all/co2424430.html
jobs.51job.com/all/co2424430.html
jobs.51job.com/all/co2424430.html
jobs.51job.com/all/co2350381.html
jobs.51job.com/all/co4531257.html
jobs.51job.com/all/co4531257.html
jobs.51job.com/all/co4531257.html
jobs.51job.com/all/co3464689.html
jobs.51job.com/all/co3148987.html
jobs.51job.com/all/co3148987.html
jobs.51job.com/all/co3148987.html
jobs.51job.com/all/co2429113.html
jobs.51job.com/all/co3369231.html
jobs.51job.com/all/co2526801.html
jobs.51job.com/all/co2526801.html
jobs.51job.com/all/co2900131.html
jobs.51job.com/all/co2316968.html
jobs.51job.com/all/co2316968.html
jobs.51job.com/all/co2316968.html
jobs.51job.com/all/co2316968.html
jobs.51job.com/all/co2587304.html
jobs.51job.com/all/co3987289.html
jobs.51job.com/all/co2900131.html
jobs.51job.com/all/co2900131.html
jobs.51job.com/all/co2900131.html
jobs.51job.com/all/co4581086.html
jobs.51job.com/all/co3011530.html
jobs.51job.com/all/co3011530.html
jobs.51job.com/all/co3677620.html
jobs.51job.com/all/co3677620.html
jobs.51job.com/all/co3677620.html
jobs.51job.com/all/co3677620.html
jobs.51job.com/all/co591256.html
jobs.51job.com/all/co2947954.html
jobs.51job.com/all/co2947954.html
jobs.51job.com/all/co4677677.html
jobs.51job.com/all/co4945635.html
jobs.51job.com/all/co2900131.html
jobs.51job.com/all/co3201640.html
jobs.51job.com/all/co3201640.html
jobs.51job.com/all/co2869607.html
jobs.51job.com/all/co4055003.html
jobs.51job.com/all/co2900131.html
jobs.51job.com/all/co2646639.html
zjsj.51job.com/
zjsj.51job.com/
zjsj.51job.com/
zjsj.51job.com/
zjsj.51job.com/
zjsj.51job.com/
zjsj.51job.com/
zjsj.51job.com/
zjsj.51job.com/
zjsj.51job.com/
zjsj.51job.com/
zjsj.51job.com/
zjsj.51job.com/
zjsj.51job.com/
zjsj.51job.com/
jobs.51job.com/all/co3157398.html
jobs.51job.com/all/co2821220.html
jobs.51job.com/all/co2821220.html
jobs.51job.com/all/co3012413.html
jobs.51job.com/all/co3012413.html
jobs.51job.com/all/co4945635.html
jobs.51job.com/all/co4400452.html
jobs.51job.com/all/co4400452.html
jobs.51job.com/all/co4264871.html
jobs.51job.com/all/co4288884.html
jobs.51job.com/all/co4264871.html
jobs.51job.com/all/co2936282.html
jobs.51job.com/all/co3841921.html
jobs.51job.com/all/co4529999.html
jobs.51job.com/all/co3390428.html
jobs.51job.com/all/co4298788.html
jobs.51job.com/all/co4822180.html
jobs.51job.com/all/co3266690.html
jobs.51job.com/all/co4120876.html
jobs.51job.com/all/co4621082.html
jobs.51job.com/all/co4621082.html
jobs.51job.com/all/co3939676.html
jobs.51job.com/all/co4605592.html
jobs.51job.com/all/co4820078.html
jobs.51job.com/all/co4820078.html
jobs.51job.com/all/co4820078.html
jobs.51job.com/all/co4921218.html
jobs.51job.com/all/co3369231.html
jobs.51job.com/all/co2900131.html
jobs.51job.com/all/co4264871.html
jobs.51job.com/all/co4264871.html
jobs.51job.com/all/co4784557.html
jobs.51job.com/all/co3883548.html
jobs.51job.com/all/co3883548.html
jobs.51job.com/all/co3883548.html
jobs.51job.com/all/co3883548.html
jobs.51job.com/all/co3883548.html
jobs.51job.com/all/co3883548.html
jobs.51job.com/all/co3883548.html
jobs.51job.com/all/co3883548.html
jobs.51job.com/all/co3883548.html
jobs.51job.com/all/co3883548.html
jobs.51job.com/all/co4405080.html
jobs.51job.com/all/co4765677.html
jobs.51job.com/all/co4668158.html
jobs.51job.com/all/co2891098.html
jobs.51job.com/all/co2891098.html
jobs.51job.com/all/co2891098.html
jobs.51job.com/all/co2891098.html
jobs.51job.com/all/co2891098.html
jobs.51job.com/all/co2891098.html
jobs.51job.com/all/co2627891.html
jobs.51job.com/all/co2627891.html
jobs.51job.com/all/co4308767.html
jobs.51job.com/all/co3573272.html
jobs.51job.com/all/co3573272.html
jobs.51job.com/all/co3286182.html
jobs.51job.com/all/co3286182.html
jobs.51job.com/all/co3286182.html
jobs.51job.com/all/co3286182.html
jobs.51job.com/all/co4308767.html
jobs.51job.com/all/co316507.html
jobs.51job.com/all/co316507.html
jobs.51job.com/all/co2675977.html
jobs.51job.com/all/co2675977.html
jobs.51job.com/all/co3765083.html
jobs.51job.com/all/co2718593.html
jobs.51job.com/all/co3844964.html
jobs.51job.com/all/co3844964.html
jobs.51job.com/all/co3844964.html
jobs.51job.com/all/co3844964.html
jobs.51job.com/all/co3844964.html
jobs.51job.com/all/co3844964.html
jobs.51job.com/all/co3844964.html
jobs.51job.com/all/co3844964.html
jobs.51job.com/all/co3844964.html
jobs.51job.com/all/co3844964.html
jobs.51job.com/all/co3844964.html
jobs.51job.com/all/co3844964.html
jobs.51job.com/all/co3844964.html
jobs.51job.com/all/co3844964.html
jobs.51job.com/all/co3844964.html
jobs.51job.com/all/co3844964.html
jobs.51job.com/all/co3844964.html
jobs.51job.com/all/co3844964.html
jobs.51job.com/all/co3844964.html
jobs.51job.com/all/co3868399.html
jobs.51job.com/all/co3921057.html
jobs.51job.com/all/co3921057.html
jobs.51job.com/all/co3921057.html
jobs.51job.com/all/co3799743.html
jobs.51job.com/all/co3799743.html
jobs.51job.com/all/co3799743.html
jobs.51job.com/all/co3799743.html
jobs.51job.com/all/co3799743.html
jobs.51job.com/all/co3799743.html
jobs.51job.com/all/co3799743.html
jobs.51job.com/all/co3799743.html
jobs.51job.com/all/co3799743.html
jobs.51job.com/all/co3799743.html
jobs.51job.com/all/co3799743.html
jobs.51job.com/all/co3799743.html
jobs.51job.com/all/co3799743.html
jobs.51job.com/all/co3799743.html
jobs.51job.com/all/co3799743.html
jobs.51job.com/all/co4296953.html
jobs.51job.com/all/co2204772.html
jobs.51job.com/all/co2394612.html
jobs.51job.com/all/co2394612.html
jobs.51job.com/all/co3870221.html
jobs.51job.com/all/co2394612.html
jobs.51job.com/all/co2394612.html
jobs.51job.com/all/co2394612.html
jobs.51job.com/all/co2394612.html
jobs.51job.com/all/co2394612.html
jobs.51job.com/all/co2394612.html
jobs.51job.com/all/co2394612.html
jobs.51job.com/all/co2394612.html
jobs.51job.com/all/co2394612.html
jobs.51job.com/all/co2394612.html
jobs.51job.com/all/co2394612.html
jobs.51job.com/all/co2394612.html
jobs.51job.com/all/co2394612.html
jobs.51job.com/all/co4296953.html
jobs.51job.com/all/co2394612.html
jobs.51job.com/all/co2712237.html
jobs.51job.com/all/co2712237.html
jobs.51job.com/all/co2712237.html
jobs.51job.com/all/co2712237.html
zjsj.51job.com/
jobs.51job.com/all/co3870221.html
jobs.51job.com/all/co4694625.html
jobs.51job.com/all/co4694625.html
jobs.51job.com/all/co4694625.html
jobs.51job.com/all/co2204772.html
jobs.51job.com/all/co2204772.html
jobs.51job.com/all/co2204772.html
jobs.51job.com/all/co2204772.html
jobs.51job.com/all/co2204772.html
jobs.51job.com/all/co2204772.html
jobs.51job.com/all/co2204772.html
jobs.51job.com/all/co4945631.html
jobs.51job.com/all/co4945639.html
jobs.51job.com/all/co4945639.html
jobs.51job.com/all/co4721945.html
jobs.51job.com/all/co4721945.html
jobs.51job.com/all/co4945635.html
jobs.51job.com/all/co4945635.html
jobs.51job.com/all/co4862095.html
jobs.51job.com/all/co4862095.html
jobs.51job.com/all/co4862095.html
jobs.51job.com/all/co4862095.html
jobs.51job.com/all/co3157145.html
jobs.51job.com/all/co3157145.html
jobs.51job.com/all/co3157145.html
jobs.51job.com/all/co3157145.html
jobs.51job.com/all/co3157145.html
jobs.51job.com/all/co4949659.html
jobs.51job.com/all/co4949659.html
jobs.51job.com/all/co4949659.html
jobs.51job.com/all/co4949659.html
jobs.51job.com/all/co4949659.html
jobs.51job.com/all/co4949659.html
jobs.51job.com/all/co4949673.html
jobs.51job.com/all/co4949673.html
jobs.51job.com/all/co4949673.html
jobs.51job.com/all/co4949673.html
jobs.51job.com/all/co4949673.html
jobs.51job.com/all/co4949673.html
jobs.51job.com/all/co4949673.html
jobs.51job.com/all/co4949673.html
jobs.51job.com/all/co4949673.html
jobs.51job.com/all/co4949657.html
jobs.51job.com/all/co4949657.html
jobs.51job.com/all/co4949657.html
jobs.51job.com/all/co4949657.html
jobs.51job.com/all/co4949657.html
jobs.51job.com/all/co4949668.html
jobs.51job.com/all/co4949668.html
jobs.51job.com/all/co4949668.html
jobs.51job.com/all/co4949676.html
jobs.51job.com/all/co4949664.html
jobs.51job.com/all/co4949664.html
jobs.51job.com/all/co4949664.html
jobs.51job.com/all/co4949664.html
jobs.51job.com/all/co4949664.html
jobs.51job.com/all/co4949664.html
jobs.51job.com/all/co4949658.html
jobs.51job.com/all/co4949658.html
jobs.51job.com/all/co4949658.html
jobs.51job.com/all/co4949658.html
jobs.51job.com/all/co4945631.html
jobs.51job.com/all/co4945631.html
jobs.51job.com/all/co4945631.html
jobs.51job.com/all/co4945631.html
jobs.51job.com/all/co4945639.html
jobs.51job.com/all/co4945639.html
jobs.51job.com/all/co4945639.html
jobs.51job.com/all/co4945639.html
jobs.51job.com/all/co4945639.html
jobs.51job.com/all/co4945639.html
jobs.51job.com/all/co4945629.html
jobs.51job.com/all/co4945629.html
jobs.51job.com/all/co4945629.html
jobs.51job.com/all/co4945629.html
jobs.51job.com/all/co4945635.html
jobs.51job.com/all/co4945635.html
jobs.51job.com/all/co4945635.html
jobs.51job.com/all/co3870221.html
jobs.51job.com/all/co4945630.html
jobs.51job.com/all/co4945630.html
jobs.51job.com/all/co3929173.html
jobs.51job.com/all/co3929173.html
jobs.51job.com/all/co3929173.html
jobs.51job.com/all/co3929173.html
jobs.51job.com/all/co3929173.html
jobs.51job.com/all/co3929173.html
jobs.51job.com/all/co3929173.html
jobs.51job.com/all/co3929173.html
jobs.51job.com/all/co3929173.html
jobs.51job.com/all/co3929173.html
jobs.51job.com/all/co3929173.html
jobs.51job.com/all/co3929173.html
jobs.51job.com/all/co3929173.html
jobs.51job.com/all/co3929173.html
jobs.51job.com/all/co3929173.html
jobs.51job.com/all/co3929173.html
jobs.51job.com/all/co3929173.html
jobs.51job.com/all/co3929173.html
jobs.51job.com/all/co4945630.html
jobs.51job.com/all/co4945633.html
jobs.51job.com/all/co4945633.html
jobs.51job.com/all/co4945633.html
jobs.51job.com/all/co4945633.html
jobs.51job.com/all/co4935212.html
jobs.51job.com/all/co4935212.html
jobs.51job.com/all/co4935212.html
jobs.51job.com/all/co4935212.html
jobs.51job.com/all/co4935212.html
zjsj.51job.com/
zjsj.51job.com/
jobs.51job.com/all/co4503192.html
jobs.51job.com/all/co4503192.html
jobs.51job.com/all/co3019212.html
jobs.51job.com/all/co3019212.html
jobs.51job.com/all/co3019212.html
jobs.51job.com/all/co3019212.html
jobs.51job.com/all/co2821220.html
jobs.51job.com/all/co2821220.html
jobs.51job.com/all/co2821220.html
jobs.51job.com/all/co2821220.html
jobs.51job.com/all/co2821220.html
jobs.51job.com/all/co2821220.html
jobs.51job.com/all/co2821220.html
jobs.51job.com/all/co2821220.html
jobs.51job.com/all/co2821220.html
jobs.51job.com/all/co2821220.html
jobs.51job.com/all/co2821220.html
jobs.51job.com/all/co2821220.html
jobs.51job.com/all/co2821220.html
jobs.51job.com/all/co2821220.html
jobs.51job.com/all/co2821220.html
jobs.51job.com/all/co4945633.html
jobs.51job.com/all/co4945633.html
jobs.51job.com/all/co4945630.html
jobs.51job.com/all/co4945630.html
jobs.51job.com/all/co4910148.html
jobs.51job.com/all/co4474821.html
jobs.51job.com/all/co4474821.html
jobs.51job.com/all/co4474821.html
jobs.51job.com/all/co4308767.html
jobs.51job.com/all/co3870221.html
jobs.51job.com/all/co3146174.html
jobs.51job.com/all/co4288884.html
jobs.51job.com/all/co4288884.html
jobs.51job.com/all/co3820020.html
jobs.51job.com/all/co3820020.html
jobs.51job.com/all/co3820020.html
jobs.51job.com/all/co3820020.html
jobs.51job.com/all/co3820020.html
jobs.51job.com/all/co3820020.html
jobs.51job.com/all/co3820020.html
jobs.51job.com/all/co3820020.html
jobs.51job.com/all/co3820020.html
jobs.51job.com/all/co3820020.html
jobs.51job.com/all/co3820020.html
jobs.51job.com/all/co3820020.html
jobs.51job.com/all/co3820020.html
jobs.51job.com/all/co3820020.html
jobs.51job.com/all/co3820020.html
jobs.51job.com/all/co3820020.html
jobs.51job.com/all/co3820020.html
jobs.51job.com/all/co3820020.html
jobs.51job.com/all/co4288884.html
jobs.51job.com/all/co4311576.html
jobs.51job.com/all/co3659259.html
jobs.51job.com/all/co3659259.html
jobs.51job.com/all/co4825596.html
jobs.51job.com/all/co4825596.html
jobs.51job.com/all/co4825596.html
jobs.51job.com/all/co4825596.html
jobs.51job.com/all/co3289917.html
jobs.51job.com/all/co4694625.html
jobs.51job.com/all/co4296953.html
jobs.51job.com/all/co4311576.html
jobs.51job.com/all/co4910148.html
jobs.51job.com/all/co3659259.html
jobs.51job.com/all/co3157145.html
jobs.51job.com/all/co4311576.html
jobs.51job.com/all/co4311576.html
jobs.51job.com/all/co4311576.html
jobs.51job.com/all/co4311576.html
jobs.51job.com/all/co4311576.html
jobs.51job.com/all/co4311576.html
jobs.51job.com/all/co4311576.html
jobs.51job.com/all/co4311576.html
jobs.51job.com/all/co3881958.html
jobs.51job.com/all/co4211542.html
jobs.51job.com/all/co4211542.html
jobs.51job.com/all/co4211542.html
jobs.51job.com/all/co4211542.html
jobs.51job.com/all/co4518763.html
jobs.51job.com/all/co4211542.html
jobs.51job.com/all/co4211542.html
jobs.51job.com/all/co4308767.html
jobs.51job.com/all/co3317186.html
jobs.51job.com/all/co3317186.html
jobs.51job.com/all/co3317186.html
jobs.51job.com/all/co3317186.html
jobs.51job.com/all/co4224479.html
jobs.51job.com/all/co4224479.html
jobs.51job.com/all/co4224479.html
jobs.51job.com/all/co4224479.html
jobs.51job.com/all/co4243694.html
jobs.51job.com/all/co4243694.html
jobs.51job.com/all/co3844964.html
jobs.51job.com/all/co3844964.html
jobs.51job.com/all/co3844964.html
jobs.51job.com/all/co3844964.html
jobs.51job.com/all/co3844964.html
jobs.51job.com/all/co3844964.html
jobs.51job.com/all/co3844964.html
jobs.51job.com/all/co3844964.html
jobs.51job.com/all/co3844964.html
jobs.51job.com/all/co3844964.html
jobs.51job.com/all/co3844964.html
jobs.51job.com/all/co3844964.html
jobs.51job.com/all/co3844964.html
jobs.51job.com/all/co3844964.html
jobs.51job.com/all/co3844964.html
jobs.51job.com/all/co3844964.html
jobs.51job.com/all/co3844964.html
jobs.51job.com/all/co3844964.html
jobs.51job.com/all/co3844964.html
jobs.51job.com/all/co3844964.html
jobs.51job.com/all/co3844964.html
jobs.51job.com/all/co3844964.html
jobs.51job.com/all/co3844964.html
jobs.51job.com/all/co3844964.html
jobs.51job.com/all/co3844964.html
jobs.51job.com/all/co3844964.html
jobs.51job.com/all/co3844964.html
jobs.51job.com/all/co3844964.html
jobs.51job.com/all/co3844964.html
jobs.51job.com/all/co3844964.html
jobs.51job.com/all/co3844964.html
jobs.51job.com/all/co3844964.html
jobs.51job.com/all/co3844964.html
jobs.51job.com/all/co3844964.html
jobs.51job.com/all/co3844964.html
jobs.51job.com/all/co3844964.html
jobs.51job.com/all/co3844964.html
jobs.51job.com/all/co3844964.html
jobs.51job.com/all/co3844964.html
jobs.51job.com/all/co3844964.html
jobs.51job.com/all/co3844964.html
jobs.51job.com/all/co3844964.html
jobs.51job.com/all/co3844964.html
jobs.51job.com/all/co3844964.html
jobs.51job.com/all/co3844964.html
jobs.51job.com/all/co3844964.html
jobs.51job.com/all/co3844964.html
jobs.51job.com/all/co3844964.html
jobs.51job.com/all/co3844964.html
jobs.51job.com/all/co3844964.html
jobs.51job.com/all/co3844964.html
jobs.51job.com/all/co3844964.html
jobs.51job.com/all/co3844964.html
jobs.51job.com/all/co3844964.html
jobs.51job.com/all/co3844964.html
jobs.51job.com/all/co3844964.html
jobs.51job.com/all/co3844964.html
jobs.51job.com/all/co3844964.html
jobs.51job.com/all/co3844964.html
jobs.51job.com/all/co3844964.html
jobs.51job.com/all/co3844964.html
jobs.51job.com/all/co3844964.html
jobs.51job.com/all/co3844964.html
jobs.51job.com/all/co3844964.html
jobs.51job.com/all/co3844964.html
jobs.51job.com/all/co3844964.html
jobs.51job.com/all/co3844964.html
jobs.51job.com/all/co3844964.html
jobs.51job.com/all/co3844964.html
jobs.51job.com/all/co3844964.html
jobs.51job.com/all/co3844964.html
jobs.51job.com/all/co3844964.html
jobs.51job.com/all/co4833478.html
jobs.51job.com/all/co2964004.html
jobs.51job.com/all/co3099174.html
jobs.51job.com/all/co4712148.html
jobs.51job.com/all/co3828456.html
jobs.51job.com/all/co3828456.html
jobs.51job.com/all/co2718593.html
jobs.51job.com/all/co4938988.html
jobs.51job.com/all/co4938988.html
jobs.51job.com/all/co2072396.html
jobs.51job.com/all/co2726822.html
jobs.51job.com/all/co2726822.html
jobs.51job.com/all/co2726822.html
jobs.51job.com/all/co2726822.html
jobs.51job.com/all/co4617607.html
jobs.51job.com/all/co4807996.html
jobs.51job.com/all/co4023523.html
jobs.51job.com/all/co4023523.html
jobs.51job.com/all/co2724983.html
jobs.51job.com/all/co2724983.html
jobs.51job.com/all/co2694499.html
jobs.51job.com/all/co4712148.html
jobs.51job.com/all/co4712148.html
jobs.51job.com/all/co4712148.html
jobs.51job.com/all/co2694499.html
jobs.51job.com/all/co2382812.html
jobs.51job.com/all/co4418934.html
jobs.51job.com/all/co4938988.html
jobs.51job.com/all/co3869358.html
jobs.51job.com/all/co4938988.html
jobs.51job.com/all/co4805202.html
jobs.51job.com/all/co4712148.html
jobs.51job.com/all/co4948641.html
jobs.51job.com/all/co4712148.html
jobs.51job.com/all/co2714277.html
jobs.51job.com/all/co2714277.html
jobs.51job.com/all/co2907897.html
jobs.51job.com/all/co4068191.html
jobs.51job.com/all/co4068191.html
jobs.51job.com/all/co3770149.html
jobs.51job.com/all/co3225781.html
jobs.51job.com/all/co2564285.html
jobs.51job.com/all/co3175592.html
jobs.51job.com/all/co3175592.html
jobs.51job.com/all/co4712148.html
jobs.51job.com/all/co4914284.html
jobs.51job.com/all/co4093123.html
jobs.51job.com/all/co4093123.html
jobs.51job.com/all/co2350381.html
jobs.51job.com/all/co2350381.html
jobs.51job.com/all/co2350381.html
jobs.51job.com/all/co4712148.html
jobs.51job.com/all/co4712148.html
jobs.51job.com/all/co4712148.html
jobs.51job.com/all/co3561461.html
jobs.51job.com/all/co3770149.html
jobs.51job.com/all/co3561461.html
jobs.51job.com/all/co2415583.html
jobs.51job.com/all/co3770149.html
jobs.51job.com/all/co3561461.html
jobs.51job.com/all/co4349061.html
jobs.51job.com/all/co571262.html
jobs.51job.com/all/co571262.html
jobs.51job.com/all/co3413798.html
jobs.51job.com/all/co3413798.html
jobs.51job.com/all/co3413798.html
jobs.51job.com/all/co4712148.html
jobs.51job.com/all/co4712148.html
jobs.51job.com/all/co4712148.html
jobs.51job.com/all/co4712148.html
jobs.51job.com/all/co2024639.html
jobs.51job.com/all/co2024639.html
jobs.51job.com/all/co2205617.html
jobs.51job.com/all/co2205617.html
jobs.51job.com/all/co3551452.html
jobs.51job.com/all/co3573274.html
jobs.51job.com/all/co2211269.html
jobs.51job.com/all/co2211269.html
jobs.51job.com/all/co2211269.html
jobs.51job.com/all/co2211269.html
jobs.51job.com/all/co2211269.html
jobs.51job.com/all/co2211269.html
jobs.51job.com/all/co2211269.html
jobs.51job.com/all/co2211269.html
jobs.51job.com/all/co2211269.html
jobs.51job.com/all/co2263306.html
jobs.51job.com/all/co2263306.html
jobs.51job.com/all/co2263306.html
jobs.51job.com/all/co2263306.html
jobs.51job.com/all/co2263306.html
jobs.51job.com/all/co2263306.html
jobs.51job.com/all/co2263306.html
jobs.51job.com/all/co2330779.html
jobs.51job.com/all/co2330779.html
jobs.51job.com/all/co4055003.html
jobs.51job.com/all/co4055003.html
jobs.51job.com/all/co4442876.html
jobs.51job.com/all/co4442876.html
jobs.51job.com/all/co4309608.html
jobs.51job.com/all/co4309608.html
jobs.51job.com/all/co4309608.html
jobs.51job.com/all/co3244364.html
jobs.51job.com/all/co3244364.html
jobs.51job.com/all/co3828456.html
jobs.51job.com/all/co3828456.html
jobs.51job.com/all/co3828456.html
jobs.51job.com/all/co3828456.html
jobs.51job.com/all/co3828456.html
jobs.51job.com/all/co3828456.html
jobs.51job.com/all/co2894222.html
jobs.51job.com/all/co3828456.html
jobs.51job.com/all/co3828456.html
jobs.51job.com/all/co3828456.html
jobs.51job.com/all/co3828456.html
jobs.51job.com/all/co3828456.html
jobs.51job.com/all/co3828456.html
jobs.51job.com/all/co4145470.html
jobs.51job.com/all/co3828456.html
jobs.51job.com/all/co3828456.html
jobs.51job.com/all/co3828456.html
jobs.51job.com/all/co105413.html
jobs.51job.com/all/co2474851.html
jobs.51job.com/all/co391469.html
jobs.51job.com/all/co391469.html
jobs.51job.com/all/co391469.html
jobs.51job.com/all/co391469.html
jobs.51job.com/all/co391469.html
jobs.51job.com/all/co391469.html
jobs.51job.com/all/co391469.html
jobs.51job.com/all/co391469.html
jobs.51job.com/all/co391469.html
jobs.51job.com/all/co391469.html
jobs.51job.com/all/co391469.html
jobs.51job.com/all/co391469.html
jobs.51job.com/all/co391469.html
jobs.51job.com/all/co391469.html
jobs.51job.com/all/co391469.html
jobs.51job.com/all/co391469.html
jobs.51job.com/all/co391469.html
jobs.51job.com/all/co391469.html
jobs.51job.com/all/co3860890.html
jobs.51job.com/all/co3860890.html
jobs.51job.com/all/co2766769.html
jobs.51job.com/all/co2261556.html
jobs.51job.com/all/co2261556.html
jobs.51job.com/all/co3207051.html
jobs.51job.com/all/co3207051.html
jobs.51job.com/all/co3207051.html
jobs.51job.com/all/co3677620.html
jobs.51job.com/all/co4170727.html
jobs.51job.com/all/co4170727.html
jobs.51job.com/all/co4170727.html
jobs.51job.com/all/co2307796.html
jobs.51job.com/all/co2307796.html
jobs.51job.com/all/co2307796.html
jobs.51job.com/all/co4156956.html
jobs.51job.com/all/co4156956.html
jobs.51job.com/all/co4156956.html
jobs.51job.com/all/co4156956.html
jobs.51job.com/all/co3256826.html
jobs.51job.com/all/co3781295.html
jobs.51job.com/all/co3175592.html
jobs.51job.com/all/co2475819.html
jobs.51job.com/all/co2475819.html
jobs.51job.com/all/co4822180.html
jobs.51job.com/all/co2393080.html
jobs.51job.com/all/co2393080.html
jobs.51job.com/all/co2733580.html
jobs.51job.com/all/co4876852.html
jobs.51job.com/all/co4876852.html
jobs.51job.com/all/co4410044.html
jobs.51job.com/all/co2935334.html
jobs.51job.com/all/co2479294.html
jobs.51job.com/all/co4015857.html
jobs.51job.com/all/co4325337.html
jobs.51job.com/all/co3139477.html
jobs.51job.com/all/co3101784.html
jobs.51job.com/all/co1683129.html
jobs.51job.com/all/co1683129.html
jobs.51job.com/all/co1683129.html
jobs.51job.com/all/co4583345.html
jobs.51job.com/all/co3929098.html
jobs.51job.com/all/co391469.html
jobs.51job.com/all/co391469.html
jobs.51job.com/all/co391469.html
jobs.51job.com/all/co391469.html
jobs.51job.com/all/co391469.html
jobs.51job.com/all/co4895282.html
jobs.51job.com/all/co4895282.html
jobs.51job.com/all/co4895282.html
jobs.51job.com/all/co4895282.html
jobs.51job.com/all/co4895282.html
jobs.51job.com/all/co4895282.html
jobs.51job.com/all/co4895282.html
jobs.51job.com/all/co4895282.html
jobs.51job.com/all/co4895282.html
jobs.51job.com/all/co4895282.html
jobs.51job.com/all/co4895282.html
jobs.51job.com/all/co4895282.html
jobs.51job.com/all/co4895282.html
jobs.51job.com/all/co4459916.html
jobs.51job.com/all/co4551130.html
jobs.51job.com/all/co4551130.html
jobs.51job.com/all/co4551130.html
jobs.51job.com/all/co4551130.html
jobs.51job.com/all/co3616861.html
jobs.51job.com/all/co316507.html
jobs.51job.com/all/co316507.html
jobs.51job.com/all/co4392908.html
jobs.51job.com/all/co3403152.html
jobs.51job.com/all/co2218448.html
jobs.51job.com/all/co4668273.html
jobs.51job.com/all/co4875239.html
jobs.51job.com/all/co4875239.html
jobs.51job.com/all/co4870635.html
jobs.51job.com/all/co3183203.html
jobs.51job.com/all/co2198483.html
jobs.51job.com/all/co4518241.html
jobs.51job.com/all/co4518241.html
jobs.51job.com/all/co4518241.html
jobs.51job.com/all/co3168053.html
jobs.51job.com/all/co2679697.html
jobs.51job.com/all/co2679697.html
jobs.51job.com/all/co2865646.html
jobs.51job.com/all/co2999839.html
jobs.51job.com/all/co2139557.html
jobs.51job.com/all/co2139557.html
jobs.51job.com/all/co1196956.html
jobs.51job.com/all/co1196956.html
jobs.51job.com/all/co1196956.html
jobs.51job.com/all/co1196956.html
jobs.51job.com/all/co1196956.html
jobs.51job.com/all/co1196956.html
jobs.51job.com/all/co1196956.html
jobs.51job.com/all/co1196956.html
jobs.51job.com/all/co1196956.html
jobs.51job.com/all/co1196956.html
jobs.51job.com/all/co1196956.html
jobs.51job.com/all/co3205585.html
jobs.51job.com/all/co2605388.html
jobs.51job.com/all/co3441269.html
jobs.51job.com/all/co3441269.html
jobs.51job.com/all/co3441269.html
jobs.51job.com/all/co3441269.html
jobs.51job.com/all/co3441269.html
jobs.51job.com/all/co3441269.html
jobs.51job.com/all/co3441269.html
jobs.51job.com/all/co4610209.html
jobs.51job.com/all/co4610209.html
jobs.51job.com/all/co2406768.html
jobs.51job.com/all/co3733980.html
jobs.51job.com/all/co4093123.html
jobs.51job.com/all/co2742567.html
jobs.51job.com/all/co4446354.html
jobs.51job.com/all/co3869358.html
jobs.51job.com/all/co3869358.html
jobs.51job.com/all/co3869358.html
jobs.51job.com/all/co3869358.html
jobs.51job.com/all/co3869358.html
jobs.51job.com/all/co4077641.html
jobs.51job.com/all/co2809593.html
jobs.51job.com/all/co2809593.html
jobs.51job.com/all/co2809593.html
jobs.51job.com/all/co2809593.html
jobs.51job.com/all/co2809593.html
jobs.51job.com/all/co2809593.html
jobs.51job.com/all/co2809593.html
jobs.51job.com/all/co2809593.html
jobs.51job.com/all/co2809593.html
jobs.51job.com/all/co2809593.html
jobs.51job.com/all/co2809593.html
jobs.51job.com/all/co2809593.html
jobs.51job.com/all/co3960557.html
jobs.51job.com/all/co3960557.html
jobs.51job.com/all/co3960557.html
jobs.51job.com/all/co3960557.html
jobs.51job.com/all/co3960557.html
jobs.51job.com/all/co3960557.html
jobs.51job.com/all/co2733213.html
jobs.51job.com/all/co167379.html
jobs.51job.com/all/co4201436.html
jobs.51job.com/all/co4201436.html
jobs.51job.com/all/co4201436.html
jobs.51job.com/all/co4201436.html
jobs.51job.com/all/co4201436.html
jobs.51job.com/all/co4071231.html
jobs.51job.com/all/co4048180.html
jobs.51job.com/all/co4048180.html
jobs.51job.com/all/co4048180.html
jobs.51job.com/all/co4071231.html
jobs.51job.com/all/co4071231.html
jobs.51job.com/all/co4333862.html
jobs.51job.com/all/co4333862.html
jobs.51job.com/all/co3133030.html
jobs.51job.com/all/co3133030.html
jobs.51job.com/all/co4432966.html
jobs.51job.com/all/co4432966.html
jobs.51job.com/all/co4432966.html
jobs.51job.com/all/co4432966.html
jobs.51job.com/all/co4432966.html
jobs.51job.com/all/co4432966.html
jobs.51job.com/all/co4432966.html
jobs.51job.com/all/co4432966.html
jobs.51job.com/all/co3155092.html
jobs.51job.com/all/co3155092.html
jobs.51job.com/all/co2894222.html
jobs.51job.com/all/co2894222.html
jobs.51job.com/all/co2971456.html
jobs.51job.com/all/co2971456.html
jobs.51job.com/all/co3812976.html
jobs.51job.com/all/co3812976.html
jobs.51job.com/all/co3812976.html
jobs.51job.com/all/co3812976.html
jobs.51job.com/all/co3812976.html
jobs.51job.com/all/co3812976.html
jobs.51job.com/all/co3183048.html
jobs.51job.com/all/co111971.html
jobs.51job.com/all/co3828456.html
jobs.51job.com/all/co3828456.html
jobs.51job.com/all/co3239293.html
jobs.51job.com/all/co2232228.html
jobs.51job.com/all/co4419419.html
jobs.51job.com/all/co4419419.html
jobs.51job.com/all/co3740977.html
jobs.51job.com/all/co3740977.html
jobs.51job.com/all/co3740977.html
jobs.51job.com/all/co3407696.html
jobs.51job.com/all/co2350381.html
jobs.51job.com/all/co4531257.html
jobs.51job.com/all/co4531257.html
jobs.51job.com/all/co4531257.html
jobs.51job.com/all/co4531257.html
jobs.51job.com/all/co4531257.html
jobs.51job.com/all/co3464689.html
jobs.51job.com/all/co3464689.html
jobs.51job.com/all/co3464689.html
jobs.51job.com/all/co3464689.html
jobs.51job.com/all/co3464689.html
jobs.51job.com/all/co3464689.html
jobs.51job.com/all/co3464689.html
jobs.51job.com/all/co3464689.html
jobs.51job.com/all/co3464689.html
jobs.51job.com/all/co3464689.html
jobs.51job.com/all/co3148987.html
jobs.51job.com/all/co3148987.html
jobs.51job.com/all/co2429113.html
jobs.51job.com/all/co2429113.html
jobs.51job.com/all/co2429113.html
jobs.51job.com/all/co2429113.html
jobs.51job.com/all/co2429113.html
jobs.51job.com/all/co2429113.html
jobs.51job.com/all/co4105559.html
jobs.51job.com/all/co4105559.html
jobs.51job.com/all/co4368103.html
jobs.51job.com/all/co3221557.html
jobs.51job.com/all/co3221557.html
jobs.51job.com/all/co3221557.html
jobs.51job.com/all/co2531079.html
jobs.51job.com/all/co2526801.html
jobs.51job.com/all/co2531079.html
jobs.51job.com/all/co2531079.html
jobs.51job.com/all/co2526801.html
jobs.51job.com/all/co3770149.html
jobs.51job.com/all/co2526801.html
jobs.51job.com/all/co3770149.html
jobs.51job.com/all/co2207764.html
jobs.51job.com/all/co2207764.html
jobs.51job.com/all/co2207764.html
jobs.51job.com/all/co2207764.html
jobs.51job.com/all/co2207764.html
jobs.51job.com/all/co2207764.html
jobs.51job.com/all/co2207764.html
jobs.51job.com/all/co2526801.html
jobs.51job.com/all/co2526801.html
jobs.51job.com/all/co2526801.html
jobs.51job.com/all/co2526801.html
jobs.51job.com/all/co2526801.html
jobs.51job.com/all/co2526801.html
jobs.51job.com/all/co2526801.html
jobs.51job.com/all/co2526801.html
jobs.51job.com/all/co2526801.html
jobs.51job.com/all/co2526801.html
jobs.51job.com/all/co2526801.html
jobs.51job.com/all/co2526801.html
jobs.51job.com/all/co2526801.html
jobs.51job.com/all/co2526801.html
jobs.51job.com/all/co2526801.html
jobs.51job.com/all/co3938368.html
jobs.51job.com/all/co4268593.html
jobs.51job.com/all/co2763838.html
jobs.51job.com/all/co2763838.html
jobs.51job.com/all/co4185239.html
jobs.51job.com/all/co4185239.html
jobs.51job.com/all/co4185239.html
jobs.51job.com/all/co4185239.html
jobs.51job.com/all/co4185239.html
jobs.51job.com/all/co4185239.html
jobs.51job.com/all/co4185239.html
jobs.51job.com/all/co4185239.html
jobs.51job.com/all/co4185239.html
jobs.51job.com/all/co4185239.html
jobs.51job.com/all/co4185239.html
jobs.51job.com/all/co4185239.html
jobs.51job.com/all/co4185239.html
jobs.51job.com/all/co4185239.html
jobs.51job.com/all/co4185239.html
jobs.51job.com/all/co4185239.html
jobs.51job.com/all/co4185239.html
jobs.51job.com/all/co4185239.html
jobs.51job.com/all/co4185239.html
jobs.51job.com/all/co4185239.html
jobs.51job.com/all/co4185239.html
jobs.51job.com/all/co4185239.html
jobs.51job.com/all/co4185239.html
jobs.51job.com/all/co4185239.html
jobs.51job.com/all/co4185239.html
jobs.51job.com/all/co4185239.html
jobs.51job.com/all/co4185239.html
jobs.51job.com/all/co4185239.html
jobs.51job.com/all/co4185239.html
jobs.51job.com/all/co4185239.html
jobs.51job.com/all/co4185239.html
jobs.51job.com/all/co4185239.html
jobs.51job.com/all/co4185239.html
jobs.51job.com/all/co4185239.html
jobs.51job.com/all/co4185239.html
jobs.51job.com/all/co4185239.html
jobs.51job.com/all/co4185239.html
jobs.51job.com/all/co4185239.html
jobs.51job.com/all/co4185239.html
jobs.51job.com/all/co4185239.html
jobs.51job.com/all/co4185239.html
jobs.51job.com/all/co4185239.html
jobs.51job.com/all/co4185239.html
jobs.51job.com/all/co4185239.html
jobs.51job.com/all/co4185239.html
jobs.51job.com/all/co4185239.html
jobs.51job.com/all/co4185239.html
jobs.51job.com/all/co4185239.html
jobs.51job.com/all/co4185239.html
jobs.51job.com/all/co4185239.html
jobs.51job.com/all/co4712148.html
jobs.51job.com/all/co3204285.html
jobs.51job.com/all/co3204285.html
jobs.51job.com/all/co3204285.html
jobs.51job.com/all/co4493998.html
jobs.51job.com/all/co191356.html
jobs.51job.com/all/co2389024.html
jobs.51job.com/all/co4945632.html
jobs.51job.com/all/co4311677.html
jobs.51job.com/all/co4311677.html
jobs.51job.com/all/co1991740.html
jobs.51job.com/all/co1991740.html
jobs.51job.com/all/co1991740.html
jobs.51job.com/all/co3633302.html
jobs.51job.com/all/co3633302.html
jobs.51job.com/all/co3633302.html
jobs.51job.com/all/co2316968.html
jobs.51job.com/all/co2316968.html
jobs.51job.com/all/co2316968.html
jobs.51job.com/all/co2316968.html
jobs.51job.com/all/co2132734.html
jobs.51job.com/all/co2132734.html
jobs.51job.com/all/co2132734.html
jobs.51job.com/all/co2132734.html
jobs.51job.com/all/co2132734.html
jobs.51job.com/all/co2132734.html
jobs.51job.com/all/co4339178.html
jobs.51job.com/all/co2587304.html
jobs.51job.com/all/co2587304.html
jobs.51job.com/all/co2587304.html
jobs.51job.com/all/co2587304.html
jobs.51job.com/all/co3987289.html
jobs.51job.com/all/co2429684.html
jobs.51job.com/all/co2429684.html
jobs.51job.com/all/co2429684.html
jobs.51job.com/all/co2429684.html
jobs.51job.com/all/co3938368.html
jobs.51job.com/all/co2430203.html
jobs.51job.com/all/co2430203.html
jobs.51job.com/all/co1554105.html
jobs.51job.com/all/co4604121.html
jobs.51job.com/all/co4250337.html
jobs.51job.com/all/co4250337.html
jobs.51job.com/all/co4250337.html
jobs.51job.com/all/co4167310.html
jobs.51job.com/all/co4167310.html
jobs.51job.com/all/co3868399.html
jobs.51job.com/all/co3868399.html
jobs.51job.com/all/co3241139.html
jobs.51job.com/all/co3241139.html
jobs.51job.com/all/co2044295.html
jobs.51job.com/all/co2727172.html
jobs.51job.com/all/co2727172.html
jobs.51job.com/all/co4752620.html
jobs.51job.com/all/co4752620.html
jobs.51job.com/all/co3297004.html
jobs.51job.com/all/co4002610.html
jobs.51job.com/all/co2609722.html
jobs.51job.com/all/co2609722.html
jobs.51job.com/all/co2609722.html
jobs.51job.com/all/co4581086.html
jobs.51job.com/all/co4581086.html
jobs.51job.com/all/co4581086.html
jobs.51job.com/all/co4581086.html
jobs.51job.com/all/co4581086.html
jobs.51job.com/all/co4581086.html
jobs.51job.com/all/co2879748.html
jobs.51job.com/all/co4856309.html
jobs.51job.com/all/co4856309.html
jobs.51job.com/all/co4856309.html
jobs.51job.com/all/co4068191.html
jobs.51job.com/all/co4068191.html
jobs.51job.com/all/co4482113.html
jobs.51job.com/all/co2395558.html
jobs.51job.com/all/co4821991.html
jobs.51job.com/all/co3653677.html
jobs.51job.com/all/co3653677.html
jobs.51job.com/all/co3653677.html
jobs.51job.com/all/co3653677.html
jobs.51job.com/all/co3653677.html
jobs.51job.com/all/co3653677.html
jobs.51job.com/all/co3653677.html
jobs.51job.com/all/co3653677.html
jobs.51job.com/all/co3653677.html
jobs.51job.com/all/co3653677.html
jobs.51job.com/all/co3653677.html
jobs.51job.com/all/co3653677.html
jobs.51job.com/all/co3653677.html
jobs.51job.com/all/co3653677.html
jobs.51job.com/all/co3653677.html
jobs.51job.com/all/co3653677.html
jobs.51job.com/all/co3653677.html
jobs.51job.com/all/co3653677.html
jobs.51job.com/all/co3653677.html
jobs.51job.com/all/co3653677.html
jobs.51job.com/all/co3653677.html
jobs.51job.com/all/co3653677.html
jobs.51job.com/all/co3653677.html
jobs.51job.com/all/co3653677.html
jobs.51job.com/all/co3201640.html
jobs.51job.com/all/co3011530.html
jobs.51job.com/all/co3473625.html
jobs.51job.com/all/co3473625.html
jobs.51job.com/all/co421662.html
jobs.51job.com/all/co3825781.html
jobs.51job.com/all/co3677620.html
jobs.51job.com/all/co3390721.html
jobs.51job.com/all/co3390721.html
jobs.51job.com/all/co4115301.html
jobs.51job.com/all/co4115301.html
jobs.51job.com/all/co2986908.html
jobs.51job.com/all/co2986908.html
jobs.51job.com/all/co2986908.html
jobs.51job.com/all/co2986908.html
jobs.51job.com/all/co2177507.html
jobs.51job.com/all/co3151122.html
jobs.51job.com/all/co3151122.html
jobs.51job.com/all/co3232947.html
jobs.51job.com/all/co3151122.html
jobs.51job.com/all/co3232947.html
jobs.51job.com/all/co3232947.html
jobs.51job.com/all/co3232947.html
jobs.51job.com/all/co3232947.html
jobs.51job.com/all/co2211269.html
jobs.51job.com/all/co4712148.html
jobs.51job.com/all/co4712148.html
jobs.51job.com/all/co4712148.html
jobs.51job.com/all/co4712148.html
jobs.51job.com/all/co4712148.html
jobs.51job.com/all/co4712148.html
jobs.51job.com/all/co4712148.html
jobs.51job.com/all/co4712148.html
jobs.51job.com/all/co4712148.html
jobs.51job.com/all/co4712148.html
jobs.51job.com/all/co4712148.html
jobs.51job.com/all/co4712148.html
jobs.51job.com/all/co4712148.html
jobs.51job.com/all/co3812549.html
jobs.51job.com/all/co3812549.html
jobs.51job.com/all/co2225130.html
jobs.51job.com/all/co2044295.html
jobs.51job.com/all/co2044295.html
jobs.51job.com/all/co2044295.html
jobs.51job.com/all/co4737320.html
jobs.51job.com/all/co4327214.html
jobs.51job.com/all/co2947954.html
jobs.51job.com/all/co2947954.html
jobs.51job.com/all/co2947954.html
jobs.51job.com/all/co2947954.html
jobs.51job.com/all/co4254921.html
jobs.51job.com/all/co4686583.html
jobs.51job.com/all/co4686583.html
jobs.51job.com/all/co4686583.html
jobs.51job.com/all/co4686583.html
jobs.51job.com/all/co4686583.html
jobs.51job.com/all/co3845413.html
jobs.51job.com/all/co3845413.html
jobs.51job.com/all/co3845413.html
jobs.51job.com/all/co3845413.html
jobs.51job.com/all/co3845413.html
jobs.51job.com/all/co2627891.html
jobs.51job.com/all/co2627891.html
jobs.51job.com/all/co4127039.html
jobs.51job.com/all/co4127039.html
jobs.51job.com/all/co4442876.html
jobs.51job.com/all/co3163627.html
jobs.51job.com/all/co4233999.html
jobs.51job.com/all/co2768209.html
jobs.51job.com/all/co2421752.html
jobs.51job.com/all/co3612169.html
jobs.51job.com/all/co4455740.html
jobs.51job.com/all/co4097542.html
jobs.51job.com/all/co4712148.html
jobs.51job.com/all/co2454588.html
jobs.51job.com/all/co4762878.html
jobs.51job.com/all/co4762878.html
jobs.51job.com/all/co4762878.html
jobs.51job.com/all/co4762878.html
jobs.51job.com/all/co4762878.html
jobs.51job.com/all/co4762878.html
jobs.51job.com/all/co4762878.html
jobs.51job.com/all/co4712148.html
jobs.51job.com/all/co4477801.html
jobs.51job.com/all/co4477801.html
jobs.51job.com/all/co2457614.html
jobs.51job.com/all/co2457614.html
jobs.51job.com/all/co2457614.html
jobs.51job.com/all/co3201640.html
jobs.51job.com/all/co3201640.html
jobs.51job.com/all/co3201640.html
jobs.51job.com/all/co3201640.html
jobs.51job.com/all/co3201640.html
jobs.51job.com/all/co3201640.html
jobs.51job.com/all/co3201640.html
jobs.51job.com/all/co3201640.html
jobs.51job.com/all/co3201640.html
jobs.51job.com/all/co3201640.html
jobs.51job.com/all/co3201640.html
jobs.51job.com/all/co3201640.html
jobs.51job.com/all/co3157296.html
jobs.51job.com/all/co4788563.html
jobs.51job.com/all/co2869607.html
jobs.51job.com/all/co2869607.html
jobs.51job.com/all/co2826519.html
jobs.51job.com/all/co4055003.html
jobs.51job.com/all/co4055003.html
jobs.51job.com/all/co2700826.html
jobs.51job.com/all/co358481.html
jobs.51job.com/all/co358481.html
jobs.51job.com/all/co358481.html
jobs.51job.com/all/co3696187.html
jobs.51job.com/all/co3573272.html
jobs.51job.com/all/co3573272.html
jobs.51job.com/all/co3573272.html
jobs.51job.com/all/co4453838.html
jobs.51job.com/all/co4453838.html
jobs.51job.com/all/co4453838.html
jobs.51job.com/all/co4453838.html
jobs.51job.com/all/co4453838.html
jobs.51job.com/all/co4453838.html
jobs.51job.com/all/co4453838.html
jobs.51job.com/all/co4453838.html
jobs.51job.com/all/co4453838.html
jobs.51job.com/all/co2400440.html
jobs.51job.com/all/co3580805.html
jobs.51job.com/all/co4488086.html
jobs.51job.com/all/co2646639.html
jobs.51job.com/all/co3863343.html
jobs.51job.com/all/co3863343.html
jobs.51job.com/all/co3861674.html
jobs.51job.com/all/co149678.html
jobs.51job.com/all/co149678.html
jobs.51job.com/all/co149678.html
jobs.51job.com/all/co3517455.html
jobs.51job.com/all/co3517455.html
jobs.51job.com/all/co3517455.html
jobs.51job.com/all/co3517455.html
jobs.51job.com/all/co3517455.html
jobs.51job.com/all/co3517455.html
jobs.51job.com/all/co3517455.html
jobs.51job.com/all/co3517455.html
jobs.51job.com/all/co3517455.html
jobs.51job.com/all/co3517455.html
jobs.51job.com/all/co3517455.html
jobs.51job.com/all/co3338895.html
jobs.51job.com/all/co4835929.html
jobs.51job.com/all/co2605388.html
jobs.51job.com/all/co3863897.html
jobs.51job.com/all/co3290486.html
jobs.51job.com/all/co4088039.html
jobs.51job.com/all/co4088039.html
jobs.51job.com/all/co3920921.html
jobs.51job.com/all/co3920921.html
jobs.51job.com/all/co4843434.html
jobs.51job.com/all/co4843434.html
jobs.51job.com/all/co2868528.html
jobs.51job.com/all/co3616861.html
jobs.51job.com/all/co4264871.html
jobs.51job.com/all/co4382472.html
jobs.51job.com/all/co4382472.html
jobs.51job.com/all/co3147072.html
jobs.51job.com/all/co3147072.html
jobs.51job.com/all/co3147072.html
jobs.51job.com/all/co3147072.html
jobs.51job.com/all/co4930255.html
jobs.51job.com/all/co4930255.html
jobs.51job.com/all/co4930255.html
jobs.51job.com/all/co4214932.html
jobs.51job.com/all/co3338895.html
jobs.51job.com/all/co3338895.html
jobs.51job.com/all/co3983613.html
jobs.51job.com/all/co3983613.html
jobs.51job.com/all/co3983613.html
jobs.51job.com/all/co4712148.html
jobs.51job.com/all/co2044295.html
jobs.51job.com/all/co3996207.html
jobs.51job.com/all/co3996207.html
jobs.51job.com/all/co3959923.html
jobs.51job.com/all/co3959923.html
jobs.51job.com/all/co4264871.html
jobs.51job.com/all/co3586619.html
jobs.51job.com/all/co3586619.html
jobs.51job.com/all/co4904631.html
jobs.51job.com/all/co4904631.html
jobs.51job.com/all/co4904631.html
jobs.51job.com/all/co4904631.html
jobs.51job.com/all/co4904631.html
jobs.51job.com/all/co3527607.html
jobs.51job.com/all/co3412047.html
jobs.51job.com/all/co3950225.html
jobs.51job.com/all/co2693540.html
jobs.51job.com/all/co3610872.html
jobs.51job.com/all/co3610872.html
jobs.51job.com/all/co3610872.html
jobs.51job.com/all/co4869626.html
jobs.51job.com/all/co4712148.html
jobs.51job.com/all/co4451739.html
jobs.51job.com/all/co2298140.html
jobs.51job.com/all/co4410344.html
jobs.51job.com/all/co2400373.html
jobs.51job.com/all/co2400373.html
jobs.51job.com/all/co2400373.html
jobs.51job.com/all/co2400373.html
jobs.51job.com/all/co2400373.html
jobs.51job.com/all/co2400373.html
jobs.51job.com/all/co4120876.html
jobs.51job.com/all/co3618284.html
jobs.51job.com/all/co3618284.html
jobs.51job.com/all/co3479827.html
jobs.51job.com/all/co3479827.html
jobs.51job.com/all/co3680361.html
jobs.51job.com/all/co3680361.html
jobs.51job.com/all/co3680361.html
jobs.51job.com/all/co3680361.html
jobs.51job.com/all/co4160671.html
jobs.51job.com/all/co2475819.html
jobs.51job.com/all/co3833785.html
jobs.51job.com/all/co3833785.html
jobs.51job.com/all/co3833785.html
jobs.51job.com/all/co3833785.html
jobs.51job.com/all/co3833785.html
jobs.51job.com/all/co3833785.html
jobs.51job.com/all/co3833785.html
jobs.51job.com/all/co4372857.html
jobs.51job.com/all/co4414006.html
jobs.51job.com/all/co4414006.html
jobs.51job.com/all/co4390378.html
jobs.51job.com/all/co4390378.html
jobs.51job.com/all/co2936282.html
jobs.51job.com/all/co2936282.html
jobs.51job.com/all/co4048091.html
jobs.51job.com/all/co4267887.html
jobs.51job.com/all/co4534935.html
jobs.51job.com/all/co2366992.html
jobs.51job.com/all/co4452127.html
jobs.51job.com/all/co316507.html
jobs.51job.com/all/co316507.html
jobs.51job.com/all/co4604121.html
jobs.51job.com/all/co3011530.html
jobs.51job.com/all/co3799303.html
jobs.51job.com/all/co3799303.html
jobs.51job.com/all/co3799303.html
jobs.51job.com/all/co3799303.html
jobs.51job.com/all/co4621082.html
jobs.51job.com/all/co3390428.html
jobs.51job.com/all/co4330831.html
jobs.51job.com/all/co3894200.html
jobs.51job.com/all/co4139504.html
jobs.51job.com/all/co3744920.html
jobs.51job.com/all/co4842555.html
jobs.51job.com/all/co4209729.html
jobs.51job.com/all/co4209729.html
jobs.51job.com/all/co4805251.html
jobs.51job.com/all/co4298788.html
jobs.51job.com/all/co4298788.html
jobs.51job.com/all/co4621082.html
jobs.51job.com/all/co4205989.html
jobs.51job.com/all/co2360569.html
jobs.51job.com/all/co3266690.html
jobs.51job.com/all/co4621082.html
jobs.51job.com/all/co4804702.html
jobs.51job.com/all/co2678633.html
jobs.51job.com/all/co4689998.html
jobs.51job.com/all/co2013483.html
jobs.51job.com/all/co2013483.html
jobs.51job.com/all/co4621082.html
jobs.51job.com/all/co4621082.html
jobs.51job.com/all/co2743232.html
jobs.51job.com/all/co3939676.html
jobs.51job.com/all/co3290486.html
jobs.51job.com/all/co3963851.html
jobs.51job.com/all/co4120876.html
jobs.51job.com/all/co4120876.html
jobs.51job.com/all/co3597846.html
jobs.51job.com/all/co4326931.html
jobs.51job.com/all/co3830166.html
jobs.51job.com/all/co358481.html
jobs.51job.com/all/co4842555.html
jobs.51job.com/all/co3573460.html
jobs.51job.com/all/co4264871.html
jobs.51job.com/all/co4895016.html
jobs.51job.com/all/co2916945.html
jobs.51job.com/all/co3079759.html
jobs.51job.com/all/co4820078.html
jobs.51job.com/all/co4316120.html
jobs.51job.com/all/co3390567.html
jobs.51job.com/all/co3390567.html
jobs.51job.com/all/co3390567.html
jobs.51job.com/all/co3390567.html
jobs.51job.com/all/co4863176.html
jobs.51job.com/all/co4863176.html
jobs.51job.com/all/co4120754.html
jobs.51job.com/all/co3036870.html
jobs.51job.com/all/co4921218.html
jobs.51job.com/all/co4921218.html
jobs.51job.com/all/co4820078.html
jobs.51job.com/all/co4820078.html
jobs.51job.com/all/co4820078.html
jobs.51job.com/all/co4820078.html
jobs.51job.com/all/co230549.html
jobs.51job.com/all/co230549.html
jobs.51job.com/all/co4921218.html
jobs.51job.com/all/co4921218.html
jobs.51job.com/all/co4458803.html
jobs.51job.com/all/co4458803.html
jobs.51job.com/all/co4458803.html
jobs.51job.com/all/co4458803.html
jobs.51job.com/all/co916051.html
jobs.51job.com/all/co4640986.html
jobs.51job.com/all/co4855667.html
jobs.51job.com/all/co4008109.html
jobs.51job.com/all/co3941685.html
jobs.51job.com/all/co2359852.html
jobs.51job.com/all/co2359852.html
jobs.51job.com/all/co2359852.html
jobs.51job.com/all/co2359852.html
jobs.51job.com/all/co2359852.html
jobs.51job.com/all/co2359852.html
jobs.51job.com/all/co2359852.html
jobs.51job.com/all/co4604121.html
jobs.51job.com/all/co2225130.html
jobs.51job.com/all/co4531141.html
jobs.51job.com/all/co4531141.html
jobs.51job.com/all/co3995787.html
jobs.51job.com/all/co3995787.html
jobs.51job.com/all/co3995787.html
jobs.51job.com/all/co4801564.html
jobs.51job.com/all/co4801564.html
jobs.51job.com/all/co4895016.html
jobs.51job.com/all/co4895016.html
jobs.51job.com/all/co4632740.html
jobs.51job.com/all/co3011530.html
jobs.51job.com/all/co4439747.html
jobs.51job.com/all/co4914801.html
jobs.51job.com/all/co4606355.html
jobs.51job.com/all/co4625595.html
jobs.51job.com/all/co4883542.html
jobs.51job.com/all/co4883542.html
jobs.51job.com/all/co4307116.html
jobs.51job.com/all/co4737320.html
jobs.51job.com/all/co2360569.html
jobs.51job.com/all/co2360569.html
jobs.51job.com/all/co3971071.html
jobs.51job.com/all/co3053801.html
jobs.51job.com/all/co4307116.html
jobs.51job.com/all/co3567831.html
jobs.51job.com/all/co4340289.html
jobs.51job.com/all/co2309233.html
jobs.51job.com/all/co2309233.html
jobs.51job.com/all/co3883548.html
jobs.51job.com/all/co3883548.html
jobs.51job.com/all/co3883548.html
jobs.51job.com/all/co3883548.html
jobs.51job.com/all/co4350404.html
jobs.51job.com/all/co4350404.html
jobs.51job.com/all/co4350404.html
jobs.51job.com/all/co4350404.html
jobs.51job.com/all/co4350404.html
jobs.51job.com/all/co4350404.html
jobs.51job.com/all/co4350404.html
jobs.51job.com/all/co4350404.html
jobs.51job.com/all/co4084242.html
jobs.51job.com/all/co4084242.html
jobs.51job.com/all/co4883542.html
jobs.51job.com/all/co4883542.html
jobs.51job.com/all/co4883542.html
jobs.51job.com/all/co4883542.html
jobs.51job.com/all/co4901769.html
jobs.51job.com/all/co3912363.html
jobs.51job.com/all/co3231247.html
jobs.51job.com/all/co3231247.html
jobs.51job.com/all/co2475819.html
jobs.51job.com/all/co2475819.html
jobs.51job.com/all/co2640044.html
jobs.51job.com/all/co2640044.html
jobs.51job.com/all/co2640044.html
jobs.51job.com/all/co2640044.html
jobs.51job.com/all/co2640044.html
jobs.51job.com/all/co2640044.html
jobs.51job.com/all/co2640044.html
jobs.51job.com/all/co2640044.html
jobs.51job.com/all/co2640044.html
jobs.51job.com/all/co3303039.html
jobs.51job.com/all/co4647834.html
jobs.51job.com/all/co2891098.html
jobs.51job.com/all/co2891098.html
jobs.51job.com/all/co2891098.html
jobs.51job.com/all/co2891098.html
jobs.51job.com/all/co2891098.html
jobs.51job.com/all/co4403367.html
jobs.51job.com/all/co2640044.html
jobs.51job.com/all/co4403367.html
jobs.51job.com/all/co3906470.html
jobs.51job.com/all/co3999141.html
jobs.51job.com/all/co4373507.html
jobs.51job.com/all/co3407696.html
jobs.51job.com/all/co3719097.html
jobs.51job.com/all/co4676223.html
jobs.51job.com/all/co4631780.html
jobs.51job.com/all/co4668158.html
jobs.51job.com/all/co4668158.html
jobs.51job.com/all/co2557141.html
jobs.51job.com/all/co2891098.html
jobs.51job.com/all/co2891098.html
jobs.51job.com/all/co2891098.html
jobs.51job.com/all/co2891098.html
jobs.51job.com/all/co2891098.html
jobs.51job.com/all/co2891098.html
jobs.51job.com/all/co2627891.html
jobs.51job.com/all/co2627891.html
jobs.51job.com/all/co2627891.html
jobs.51job.com/all/co2627891.html
jobs.51job.com/all/co2627891.html
jobs.51job.com/all/co2627891.html
jobs.51job.com/all/co2627891.html
jobs.51job.com/all/co3286182.html
jobs.51job.com/all/co4386731.html
jobs.51job.com/all/co3719097.html
jobs.51job.com/all/co3719097.html
jobs.51job.com/all/co2675977.html
jobs.51job.com/all/co2675977.html
jobs.51job.com/all/co3969169.html
jobs.51job.com/all/co3969169.html
jobs.51job.com/all/co3969169.html
jobs.51job.com/all/co3969169.html
jobs.51job.com/all/co2675977.html
jobs.51job.com/all/co2675977.html
jobs.51job.com/all/co2675977.html
jobs.51job.com/all/co2572838.html
jobs.51job.com/all/co2572838.html
jobs.51job.com/all/co2572838.html
jobs.51job.com/all/co2572838.html
jobs.51job.com/all/co2572838.html
jobs.51job.com/all/co2572838.html
jobs.51job.com/all/co2572838.html
jobs.51job.com/all/co2572838.html
jobs.51job.com/all/co2572838.html
jobs.51job.com/all/co2572838.html
jobs.51job.com/all/co2572838.html
jobs.51job.com/all/co4015857.html
jobs.51job.com/all/co4015857.html
jobs.51job.com/all/co4015857.html
jobs.51job.com/all/co4282472.html
jobs.51job.com/all/co4871180.html
jobs.51job.com/all/co3059729.html
jobs.51job.com/all/co3059729.html
jobs.51job.com/all/co4877182.html
jobs.51job.com/all/co4877182.html
jobs.51job.com/all/co2628138.html
jobs.51job.com/all/co2628138.html
jobs.51job.com/all/co2628138.html
jobs.51job.com/all/co3861985.html
jobs.51job.com/all/co316507.html
jobs.51job.com/all/co3699605.html
jobs.51job.com/all/co4605592.html
jobs.51job.com/all/co3765083.html
jobs.51job.com/all/co3765083.html
jobs.51job.com/all/co3765083.html
jobs.51job.com/all/co3765083.html
jobs.51job.com/all/co3765083.html
jobs.51job.com/all/co3765083.html
jobs.51job.com/all/co3765083.html
jobs.51job.com/all/co3765083.html
jobs.51job.com/all/co3765083.html
jobs.51job.com/all/co3765083.html
jobs.51job.com/all/co3765083.html
jobs.51job.com/all/co4231201.html
jobs.51job.com/all/co3877174.html
jobs.51job.com/all/co3877174.html
jobs.51job.com/all/co3877174.html
jobs.51job.com/all/co3877174.html
jobs.51job.com/all/co4027818.html
jobs.51job.com/all/co4606433.html
jobs.51job.com/all/co3696187.html
jobs.51job.com/all/co2097055.html
jobs.51job.com/all/co2097055.html
jobs.51job.com/all/co3430440.html
jobs.51job.com/all/co3351867.html
jobs.51job.com/all/co3845413.html
jobs.51job.com/all/co3577192.html
jobs.51job.com/all/co4334483.html
jobs.51job.com/all/co3170622.html
jobs.51job.com/all/co3170622.html
jobs.51job.com/all/co3170622.html
jobs.51job.com/all/co3597846.html
jobs.51job.com/all/co3597846.html
jobs.51job.com/all/co3806180.html
jobs.51job.com/all/co3806180.html
jobs.51job.com/all/co3175592.html
jobs.51job.com/all/co3738825.html
jobs.51job.com/all/co4453959.html
jobs.51job.com/all/co2971456.html
jobs.51job.com/all/co3883548.html
jobs.51job.com/all/co3286182.html
jobs.51job.com/all/co3844964.html
jobs.51job.com/all/co3844964.html
jobs.51job.com/all/co4694625.html
jobs.51job.com/all/co3844964.html
jobs.51job.com/all/co3844964.html
jobs.51job.com/all/co3844964.html
jobs.51job.com/all/co3844964.html
jobs.51job.com/all/co3844964.html
jobs.51job.com/all/co3844964.html
jobs.51job.com/all/co3844964.html
jobs.51job.com/all/co3844964.html
jobs.51job.com/all/co3844964.html
jobs.51job.com/all/co3844964.html
jobs.51job.com/all/co3844964.html
jobs.51job.com/all/co3844964.html
jobs.51job.com/all/co3844964.html
jobs.51job.com/all/co3844964.html
jobs.51job.com/all/co3844964.html
jobs.51job.com/all/co4938988.html
jobs.51job.com/all/co4931698.html
jobs.51job.com/all/co4931698.html
jobs.51job.com/all/co4931698.html
jobs.51job.com/all/co4309608.html
jobs.51job.com/all/co4829178.html
jobs.51job.com/all/co4453959.html
jobs.51job.com/all/co3869358.html
jobs.51job.com/all/co3768172.html
jobs.51job.com/all/co3768172.html
jobs.51job.com/all/co3768172.html
jobs.51job.com/all/co3768172.html
jobs.51job.com/all/co2971456.html
jobs.51job.com/all/co2207764.html
jobs.51job.com/all/co2207764.html
jobs.51job.com/all/co2207764.html
jobs.51job.com/all/co2207764.html
jobs.51job.com/all/co2207764.html
jobs.51job.com/all/co2207764.html
jobs.51job.com/all/co4185239.html
jobs.51job.com/all/co4185239.html
jobs.51job.com/all/co4185239.html
jobs.51job.com/all/co4185239.html
jobs.51job.com/all/co4185239.html
jobs.51job.com/all/co4185239.html
jobs.51job.com/all/co4185239.html
jobs.51job.com/all/co4185239.html
jobs.51job.com/all/co4185239.html
jobs.51job.com/all/co4185239.html
jobs.51job.com/all/co4185239.html
jobs.51job.com/all/co4185239.html
jobs.51job.com/all/co4185239.html
jobs.51job.com/all/co4185239.html
jobs.51job.com/all/co4185239.html
jobs.51job.com/all/co2316968.html
jobs.51job.com/all/co4416358.html
jobs.51job.com/all/co4416358.html
jobs.51job.com/all/co3983613.html
jobs.51job.com/all/co3856052.html
jobs.51job.com/all/co4804702.html
jobs.51job.com/all/co3914041.html
jobs.51job.com/all/co3883548.html
