jobs.51job.com/all/co3213727.html
jobs.51job.com/all/co3647121.html
jobs.51job.com/all/co4403854.html
jobs.51job.com/all/co4948452.html
jobs.51job.com/all/co3896938.html
jobs.51job.com/all/co4912985.html
jobs.51job.com/all/co2129255.html
jobs.51job.com/all/co3968641.html
jobs.51job.com/all/co4899947.html
jobs.51job.com/all/co3084719.html
jobs.51job.com/all/co2365697.html
jobs.51job.com/all/co2561262.html
jobs.51job.com/all/co4583279.html
jobs.51job.com/all/co4503036.html
jobs.51job.com/all/co2483720.html
jobs.51job.com/all/co3916075.html
jobs.51job.com/all/co3194812.html
jobs.51job.com/all/co2493785.html
jobs.51job.com/all/co10626.html
jobs.51job.com/all/co2612599.html
jobs.51job.com/all/co3293379.html
jobs.51job.com/all/co301840.html
jobs.51job.com/all/co3955452.html
jobs.51job.com/all/co304716.html
jobs.51job.com/all/co3320898.html
jobs.51job.com/all/co4819420.html
jobs.51job.com/all/co2925630.html
jobs.51job.com/all/co371074.html
jobs.51job.com/all/co2102421.html
jobs.51job.com/all/co2651411.html
jobs.51job.com/all/co2414182.html
jobs.51job.com/all/co2557097.html
jobs.51job.com/all/co4946191.html
jobs.51job.com/all/co2749212.html
jobs.51job.com/all/co4828971.html
jobs.51job.com/all/co4053118.html
jobs.51job.com/all/co3804913.html
jobs.51job.com/all/co939422.html
jobs.51job.com/all/co3258225.html
jobs.51job.com/all/co3262942.html
jobs.51job.com/all/co2656710.html
jobs.51job.com/all/co3215170.html
jobs.51job.com/all/co3218722.html
jobs.51job.com/all/co3633680.html
jobs.51job.com/all/co2840299.html
jobs.51job.com/all/co4917481.html
jobs.51job.com/all/co2852995.html
jobs.51job.com/all/co4012724.html
jobs.51job.com/all/co782133.html
jobs.51job.com/all/co3048267.html
jobs.51job.com/all/co3005100.html
jobs.51job.com/all/co2817596.html
jobs.51job.com/all/co4477690.html
jobs.51job.com/all/co4785747.html
jobs.51job.com/all/co4532946.html
jobs.51job.com/all/co4706214.html
jobs.51job.com/all/co4604414.html
jobs.51job.com/all/co2830867.html
jobs.51job.com/all/co2986204.html
jobs.51job.com/all/co2575855.html
jobs.51job.com/all/co3337384.html
jobs.51job.com/all/co2073504.html
jobs.51job.com/all/co3224312.html
jobs.51job.com/all/co4862398.html
jobs.51job.com/all/co2864281.html
jobs.51job.com/all/co3553816.html
jobs.51job.com/all/co2853835.html
jobs.51job.com/all/co3829587.html
jobs.51job.com/all/co2734405.html
jobs.51job.com/all/co3692992.html
jobs.51job.com/all/co4701960.html
jobs.51job.com/all/co4469006.html
jobs.51job.com/all/co3929902.html
jobs.51job.com/all/co2401527.html
jobs.51job.com/all/co171483.html
jobs.51job.com/all/co1392478.html
jobs.51job.com/all/co2748633.html
jobs.51job.com/all/co4927886.html
jobs.51job.com/all/co3973627.html
jobs.51job.com/all/co4936065.html
jobs.51job.com/all/co2656709.html
jobs.51job.com/all/co4855297.html
jobs.51job.com/all/co2845111.html
jobs.51job.com/all/co2507622.html
jobs.51job.com/all/co3397972.html
jobs.51job.com/all/co3495300.html
jobs.51job.com/all/co4795636.html
jobs.51job.com/all/co4123181.html
jobs.51job.com/all/co3870660.html
jobs.51job.com/all/co174858.html
jobs.51job.com/all/co3974764.html
jobs.51job.com/all/co2554037.html
jobs.51job.com/all/co4861431.html
jobs.51job.com/all/co316637.html
jobs.51job.com/all/co2614029.html
jobs.51job.com/all/co4675896.html
jobs.51job.com/all/co1067235.html
jobs.51job.com/all/co3239459.html
jobs.51job.com/all/co4823066.html
jobs.51job.com/all/co4272136.html
jobs.51job.com/all/co323811.html
jobs.51job.com/all/co3127770.html
jobs.51job.com/all/co2899104.html
jobs.51job.com/all/co2060657.html
jobs.51job.com/all/co2712041.html
jobs.51job.com/all/co4298887.html
jobs.51job.com/all/co4587589.html
jobs.51job.com/all/co347040.html
jobs.51job.com/all/co4052065.html
jobs.51job.com/all/co4743613.html
jobs.51job.com/all/co4161672.html
jobs.51job.com/all/co3073798.html
jobs.51job.com/all/co2875505.html
jobs.51job.com/all/co5348.html
jobs.51job.com/all/co2520.html
jobs.51job.com/all/co124634.html
jobs.51job.com/all/co2724390.html
jobs.51job.com/all/co2744211.html
jobs.51job.com/all/co208149.html
jobs.51job.com/all/co3218171.html
jobs.51job.com/all/co4739711.html
jobs.51job.com/all/co3222007.html
jobs.51job.com/all/co2755493.html
jobs.51job.com/all/co3538744.html
jobs.51job.com/all/co2341414.html
jobs.51job.com/all/co3504997.html
jobs.51job.com/all/co2935563.html
jobs.51job.com/all/co3119711.html
jobs.51job.com/all/co4464814.html
jobs.51job.com/all/co2168850.html
jobs.51job.com/all/co3382770.html
jobs.51job.com/all/co2773252.html
jobs.51job.com/all/co2588292.html
jobs.51job.com/all/co123582.html
jobs.51job.com/all/co4872386.html
jobs.51job.com/all/co4003347.html
jobs.51job.com/all/co2205819.html
jobs.51job.com/all/co3316641.html
jobs.51job.com/all/co3230004.html
jobs.51job.com/all/co3831333.html
jobs.51job.com/all/co2364473.html
jobs.51job.com/all/co2659746.html
jobs.51job.com/all/co4544978.html
jobs.51job.com/all/co2985795.html
jobs.51job.com/all/co4459816.html
jobs.51job.com/all/co2511658.html
jobs.51job.com/all/co2560880.html
jobs.51job.com/all/co4408885.html
jobs.51job.com/all/co316938.html
jobs.51job.com/all/co3689279.html
jobs.51job.com/all/co2918036.html
jobs.51job.com/all/co2944559.html
jobs.51job.com/all/co3398796.html
jobs.51job.com/all/co3153465.html
jobs.51job.com/all/co4828615.html
jobs.51job.com/all/co3802425.html
jobs.51job.com/all/co2403337.html
jobs.51job.com/all/co3418232.html
jobs.51job.com/all/co4503395.html
jobs.51job.com/all/co4094014.html
jobs.51job.com/all/co2255787.html
jobs.51job.com/all/co3026246.html
jobs.51job.com/all/co180592.html
jobs.51job.com/all/co4528570.html
jobs.51job.com/all/co2301971.html
jobs.51job.com/all/co571346.html
jobs.51job.com/all/co3628057.html
jobs.51job.com/all/co3109541.html
jobs.51job.com/all/co3635229.html
jobs.51job.com/all/co4299950.html
jobs.51job.com/all/co2936294.html
jobs.51job.com/all/co3362053.html
jobs.51job.com/all/co886750.html
jobs.51job.com/all/co2440648.html
jobs.51job.com/all/co4312860.html
jobs.51job.com/all/co136824.html
jobs.51job.com/all/co111069.html
jobs.51job.com/all/co3315210.html
jobs.51job.com/all/co4522408.html
jobs.51job.com/all/co238879.html
jobs.51job.com/all/co2069584.html
jobs.51job.com/all/co711441.html
jobs.51job.com/all/co554707.html
jobs.51job.com/all/co4139299.html
jobs.51job.com/all/co3188231.html
jobs.51job.com/all/co3907.html
jobs.51job.com/all/co2636799.html
jobs.51job.com/all/co3184174.html
jobs.51job.com/all/co4502366.html
jobs.51job.com/all/co3997007.html
jobs.51job.com/all/co3697572.html
jobs.51job.com/all/co3418685.html
jobs.51job.com/all/co3209130.html
cofco.51job.com/cm4.php
jobs.51job.com/all/co3883809.html
jobs.51job.com/all/co3844893.html
jobs.51job.com/all/co143367.html
jobs.51job.com/all/co2591957.html
jobs.51job.com/all/co4522191.html
jobs.51job.com/all/co2692175.html
jobs.51job.com/all/co1670313.html
jobs.51job.com/all/co4025000.html
jobs.51job.com/all/co2709457.html
jobs.51job.com/all/co2683775.html
jobs.51job.com/all/co4826129.html
jobs.51job.com/all/co3355286.html
jobs.51job.com/all/co2821018.html
jobs.51job.com/all/co2354227.html
jobs.51job.com/all/co4726886.html
jobs.51job.com/all/co2711689.html
jobs.51job.com/all/co4689441.html
jobs.51job.com/all/co4636541.html
jobs.51job.com/all/co3985920.html
jobs.51job.com/all/co2678825.html
jobs.51job.com/all/co4348497.html
jobs.51job.com/all/co4282379.html
jobs.51job.com/all/co3906133.html
jobs.51job.com/all/co3355475.html
jobs.51job.com/all/co2108690.html
jobs.51job.com/all/co107749.html
jobs.51job.com/all/co4349060.html
jobs.51job.com/all/co3530662.html
jobs.51job.com/all/co4463316.html
jobs.51job.com/all/co2900938.html
jobs.51job.com/all/co1750274.html
jobs.51job.com/all/co3305173.html
jobs.51job.com/all/co2908712.html
jobs.51job.com/all/co3451245.html
jobs.51job.com/all/co4573270.html
jobs.51job.com/all/co4585057.html
jobs.51job.com/all/co4443483.html
jobs.51job.com/all/co4917458.html
jobs.51job.com/all/co3068575.html
jobs.51job.com/all/co4709756.html
jobs.51job.com/all/co3095940.html
jobs.51job.com/all/co2537612.html
jobs.51job.com/all/co3883571.html
jobs.51job.com/all/co2709482.html
jobs.51job.com/all/co4091189.html
jobs.51job.com/all/co4768152.html
jobs.51job.com/all/co4109342.html
jobs.51job.com/all/co3209956.html
jobs.51job.com/all/co2501683.html
jobs.51job.com/all/co3955406.html
jobs.51job.com/all/co430635.html
jobs.51job.com/all/co4667659.html
jobs.51job.com/all/co339845.html
jobs.51job.com/all/co2441392.html
jobs.51job.com/all/co2688941.html
jobs.51job.com/all/co1599367.html
jobs.51job.com/all/co2270182.html
jobs.51job.com/all/co2077528.html
jobs.51job.com/all/co2355424.html
jobs.51job.com/all/co3011.html
jobs.51job.com/all/co1297903.html
jobs.51job.com/all/co178295.html
jobs.51job.com/all/co4215756.html
jobs.51job.com/all/co4080415.html
jobs.51job.com/all/co3699948.html
jobs.51job.com/all/co3771761.html
jobs.51job.com/all/co4038407.html
jobs.51job.com/all/co3447279.html
jobs.51job.com/all/co3990030.html
jobs.51job.com/all/co4206550.html
jobs.51job.com/all/co2877983.html
jobs.51job.com/all/co3514743.html
jobs.51job.com/all/co3142088.html
jobs.51job.com/all/co4724522.html
jobs.51job.com/all/co4150628.html
jobs.51job.com/all/co158583.html
jobs.51job.com/all/co2341499.html
jobs.51job.com/all/co4296867.html
jobs.51job.com/all/co1484543.html
jobs.51job.com/all/co2798984.html
jobs.51job.com/all/co3122302.html
jobs.51job.com/all/co4396241.html
jobs.51job.com/all/co3715252.html
jobs.51job.com/all/co3370807.html
jobs.51job.com/all/co2160149.html
jobs.51job.com/all/co2723935.html
jobs.51job.com/all/co3552951.html
jobs.51job.com/all/co4913998.html
jobs.51job.com/all/co4574465.html
jobs.51job.com/all/co3972482.html
jobs.51job.com/all/co2731778.html
jobs.51job.com/all/co155702.html
jobs.51job.com/all/co2726713.html
jobs.51job.com/all/co3909305.html
jobs.51job.com/all/co2856626.html
jobs.51job.com/all/co4111325.html
jobs.51job.com/all/co115105.html
jobs.51job.com/all/co1232623.html
jobs.51job.com/all/co152663.html
jobs.51job.com/all/co4459935.html
jobs.51job.com/all/co3468610.html
jobs.51job.com/all/co2793376.html
jobs.51job.com/all/co4913392.html
jobs.51job.com/all/co4899019.html
jobs.51job.com/all/co146372.html
jobs.51job.com/all/co4821283.html
jobs.51job.com/all/co3826233.html
jobs.51job.com/all/co4438254.html
jobs.51job.com/all/co4423679.html
jobs.51job.com/all/co2596050.html
jobs.51job.com/all/co2088790.html
jobs.51job.com/all/co4799136.html
jobs.51job.com/all/co2864588.html
jobs.51job.com/all/co3862173.html
jobs.51job.com/all/co2302067.html
jobs.51job.com/all/co3785340.html
jobs.51job.com/all/co3472565.html
jobs.51job.com/all/co4849972.html
jobs.51job.com/all/co4924844.html
jobs.51job.com/all/co4265218.html
jobs.51job.com/all/co115695.html
jobs.51job.com/all/co2052256.html
jobs.51job.com/all/co3848999.html
jobs.51job.com/all/co3365445.html
jobs.51job.com/all/co3141968.html
jobs.51job.com/all/co178616.html
jobs.51job.com/all/co157019.html
jobs.51job.com/all/co4036453.html
jobs.51job.com/all/co4662093.html
jobs.51job.com/all/co2404321.html
jobs.51job.com/all/co4925620.html
jobs.51job.com/all/co4869460.html
jobs.51job.com/all/co4335222.html
jobs.51job.com/all/co1992842.html
jobs.51job.com/all/co237917.html
jobs.51job.com/all/co3307886.html
jobs.51job.com/all/co4662743.html
jobs.51job.com/all/co1490886.html
jobs.51job.com/all/co4403536.html
jobs.51job.com/all/co711462.html
jobs.51job.com/all/co1923298.html
jobs.51job.com/all/co4273920.html
jobs.51job.com/all/co3936525.html
jobs.51job.com/all/co4683064.html
jobs.51job.com/all/co3082752.html
jobs.51job.com/all/co2451480.html
jobs.51job.com/all/co2706837.html
jobs.51job.com/all/co3916196.html
jobs.51job.com/all/co3305861.html
jobs.51job.com/all/co2397047.html
jobs.51job.com/all/co2427785.html
jobs.51job.com/all/co4867232.html
jobs.51job.com/all/co3230529.html
jobs.51job.com/all/co3293791.html
jobs.51job.com/all/co3231288.html
jobs.51job.com/all/co4850196.html
jobs.51job.com/all/co3774334.html
jobs.51job.com/all/co4925031.html
jobs.51job.com/all/co4895095.html
jobs.51job.com/all/co4821580.html
jobs.51job.com/all/co4116199.html
jobs.51job.com/all/co3142849.html
jobs.51job.com/all/co3917128.html
jobs.51job.com/all/co2321601.html
jobs.51job.com/all/co3450801.html
jobs.51job.com/all/co139280.html
jobs.51job.com/all/co4244065.html
jobs.51job.com/all/co2539500.html
jobs.51job.com/all/co2478534.html
jobs.51job.com/all/co3227151.html
jobs.51job.com/all/co2973882.html
jobs.51job.com/all/co4571910.html
jobs.51job.com/all/co2618346.html
jobs.51job.com/all/co2832486.html
jobs.51job.com/all/co4243376.html
jobs.51job.com/all/co3963929.html
jobs.51job.com/all/co102772.html
jobs.51job.com/all/co3205067.html
jobs.51job.com/all/co4086684.html
jobs.51job.com/all/co4718057.html
jobs.51job.com/all/co4085209.html
jobs.51job.com/all/co4833210.html
jobs.51job.com/all/co4551480.html
jobs.51job.com/all/co4601004.html
jobs.51job.com/all/co2141728.html
jobs.51job.com/all/co4929752.html
jobs.51job.com/all/co269823.html
jobs.51job.com/all/co2534479.html
jobs.51job.com/all/co4076488.html
jobs.51job.com/all/co3831176.html
jobs.51job.com/all/co4731564.html
jobs.51job.com/all/co3891906.html
jobs.51job.com/all/co4645973.html
jobs.51job.com/all/co3661660.html
jobs.51job.com/all/co4161224.html
jobs.51job.com/all/co2079849.html
jobs.51job.com/all/co2278989.html
jobs.51job.com/all/co4465184.html
jobs.51job.com/all/co4602410.html
jobs.51job.com/all/co4234100.html
jobs.51job.com/all/co4731093.html
jobs.51job.com/all/co4342418.html
jobs.51job.com/all/co2365297.html
jobs.51job.com/all/co135210.html
jobs.51job.com/all/co4619852.html
jobs.51job.com/all/co3809934.html
jobs.51job.com/all/co4490770.html
jobs.51job.com/all/co2461352.html
jobs.51job.com/all/co3469407.html
jobs.51job.com/all/co3928218.html
jobs.51job.com/all/co3826381.html
jobs.51job.com/all/co289090.html
jobs.51job.com/all/co849611.html
jobs.51job.com/all/co4558183.html
jobs.51job.com/all/co1101470.html
jobs.51job.com/all/co591903.html
jobs.51job.com/all/co2883658.html
jobs.51job.com/all/co1342802.html
jobs.51job.com/all/co2008948.html
jobs.51job.com/all/co3664702.html
jobs.51job.com/all/co3393682.html
jobs.51job.com/all/co165513.html
jobs.51job.com/all/co3573079.html
jobs.51job.com/all/co4900064.html
jobs.51job.com/all/co3397246.html
jobs.51job.com/all/co194705.html
jobs.51job.com/all/co2546228.html
jobs.51job.com/all/co4891685.html
jobs.51job.com/all/co4459872.html
jobs.51job.com/all/co3552554.html
jobs.51job.com/all/co2467256.html
jobs.51job.com/all/co4898134.html
zp.kangmei.com.cn
jobs.51job.com/all/co4859068.html
jobs.51job.com/all/co4523536.html
jobs.51job.com/all/co4782664.html
jobs.51job.com/all/co4374873.html
jobs.51job.com/all/co4313835.html
jobs.51job.com/all/co4558061.html
jobs.51job.com/all/co4596734.html
jobs.51job.com/all/co4862755.html
jobs.51job.com/all/co2763985.html
jobs.51job.com/all/co3472493.html
jobs.51job.com/all/co4028551.html
jobs.51job.com/all/co3346991.html
jobs.51job.com/all/co2540092.html
jobs.51job.com/all/co4212539.html
jobs.51job.com/all/co9861.html
jobs.51job.com/all/co4523669.html
jobs.51job.com/all/co4908239.html
jobs.51job.com/all/co4827459.html
jobs.51job.com/all/co3977721.html
jobs.51job.com/all/co3925115.html
jobs.51job.com/all/co4670506.html
jobs.51job.com/all/co534912.html
jobs.51job.com/all/co3718893.html
jobs.51job.com/all/co4352817.html
jobs.51job.com/all/co4850106.html
jobs.51job.com/all/co4298061.html
jobs.51job.com/all/co3369004.html
jobs.51job.com/all/co2562407.html
jobs.51job.com/all/co140599.html
jobs.51job.com/all/co3896543.html
jobs.51job.com/all/co4596739.html
jobs.51job.com/all/co3231419.html
jobs.51job.com/all/co4525254.html
jobs.51job.com/all/co1820263.html
jobs.51job.com/all/co1306409.html
jobs.51job.com/all/co4790848.html
jobs.51job.com/all/co4329936.html
jobs.51job.com/all/co4743619.html
jobs.51job.com/all/co2156152.html
jobs.51job.com/all/co3939677.html
jobs.51job.com/all/co2704771.html
jobs.51job.com/all/co3056819.html
jobs.51job.com/all/co4749121.html
jobs.51job.com/all/co2943879.html
jobs.51job.com/all/co4865104.html
jobs.51job.com/all/co585361.html
jobs.51job.com/all/co4466135.html
jobs.51job.com/all/co2192423.html
jobs.51job.com/all/co291930.html
jobs.51job.com/all/co4571374.html
jobs.51job.com/all/co4236167.html
jobs.51job.com/all/co4701026.html
jobs.51job.com/all/co4703666.html
jobs.51job.com/all/co4803095.html
jobs.51job.com/all/co4319830.html
jobs.51job.com/all/co2423319.html
jobs.51job.com/all/co3862534.html
jobs.51job.com/all/co2634446.html
jobs.51job.com/all/co1125696.html
jobs.51job.com/all/co3111170.html
jobs.51job.com/all/co4404406.html
jobs.51job.com/all/co2776510.html
jobs.51job.com/all/co2702531.html
jobs.51job.com/all/co3387959.html
jobs.51job.com/all/co3990444.html
jobs.51job.com/all/co3867998.html
jobs.51job.com/all/co2348735.html
jobs.51job.com/all/co4092818.html
jobs.51job.com/all/co4383622.html
jobs.51job.com/all/co214630.html
jobs.51job.com/all/co4145656.html
jobs.51job.com/all/co3159013.html
jobs.51job.com/all/co1444287.html
jobs.51job.com/all/co4395065.html
jobs.51job.com/all/co4298183.html
jobs.51job.com/all/co4789138.html
jobs.51job.com/all/co3741823.html
jobs.51job.com/all/co2570989.html
jobs.51job.com/all/co4146747.html
jobs.51job.com/all/co4830987.html
jobs.51job.com/all/co4267916.html
jobs.51job.com/all/co3353472.html
jobs.51job.com/all/co4871180.html
jobs.51job.com/all/co2656558.html
jobs.51job.com/all/co765324.html
jobs.51job.com/all/co126247.html
jobs.51job.com/all/co166552.html
jobs.51job.com/all/co1253413.html
jobs.51job.com/all/co304788.html
jobs.51job.com/all/co2925209.html
jobs.51job.com/all/co3543686.html
jobs.51job.com/all/co4284735.html
jobs.51job.com/all/co3229040.html
jobs.51job.com/all/co2489562.html
jobs.51job.com/all/co4848634.html
jobs.51job.com/all/co3248802.html
jobs.51job.com/all/co2468612.html
jobs.51job.com/all/co3718896.html
jobs.51job.com/all/co2937367.html
jobs.51job.com/all/co4628924.html
jobs.51job.com/all/co3149355.html
jobs.51job.com/all/co4286637.html
jobs.51job.com/all/co4219290.html
jobs.51job.com/all/co2316363.html
jobs.51job.com/all/co2684782.html
jobs.51job.com/all/co4683966.html
jobs.51job.com/all/co3237949.html
jobs.51job.com/all/co4843299.html
jobs.51job.com/all/co2297488.html
jobs.51job.com/all/co3591697.html
jobs.51job.com/all/co4919278.html
jobs.51job.com/all/co4394328.html
jobs.51job.com/all/co4243878.html
jobs.51job.com/all/co2690219.html
jobs.51job.com/all/co3270728.html
jobs.51job.com/all/co2560452.html
jobs.51job.com/all/co3878811.html
jobs.51job.com/all/co4254560.html
jobs.51job.com/all/co4819106.html
jobs.51job.com/all/co4559755.html
jobs.51job.com/all/co3322818.html
jobs.51job.com/all/co4643764.html
jobs.51job.com/all/co3240761.html
jobs.51job.com/all/co2073848.html
jobs.51job.com/all/co3194719.html
jobs.51job.com/all/co4383453.html
jobs.51job.com/all/co4674882.html
jobs.51job.com/all/co4017561.html
jobs.51job.com/all/co2289395.html
jobs.51job.com/all/co4102744.html
jobs.51job.com/all/co3920099.html
jobs.51job.com/all/co3640889.html
jobs.51job.com/all/co2822996.html
jobs.51job.com/all/co195182.html
jobs.51job.com/all/co323488.html
jobs.51job.com/all/co2673443.html
jobs.51job.com/all/co4255174.html
jobs.51job.com/all/co3763846.html
jobs.51job.com/all/co3410959.html
jobs.51job.com/all/co2559552.html
jobs.51job.com/all/co2717150.html
jobs.51job.com/all/co4588718.html
jobs.51job.com/all/co3085810.html
jobs.51job.com/all/co4943510.html
jobs.51job.com/all/co4940165.html
jobs.51job.com/all/co2516543.html
jobs.51job.com/all/co2971386.html
jobs.51job.com/all/co4361659.html
jobs.51job.com/all/co4341224.html
jobs.51job.com/all/co2205299.html
jobs.51job.com/all/co2975630.html
jobs.51job.com/all/co4254981.html
jobs.51job.com/all/co4865211.html
jobs.51job.com/all/co2886931.html
jobs.51job.com/all/co4660738.html
jobs.51job.com/all/co4464853.html
jobs.51job.com/all/co2839608.html
jobs.51job.com/all/co3102251.html
jobs.51job.com/all/co4186386.html
jobs.51job.com/all/co2445151.html
jobs.51job.com/all/co3281561.html
jobs.51job.com/all/co2626416.html
jobs.51job.com/all/co3793595.html
jobs.51job.com/all/co4910180.html
jobs.51job.com/all/co3886256.html
jobs.51job.com/all/co4904735.html
jobs.51job.com/all/co3443040.html
jobs.51job.com/all/co4953814.html
jobs.51job.com/all/co4379465.html
jobs.51job.com/all/co3275692.html
jobs.51job.com/all/co3198527.html
jobs.51job.com/all/co2937240.html
jobs.51job.com/all/co4343051.html
jobs.51job.com/all/co4208567.html
jobs.51job.com/all/co388077.html
jobs.51job.com/all/co4645706.html
jobs.51job.com/all/co4329897.html
jobs.51job.com/all/co3865201.html
jobs.51job.com/all/co4931040.html
jobs.51job.com/all/co3955390.html
jobs.51job.com/all/co2390934.html
jobs.51job.com/all/co4095668.html
jobs.51job.com/all/co2690944.html
jobs.51job.com/all/co4274288.html
jobs.51job.com/all/co4415916.html
jobs.51job.com/all/co2406635.html
jobs.51job.com/all/co3893865.html
jobs.51job.com/all/co4298434.html
jobs.51job.com/all/co4519717.html
jobs.51job.com/all/co4826352.html
jobs.51job.com/all/co2599754.html
jobs.51job.com/all/co1371650.html
jobs.51job.com/all/co4801296.html
jobs.51job.com/all/co3218168.html
jobs.51job.com/all/co2200851.html
jobs.51job.com/all/co4111947.html
jobs.51job.com/all/co4924286.html
jobs.51job.com/all/co3730620.html
jobs.51job.com/all/co4317143.html
jobs.51job.com/all/co4915229.html
jobs.51job.com/all/co4796759.html
jobs.51job.com/all/co4075070.html
jobs.51job.com/all/co3464052.html
jobs.51job.com/all/co4098930.html
jobs.51job.com/all/co115424.html
jobs.51job.com/all/co3342098.html
jobs.51job.com/all/co4246357.html
jobs.51job.com/all/co179932.html
jobs.51job.com/all/co4885301.html
jobs.51job.com/all/co2617627.html
jobs.51job.com/all/co4916233.html
jobs.51job.com/all/co4203679.html
jobs.51job.com/all/co4944183.html
jobs.51job.com/all/co2032689.html
jobs.51job.com/all/co3654533.html
jobs.51job.com/all/co2882121.html
jobs.51job.com/all/co2059233.html
jobs.51job.com/all/co3337175.html
jobs.51job.com/all/co3137161.html
jobs.51job.com/all/co4865861.html
jobs.51job.com/all/co4150573.html
jobs.51job.com/all/co2957136.html
jobs.51job.com/all/co3585866.html
jobs.51job.com/all/co4589637.html
jobs.51job.com/all/co4119450.html
jobs.51job.com/all/co2950639.html
jobs.51job.com/all/co4520018.html
jobs.51job.com/all/co4378275.html
jobs.51job.com/all/co3428169.html
jobs.51job.com/all/co2769487.html
jobs.51job.com/all/co2199493.html
jobs.51job.com/all/co4355228.html
jobs.51job.com/all/co2563515.html
jobs.51job.com/all/co2572251.html
jobs.51job.com/all/co2249044.html
jobs.51job.com/all/co4226288.html
jobs.51job.com/all/co2430706.html
jobs.51job.com/all/co4495755.html
jobs.51job.com/all/co235563.html
jobs.51job.com/all/co3042073.html
jobs.51job.com/all/co3532026.html
jobs.51job.com/all/co2420989.html
jobs.51job.com/all/co3552320.html
jobs.51job.com/all/co4852341.html
jobs.51job.com/all/co2532534.html
jobs.51job.com/all/co3697842.html
jobs.51job.com/all/co3692125.html
jobs.51job.com/all/co3877598.html
jobs.51job.com/all/co2246080.html
jobs.51job.com/all/co3760146.html
jobs.51job.com/all/co3220430.html
jobs.51job.com/all/co4118163.html
jobs.51job.com/all/co2070187.html
jobs.51job.com/all/co3139854.html
jobs.51job.com/all/co4650387.html
jobs.51job.com/all/co174136.html
jobs.51job.com/all/co4076626.html
jobs.51job.com/all/co1101679.html
jobs.51job.com/all/co4881681.html
jobs.51job.com/all/co193864.html
jobs.51job.com/all/co2338110.html
jobs.51job.com/all/co4389239.html
jobs.51job.com/all/co1314377.html
jobs.51job.com/all/co4763694.html
jobs.51job.com/all/co4127734.html
jobs.51job.com/all/co11978.html
jobs.51job.com/all/co3823248.html
jobs.51job.com/all/co4724811.html
jobs.51job.com/all/co2062522.html
jobs.51job.com/all/co3614160.html
jobs.51job.com/all/co2420553.html
jobs.51job.com/all/co2621190.html
jobs.51job.com/all/co4876852.html
jobs.51job.com/all/co3320560.html
jobs.51job.com/all/co114105.html
jobs.51job.com/all/co4326965.html
jobs.51job.com/all/co3051841.html
jobs.51job.com/all/co1146019.html
jobs.51job.com/all/co4696416.html
jobs.51job.com/all/co4209902.html
jobs.51job.com/all/co3003954.html
jobs.51job.com/all/co4832167.html
jobs.51job.com/all/co3399019.html
jobs.51job.com/all/co3757379.html
jobs.51job.com/all/co587703.html
jobs.51job.com/all/co4029582.html
jobs.51job.com/all/co4939792.html
jobs.51job.com/all/co3764142.html
jobs.51job.com/all/co3111919.html
jobs.51job.com/all/co4250551.html
jobs.51job.com/all/co4444371.html
jobs.51job.com/all/co3676120.html
jobs.51job.com/all/co4456935.html
jobs.51job.com/all/co341498.html
jobs.51job.com/all/co173940.html
jobs.51job.com/all/co4178194.html
jobs.51job.com/all/co4453662.html
jobs.51job.com/all/co974170.html
jobs.51job.com/all/co2853820.html
jobs.51job.com/all/co4313663.html
jobs.51job.com/all/co2833638.html
jobs.51job.com/all/co3018733.html
jobs.51job.com/all/co2874011.html
jobs.51job.com/all/co3790622.html
jobs.51job.com/all/co4736199.html
jobs.51job.com/all/co2565112.html
jobs.51job.com/all/co4125540.html
jobs.51job.com/all/co2206784.html
jobs.51job.com/all/co4444026.html
jobs.51job.com/all/co1260751.html
jobs.51job.com/all/co4035115.html
jobs.51job.com/all/co4853596.html
jobs.51job.com/all/co4061655.html
jobs.51job.com/all/co2312859.html
jobs.51job.com/all/co4186125.html
jobs.51job.com/all/co2013052.html
jobs.51job.com/all/co4710375.html
jobs.51job.com/all/co4128385.html
jobs.51job.com/all/co2074311.html
jobs.51job.com/all/co2385215.html
jobs.51job.com/all/co4277370.html
jobs.51job.com/all/co4710627.html
jobs.51job.com/all/co4118475.html
jobs.51job.com/all/co4803515.html
jobs.51job.com/all/co2800443.html
jobs.51job.com/all/co4077680.html
jobs.51job.com/all/co3443435.html
jobs.51job.com/all/co3254762.html
jobs.51job.com/all/co4320119.html
jobs.51job.com/all/co4749124.html
jobs.51job.com/all/co2711332.html
jobs.51job.com/all/co3221295.html
jobs.51job.com/all/co2723988.html
jobs.51job.com/all/co4090120.html
jobs.51job.com/all/co4836091.html
jobs.51job.com/all/co3320180.html
jobs.51job.com/all/co4837527.html
jobs.51job.com/all/co272291.html
jobs.51job.com/all/co3880878.html
jobs.51job.com/all/co2659906.html
jobs.51job.com/all/co3914496.html
jobs.51job.com/all/co4654451.html
jobs.51job.com/all/co3326524.html
jobs.51job.com/all/co3467212.html
jobs.51job.com/all/co2847122.html
jobs.51job.com/all/co3877322.html
jobs.51job.com/all/co2631608.html
jobs.51job.com/all/co3054953.html
jobs.51job.com/all/co3779807.html
jobs.51job.com/all/co2769581.html
jobs.51job.com/all/co2539225.html
jobs.51job.com/all/co3187817.html
jobs.51job.com/all/co4522242.html
jobs.51job.com/all/co3488666.html
jobs.51job.com/all/co2895263.html
jobs.51job.com/all/co4899022.html
jobs.51job.com/all/co4302394.html
jobs.51job.com/all/co2671091.html
jobs.51job.com/all/co4832962.html
jobs.51job.com/all/co3703946.html
jobs.51job.com/all/co2545717.html
jobs.51job.com/all/co4018708.html
jobs.51job.com/all/co2730271.html
jobs.51job.com/all/co2306412.html
jobs.51job.com/all/co3303588.html
jobs.51job.com/all/co3412679.html
jobs.51job.com/all/co3299752.html
jobs.51job.com/all/co3777773.html
jobs.51job.com/all/co4815673.html
jobs.51job.com/all/co4024445.html
jobs.51job.com/all/co2380910.html
jobs.51job.com/all/co2214727.html
jobs.51job.com/all/co2783296.html
jobs.51job.com/all/co3352129.html
jobs.51job.com/all/co4298187.html
jobs.51job.com/all/co2820911.html
jobs.51job.com/all/co1510345.html
jobs.51job.com/all/co4282088.html
jobs.51job.com/all/co4190616.html
jobs.51job.com/all/co4133104.html
jobs.51job.com/all/co2991208.html
jobs.51job.com/all/co2639715.html
jobs.51job.com/all/co4510048.html
jobs.51job.com/all/co4073258.html
jobs.51job.com/all/co2917488.html
jobs.51job.com/all/co4271402.html
jobs.51job.com/all/co4607259.html
jobs.51job.com/all/co3996686.html
jobs.51job.com/all/co3336297.html
jobs.51job.com/all/co4554267.html
jobs.51job.com/all/co505375.html
jobs.51job.com/all/co3242131.html
jobs.51job.com/all/co2775293.html
jobs.51job.com/all/co2048543.html
jobs.51job.com/all/co4073054.html
jobs.51job.com/all/co3507158.html
jobs.51job.com/all/co4867568.html
jobs.51job.com/all/co2818744.html
jobs.51job.com/all/co2369490.html
jobs.51job.com/all/co1476819.html
jobs.51job.com/all/co2689672.html
jobs.51job.com/all/co3392574.html
jobs.51job.com/all/co3394105.html
jobs.51job.com/all/co4029119.html
jobs.51job.com/all/co4412355.html
jobs.51job.com/all/co4300504.html
jobs.51job.com/all/co3036942.html
jobs.51job.com/all/co3973317.html
jobs.51job.com/all/co4012456.html
jobs.51job.com/all/co1609778.html
jobs.51job.com/all/co4864892.html
jobs.51job.com/all/co4449264.html
jobs.51job.com/all/co3087039.html
jobs.51job.com/all/co3422593.html
jobs.51job.com/all/co3998085.html
jobs.51job.com/all/co3477053.html
jobs.51job.com/all/co4262935.html
jobs.51job.com/all/co3728996.html
jobs.51job.com/all/co2900048.html
jobs.51job.com/all/co4645839.html
jobs.51job.com/all/co4568879.html
thyssenkrupp.51job.com
jobs.51job.com/all/co1991749.html
jobs.51job.com/all/co1470757.html
jobs.51job.com/all/co4926820.html
jobs.51job.com/all/co3215126.html
jobs.51job.com/all/co3650297.html
jobs.51job.com/all/co4863730.html
jobs.51job.com/all/co4773483.html
jobs.51job.com/all/co3797617.html
jobs.51job.com/all/co3393010.html
jobs.51job.com/all/co4147610.html
jobs.51job.com/all/co4859126.html
jobs.51job.com/all/co4008173.html
jobs.51job.com/all/co4462300.html
jobs.51job.com/all/co3304934.html
jobs.51job.com/all/co4521188.html
jobs.51job.com/all/co3305624.html
jobs.51job.com/all/co3297856.html
jobs.51job.com/all/co4554183.html
zjsj.51job.com/
jobs.51job.com/all/co3426303.html
jobs.51job.com/all/co4414817.html
jobs.51job.com/all/co4550080.html
jobs.51job.com/all/co2284456.html
jobs.51job.com/all/co4548744.html
jobs.51job.com/all/co4013862.html
jobs.51job.com/all/co4228785.html
jobs.51job.com/all/co3257703.html
jobs.51job.com/all/co4086974.html
jobs.51job.com/all/co4352432.html
jobs.51job.com/all/co2899580.html
jobs.51job.com/all/co2918753.html
jobs.51job.com/all/co233665.html
jobs.51job.com/all/co2858490.html
jobs.51job.com/all/co277705.html
jobs.51job.com/all/co523201.html
jobs.51job.com/all/co2512301.html
jobs.51job.com/all/co4072073.html
jobs.51job.com/all/co4397030.html
jobs.51job.com/all/co4390352.html
jobs.51job.com/all/co4863986.html
jobs.51job.com/all/co4794372.html
jobs.51job.com/all/co4378622.html
jobs.51job.com/all/co4151255.html
jobs.51job.com/all/co4776120.html
jobs.51job.com/all/co2618170.html
jobs.51job.com/all/co3794204.html
jobs.51job.com/all/co2168009.html
jobs.51job.com/all/co1589463.html
jobs.51job.com/all/co3038037.html
jobs.51job.com/all/co2861274.html
jobs.51job.com/all/co253648.html
jobs.51job.com/all/co4587061.html
jobs.51job.com/all/co4377127.html
jobs.51job.com/all/co4313909.html
jobs.51job.com/all/co1985235.html
jobs.51job.com/all/co3947755.html
jobs.51job.com/all/co3367948.html
jobs.51job.com/all/co176389.html
jobs.51job.com/all/co4911315.html
jobs.51job.com/all/co4234170.html
jobs.51job.com/all/co4010082.html
jobs.51job.com/all/co4122455.html
jobs.51job.com/all/co4892193.html
jobs.51job.com/all/co158612.html
jobs.51job.com/all/co3658454.html
jobs.51job.com/all/co4290118.html
jobs.51job.com/all/co3247321.html
jobs.51job.com/all/co2721117.html
jobs.51job.com/all/co186140.html
jobs.51job.com/all/co3209395.html
jobs.51job.com/all/co3805174.html
jobs.51job.com/all/co4424032.html
jobs.51job.com/all/co4711356.html
jobs.51job.com/all/co2559840.html
jobs.51job.com/all/co113643.html
jobs.51job.com/all/co4701573.html
jobs.51job.com/all/co4102638.html
jobs.51job.com/all/co3009992.html
jobs.51job.com/all/co3781137.html
jobs.51job.com/all/co2026427.html
jobs.51job.com/all/co2533724.html
jobs.51job.com/all/co2249475.html
jobs.51job.com/all/co2809343.html
jobs.51job.com/all/co2988643.html
jobs.51job.com/all/co3287860.html
jobs.51job.com/all/co2197021.html
jobs.51job.com/all/co188122.html
jobs.51job.com/all/co2259560.html
jobs.51job.com/all/co3311074.html
jobs.51job.com/all/co2650.html
jobs.51job.com/all/co2595144.html
jobs.51job.com/all/co3120317.html
jobs.51job.com/all/co2127935.html
jobs.51job.com/all/co4049653.html
jobs.51job.com/all/co3180012.html
jobs.51job.com/all/co4756598.html
jobs.51job.com/all/co4699793.html
jobs.51job.com/all/co3252674.html
jobs.51job.com/all/co4171685.html
jobs.51job.com/all/co129156.html
jobs.51job.com/all/co4875373.html
jobs.51job.com/all/co2739212.html
jobs.51job.com/all/co4053211.html
jobs.51job.com/all/co3968188.html
jobs.51job.com/all/co3526532.html
jobs.51job.com/all/co4747471.html
jobs.51job.com/all/co3338452.html
jobs.51job.com/all/co4794727.html
jobs.51job.com/all/co4748519.html
jobs.51job.com/all/co3305058.html
jobs.51job.com/all/co3007593.html
jobs.51job.com/all/co4463825.html
jobs.51job.com/all/co3578821.html
jobs.51job.com/all/co3296296.html
jobs.51job.com/all/co149574.html
jobs.51job.com/all/co4190810.html
jobs.51job.com/all/co3313112.html
jobs.51job.com/all/co2876749.html
jobs.51job.com/all/co4650138.html
jobs.51job.com/all/co3557102.html
jobs.51job.com/all/co3786504.html
jobs.51job.com/all/co4257507.html
jobs.51job.com/all/co490278.html
jobs.51job.com/all/co4602982.html
jobs.51job.com/all/co3550776.html
jobs.51job.com/all/co3382366.html
jobs.51job.com/all/co3365367.html
jobs.51job.com/all/co4240413.html
jobs.51job.com/all/co973835.html
jobs.51job.com/all/co2842832.html
jobs.51job.com/all/co4126373.html
jobs.51job.com/all/co4765665.html
jobs.51job.com/all/co1987147.html
jobs.51job.com/all/co2912588.html
jobs.51job.com/all/co2873010.html
jobs.51job.com/all/co2678335.html
jobs.51job.com/all/co154736.html
jobs.51job.com/all/co3741445.html
jobs.51job.com/all/co4721422.html
jobs.51job.com/all/co4916345.html
jobs.51job.com/all/co3698150.html
jobs.51job.com/all/co4126669.html
jobs.51job.com/all/co4407235.html
jobs.51job.com/all/co4684582.html
jobs.51job.com/all/co964818.html
jobs.51job.com/all/co4940218.html
jobs.51job.com/all/co3930572.html
jobs.51job.com/all/co1991673.html
jobs.51job.com/all/co3079574.html
jobs.51job.com/all/co1465524.html
jobs.51job.com/all/co3601418.html
jobs.51job.com/all/co3850864.html
jobs.51job.com/all/co4046355.html
jobs.51job.com/all/co4866932.html
jobs.51job.com/all/co316658.html
jobs.51job.com/all/co4100932.html
jobs.51job.com/all/co2883393.html
jobs.51job.com/all/co3189477.html
jobs.51job.com/all/co3548569.html
jobs.51job.com/all/co3259650.html
jobs.51job.com/all/co4621611.html
jobs.51job.com/all/co3096755.html
jobs.51job.com/all/co4157292.html
jobs.51job.com/all/co2037968.html
jobs.51job.com/all/co3658083.html
jobs.51job.com/all/co4696628.html
jobs.51job.com/all/co2460458.html
jobs.51job.com/all/co4024105.html
jobs.51job.com/all/co4079076.html
jobs.51job.com/all/co4942396.html
jobs.51job.com/all/co3236385.html
jobs.51job.com/all/co3711472.html
jobs.51job.com/all/co4359851.html
jobs.51job.com/all/co3951285.html
jobs.51job.com/all/co4889635.html
jobs.51job.com/all/co3292472.html
jobs.51job.com/all/co2486957.html
jobs.51job.com/all/co4058095.html
jobs.51job.com/all/co3268990.html
jobs.51job.com/all/co4393473.html
jobs.51job.com/all/co4933592.html
jobs.51job.com/all/co4702927.html
jobs.51job.com/all/co4184341.html
jobs.51job.com/all/co4165350.html
jobs.51job.com/all/co145318.html
jobs.51job.com/all/co4590903.html
jobs.51job.com/all/co4694714.html
jobs.51job.com/all/co2516016.html
jobs.51job.com/all/co4577242.html
jobs.51job.com/all/co3824635.html
jobs.51job.com/all/co4066321.html
jobs.51job.com/all/co4653143.html
jobs.51job.com/all/co4942618.html
jobs.51job.com/all/co4933085.html
jobs.51job.com/all/co3088977.html
jobs.51job.com/all/co2559981.html
jobs.51job.com/all/co3748761.html
jobs.51job.com/all/co4089602.html
jobs.51job.com/all/co3129900.html
jobs.51job.com/all/co2626967.html
jobs.51job.com/all/co4086764.html
jobs.51job.com/all/co3292368.html
jobs.51job.com/all/co2939126.html
jobs.51job.com/all/co4918860.html
jobs.51job.com/all/co4928404.html
jobs.51job.com/all/co2641985.html
jobs.51job.com/all/co4403549.html
jobs.51job.com/all/co4059412.html
jobs.51job.com/all/co4314593.html
jobs.51job.com/all/co4700538.html
jobs.51job.com/all/co3374019.html
jobs.51job.com/all/co4262932.html
jobs.51job.com/all/co2201553.html
jobs.51job.com/all/co3897822.html
jobs.51job.com/all/co3628885.html
jobs.51job.com/all/co4447387.html
jobs.51job.com/all/co4161855.html
jobs.51job.com/all/co2298140.html
jobs.51job.com/all/co4063301.html
jobs.51job.com/all/co3800596.html
jobs.51job.com/all/co4601401.html
jobs.51job.com/all/co2317350.html
jobs.51job.com/all/co3920338.html
jobs.51job.com/all/co2736270.html
jobs.51job.com/all/co4746806.html
jobs.51job.com/all/co3580763.html
jobs.51job.com/all/co2496682.html
jobs.51job.com/all/co2660255.html
jobs.51job.com/all/co2911217.html
jobs.51job.com/all/co2373187.html
jobs.51job.com/all/co3035297.html
jobs.51job.com/all/co2807099.html
jobs.51job.com/all/co1471583.html
jobs.51job.com/all/co3982317.html
jobs.51job.com/all/co4660327.html
jobs.51job.com/all/co2760013.html
jobs.51job.com/all/co424420.html
jobs.51job.com/all/co2609725.html
jobs.51job.com/all/co1782264.html
jobs.51job.com/all/co4813310.html
jobs.51job.com/all/co4671177.html
jobs.51job.com/all/co164415.html
jobs.51job.com/all/co4208591.html
jobs.51job.com/all/co4135606.html
jobs.51job.com/all/co4867181.html
jobs.51job.com/all/co974057.html
jobs.51job.com/all/co2766220.html
jobs.51job.com/all/co3335960.html
jobs.51job.com/all/co677836.html
jobs.51job.com/all/co3531424.html
jobs.51job.com/all/co145880.html
jobs.51job.com/all/co3381250.html
jobs.51job.com/all/co4554876.html
jobs.51job.com/all/co4793602.html
jobs.51job.com/all/co4161251.html
jobs.51job.com/all/co3443647.html
jobs.51job.com/all/co4389119.html
jobs.51job.com/all/co3192274.html
jobs.51job.com/all/co4216913.html
jobs.51job.com/all/co3956370.html
jobs.51job.com/all/co4382867.html
jobs.51job.com/all/co2627462.html
jobs.51job.com/all/co534865.html
sfzhaopin.51job.com
jobs.51job.com/all/co2546108.html
jobs.51job.com/all/co2260600.html
jobs.51job.com/all/co4934167.html
jobs.51job.com/all/co212165.html
jobs.51job.com/all/co4457848.html
jobs.51job.com/all/co264118.html
jobs.51job.com/all/co169192.html
jobs.51job.com/all/co3516698.html
jobs.51job.com/all/co2950439.html
jobs.51job.com/all/co3461459.html
jobs.51job.com/all/co4930616.html
jobs.51job.com/all/co2592345.html
jobs.51job.com/all/co4142319.html
jobs.51job.com/all/co2540442.html
jobs.51job.com/all/co4610433.html
jobs.51job.com/all/co4856519.html
jobs.51job.com/all/co139663.html
jobs.51job.com/all/co221969.html
jobs.51job.com/all/co3998513.html
jobs.51job.com/all/co2582972.html
jobs.51job.com/all/co3818179.html
jobs.51job.com/all/co4376136.html
jobs.51job.com/all/co3374649.html
jobs.51job.com/all/co3804692.html
jobs.51job.com/all/co2969159.html
jobs.51job.com/all/co4355550.html
jobs.51job.com/all/co2292546.html
jobs.51job.com/all/co3063984.html
jobs.51job.com/all/co2600995.html
jobs.51job.com/all/co3416913.html
jobs.51job.com/all/co4372947.html
jobs.51job.com/all/co503329.html
jobs.51job.com/all/co3550150.html
jobs.51job.com/all/co3538377.html
jobs.51job.com/all/co3280912.html
jobs.51job.com/all/co2754617.html
jobs.51job.com/all/co4531766.html
jobs.51job.com/all/co4317341.html
jobs.51job.com/all/co4527101.html
jobs.51job.com/all/co857253.html
jobs.51job.com/all/co3886473.html
jobs.51job.com/all/co1882757.html
jobs.51job.com/all/co4271022.html
jobs.51job.com/all/co974156.html
jobs.51job.com/all/co3225720.html
jobs.51job.com/all/co3408447.html
jobs.51job.com/all/co2389499.html
jobs.51job.com/all/co4643781.html
jobs.51job.com/all/co4703247.html
jobs.51job.com/all/co4309546.html
jobs.51job.com/all/co2702854.html
jobs.51job.com/all/co2979660.html
jobs.51job.com/all/co3537608.html
jobs.51job.com/all/co4499031.html
jobs.51job.com/all/co4658179.html
jobs.51job.com/all/co2997897.html
jobs.51job.com/all/co3001014.html
jobs.51job.com/all/co4651009.html
jobs.51job.com/all/co2631447.html
jobs.51job.com/all/co4681714.html
jobs.51job.com/all/co4423174.html
jobs.51job.com/all/co3557361.html
jobs.51job.com/all/co4733981.html
jobs.51job.com/all/co4905435.html
jobs.51job.com/all/co6665.html
jobs.51job.com/all/co136105.html
jobs.51job.com/all/co4442739.html
jobs.51job.com/all/co4836748.html
jobs.51job.com/all/co3669287.html
jobs.51job.com/all/co2220020.html
jobs.51job.com/all/co3851502.html
jobs.51job.com/all/co3955403.html
jobs.51job.com/all/co1200254.html
jobs.51job.com/all/co4894012.html
jobs.51job.com/all/co4453005.html
jobs.51job.com/all/co2650622.html
jobs.51job.com/all/co4810866.html
jobs.51job.com/all/co4443660.html
jobs.51job.com/all/co1573272.html
jobs.51job.com/all/co1500441.html
jobs.51job.com/all/co1224303.html
jobs.51job.com/all/co3262369.html
jobs.51job.com/all/co3510815.html
jobs.51job.com/all/co2807084.html
jobs.51job.com/all/co3252567.html
jobs.51job.com/all/co2230367.html
jobs.51job.com/all/co4495000.html
jobs.51job.com/all/co4868353.html
jobs.51job.com/all/co2521683.html
jobs.51job.com/all/co2742977.html
jobs.51job.com/all/co4573794.html
jobs.51job.com/all/co1784387.html
jobs.51job.com/all/co4869285.html
jobs.51job.com/all/co4304622.html
jobs.51job.com/all/co4236292.html
jobs.51job.com/all/co2965706.html
sfzhaopin.51job.com
jobs.51job.com/all/co3041728.html
jobs.51job.com/all/co2609337.html
jobs.51job.com/all/co3675002.html
jobs.51job.com/all/co3799186.html
jobs.51job.com/all/co3699822.html
jobs.51job.com/all/co4116173.html
jobs.51job.com/all/co3421416.html
jobs.51job.com/all/co3957510.html
jobs.51job.com/all/co2272533.html
jobs.51job.com/all/co2723908.html
jobs.51job.com/all/co4645476.html
jobs.51job.com/all/co3820792.html
jobs.51job.com/all/co2287479.html
jobs.51job.com/all/co4779642.html
jobs.51job.com/all/co3059729.html
jobs.51job.com/all/co4743793.html
jobs.51job.com/all/co3959289.html
jobs.51job.com/all/co541301.html
jobs.51job.com/all/co2820356.html
jobs.51job.com/all/co1490822.html
jobs.51job.com/all/co4252096.html
jobs.51job.com/all/co4231201.html
jobs.51job.com/all/co3229561.html
jobs.51job.com/all/co4866965.html
jobs.51job.com/all/co4774977.html
jobs.51job.com/all/co2995636.html
jobs.51job.com/all/co4237589.html
jobs.51job.com/all/co4249217.html
jobs.51job.com/all/co197378.html
jobs.51job.com/all/co2915962.html
jobs.51job.com/all/co4770657.html
jobs.51job.com/all/co3450113.html
jobs.51job.com/all/co3207046.html
jobs.51job.com/all/co3754021.html
jobs.51job.com/all/co4193243.html
jobs.51job.com/all/co2467946.html
jobs.51job.com/all/co3060307.html
jobs.51job.com/all/co112555.html
jobs.51job.com/all/co3053217.html
jobs.51job.com/all/co3357432.html
jobs.51job.com/all/co2076183.html
jobs.51job.com/all/co3801875.html
jobs.51job.com/all/co108920.html
jobs.51job.com/all/co4519378.html
jobs.51job.com/all/co3826753.html
jobs.51job.com/all/co2329659.html
jobs.51job.com/all/co2918086.html
jobs.51job.com/all/co4877464.html
jobs.51job.com/all/co4712693.html
jobs.51job.com/all/co113951.html
jobs.51job.com/all/co4947185.html
jobs.51job.com/all/co4901572.html
jobs.51job.com/all/co4939298.html
jobs.51job.com/all/co4254458.html
jobs.51job.com/all/co3371384.html
jobs.51job.com/all/co3378347.html
jobs.51job.com/all/co3007687.html
jobs.51job.com/all/co4378007.html
jobs.51job.com/all/co4295413.html
jobs.51job.com/all/co2499266.html
jobs.51job.com/all/co307146.html
jobs.51job.com/all/co1116280.html
jobs.51job.com/all/co1686854.html
jobs.51job.com/all/co3647121.html
jobs.51job.com/all/co4948452.html
jobs.51job.com/all/co3968641.html
jobs.51job.com/all/co3968641.html
jobs.51job.com/all/co3293379.html
jobs.51job.com/all/co3293379.html
jobs.51job.com/all/co301840.html
jobs.51job.com/all/co304716.html
jobs.51job.com/all/co2557097.html
jobs.51job.com/all/co4053118.html
jobs.51job.com/all/co3215170.html
jobs.51job.com/all/co3218722.html
jobs.51job.com/all/co2840299.html
jobs.51job.com/all/co2840299.html
jobs.51job.com/all/co4917481.html
jobs.51job.com/all/co2986204.html
jobs.51job.com/all/co3224312.html
jobs.51job.com/all/co3224312.html
jobs.51job.com/all/co304716.html
jobs.51job.com/all/co4862398.html
jobs.51job.com/all/co3829587.html
jobs.51job.com/all/co171483.html
jobs.51job.com/all/co2748633.html
jobs.51job.com/all/co2656709.html
jobs.51job.com/all/co2845111.html
jobs.51job.com/all/co3397972.html
jobs.51job.com/all/co4795636.html
jobs.51job.com/all/co4795636.html
jobs.51job.com/all/co174858.html
jobs.51job.com/all/co2554037.html
jobs.51job.com/all/co4861431.html
jobs.51job.com/all/co3127770.html
jobs.51job.com/all/co4298887.html
jobs.51job.com/all/co2875505.html
jobs.51job.com/all/co2875505.html
jobs.51job.com/all/co2875505.html
jobs.51job.com/all/co2520.html
jobs.51job.com/all/co2520.html
jobs.51job.com/all/co124634.html
jobs.51job.com/all/co124634.html
jobs.51job.com/all/co2724390.html
jobs.51job.com/all/co2724390.html
jobs.51job.com/all/co4739711.html
jobs.51job.com/all/co4739711.html
jobs.51job.com/all/co3538744.html
jobs.51job.com/all/co2935563.html
jobs.51job.com/all/co3119711.html
jobs.51job.com/all/co2168850.html
jobs.51job.com/all/co2899104.html
jobs.51job.com/all/co3382770.html
jobs.51job.com/all/co3382770.html
jobs.51job.com/all/co2588292.html
jobs.51job.com/all/co2588292.html
jobs.51job.com/all/co123582.html
jobs.51job.com/all/co123582.html
jobs.51job.com/all/co4003347.html
jobs.51job.com/all/co2205819.html
jobs.51job.com/all/co3230004.html
jobs.51job.com/all/co2205819.html
jobs.51job.com/all/co4544978.html
jobs.51job.com/all/co4544978.html
jobs.51job.com/all/co2985795.html
jobs.51job.com/all/co2985795.html
jobs.51job.com/all/co2985795.html
jobs.51job.com/all/co4459816.html
jobs.51job.com/all/co316938.html
jobs.51job.com/all/co316938.html
jobs.51job.com/all/co316938.html
jobs.51job.com/all/co2944559.html
jobs.51job.com/all/co2944559.html
jobs.51job.com/all/co2944559.html
jobs.51job.com/all/co2944559.html
jobs.51job.com/all/co2944559.html
jobs.51job.com/all/co2944559.html
jobs.51job.com/all/co2944559.html
jobs.51job.com/all/co2944559.html
jobs.51job.com/all/co2944559.html
jobs.51job.com/all/co2944559.html
jobs.51job.com/all/co2944559.html
jobs.51job.com/all/co2944559.html
jobs.51job.com/all/co2944559.html
jobs.51job.com/all/co2365697.html
jobs.51job.com/all/co2365697.html
jobs.51job.com/all/co2365697.html
jobs.51job.com/all/co2365697.html
jobs.51job.com/all/co2365697.html
jobs.51job.com/all/co2365697.html
jobs.51job.com/all/co2365697.html
jobs.51job.com/all/co2403337.html
jobs.51job.com/all/co4094014.html
jobs.51job.com/all/co3026246.html
jobs.51job.com/all/co3026246.html
jobs.51job.com/all/co4528570.html
jobs.51job.com/all/co571346.html
jobs.51job.com/all/co3628057.html
jobs.51job.com/all/co3628057.html
jobs.51job.com/all/co571346.html
jobs.51job.com/all/co571346.html
jobs.51job.com/all/co571346.html
jobs.51job.com/all/co3362053.html
jobs.51job.com/all/co3109541.html
jobs.51job.com/all/co4583279.html
jobs.51job.com/all/co3109541.html
jobs.51job.com/all/co3109541.html
jobs.51job.com/all/co111069.html
jobs.51job.com/all/co711441.html
jobs.51job.com/all/co711441.html
jobs.51job.com/all/co554707.html
jobs.51job.com/all/co554707.html
jobs.51job.com/all/co554707.html
jobs.51job.com/all/co3188231.html
jobs.51job.com/all/co3907.html
cofco.51job.com/cm4.php
jobs.51job.com/all/co143367.html
jobs.51job.com/all/co143367.html
jobs.51job.com/all/co2591957.html
jobs.51job.com/all/co4522191.html
jobs.51job.com/all/co4522191.html
jobs.51job.com/all/co4826129.html
jobs.51job.com/all/co4826129.html
jobs.51job.com/all/co4826129.html
jobs.51job.com/all/co4826129.html
jobs.51job.com/all/co4826129.html
jobs.51job.com/all/co4826129.html
jobs.51job.com/all/co3355286.html
jobs.51job.com/all/co2711689.html
jobs.51job.com/all/co2483720.html
jobs.51job.com/all/co4348497.html
jobs.51job.com/all/co4348497.html
jobs.51job.com/all/co3355475.html
jobs.51job.com/all/co2108690.html
jobs.51job.com/all/co2900938.html
jobs.51job.com/all/co1750274.html
jobs.51job.com/all/co2612599.html
jobs.51job.com/all/co2612599.html
jobs.51job.com/all/co2612599.html
jobs.51job.com/all/co4917458.html
jobs.51job.com/all/co4917458.html
jobs.51job.com/all/co3095940.html
jobs.51job.com/all/co3095940.html
jobs.51job.com/all/co3883571.html
jobs.51job.com/all/co3883571.html
jobs.51job.com/all/co3883571.html
jobs.51job.com/all/co3883571.html
jobs.51job.com/all/co3883571.html
jobs.51job.com/all/co3883571.html
jobs.51job.com/all/co3883571.html
jobs.51job.com/all/co3883571.html
jobs.51job.com/all/co4091189.html
jobs.51job.com/all/co2501683.html
jobs.51job.com/all/co4768152.html
jobs.51job.com/all/co2441392.html
jobs.51job.com/all/co2688941.html
jobs.51job.com/all/co2270182.html
jobs.51job.com/all/co1297903.html
jobs.51job.com/all/co178295.html
jobs.51job.com/all/co3447279.html
jobs.51job.com/all/co4206550.html
jobs.51job.com/all/co1484543.html
jobs.51job.com/all/co2798984.html
jobs.51job.com/all/co3122302.html
jobs.51job.com/all/co4396241.html
jobs.51job.com/all/co4396241.html
jobs.51job.com/all/co4396241.html
jobs.51job.com/all/co3370807.html
jobs.51job.com/all/co3370807.html
jobs.51job.com/all/co2723935.html
jobs.51job.com/all/co2723935.html
jobs.51job.com/all/co2077528.html
jobs.51job.com/all/co4913998.html
jobs.51job.com/all/co3258225.html
jobs.51job.com/all/co3258225.html
jobs.51job.com/all/co2591957.html
jobs.51job.com/all/co2591957.html
jobs.51job.com/all/co115105.html
jobs.51job.com/all/co115105.html
jobs.51job.com/all/co115105.html
jobs.51job.com/all/co4423679.html
jobs.51job.com/all/co4862398.html
jobs.51job.com/all/co4862398.html
jobs.51job.com/all/co3785340.html
jobs.51job.com/all/co10626.html
jobs.51job.com/all/co3472565.html
jobs.51job.com/all/co4849972.html
jobs.51job.com/all/co2052256.html
jobs.51job.com/all/co2052256.html
jobs.51job.com/all/co2052256.html
jobs.51job.com/all/co2052256.html
jobs.51job.com/all/co2052256.html
jobs.51job.com/all/co2052256.html
jobs.51job.com/all/co2052256.html
jobs.51job.com/all/co3141968.html
jobs.51job.com/all/co3141968.html
jobs.51job.com/all/co157019.html
jobs.51job.com/all/co2749212.html
jobs.51job.com/all/co4785747.html
jobs.51job.com/all/co711462.html
jobs.51job.com/all/co711462.html
jobs.51job.com/all/co711462.html
jobs.51job.com/all/co3305861.html
jobs.51job.com/all/co3230529.html
jobs.51job.com/all/co3230529.html
jobs.51job.com/all/co4850196.html
jobs.51job.com/all/co3451245.html
jobs.51job.com/all/co2321601.html
jobs.51job.com/all/co4244065.html
jobs.51job.com/all/co4244065.html
jobs.51job.com/all/co2539500.html
jobs.51job.com/all/co3231288.html
jobs.51job.com/all/co3227151.html
jobs.51job.com/all/co3963929.html
jobs.51job.com/all/co4833210.html
jobs.51job.com/all/co269823.html
jobs.51job.com/all/co269823.html
jobs.51job.com/all/co269823.html
jobs.51job.com/all/co269823.html
jobs.51job.com/all/co2534479.html
jobs.51job.com/all/co4076488.html
jobs.51job.com/all/co4076488.html
jobs.51job.com/all/co3831176.html
jobs.51job.com/all/co3831176.html
jobs.51job.com/all/co3831176.html
jobs.51job.com/all/co3831176.html
jobs.51job.com/all/co4731564.html
jobs.51job.com/all/co237917.html
jobs.51job.com/all/co237917.html
jobs.51job.com/all/co3891906.html
jobs.51job.com/all/co3891906.html
jobs.51job.com/all/co4645973.html
jobs.51job.com/all/co2079849.html
jobs.51job.com/all/co323811.html
jobs.51job.com/all/co323811.html
jobs.51job.com/all/co2537612.html
jobs.51job.com/all/co2537612.html
jobs.51job.com/all/co2537612.html
jobs.51job.com/all/co2493785.html
jobs.51job.com/all/co2537612.html
jobs.51job.com/all/co4342418.html
jobs.51job.com/all/co4929752.html
jobs.51job.com/all/co2365297.html
jobs.51job.com/all/co849611.html
jobs.51job.com/all/co849611.html
jobs.51job.com/all/co3883571.html
jobs.51job.com/all/co1101470.html
jobs.51job.com/all/co1101470.html
jobs.51job.com/all/co591903.html
jobs.51job.com/all/co2883658.html
jobs.51job.com/all/co2008948.html
jobs.51job.com/all/co2008948.html
jobs.51job.com/all/co2008948.html
jobs.51job.com/all/co1342802.html
jobs.51job.com/all/co3664702.html
jobs.51job.com/all/co4558183.html
jobs.51job.com/all/co2493785.html
jobs.51job.com/all/co3397246.html
jobs.51job.com/all/co3397246.html
jobs.51job.com/all/co194705.html
jobs.51job.com/all/co4459872.html
jobs.51job.com/all/co3552554.html
jobs.51job.com/all/co4869460.html
jobs.51job.com/all/co4898134.html
jobs.51job.com/all/co4374873.html
jobs.51job.com/all/co4596734.html
jobs.51job.com/all/co3883809.html
jobs.51job.com/all/co3883809.html
jobs.51job.com/all/co2793376.html
jobs.51job.com/all/co347040.html
jobs.51job.com/all/co534912.html
jobs.51job.com/all/co534912.html
jobs.51job.com/all/co4459872.html
jobs.51job.com/all/co4459872.html
jobs.51job.com/all/co4768152.html
jobs.51job.com/all/co139280.html
jobs.51job.com/all/co139280.html
jobs.51job.com/all/co139280.html
jobs.51job.com/all/co4602410.html
jobs.51job.com/all/co140599.html
jobs.51job.com/all/co140599.html
jobs.51job.com/all/co4551480.html
jobs.51job.com/all/co3977721.html
jobs.51job.com/all/co4329936.html
jobs.51job.com/all/co2156152.html
jobs.51job.com/all/co2156152.html
jobs.51job.com/all/co2404321.html
jobs.51job.com/all/co4558183.html
jobs.51job.com/all/co2467256.html
jobs.51job.com/all/co2936294.html
jobs.51job.com/all/co291930.html
jobs.51job.com/all/co4703666.html
jobs.51job.com/all/co3955452.html
jobs.51job.com/all/co3955452.html
jobs.51job.com/all/co3955452.html
jobs.51job.com/all/co3955452.html
jobs.51job.com/all/co3955452.html
jobs.51job.com/all/co3862534.html
jobs.51job.com/all/co2560880.html
jobs.51job.com/all/co4404406.html
jobs.51job.com/all/co4683064.html
jobs.51job.com/all/co3990444.html
jobs.51job.com/all/co3867998.html
jobs.51job.com/all/co2776510.html
jobs.51job.com/all/co4383622.html
jobs.51job.com/all/co1444287.html
jobs.51job.com/all/co1444287.html
jobs.51job.com/all/co4116199.html
jobs.51job.com/all/co2348735.html
jobs.51job.com/all/co4298183.html
jobs.51job.com/all/co4298183.html
jobs.51job.com/all/co4298183.html
jobs.51job.com/all/co4298183.html
jobs.51job.com/all/co4298183.html
jobs.51job.com/all/co4298183.html
jobs.51job.com/all/co2704771.html
jobs.51job.com/all/co4850106.html
jobs.51job.com/all/co4850106.html
jobs.51job.com/all/co4850106.html
jobs.51job.com/all/co3543686.html
jobs.51job.com/all/co4862398.html
jobs.51job.com/all/co2840299.html
jobs.51job.com/all/co2840299.html
jobs.51job.com/all/co3229040.html
jobs.51job.com/all/co2489562.html
jobs.51job.com/all/co2937367.html
jobs.51job.com/all/co2937367.html
jobs.51job.com/all/co2937367.html
jobs.51job.com/all/co4219290.html
jobs.51job.com/all/co3209956.html
jobs.51job.com/all/co3209956.html
jobs.51job.com/all/co3209956.html
jobs.51job.com/all/co3209956.html
jobs.51job.com/all/co135210.html
jobs.51job.com/all/co135210.html
jobs.51job.com/all/co2684782.html
jobs.51job.com/all/co2684782.html
jobs.51job.com/all/co2684782.html
jobs.51job.com/all/co135210.html
jobs.51job.com/all/co135210.html
jobs.51job.com/all/co4948452.html
jobs.51job.com/all/co2618346.html
jobs.51job.com/all/co2618346.html
jobs.51job.com/all/co2618346.html
jobs.51job.com/all/co2618346.html
jobs.51job.com/all/co2618346.html
jobs.51job.com/all/co2618346.html
jobs.51job.com/all/co2618346.html
jobs.51job.com/all/co2618346.html
jobs.51job.com/all/co2618346.html
jobs.51job.com/all/co2618346.html
jobs.51job.com/all/co2618346.html
jobs.51job.com/all/co2618346.html
jobs.51job.com/all/co4394328.html
jobs.51job.com/all/co3968641.html
jobs.51job.com/all/co3968641.html
jobs.51job.com/all/co2060657.html
jobs.51job.com/all/co3410959.html
jobs.51job.com/all/co3230004.html
jobs.51job.com/all/co4701026.html
jobs.51job.com/all/co4017561.html
jobs.51job.com/all/co4948452.html
jobs.51job.com/all/co4588718.html
jobs.51job.com/all/co4503036.html
jobs.51job.com/all/co4503036.html
jobs.51job.com/all/co4503036.html
jobs.51job.com/all/co4503036.html
jobs.51job.com/all/co4503036.html
jobs.51job.com/all/co4503036.html
jobs.51job.com/all/co2483720.html
jobs.51job.com/all/co2749212.html
jobs.51job.com/all/co4394328.html
jobs.51job.com/all/co2971386.html
jobs.51job.com/all/co4341224.html
jobs.51job.com/all/co3370807.html
jobs.51job.com/all/co2493785.html
jobs.51job.com/all/co4254981.html
jobs.51job.com/all/co2483720.html
jobs.51job.com/all/co2612599.html
jobs.51job.com/all/co2445151.html
jobs.51job.com/all/co2445151.html
jobs.51job.com/all/co3293379.html
jobs.51job.com/all/co301840.html
jobs.51job.com/all/co301840.html
jobs.51job.com/all/co3955452.html
jobs.51job.com/all/co3955452.html
jobs.51job.com/all/co3320898.html
jobs.51job.com/all/co2690219.html
jobs.51job.com/all/co4953814.html
jobs.51job.com/all/co3275692.html
jobs.51job.com/all/co2937240.html
jobs.51job.com/all/co2102421.html
jobs.51job.com/all/co2651411.html
jobs.51job.com/all/co388077.html
jobs.51job.com/all/co388077.html
jobs.51job.com/all/co3916196.html
jobs.51job.com/all/co2414182.html
jobs.51job.com/all/co2414182.html
jobs.51job.com/all/co339845.html
jobs.51job.com/all/co4828971.html
jobs.51job.com/all/co2557097.html
jobs.51job.com/all/co4415916.html
jobs.51job.com/all/co3082752.html
jobs.51job.com/all/co4038407.html
jobs.51job.com/all/co4053118.html
jobs.51job.com/all/co4053118.html
jobs.51job.com/all/co4459935.html
jobs.51job.com/all/co4828971.html
jobs.51job.com/all/co4053118.html
jobs.51job.com/all/co3215170.html
jobs.51job.com/all/co3215170.html
jobs.51job.com/all/co3215170.html
jobs.51job.com/all/co3215170.html
jobs.51job.com/all/co3215170.html
jobs.51job.com/all/co4403536.html
jobs.51job.com/all/co4341224.html
jobs.51job.com/all/co3633680.html
jobs.51job.com/all/co2840299.html
jobs.51job.com/all/co2200851.html
jobs.51job.com/all/co2200851.html
jobs.51job.com/all/co2200851.html
jobs.51job.com/all/co2200851.html
jobs.51job.com/all/co2200851.html
jobs.51job.com/all/co4012724.html
jobs.51job.com/all/co4012724.html
jobs.51job.com/all/co3730620.html
jobs.51job.com/all/co4796759.html
jobs.51job.com/all/co4796759.html
jobs.51job.com/all/co4246357.html
jobs.51job.com/all/co4203679.html
jobs.51job.com/all/co4203679.html
jobs.51job.com/all/co4203679.html
jobs.51job.com/all/co3793595.html
jobs.51job.com/all/co2032689.html
jobs.51job.com/all/co3005100.html
jobs.51job.com/all/co2817596.html
jobs.51job.com/all/co4532946.html
jobs.51job.com/all/co4604414.html
jobs.51job.com/all/co4865861.html
jobs.51job.com/all/co194705.html
jobs.51job.com/all/co2957136.html
jobs.51job.com/all/co2957136.html
jobs.51job.com/all/co2957136.html
jobs.51job.com/all/co2575855.html
jobs.51job.com/all/co2575855.html
jobs.51job.com/all/co4589637.html
jobs.51job.com/all/co2950639.html
jobs.51job.com/all/co2073504.html
jobs.51job.com/all/co2073504.html
jobs.51job.com/all/co2563515.html
jobs.51job.com/all/co4862398.html
jobs.51job.com/all/co4862398.html
jobs.51job.com/all/co2572251.html
jobs.51job.com/all/co2572251.html
jobs.51job.com/all/co4226288.html
jobs.51job.com/all/co4226288.html
jobs.51job.com/all/co4523536.html
jobs.51job.com/all/co2864281.html
jobs.51job.com/all/co3553816.html
jobs.51job.com/all/co2430706.html
jobs.51job.com/all/co2673443.html
jobs.51job.com/all/co4469006.html
jobs.51job.com/all/co4495755.html
jobs.51job.com/all/co3929902.html
jobs.51job.com/all/co3929902.html
jobs.51job.com/all/co3929902.html
jobs.51job.com/all/co3929902.html
jobs.51job.com/all/co2532534.html
jobs.51job.com/all/co2532534.html
jobs.51job.com/all/co2532534.html
jobs.51job.com/all/co2532534.html
jobs.51job.com/all/co4243878.html
jobs.51job.com/all/co2748633.html
jobs.51job.com/all/co4118163.html
jobs.51job.com/all/co3139854.html
jobs.51job.com/all/co3973627.html
jobs.51job.com/all/co2925630.html
jobs.51job.com/all/co2656709.html
jobs.51job.com/all/co2656709.html
jobs.51job.com/all/co2656709.html
jobs.51job.com/all/co2656709.html
jobs.51job.com/all/co193864.html
jobs.51job.com/all/co2845111.html
jobs.51job.com/all/co2845111.html
jobs.51job.com/all/co2845111.html
jobs.51job.com/all/co2845111.html
jobs.51job.com/all/co4763694.html
jobs.51job.com/all/co4127734.html
jobs.51job.com/all/co3495300.html
jobs.51job.com/all/co11978.html
jobs.51job.com/all/co3614160.html
jobs.51job.com/all/co4795636.html
jobs.51job.com/all/co4795636.html
jobs.51job.com/all/co174858.html
jobs.51job.com/all/co174858.html
jobs.51job.com/all/co174858.html
jobs.51job.com/all/co2621190.html
jobs.51job.com/all/co2621190.html
jobs.51job.com/all/co2554037.html
jobs.51job.com/all/co3051841.html
jobs.51job.com/all/co3399019.html
jobs.51job.com/all/co3399019.html
jobs.51job.com/all/co1067235.html
jobs.51job.com/all/co1067235.html
jobs.51job.com/all/co1067235.html
jobs.51job.com/all/co3697842.html
jobs.51job.com/all/co587703.html
jobs.51job.com/all/co587703.html
jobs.51job.com/all/co3239459.html
jobs.51job.com/all/co4161672.html
jobs.51job.com/all/co3127770.html
jobs.51job.com/all/co4383453.html
jobs.51job.com/all/co4383453.html
jobs.51job.com/all/co4383453.html
jobs.51job.com/all/co4383453.html
jobs.51job.com/all/co2060657.html
jobs.51job.com/all/co2060657.html
jobs.51job.com/all/co3676120.html
jobs.51job.com/all/co3676120.html
jobs.51job.com/all/co3275692.html
jobs.51job.com/all/co4178194.html
jobs.51job.com/all/co2712041.html
jobs.51job.com/all/co2712041.html
jobs.51job.com/all/co974170.html
jobs.51job.com/all/co974170.html
jobs.51job.com/all/co4587589.html
jobs.51job.com/all/co341498.html
jobs.51job.com/all/co2853820.html
jobs.51job.com/all/co2853820.html
jobs.51job.com/all/co2853820.html
jobs.51job.com/all/co2853820.html
jobs.51job.com/all/co2853820.html
jobs.51job.com/all/co2853820.html
jobs.51job.com/all/co2853820.html
jobs.51job.com/all/co4313663.html
jobs.51job.com/all/co4313663.html
jobs.51job.com/all/co4313663.html
jobs.51job.com/all/co4161672.html
jobs.51job.com/all/co2875505.html
jobs.51job.com/all/co2875505.html
jobs.51job.com/all/co2875505.html
jobs.51job.com/all/co5348.html
jobs.51job.com/all/co5348.html
jobs.51job.com/all/co2520.html
jobs.51job.com/all/co2520.html
jobs.51job.com/all/co2520.html
jobs.51job.com/all/co4125540.html
jobs.51job.com/all/co124634.html
jobs.51job.com/all/co2520.html
jobs.51job.com/all/co1260751.html
jobs.51job.com/all/co371074.html
jobs.51job.com/all/co2937240.html
jobs.51job.com/all/co2937240.html
jobs.51job.com/all/co2937240.html
jobs.51job.com/all/co2937240.html
jobs.51job.com/all/co2937240.html
jobs.51job.com/all/co2937240.html
jobs.51job.com/all/co2937240.html
jobs.51job.com/all/co2937240.html
jobs.51job.com/all/co4343051.html
jobs.51job.com/all/co4343051.html
jobs.51job.com/all/co4343051.html
jobs.51job.com/all/co4710375.html
jobs.51job.com/all/co4710375.html
jobs.51job.com/all/co1670313.html
jobs.51job.com/all/co4710375.html
jobs.51job.com/all/co4710375.html
jobs.51job.com/all/co4128385.html
jobs.51job.com/all/co4128385.html
jobs.51job.com/all/co3218171.html
jobs.51job.com/all/co3218171.html
jobs.51job.com/all/co3218171.html
jobs.51job.com/all/co3218171.html
jobs.51job.com/all/co3218171.html
jobs.51job.com/all/co2074311.html
jobs.51job.com/all/co2074311.html
jobs.51job.com/all/co2074311.html
jobs.51job.com/all/co2074311.html
jobs.51job.com/all/co2074311.html
jobs.51job.com/all/co2385215.html
jobs.51job.com/all/co2385215.html
jobs.51job.com/all/co2385215.html
jobs.51job.com/all/co4739711.html
jobs.51job.com/all/co4739711.html
jobs.51job.com/all/co4739711.html
jobs.51job.com/all/co4277370.html
jobs.51job.com/all/co3222007.html
jobs.51job.com/all/co2755493.html
jobs.51job.com/all/co4118475.html
jobs.51job.com/all/co4208567.html
jobs.51job.com/all/co3443435.html
jobs.51job.com/all/co2341414.html
jobs.51job.com/all/co2341414.html
jobs.51job.com/all/co2711332.html
jobs.51job.com/all/co3119711.html
jobs.51job.com/all/co3119711.html
jobs.51job.com/all/co4090120.html
jobs.51job.com/all/co4090120.html
jobs.51job.com/all/co4090120.html
jobs.51job.com/all/co4836091.html
jobs.51job.com/all/co4836091.html
jobs.51job.com/all/co3320180.html
jobs.51job.com/all/co3320180.html
jobs.51job.com/all/co3320180.html
jobs.51job.com/all/co3382770.html
jobs.51job.com/all/co4872386.html
jobs.51job.com/all/co4872386.html
jobs.51job.com/all/co2773252.html
jobs.51job.com/all/co4872386.html
jobs.51job.com/all/co4872386.html
jobs.51job.com/all/co4872386.html
jobs.51job.com/all/co4654451.html
jobs.51job.com/all/co4003347.html
jobs.51job.com/all/co3467212.html
jobs.51job.com/all/co3877322.html
jobs.51job.com/all/co3552951.html
jobs.51job.com/all/co2205819.html
jobs.51job.com/all/co2205819.html
jobs.51job.com/all/co3230004.html
jobs.51job.com/all/co2205819.html
jobs.51job.com/all/co2205819.html
jobs.51job.com/all/co4701026.html
jobs.51job.com/all/co3054953.html
jobs.51job.com/all/co3831333.html
jobs.51job.com/all/co3831333.html
jobs.51job.com/all/co3779807.html
jobs.51job.com/all/co3779807.html
jobs.51job.com/all/co2659746.html
jobs.51job.com/all/co2985795.html
jobs.51job.com/all/co2985795.html
jobs.51job.com/all/co2985795.html
jobs.51job.com/all/co2511658.html
jobs.51job.com/all/co2511658.html
jobs.51job.com/all/co4832962.html
jobs.51job.com/all/co3703946.html
jobs.51job.com/all/co4408885.html
jobs.51job.com/all/co2545717.html
jobs.51job.com/all/co2545717.html
jobs.51job.com/all/co4645706.html
jobs.51job.com/all/co4018708.html
jobs.51job.com/all/co2559552.html
jobs.51job.com/all/co2559552.html
jobs.51job.com/all/co2559552.html
jobs.51job.com/all/co2559552.html
jobs.51job.com/all/co2918036.html
jobs.51job.com/all/co2918036.html
jobs.51job.com/all/co2918036.html
jobs.51job.com/all/co2944559.html
jobs.51job.com/all/co2944559.html
jobs.51job.com/all/co2944559.html
jobs.51job.com/all/co3299752.html
jobs.51job.com/all/co2365697.html
jobs.51job.com/all/co4815673.html
jobs.51job.com/all/co2520.html
jobs.51job.com/all/co2520.html
jobs.51job.com/all/co2520.html
jobs.51job.com/all/co4024445.html
jobs.51job.com/all/co2365697.html
jobs.51job.com/all/co4801296.html
jobs.51job.com/all/co3352129.html
jobs.51job.com/all/co3153465.html
jobs.51job.com/all/co4298187.html
jobs.51job.com/all/co2403337.html
jobs.51job.com/all/co2403337.html
jobs.51job.com/all/co4931040.html
jobs.51job.com/all/co3215170.html
jobs.51job.com/all/co2991208.html
jobs.51job.com/all/co2991208.html
jobs.51job.com/all/co4133104.html
jobs.51job.com/all/co4510048.html
jobs.51job.com/all/co4094014.html
jobs.51job.com/all/co4094014.html
jobs.51job.com/all/co4510048.html
jobs.51job.com/all/co2255787.html
jobs.51job.com/all/co2255787.html
jobs.51job.com/all/co2255787.html
jobs.51job.com/all/co3026246.html
jobs.51job.com/all/co3552951.html
jobs.51job.com/all/co3242131.html
jobs.51job.com/all/co3242131.html
jobs.51job.com/all/co3242131.html
jobs.51job.com/all/co3242131.html
jobs.51job.com/all/co3242131.html
jobs.51job.com/all/co3242131.html
jobs.51job.com/all/co3242131.html
jobs.51job.com/all/co3242131.html
jobs.51job.com/all/co3242131.html
jobs.51job.com/all/co3242131.html
jobs.51job.com/all/co3242131.html
jobs.51job.com/all/co3242131.html
jobs.51job.com/all/co4528570.html
jobs.51job.com/all/co2301971.html
jobs.51job.com/all/co4073054.html
jobs.51job.com/all/co3628057.html
jobs.51job.com/all/co3635229.html
jobs.51job.com/all/co3507158.html
jobs.51job.com/all/co571346.html
jobs.51job.com/all/co3109541.html
jobs.51job.com/all/co4254560.html
jobs.51job.com/all/co571346.html
jobs.51job.com/all/co571346.html
jobs.51job.com/all/co4867568.html
jobs.51job.com/all/co4867568.html
jobs.51job.com/all/co4867568.html
jobs.51job.com/all/co4867568.html
jobs.51job.com/all/co571346.html
jobs.51job.com/all/co3109541.html
jobs.51job.com/all/co2936294.html
jobs.51job.com/all/co3109541.html
jobs.51job.com/all/co3362053.html
jobs.51job.com/all/co886750.html
jobs.51job.com/all/co886750.html
jobs.51job.com/all/co886750.html
jobs.51job.com/all/co2440648.html
jobs.51job.com/all/co1476819.html
jobs.51job.com/all/co4583279.html
jobs.51job.com/all/co4583279.html
jobs.51job.com/all/co4583279.html
jobs.51job.com/all/co4583279.html
jobs.51job.com/all/co4583279.html
jobs.51job.com/all/co4583279.html
jobs.51job.com/all/co4583279.html
jobs.51job.com/all/co4583279.html
jobs.51job.com/all/co4583279.html
jobs.51job.com/all/co111069.html
jobs.51job.com/all/co111069.html
jobs.51job.com/all/co111069.html
jobs.51job.com/all/co136824.html
jobs.51job.com/all/co136824.html
jobs.51job.com/all/co136824.html
jobs.51job.com/all/co136824.html
jobs.51job.com/all/co136824.html
jobs.51job.com/all/co3315210.html
jobs.51job.com/all/co3315210.html
jobs.51job.com/all/co4029119.html
jobs.51job.com/all/co4412355.html
jobs.51job.com/all/co238879.html
jobs.51job.com/all/co2069584.html
jobs.51job.com/all/co4522408.html
jobs.51job.com/all/co3036942.html
jobs.51job.com/all/co554707.html
jobs.51job.com/all/co554707.html
jobs.51job.com/all/co711441.html
jobs.51job.com/all/co711441.html
jobs.51job.com/all/co711441.html
jobs.51job.com/all/co711441.html
jobs.51job.com/all/co554707.html
jobs.51job.com/all/co554707.html
jobs.51job.com/all/co4864892.html
jobs.51job.com/all/co3907.html
jobs.51job.com/all/co2636799.html
jobs.51job.com/all/co3109541.html
jobs.51job.com/all/co3697572.html
jobs.51job.com/all/co3418685.html
jobs.51job.com/all/co3087039.html
jobs.51job.com/all/co4262935.html
jobs.51job.com/all/co4262935.html
jobs.51job.com/all/co3209130.html
jobs.51job.com/all/co3209130.html
jobs.51job.com/all/co4341224.html
jobs.51job.com/all/co1470757.html
jobs.51job.com/all/co3883809.html
jobs.51job.com/all/co3883809.html
jobs.51job.com/all/co3883809.html
jobs.51job.com/all/co4939792.html
jobs.51job.com/all/co3844893.html
jobs.51job.com/all/co3844893.html
jobs.51job.com/all/co143367.html
jobs.51job.com/all/co143367.html
jobs.51job.com/all/co143367.html
jobs.51job.com/all/co3797617.html
jobs.51job.com/all/co4773483.html
jobs.51job.com/all/co4522191.html
jobs.51job.com/all/co4522191.html
jobs.51job.com/all/co3844893.html
jobs.51job.com/all/co2692175.html
jobs.51job.com/all/co2692175.html
jobs.51job.com/all/co1670313.html
jobs.51job.com/all/co4462300.html
jobs.51job.com/all/co4462300.html
jobs.51job.com/all/co2709457.html
jobs.51job.com/all/co2709457.html
jobs.51job.com/all/co2709457.html
jobs.51job.com/all/co2709457.html
jobs.51job.com/all/co2709457.html
jobs.51job.com/all/co2709457.html
jobs.51job.com/all/co2709457.html
jobs.51job.com/all/co2683775.html
jobs.51job.com/all/co2683775.html
jobs.51job.com/all/co2683775.html
jobs.51job.com/all/co2683775.html
jobs.51job.com/all/co2683775.html
jobs.51job.com/all/co4521188.html
jobs.51job.com/all/co3355286.html
jobs.51job.com/all/co3355286.html
jobs.51job.com/all/co2937367.html
jobs.51job.com/all/co2937367.html
jobs.51job.com/all/co2821018.html
jobs.51job.com/all/co2821018.html
jobs.51job.com/all/co2821018.html
jobs.51job.com/all/co2821018.html
jobs.51job.com/all/co2354227.html
jobs.51job.com/all/co2354227.html
jobs.51job.com/all/co2354227.html
jobs.51job.com/all/co2354227.html
jobs.51job.com/all/co2354227.html
jobs.51job.com/all/co2354227.html
jobs.51job.com/all/co2354227.html
jobs.51job.com/all/co3552951.html
jobs.51job.com/all/co4554183.html
jobs.51job.com/all/co4554183.html
jobs.51job.com/all/co4915229.html
jobs.51job.com/all/co4726886.html
jobs.51job.com/all/co3741823.html
zjsj.51job.com/
zjsj.51job.com/
zjsj.51job.com/
zjsj.51job.com/
zjsj.51job.com/
zjsj.51job.com/
jobs.51job.com/all/co2711689.html
jobs.51job.com/all/co2483720.html
jobs.51job.com/all/co2821018.html
jobs.51job.com/all/co139280.html
jobs.51job.com/all/co4348497.html
jobs.51job.com/all/co4348497.html
jobs.51job.com/all/co4348497.html
jobs.51job.com/all/co2626416.html
jobs.51job.com/all/co2626416.html
jobs.51job.com/all/co2626416.html
jobs.51job.com/all/co2626416.html
jobs.51job.com/all/co3095940.html
jobs.51job.com/all/co3095940.html
jobs.51job.com/all/co4254560.html
jobs.51job.com/all/co2899580.html
jobs.51job.com/all/co2899580.html
jobs.51job.com/all/co2899580.html
jobs.51job.com/all/co4940165.html
jobs.51job.com/all/co4282379.html
jobs.51job.com/all/co277705.html
jobs.51job.com/all/co277705.html
jobs.51job.com/all/co277705.html
jobs.51job.com/all/co2563515.html
jobs.51job.com/all/co3355475.html
jobs.51job.com/all/co4349060.html
jobs.51job.com/all/co2108690.html
jobs.51job.com/all/co4378622.html
jobs.51job.com/all/co4378622.html
jobs.51job.com/all/co3111919.html
jobs.51job.com/all/co2618170.html
jobs.51job.com/all/co2900938.html
jobs.51job.com/all/co3305173.html
jobs.51job.com/all/co3305173.html
jobs.51job.com/all/co3305173.html
jobs.51job.com/all/co2908712.html
jobs.51job.com/all/co2908712.html
jobs.51job.com/all/co253648.html
jobs.51job.com/all/co253648.html
jobs.51job.com/all/co2950639.html
jobs.51job.com/all/co534912.html
jobs.51job.com/all/co534912.html
jobs.51job.com/all/co2971386.html
jobs.51job.com/all/co3848999.html
jobs.51job.com/all/co3848999.html
jobs.51job.com/all/co3367948.html
jobs.51job.com/all/co3367948.html
jobs.51job.com/all/co3367948.html
jobs.51job.com/all/co4709756.html
jobs.51job.com/all/co4361659.html
jobs.51job.com/all/co4361659.html
jobs.51job.com/all/co3095940.html
jobs.51job.com/all/co3095940.html
jobs.51job.com/all/co3095940.html
jobs.51job.com/all/co3095940.html
jobs.51job.com/all/co4865861.html
jobs.51job.com/all/co3883571.html
jobs.51job.com/all/co4122455.html
jobs.51job.com/all/co4122455.html
jobs.51job.com/all/co4091189.html
jobs.51job.com/all/co158612.html
jobs.51job.com/all/co4109342.html
jobs.51job.com/all/co4109342.html
jobs.51job.com/all/co3209956.html
jobs.51job.com/all/co3209956.html
jobs.51job.com/all/co3658454.html
jobs.51job.com/all/co186140.html
jobs.51job.com/all/co113643.html
jobs.51job.com/all/co113643.html
jobs.51job.com/all/co4667659.html
jobs.51job.com/all/co2026427.html
jobs.51job.com/all/co2026427.html
jobs.51job.com/all/co2441392.html
jobs.51job.com/all/co2688941.html
jobs.51job.com/all/co2971386.html
jobs.51job.com/all/co2205299.html
jobs.51job.com/all/co4701026.html
jobs.51job.com/all/co2650.html
jobs.51job.com/all/co3120317.html
jobs.51job.com/all/co3120317.html
jobs.51job.com/all/co3120317.html
jobs.51job.com/all/co3120317.html
jobs.51job.com/all/co3120317.html
jobs.51job.com/all/co4049653.html
jobs.51job.com/all/co4049653.html
jobs.51job.com/all/co4049653.html
jobs.51job.com/all/co4049653.html
jobs.51job.com/all/co4049653.html
jobs.51job.com/all/co4049653.html
jobs.51job.com/all/co2355424.html
jobs.51job.com/all/co4171685.html
jobs.51job.com/all/co1297903.html
jobs.51job.com/all/co2739212.html
jobs.51job.com/all/co4053211.html
jobs.51job.com/all/co4587589.html
jobs.51job.com/all/co3848999.html
jobs.51job.com/all/co3305058.html
jobs.51job.com/all/co4080415.html
jobs.51job.com/all/co3578821.html
jobs.51job.com/all/co3296296.html
jobs.51job.com/all/co3296296.html
jobs.51job.com/all/co2847122.html
jobs.51job.com/all/co2847122.html
jobs.51job.com/all/co2847122.html
jobs.51job.com/all/co3699948.html
jobs.51job.com/all/co4038407.html
jobs.51job.com/all/co3194812.html
jobs.51job.com/all/co3194812.html
jobs.51job.com/all/co3194812.html
jobs.51job.com/all/co304788.html
jobs.51job.com/all/co3447279.html
jobs.51job.com/all/co3447279.html
jobs.51job.com/all/co3447279.html
jobs.51job.com/all/co490278.html
jobs.51job.com/all/co4206550.html
jobs.51job.com/all/co2877983.html
jobs.51job.com/all/co3550776.html
jobs.51job.com/all/co3550776.html
jobs.51job.com/all/co3514743.html
jobs.51job.com/all/co3514743.html
jobs.51job.com/all/co4150628.html
jobs.51job.com/all/co4150628.html
jobs.51job.com/all/co4150628.html
jobs.51job.com/all/co158583.html
jobs.51job.com/all/co3229040.html
jobs.51job.com/all/co2341499.html
jobs.51job.com/all/co1484543.html
jobs.51job.com/all/co2798984.html
jobs.51job.com/all/co4396241.html
jobs.51job.com/all/co4396241.html
jobs.51job.com/all/co3370807.html
jobs.51job.com/all/co3370807.html
jobs.51job.com/all/co3370807.html
jobs.51job.com/all/co2873010.html
jobs.51job.com/all/co2873010.html
jobs.51job.com/all/co2971386.html
jobs.51job.com/all/co4721422.html
jobs.51job.com/all/co4721422.html
jobs.51job.com/all/co2591957.html
jobs.51job.com/all/co3698150.html
jobs.51job.com/all/co3698150.html
jobs.51job.com/all/co3698150.html
jobs.51job.com/all/co3698150.html
jobs.51job.com/all/co3698150.html
jobs.51job.com/all/co3698150.html
jobs.51job.com/all/co3972482.html
jobs.51job.com/all/co4604414.html
jobs.51job.com/all/co4929752.html
jobs.51job.com/all/co155702.html
jobs.51job.com/all/co155702.html
jobs.51job.com/all/co964818.html
jobs.51job.com/all/co2726713.html
jobs.51job.com/all/co2726713.html
jobs.51job.com/all/co1991673.html
jobs.51job.com/all/co3079574.html
jobs.51job.com/all/co3909305.html
jobs.51job.com/all/co3909305.html
jobs.51job.com/all/co3909305.html
jobs.51job.com/all/co2856626.html
jobs.51job.com/all/co2856626.html
jobs.51job.com/all/co2856626.html
jobs.51job.com/all/co4449264.html
jobs.51job.com/all/co4449264.html
jobs.51job.com/all/co4111325.html
jobs.51job.com/all/co115105.html
jobs.51job.com/all/co115105.html
jobs.51job.com/all/co4100932.html
jobs.51job.com/all/co2883393.html
jobs.51job.com/all/co1260751.html
jobs.51job.com/all/co1260751.html
jobs.51job.com/all/co1260751.html
jobs.51job.com/all/co3189477.html
jobs.51job.com/all/co4459935.html
jobs.51job.com/all/co4459935.html
jobs.51job.com/all/co4459935.html
jobs.51job.com/all/co3303588.html
jobs.51job.com/all/co3548569.html
jobs.51job.com/all/co3259650.html
jobs.51job.com/all/co2793376.html
jobs.51job.com/all/co2793376.html
jobs.51job.com/all/co4899019.html
jobs.51job.com/all/co3658083.html
jobs.51job.com/all/co2460458.html
jobs.51job.com/all/co2460458.html
jobs.51job.com/all/co3412679.html
jobs.51job.com/all/co4821283.html
jobs.51job.com/all/co3826233.html
jobs.51job.com/all/co3826233.html
jobs.51job.com/all/co3826233.html
jobs.51job.com/all/co3826233.html
jobs.51job.com/all/co3826233.html
jobs.51job.com/all/co4079076.html
jobs.51job.com/all/co4423679.html
jobs.51job.com/all/co154736.html
jobs.51job.com/all/co3236385.html
jobs.51job.com/all/co3236385.html
jobs.51job.com/all/co4799136.html
jobs.51job.com/all/co4799136.html
jobs.51job.com/all/co4684582.html
jobs.51job.com/all/co4359851.html
jobs.51job.com/all/co4359851.html
jobs.51job.com/all/co4571910.html
jobs.51job.com/all/co3785340.html
jobs.51job.com/all/co3785340.html
jobs.51job.com/all/co3785340.html
jobs.51job.com/all/co3785340.html
jobs.51job.com/all/co4058095.html
jobs.51job.com/all/co4058095.html
jobs.51job.com/all/co4393473.html
jobs.51job.com/all/co4165350.html
jobs.51job.com/all/co4165350.html
jobs.51job.com/all/co4590903.html
jobs.51job.com/all/co4849972.html
jobs.51job.com/all/co4849972.html
jobs.51job.com/all/co4849972.html
jobs.51job.com/all/co4924844.html
jobs.51job.com/all/co4924844.html
jobs.51job.com/all/co4066321.html
jobs.51job.com/all/co115695.html
jobs.51job.com/all/co2052256.html
jobs.51job.com/all/co2052256.html
jobs.51job.com/all/co2052256.html
jobs.51job.com/all/co3848999.html
jobs.51job.com/all/co178616.html
jobs.51job.com/all/co1101470.html
jobs.51job.com/all/co157019.html
jobs.51job.com/all/co1306409.html
jobs.51job.com/all/co4116199.html
jobs.51job.com/all/co4116199.html
jobs.51job.com/all/co4013862.html
jobs.51job.com/all/co4925620.html
jobs.51job.com/all/co4785747.html
jobs.51job.com/all/co4377127.html
jobs.51job.com/all/co3718893.html
jobs.51job.com/all/co4869460.html
jobs.51job.com/all/co1490886.html
jobs.51job.com/all/co1490886.html
jobs.51job.com/all/co1923298.html
jobs.51job.com/all/co4335222.html
jobs.51job.com/all/co4314593.html
jobs.51job.com/all/co3374019.html
jobs.51job.com/all/co3082752.html
jobs.51job.com/all/co3082752.html
jobs.51job.com/all/co2201553.html
jobs.51job.com/all/co10626.html
jobs.51job.com/all/co10626.html
jobs.51job.com/all/co2749212.html
jobs.51job.com/all/co4013862.html
jobs.51job.com/all/co304788.html
jobs.51job.com/all/co3917128.html
jobs.51job.com/all/co3916196.html
jobs.51job.com/all/co3305861.html
jobs.51job.com/all/co2141728.html
jobs.51job.com/all/co2141728.html
jobs.51job.com/all/co4150573.html
jobs.51job.com/all/co2317350.html
jobs.51job.com/all/co2736270.html
jobs.51job.com/all/co2736270.html
jobs.51job.com/all/co3231288.html
jobs.51job.com/all/co4746806.html
jobs.51job.com/all/co4850196.html
jobs.51job.com/all/co4850196.html
jobs.51job.com/all/co4925031.html
jobs.51job.com/all/co4895095.html
jobs.51job.com/all/co2832486.html
jobs.51job.com/all/co3800596.html
jobs.51job.com/all/co4551480.html
jobs.51job.com/all/co3142849.html
jobs.51job.com/all/co3142849.html
jobs.51job.com/all/co3142849.html
jobs.51job.com/all/co3142849.html
jobs.51job.com/all/co3142849.html
jobs.51job.com/all/co3142849.html
jobs.51job.com/all/co3917128.html
jobs.51job.com/all/co2321601.html
jobs.51job.com/all/co2321601.html
jobs.51job.com/all/co2321601.html
jobs.51job.com/all/co2321601.html
jobs.51job.com/all/co2321601.html
jobs.51job.com/all/co2609725.html
jobs.51job.com/all/co3450801.html
jobs.51job.com/all/co139280.html
jobs.51job.com/all/co4244065.html
jobs.51job.com/all/co4244065.html
jobs.51job.com/all/co4244065.html
jobs.51job.com/all/co4244065.html
jobs.51job.com/all/co1782264.html
jobs.51job.com/all/co1782264.html
jobs.51job.com/all/co1782264.html
jobs.51job.com/all/co2478534.html
jobs.51job.com/all/co2973882.html
jobs.51job.com/all/co4799136.html
jobs.51job.com/all/co4799136.html
jobs.51job.com/all/co2832486.html
jobs.51job.com/all/co2832486.html
jobs.51job.com/all/co4052065.html
jobs.51job.com/all/co4243376.html
jobs.51job.com/all/co4243376.html
jobs.51job.com/all/co4243376.html
jobs.51job.com/all/co102772.html
jobs.51job.com/all/co102772.html
jobs.51job.com/all/co4756598.html
jobs.51job.com/all/co4718057.html
jobs.51job.com/all/co4718057.html
jobs.51job.com/all/co4377127.html
jobs.51job.com/all/co4377127.html
jobs.51job.com/all/co4377127.html
jobs.51job.com/all/co4383622.html
jobs.51job.com/all/co4085209.html
jobs.51job.com/all/co4394328.html
jobs.51job.com/all/co2141728.html
jobs.51job.com/all/co2141728.html
jobs.51job.com/all/co2141728.html
jobs.51job.com/all/co269823.html
jobs.51job.com/all/co269823.html
jobs.51job.com/all/co269823.html
jobs.51job.com/all/co3192274.html
jobs.51job.com/all/co3956370.html
jobs.51job.com/all/co4731564.html
jobs.51job.com/all/co3891906.html
jobs.51job.com/all/co534865.html
jobs.51job.com/all/co4934167.html
jobs.51job.com/all/co212165.html
jobs.51job.com/all/co212165.html
jobs.51job.com/all/co212165.html
jobs.51job.com/all/co212165.html
jobs.51job.com/all/co212165.html
jobs.51job.com/all/co4469006.html
jobs.51job.com/all/co2079849.html
jobs.51job.com/all/co2079849.html
jobs.51job.com/all/co2079849.html
jobs.51job.com/all/co4862398.html
jobs.51job.com/all/co323811.html
jobs.51job.com/all/co1750274.html
jobs.51job.com/all/co4465184.html
jobs.51job.com/all/co4465184.html
jobs.51job.com/all/co4465184.html
jobs.51job.com/all/co4465184.html
jobs.51job.com/all/co3504997.html
jobs.51job.com/all/co2493785.html
jobs.51job.com/all/co4610433.html
jobs.51job.com/all/co4610433.html
jobs.51job.com/all/co221969.html
jobs.51job.com/all/co221969.html
jobs.51job.com/all/co135210.html
jobs.51job.com/all/co135210.html
jobs.51job.com/all/co135210.html
jobs.51job.com/all/co2582972.html
jobs.51job.com/all/co3447279.html
jobs.51job.com/all/co3447279.html
jobs.51job.com/all/co3447279.html
jobs.51job.com/all/co3447279.html
jobs.51job.com/all/co3447279.html
jobs.51job.com/all/co186140.html
jobs.51job.com/all/co4234100.html
jobs.51job.com/all/co3977721.html
jobs.51job.com/all/co4234100.html
jobs.51job.com/all/co3804692.html
jobs.51job.com/all/co1306409.html
jobs.51job.com/all/co2766220.html
jobs.51job.com/all/co4768152.html
jobs.51job.com/all/co4558183.html
jobs.51job.com/all/co3009992.html
jobs.51job.com/all/co2600995.html
jobs.51job.com/all/co2008948.html
jobs.51job.com/all/co3287860.html
jobs.51job.com/all/co3447279.html
jobs.51job.com/all/co4372947.html
jobs.51job.com/all/co1101470.html
jobs.51job.com/all/co591903.html
jobs.51job.com/all/co2883658.html
jobs.51job.com/all/co4376136.html
jobs.51job.com/all/co2008948.html
jobs.51job.com/all/co2008948.html
jobs.51job.com/all/co3468610.html
jobs.51job.com/all/co2246080.html
jobs.51job.com/all/co3504997.html
jobs.51job.com/all/co3573079.html
jobs.51job.com/all/co3573079.html
jobs.51job.com/all/co3573079.html
jobs.51job.com/all/co3573079.html
jobs.51job.com/all/co3573079.html
jobs.51job.com/all/co3573079.html
jobs.51job.com/all/co4900064.html
jobs.51job.com/all/co4271022.html
jobs.51job.com/all/co4271022.html
jobs.51job.com/all/co4271022.html
jobs.51job.com/all/co4271022.html
jobs.51job.com/all/co3800596.html
jobs.51job.com/all/co3009992.html
jobs.51job.com/all/co974156.html
jobs.51job.com/all/co2246080.html
jobs.51job.com/all/co3408447.html
jobs.51job.com/all/co3408447.html
jobs.51job.com/all/co194705.html
jobs.51job.com/all/co3718896.html
jobs.51job.com/all/co3397246.html
jobs.51job.com/all/co194705.html
jobs.51job.com/all/co194705.html
jobs.51job.com/all/co194705.html
jobs.51job.com/all/co194705.html
jobs.51job.com/all/co291930.html
jobs.51job.com/all/co291930.html
jobs.51job.com/all/co4891685.html
jobs.51job.com/all/co4459872.html
jobs.51job.com/all/co4459872.html
jobs.51job.com/all/co4459872.html
jobs.51job.com/all/co4459872.html
jobs.51job.com/all/co4459872.html
jobs.51job.com/all/co3262942.html
jobs.51job.com/all/co571346.html
jobs.51job.com/all/co571346.html
jobs.51job.com/all/co571346.html
jobs.51job.com/all/co4908239.html
jobs.51job.com/all/co3552554.html
jobs.51job.com/all/co3552554.html
jobs.51job.com/all/co4869460.html
jobs.51job.com/all/co4869460.html
jobs.51job.com/all/co4457848.html
jobs.51job.com/all/co4499031.html
jobs.51job.com/all/co4499031.html
jobs.51job.com/all/co3035297.html
jobs.51job.com/all/co4859068.html
jobs.51job.com/all/co4782664.html
jobs.51job.com/all/co4456935.html
jobs.51job.com/all/co4313835.html
jobs.51job.com/all/co4313835.html
jobs.51job.com/all/co3963929.html
jobs.51job.com/all/co4596734.html
jobs.51job.com/all/co4596734.html
jobs.51job.com/all/co4596734.html
jobs.51job.com/all/co4596734.html
jobs.51job.com/all/co4596734.html
jobs.51job.com/all/co4862755.html
jobs.51job.com/all/co4862755.html
jobs.51job.com/all/co4862755.html
jobs.51job.com/all/co4651009.html
jobs.51job.com/all/co4651009.html
jobs.51job.com/all/co4651009.html
jobs.51job.com/all/co4681714.html
jobs.51job.com/all/co4681714.html
jobs.51job.com/all/co2631447.html
jobs.51job.com/all/co4342418.html
jobs.51job.com/all/co4028551.html
jobs.51job.com/all/co4683064.html
jobs.51job.com/all/co4683064.html
jobs.51job.com/all/co3883809.html
jobs.51job.com/all/co3883809.html
jobs.51job.com/all/co4905435.html
jobs.51job.com/all/co3883809.html
jobs.51job.com/all/co4908239.html
jobs.51job.com/all/co4442739.html
jobs.51job.com/all/co347040.html
jobs.51job.com/all/co2545717.html
jobs.51job.com/all/co3718896.html
jobs.51job.com/all/co534912.html
jobs.51job.com/all/co534912.html
jobs.51job.com/all/co4459872.html
jobs.51job.com/all/co4329936.html
jobs.51job.com/all/co3248802.html
jobs.51job.com/all/co139280.html
jobs.51job.com/all/co139280.html
jobs.51job.com/all/co139280.html
jobs.51job.com/all/co139280.html
jobs.51job.com/all/co139280.html
jobs.51job.com/all/co4850106.html
jobs.51job.com/all/co166552.html
jobs.51job.com/all/co140599.html
jobs.51job.com/all/co3896543.html
jobs.51job.com/all/co2766220.html
jobs.51job.com/all/co4596739.html
jobs.51job.com/all/co2220020.html
jobs.51job.com/all/co2220020.html
jobs.51job.com/all/co2220020.html
jobs.51job.com/all/co2220020.html
jobs.51job.com/all/co3955403.html
jobs.51job.com/all/co4342418.html
jobs.51job.com/all/co4894012.html
jobs.51job.com/all/co4790848.html
jobs.51job.com/all/co4527101.html
jobs.51job.com/all/co9861.html
jobs.51job.com/all/co2650622.html
jobs.51job.com/all/co2650622.html
jobs.51job.com/all/co2156152.html
jobs.51job.com/all/co2404321.html
jobs.51job.com/all/co2404321.html
jobs.51job.com/all/co4443660.html
jobs.51job.com/all/co4443660.html
jobs.51job.com/all/co4443660.html
jobs.51job.com/all/co3718896.html
jobs.51job.com/all/co4013862.html
jobs.51job.com/all/co3741823.html
jobs.51job.com/all/co2365697.html
jobs.51job.com/all/co4681714.html
jobs.51job.com/all/co2936294.html
jobs.51job.com/all/co291930.html
jobs.51job.com/all/co4571374.html
jobs.51job.com/all/co4571374.html
jobs.51job.com/all/co4571374.html
jobs.51job.com/all/co4571374.html
jobs.51job.com/all/co3510815.html
jobs.51job.com/all/co2704771.html
jobs.51job.com/all/co304788.html
jobs.51job.com/all/co4551480.html
jobs.51job.com/all/co973835.html
jobs.51job.com/all/co4803095.html
jobs.51job.com/all/co4803095.html
jobs.51job.com/all/co4573794.html
jobs.51job.com/all/co534912.html
jobs.51job.com/all/co534912.html
jobs.51job.com/all/co534912.html
jobs.51job.com/all/co534912.html
jobs.51job.com/all/co534912.html
jobs.51job.com/all/co534912.html
jobs.51job.com/all/co2423319.html
jobs.51job.com/all/co304788.html
jobs.51job.com/all/co304788.html
jobs.51job.com/all/co304788.html
jobs.51job.com/all/co4243376.html
jobs.51job.com/all/co4243376.html
jobs.51job.com/all/co2560880.html
jobs.51job.com/all/co2560880.html
jobs.51job.com/all/co3111170.html
jobs.51job.com/all/co2702531.html
jobs.51job.com/all/co2702531.html
jobs.51job.com/all/co2702531.html
jobs.51job.com/all/co3867998.html
jobs.51job.com/all/co3867998.html
jobs.51job.com/all/co3867998.html
jobs.51job.com/all/co857253.html
jobs.51job.com/all/co2950639.html
jobs.51job.com/all/co4383622.html
jobs.51job.com/all/co4383622.html
jobs.51job.com/all/co4383622.html
jobs.51job.com/all/co214630.html
jobs.51job.com/all/co214630.html
jobs.51job.com/all/co214630.html
jobs.51job.com/all/co1444287.html
jobs.51job.com/all/co221969.html
jobs.51job.com/all/co221969.html
jobs.51job.com/all/co221969.html
jobs.51job.com/all/co221969.html
jobs.51job.com/all/co221969.html
jobs.51job.com/all/co221969.html
jobs.51job.com/all/co221969.html
jobs.51job.com/all/co221969.html
jobs.51job.com/all/co221969.html
jobs.51job.com/all/co3804692.html
jobs.51job.com/all/co4395065.html
jobs.51job.com/all/co4116173.html
jobs.51job.com/all/co4116199.html
jobs.51job.com/all/co3718896.html
jobs.51job.com/all/co4282088.html
jobs.51job.com/all/co4298183.html
jobs.51job.com/all/co4298183.html
jobs.51job.com/all/co4298183.html
jobs.51job.com/all/co3741823.html
jobs.51job.com/all/co2704771.html
jobs.51job.com/all/co4830987.html
jobs.51job.com/all/co4830987.html
jobs.51job.com/all/co4267916.html
jobs.51job.com/all/co3353472.html
jobs.51job.com/all/co3059729.html
jobs.51job.com/all/co3059729.html
jobs.51job.com/all/co3059729.html
jobs.51job.com/all/co3059729.html
jobs.51job.com/all/co3059729.html
jobs.51job.com/all/co3059729.html
jobs.51job.com/all/co3059729.html
jobs.51job.com/all/co3059729.html
jobs.51job.com/all/co4743793.html
jobs.51job.com/all/co4743793.html
jobs.51job.com/all/co1991673.html
jobs.51job.com/all/co3959289.html
jobs.51job.com/all/co304788.html
jobs.51job.com/all/co2925209.html
jobs.51job.com/all/co4862398.html
jobs.51job.com/all/co4862398.html
jobs.51job.com/all/co2840299.html
jobs.51job.com/all/co4252096.html
jobs.51job.com/all/co4252096.html
jobs.51job.com/all/co4252096.html
jobs.51job.com/all/co2723935.html
jobs.51job.com/all/co4231201.html
jobs.51job.com/all/co2489562.html
jobs.51job.com/all/co2489562.html
jobs.51job.com/all/co2489562.html
jobs.51job.com/all/co2489562.html
jobs.51job.com/all/co3248802.html
jobs.51job.com/all/co3450113.html
jobs.51job.com/all/co2937367.html
jobs.51job.com/all/co2937367.html
jobs.51job.com/all/co2937367.html
jobs.51job.com/all/co2937367.html
jobs.51job.com/all/co4286637.html
jobs.51job.com/all/co4219290.html
jobs.51job.com/all/co4219290.html
jobs.51job.com/all/co4219290.html
jobs.51job.com/all/co4219290.html
jobs.51job.com/all/co4219290.html
jobs.51job.com/all/co3209956.html
jobs.51job.com/all/co3209956.html
jobs.51job.com/all/co3307886.html
jobs.51job.com/all/co194705.html
jobs.51job.com/all/co194705.html
jobs.51job.com/all/co112555.html
jobs.51job.com/all/co2316363.html
jobs.51job.com/all/co2316363.html
jobs.51job.com/all/co2316363.html
jobs.51job.com/all/co3917128.html
jobs.51job.com/all/co3357432.html
jobs.51job.com/all/co3357432.html
jobs.51job.com/all/co2684782.html
jobs.51job.com/all/co194705.html
jobs.51job.com/all/co4683966.html
jobs.51job.com/all/co2076183.html
jobs.51job.com/all/co4643764.html
jobs.51job.com/all/co3968641.html
jobs.51job.com/all/co179932.html
jobs.51job.com/all/co3826753.html
jobs.51job.com/all/co2821018.html
jobs.51job.com/all/co2364473.html
jobs.51job.com/all/co3661660.html
jobs.51job.com/all/co2821018.html
jobs.51job.com/all/co2798984.html
jobs.51job.com/all/co4036453.html
jobs.51job.com/all/co3056819.html
jobs.51job.com/all/co4404406.html
jobs.51job.com/all/co3661660.html
jobs.51job.com/all/co3893865.html
jobs.51job.com/all/co4939298.html
jobs.51job.com/all/co2032689.html
jobs.51job.com/all/co2575855.html
jobs.51job.com/all/co2329659.html
jobs.51job.com/all/co4383453.html
jobs.51job.com/all/co2354227.html
jobs.51job.com/all/co2950639.html
jobs.51job.com/all/co3883571.html
jobs.51job.com/all/co2249475.html
jobs.51job.com/all/co4748519.html
jobs.51job.com/all/co2876749.html
jobs.51job.com/all/co4206550.html
jobs.51job.com/all/co2798984.html
jobs.51job.com/all/co1232623.html
jobs.51job.com/all/co2317350.html
jobs.51job.com/all/co2539500.html
jobs.51job.com/all/co2539500.html
jobs.51job.com/all/co4271022.html
jobs.51job.com/all/co3397246.html
jobs.51job.com/all/co2467256.html
jobs.51job.com/all/co2656558.html
jobs.51job.com/all/co4319830.html
jobs.51job.com/all/co2965706.html
jobs.51job.com/all/co2925209.html
jobs.51job.com/all/co1471583.html
jobs.51job.com/all/co113951.html
