jobs.51job.com/all/co3550317.html
jobs.51job.com/all/co2915850.html
jobs.51job.com/all/co2263262.html
jobs.51job.com/all/co2540035.html
jobs.51job.com/all/co3528235.html
jobs.51job.com/all/co4394553.html
jobs.51job.com/all/co2961662.html
jobs.51job.com/all/co3085568.html
jobs.51job.com/all/co3115365.html
jobs.51job.com/all/co2485703.html
jobs.51job.com/all/co3048716.html
jobs.51job.com/all/co4842622.html
jobs.51job.com/all/co4281761.html
jobs.51job.com/all/co4457424.html
jobs.51job.com/all/co3078867.html
jobs.51job.com/all/co3014257.html
jobs.51job.com/all/co2891643.html
jobs.51job.com/all/co2728811.html
jobs.51job.com/all/co3508787.html
jobs.51job.com/all/co4035114.html
jobs.51job.com/all/co2813952.html
jobs.51job.com/all/co3184689.html
jobs.51job.com/all/co350409.html
jobs.51job.com/all/co3561555.html
jobs.51job.com/all/co4772401.html
jobs.51job.com/all/co2508089.html
jobs.51job.com/all/co2661564.html
jobs.51job.com/all/co4253606.html
jobs.51job.com/all/co4281980.html
jobs.51job.com/all/co3011014.html
jobs.51job.com/all/co3832720.html
jobs.51job.com/all/co2788907.html
jobs.51job.com/all/co4750234.html
jobs.51job.com/all/co3907768.html
jobs.51job.com/all/co4466938.html
jobs.51job.com/all/co3531424.html
jobs.51job.com/all/co3605533.html
jobs.51job.com/all/co4727070.html
jobs.51job.com/all/co2554588.html
jobs.51job.com/all/co3574303.html
jobs.51job.com/all/co4443780.html
jobs.51job.com/all/co2525671.html
jobs.51job.com/all/co3307970.html
jobs.51job.com/all/co4928340.html
jobs.51job.com/all/co2896392.html
jobs.51job.com/all/co4588441.html
jobs.51job.com/all/co4543828.html
jobs.51job.com/all/co2640999.html
jobs.51job.com/all/co4851665.html
jobs.51job.com/all/co4212551.html
jobs.51job.com/all/co2932228.html
jobs.51job.com/all/co4863256.html
jobs.51job.com/all/co3796213.html
jobs.51job.com/all/co126247.html
jobs.51job.com/all/co2696932.html
jobs.51job.com/all/co2803564.html
jobs.51job.com/all/co4511187.html
jobs.51job.com/all/co2585925.html
jobs.51job.com/all/co2896016.html
jobs.51job.com/all/co3726486.html
jobs.51job.com/all/co4795123.html
jobs.51job.com/all/co4830389.html
jobs.51job.com/all/co4321952.html
jobs.51job.com/all/co3242846.html
jobs.51job.com/all/co4912221.html
jobs.51job.com/all/co3988572.html
jobs.51job.com/all/co4909663.html
jobs.51job.com/all/co1926760.html
jobs.51job.com/all/co4118029.html
jobs.51job.com/all/co3316845.html
jobs.51job.com/all/co2337801.html
jobs.51job.com/all/co3409019.html
jobs.51job.com/all/co3483761.html
jobs.51job.com/all/co3911623.html
jobs.51job.com/all/co2811136.html
jobs.51job.com/all/co4673721.html
jobs.51job.com/all/co2205438.html
jobs.51job.com/all/co3284572.html
jobs.51job.com/all/co4133732.html
jobs.51job.com/all/co4940701.html
jobs.51job.com/all/co4519075.html
jobs.51job.com/all/co2839746.html
jobs.51job.com/all/co4384752.html
jobs.51job.com/all/co3023582.html
jobs.51job.com/all/co2301433.html
jobs.51job.com/all/co3068522.html
jobs.51job.com/all/co4504922.html
jobs.51job.com/all/co2670227.html
jobs.51job.com/all/co2911878.html
jobs.51job.com/all/co3910221.html
jobs.51job.com/all/co4819531.html
jobs.51job.com/all/co4040095.html
jobs.51job.com/all/co2376876.html
jobs.51job.com/all/co2573014.html
jobs.51job.com/all/co4024114.html
jobs.51job.com/all/co2995481.html
jobs.51job.com/all/co2354407.html
jobs.51job.com/all/co3811934.html
jobs.51job.com/all/co4865406.html
jobs.51job.com/all/co3544625.html
jobs.51job.com/all/co4913110.html
jobs.51job.com/all/co3466340.html
jobs.51job.com/all/co3657408.html
jobs.51job.com/all/co4329015.html
jobs.51job.com/all/co4678638.html
jobs.51job.com/all/co3040312.html
jobs.51job.com/all/co4792939.html
jobs.51job.com/all/co252890.html
jobs.51job.com/all/co2511930.html
jobs.51job.com/all/co3698120.html
jobs.51job.com/all/co4492233.html
jobs.51job.com/all/co4129934.html
jobs.51job.com/all/co4653333.html
jobs.51job.com/all/co3045001.html
jobs.51job.com/all/co3108400.html
jobs.51job.com/all/co2977673.html
jobs.51job.com/all/co3883931.html
jobs.51job.com/all/co2775765.html
jobs.51job.com/all/co4517484.html
jobs.51job.com/all/co2607098.html
jobs.51job.com/all/co2996853.html
jobs.51job.com/all/co4837873.html
jobs.51job.com/all/co3879943.html
jobs.51job.com/all/co2959647.html
jobs.51job.com/all/co3826884.html
jobs.51job.com/all/co4578038.html
jobs.51job.com/all/co3081906.html
jobs.51job.com/all/co3683085.html
jobs.51job.com/all/co3673377.html
jobs.51job.com/all/co2593140.html
jobs.51job.com/all/co3472314.html
jobs.51job.com/all/co4523333.html
jobs.51job.com/all/co3411411.html
jobs.51job.com/all/co3310084.html
jobs.51job.com/all/co2955195.html
jobs.51job.com/all/co4873462.html
jobs.51job.com/all/co2650799.html
jobs.51job.com/all/co3469821.html
jobs.51job.com/all/co3249079.html
jobs.51job.com/all/co2247950.html
jobs.51job.com/all/co4860321.html
jobs.51job.com/all/co3239044.html
jobs.51job.com/all/co4255021.html
jobs.51job.com/all/co3292978.html
jobs.51job.com/all/co4064466.html
jobs.51job.com/all/co2943567.html
jobs.51job.com/all/co4303721.html
jobs.51job.com/all/co2740447.html
jobs.51job.com/all/co4201868.html
jobs.51job.com/all/co3974301.html
jobs.51job.com/all/co4433330.html
jobs.51job.com/all/co4785883.html
jobs.51job.com/all/co3350780.html
jobs.51job.com/all/co2316939.html
jobs.51job.com/all/co4804160.html
jobs.51job.com/all/co4087962.html
jobs.51job.com/all/co3022396.html
jobs.51job.com/all/co2341351.html
jobs.51job.com/all/co4528100.html
jobs.51job.com/all/co4141299.html
jobs.51job.com/all/co3011514.html
jobs.51job.com/all/co3305041.html
jobs.51job.com/all/co4892272.html
jobs.51job.com/all/co2578709.html
jobs.51job.com/all/co2595871.html
jobs.51job.com/all/co2707810.html
jobs.51job.com/all/co3900383.html
jobs.51job.com/all/co3798372.html
jobs.51job.com/all/co4545185.html
jobs.51job.com/all/co4076759.html
jobs.51job.com/all/co3287307.html
jobs.51job.com/all/co4150769.html
jobs.51job.com/all/co2521819.html
jobs.51job.com/all/co4084660.html
jobs.51job.com/all/co4110503.html
jobs.51job.com/all/co2882266.html
jobs.51job.com/all/co4909127.html
jobs.51job.com/all/co3872564.html
jobs.51job.com/all/co2380770.html
jobs.51job.com/all/co379687.html
jobs.51job.com/all/co3596233.html
jobs.51job.com/all/co4432422.html
jobs.51job.com/all/co4863461.html
jobs.51job.com/all/co2547178.html
jobs.51job.com/all/co3826703.html
jobs.51job.com/all/co2273274.html
jobs.51job.com/all/co4457602.html
jobs.51job.com/all/co3948966.html
jobs.51job.com/all/co4885727.html
jobs.51job.com/all/co2347054.html
jobs.51job.com/all/co207826.html
jobs.51job.com/all/co4135674.html
jobs.51job.com/all/co3694718.html
jobs.51job.com/all/co3109344.html
jobs.51job.com/all/co4384936.html
jobs.51job.com/all/co4224052.html
jobs.51job.com/all/co2680544.html
neusoft.51job.com
jobs.51job.com/all/co2229346.html
jobs.51job.com/all/co2721455.html
jobs.51job.com/all/co2416743.html
jobs.51job.com/all/co3575751.html
jobs.51job.com/all/co4876941.html
jobs.51job.com/all/co2696110.html
jobs.51job.com/all/co2859091.html
jobs.51job.com/all/co1490822.html
jobs.51job.com/all/co2210711.html
jobs.51job.com/all/co4785238.html
jobs.51job.com/all/co2864218.html
jobs.51job.com/all/co2297795.html
jobs.51job.com/all/co3963464.html
jobs.51job.com/all/co3917704.html
jobs.51job.com/all/co3425277.html
jobs.51job.com/all/co3316304.html
jobs.51job.com/all/co3946156.html
jobs.51job.com/all/co3052290.html
jobs.51job.com/all/co3923168.html
jobs.51job.com/all/co3022302.html
jobs.51job.com/all/co2864527.html
jobs.51job.com/all/co4945577.html
jobs.51job.com/all/co4332392.html
jobs.51job.com/all/co3455608.html
jobs.51job.com/all/co2924687.html
jobs.51job.com/all/co358208.html
jobs.51job.com/all/co4620247.html
jobs.51job.com/all/co4683111.html
jobs.51job.com/all/co3287585.html
jobs.51job.com/all/co253920.html
jobs.51job.com/all/co3070111.html
jobs.51job.com/all/co3160722.html
jobs.51job.com/all/co4407432.html
jobs.51job.com/all/co4184126.html
jobs.51job.com/all/co2391304.html
jobs.51job.com/all/co3154688.html
jobs.51job.com/all/co4332581.html
jobs.51job.com/all/co3916139.html
jobs.51job.com/all/co4650206.html
jobs.51job.com/all/co3443940.html
jobs.51job.com/all/co2853662.html
jobs.51job.com/all/co2096249.html
jobs.51job.com/all/co259788.html
jobs.51job.com/all/co4851663.html
jobs.51job.com/all/co2616834.html
jobs.51job.com/all/co2468359.html
jobs.51job.com/all/co4779331.html
jobs.51job.com/all/co4329541.html
jobs.51job.com/all/co2405681.html
jobs.51job.com/all/co182487.html
jobs.51job.com/all/co4276942.html
jobs.51job.com/all/co3833345.html
jobs.51job.com/all/co3010769.html
jobs.51job.com/all/co4767885.html
jobs.51job.com/all/co2793617.html
jobs.51job.com/all/co4444266.html
jobs.51job.com/all/co3832422.html
jobs.51job.com/all/co2596887.html
jobs.51job.com/all/co4122928.html
jobs.51job.com/all/co4361538.html
jobs.51job.com/all/co4121639.html
jobs.51job.com/all/co3298699.html
jobs.51job.com/all/co4098025.html
jobs.51job.com/all/co3565953.html
jobs.51job.com/all/co3986718.html
jobs.51job.com/all/co4454595.html
jobs.51job.com/all/co2284223.html
jobs.51job.com/all/co3321971.html
jobs.51job.com/all/co3842722.html
jobs.51job.com/all/co3245320.html
jobs.51job.com/all/co2435007.html
jobs.51job.com/all/co3134929.html
jobs.51job.com/all/co4591279.html
jobs.51job.com/all/co4752757.html
jobs.51job.com/all/co4464686.html
jobs.51job.com/all/co4571132.html
jobs.51job.com/all/co4311299.html
jobs.51job.com/all/co3848138.html
jobs.51job.com/all/co3959964.html
jobs.51job.com/all/co3870595.html
jobs.51job.com/all/co4858026.html
jobs.51job.com/all/co3661659.html
jobs.51job.com/all/co2785007.html
jobs.51job.com/all/co4450475.html
jobs.51job.com/all/co2681525.html
jobs.51job.com/all/co4948309.html
jobs.51job.com/all/co2429355.html
jobs.51job.com/all/co4855819.html
jobs.51job.com/all/co3077555.html
jobs.51job.com/all/co3835271.html
jobs.51job.com/all/co4823181.html
jobs.51job.com/all/co2875273.html
jobs.51job.com/all/co2557719.html
jobs.51job.com/all/co4933217.html
jobs.51job.com/all/co3307744.html
jobs.51job.com/all/co2512303.html
jobs.51job.com/all/co4643849.html
jobs.51job.com/all/co4805592.html
jobs.51job.com/all/co849392.html
jobs.51job.com/all/co4358744.html
jobs.51job.com/all/co2829148.html
jobs.51job.com/all/co4866886.html
jobs.51job.com/all/co3766010.html
jobs.51job.com/all/co2402422.html
jobs.51job.com/all/co4283273.html
jobs.51job.com/all/co4026819.html
jobs.51job.com/all/co153791.html
jobs.51job.com/all/co2448047.html
jobs.51job.com/all/co2532423.html
jobs.51job.com/all/co2959928.html
jobs.51job.com/all/co3934647.html
jobs.51job.com/all/co3855943.html
jobs.51job.com/all/co4595048.html
jobs.51job.com/all/co3823795.html
jobs.51job.com/all/co3906510.html
jobs.51job.com/all/co2760088.html
jobs.51job.com/all/co3678911.html
jobs.51job.com/all/co3426996.html
jobs.51job.com/all/co3884677.html
jobs.51job.com/all/co4531308.html
jobs.51job.com/all/co143295.html
jobs.51job.com/all/co2368508.html
jobs.51job.com/all/co2709041.html
jobs.51job.com/all/co3776404.html
jobs.51job.com/all/co3850664.html
jobs.51job.com/all/co2918328.html
jobs.51job.com/all/co4819853.html
jobs.51job.com/all/co1184893.html
jobs.51job.com/all/co2779406.html
jobs.51job.com/all/co2925017.html
jobs.51job.com/all/co3221614.html
jobs.51job.com/all/co121118.html
jobs.51job.com/all/co2020935.html
jobs.51job.com/all/co4802663.html
jobs.51job.com/all/co3605419.html
jobs.51job.com/all/co2921630.html
jobs.51job.com/all/co106423.html
jobs.51job.com/all/co4458561.html
jobs.51job.com/all/co3546188.html
jobs.51job.com/all/co3976367.html
jobs.51job.com/all/co4087369.html
jobs.51job.com/all/co4861431.html
jobs.51job.com/all/co300472.html
jobs.51job.com/all/co3718479.html
jobs.51job.com/all/co3067885.html
jobs.51job.com/all/co4758049.html
jobs.51job.com/all/co2646283.html
jobs.51job.com/all/co4554490.html
jobs.51job.com/all/co4315619.html
jobs.51job.com/all/co3182965.html
jobs.51job.com/all/co4002088.html
jobs.51job.com/all/co3911282.html
jobs.51job.com/all/co3759642.html
jobs.51job.com/all/co3392770.html
jobs.51job.com/all/co774205.html
jobs.51job.com/all/co3764142.html
jobs.51job.com/all/co4013305.html
jobs.51job.com/all/co2922917.html
jobs.51job.com/all/co200527.html
jobs.51job.com/all/co2736588.html
jobs.51job.com/all/co1146177.html
jobs.51job.com/all/co2736450.html
jobs.51job.com/all/co4783990.html
jobs.51job.com/all/co2830776.html
jobs.51job.com/all/co3731522.html
jobs.51job.com/all/co2682620.html
jobs.51job.com/all/co2902649.html
jobs.51job.com/all/co4621709.html
jobs.51job.com/all/co3832967.html
jobs.51job.com/all/co4864798.html
jobs.51job.com/all/co2539417.html
jobs.51job.com/all/co2420017.html
jobs.51job.com/all/co2597631.html
jobs.51job.com/all/co4772933.html
jobs.51job.com/all/co3157030.html
jobs.51job.com/all/co2003353.html
jobs.51job.com/all/co3535200.html
jobs.51job.com/all/co3081963.html
jobs.51job.com/all/co2323575.html
jobs.51job.com/all/co2753546.html
jobs.51job.com/all/co2565112.html
jobs.51job.com/all/co3429281.html
jobs.51job.com/all/co2054865.html
jobs.51job.com/all/co4924056.html
jobs.51job.com/all/co4759814.html
jobs.51job.com/all/co2950746.html
jobs.51job.com/all/co186431.html
jobs.51job.com/all/co3974831.html
jobs.51job.com/all/co4459928.html
jobs.51job.com/all/co4115624.html
jobs.51job.com/all/co3428886.html
jobs.51job.com/all/co4450598.html
jobs.51job.com/all/co4599859.html
jobs.51job.com/all/co2479406.html
jobs.51job.com/all/co2483849.html
jobs.51job.com/all/co2659505.html
jobs.51job.com/all/co4820441.html
jobs.51job.com/all/co105547.html
jobs.51job.com/all/co2762573.html
jobs.51job.com/all/co3865303.html
jobs.51job.com/all/co4523696.html
jobs.51job.com/all/co6874.html
jobs.51job.com/all/co253517.html
jobs.51job.com/all/co3095586.html
jobs.51job.com/all/co4846011.html
jobs.51job.com/all/co3208550.html
jobs.51job.com/all/co879589.html
jobs.51job.com/all/co2154390.html
jobs.51job.com/all/co3605141.html
jobs.51job.com/all/co2057184.html
jobs.51job.com/all/co2443680.html
jobs.51job.com/all/co2538010.html
jobs.51job.com/all/co2838636.html
jobs.51job.com/all/co4154183.html
jobs.51job.com/all/co2357498.html
jobs.51job.com/all/co705137.html
jobs.51job.com/all/co2279832.html
jobs.51job.com/all/co4030334.html
jobs.51job.com/all/co3604259.html
jobs.51job.com/all/co3610269.html
jobs.51job.com/all/co4820685.html
jobs.51job.com/all/co3349845.html
jobs.51job.com/all/co2706277.html
jobs.51job.com/all/co3759261.html
jobs.51job.com/all/co4780319.html
jobs.51job.com/all/co3909591.html
jobs.51job.com/all/co2676654.html
jobs.51job.com/all/co4162953.html
jobs.51job.com/all/co2689728.html
jobs.51job.com/all/co4831466.html
jobs.51job.com/all/co3838971.html
jobs.51job.com/all/co3660918.html
jobs.51job.com/all/co3426855.html
jobs.51job.com/all/co2585748.html
jobs.51job.com/all/co613211.html
jobs.51job.com/all/co3916837.html
jobs.51job.com/all/co4600888.html
jobs.51job.com/all/co3240522.html
jobs.51job.com/all/co2091053.html
jobs.51job.com/all/co3312761.html
jobs.51job.com/all/co1545107.html
jobs.51job.com/all/co2758333.html
jobs.51job.com/all/co3119691.html
jobs.51job.com/all/co2428738.html
jobs.51job.com/all/co3974686.html
jobs.51job.com/all/co2915125.html
jobs.51job.com/all/co521037.html
jobs.51job.com/all/co2306979.html
jobs.51job.com/all/co3865435.html
jobs.51job.com/all/co2991208.html
jobs.51job.com/all/co4768547.html
jobs.51job.com/all/co4621751.html
jobs.51job.com/all/co4649443.html
jobs.51job.com/all/co163098.html
jobs.51job.com/all/co4934014.html
jobs.51job.com/all/co2696352.html
jobs.51job.com/all/co230548.html
jobs.51job.com/all/co3560056.html
jobs.51job.com/all/co2725636.html
jobs.51job.com/all/co2354594.html
jobs.51job.com/all/co193349.html
jobs.51job.com/all/co2923170.html
jobs.51job.com/all/co4620055.html
jobs.51job.com/all/co386975.html
jobs.51job.com/all/co3278473.html
jobs.51job.com/all/co4648166.html
jobs.51job.com/all/co3961294.html
jobs.51job.com/all/co2812802.html
jobs.51job.com/all/co2517869.html
jobs.51job.com/all/co4290118.html
jobs.51job.com/all/co2200378.html
jobs.51job.com/all/co4773106.html
jobs.51job.com/all/co2751400.html
jobs.51job.com/all/co3924378.html
jobs.51job.com/all/co3128715.html
jobs.51job.com/all/co3030305.html
jobs.51job.com/all/co4711407.html
jobs.51job.com/all/co2779050.html
jobs.51job.com/all/co2582842.html
jobs.51job.com/all/co4389081.html
jobs.51job.com/all/co3935465.html
jobs.51job.com/all/co297109.html
jobs.51job.com/all/co3111108.html
jobs.51job.com/all/co2267818.html
jobs.51job.com/all/co4912575.html
jobs.51job.com/all/co2381428.html
jobs.51job.com/all/co2337654.html
jobs.51job.com/all/co3647690.html
jobs.51job.com/all/co2941739.html
jobs.51job.com/all/co1996750.html
jobs.51job.com/all/co3228982.html
jobs.51job.com/all/co2946349.html
jobs.51job.com/all/co4581382.html
jobs.51job.com/all/co2203482.html
jobs.51job.com/all/co4585908.html
jobs.51job.com/all/co4331876.html
jobs.51job.com/all/co3218543.html
jobs.51job.com/all/co3492325.html
jobs.51job.com/all/co4523852.html
jobs.51job.com/all/co3522305.html
jobs.51job.com/all/co3002239.html
jobs.51job.com/all/co367927.html
jobs.51job.com/all/co257448.html
jobs.51job.com/all/co2577301.html
jobs.51job.com/all/co4463161.html
jobs.51job.com/all/co3388167.html
jobs.51job.com/all/co180850.html
jobs.51job.com/all/co4944741.html
jobs.51job.com/all/co4348129.html
jobs.51job.com/all/co2456860.html
jobs.51job.com/all/co2725852.html
jobs.51job.com/all/co3855108.html
jobs.51job.com/all/co3891300.html
jobs.51job.com/all/co2566645.html
jobs.51job.com/all/co7638.html
roche.51job.com/
jobs.51job.com/all/co2901022.html
jobs.51job.com/all/co4928478.html
jobs.51job.com/all/co2626538.html
jobs.51job.com/all/co3494879.html
jobs.51job.com/all/co2535144.html
jobs.51job.com/all/co3269823.html
jobs.51job.com/all/co2518101.html
jobs.51job.com/all/co2293666.html
jobs.51job.com/all/co4643949.html
jobs.51job.com/all/co3735645.html
jobs.51job.com/all/co2909561.html
jobs.51job.com/all/co3241175.html
jobs.51job.com/all/co1976262.html
jobs.51job.com/all/co3138604.html
jobs.51job.com/all/co2772804.html
jobs.51job.com/all/co4739634.html
jobs.51job.com/all/co2723465.html
jobs.51job.com/all/co3574616.html
jobs.51job.com/all/co1451760.html
jobs.51job.com/all/co4838249.html
jobs.51job.com/all/co4861834.html
jobs.51job.com/all/co4478264.html
jobs.51job.com/all/co3120016.html
jobs.51job.com/all/co4421656.html
jobs.51job.com/all/co4933225.html
jobs.51job.com/all/co2433421.html
jobs.51job.com/all/co4839316.html
jobs.51job.com/all/co4546754.html
jobs.51job.com/all/co4558071.html
jobs.51job.com/all/co2580137.html
jobs.51job.com/all/co4350009.html
jobs.51job.com/all/co4432713.html
jobs.51job.com/all/co3423492.html
jobs.51job.com/all/co3144240.html
jobs.51job.com/all/co2361915.html
jobs.51job.com/all/co3207949.html
jobs.51job.com/all/co2796691.html
jobs.51job.com/all/co2407448.html
jobs.51job.com/all/co4516511.html
jobs.51job.com/all/co3146267.html
jobs.51job.com/all/co2463033.html
jobs.51job.com/all/co4449230.html
jobs.51job.com/all/co1451424.html
jobs.51job.com/all/co3789634.html
jobs.51job.com/all/co2508388.html
jobs.51job.com/all/co3462636.html
jobs.51job.com/all/co2539705.html
jobs.51job.com/all/co4350573.html
jobs.51job.com/all/co2958006.html
jobs.51job.com/all/co2482404.html
jobs.51job.com/all/co2977179.html
jobs.51job.com/all/co579314.html
jobs.51job.com/all/co2799039.html
jobs.51job.com/all/co4140953.html
jobs.51job.com/all/co3832471.html
jobs.51job.com/all/co129912.html
jobs.51job.com/all/co2628729.html
jobs.51job.com/all/co3352792.html
jobs.51job.com/all/co4182690.html
jobs.51job.com/all/co2473696.html
jobs.51job.com/all/co2338017.html
jobs.51job.com/all/co3247994.html
jobs.51job.com/all/co4446195.html
jobs.51job.com/all/co2656450.html
jobs.51job.com/all/co3225089.html
jobs.51job.com/all/co2354918.html
jobs.51job.com/all/co4348603.html
jobs.51job.com/all/co4363609.html
jobs.51job.com/all/co4411272.html
jobs.51job.com/all/co2789398.html
jobs.51job.com/all/co2773514.html
jobs.51job.com/all/co4226014.html
jobs.51job.com/all/co4633300.html
jobs.51job.com/all/co4202406.html
jobs.51job.com/all/co3770032.html
jobs.51job.com/all/co3425523.html
jobs.51job.com/all/co4668823.html
jobs.51job.com/all/co4564133.html
jobs.51job.com/all/co1419875.html
jobs.51job.com/all/co2475646.html
jobs.51job.com/all/co4338630.html
jobs.51job.com/all/co2413069.html
jobs.51job.com/all/co2618599.html
jobs.51job.com/all/co3785852.html
jobs.51job.com/all/co3144887.html
jobs.51job.com/all/co4305378.html
jobs.51job.com/all/co2456381.html
jobs.51job.com/all/co2896819.html
jobs.51job.com/all/co3330150.html
jobs.51job.com/all/co3468853.html
jobs.51job.com/all/co3870847.html
jobs.51job.com/all/co3814514.html
jobs.51job.com/all/co2577614.html
jobs.51job.com/all/co2549019.html
jobs.51job.com/all/co3783208.html
jobs.51job.com/all/co4087462.html
jobs.51job.com/all/co4838033.html
jobs.51job.com/all/co1743349.html
jobs.51job.com/all/co3805116.html
jobs.51job.com/all/co3647823.html
jobs.51job.com/all/co3520623.html
jobs.51job.com/all/co2715225.html
jobs.51job.com/all/co3902349.html
jobs.51job.com/all/co3069188.html
jobs.51job.com/all/co4528221.html
jobs.51job.com/all/co3812394.html
jobs.51job.com/all/co293330.html
jobs.51job.com/all/co2650465.html
jobs.51job.com/all/co3031533.html
jobs.51job.com/all/co3501087.html
jobs.51job.com/all/co4628369.html
jobs.51job.com/all/co2878129.html
jobs.51job.com/all/co3374976.html
jobs.51job.com/all/co3602414.html
jobs.51job.com/all/co4628849.html
jobs.51job.com/all/co3764811.html
jobs.51job.com/all/co2704333.html
jobs.51job.com/all/co4523782.html
jobs.51job.com/all/co3335027.html
jobs.51job.com/all/co4843069.html
jobs.51job.com/all/co3531879.html
jobs.51job.com/all/co3947558.html
jobs.51job.com/all/co4416490.html
jobs.51job.com/all/co3026628.html
jobs.51job.com/all/co244781.html
jobs.51job.com/all/co4432813.html
jobs.51job.com/all/co4500965.html
jobs.51job.com/all/co2582452.html
jobs.51job.com/all/co115424.html
jobs.51job.com/all/co4687822.html
jobs.51job.com/all/co158830.html
jobs.51job.com/all/co3958825.html
jobs.51job.com/all/co1562258.html
jobs.51job.com/all/co4298556.html
jobs.51job.com/all/co4701659.html
jobs.51job.com/all/co4374903.html
jobs.51job.com/all/co3363454.html
jobs.51job.com/all/co4078792.html
jobs.51job.com/all/co3963880.html
jobs.51job.com/all/co4117507.html
jobs.51job.com/all/co4528815.html
jobs.51job.com/all/co4478953.html
jobs.51job.com/all/co4793421.html
jobs.51job.com/all/co3536285.html
jobs.51job.com/all/co2016957.html
jobs.51job.com/all/co2952411.html
jobs.51job.com/all/co2753271.html
jobs.51job.com/all/co4924196.html
jobs.51job.com/all/co4631027.html
jobs.51job.com/all/co4430233.html
jobs.51job.com/all/co2920934.html
jobs.51job.com/all/co3360519.html
jobs.51job.com/all/co3028578.html
jobs.51job.com/all/co4548015.html
jobs.51job.com/all/co3300159.html
jobs.51job.com/all/co4605858.html
jobs.51job.com/all/co3947664.html
jobs.51job.com/all/co2701167.html
jobs.51job.com/all/co4394186.html
jobs.51job.com/all/co4085904.html
jobs.51job.com/all/co2300450.html
jobs.51job.com/all/co3242159.html
jobs.51job.com/all/co498942.html
jobs.51job.com/all/co3132964.html
jobs.51job.com/all/co3838541.html
jobs.51job.com/all/co4890323.html
jobs.51job.com/all/co3893642.html
jobs.51job.com/all/co2742896.html
jobs.51job.com/all/co2317666.html
jobs.51job.com/all/co3144406.html
jobs.51job.com/all/co2601278.html
jobs.51job.com/all/co185682.html
jobs.51job.com/all/co2731965.html
jobs.51job.com/all/co2325579.html
jobs.51job.com/all/co4030090.html
jobs.51job.com/all/co4237008.html
jobs.51job.com/all/co4284298.html
jobs.51job.com/all/co2751754.html
jobs.51job.com/all/co2544612.html
jobs.51job.com/all/co2281975.html
jobs.51job.com/all/co2690022.html
jobs.51job.com/all/co2716614.html
jobs.51job.com/all/co2967596.html
jobs.51job.com/all/co2774349.html
jobs.51job.com/all/co2610428.html
jobs.51job.com/all/co4171745.html
jobs.51job.com/all/co2915948.html
jobs.51job.com/all/co3080538.html
jobs.51job.com/all/co316341.html
jobs.51job.com/all/co4950006.html
jobs.51job.com/all/co4736780.html
jobs.51job.com/all/co3216460.html
jobs.51job.com/all/co4307236.html
job.markorhome.com/
jobs.51job.com/all/co500745.html
jobs.51job.com/all/co2319759.html
jobs.51job.com/all/co4595177.html
jobs.51job.com/all/co964818.html
jobs.51job.com/all/co4486614.html
jobs.51job.com/all/co4421626.html
jobs.51job.com/all/co3450225.html
jobs.51job.com/all/co2147630.html
jobs.51job.com/all/co4507064.html
jobs.51job.com/all/co3797149.html
jobs.51job.com/all/co2836406.html
jobs.51job.com/all/co4769532.html
jobs.51job.com/all/co4212415.html
jobs.51job.com/all/co302725.html
jobs.51job.com/all/co3451068.html
jobs.51job.com/all/co4027678.html
jobs.51job.com/all/co3828924.html
jobs.51job.com/all/co4864946.html
jobs.51job.com/all/co4382343.html
jobs.51job.com/all/co3318075.html
jobs.51job.com/all/co2782111.html
jobs.51job.com/all/co3773759.html
jobs.51job.com/all/co2545097.html
jobs.51job.com/all/co3366330.html
jobs.51job.com/all/co612312.html
jobs.51job.com/all/co3087811.html
jobs.51job.com/all/co3341832.html
jobs.51job.com/all/co2806511.html
jobs.51job.com/all/co2421654.html
jobs.51job.com/all/co4091349.html
jobs.51job.com/all/co1356904.html
jobs.51job.com/all/co2468654.html
jobs.51job.com/all/co2459650.html
jobs.51job.com/all/co3963587.html
jobs.51job.com/all/co2519184.html
jobs.51job.com/all/co3686668.html
jobs.51job.com/all/co3838904.html
jobs.51job.com/all/co3987242.html
jobs.51job.com/all/co4492410.html
heraeus.51job.com
jobs.51job.com/all/co2657975.html
jobs.51job.com/all/co3979136.html
jobs.51job.com/all/co4658756.html
jobs.51job.com/all/co4373440.html
jobs.51job.com/all/co3247141.html
jobs.51job.com/all/co4564334.html
jobs.51job.com/all/co4854695.html
jobs.51job.com/all/co2697108.html
jobs.51job.com/all/co3463736.html
jobs.51job.com/all/co3693301.html
jobs.51job.com/all/co4595581.html
jobs.51job.com/all/co4670128.html
jobs.51job.com/all/co3991409.html
jobs.51job.com/all/co3874111.html
jobs.51job.com/all/co2796081.html
jobs.51job.com/all/co2819956.html
jobs.51job.com/all/co3197065.html
jobs.51job.com/all/co2260264.html
jobs.51job.com/all/co4826403.html
jobs.51job.com/all/co3512473.html
jobs.51job.com/all/co2771621.html
jobs.51job.com/all/co3423644.html
jobs.51job.com/all/co2450210.html
jobs.51job.com/all/co133026.html
jobs.51job.com/all/co4045559.html
jobs.51job.com/all/co2707366.html
jobs.51job.com/all/co3313184.html
jobs.51job.com/all/co3529447.html
jobs.51job.com/all/co4190243.html
jobs.51job.com/all/co4381223.html
jobs.51job.com/all/co4870549.html
jobs.51job.com/all/co4814139.html
jobs.51job.com/all/co3117154.html
jobs.51job.com/all/co2792979.html
jobs.51job.com/all/co315847.html
jobs.51job.com/all/co3330864.html
jobs.51job.com/all/co467425.html
jobs.51job.com/all/co4672930.html
sfzhaopin.51job.com
jobs.51job.com/all/co2231805.html
jobs.51job.com/all/co3583382.html
jobs.51job.com/all/co2765809.html
jobs.51job.com/all/co4855379.html
jobs.51job.com/all/co4690455.html
jobs.51job.com/all/co2857093.html
jobs.51job.com/all/co3923722.html
jobs.51job.com/all/co4829557.html
jobs.51job.com/all/co4942783.html
jobs.51job.com/all/co4398455.html
jobs.51job.com/all/co2493989.html
jobs.51job.com/all/co4153434.html
jobs.51job.com/all/co3686516.html
jobs.51job.com/all/co2502075.html
jobs.51job.com/all/co2818553.html
jobs.51job.com/all/co2423957.html
jobs.51job.com/all/co4002302.html
jobs.51job.com/all/co4016531.html
jobs.51job.com/all/co3101843.html
jobs.51job.com/all/co2892511.html
jobs.51job.com/all/co3725792.html
jobs.51job.com/all/co4930768.html
jobs.51job.com/all/co3905506.html
jobs.51job.com/all/co2256279.html
jobs.51job.com/all/co3016193.html
jobs.51job.com/all/co4315398.html
jobs.51job.com/all/co4733948.html
jobs.51job.com/all/co3871585.html
jobs.51job.com/all/co2963705.html
jobs.51job.com/all/co2007835.html
jobs.51job.com/all/co2440680.html
jobs.51job.com/all/co4676022.html
jobs.51job.com/all/co4818126.html
jobs.51job.com/all/co3234454.html
jobs.51job.com/all/co4703368.html
jobs.51job.com/all/co269274.html
jobs.51job.com/all/co4682383.html
jobs.51job.com/all/co2596493.html
jobs.51job.com/all/co3030751.html
jobs.51job.com/all/co1999870.html
jobs.51job.com/all/co579488.html
jobs.51job.com/all/co3961684.html
jobs.51job.com/all/co2894288.html
jobs.51job.com/all/co2518193.html
neusoft.51job.com
jobs.51job.com/all/co3454023.html
jobs.51job.com/all/co2686975.html
jobs.51job.com/all/co3610872.html
jobs.51job.com/all/co4446194.html
jobs.51job.com/all/co4423969.html
jobs.51job.com/all/co3916365.html
jobs.51job.com/all/co3064561.html
jobs.51job.com/all/co4868329.html
jobs.51job.com/all/co4562492.html
jobs.51job.com/all/co279646.html
jobs.51job.com/all/co4530097.html
jobs.51job.com/all/co3877120.html
jobs.51job.com/all/co3826231.html
jobs.51job.com/all/co3351141.html
jobs.51job.com/all/co2640013.html
jobs.51job.com/all/co4625140.html
jobs.51job.com/all/co4884027.html
ficosa.51job.com
jobs.51job.com/all/co3079157.html
jobs.51job.com/all/co4031873.html
jobs.51job.com/all/co4929981.html
jobs.51job.com/all/co4757821.html
jobs.51job.com/all/co2437705.html
jobs.51job.com/all/co2505879.html
jobs.51job.com/all/co3020790.html
jobs.51job.com/all/co4334980.html
jobs.51job.com/all/co3202389.html
jobs.51job.com/all/co2634271.html
jobs.51job.com/all/co3371023.html
jobs.51job.com/all/co3898154.html
jobs.51job.com/all/co2238723.html
jobs.51job.com/all/co4936231.html
jobs.51job.com/all/co2380542.html
jobs.51job.com/all/co379767.html
jobs.51job.com/all/co3754787.html
jobs.51job.com/all/co2980205.html
jobs.51job.com/all/co4263561.html
jobs.51job.com/all/co2442179.html
jobs.51job.com/all/co2509776.html
jobs.51job.com/all/co3219618.html
jobs.51job.com/all/co1228645.html
jobs.51job.com/all/co4372857.html
jobs.51job.com/all/co731721.html
jobs.51job.com/all/co2968900.html
jobs.51job.com/all/co4646869.html
jobs.51job.com/all/co1290802.html
jobs.51job.com/all/co2754875.html
jobs.51job.com/all/co369401.html
jobs.51job.com/all/co2319239.html
jobs.51job.com/all/co4791002.html
jobs.51job.com/all/co4560419.html
jobs.51job.com/all/co569726.html
jobs.51job.com/all/co2542536.html
jobs.51job.com/all/co4869605.html
jobs.51job.com/all/co2969550.html
jobs.51job.com/all/co3387316.html
jobs.51job.com/all/co4336695.html
jobs.51job.com/all/co4813666.html
jobs.51job.com/all/co4915194.html
jobs.51job.com/all/co4615056.html
jobs.51job.com/all/co3586461.html
jobs.51job.com/all/co2536361.html
jobs.51job.com/all/co390444.html
jobs.51job.com/all/co4577697.html
jobs.51job.com/all/co4659031.html
jobs.51job.com/all/co2300953.html
jobs.51job.com/all/co4837547.html
jobs.51job.com/all/co2250103.html
jobs.51job.com/all/co4877665.html
jobs.51job.com/all/co4413851.html
jobs.51job.com/all/co3873760.html
jobs.51job.com/all/co2633751.html
jobs.51job.com/all/co2650797.html
jobs.51job.com/all/co4448903.html
jobs.51job.com/all/co2478267.html
jobs.51job.com/all/co3689364.html
jobs.51job.com/all/co2822410.html
jobs.51job.com/all/co4795033.html
jobs.51job.com/all/co2615815.html
jobs.51job.com/all/co2698981.html
jobs.51job.com/all/co4743398.html
jobs.51job.com/all/co3837481.html
jobs.51job.com/all/co4379554.html
jobs.51job.com/all/co4583574.html
jobs.51job.com/all/co2877239.html
jobs.51job.com/all/co2988373.html
jobs.51job.com/all/co3357995.html
jobs.51job.com/all/co4309877.html
jobs.51job.com/all/co4480095.html
jobs.51job.com/all/co4092047.html
jobs.51job.com/all/co4446702.html
jobs.51job.com/all/co3051334.html
jobs.51job.com/all/co4917192.html
jobs.51job.com/all/co2725467.html
jobs.51job.com/all/co4011479.html
jobs.51job.com/all/co3837211.html
jobs.51job.com/all/co4443735.html
jobs.51job.com/all/co2011892.html
jobs.51job.com/all/co2186589.html
jobs.51job.com/all/co4361405.html
jobs.51job.com/all/co218845.html
jobs.51job.com/all/co3853977.html
jobs.51job.com/all/co3632444.html
jobs.51job.com/all/co2255008.html
jobs.51job.com/all/co3275405.html
jobs.51job.com/all/co4681400.html
jobs.51job.com/all/co4935251.html
jobs.51job.com/all/co2651437.html
jobs.51job.com/all/co3497516.html
jobs.51job.com/all/co4886161.html
jobs.51job.com/all/co4928284.html
jobs.51job.com/all/co3508530.html
jobs.51job.com/all/co4274012.html
jobs.51job.com/all/co2788015.html
jobs.51job.com/all/co2204899.html
jobs.51job.com/all/co4440185.html
jobs.51job.com/all/co4251601.html
jobs.51job.com/all/co4133602.html
jobs.51job.com/all/co4928778.html
jobs.51job.com/all/co757749.html
jobs.51job.com/all/co3826017.html
jobs.51job.com/all/co2646438.html
jobs.51job.com/all/co2875541.html
jobs.51job.com/all/co2530417.html
jobs.51job.com/all/co4901087.html
jobs.51job.com/all/co3248969.html
jobs.51job.com/all/co2498353.html
jobs.51job.com/all/co2012210.html
jobs.51job.com/all/co135210.html
jobs.51job.com/all/co3404854.html
jobs.51job.com/all/co2241586.html
jobs.51job.com/all/co2342316.html
jobs.51job.com/all/co2811632.html
jobs.51job.com/all/co207683.html
jobs.51job.com/all/co2764935.html
jobs.51job.com/all/co4009608.html
jobs.51job.com/all/co4481775.html
jobs.51job.com/all/co3208942.html
jobs.51job.com/all/co4567971.html
jobs.51job.com/all/co4928384.html
jobs.51job.com/all/co4068753.html
jobs.51job.com/all/co2724506.html
jobs.51job.com/all/co3465456.html
jobs.51job.com/all/co4328809.html
jobs.51job.com/all/co3313600.html
jobs.51job.com/all/co3851668.html
jobs.51job.com/all/co2184249.html
jobs.51job.com/all/co4909575.html
jobs.51job.com/all/co4140097.html
jobs.51job.com/all/co4688598.html
jobs.51job.com/all/co2400029.html
jobs.51job.com/all/co2730849.html
jobs.51job.com/all/co2634988.html
jobs.51job.com/all/co3972921.html
jobs.51job.com/all/co4313393.html
jobs.51job.com/all/co4639260.html
jobs.51job.com/all/co3954014.html
jobs.51job.com/all/co210498.html
jobs.51job.com/all/co3974245.html
jobs.51job.com/all/co3171767.html
jobs.51job.com/all/co704862.html
jobs.51job.com/all/co2251366.html
jobs.51job.com/all/co2698493.html
jobs.51job.com/all/co1224397.html
jobs.51job.com/all/co2765982.html
jobs.51job.com/all/co4851547.html
jobs.51job.com/all/co284416.html
jobs.51job.com/all/co2202048.html
jobs.51job.com/all/co4344676.html
jobs.51job.com/all/co4688106.html
jobs.51job.com/all/co4405028.html
jobs.51job.com/all/co4904256.html
jobs.51job.com/all/co3071145.html
jobs.51job.com/all/co4287677.html
jobs.51job.com/all/co2851156.html
jobs.51job.com/all/co4693617.html
jobs.51job.com/all/co2225467.html
jobs.51job.com/all/co4527634.html
jobs.51job.com/all/co2669874.html
jobs.51job.com/all/co4476280.html
jobs.51job.com/all/co2827871.html
jobs.51job.com/all/co101106.html
jobs.51job.com/all/co2503049.html
jobs.51job.com/all/co4486798.html
jobs.51job.com/all/co2609813.html
jobs.51job.com/all/co4181603.html
jobs.51job.com/all/co2588793.html
jobs.51job.com/all/co2921152.html
jobs.51job.com/all/co2502178.html
jobs.51job.com/all/co4506435.html
jobs.51job.com/all/co2247511.html
jobs.51job.com/all/co2217875.html
jobs.51job.com/all/co4708404.html
jobs.51job.com/all/co2581037.html
jobs.51job.com/all/co2429681.html
jobs.51job.com/all/co2351676.html
jobs.51job.com/all/co3119175.html
jobs.51job.com/all/co3809601.html
jobs.51job.com/all/co1991226.html
jobs.51job.com/all/co3661678.html
jobs.51job.com/all/co2781136.html
jobs.51job.com/all/co4538107.html
jobs.51job.com/all/co4672716.html
jobs.51job.com/all/co3091156.html
jobs.51job.com/all/co2753907.html
jobs.51job.com/all/co4220332.html
jobs.51job.com/all/co3547171.html
jobs.51job.com/all/co4789149.html
jobs.51job.com/all/co4544573.html
jobs.51job.com/all/co4914801.html
jobs.51job.com/all/co4194358.html
jobs.51job.com/all/co4413487.html
jobs.51job.com/all/co2727237.html
jobs.51job.com/all/co157232.html
jobs.51job.com/all/co3870063.html
jobs.51job.com/all/co4669690.html
jobs.51job.com/all/co3571486.html
jobs.51job.com/all/co2646566.html
jobs.51job.com/all/co2524936.html
jobs.51job.com/all/co3804769.html
jobs.51job.com/all/co4851187.html
jobs.51job.com/all/co4261900.html
jobs.51job.com/all/co193676.html
jobs.51job.com/all/co3964210.html
jobs.51job.com/all/co4513607.html
jobs.51job.com/all/co3245657.html
jobs.51job.com/all/co4639546.html
jobs.51job.com/all/co2842558.html
jobs.51job.com/all/co3989922.html
jobs.51job.com/all/co3063116.html
jobs.51job.com/all/co3351614.html
jobs.51job.com/all/co3780277.html
jobs.51job.com/all/co3662663.html
jobs.51job.com/all/co4869385.html
jobs.51job.com/all/co3565688.html
jobs.51job.com/all/co3039852.html
jobs.51job.com/all/co4876333.html
jobs.51job.com/all/co2863940.html
jobs.51job.com/all/co4459344.html
jobs.51job.com/all/co4524901.html
jobs.51job.com/all/co4034551.html
jobs.51job.com/all/co2223780.html
jobs.51job.com/all/co4486624.html
jobs.51job.com/all/co4506.html
jobs.51job.com/all/co2599039.html
jobs.51job.com/all/co4258101.html
jobs.51job.com/all/co3740494.html
jobs.51job.com/all/co3389248.html
jobs.51job.com/all/co3581707.html
jobs.51job.com/all/co2431542.html
jobs.51job.com/all/co2194250.html
jobs.51job.com/all/co2966170.html
jobs.51job.com/all/co4703270.html
jobs.51job.com/all/co4747916.html
jobs.51job.com/all/co4103566.html
jobs.51job.com/all/co2473972.html
jobs.51job.com/all/co2976733.html
jobs.51job.com/all/co3574702.html
jobs.51job.com/all/co3569035.html
jobs.51job.com/all/co4290171.html
jobs.51job.com/all/co131910.html
jobs.51job.com/all/co4280628.html
jobs.51job.com/all/co4625522.html
jobs.51job.com/all/co4288654.html
jobs.51job.com/all/co3851057.html
jobs.51job.com/all/co2527265.html
jobs.51job.com/all/co3244185.html
jobs.51job.com/all/co4290403.html
jobs.51job.com/all/co1371530.html
jobs.51job.com/all/co2825933.html
jobs.51job.com/all/co4015574.html
jobs.51job.com/all/co2923077.html
jobs.51job.com/all/co2229150.html
jobs.51job.com/all/co3543619.html
jobs.51job.com/all/co2274857.html
jobs.51job.com/all/co4585915.html
jobs.51job.com/all/co3514361.html
jobs.51job.com/all/co3733504.html
jobs.51job.com/all/co2513462.html
jobs.51job.com/all/co3533363.html
jobs.51job.com/all/co3662282.html
jobs.51job.com/all/co2311151.html
jobs.51job.com/all/co4754145.html
jobs.51job.com/all/co3632022.html
jobs.51job.com/all/co3375353.html
jobs.51job.com/all/co3247676.html
jobs.51job.com/all/co2470115.html
jobs.51job.com/all/co3887818.html
jobs.51job.com/all/co4233619.html
jobs.51job.com/all/co3261849.html
jobs.51job.com/all/co9334.html
jobs.51job.com/all/co4163038.html
jobs.51job.com/all/co4147447.html
jobs.51job.com/all/co3645170.html
jobs.51job.com/all/co2705259.html
jobs.51job.com/all/co2214678.html
jobs.51job.com/all/co4113818.html
jobs.51job.com/all/co4005247.html
jobs.51job.com/all/co3531812.html
jobs.51job.com/all/co2878476.html
jobs.51job.com/all/co2619356.html
jobs.51job.com/all/co4057457.html
jobs.51job.com/all/co3256653.html
jobs.51job.com/all/co4278031.html
jobs.51job.com/all/co2698125.html
jobs.51job.com/all/co2967327.html
jobs.51job.com/all/co2915962.html
jobs.51job.com/all/co2783099.html
jobs.51job.com/all/co3940858.html
jobs.51job.com/all/co1580356.html
jobs.51job.com/all/co3559658.html
jobs.51job.com/all/co2882881.html
jobs.51job.com/all/co3874825.html
jobs.51job.com/all/co2398425.html
jobs.51job.com/all/co3799934.html
jobs.51job.com/all/co4761039.html
jobs.51job.com/all/co3815068.html
jobs.51job.com/all/co4314005.html
jobs.51job.com/all/co3271847.html
jobs.51job.com/all/co3967630.html
jobs.51job.com/all/co4738033.html
jobs.51job.com/all/co4188340.html
jobs.51job.com/all/co4757924.html
jobs.51job.com/all/co2936887.html
jobs.51job.com/all/co4796115.html
jobs.51job.com/all/co2809242.html
jobs.51job.com/all/co3059729.html
jobs.51job.com/all/co4323706.html
jobs.51job.com/all/co4676706.html
jobs.51job.com/all/co2698117.html
jobs.51job.com/all/co4285079.html
jobs.51job.com/all/co2504078.html
jobs.51job.com/all/co3668501.html
jobs.51job.com/all/co2546282.html
jobs.51job.com/all/co2760855.html
jobs.51job.com/all/co2650626.html
jobs.51job.com/all/co4199428.html
jobs.51job.com/all/co4189002.html
jobs.51job.com/all/co3667320.html
jobs.51job.com/all/co3748508.html
jobs.51job.com/all/co503872.html
jobs.51job.com/all/co3488274.html
jobs.51job.com/all/co141003.html
jobs.51job.com/all/co4234016.html
jobs.51job.com/all/co316507.html
jobs.51job.com/all/co4867709.html
jobs.51job.com/all/co4866965.html
jobs.51job.com/all/co3009198.html
jobs.51job.com/all/co4348341.html
jobs.51job.com/all/co3352286.html
jobs.51job.com/all/co3280351.html
jobs.51job.com/all/co3263609.html
jobs.51job.com/all/co2340814.html
jobs.51job.com/all/co4829821.html
jobs.51job.com/all/co4750475.html
jobs.51job.com/all/co4411090.html
jobs.51job.com/all/co3398115.html
jobs.51job.com/all/co4395623.html
jobs.51job.com/all/co3009387.html
jobs.51job.com/all/co3259827.html
jobs.51job.com/all/co3209739.html
jobs.51job.com/all/co3776948.html
jobs.51job.com/all/co4039204.html
jobs.51job.com/all/co4423119.html
jobs.51job.com/all/co4543174.html
jobs.51job.com/all/co4798943.html
jobs.51job.com/all/co3681669.html
jobs.51job.com/all/co4808386.html
jobs.51job.com/all/co2783353.html
jobs.51job.com/all/co3857580.html
jobs.51job.com/all/co3142032.html
jobs.51job.com/all/co3850540.html
jobs.51job.com/all/co2627714.html
jobs.51job.com/all/co3658231.html
jobs.51job.com/all/co3225483.html
jobs.51job.com/all/co4639691.html
jobs.51job.com/all/co4548557.html
jobs.51job.com/all/co269234.html
jobs.51job.com/all/co3414793.html
jobs.51job.com/all/co4600663.html
jobs.51job.com/all/co2855803.html
jobs.51job.com/all/co4325290.html
jobs.51job.com/all/co3398885.html
jobs.51job.com/all/co217199.html
jobs.51job.com/all/co4768447.html
jobs.51job.com/all/co4449896.html
jobs.51job.com/all/co3361801.html
jobs.51job.com/all/co2835443.html
jobs.51job.com/all/co3978805.html
jobs.51job.com/all/co2799788.html
jobs.51job.com/all/co4835436.html
jobs.51job.com/all/co525720.html
jobs.51job.com/all/co2600165.html
jobs.51job.com/all/co3805420.html
jobs.51job.com/all/co2540035.html
jobs.51job.com/all/co3048716.html
jobs.51job.com/all/co4772401.html
jobs.51job.com/all/co4772401.html
jobs.51job.com/all/co4772401.html
jobs.51job.com/all/co4772401.html
jobs.51job.com/all/co4772401.html
jobs.51job.com/all/co4772401.html
jobs.51job.com/all/co4772401.html
jobs.51job.com/all/co4772401.html
jobs.51job.com/all/co4772401.html
jobs.51job.com/all/co4772401.html
jobs.51job.com/all/co4772401.html
jobs.51job.com/all/co4772401.html
jobs.51job.com/all/co4772401.html
jobs.51job.com/all/co4772401.html
jobs.51job.com/all/co4772401.html
jobs.51job.com/all/co2508089.html
jobs.51job.com/all/co2508089.html
jobs.51job.com/all/co4281980.html
jobs.51job.com/all/co4750234.html
jobs.51job.com/all/co3907768.html
jobs.51job.com/all/co4842622.html
jobs.51job.com/all/co4443780.html
jobs.51job.com/all/co3307970.html
jobs.51job.com/all/co4281761.html
jobs.51job.com/all/co3085568.html
jobs.51job.com/all/co2932228.html
jobs.51job.com/all/co3796213.html
jobs.51job.com/all/co4795123.html
jobs.51job.com/all/co4912221.html
jobs.51job.com/all/co2811136.html
jobs.51job.com/all/co2811136.html
jobs.51job.com/all/co2839746.html
jobs.51job.com/all/co3550317.html
jobs.51job.com/all/co3550317.html
jobs.51job.com/all/co3550317.html
jobs.51job.com/all/co3811934.html
jobs.51job.com/all/co3550317.html
jobs.51job.com/all/co3550317.html
jobs.51job.com/all/co3550317.html
jobs.51job.com/all/co3550317.html
jobs.51job.com/all/co3550317.html
jobs.51job.com/all/co3550317.html
jobs.51job.com/all/co3550317.html
jobs.51job.com/all/co3550317.html
jobs.51job.com/all/co4281761.html
jobs.51job.com/all/co4281761.html
jobs.51job.com/all/co4678638.html
jobs.51job.com/all/co4678638.html
jobs.51job.com/all/co3544625.html
jobs.51job.com/all/co252890.html
jobs.51job.com/all/co4443780.html
jobs.51job.com/all/co4443780.html
jobs.51job.com/all/co3698120.html
jobs.51job.com/all/co4517484.html
jobs.51job.com/all/co4517484.html
jobs.51job.com/all/co2607098.html
jobs.51job.com/all/co3550317.html
jobs.51job.com/all/co3550317.html
jobs.51job.com/all/co3550317.html
jobs.51job.com/all/co4523333.html
jobs.51job.com/all/co3469821.html
jobs.51job.com/all/co4255021.html
jobs.51job.com/all/co2811136.html
jobs.51job.com/all/co2740447.html
jobs.51job.com/all/co2740447.html
jobs.51job.com/all/co2740447.html
jobs.51job.com/all/co2740447.html
jobs.51job.com/all/co2740447.html
jobs.51job.com/all/co2740447.html
jobs.51job.com/all/co2740447.html
jobs.51job.com/all/co2740447.html
jobs.51job.com/all/co2740447.html
jobs.51job.com/all/co2740447.html
jobs.51job.com/all/co2740447.html
jobs.51job.com/all/co2740447.html
jobs.51job.com/all/co2740447.html
jobs.51job.com/all/co2943567.html
jobs.51job.com/all/co2943567.html
jobs.51job.com/all/co2943567.html
jobs.51job.com/all/co4201868.html
jobs.51job.com/all/co3574303.html
jobs.51job.com/all/co3574303.html
jobs.51job.com/all/co3574303.html
jobs.51job.com/all/co3974301.html
jobs.51job.com/all/co3974301.html
jobs.51job.com/all/co4303721.html
jobs.51job.com/all/co4281761.html
jobs.51job.com/all/co4281761.html
jobs.51job.com/all/co4281761.html
jobs.51job.com/all/co4281761.html
jobs.51job.com/all/co4433330.html
jobs.51job.com/all/co4433330.html
jobs.51job.com/all/co4785883.html
jobs.51job.com/all/co4303721.html
jobs.51job.com/all/co2316939.html
jobs.51job.com/all/co2316939.html
jobs.51job.com/all/co2316939.html
jobs.51job.com/all/co2316939.html
jobs.51job.com/all/co4804160.html
jobs.51job.com/all/co4804160.html
jobs.51job.com/all/co3022396.html
jobs.51job.com/all/co3022396.html
jobs.51job.com/all/co2341351.html
jobs.51job.com/all/co4528100.html
jobs.51job.com/all/co4281761.html
jobs.51job.com/all/co4281761.html
jobs.51job.com/all/co4281761.html
jobs.51job.com/all/co4281761.html
jobs.51job.com/all/co4804160.html
jobs.51job.com/all/co4303721.html
jobs.51job.com/all/co3011514.html
jobs.51job.com/all/co4141299.html
jobs.51job.com/all/co4141299.html
jobs.51job.com/all/co4141299.html
jobs.51job.com/all/co4141299.html
jobs.51job.com/all/co4433330.html
jobs.51job.com/all/co3305041.html
jobs.51job.com/all/co3305041.html
jobs.51job.com/all/co3305041.html
jobs.51job.com/all/co3305041.html
jobs.51job.com/all/co3305041.html
jobs.51job.com/all/co3305041.html
jobs.51job.com/all/co4281761.html
jobs.51job.com/all/co4281761.html
jobs.51job.com/all/co4281761.html
jobs.51job.com/all/co4281761.html
jobs.51job.com/all/co4281761.html
jobs.51job.com/all/co4281761.html
jobs.51job.com/all/co4141299.html
jobs.51job.com/all/co4653333.html
jobs.51job.com/all/co3011514.html
jobs.51job.com/all/co4433330.html
jobs.51job.com/all/co3305041.html
jobs.51job.com/all/co2595871.html
jobs.51job.com/all/co2595871.html
jobs.51job.com/all/co2595871.html
jobs.51job.com/all/co4141299.html
jobs.51job.com/all/co4141299.html
jobs.51job.com/all/co4141299.html
jobs.51job.com/all/co4141299.html
jobs.51job.com/all/co3022396.html
jobs.51job.com/all/co2316939.html
jobs.51job.com/all/co2316939.html
jobs.51job.com/all/co2316939.html
jobs.51job.com/all/co2316939.html
jobs.51job.com/all/co2316939.html
jobs.51job.com/all/co2316939.html
jobs.51job.com/all/co2316939.html
jobs.51job.com/all/co2316939.html
jobs.51job.com/all/co2316939.html
jobs.51job.com/all/co2316939.html
jobs.51job.com/all/co2316939.html
jobs.51job.com/all/co2316939.html
jobs.51job.com/all/co2316939.html
jobs.51job.com/all/co2316939.html
jobs.51job.com/all/co2316939.html
jobs.51job.com/all/co2316939.html
jobs.51job.com/all/co3900383.html
jobs.51job.com/all/co3900383.html
jobs.51job.com/all/co3900383.html
jobs.51job.com/all/co3900383.html
jobs.51job.com/all/co3900383.html
jobs.51job.com/all/co3900383.html
jobs.51job.com/all/co3900383.html
jobs.51job.com/all/co3900383.html
jobs.51job.com/all/co3900383.html
jobs.51job.com/all/co3900383.html
jobs.51job.com/all/co4076759.html
jobs.51job.com/all/co4076759.html
jobs.51job.com/all/co4076759.html
jobs.51job.com/all/co2521819.html
jobs.51job.com/all/co3550317.html
jobs.51job.com/all/co2547178.html
jobs.51job.com/all/co2547178.html
jobs.51job.com/all/co3883931.html
jobs.51job.com/all/co3528235.html
jobs.51job.com/all/co3528235.html
jobs.51job.com/all/co3528235.html
jobs.51job.com/all/co4727070.html
jobs.51job.com/all/co4394553.html
jobs.51job.com/all/co4394553.html
jobs.51job.com/all/co4394553.html
jobs.51job.com/all/co3115365.html
jobs.51job.com/all/co3045001.html
jobs.51job.com/all/co3045001.html
jobs.51job.com/all/co4394553.html
jobs.51job.com/all/co3550317.html
jobs.51job.com/all/co3575751.html
jobs.51job.com/all/co3550317.html
jobs.51job.com/all/co4035114.html
jobs.51job.com/all/co3455608.html
jobs.51job.com/all/co2924687.html
jobs.51job.com/all/co358208.html
jobs.51job.com/all/co3948966.html
jobs.51job.com/all/co3948966.html
jobs.51job.com/all/co3287585.html
jobs.51job.com/all/co4727070.html
jobs.51job.com/all/co4407432.html
jobs.51job.com/all/co4842622.html
jobs.51job.com/all/co2391304.html
jobs.51job.com/all/co2391304.html
jobs.51job.com/all/co2391304.html
jobs.51job.com/all/co2525671.html
jobs.51job.com/all/co2525671.html
jobs.51job.com/all/co3443940.html
jobs.51job.com/all/co3443940.html
jobs.51job.com/all/co3443940.html
jobs.51job.com/all/co4945577.html
jobs.51job.com/all/co2839746.html
jobs.51job.com/all/co2585925.html
jobs.51job.com/all/co2096249.html
jobs.51job.com/all/co4779331.html
jobs.51job.com/all/co2405681.html
jobs.51job.com/all/co2405681.html
jobs.51job.com/all/co2405681.html
jobs.51job.com/all/co4276942.html
jobs.51job.com/all/co4779331.html
jobs.51job.com/all/co4779331.html
jobs.51job.com/all/co4779331.html
jobs.51job.com/all/co4122928.html
jobs.51job.com/all/co3550317.html
jobs.51job.com/all/co3565953.html
jobs.51job.com/all/co3078867.html
jobs.51job.com/all/co3078867.html
jobs.51job.com/all/co2573014.html
jobs.51job.com/all/co4444266.html
jobs.51job.com/all/co4329541.html
jobs.51job.com/all/co2096249.html
jobs.51job.com/all/co4276942.html
jobs.51job.com/all/co2891643.html
jobs.51job.com/all/co2728811.html
jobs.51job.com/all/co2728811.html
jobs.51job.com/all/co4464686.html
jobs.51job.com/all/co4311299.html
jobs.51job.com/all/co4311299.html
jobs.51job.com/all/co4311299.html
jobs.51job.com/all/co3959964.html
jobs.51job.com/all/co4035114.html
jobs.51job.com/all/co3870595.html
jobs.51job.com/all/co2596887.html
jobs.51job.com/all/co4855819.html
jobs.51job.com/all/co4855819.html
jobs.51job.com/all/co4933217.html
jobs.51job.com/all/co4805592.html
jobs.51job.com/all/co4805592.html
jobs.51job.com/all/co849392.html
jobs.51job.com/all/co4358744.html
jobs.51job.com/all/co2402422.html
jobs.51job.com/all/co3906510.html
jobs.51job.com/all/co3906510.html
jobs.51job.com/all/co2918328.html
jobs.51job.com/all/co4819853.html
jobs.51job.com/all/co4819853.html
jobs.51job.com/all/co4819853.html
jobs.51job.com/all/co3221614.html
jobs.51job.com/all/co2921630.html
jobs.51job.com/all/co2508089.html
jobs.51job.com/all/co2508089.html
jobs.51job.com/all/co2508089.html
jobs.51job.com/all/co4863461.html
jobs.51job.com/all/co4863461.html
jobs.51job.com/all/co4087369.html
jobs.51job.com/all/co300472.html
jobs.51job.com/all/co2646283.html
jobs.51job.com/all/co2646283.html
jobs.51job.com/all/co4554490.html
jobs.51job.com/all/co4002088.html
jobs.51job.com/all/co3911282.html
jobs.51job.com/all/co4253606.html
jobs.51job.com/all/co2924687.html
jobs.51job.com/all/co2924687.html
jobs.51job.com/all/co4013305.html
jobs.51job.com/all/co4281980.html
jobs.51job.com/all/co3011014.html
jobs.51job.com/all/co200527.html
jobs.51job.com/all/co2736450.html
jobs.51job.com/all/co2736450.html
jobs.51job.com/all/co3731522.html
jobs.51job.com/all/co2682620.html
jobs.51job.com/all/co2902649.html
jobs.51job.com/all/co2003353.html
jobs.51job.com/all/co2323575.html
jobs.51job.com/all/co2323575.html
jobs.51job.com/all/co2273274.html
jobs.51job.com/all/co4924056.html
jobs.51job.com/all/co4924056.html
jobs.51job.com/all/co4759814.html
jobs.51job.com/all/co4759814.html
jobs.51job.com/all/co4599859.html
jobs.51job.com/all/co2925017.html
jobs.51job.com/all/co3605141.html
jobs.51job.com/all/co3605141.html
jobs.51job.com/all/co2057184.html
jobs.51job.com/all/co3948966.html
jobs.51job.com/all/co2838636.html
jobs.51job.com/all/co2357498.html
jobs.51job.com/all/co4820685.html
jobs.51job.com/all/co4820685.html
jobs.51job.com/all/co3909591.html
jobs.51job.com/all/co3426855.html
jobs.51job.com/all/co3426855.html
jobs.51job.com/all/co3426855.html
jobs.51job.com/all/co613211.html
jobs.51job.com/all/co4443780.html
jobs.51job.com/all/co3312761.html
jobs.51job.com/all/co3119691.html
jobs.51job.com/all/co3974686.html
jobs.51job.com/all/co3974686.html
jobs.51job.com/all/co3974686.html
jobs.51job.com/all/co3974686.html
jobs.51job.com/all/co3605533.html
jobs.51job.com/all/co3605533.html
jobs.51job.com/all/co4162953.html
jobs.51job.com/all/co2725636.html
jobs.51job.com/all/co4727070.html
jobs.51job.com/all/co4727070.html
jobs.51job.com/all/co4727070.html
jobs.51job.com/all/co4727070.html
jobs.51job.com/all/co4727070.html
jobs.51job.com/all/co4727070.html
jobs.51job.com/all/co4727070.html
jobs.51job.com/all/co4727070.html
jobs.51job.com/all/co4727070.html
jobs.51job.com/all/co4727070.html
jobs.51job.com/all/co4727070.html
jobs.51job.com/all/co4727070.html
jobs.51job.com/all/co4727070.html
jobs.51job.com/all/co4727070.html
jobs.51job.com/all/co4727070.html
jobs.51job.com/all/co4727070.html
jobs.51job.com/all/co4727070.html
jobs.51job.com/all/co4727070.html
jobs.51job.com/all/co4727070.html
jobs.51job.com/all/co4727070.html
jobs.51job.com/all/co4727070.html
jobs.51job.com/all/co4727070.html
jobs.51job.com/all/co4727070.html
jobs.51job.com/all/co4727070.html
jobs.51job.com/all/co4727070.html
jobs.51job.com/all/co4727070.html
jobs.51job.com/all/co4727070.html
jobs.51job.com/all/co4727070.html
jobs.51job.com/all/co4727070.html
jobs.51job.com/all/co4727070.html
jobs.51job.com/all/co4727070.html
jobs.51job.com/all/co3278473.html
jobs.51job.com/all/co2554588.html
jobs.51job.com/all/co2554588.html
jobs.51job.com/all/co2554588.html
jobs.51job.com/all/co3961294.html
jobs.51job.com/all/co2263262.html
jobs.51job.com/all/co4443780.html
jobs.51job.com/all/co4443780.html
jobs.51job.com/all/co4443780.html
jobs.51job.com/all/co4443780.html
jobs.51job.com/all/co4443780.html
jobs.51job.com/all/co4443780.html
jobs.51job.com/all/co2200378.html
jobs.51job.com/all/co2200378.html
jobs.51job.com/all/co2525671.html
jobs.51job.com/all/co3030305.html
jobs.51job.com/all/co2779050.html
jobs.51job.com/all/co3154688.html
jobs.51job.com/all/co4389081.html
jobs.51job.com/all/co2961662.html
jobs.51job.com/all/co4912575.html
jobs.51job.com/all/co4084660.html
jobs.51job.com/all/co2337654.html
jobs.51job.com/all/co2941739.html
jobs.51job.com/all/co2941739.html
jobs.51job.com/all/co2946349.html
jobs.51job.com/all/co2946349.html
jobs.51job.com/all/co3218543.html
jobs.51job.com/all/co3218543.html
jobs.51job.com/all/co4865406.html
jobs.51job.com/all/co3492325.html
jobs.51job.com/all/co3522305.html
jobs.51job.com/all/co3002239.html
jobs.51job.com/all/co4588441.html
jobs.51job.com/all/co3388167.html
jobs.51job.com/all/co180850.html
jobs.51job.com/all/co3855108.html
jobs.51job.com/all/co4805592.html
jobs.51job.com/all/co4928478.html
jobs.51job.com/all/co3494879.html
jobs.51job.com/all/co3735645.html
jobs.51job.com/all/co3735645.html
jobs.51job.com/all/co2721455.html
jobs.51job.com/all/co3241175.html
jobs.51job.com/all/co1976262.html
jobs.51job.com/all/co3269823.html
jobs.51job.com/all/co3269823.html
jobs.51job.com/all/co3138604.html
jobs.51job.com/all/co2853662.html
jobs.51job.com/all/co4861834.html
jobs.51job.com/all/co4478264.html
jobs.51job.com/all/co4478264.html
jobs.51job.com/all/co4478264.html
jobs.51job.com/all/co3085568.html
jobs.51job.com/all/co4421656.html
jobs.51job.com/all/co2932228.html
jobs.51job.com/all/co4839316.html
jobs.51job.com/all/co4558071.html
jobs.51job.com/all/co3423492.html
jobs.51job.com/all/co4819853.html
jobs.51job.com/all/co4819853.html
jobs.51job.com/all/co4819853.html
jobs.51job.com/all/co2407448.html
jobs.51job.com/all/co2407448.html
jobs.51job.com/all/co4805592.html
jobs.51job.com/all/co4516511.html
jobs.51job.com/all/co3146267.html
jobs.51job.com/all/co2901022.html
jobs.51job.com/all/co3796213.html
jobs.51job.com/all/co2958006.html
jobs.51job.com/all/co2958006.html
jobs.51job.com/all/co579314.html
jobs.51job.com/all/co579314.html
jobs.51job.com/all/co4839316.html
jobs.51job.com/all/co2628729.html
jobs.51job.com/all/co2473696.html
jobs.51job.com/all/co3225089.html
jobs.51job.com/all/co4363609.html
jobs.51job.com/all/co4363609.html
jobs.51job.com/all/co2696932.html
jobs.51job.com/all/co2773514.html
jobs.51job.com/all/co2803564.html
jobs.51job.com/all/co2803564.html
jobs.51job.com/all/co2803564.html
jobs.51job.com/all/co2803564.html
jobs.51job.com/all/co2803564.html
jobs.51job.com/all/co4511187.html
jobs.51job.com/all/co4511187.html
jobs.51job.com/all/co4511187.html
jobs.51job.com/all/co4511187.html
jobs.51job.com/all/co4511187.html
jobs.51job.com/all/co4839316.html
jobs.51job.com/all/co4668823.html
jobs.51job.com/all/co4668823.html
jobs.51job.com/all/co4668823.html
jobs.51job.com/all/co2585925.html
jobs.51job.com/all/co2585925.html
jobs.51job.com/all/co1419875.html
jobs.51job.com/all/co3726486.html
jobs.51job.com/all/co4338630.html
jobs.51job.com/all/co4338630.html
jobs.51job.com/all/co4338630.html
jobs.51job.com/all/co4384936.html
jobs.51job.com/all/co2618599.html
jobs.51job.com/all/co4839316.html
jobs.51job.com/all/co3468853.html
jobs.51job.com/all/co3468853.html
jobs.51job.com/all/co3468853.html
jobs.51job.com/all/co4830389.html
jobs.51job.com/all/co4830389.html
jobs.51job.com/all/co3321971.html
jobs.51job.com/all/co4839316.html
jobs.51job.com/all/co4839316.html
jobs.51job.com/all/co4528221.html
jobs.51job.com/all/co293330.html
jobs.51job.com/all/co293330.html
jobs.51job.com/all/co3031533.html
jobs.51job.com/all/co3335027.html
jobs.51job.com/all/co4839316.html
jobs.51job.com/all/co4944741.html
jobs.51job.com/all/co4819853.html
jobs.51job.com/all/co3850664.html
jobs.51job.com/all/co3850664.html
jobs.51job.com/all/co3850664.html
jobs.51job.com/all/co3242846.html
jobs.51job.com/all/co4912221.html
jobs.51job.com/all/co2416743.html
jobs.51job.com/all/co4793421.html
jobs.51job.com/all/co3010769.html
jobs.51job.com/all/co2016957.html
jobs.51job.com/all/co2016957.html
jobs.51job.com/all/co4924196.html
jobs.51job.com/all/co4924196.html
jobs.51job.com/all/co4924196.html
jobs.51job.com/all/co4430233.html
jobs.51job.com/all/co3028578.html
jobs.51job.com/all/co3028578.html
jobs.51job.com/all/co3028578.html
jobs.51job.com/all/co3028578.html
jobs.51job.com/all/co3028578.html
jobs.51job.com/all/co3028578.html
jobs.51job.com/all/co1926760.html
jobs.51job.com/all/co2701167.html
jobs.51job.com/all/co2696932.html
jobs.51job.com/all/co498942.html
jobs.51job.com/all/co498942.html
jobs.51job.com/all/co3132964.html
jobs.51job.com/all/co4118029.html
jobs.51job.com/all/co4890323.html
jobs.51job.com/all/co3893642.html
jobs.51job.com/all/co3833345.html
jobs.51job.com/all/co2317666.html
jobs.51job.com/all/co185682.html
jobs.51job.com/all/co3833345.html
jobs.51job.com/all/co2690022.html
jobs.51job.com/all/co2716614.html
jobs.51job.com/all/co2716614.html
jobs.51job.com/all/co2716614.html
jobs.51job.com/all/co4558071.html
jobs.51job.com/all/co3111108.html
jobs.51job.com/all/co3111108.html
jobs.51job.com/all/co3409019.html
jobs.51job.com/all/co3409019.html
jobs.51job.com/all/co3409019.html
jobs.51job.com/all/co3409019.html
jobs.51job.com/all/co3080538.html
jobs.51job.com/all/co3080538.html
jobs.51job.com/all/co316341.html
jobs.51job.com/all/co3911623.html
jobs.51job.com/all/co3284572.html
jobs.51job.com/all/co3284572.html
jobs.51job.com/all/co3284572.html
jobs.51job.com/all/co3284572.html
jobs.51job.com/all/co3284572.html
jobs.51job.com/all/co4507064.html
jobs.51job.com/all/co3284572.html
jobs.51job.com/all/co3284572.html
jobs.51job.com/all/co3284572.html
jobs.51job.com/all/co3797149.html
jobs.51job.com/all/co3797149.html
jobs.51job.com/all/co3451068.html
jobs.51job.com/all/co4212415.html
jobs.51job.com/all/co3773759.html
jobs.51job.com/all/co2811136.html
jobs.51job.com/all/co2811136.html
jobs.51job.com/all/co500745.html
jobs.51job.com/all/co4411272.html
jobs.51job.com/all/co1356904.html
jobs.51job.com/all/co3466340.html
jobs.51job.com/all/co2925017.html
jobs.51job.com/all/co4673721.html
jobs.51job.com/all/co4673721.html
jobs.51job.com/all/co4673721.html
jobs.51job.com/all/co3686668.html
jobs.51job.com/all/co3987242.html
jobs.51job.com/all/co4492410.html
jobs.51job.com/all/co4492410.html
jobs.51job.com/all/co4492410.html
jobs.51job.com/all/co3979136.html
jobs.51job.com/all/co4769532.html
jobs.51job.com/all/co2697108.html
jobs.51job.com/all/co2697108.html
jobs.51job.com/all/co3463736.html
jobs.51job.com/all/co3828924.html
jobs.51job.com/all/co3872564.html
jobs.51job.com/all/co3991409.html
jobs.51job.com/all/co3874111.html
jobs.51job.com/all/co3874111.html
jobs.51job.com/all/co3197065.html
jobs.51job.com/all/co2650799.html
jobs.51job.com/all/co2260264.html
jobs.51job.com/all/co2260264.html
jobs.51job.com/all/co2205438.html
jobs.51job.com/all/co3284572.html
jobs.51job.com/all/co3284572.html
jobs.51job.com/all/co3284572.html
jobs.51job.com/all/co3284572.html
jobs.51job.com/all/co3284572.html
jobs.51job.com/all/co3284572.html
jobs.51job.com/all/co3284572.html
jobs.51job.com/all/co3284572.html
jobs.51job.com/all/co4826403.html
jobs.51job.com/all/co2771621.html
jobs.51job.com/all/co2450210.html
jobs.51job.com/all/co4876941.html
jobs.51job.com/all/co4876941.html
jobs.51job.com/all/co4876941.html
jobs.51job.com/all/co4876941.html
jobs.51job.com/all/co3529447.html
jobs.51job.com/all/co4940701.html
jobs.51job.com/all/co4940701.html
jobs.51job.com/all/co4940701.html
jobs.51job.com/all/co4519075.html
jobs.51job.com/all/co2839746.html
jobs.51job.com/all/co2839746.html
jobs.51job.com/all/co2839746.html
jobs.51job.com/all/co2839746.html
jobs.51job.com/all/co2839746.html
jobs.51job.com/all/co2839746.html
jobs.51job.com/all/co2839746.html
jobs.51job.com/all/co3117154.html
jobs.51job.com/all/co4826403.html
jobs.51job.com/all/co2482404.html
jobs.51job.com/all/co2857093.html
jobs.51job.com/all/co2301433.html
jobs.51job.com/all/co3068522.html
jobs.51job.com/all/co3068522.html
jobs.51job.com/all/co3068522.html
jobs.51job.com/all/co4826403.html
jobs.51job.com/all/co2539705.html
jobs.51job.com/all/co2256279.html
jobs.51job.com/all/co2256279.html
jobs.51job.com/all/co2256279.html
jobs.51job.com/all/co2256279.html
jobs.51job.com/all/co2963705.html
jobs.51job.com/all/co2440680.html
jobs.51job.com/all/co3045001.html
jobs.51job.com/all/co3045001.html
jobs.51job.com/all/co2911878.html
jobs.51job.com/all/co4818126.html
jobs.51job.com/all/co2896819.html
jobs.51job.com/all/co4703368.html
jobs.51job.com/all/co3101843.html
jobs.51job.com/all/co3454023.html
jobs.51job.com/all/co3610872.html
jobs.51job.com/all/co3610872.html
jobs.51job.com/all/co4446194.html
jobs.51job.com/all/co3550317.html
jobs.51job.com/all/co4868329.html
jobs.51job.com/all/co4868329.html
jobs.51job.com/all/co4868329.html
jobs.51job.com/all/co4868329.html
jobs.51job.com/all/co4868329.html
jobs.51job.com/all/co4868329.html
jobs.51job.com/all/co4868329.html
jobs.51job.com/all/co4868329.html
jobs.51job.com/all/co3284572.html
jobs.51job.com/all/co2670227.html
jobs.51job.com/all/co4140953.html
jobs.51job.com/all/co4140953.html
jobs.51job.com/all/co3877120.html
jobs.51job.com/all/co2911878.html
jobs.51job.com/all/co2911878.html
jobs.51job.com/all/co2911878.html
jobs.51job.com/all/co2911878.html
jobs.51job.com/all/co2911878.html
jobs.51job.com/all/co2911878.html
jobs.51job.com/all/co3910221.html
jobs.51job.com/all/co3910221.html
jobs.51job.com/all/co4884027.html
jobs.51job.com/all/co4884027.html
jobs.51job.com/all/co4884027.html
jobs.51job.com/all/co3202389.html
jobs.51job.com/all/co3202389.html
jobs.51job.com/all/co3202389.html
jobs.51job.com/all/co3202389.html
jobs.51job.com/all/co3202389.html
jobs.51job.com/all/co3202389.html
jobs.51job.com/all/co2634271.html
jobs.51job.com/all/co315847.html
jobs.51job.com/all/co4040095.html
jobs.51job.com/all/co2380542.html
jobs.51job.com/all/co1228645.html
jobs.51job.com/all/co1228645.html
jobs.51job.com/all/co4646869.html
jobs.51job.com/all/co2319239.html
jobs.51job.com/all/co2969550.html
jobs.51job.com/all/co4736780.html
jobs.51job.com/all/co4736780.html
jobs.51job.com/all/co4813666.html
jobs.51job.com/all/co4615056.html
jobs.51job.com/all/co4615056.html
jobs.51job.com/all/co390444.html
jobs.51job.com/all/co4877665.html
jobs.51job.com/all/co4877665.html
jobs.51job.com/all/co4413851.html
jobs.51job.com/all/co4413851.html
jobs.51job.com/all/co4413851.html
jobs.51job.com/all/co2822410.html
jobs.51job.com/all/co2822410.html
jobs.51job.com/all/co3689364.html
jobs.51job.com/all/co3689364.html
jobs.51job.com/all/co4309877.html
jobs.51job.com/all/co4309877.html
jobs.51job.com/all/co3051334.html
jobs.51job.com/all/co4443735.html
jobs.51job.com/all/co4361405.html
jobs.51job.com/all/co2995481.html
jobs.51job.com/all/co2995481.html
jobs.51job.com/all/co2995481.html
jobs.51job.com/all/co2995481.html
jobs.51job.com/all/co3632444.html
jobs.51job.com/all/co2255008.html
jobs.51job.com/all/co4681400.html
jobs.51job.com/all/co4681400.html
jobs.51job.com/all/co4681400.html
jobs.51job.com/all/co3275405.html
jobs.51job.com/all/co4681400.html
jobs.51job.com/all/co4681400.html
jobs.51job.com/all/co4681400.html
jobs.51job.com/all/co4329015.html
jobs.51job.com/all/co2442179.html
jobs.51job.com/all/co2442179.html
jobs.51job.com/all/co3497516.html
jobs.51job.com/all/co3497516.html
jobs.51job.com/all/co3497516.html
jobs.51job.com/all/co3497516.html
jobs.51job.com/all/co3497516.html
jobs.51job.com/all/co4440185.html
jobs.51job.com/all/co4133602.html
jobs.51job.com/all/co3497516.html
jobs.51job.com/all/co3497516.html
jobs.51job.com/all/co3497516.html
jobs.51job.com/all/co3497516.html
jobs.51job.com/all/co3497516.html
jobs.51job.com/all/co3497516.html
jobs.51job.com/all/co3497516.html
jobs.51job.com/all/co3497516.html
jobs.51job.com/all/co4865406.html
jobs.51job.com/all/co4440185.html
jobs.51job.com/all/co3550317.html
jobs.51job.com/all/co3550317.html
jobs.51job.com/all/co3550317.html
jobs.51job.com/all/co3550317.html
jobs.51job.com/all/co3550317.html
jobs.51job.com/all/co3550317.html
jobs.51job.com/all/co3550317.html
jobs.51job.com/all/co3550317.html
jobs.51job.com/all/co3550317.html
jobs.51job.com/all/co3550317.html
jobs.51job.com/all/co3550317.html
jobs.51job.com/all/co3550317.html
jobs.51job.com/all/co3550317.html
jobs.51job.com/all/co3550317.html
jobs.51job.com/all/co3550317.html
jobs.51job.com/all/co4274012.html
jobs.51job.com/all/co2680544.html
jobs.51job.com/all/co2911878.html
jobs.51job.com/all/co3544625.html
jobs.51job.com/all/co259788.html
jobs.51job.com/all/co2442179.html
jobs.51job.com/all/co3171767.html
jobs.51job.com/all/co3171767.html
jobs.51job.com/all/co3171767.html
jobs.51job.com/all/co3423644.html
jobs.51job.com/all/co4263561.html
jobs.51job.com/all/co2765982.html
jobs.51job.com/all/co2765982.html
jobs.51job.com/all/co2765982.html
jobs.51job.com/all/co2765982.html
jobs.51job.com/all/co2765982.html
jobs.51job.com/all/co2765982.html
jobs.51job.com/all/co2765982.html
jobs.51job.com/all/co4868329.html
jobs.51job.com/all/co4851547.html
jobs.51job.com/all/co2202048.html
jobs.51job.com/all/co2202048.html
jobs.51job.com/all/co3052290.html
jobs.51job.com/all/co4405028.html
jobs.51job.com/all/co4405028.html
jobs.51job.com/all/co4405028.html
jobs.51job.com/all/co3693301.html
jobs.51job.com/all/co4868329.html
jobs.51job.com/all/co2764935.html
jobs.51job.com/all/co3318075.html
jobs.51job.com/all/co2894288.html
jobs.51job.com/all/co4527634.html
jobs.51job.com/all/co4527634.html
jobs.51job.com/all/co2588793.html
jobs.51job.com/all/co2588793.html
jobs.51job.com/all/co2588793.html
jobs.51job.com/all/co2588793.html
jobs.51job.com/all/co2588793.html
jobs.51job.com/all/co2588793.html
jobs.51job.com/all/co2588793.html
jobs.51job.com/all/co2588793.html
jobs.51job.com/all/co2588793.html
jobs.51job.com/all/co2921152.html
jobs.51job.com/all/co3865303.html
jobs.51job.com/all/co4577697.html
jobs.51job.com/all/co2184249.html
jobs.51job.com/all/co4413851.html
jobs.51job.com/all/co4413851.html
jobs.51job.com/all/co252890.html
jobs.51job.com/all/co252890.html
jobs.51job.com/all/co4443780.html
jobs.51job.com/all/co4443780.html
jobs.51job.com/all/co4443780.html
jobs.51job.com/all/co4443780.html
jobs.51job.com/all/co4443780.html
jobs.51job.com/all/co4443780.html
jobs.51job.com/all/co4443780.html
jobs.51job.com/all/co4443780.html
jobs.51job.com/all/co4443780.html
jobs.51job.com/all/co4443780.html
jobs.51job.com/all/co4443780.html
jobs.51job.com/all/co4443780.html
jobs.51job.com/all/co4443780.html
jobs.51job.com/all/co4443780.html
jobs.51job.com/all/co4443780.html
jobs.51job.com/all/co4443780.html
jobs.51job.com/all/co4443780.html
jobs.51job.com/all/co4443780.html
jobs.51job.com/all/co4443780.html
jobs.51job.com/all/co4443780.html
jobs.51job.com/all/co4287677.html
jobs.51job.com/all/co4287677.html
jobs.51job.com/all/co4287677.html
jobs.51job.com/all/co4560419.html
jobs.51job.com/all/co3208942.html
jobs.51job.com/all/co3208942.html
jobs.51job.com/all/co3423644.html
jobs.51job.com/all/co2542536.html
jobs.51job.com/all/co3698120.html
jobs.51job.com/all/co3698120.html
jobs.51job.com/all/co3698120.html
jobs.51job.com/all/co3698120.html
jobs.51job.com/all/co4413487.html
jobs.51job.com/all/co4492233.html
jobs.51job.com/all/co4669690.html
jobs.51job.com/all/co4194358.html
jobs.51job.com/all/co3045001.html
jobs.51job.com/all/co3045001.html
jobs.51job.com/all/co3045001.html
jobs.51job.com/all/co3045001.html
jobs.51job.com/all/co4909575.html
jobs.51job.com/all/co4909575.html
jobs.51job.com/all/co3804769.html
jobs.51job.com/all/co2842558.html
jobs.51job.com/all/co2400029.html
jobs.51job.com/all/co2400029.html
jobs.51job.com/all/co3883931.html
jobs.51job.com/all/co3883931.html
jobs.51job.com/all/co3662663.html
jobs.51job.com/all/co3662663.html
jobs.51job.com/all/co3662663.html
jobs.51job.com/all/co3662663.html
jobs.51job.com/all/co3662663.html
jobs.51job.com/all/co3870847.html
jobs.51job.com/all/co4486624.html
jobs.51job.com/all/co4413487.html
jobs.51job.com/all/co4413487.html
jobs.51job.com/all/co4413487.html
jobs.51job.com/all/co4379554.html
jobs.51job.com/all/co2431542.html
jobs.51job.com/all/co2463033.html
jobs.51job.com/all/co2463033.html
jobs.51job.com/all/co2468654.html
jobs.51job.com/all/co4747916.html
jobs.51job.com/all/co4747916.html
jobs.51job.com/all/co4747916.html
jobs.51job.com/all/co4747916.html
jobs.51job.com/all/co4747916.html
jobs.51job.com/all/co4747916.html
jobs.51job.com/all/co2400029.html
jobs.51job.com/all/co2582452.html
jobs.51job.com/all/co2238723.html
jobs.51job.com/all/co4290171.html
jobs.51job.com/all/co2959647.html
jobs.51job.com/all/co2959647.html
jobs.51job.com/all/co2959647.html
jobs.51job.com/all/co4288654.html
jobs.51job.com/all/co4288654.html
jobs.51job.com/all/co3683085.html
jobs.51job.com/all/co3963587.html
jobs.51job.com/all/co3565688.html
jobs.51job.com/all/co3565688.html
jobs.51job.com/all/co3565688.html
jobs.51job.com/all/co2781136.html
jobs.51job.com/all/co3454023.html
jobs.51job.com/all/co3454023.html
jobs.51job.com/all/co3497516.html
jobs.51job.com/all/co3497516.html
jobs.51job.com/all/co4068753.html
jobs.51job.com/all/co3497516.html
jobs.51job.com/all/co3497516.html
jobs.51job.com/all/co3497516.html
jobs.51job.com/all/co3497516.html
jobs.51job.com/all/co3497516.html
jobs.51job.com/all/co3497516.html
jobs.51job.com/all/co3497516.html
jobs.51job.com/all/co3497516.html
jobs.51job.com/all/co3497516.html
jobs.51job.com/all/co3497516.html
jobs.51job.com/all/co3497516.html
jobs.51job.com/all/co3497516.html
jobs.51job.com/all/co3497516.html
jobs.51job.com/all/co3497516.html
jobs.51job.com/all/co3497516.html
jobs.51job.com/all/co3497516.html
jobs.51job.com/all/co3497516.html
jobs.51job.com/all/co3497516.html
jobs.51job.com/all/co3497516.html
jobs.51job.com/all/co3497516.html
jobs.51job.com/all/co3497516.html
jobs.51job.com/all/co3375353.html
jobs.51job.com/all/co1996750.html
jobs.51job.com/all/co1996750.html
jobs.51job.com/all/co4147447.html
jobs.51job.com/all/co2705259.html
jobs.51job.com/all/co3531812.html
jobs.51job.com/all/co3531812.html
jobs.51job.com/all/co3531812.html
jobs.51job.com/all/co2878476.html
jobs.51job.com/all/co3550317.html
jobs.51job.com/all/co3550317.html
jobs.51job.com/all/co4523333.html
jobs.51job.com/all/co2955195.html
jobs.51job.com/all/co4068753.html
jobs.51job.com/all/co4068753.html
jobs.51job.com/all/co4068753.html
jobs.51job.com/all/co3310084.html
jobs.51job.com/all/co3310084.html
jobs.51job.com/all/co2429681.html
neusoft.51job.com
jobs.51job.com/all/co4379554.html
jobs.51job.com/all/co4379554.html
jobs.51job.com/all/co4379554.html
jobs.51job.com/all/co2398425.html
jobs.51job.com/all/co2205438.html
jobs.51job.com/all/co2936887.html
jobs.51job.com/all/co2936887.html
jobs.51job.com/all/co3059729.html
jobs.51job.com/all/co4676706.html
jobs.51job.com/all/co2698117.html
jobs.51job.com/all/co4285079.html
jobs.51job.com/all/co4285079.html
jobs.51job.com/all/co3668501.html
jobs.51job.com/all/co4199428.html
jobs.51job.com/all/co3668501.html
jobs.51job.com/all/co2799039.html
jobs.51job.com/all/co3850664.html
jobs.51job.com/all/co3850664.html
jobs.51job.com/all/co2825933.html
jobs.51job.com/all/co3280351.html
jobs.51job.com/all/co2915962.html
jobs.51job.com/all/co2915962.html
jobs.51job.com/all/co4395623.html
jobs.51job.com/all/co4395623.html
jobs.51job.com/all/co4395623.html
jobs.51job.com/all/co3239044.html
jobs.51job.com/all/co3776948.html
jobs.51job.com/all/co2698117.html
jobs.51job.com/all/co2836406.html
jobs.51job.com/all/co2836406.html
jobs.51job.com/all/co2836406.html
jobs.51job.com/all/co2601278.html
jobs.51job.com/all/co4255021.html
jobs.51job.com/all/co4255021.html
jobs.51job.com/all/co4255021.html
jobs.51job.com/all/co3363454.html
jobs.51job.com/all/co2338017.html
jobs.51job.com/all/co2338017.html
jobs.51job.com/all/co3857580.html
jobs.51job.com/all/co3857580.html
jobs.51job.com/all/co3857580.html
jobs.51job.com/all/co3857580.html
jobs.51job.com/all/co3850540.html
jobs.51job.com/all/co2627714.html
jobs.51job.com/all/co3225483.html
jobs.51job.com/all/co4639691.html
jobs.51job.com/all/co4639691.html
jobs.51job.com/all/co3284572.html
jobs.51job.com/all/co3809601.html
jobs.51job.com/all/co4517484.html
jobs.51job.com/all/co4433330.html
jobs.51job.com/all/co4433330.html
jobs.51job.com/all/co2316939.html
jobs.51job.com/all/co4653333.html
jobs.51job.com/all/co3900383.html
jobs.51job.com/all/co4394553.html
jobs.51job.com/all/co4361538.html
jobs.51job.com/all/co3312761.html
jobs.51job.com/all/co3030305.html
jobs.51job.com/all/co3030305.html
jobs.51job.com/all/co3030305.html
jobs.51job.com/all/co3030305.html
jobs.51job.com/all/co180850.html
jobs.51job.com/all/co3494879.html
jobs.51job.com/all/co3494879.html
jobs.51job.com/all/co3494879.html
jobs.51job.com/all/co3785852.html
jobs.51job.com/all/co3494879.html
jobs.51job.com/all/co3494879.html
jobs.51job.com/all/co500745.html
jobs.51job.com/all/co3494879.html
jobs.51job.com/all/co3494879.html
jobs.51job.com/all/co3494879.html
jobs.51job.com/all/co3494879.html
jobs.51job.com/all/co3284572.html
jobs.51job.com/all/co4381223.html
jobs.51job.com/all/co4690455.html
jobs.51job.com/all/co2911878.html
jobs.51job.com/all/co2615815.html
jobs.51job.com/all/co3978805.html
jobs.51job.com/all/co3978805.html
jobs.51job.com/all/co4527634.html
jobs.51job.com/all/co3119175.html
jobs.51job.com/all/co1991226.html
jobs.51job.com/all/co2214678.html
jobs.51job.com/all/co3280351.html
jobs.51job.com/all/co2600165.html
jobs.51job.com/all/co2600165.html
