jobs.51job.com/all/co253648.html
jobs.51job.com/all/co3777699.html
jobs.51job.com/all/co4062356.html
jobs.51job.com/all/co2507622.html
jobs.51job.com/all/co4914307.html
jobs.51job.com/all/co2992763.html
jobs.51job.com/all/co859577.html
jobs.51job.com/all/co4669562.html
jobs.51job.com/all/co3398796.html
jobs.51job.com/all/co4360045.html
jobs.51job.com/all/co1430414.html
jobs.51job.com/all/co4824363.html
jobs.51job.com/all/co4191731.html
jobs.51job.com/all/co2650799.html
jobs.51job.com/all/co4884417.html
jobs.51job.com/all/co3910221.html
jobs.51job.com/all/co3180488.html
jobs.51job.com/all/co548285.html
jobs.51job.com/all/co3317157.html
jobs.51job.com/all/co3020772.html
jobs.51job.com/all/co2780917.html
jobs.51job.com/all/co2581047.html
jobs.51job.com/all/co4612161.html
jobs.51job.com/all/co3033907.html
jobs.51job.com/all/co4087962.html
jobs.51job.com/all/co3022396.html
jobs.51job.com/all/co3711128.html
jobs.51job.com/all/co4169521.html
jobs.51job.com/all/co2318076.html
jobs.51job.com/all/co2233154.html
jobs.51job.com/all/co2525229.html
jobs.51job.com/all/co2872535.html
jobs.51job.com/all/co646241.html
jobs.51job.com/all/co2536240.html
jobs.51job.com/all/co2864527.html
jobs.51job.com/all/co3378773.html
jobs.51job.com/all/co4206582.html
jobs.51job.com/all/co3839784.html
jobs.51job.com/all/co2372017.html
jobs.51job.com/all/co2332146.html
jobs.51job.com/all/co3333554.html
jobs.51job.com/all/co2497403.html
jobs.51job.com/all/co2722646.html
jobs.51job.com/all/co2465041.html
jobs.51job.com/all/co2935011.html
jobs.51job.com/all/co4945227.html
jobs.51job.com/all/co3244264.html
jobs.51job.com/all/co4635742.html
jobs.51job.com/all/co4060523.html
jobs.51job.com/all/co3605419.html
jobs.51job.com/all/co3132173.html
jobs.51job.com/all/co2328114.html
jobs.51job.com/all/co300472.html
jobs.51job.com/all/co3901949.html
jobs.51job.com/all/co4315619.html
jobs.51job.com/all/co4002088.html
jobs.51job.com/all/co200527.html
jobs.51job.com/all/co4901786.html
jobs.51job.com/all/co3783542.html
jobs.51job.com/all/co2490960.html
jobs.51job.com/all/co2196671.html
jobs.51job.com/all/co2736588.html
jobs.51job.com/all/co2547694.html
jobs.51job.com/all/co3967894.html
jobs.51job.com/all/co4385936.html
jobs.51job.com/all/co4772933.html
jobs.51job.com/all/co2718654.html
jobs.51job.com/all/co2753546.html
jobs.51job.com/all/co2565112.html
jobs.51job.com/all/co3556118.html
jobs.51job.com/all/co2269527.html
jobs.51job.com/all/co4535790.html
jobs.51job.com/all/co3428886.html
jobs.51job.com/all/co4277631.html
jobs.51job.com/all/co253517.html
jobs.51job.com/all/co3948149.html
jobs.51job.com/all/co2003299.html
jobs.51job.com/all/co705137.html
jobs.51job.com/all/co4642697.html
jobs.51job.com/all/co3857786.html
jobs.51job.com/all/co2669983.html
jobs.51job.com/all/co2608870.html
jobs.51job.com/all/co4716596.html
jobs.51job.com/all/co2459148.html
jobs.51job.com/all/co178586.html
jobs.51job.com/all/co111511.html
jobs.51job.com/all/co293628.html
jobs.51job.com/all/co3916837.html
jobs.51job.com/all/co1545107.html
jobs.51job.com/all/co2811795.html
jobs.51job.com/all/co2958038.html
jobs.51job.com/all/co3607866.html
jobs.51job.com/all/co3820616.html
jobs.51job.com/all/co3519358.html
jobs.51job.com/all/co2696352.html
jobs.51job.com/all/co2251255.html
jobs.51job.com/all/co2542107.html
jobs.51job.com/all/co193349.html
jobs.51job.com/all/co111541.html
jobs.51job.com/all/co2628855.html
jobs.51job.com/all/co2812802.html
jobs.51job.com/all/co3422760.html
jobs.51job.com/all/co317460.html
jobs.51job.com/all/co4700138.html
jobs.51job.com/all/co2884682.html
jobs.51job.com/all/co4581382.html
jobs.51job.com/all/co3527448.html
jobs.51job.com/all/co2910007.html
jobs.51job.com/all/co3002239.html
jobs.51job.com/all/co2705363.html
jobs.51job.com/all/co4034906.html
jobs.51job.com/all/co2175411.html
jobs.51job.com/all/co4114859.html
jobs.51job.com/all/co3309893.html
roche.51job.com/
jobs.51job.com/all/co4918562.html
jobs.51job.com/all/co2293666.html
jobs.51job.com/all/co4802163.html
jobs.51job.com/all/co2501944.html
jobs.51job.com/all/co107634.html
jobs.51job.com/all/co4739634.html
jobs.51job.com/all/co2960793.html
jobs.51job.com/all/co2805007.html
jobs.51job.com/all/co4270519.html
jobs.51job.com/all/co4436471.html
jobs.51job.com/all/co4500708.html
jobs.51job.com/all/co3941491.html
jobs.51job.com/all/co521037.html
jobs.51job.com/all/co2580137.html
jobs.51job.com/all/co3902926.html
jobs.51job.com/all/co1992487.html
jobs.51job.com/all/co2272108.html
jobs.51job.com/all/co4727691.html
jobs.51job.com/all/co4725175.html
jobs.51job.com/all/co2307113.html
jobs.51job.com/all/co3376134.html
jobs.51job.com/all/co552359.html
jobs.51job.com/all/co2609071.html
jobs.51job.com/all/co765648.html
jobs.51job.com/all/co2383388.html
jobs.51job.com/all/co513294.html
jobs.51job.com/all/co3895785.html
jobs.51job.com/all/co3094306.html
jobs.51job.com/all/co2512770.html
jobs.51job.com/all/co4870501.html
jobs.51job.com/all/co4228341.html
jobs.51job.com/all/co3985280.html
jobs.51job.com/all/co4944333.html
jobs.51job.com/all/co2508959.html
jobs.51job.com/all/co3647823.html
jobs.51job.com/all/co2614173.html
jobs.51job.com/all/co2700625.html
jobs.51job.com/all/co2170054.html
jobs.51job.com/all/co10153.html
jobs.51job.com/all/co2394390.html
jobs.51job.com/all/co3134929.html
jobs.51job.com/all/co4738410.html
jobs.51job.com/all/co158830.html
jobs.51job.com/all/co109794.html
jobs.51job.com/all/co129863.html
jobs.51job.com/all/co4446365.html
jobs.51job.com/all/co3309190.html
jobs.51job.com/all/co4500965.html
jobs.51job.com/all/co4872802.html
jobs.51job.com/all/co4701659.html
jobs.51job.com/all/co2630239.html
jobs.51job.com/all/co4115901.html
jobs.51job.com/all/co2255924.html
jobs.51job.com/all/co306536.html
jobs.51job.com/all/co2701167.html
jobs.51job.com/all/co3487141.html
jobs.51job.com/all/co4868120.html
jobs.51job.com/all/co4014728.html
jobs.51job.com/all/co2942751.html
jobs.51job.com/all/co238206.html
jobs.51job.com/all/co2645869.html
jobs.51job.com/all/co3044391.html
jobs.51job.com/all/co2731965.html
jobs.51job.com/all/co1527387.html
jobs.51job.com/all/co2915948.html
jobs.51job.com/all/co774210.html
jobs.51job.com/all/co2023204.html
jobs.51job.com/all/co3111488.html
jobs.51job.com/all/co3452788.html
jobs.51job.com/all/co612312.html
jobs.51job.com/all/co2806511.html
jobs.51job.com/all/co2060749.html
jobs.51job.com/all/co2421654.html
jobs.51job.com/all/co3327942.html
jobs.51job.com/all/co1510292.html
jobs.51job.com/all/co4506.html
jobs.51job.com/all/co2190431.html
jobs.51job.com/all/co3184737.html
jobs.51job.com/all/co222628.html
jobs.51job.com/all/co4068753.html
jobs.51job.com/all/co2025583.html
jobs.51job.com/all/co2582966.html
jobs.51job.com/all/co4104865.html
jobs.51job.com/all/co2263742.html
jobs.51job.com/all/co3051194.html
jobs.51job.com/all/co103041.html
jobs.51job.com/all/co4705602.html
jobs.51job.com/all/co4115527.html
jobs.51job.com/all/co4002302.html
jobs.51job.com/all/co4940027.html
jobs.51job.com/all/co3809455.html
jobs.51job.com/all/co4703368.html
jobs.51job.com/all/co2070886.html
jobs.51job.com/all/co3610872.html
jobs.51job.com/all/co4425258.html
jobs.51job.com/all/co270592.html
jobs.51job.com/all/co4084906.html
jobs.51job.com/all/co2267556.html
jobs.51job.com/all/co5336.html
jobs.51job.com/all/co3223631.html
jobs.51job.com/all/co233955.html
jobs.51job.com/all/co4372857.html
jobs.51job.com/all/co731721.html
jobs.51job.com/all/co2218841.html
jobs.51job.com/all/co3583658.html
jobs.51job.com/all/co4915819.html
jobs.51job.com/all/co569726.html
jobs.51job.com/all/co2453125.html
jobs.51job.com/all/co3933236.html
jobs.51job.com/all/co520983.html
jobs.51job.com/all/co2981770.html
itw.51job.com
jobs.51job.com/all/co3321281.html
jobs.51job.com/all/co2219414.html
jobs.51job.com/all/co205161.html
jobs.51job.com/all/co4642059.html
jobs.51job.com/all/co2054558.html
jobs.51job.com/all/co2849737.html
jobs.51job.com/all/co3818179.html
jobs.51job.com/all/co4598912.html
job.markorhome.com/
jobs.51job.com/all/co213154.html
jobs.51job.com/all/co3702074.html
jobs.51job.com/all/co3260835.html
jobs.51job.com/all/co4029909.html
jobs.51job.com/all/co2715270.html
jobs.51job.com/all/co1224397.html
jobs.51job.com/all/co115290.html
jobs.51job.com/all/co3203870.html
jobs.51job.com/all/co2202048.html
jobs.51job.com/all/co4399874.html
jobs.51job.com/all/co3075198.html
jobs.51job.com/all/co2143054.html
jobs.51job.com/all/co4024978.html
jobs.51job.com/all/co393666.html
jobs.51job.com/all/co3655201.html
jobs.51job.com/all/co2191801.html
jobs.51job.com/all/co2740390.html
jobs.51job.com/all/co804750.html
jobs.51job.com/all/co2159647.html
jobs.51job.com/all/co4913571.html
jobs.51job.com/all/co3732803.html
jobs.51job.com/all/co3485753.html
jobs.51job.com/all/co2756440.html
jobs.51job.com/all/co4885255.html
jobs.51job.com/all/co4789241.html
jobs.51job.com/all/co4230520.html
jobs.51job.com/all/co4194358.html
jobs.51job.com/all/co291930.html
jobs.51job.com/all/co3839437.html
jobs.51job.com/all/co4913298.html
jobs.51job.com/all/co642236.html
jobs.51job.com/all/co2730224.html
careers.armstrongceilings.cn
jobs.51job.com/all/co4010852.html
jobs.51job.com/all/co3001571.html
jobs.51job.com/all/co4404954.html
jobs.51job.com/all/co2560454.html
jobs.51job.com/all/co2220020.html
jobs.51job.com/all/co2660858.html
jobs.51job.com/all/co4405070.html
jobs.51job.com/all/co2306156.html
jobs.51job.com/all/co1242007.html
sfzhaopin.51job.com
jobs.51job.com/all/co2744352.html
jobs.51job.com/all/co4568721.html
jobs.51job.com/all/co4283843.html
jobs.51job.com/all/co2669829.html
jobs.51job.com/all/co2589244.html
jobs.51job.com/all/co4789507.html
jobs.51job.com/all/co3773956.html
jobs.51job.com/all/co4869345.html
jobs.51job.com/all/co4762054.html
jobs.51job.com/all/co4796115.html
jobs.51job.com/all/co4648998.html
jobs.51job.com/all/co3059729.html
jobs.51job.com/all/co2615977.html
jobs.51job.com/all/co4142142.html
jobs.51job.com/all/co4676706.html
jobs.51job.com/all/co3857561.html
jobs.51job.com/all/co765497.html
jobs.51job.com/all/co227523.html
jobs.51job.com/all/co4420914.html
jobs.51job.com/all/co141003.html
jobs.51job.com/all/co2551824.html
jobs.51job.com/all/co3255907.html
jobs.51job.com/all/co2851648.html
jobs.51job.com/all/co369401.html
jobs.51job.com/all/co157141.html
jobs.51job.com/all/co296461.html
jobs.51job.com/all/co2547557.html
jobs.51job.com/all/co146037.html
jobs.51job.com/all/co2713117.html
jobs.51job.com/all/co4323291.html
jobs.51job.com/all/co2221670.html
jobs.51job.com/all/co3805420.html
jobs.51job.com/all/co3777699.html
jobs.51job.com/all/co2507622.html
jobs.51job.com/all/co859577.html
jobs.51job.com/all/co4669562.html
jobs.51job.com/all/co4824363.html
jobs.51job.com/all/co4824363.html
jobs.51job.com/all/co4824363.html
jobs.51job.com/all/co2581047.html
jobs.51job.com/all/co4612161.html
jobs.51job.com/all/co4612161.html
jobs.51job.com/all/co4612161.html
jobs.51job.com/all/co4612161.html
jobs.51job.com/all/co4612161.html
jobs.51job.com/all/co4612161.html
jobs.51job.com/all/co4612161.html
jobs.51job.com/all/co4612161.html
jobs.51job.com/all/co4612161.html
jobs.51job.com/all/co4612161.html
jobs.51job.com/all/co4612161.html
jobs.51job.com/all/co4612161.html
jobs.51job.com/all/co4612161.html
jobs.51job.com/all/co4612161.html
jobs.51job.com/all/co4612161.html
jobs.51job.com/all/co3033907.html
jobs.51job.com/all/co3033907.html
jobs.51job.com/all/co3033907.html
jobs.51job.com/all/co3033907.html
jobs.51job.com/all/co3022396.html
jobs.51job.com/all/co3022396.html
jobs.51job.com/all/co4169521.html
jobs.51job.com/all/co4169521.html
jobs.51job.com/all/co2872535.html
jobs.51job.com/all/co3378773.html
jobs.51job.com/all/co3605419.html
jobs.51job.com/all/co3605419.html
jobs.51job.com/all/co4002088.html
jobs.51job.com/all/co4901786.html
jobs.51job.com/all/co2736588.html
jobs.51job.com/all/co2736588.html
jobs.51job.com/all/co200527.html
jobs.51job.com/all/co3967894.html
jobs.51job.com/all/co2718654.html
jobs.51job.com/all/co2718654.html
jobs.51job.com/all/co3428886.html
jobs.51job.com/all/co3428886.html
jobs.51job.com/all/co3857786.html
jobs.51job.com/all/co4716596.html
jobs.51job.com/all/co4716596.html
jobs.51job.com/all/co4716596.html
jobs.51job.com/all/co293628.html
jobs.51job.com/all/co193349.html
jobs.51job.com/all/co2812802.html
jobs.51job.com/all/co3002239.html
jobs.51job.com/all/co3002239.html
roche.51job.com/
jobs.51job.com/all/co2293666.html
jobs.51job.com/all/co4716596.html
jobs.51job.com/all/co4716596.html
jobs.51job.com/all/co4716596.html
jobs.51job.com/all/co4716596.html
jobs.51job.com/all/co4436471.html
jobs.51job.com/all/co3941491.html
jobs.51job.com/all/co3941491.html
jobs.51job.com/all/co2272108.html
jobs.51job.com/all/co2272108.html
jobs.51job.com/all/co253648.html
jobs.51job.com/all/co513294.html
jobs.51job.com/all/co109794.html
jobs.51job.com/all/co4446365.html
jobs.51job.com/all/co4500965.html
jobs.51job.com/all/co4500965.html
jobs.51job.com/all/co306536.html
jobs.51job.com/all/co4716596.html
jobs.51job.com/all/co4716596.html
jobs.51job.com/all/co4191731.html
jobs.51job.com/all/co4191731.html
jobs.51job.com/all/co2780917.html
jobs.51job.com/all/co612312.html
jobs.51job.com/all/co2806511.html
jobs.51job.com/all/co3327942.html
jobs.51job.com/all/co4945227.html
jobs.51job.com/all/co2580137.html
jobs.51job.com/all/co2580137.html
jobs.51job.com/all/co2580137.html
jobs.51job.com/all/co2580137.html
jobs.51job.com/all/co2025583.html
jobs.51job.com/all/co2025583.html
jobs.51job.com/all/co4940027.html
jobs.51job.com/all/co4940027.html
jobs.51job.com/all/co3809455.html
jobs.51job.com/all/co3610872.html
jobs.51job.com/all/co3610872.html
jobs.51job.com/all/co3610872.html
jobs.51job.com/all/co5336.html
jobs.51job.com/all/co5336.html
jobs.51job.com/all/co5336.html
jobs.51job.com/all/co5336.html
jobs.51job.com/all/co4372857.html
jobs.51job.com/all/co3933236.html
jobs.51job.com/all/co3933236.html
jobs.51job.com/all/co3933236.html
jobs.51job.com/all/co4029909.html
jobs.51job.com/all/co2715270.html
jobs.51job.com/all/co2202048.html
jobs.51job.com/all/co3655201.html
jobs.51job.com/all/co4230520.html
jobs.51job.com/all/co3317157.html
jobs.51job.com/all/co2220020.html
jobs.51job.com/all/co3020772.html
jobs.51job.com/all/co3020772.html
jobs.51job.com/all/co2730224.html
jobs.51job.com/all/co2744352.html
jobs.51job.com/all/co2744352.html
jobs.51job.com/all/co4283843.html
jobs.51job.com/all/co4283843.html
jobs.51job.com/all/co4283843.html
jobs.51job.com/all/co4283843.html
jobs.51job.com/all/co4283843.html
jobs.51job.com/all/co4283843.html
jobs.51job.com/all/co4283843.html
jobs.51job.com/all/co4283843.html
jobs.51job.com/all/co4283843.html
jobs.51job.com/all/co3773956.html
jobs.51job.com/all/co3773956.html
jobs.51job.com/all/co4568721.html
jobs.51job.com/all/co4568721.html
jobs.51job.com/all/co4142142.html
jobs.51job.com/all/co4142142.html
jobs.51job.com/all/co4142142.html
jobs.51job.com/all/co4142142.html
jobs.51job.com/all/co4142142.html
jobs.51job.com/all/co4142142.html
jobs.51job.com/all/co4142142.html
jobs.51job.com/all/co4676706.html
jobs.51job.com/all/co4676706.html
jobs.51job.com/all/co2615977.html
jobs.51job.com/all/co2615977.html
jobs.51job.com/all/co4420914.html
jobs.51job.com/all/co2551824.html
jobs.51job.com/all/co2551824.html
jobs.51job.com/all/co2581047.html
jobs.51job.com/all/co157141.html
jobs.51job.com/all/co3487141.html
jobs.51job.com/all/co3773956.html
jobs.51job.com/all/co2221670.html
jobs.51job.com/all/co3773956.html
jobs.51job.com/all/co3773956.html
jobs.51job.com/all/co3773956.html
jobs.51job.com/all/co3773956.html
jobs.51job.com/all/co3773956.html
jobs.51job.com/all/co3773956.html
jobs.51job.com/all/co3773956.html
jobs.51job.com/all/co3773956.html
jobs.51job.com/all/co3773956.html
jobs.51job.com/all/co3773956.html
jobs.51job.com/all/co3773956.html
jobs.51job.com/all/co3033907.html
jobs.51job.com/all/co3647823.html
jobs.51job.com/all/co3809455.html
jobs.51job.com/all/co3805420.html
jobs.51job.com/all/co3805420.html
jobs.51job.com/all/co3805420.html
jobs.51job.com/all/co3805420.html
jobs.51job.com/all/co3805420.html
jobs.51job.com/all/co3805420.html
jobs.51job.com/all/co3805420.html
jobs.51job.com/all/co3805420.html
jobs.51job.com/all/co3805420.html
jobs.51job.com/all/co3805420.html
jobs.51job.com/all/co3805420.html
