jobs.51job.com/all/co3645170.html
jobs.51job.com/all/co4934244.html
jobs.51job.com/all/co2273274.html
jobs.51job.com/all/co4909142.html
jobs.51job.com/all/co4935776.html
jobs.51job.com/all/co4933174.html
jobs.51job.com/all/co2507622.html
jobs.51job.com/all/co4564820.html
jobs.51job.com/all/co4237037.html
jobs.51job.com/all/co1533028.html
jobs.51job.com/all/co859577.html
jobs.51job.com/all/co4764736.html
jobs.51job.com/all/co4119750.html
jobs.51job.com/all/co4115237.html
jobs.51job.com/all/co4926434.html
jobs.51job.com/all/co4101054.html
jobs.51job.com/all/co4919112.html
jobs.51job.com/all/co4360045.html
jobs.51job.com/all/co4765492.html
jobs.51job.com/all/co4699298.html
jobs.51job.com/all/co2510117.html
jobs.51job.com/all/co4654050.html
jobs.51job.com/all/co3984658.html
jobs.51job.com/all/co4851665.html
jobs.51job.com/all/co4574507.html
jobs.51job.com/all/co4557983.html
jobs.51job.com/all/co2938498.html
jobs.51job.com/all/co4395617.html
jobs.51job.com/all/co4912856.html
jobs.51job.com/all/co3540395.html
jobs.51job.com/all/co3843948.html
jobs.51job.com/all/co2497311.html
jobs.51job.com/all/co4917547.html
jobs.51job.com/all/co3586075.html
jobs.51job.com/all/co3469954.html
jobs.51job.com/all/co2505926.html
jobs.51job.com/all/co3155054.html
jobs.51job.com/all/co2260264.html
jobs.51job.com/all/co2707366.html
jobs.51job.com/all/co2790925.html
jobs.51job.com/all/co3446787.html
jobs.51job.com/all/co4343438.html
jobs.51job.com/all/co498405.html
jobs.51job.com/all/co2592985.html
jobs.51job.com/all/co4832904.html
jobs.51job.com/all/co2432652.html
jobs.51job.com/all/co2451170.html
jobs.51job.com/all/co4427457.html
jobs.51job.com/all/co3882950.html
jobs.51job.com/all/co4677584.html
jobs.51job.com/all/co2717867.html
jobs.51job.com/all/co2478542.html
jobs.51job.com/all/co3997103.html
jobs.51job.com/all/co3968922.html
jobs.51job.com/all/co4912164.html
jobs.51job.com/all/co2446912.html
jobs.51job.com/all/co2765899.html
jobs.51job.com/all/co3921978.html
jobs.51job.com/all/co4650563.html
jobs.51job.com/all/co4892312.html
jobs.51job.com/all/co4566897.html
jobs.51job.com/all/co2712553.html
jobs.51job.com/all/co4130033.html
jobs.51job.com/all/co4064466.html
jobs.51job.com/all/co4664716.html
jobs.51job.com/all/co3906385.html
jobs.51job.com/all/co2602914.html
jobs.51job.com/all/co2872469.html
jobs.51job.com/all/co4548183.html
jobs.51job.com/all/co4087962.html
jobs.51job.com/all/co4346495.html
jobs.51job.com/all/co2711941.html
jobs.51job.com/all/co3265000.html
jobs.51job.com/all/co4763033.html
jobs.51job.com/all/co2447326.html
jobs.51job.com/all/co4939643.html
jobs.51job.com/all/co4955429.html
jobs.51job.com/all/co4457602.html
jobs.51job.com/all/co2779840.html
jobs.51job.com/all/co2500686.html
jobs.51job.com/all/co4175767.html
jobs.51job.com/all/co3216978.html
jobs.51job.com/all/co4414616.html
jobs.51job.com/all/co4650296.html
jobs.51job.com/all/co4867455.html
jobs.51job.com/all/co3458037.html
jobs.51job.com/all/co4264210.html
jobs.51job.com/all/co2640463.html
jobs.51job.com/all/co4650206.html
jobs.51job.com/all/co4701659.html
jobs.51job.com/all/co2468359.html
jobs.51job.com/all/co3832422.html
jobs.51job.com/all/co3604483.html
jobs.51job.com/all/co4340849.html
jobs.51job.com/all/co4510726.html
jobs.51job.com/all/co4313648.html
jobs.51job.com/all/co2874763.html
jobs.51job.com/all/co4475404.html
jobs.51job.com/all/co3566515.html
jobs.51job.com/all/co2585142.html
jobs.51job.com/all/co3647823.html
jobs.51job.com/all/co4826557.html
jobs.51job.com/all/co2690328.html
jobs.51job.com/all/co3459375.html
jobs.51job.com/all/co3839784.html
jobs.51job.com/all/co4109459.html
jobs.51job.com/all/co2778043.html
jobs.51job.com/all/co2485307.html
jobs.51job.com/all/co4124771.html
jobs.51job.com/all/co2756440.html
jobs.51job.com/all/co2230415.html
jobs.51job.com/all/co2423815.html
jobs.51job.com/all/co4884094.html
jobs.51job.com/all/co303234.html
jobs.51job.com/all/co4245142.html
jobs.51job.com/all/co3570196.html
jobs.51job.com/all/co4940071.html
jobs.51job.com/all/co2476977.html
jobs.51job.com/all/co2354530.html
jobs.51job.com/all/co1134060.html
jobs.51job.com/all/co4507016.html
jobs.51job.com/all/co3256653.html
jobs.51job.com/all/co300472.html
jobs.51job.com/all/co2382496.html
jobs.51job.com/all/co3901949.html
jobs.51job.com/all/co4315619.html
jobs.51job.com/all/co4002088.html
jobs.51job.com/all/co2258542.html
jobs.51job.com/all/co3171739.html
jobs.51job.com/all/co3764142.html
jobs.51job.com/all/co3762610.html
jobs.51job.com/all/co4678027.html
jobs.51job.com/all/co3832967.html
jobs.51job.com/all/co2018596.html
jobs.51job.com/all/co4772933.html
jobs.51job.com/all/co4025729.html
jobs.51job.com/all/co3558765.html
jobs.51job.com/all/co3726486.html
jobs.51job.com/all/co2443415.html
jobs.51job.com/all/co4365688.html
jobs.51job.com/all/co4026605.html
jobs.51job.com/all/co4456058.html
jobs.51job.com/all/co3428886.html
jobs.51job.com/all/co2479406.html
jobs.51job.com/all/co4368474.html
jobs.51job.com/all/co2659505.html
jobs.51job.com/all/co4938224.html
jobs.51job.com/all/co3541250.html
jobs.51job.com/all/co4390979.html
jobs.51job.com/all/co4846011.html
jobs.51job.com/all/co3228819.html
jobs.51job.com/all/co2977025.html
jobs.51job.com/all/co3789827.html
jobs.51job.com/all/co4924239.html
jobs.51job.com/all/co4944597.html
jobs.51job.com/all/co4134105.html
jobs.51job.com/all/co2869815.html
jobs.51job.com/all/co4030334.html
jobs.51job.com/all/co3545571.html
jobs.51job.com/all/co2684367.html
jobs.51job.com/all/co178586.html
jobs.51job.com/all/co613211.html
jobs.51job.com/all/co3916837.html
jobs.51job.com/all/co2741315.html
jobs.51job.com/all/co4403799.html
jobs.51job.com/all/co2958038.html
jobs.51job.com/all/co4709220.html
jobs.51job.com/all/co3509733.html
jobs.51job.com/all/co4768547.html
jobs.51job.com/all/co4649443.html
jobs.51job.com/all/co4562181.html
jobs.51job.com/all/co4815371.html
jobs.51job.com/all/co2354594.html
jobs.51job.com/all/co3871599.html
jobs.51job.com/all/co386975.html
jobs.51job.com/all/co4365737.html
jobs.51job.com/all/co4104442.html
jobs.51job.com/all/co3760493.html
jobs.51job.com/all/co4381417.html
jobs.51job.com/all/co2812802.html
jobs.51job.com/all/co3798724.html
jobs.51job.com/all/co4933408.html
jobs.51job.com/all/co317460.html
jobs.51job.com/all/co4938231.html
jobs.51job.com/all/co4646172.html
jobs.51job.com/all/co313140.html
jobs.51job.com/all/co4462876.html
jobs.51job.com/all/co4869232.html
jobs.51job.com/all/co4798550.html
jobs.51job.com/all/co4698284.html
jobs.51job.com/all/co3768403.html
jobs.51job.com/all/co2721044.html
jobs.51job.com/all/co4465578.html
jobs.51job.com/all/co3621079.html
jobs.51job.com/all/co4581382.html
jobs.51job.com/all/co2682059.html
jobs.51job.com/all/co4888424.html
jobs.51job.com/all/co3863528.html
jobs.51job.com/all/co4924857.html
jobs.51job.com/all/co4523852.html
jobs.51job.com/all/co3002239.html
jobs.51job.com/all/co2577301.html
jobs.51job.com/all/co180850.html
jobs.51job.com/all/co4865709.html
jobs.51job.com/all/co4915547.html
thyssenkrupp.51job.com
roche.51job.com/
jobs.51job.com/all/co651230.html
jobs.51job.com/all/co4703270.html
jobs.51job.com/all/co2648326.html
jobs.51job.com/all/co4586552.html
jobs.51job.com/all/co2347362.html
jobs.51job.com/all/co2293666.html
jobs.51job.com/all/co3537580.html
jobs.51job.com/all/co3681371.html
jobs.51job.com/all/co2909561.html
jobs.51job.com/all/co4739634.html
jobs.51job.com/all/co3762559.html
jobs.51job.com/all/co3971763.html
jobs.51job.com/all/co4653264.html
jobs.51job.com/all/co3256523.html
jobs.51job.com/all/co3570963.html
jobs.51job.com/all/co1008240.html
jobs.51job.com/all/co3454849.html
jobs.51job.com/all/co4741515.html
jobs.51job.com/all/co3901193.html
jobs.51job.com/all/co2718374.html
jobs.51job.com/all/co3038356.html
jobs.51job.com/all/co3063385.html
jobs.51job.com/all/co2171547.html
jobs.51job.com/all/co2865212.html
jobs.51job.com/all/co4463617.html
jobs.51job.com/all/co4917505.html
jobs.51job.com/all/co287916.html
jobs.51job.com/all/co4927412.html
jobs.51job.com/all/co2307113.html
jobs.51job.com/all/co4363609.html
jobs.51job.com/all/co3727534.html
jobs.51job.com/all/co4948925.html
jobs.51job.com/all/co3114190.html
jobs.51job.com/all/co3246141.html
jobs.51job.com/all/co765648.html
jobs.51job.com/all/co3089554.html
jobs.51job.com/all/co2733253.html
jobs.51job.com/all/co2105219.html
jobs.51job.com/all/co2698783.html
jobs.51job.com/all/co4296307.html
jobs.51job.com/all/co2754875.html
jobs.51job.com/all/co2137495.html
jobs.51job.com/all/co3915383.html
jobs.51job.com/all/co4433948.html
jobs.51job.com/all/co178137.html
jobs.51job.com/all/co4935890.html
jobs.51job.com/all/co3764156.html
jobs.51job.com/all/co3764811.html
jobs.51job.com/all/co2971567.html
jobs.51job.com/all/co3925128.html
jobs.51job.com/all/co4099664.html
jobs.51job.com/all/co3963139.html
jobs.51job.com/all/co4891200.html
jobs.51job.com/all/co129863.html
jobs.51job.com/all/co3545762.html
jobs.51job.com/all/co4117425.html
jobs.51job.com/all/co3595506.html
jobs.51job.com/all/co3978327.html
jobs.51job.com/all/co4927294.html
jobs.51job.com/all/co3198160.html
jobs.51job.com/all/co313699.html
jobs.51job.com/all/co2630239.html
jobs.51job.com/all/co4464877.html
jobs.51job.com/all/co2730274.html
jobs.51job.com/all/co241954.html
jobs.51job.com/all/co4430233.html
jobs.51job.com/all/co4548015.html
jobs.51job.com/all/co2720622.html
jobs.51job.com/all/co2701167.html
jobs.51job.com/all/co3870376.html
jobs.51job.com/all/co2754806.html
jobs.51job.com/all/co4645237.html
jobs.51job.com/all/co4696251.html
jobs.51job.com/all/co4867228.html
jobs.51job.com/all/co3427716.html
jobs.51job.com/all/co3044391.html
jobs.51job.com/all/co3592596.html
jobs.51job.com/all/co3524929.html
jobs.51job.com/all/co2731965.html
jobs.51job.com/all/co4152494.html
jobs.51job.com/all/co2544612.html
jobs.51job.com/all/co2658395.html
jobs.51job.com/all/co4812547.html
jobs.51job.com/all/co4136893.html
jobs.51job.com/all/co4289544.html
jobs.51job.com/all/co2915948.html
jobs.51job.com/all/co3074127.html
jobs.51job.com/all/co3670589.html
jobs.51job.com/all/co4676969.html
jobs.51job.com/all/co4414853.html
jobs.51job.com/all/co3997182.html
jobs.51job.com/all/co2764975.html
jobs.51job.com/all/co4595201.html
jobs.51job.com/all/co4433418.html
jobs.51job.com/all/co239963.html
jobs.51job.com/all/co3646650.html
jobs.51job.com/all/co4786489.html
jobs.51job.com/all/co4027678.html
jobs.51job.com/all/co3268695.html
jobs.51job.com/all/co3382804.html
jobs.51job.com/all/co2700319.html
jobs.51job.com/all/co2600253.html
jobs.51job.com/all/co2806511.html
jobs.51job.com/all/co2421654.html
jobs.51job.com/all/co2808348.html
jobs.51job.com/all/co3888768.html
jobs.51job.com/all/co500745.html
jobs.51job.com/all/co2465028.html
jobs.51job.com/all/co4882084.html
jobs.51job.com/all/co3931240.html
jobs.51job.com/all/co4897641.html
jobs.51job.com/all/co2294634.html
jobs.51job.com/all/co2679567.html
jobs.51job.com/all/co3014073.html
jobs.51job.com/all/co4523075.html
jobs.51job.com/all/co2793737.html
jobs.51job.com/all/co4432316.html
jobs.51job.com/all/co2851536.html
jobs.51job.com/all/co4506941.html
jobs.51job.com/all/co4940029.html
jobs.51job.com/all/co3810673.html
jobs.51job.com/all/co287915.html
jobs.51job.com/all/co302725.html
jobs.51job.com/all/co4202979.html
jobs.51job.com/all/co3620215.html
jobs.51job.com/all/co2502528.html
jobs.51job.com/all/co4703856.html
jobs.51job.com/all/co3529447.html
jobs.51job.com/all/co2376797.html
jobs.51job.com/all/co4841642.html
jobs.51job.com/all/co2677159.html
jobs.51job.com/all/co3439432.html
jobs.51job.com/all/co2874468.html
jobs.51job.com/all/co3349049.html
jobs.51job.com/all/co3910054.html
jobs.51job.com/all/co4939109.html
jobs.51job.com/all/co3009508.html
jobs.51job.com/all/co4263721.html
jobs.51job.com/all/co4269235.html
jobs.51job.com/all/co4031266.html
jobs.51job.com/all/co3320377.html
jobs.51job.com/all/co1403346.html
jobs.51job.com/all/co3709283.html
jobs.51job.com/all/co4938136.html
jobs.51job.com/all/co4912247.html
jobs.51job.com/all/co4900702.html
jobs.51job.com/all/co3590315.html
jobs.51job.com/all/co3033002.html
jobs.51job.com/all/co4860887.html
jobs.51job.com/all/co4280286.html
jobs.51job.com/all/co2285303.html
jobs.51job.com/all/co4703368.html
jobs.51job.com/all/co2786774.html
jobs.51job.com/all/co3875450.html
jobs.51job.com/all/co4829791.html
jobs.51job.com/all/co3610872.html
jobs.51job.com/all/co4369139.html
jobs.51job.com/all/co2632360.html
jobs.51job.com/all/co3654000.html
jobs.51job.com/all/co639746.html
jobs.51job.com/all/co3806396.html
jobs.51job.com/all/co2480289.html
jobs.51job.com/all/co4841924.html
jobs.51job.com/all/co4345718.html
jobs.51job.com/all/co579488.html
jobs.51job.com/all/co4079975.html
jobs.51job.com/all/co4894683.html
jobs.51job.com/all/co2895684.html
jobs.51job.com/all/co3503014.html
jobs.51job.com/all/co3936735.html
jobs.51job.com/all/co4494771.html
jobs.51job.com/all/co2843563.html
jobs.51job.com/all/co2510486.html
jobs.51job.com/all/co4829482.html
jobs.51job.com/all/co2345092.html
jobs.51job.com/all/co4372857.html
jobs.51job.com/all/co3669604.html
jobs.51job.com/all/co2470378.html
jobs.51job.com/all/co3910507.html
jobs.51job.com/all/co569726.html
jobs.51job.com/all/co3766205.html
jobs.51job.com/all/co3510190.html
jobs.51job.com/all/co3969287.html
jobs.51job.com/all/co3451978.html
jobs.51job.com/all/co1353891.html
jobs.51job.com/all/co2650797.html
jobs.51job.com/all/co4587046.html
jobs.51job.com/all/co4641011.html
jobs.51job.com/all/co3783009.html
jobs.51job.com/all/co3024524.html
jobs.51job.com/all/co3300968.html
jobs.51job.com/all/co4557886.html
jobs.51job.com/all/co3578580.html
jobs.51job.com/all/co349015.html
jobs.51job.com/all/co113840.html
jobs.51job.com/all/co3346473.html
jobs.51job.com/all/co4823697.html
jobs.51job.com/all/co3484374.html
jobs.51job.com/all/co315647.html
jobs.51job.com/all/co244442.html
jobs.51job.com/all/co2827189.html
jobs.51job.com/all/co3951562.html
jobs.51job.com/all/co3952015.html
jobs.51job.com/all/co4851785.html
jobs.51job.com/all/co2486719.html
jobs.51job.com/all/co4874639.html
jobs.51job.com/all/co2478368.html
jobs.51job.com/all/co4777673.html
jobs.51job.com/all/co4925530.html
jobs.51job.com/all/co2175547.html
jobs.51job.com/all/co4068753.html
jobs.51job.com/all/co2821016.html
jobs.51job.com/all/co2546224.html
jobs.51job.com/all/co4793570.html
jobs.51job.com/all/co4776119.html
jobs.51job.com/all/co2634988.html
jobs.51job.com/all/co3373756.html
jobs.51job.com/all/co4829677.html
jobs.51job.com/all/co4438283.html
jobs.51job.com/all/co2952620.html
jobs.51job.com/all/co2814786.html
jobs.51job.com/all/co4215473.html
jobs.51job.com/all/co2388696.html
jobs.51job.com/all/co4409722.html
jobs.51job.com/all/co2350453.html
jobs.51job.com/all/co2192628.html
jobs.51job.com/all/co2306914.html
jobs.51job.com/all/co4885344.html
jobs.51job.com/all/co2384201.html
jobs.51job.com/all/co4318774.html
jobs.51job.com/all/co2979235.html
jobs.51job.com/all/co2606905.html
jobs.51job.com/all/co4653568.html
jobs.51job.com/all/co4250083.html
jobs.51job.com/all/co4913030.html
jobs.51job.com/all/co2447730.html
jobs.51job.com/all/co4835963.html
jobs.51job.com/all/co4879680.html
jobs.51job.com/all/co3676132.html
jobs.51job.com/all/co4795227.html
jobs.51job.com/all/co4185950.html
jobs.51job.com/all/co4914801.html
jobs.51job.com/all/co4194358.html
jobs.51job.com/all/co4100417.html
jobs.51job.com/all/co3934715.html
jobs.51job.com/all/co4909334.html
jobs.51job.com/all/co3525413.html
jobs.51job.com/all/co4540948.html
jobs.51job.com/all/co3811824.html
jobs.51job.com/all/co4723328.html
jobs.51job.com/all/co2385649.html
jobs.51job.com/all/co2590894.html
jobs.51job.com/all/co4176846.html
jobs.51job.com/all/co2662757.html
jobs.51job.com/all/co4901804.html
jobs.51job.com/all/co4486270.html
jobs.51job.com/all/co4010852.html
jobs.51job.com/all/co4462993.html
jobs.51job.com/all/co2546282.html
jobs.51job.com/all/co3663869.html
jobs.51job.com/all/co4900313.html
jobs.51job.com/all/co3972308.html
jobs.51job.com/all/co4296358.html
jobs.51job.com/all/co4063638.html
jobs.51job.com/all/co3350325.html
jobs.51job.com/all/co4143944.html
jobs.51job.com/all/co4830431.html
jobs.51job.com/all/co2520608.html
jobs.51job.com/all/co4057868.html
jobs.51job.com/all/co264329.html
jobs.51job.com/all/co4655757.html
jobs.51job.com/all/co4625522.html
jobs.51job.com/all/co3245820.html
jobs.51job.com/all/co4247079.html
jobs.51job.com/all/co2878861.html
jobs.51job.com/all/co2550258.html
jobs.51job.com/all/co1371530.html
jobs.51job.com/all/co3580197.html
jobs.51job.com/all/co2513462.html
jobs.51job.com/all/co3289717.html
jobs.51job.com/all/co4599111.html
jobs.51job.com/all/co270592.html
jobs.51job.com/all/co4748278.html
jobs.51job.com/all/co3909266.html
jobs.51job.com/all/co3375353.html
jobs.51job.com/all/co3455200.html
jobs.51job.com/all/co3572327.html
jobs.51job.com/all/co3828768.html
jobs.51job.com/all/co3873281.html
jobs.51job.com/all/co4120830.html
jobs.51job.com/all/co3376424.html
jobs.51job.com/all/co3443004.html
jobs.51job.com/all/co2752065.html
jobs.51job.com/all/co4077243.html
jobs.51job.com/all/co4321929.html
jobs.51job.com/all/co4273986.html
jobs.51job.com/all/co2976776.html
jobs.51job.com/all/co4326004.html
jobs.51job.com/all/co4738033.html
jobs.51job.com/all/co3377943.html
jobs.51job.com/all/co3417523.html
jobs.51job.com/all/co549889.html
jobs.51job.com/all/co4796115.html
jobs.51job.com/all/co4245607.html
jobs.51job.com/all/co4676706.html
jobs.51job.com/all/co2698117.html
jobs.51job.com/all/co4005945.html
jobs.51job.com/all/co2479502.html
jobs.51job.com/all/co4152572.html
jobs.51job.com/all/co4867709.html
jobs.51job.com/all/co3009563.html
jobs.51job.com/all/co3905946.html
jobs.51job.com/all/co612312.html
jobs.51job.com/all/co4415926.html
jobs.51job.com/all/co3427438.html
jobs.51job.com/all/co2462868.html
jobs.51job.com/all/co4867650.html
jobs.51job.com/all/co4205966.html
jobs.51job.com/all/co3709264.html
jobs.51job.com/all/co3776948.html
jobs.51job.com/all/co3579187.html
jobs.51job.com/all/co2251255.html
jobs.51job.com/all/co2344411.html
sfzhaopin.51job.com
jobs.51job.com/all/co2674421.html
jobs.51job.com/all/co4639691.html
jobs.51job.com/all/co3121958.html
jobs.51job.com/all/co4478392.html
jobs.51job.com/all/co3620943.html
jobs.51job.com/all/co2627067.html
jobs.51job.com/all/co4719027.html
jobs.51job.com/all/co4821573.html
jobs.51job.com/all/co3805420.html
jobs.51job.com/all/co4237037.html
jobs.51job.com/all/co4115237.html
jobs.51job.com/all/co4119750.html
jobs.51job.com/all/co4119750.html
jobs.51job.com/all/co4101054.html
jobs.51job.com/all/co4101054.html
jobs.51job.com/all/co4919112.html
jobs.51job.com/all/co4101054.html
jobs.51job.com/all/co4101054.html
jobs.51job.com/all/co4101054.html
jobs.51job.com/all/co4360045.html
jobs.51job.com/all/co4360045.html
jobs.51job.com/all/co4765492.html
jobs.51job.com/all/co4574507.html
jobs.51job.com/all/co2938498.html
jobs.51job.com/all/co4677584.html
jobs.51job.com/all/co3997103.html
jobs.51job.com/all/co3968922.html
jobs.51job.com/all/co4650563.html
jobs.51job.com/all/co4650563.html
jobs.51job.com/all/co4427457.html
jobs.51job.com/all/co4427457.html
jobs.51job.com/all/co4664716.html
jobs.51job.com/all/co4664716.html
jobs.51job.com/all/co4664716.html
jobs.51job.com/all/co4664716.html
jobs.51job.com/all/co4664716.html
jobs.51job.com/all/co4664716.html
jobs.51job.com/all/co4564820.html
jobs.51job.com/all/co4564820.html
jobs.51job.com/all/co4564820.html
jobs.51job.com/all/co4564820.html
jobs.51job.com/all/co4564820.html
jobs.51job.com/all/co4564820.html
jobs.51job.com/all/co3906385.html
jobs.51job.com/all/co3906385.html
jobs.51job.com/all/co3906385.html
jobs.51job.com/all/co3906385.html
jobs.51job.com/all/co4664716.html
jobs.51job.com/all/co4664716.html
jobs.51job.com/all/co4664716.html
jobs.51job.com/all/co4664716.html
jobs.51job.com/all/co4664716.html
jobs.51job.com/all/co4664716.html
jobs.51job.com/all/co4664716.html
jobs.51job.com/all/co4664716.html
jobs.51job.com/all/co4664716.html
jobs.51job.com/all/co4664716.html
jobs.51job.com/all/co4664716.html
jobs.51job.com/all/co4664716.html
jobs.51job.com/all/co4664716.html
jobs.51job.com/all/co4664716.html
jobs.51job.com/all/co4664716.html
jobs.51job.com/all/co4664716.html
jobs.51job.com/all/co4664716.html
jobs.51job.com/all/co2602914.html
jobs.51job.com/all/co2602914.html
jobs.51job.com/all/co2602914.html
jobs.51job.com/all/co2602914.html
jobs.51job.com/all/co2602914.html
jobs.51job.com/all/co2602914.html
jobs.51job.com/all/co2602914.html
jobs.51job.com/all/co2602914.html
jobs.51job.com/all/co2602914.html
jobs.51job.com/all/co2602914.html
jobs.51job.com/all/co2602914.html
jobs.51job.com/all/co2602914.html
jobs.51job.com/all/co2602914.html
jobs.51job.com/all/co2602914.html
jobs.51job.com/all/co2602914.html
jobs.51job.com/all/co2602914.html
jobs.51job.com/all/co2602914.html
jobs.51job.com/all/co2602914.html
jobs.51job.com/all/co2602914.html
jobs.51job.com/all/co2602914.html
jobs.51job.com/all/co2602914.html
jobs.51job.com/all/co2602914.html
jobs.51job.com/all/co2602914.html
jobs.51job.com/all/co2602914.html
jobs.51job.com/all/co2602914.html
jobs.51job.com/all/co2602914.html
jobs.51job.com/all/co2872469.html
jobs.51job.com/all/co2872469.html
jobs.51job.com/all/co2872469.html
jobs.51job.com/all/co2872469.html
jobs.51job.com/all/co4395617.html
jobs.51job.com/all/co4395617.html
jobs.51job.com/all/co4395617.html
jobs.51job.com/all/co4395617.html
jobs.51job.com/all/co4395617.html
jobs.51job.com/all/co4395617.html
jobs.51job.com/all/co4395617.html
jobs.51job.com/all/co4395617.html
jobs.51job.com/all/co4395617.html
jobs.51job.com/all/co4395617.html
jobs.51job.com/all/co4395617.html
jobs.51job.com/all/co4395617.html
jobs.51job.com/all/co4395617.html
jobs.51job.com/all/co4395617.html
jobs.51job.com/all/co4395617.html
jobs.51job.com/all/co4395617.html
jobs.51job.com/all/co4395617.html
jobs.51job.com/all/co4395617.html
jobs.51job.com/all/co4395617.html
jobs.51job.com/all/co4395617.html
jobs.51job.com/all/co4395617.html
jobs.51job.com/all/co4395617.html
jobs.51job.com/all/co4395617.html
jobs.51job.com/all/co4395617.html
jobs.51job.com/all/co4395617.html
jobs.51job.com/all/co4395617.html
jobs.51job.com/all/co4395617.html
jobs.51job.com/all/co4395617.html
jobs.51job.com/all/co4548183.html
jobs.51job.com/all/co4548183.html
jobs.51job.com/all/co4548183.html
jobs.51job.com/all/co4548183.html
jobs.51job.com/all/co4548183.html
jobs.51job.com/all/co2872469.html
jobs.51job.com/all/co2872469.html
jobs.51job.com/all/co2872469.html
jobs.51job.com/all/co2872469.html
jobs.51job.com/all/co2872469.html
jobs.51job.com/all/co2872469.html
jobs.51job.com/all/co4346495.html
jobs.51job.com/all/co4119750.html
jobs.51job.com/all/co3265000.html
jobs.51job.com/all/co2273274.html
jobs.51job.com/all/co4764736.html
jobs.51job.com/all/co4119750.html
jobs.51job.com/all/co4101054.html
jobs.51job.com/all/co4101054.html
jobs.51job.com/all/co2779840.html
jobs.51job.com/all/co2779840.html
jobs.51job.com/all/co3216978.html
jobs.51job.com/all/co4867455.html
jobs.51job.com/all/co2779840.html
jobs.51job.com/all/co2779840.html
jobs.51job.com/all/co4119750.html
jobs.51job.com/all/co2510117.html
jobs.51job.com/all/co3216978.html
jobs.51job.com/all/co4933174.html
jobs.51job.com/all/co4933174.html
jobs.51job.com/all/co2779840.html
jobs.51job.com/all/co2779840.html
jobs.51job.com/all/co2874763.html
jobs.51job.com/all/co2690328.html
jobs.51job.com/all/co2690328.html
jobs.51job.com/all/co4884094.html
jobs.51job.com/all/co2447326.html
jobs.51job.com/all/co3570196.html
jobs.51job.com/all/co4940071.html
jobs.51job.com/all/co4507016.html
jobs.51job.com/all/co4507016.html
jobs.51job.com/all/co4507016.html
jobs.51job.com/all/co4002088.html
jobs.51job.com/all/co3171739.html
jobs.51job.com/all/co4763033.html
jobs.51job.com/all/co4763033.html
jobs.51job.com/all/co4763033.html
jobs.51job.com/all/co4763033.html
jobs.51job.com/all/co4763033.html
jobs.51job.com/all/co4763033.html
jobs.51job.com/all/co4763033.html
jobs.51job.com/all/co4763033.html
jobs.51job.com/all/co4763033.html
jobs.51job.com/all/co4763033.html
jobs.51job.com/all/co4763033.html
jobs.51job.com/all/co4763033.html
jobs.51job.com/all/co4763033.html
jobs.51job.com/all/co4763033.html
jobs.51job.com/all/co4763033.html
jobs.51job.com/all/co4763033.html
jobs.51job.com/all/co4763033.html
jobs.51job.com/all/co4763033.html
jobs.51job.com/all/co4763033.html
jobs.51job.com/all/co4763033.html
jobs.51job.com/all/co4763033.html
jobs.51job.com/all/co4763033.html
jobs.51job.com/all/co4763033.html
jobs.51job.com/all/co4763033.html
jobs.51job.com/all/co4763033.html
jobs.51job.com/all/co4763033.html
jobs.51job.com/all/co4763033.html
jobs.51job.com/all/co4763033.html
jobs.51job.com/all/co4763033.html
jobs.51job.com/all/co4763033.html
jobs.51job.com/all/co4763033.html
jobs.51job.com/all/co4763033.html
jobs.51job.com/all/co4763033.html
jobs.51job.com/all/co4763033.html
jobs.51job.com/all/co4763033.html
jobs.51job.com/all/co4763033.html
jobs.51job.com/all/co4763033.html
jobs.51job.com/all/co4763033.html
jobs.51job.com/all/co4763033.html
jobs.51job.com/all/co4763033.html
jobs.51job.com/all/co4763033.html
jobs.51job.com/all/co4763033.html
jobs.51job.com/all/co4763033.html
jobs.51job.com/all/co4763033.html
jobs.51job.com/all/co4763033.html
jobs.51job.com/all/co4678027.html
jobs.51job.com/all/co4678027.html
jobs.51job.com/all/co4264210.html
jobs.51job.com/all/co4264210.html
jobs.51job.com/all/co4264210.html
jobs.51job.com/all/co4264210.html
jobs.51job.com/all/co4264210.html
jobs.51job.com/all/co4264210.html
jobs.51job.com/all/co4264210.html
jobs.51job.com/all/co4264210.html
jobs.51job.com/all/co4264210.html
jobs.51job.com/all/co4264210.html
jobs.51job.com/all/co4264210.html
jobs.51job.com/all/co4264210.html
jobs.51job.com/all/co4264210.html
jobs.51job.com/all/co4264210.html
jobs.51job.com/all/co4264210.html
jobs.51job.com/all/co4264210.html
jobs.51job.com/all/co4264210.html
jobs.51job.com/all/co4264210.html
jobs.51job.com/all/co4264210.html
jobs.51job.com/all/co4264210.html
jobs.51job.com/all/co4264210.html
jobs.51job.com/all/co4264210.html
jobs.51job.com/all/co4264210.html
jobs.51job.com/all/co4264210.html
jobs.51job.com/all/co4264210.html
jobs.51job.com/all/co4264210.html
jobs.51job.com/all/co4264210.html
jobs.51job.com/all/co4264210.html
jobs.51job.com/all/co4264210.html
jobs.51job.com/all/co4264210.html
jobs.51job.com/all/co4264210.html
jobs.51job.com/all/co4264210.html
jobs.51job.com/all/co4264210.html
jobs.51job.com/all/co4264210.html
jobs.51job.com/all/co4264210.html
jobs.51job.com/all/co4264210.html
jobs.51job.com/all/co4264210.html
jobs.51job.com/all/co4264210.html
jobs.51job.com/all/co3726486.html
jobs.51job.com/all/co2443415.html
jobs.51job.com/all/co4764736.html
jobs.51job.com/all/co4764736.html
jobs.51job.com/all/co4764736.html
jobs.51job.com/all/co4764736.html
jobs.51job.com/all/co4764736.html
jobs.51job.com/all/co4764736.html
jobs.51job.com/all/co4764736.html
jobs.51job.com/all/co4764736.html
jobs.51job.com/all/co4764736.html
jobs.51job.com/all/co4764736.html
jobs.51job.com/all/co4764736.html
jobs.51job.com/all/co4764736.html
jobs.51job.com/all/co4764736.html
jobs.51job.com/all/co4764736.html
jobs.51job.com/all/co4764736.html
jobs.51job.com/all/co4764736.html
jobs.51job.com/all/co4764736.html
jobs.51job.com/all/co4764736.html
jobs.51job.com/all/co4764736.html
jobs.51job.com/all/co4764736.html
jobs.51job.com/all/co4764736.html
jobs.51job.com/all/co4764736.html
jobs.51job.com/all/co4764736.html
jobs.51job.com/all/co4764736.html
jobs.51job.com/all/co4764736.html
jobs.51job.com/all/co4764736.html
jobs.51job.com/all/co4764736.html
jobs.51job.com/all/co4764736.html
jobs.51job.com/all/co4764736.html
jobs.51job.com/all/co4764736.html
jobs.51job.com/all/co4365688.html
jobs.51job.com/all/co4764736.html
jobs.51job.com/all/co4764736.html
jobs.51job.com/all/co4764736.html
jobs.51job.com/all/co4764736.html
jobs.51job.com/all/co4764736.html
jobs.51job.com/all/co4764736.html
jobs.51job.com/all/co4764736.html
jobs.51job.com/all/co4764736.html
jobs.51job.com/all/co4764736.html
jobs.51job.com/all/co4365688.html
jobs.51job.com/all/co4119750.html
jobs.51job.com/all/co4119750.html
jobs.51job.com/all/co4119750.html
jobs.51job.com/all/co4119750.html
jobs.51job.com/all/co4119750.html
jobs.51job.com/all/co4119750.html
jobs.51job.com/all/co4119750.html
jobs.51job.com/all/co4119750.html
jobs.51job.com/all/co4119750.html
jobs.51job.com/all/co4119750.html
jobs.51job.com/all/co4119750.html
jobs.51job.com/all/co4119750.html
jobs.51job.com/all/co4119750.html
jobs.51job.com/all/co4119750.html
jobs.51job.com/all/co4119750.html
jobs.51job.com/all/co4119750.html
jobs.51job.com/all/co4119750.html
jobs.51job.com/all/co4119750.html
jobs.51job.com/all/co4119750.html
jobs.51job.com/all/co4119750.html
jobs.51job.com/all/co4119750.html
jobs.51job.com/all/co4119750.html
jobs.51job.com/all/co4119750.html
jobs.51job.com/all/co4119750.html
jobs.51job.com/all/co4119750.html
jobs.51job.com/all/co4119750.html
jobs.51job.com/all/co4119750.html
jobs.51job.com/all/co4119750.html
jobs.51job.com/all/co4119750.html
jobs.51job.com/all/co3428886.html
jobs.51job.com/all/co4115237.html
jobs.51job.com/all/co4368474.html
jobs.51job.com/all/co4368474.html
jobs.51job.com/all/co4115237.html
jobs.51job.com/all/co4119750.html
jobs.51job.com/all/co4119750.html
jobs.51job.com/all/co4119750.html
jobs.51job.com/all/co4119750.html
jobs.51job.com/all/co4119750.html
jobs.51job.com/all/co4119750.html
jobs.51job.com/all/co4119750.html
jobs.51job.com/all/co4119750.html
jobs.51job.com/all/co4119750.html
jobs.51job.com/all/co4119750.html
jobs.51job.com/all/co4119750.html
jobs.51job.com/all/co4119750.html
jobs.51job.com/all/co4119750.html
jobs.51job.com/all/co4119750.html
jobs.51job.com/all/co4119750.html
jobs.51job.com/all/co4119750.html
jobs.51job.com/all/co4119750.html
jobs.51job.com/all/co4119750.html
jobs.51job.com/all/co4119750.html
jobs.51job.com/all/co4119750.html
jobs.51job.com/all/co4119750.html
jobs.51job.com/all/co4119750.html
jobs.51job.com/all/co4119750.html
jobs.51job.com/all/co4119750.html
jobs.51job.com/all/co4119750.html
jobs.51job.com/all/co4119750.html
jobs.51job.com/all/co4119750.html
jobs.51job.com/all/co4119750.html
jobs.51job.com/all/co4119750.html
jobs.51job.com/all/co4390979.html
jobs.51job.com/all/co4390979.html
jobs.51job.com/all/co4119750.html
jobs.51job.com/all/co4119750.html
jobs.51job.com/all/co4119750.html
jobs.51job.com/all/co4119750.html
jobs.51job.com/all/co4119750.html
jobs.51job.com/all/co4119750.html
jobs.51job.com/all/co4119750.html
jobs.51job.com/all/co4119750.html
jobs.51job.com/all/co4119750.html
jobs.51job.com/all/co4119750.html
jobs.51job.com/all/co4119750.html
jobs.51job.com/all/co4119750.html
jobs.51job.com/all/co4119750.html
jobs.51job.com/all/co4119750.html
jobs.51job.com/all/co4119750.html
jobs.51job.com/all/co4119750.html
jobs.51job.com/all/co4119750.html
jobs.51job.com/all/co4119750.html
jobs.51job.com/all/co4119750.html
jobs.51job.com/all/co4119750.html
jobs.51job.com/all/co4119750.html
jobs.51job.com/all/co4119750.html
jobs.51job.com/all/co4119750.html
jobs.51job.com/all/co4119750.html
jobs.51job.com/all/co4119750.html
jobs.51job.com/all/co4119750.html
jobs.51job.com/all/co4119750.html
jobs.51job.com/all/co4119750.html
jobs.51job.com/all/co4119750.html
jobs.51job.com/all/co4119750.html
jobs.51job.com/all/co4119750.html
jobs.51job.com/all/co4119750.html
jobs.51job.com/all/co4119750.html
jobs.51job.com/all/co4119750.html
jobs.51job.com/all/co4119750.html
jobs.51job.com/all/co4119750.html
jobs.51job.com/all/co4119750.html
jobs.51job.com/all/co4119750.html
jobs.51job.com/all/co4119750.html
jobs.51job.com/all/co4119750.html
jobs.51job.com/all/co4119750.html
jobs.51job.com/all/co4119750.html
jobs.51job.com/all/co4119750.html
jobs.51job.com/all/co4119750.html
jobs.51job.com/all/co2977025.html
jobs.51job.com/all/co3789827.html
jobs.51job.com/all/co3789827.html
jobs.51job.com/all/co3789827.html
jobs.51job.com/all/co3789827.html
jobs.51job.com/all/co2869815.html
jobs.51job.com/all/co4456058.html
jobs.51job.com/all/co4119750.html
jobs.51job.com/all/co4119750.html
jobs.51job.com/all/co4119750.html
jobs.51job.com/all/co4119750.html
jobs.51job.com/all/co4119750.html
jobs.51job.com/all/co4119750.html
jobs.51job.com/all/co4119750.html
jobs.51job.com/all/co4119750.html
jobs.51job.com/all/co3545571.html
jobs.51job.com/all/co3545571.html
jobs.51job.com/all/co4926434.html
jobs.51job.com/all/co4926434.html
jobs.51job.com/all/co4926434.html
jobs.51job.com/all/co2779840.html
jobs.51job.com/all/co4101054.html
jobs.51job.com/all/co4101054.html
jobs.51job.com/all/co4101054.html
jobs.51job.com/all/co4101054.html
jobs.51job.com/all/co4101054.html
jobs.51job.com/all/co4101054.html
jobs.51job.com/all/co4101054.html
jobs.51job.com/all/co4101054.html
jobs.51job.com/all/co4101054.html
jobs.51job.com/all/co4101054.html
jobs.51job.com/all/co4101054.html
jobs.51job.com/all/co4101054.html
jobs.51job.com/all/co4101054.html
jobs.51job.com/all/co4101054.html
jobs.51job.com/all/co4101054.html
jobs.51job.com/all/co4101054.html
jobs.51job.com/all/co4101054.html
jobs.51job.com/all/co4101054.html
jobs.51job.com/all/co4101054.html
jobs.51job.com/all/co4101054.html
jobs.51job.com/all/co4101054.html
jobs.51job.com/all/co4101054.html
jobs.51job.com/all/co4101054.html
jobs.51job.com/all/co4101054.html
jobs.51job.com/all/co4101054.html
jobs.51job.com/all/co4101054.html
jobs.51job.com/all/co4101054.html
jobs.51job.com/all/co4101054.html
jobs.51job.com/all/co4101054.html
jobs.51job.com/all/co4101054.html
jobs.51job.com/all/co4101054.html
jobs.51job.com/all/co4101054.html
jobs.51job.com/all/co4101054.html
jobs.51job.com/all/co4101054.html
jobs.51job.com/all/co4101054.html
jobs.51job.com/all/co4101054.html
jobs.51job.com/all/co4101054.html
jobs.51job.com/all/co4101054.html
jobs.51job.com/all/co4101054.html
jobs.51job.com/all/co4101054.html
jobs.51job.com/all/co4101054.html
jobs.51job.com/all/co4101054.html
jobs.51job.com/all/co4101054.html
jobs.51job.com/all/co4101054.html
jobs.51job.com/all/co4101054.html
jobs.51job.com/all/co4101054.html
jobs.51job.com/all/co4101054.html
jobs.51job.com/all/co4101054.html
jobs.51job.com/all/co4101054.html
jobs.51job.com/all/co4101054.html
jobs.51job.com/all/co4101054.html
jobs.51job.com/all/co4101054.html
jobs.51job.com/all/co4101054.html
jobs.51job.com/all/co4101054.html
jobs.51job.com/all/co4101054.html
jobs.51job.com/all/co4101054.html
jobs.51job.com/all/co4101054.html
jobs.51job.com/all/co4101054.html
jobs.51job.com/all/co4101054.html
jobs.51job.com/all/co4101054.html
jobs.51job.com/all/co4101054.html
jobs.51job.com/all/co4101054.html
jobs.51job.com/all/co4101054.html
jobs.51job.com/all/co4101054.html
jobs.51job.com/all/co4101054.html
jobs.51job.com/all/co4919112.html
jobs.51job.com/all/co4101054.html
jobs.51job.com/all/co4101054.html
jobs.51job.com/all/co4101054.html
jobs.51job.com/all/co4101054.html
jobs.51job.com/all/co4101054.html
jobs.51job.com/all/co4101054.html
jobs.51job.com/all/co4101054.html
jobs.51job.com/all/co4101054.html
jobs.51job.com/all/co4101054.html
jobs.51job.com/all/co4101054.html
jobs.51job.com/all/co4101054.html
jobs.51job.com/all/co4101054.html
jobs.51job.com/all/co4101054.html
jobs.51job.com/all/co4101054.html
jobs.51job.com/all/co4101054.html
jobs.51job.com/all/co4101054.html
jobs.51job.com/all/co4919112.html
jobs.51job.com/all/co4101054.html
jobs.51job.com/all/co4101054.html
jobs.51job.com/all/co4101054.html
jobs.51job.com/all/co4101054.html
jobs.51job.com/all/co4101054.html
jobs.51job.com/all/co4101054.html
jobs.51job.com/all/co4101054.html
jobs.51job.com/all/co4101054.html
jobs.51job.com/all/co4101054.html
jobs.51job.com/all/co4101054.html
jobs.51job.com/all/co4101054.html
jobs.51job.com/all/co4101054.html
jobs.51job.com/all/co4101054.html
jobs.51job.com/all/co3916837.html
jobs.51job.com/all/co4101054.html
jobs.51job.com/all/co4101054.html
jobs.51job.com/all/co4101054.html
jobs.51job.com/all/co4101054.html
jobs.51job.com/all/co4101054.html
jobs.51job.com/all/co4101054.html
jobs.51job.com/all/co4101054.html
jobs.51job.com/all/co4101054.html
jobs.51job.com/all/co4101054.html
jobs.51job.com/all/co4101054.html
jobs.51job.com/all/co4101054.html
jobs.51job.com/all/co4101054.html
jobs.51job.com/all/co4101054.html
jobs.51job.com/all/co4403799.html
jobs.51job.com/all/co4403799.html
jobs.51job.com/all/co4104442.html
jobs.51job.com/all/co4104442.html
jobs.51job.com/all/co4104442.html
jobs.51job.com/all/co4104442.html
jobs.51job.com/all/co3798724.html
jobs.51job.com/all/co4765492.html
jobs.51job.com/all/co313140.html
jobs.51job.com/all/co4462876.html
jobs.51job.com/all/co4346495.html
jobs.51job.com/all/co4346495.html
jobs.51job.com/all/co4346495.html
jobs.51job.com/all/co4346495.html
jobs.51job.com/all/co4346495.html
jobs.51job.com/all/co4346495.html
jobs.51job.com/all/co4346495.html
jobs.51job.com/all/co4346495.html
jobs.51job.com/all/co4346495.html
jobs.51job.com/all/co4346495.html
jobs.51job.com/all/co4346495.html
jobs.51job.com/all/co4346495.html
jobs.51job.com/all/co4346495.html
jobs.51job.com/all/co4346495.html
jobs.51job.com/all/co4346495.html
jobs.51job.com/all/co4346495.html
jobs.51job.com/all/co4346495.html
jobs.51job.com/all/co4346495.html
jobs.51job.com/all/co4346495.html
jobs.51job.com/all/co4346495.html
jobs.51job.com/all/co4699298.html
jobs.51job.com/all/co4699298.html
jobs.51job.com/all/co4699298.html
jobs.51job.com/all/co4699298.html
jobs.51job.com/all/co2510117.html
jobs.51job.com/all/co2510117.html
jobs.51job.com/all/co2510117.html
jobs.51job.com/all/co2510117.html
jobs.51job.com/all/co2510117.html
jobs.51job.com/all/co2510117.html
jobs.51job.com/all/co2682059.html
jobs.51job.com/all/co3863528.html
jobs.51job.com/all/co3002239.html
jobs.51job.com/all/co4654050.html
jobs.51job.com/all/co4915547.html
jobs.51job.com/all/co3984658.html
jobs.51job.com/all/co3645170.html
jobs.51job.com/all/co2347362.html
jobs.51job.com/all/co2909561.html
jobs.51job.com/all/co3256523.html
jobs.51job.com/all/co4507016.html
jobs.51job.com/all/co4507016.html
jobs.51job.com/all/co4507016.html
jobs.51job.com/all/co4557983.html
jobs.51job.com/all/co4507016.html
jobs.51job.com/all/co4507016.html
jobs.51job.com/all/co2938498.html
jobs.51job.com/all/co2938498.html
jobs.51job.com/all/co2938498.html
jobs.51job.com/all/co2938498.html
jobs.51job.com/all/co3063385.html
jobs.51job.com/all/co2865212.html
jobs.51job.com/all/co4940071.html
jobs.51job.com/all/co4917505.html
jobs.51job.com/all/co2307113.html
jobs.51job.com/all/co4507016.html
jobs.51job.com/all/co4507016.html
jobs.51job.com/all/co4948925.html
jobs.51job.com/all/co4912856.html
jobs.51job.com/all/co3726486.html
jobs.51job.com/all/co3216978.html
jobs.51job.com/all/co4313648.html
jobs.51job.com/all/co2698783.html
jobs.51job.com/all/co2698783.html
jobs.51job.com/all/co2698783.html
jobs.51job.com/all/co3915383.html
jobs.51job.com/all/co3925128.html
jobs.51job.com/all/co3925128.html
jobs.51job.com/all/co3925128.html
jobs.51job.com/all/co3925128.html
jobs.51job.com/all/co4891200.html
jobs.51job.com/all/co4891200.html
jobs.51job.com/all/co4891200.html
jobs.51job.com/all/co4891200.html
jobs.51job.com/all/co4891200.html
jobs.51job.com/all/co4701659.html
jobs.51job.com/all/co4701659.html
jobs.51job.com/all/co3198160.html
jobs.51job.com/all/co2730274.html
jobs.51job.com/all/co2730274.html
jobs.51job.com/all/co2730274.html
jobs.51job.com/all/co2701167.html
jobs.51job.com/all/co4696251.html
jobs.51job.com/all/co3592596.html
jobs.51job.com/all/co3592596.html
jobs.51job.com/all/co3592596.html
jobs.51job.com/all/co3592596.html
jobs.51job.com/all/co2658395.html
jobs.51job.com/all/co2658395.html
jobs.51job.com/all/co2658395.html
jobs.51job.com/all/co3670589.html
jobs.51job.com/all/co3997182.html
jobs.51job.com/all/co4650296.html
jobs.51job.com/all/co4343438.html
jobs.51job.com/all/co4595201.html
jobs.51job.com/all/co4786489.html
jobs.51job.com/all/co4786489.html
jobs.51job.com/all/co3268695.html
jobs.51job.com/all/co2648326.html
jobs.51job.com/all/co2648326.html
jobs.51job.com/all/co2648326.html
jobs.51job.com/all/co2808348.html
jobs.51job.com/all/co3586075.html
jobs.51job.com/all/co3586075.html
jobs.51job.com/all/co3586075.html
jobs.51job.com/all/co4882084.html
jobs.51job.com/all/co3469954.html
jobs.51job.com/all/co3469954.html
jobs.51job.com/all/co2679567.html
jobs.51job.com/all/co2679567.html
jobs.51job.com/all/co4912164.html
jobs.51job.com/all/co2793737.html
jobs.51job.com/all/co3216978.html
jobs.51job.com/all/co3216978.html
jobs.51job.com/all/co3216978.html
jobs.51job.com/all/co3216978.html
jobs.51job.com/all/co2294634.html
jobs.51job.com/all/co2294634.html
jobs.51job.com/all/co287915.html
jobs.51job.com/all/co2764975.html
jobs.51job.com/all/co2260264.html
jobs.51job.com/all/co2260264.html
jobs.51job.com/all/co2260264.html
jobs.51job.com/all/co2260264.html
jobs.51job.com/all/co2260264.html
jobs.51job.com/all/co2443415.html
jobs.51job.com/all/co2443415.html
jobs.51job.com/all/co4703856.html
jobs.51job.com/all/co3529447.html
jobs.51job.com/all/co4741515.html
jobs.51job.com/all/co4741515.html
jobs.51job.com/all/co4741515.html
jobs.51job.com/all/co2376797.html
jobs.51job.com/all/co2376797.html
jobs.51job.com/all/co2376797.html
jobs.51job.com/all/co2677159.html
jobs.51job.com/all/co4343438.html
jobs.51job.com/all/co4343438.html
jobs.51job.com/all/co498405.html
jobs.51job.com/all/co3320377.html
jobs.51job.com/all/co3320377.html
jobs.51job.com/all/co3709283.html
jobs.51job.com/all/co2592985.html
jobs.51job.com/all/co4414616.html
jobs.51job.com/all/co2592985.html
jobs.51job.com/all/co2592985.html
jobs.51job.com/all/co4025729.html
jobs.51job.com/all/co3033002.html
jobs.51job.com/all/co3446787.html
jobs.51job.com/all/co3610872.html
jobs.51job.com/all/co3610872.html
jobs.51job.com/all/co4369139.html
jobs.51job.com/all/co4369139.html
jobs.51job.com/all/co4369139.html
jobs.51job.com/all/co2171547.html
jobs.51job.com/all/co3810673.html
jobs.51job.com/all/co3810673.html
jobs.51job.com/all/co2497311.html
jobs.51job.com/all/co4832904.html
jobs.51job.com/all/co4340849.html
jobs.51job.com/all/co4494771.html
jobs.51job.com/all/co4372857.html
jobs.51job.com/all/co3669604.html
jobs.51job.com/all/co2470378.html
jobs.51job.com/all/co4677584.html
jobs.51job.com/all/co4677584.html
jobs.51job.com/all/co4677584.html
jobs.51job.com/all/co498405.html
jobs.51job.com/all/co498405.html
jobs.51job.com/all/co498405.html
jobs.51job.com/all/co498405.html
jobs.51job.com/all/co4587046.html
jobs.51job.com/all/co3783009.html
jobs.51job.com/all/co3024524.html
jobs.51job.com/all/co3484374.html
jobs.51job.com/all/co3484374.html
jobs.51job.com/all/co3484374.html
jobs.51job.com/all/co3968922.html
jobs.51job.com/all/co3968922.html
jobs.51job.com/all/co3968922.html
jobs.51job.com/all/co3968922.html
jobs.51job.com/all/co4793570.html
jobs.51job.com/all/co4823697.html
jobs.51job.com/all/co3810673.html
jobs.51job.com/all/co4894683.html
jobs.51job.com/all/co4409722.html
jobs.51job.com/all/co2350453.html
jobs.51job.com/all/co2443415.html
jobs.51job.com/all/co4912164.html
jobs.51job.com/all/co4913030.html
jobs.51job.com/all/co4913030.html
jobs.51job.com/all/co4823697.html
jobs.51job.com/all/co2756440.html
jobs.51job.com/all/co4913030.html
jobs.51job.com/all/co4835963.html
jobs.51job.com/all/co4185950.html
jobs.51job.com/all/co4100417.html
jobs.51job.com/all/co4909334.html
jobs.51job.com/all/co3525413.html
jobs.51job.com/all/co4176846.html
jobs.51job.com/all/co3921978.html
jobs.51job.com/all/co3766205.html
jobs.51job.com/all/co4823697.html
jobs.51job.com/all/co4427457.html
jobs.51job.com/all/co3663869.html
jobs.51job.com/all/co3663869.html
jobs.51job.com/all/co4900313.html
jobs.51job.com/all/co3972308.html
jobs.51job.com/all/co3972308.html
jobs.51job.com/all/co4063638.html
jobs.51job.com/all/co4063638.html
jobs.51job.com/all/co3921978.html
jobs.51job.com/all/co3921978.html
jobs.51job.com/all/co4829677.html
jobs.51job.com/all/co4829677.html
jobs.51job.com/all/co4365688.html
jobs.51job.com/all/co4063638.html
jobs.51job.com/all/co4063638.html
jobs.51job.com/all/co4063638.html
jobs.51job.com/all/co4063638.html
jobs.51job.com/all/co4063638.html
jobs.51job.com/all/co4063638.html
jobs.51job.com/all/co4063638.html
jobs.51job.com/all/co4063638.html
jobs.51job.com/all/co4063638.html
jobs.51job.com/all/co4063638.html
jobs.51job.com/all/co4063638.html
jobs.51job.com/all/co4063638.html
jobs.51job.com/all/co4063638.html
jobs.51job.com/all/co4063638.html
jobs.51job.com/all/co4063638.html
jobs.51job.com/all/co4063638.html
jobs.51job.com/all/co4063638.html
jobs.51job.com/all/co4063638.html
jobs.51job.com/all/co4063638.html
jobs.51job.com/all/co4063638.html
jobs.51job.com/all/co4063638.html
jobs.51job.com/all/co4063638.html
jobs.51job.com/all/co4063638.html
jobs.51job.com/all/co4063638.html
jobs.51job.com/all/co4063638.html
jobs.51job.com/all/co4063638.html
jobs.51job.com/all/co4063638.html
jobs.51job.com/all/co4063638.html
jobs.51job.com/all/co4063638.html
jobs.51job.com/all/co3921978.html
jobs.51job.com/all/co3921978.html
jobs.51job.com/all/co3921978.html
jobs.51job.com/all/co3921978.html
jobs.51job.com/all/co3921978.html
jobs.51job.com/all/co3921978.html
jobs.51job.com/all/co3921978.html
jobs.51job.com/all/co3921978.html
jobs.51job.com/all/co3921978.html
jobs.51job.com/all/co3921978.html
jobs.51job.com/all/co3921978.html
jobs.51job.com/all/co3921978.html
jobs.51job.com/all/co3921978.html
jobs.51job.com/all/co3921978.html
jobs.51job.com/all/co3921978.html
jobs.51job.com/all/co3921978.html
jobs.51job.com/all/co3921978.html
jobs.51job.com/all/co3921978.html
jobs.51job.com/all/co3921978.html
jobs.51job.com/all/co3921978.html
jobs.51job.com/all/co3921978.html
jobs.51job.com/all/co3921978.html
jobs.51job.com/all/co3921978.html
jobs.51job.com/all/co3921978.html
jobs.51job.com/all/co3921978.html
jobs.51job.com/all/co3921978.html
jobs.51job.com/all/co3921978.html
jobs.51job.com/all/co3921978.html
jobs.51job.com/all/co3921978.html
jobs.51job.com/all/co3921978.html
jobs.51job.com/all/co3921978.html
jobs.51job.com/all/co3921978.html
jobs.51job.com/all/co3921978.html
jobs.51job.com/all/co3921978.html
jobs.51job.com/all/co3921978.html
jobs.51job.com/all/co3921978.html
jobs.51job.com/all/co3921978.html
jobs.51job.com/all/co3921978.html
jobs.51job.com/all/co3921978.html
jobs.51job.com/all/co3921978.html
jobs.51job.com/all/co3921978.html
jobs.51job.com/all/co3921978.html
jobs.51job.com/all/co3921978.html
jobs.51job.com/all/co3921978.html
jobs.51job.com/all/co3921978.html
jobs.51job.com/all/co3921978.html
jobs.51job.com/all/co3921978.html
jobs.51job.com/all/co3921978.html
jobs.51job.com/all/co3921978.html
jobs.51job.com/all/co3921978.html
jobs.51job.com/all/co3921978.html
jobs.51job.com/all/co3921978.html
jobs.51job.com/all/co3921978.html
jobs.51job.com/all/co3921978.html
jobs.51job.com/all/co3921978.html
jobs.51job.com/all/co3921978.html
jobs.51job.com/all/co3921978.html
jobs.51job.com/all/co4650563.html
jobs.51job.com/all/co4650563.html
jobs.51job.com/all/co4650563.html
jobs.51job.com/all/co4650563.html
jobs.51job.com/all/co4650563.html
jobs.51job.com/all/co4650563.html
jobs.51job.com/all/co4650563.html
jobs.51job.com/all/co4650563.html
jobs.51job.com/all/co4650563.html
jobs.51job.com/all/co4650563.html
jobs.51job.com/all/co4650563.html
jobs.51job.com/all/co4650563.html
jobs.51job.com/all/co4650563.html
jobs.51job.com/all/co4650563.html
jobs.51job.com/all/co4650563.html
jobs.51job.com/all/co4650563.html
jobs.51job.com/all/co4650563.html
jobs.51job.com/all/co4650563.html
jobs.51job.com/all/co4650563.html
jobs.51job.com/all/co4650563.html
jobs.51job.com/all/co4650563.html
jobs.51job.com/all/co4650563.html
jobs.51job.com/all/co4650563.html
jobs.51job.com/all/co4650563.html
jobs.51job.com/all/co4650563.html
jobs.51job.com/all/co4650563.html
jobs.51job.com/all/co4650563.html
jobs.51job.com/all/co4650563.html
jobs.51job.com/all/co4650563.html
jobs.51job.com/all/co4650563.html
jobs.51job.com/all/co4650563.html
jobs.51job.com/all/co4650563.html
jobs.51job.com/all/co4650563.html
jobs.51job.com/all/co4650563.html
jobs.51job.com/all/co4650563.html
jobs.51job.com/all/co4650563.html
jobs.51job.com/all/co4650563.html
jobs.51job.com/all/co4650563.html
jobs.51job.com/all/co4650563.html
jobs.51job.com/all/co4650563.html
jobs.51job.com/all/co4650563.html
jobs.51job.com/all/co4650563.html
jobs.51job.com/all/co4650563.html
jobs.51job.com/all/co4650563.html
jobs.51job.com/all/co4650563.html
jobs.51job.com/all/co4650563.html
jobs.51job.com/all/co4650563.html
jobs.51job.com/all/co4650563.html
jobs.51job.com/all/co4650563.html
jobs.51job.com/all/co4650563.html
jobs.51job.com/all/co4650563.html
jobs.51job.com/all/co4650563.html
jobs.51job.com/all/co4650563.html
jobs.51job.com/all/co4650563.html
jobs.51job.com/all/co4650563.html
jobs.51job.com/all/co4650563.html
jobs.51job.com/all/co4650563.html
jobs.51job.com/all/co4650563.html
jobs.51job.com/all/co4650563.html
jobs.51job.com/all/co4650563.html
jobs.51job.com/all/co4650563.html
jobs.51job.com/all/co4650563.html
jobs.51job.com/all/co4650563.html
jobs.51job.com/all/co4650563.html
jobs.51job.com/all/co4650563.html
jobs.51job.com/all/co4650563.html
jobs.51job.com/all/co4650563.html
jobs.51job.com/all/co4650563.html
jobs.51job.com/all/co4650563.html
jobs.51job.com/all/co4650563.html
jobs.51job.com/all/co4650563.html
jobs.51job.com/all/co4650563.html
jobs.51job.com/all/co4650563.html
jobs.51job.com/all/co4650563.html
jobs.51job.com/all/co4650563.html
jobs.51job.com/all/co4650563.html
jobs.51job.com/all/co4650563.html
jobs.51job.com/all/co2878861.html
jobs.51job.com/all/co3245820.html
jobs.51job.com/all/co3245820.html
jobs.51job.com/all/co3289717.html
jobs.51job.com/all/co4365688.html
jobs.51job.com/all/co4365688.html
jobs.51job.com/all/co4462993.html
jobs.51job.com/all/co4427457.html
jobs.51job.com/all/co3873281.html
jobs.51job.com/all/co2752065.html
jobs.51job.com/all/co349015.html
jobs.51job.com/all/co4321929.html
jobs.51job.com/all/co4273986.html
jobs.51job.com/all/co4273986.html
jobs.51job.com/all/co4273986.html
jobs.51job.com/all/co4326004.html
jobs.51job.com/all/co4326004.html
jobs.51job.com/all/co3377943.html
jobs.51job.com/all/co3377943.html
jobs.51job.com/all/co549889.html
jobs.51job.com/all/co4506941.html
jobs.51job.com/all/co4269235.html
jobs.51job.com/all/co4269235.html
jobs.51job.com/all/co4269235.html
jobs.51job.com/all/co4269235.html
jobs.51job.com/all/co4269235.html
jobs.51job.com/all/co4676706.html
jobs.51job.com/all/co2698117.html
jobs.51job.com/all/co2698117.html
jobs.51job.com/all/co2698117.html
jobs.51job.com/all/co4152572.html
jobs.51job.com/all/co4152572.html
jobs.51job.com/all/co4152572.html
jobs.51job.com/all/co4152572.html
jobs.51job.com/all/co4152572.html
jobs.51job.com/all/co2712553.html
jobs.51job.com/all/co2712553.html
jobs.51job.com/all/co2712553.html
jobs.51job.com/all/co2712553.html
jobs.51job.com/all/co2462868.html
jobs.51job.com/all/co2462868.html
jobs.51job.com/all/co2462868.html
jobs.51job.com/all/co4867650.html
jobs.51job.com/all/co4152572.html
jobs.51job.com/all/co4152572.html
jobs.51job.com/all/co4152572.html
jobs.51job.com/all/co3776948.html
jobs.51job.com/all/co2698117.html
jobs.51job.com/all/co4365688.html
jobs.51job.com/all/co3455200.html
jobs.51job.com/all/co2443415.html
jobs.51job.com/all/co4130033.html
jobs.51job.com/all/co3572327.html
jobs.51job.com/all/co4639691.html
jobs.51job.com/all/co4639691.html
jobs.51job.com/all/co3246141.html
jobs.51job.com/all/co4100417.html
jobs.51job.com/all/co3906385.html
jobs.51job.com/all/co2602914.html
jobs.51job.com/all/co2602914.html
jobs.51job.com/all/co2602914.html
jobs.51job.com/all/co4548183.html
jobs.51job.com/all/co2872469.html
jobs.51job.com/all/co4915547.html
jobs.51job.com/all/co2500686.html
jobs.51job.com/all/co3888768.html
jobs.51job.com/all/co500745.html
jobs.51job.com/all/co500745.html
jobs.51job.com/all/co3888768.html
jobs.51job.com/all/co3888768.html
jobs.51job.com/all/co4894683.html
jobs.51job.com/all/co4506941.html
jobs.51job.com/all/co4506941.html
jobs.51job.com/all/co3805420.html
