jobs.51job.com/all/co3559124.html
jobs.51job.com/all/co4525152.html
jobs.51job.com/all/co3528235.html
jobs.51job.com/all/co3361670.html
jobs.51job.com/all/co3881784.html
jobs.51job.com/all/co3644518.html
jobs.51job.com/all/co2229008.html
jobs.51job.com/all/co2704771.html
jobs.51job.com/all/co4329169.html
jobs.51job.com/all/co3485130.html
jobs.51job.com/all/co4338509.html
jobs.51job.com/all/co3059819.html
jobs.51job.com/all/co3162058.html
jobs.51job.com/all/co4100714.html
jobs.51job.com/all/co2881587.html
jobs.51job.com/all/co3170821.html
jobs.51job.com/all/co4951515.html
jobs.51job.com/all/co4013728.html
jobs.51job.com/all/co2280631.html
jobs.51job.com/all/co2676769.html
jobs.51job.com/all/co4893755.html
jobs.51job.com/all/co4860099.html
jobs.51job.com/all/co4711860.html
jobs.51job.com/all/co3190647.html
jobs.51job.com/all/co3841215.html
jobs.51job.com/all/co4313821.html
jobs.51job.com/all/co3573766.html
jobs.51job.com/all/co3110913.html
jobs.51job.com/all/co4092022.html
jobs.51job.com/all/co4868243.html
jobs.51job.com/all/co4347503.html
jobs.51job.com/all/co2610473.html
jobs.51job.com/all/co2507622.html
jobs.51job.com/all/co232923.html
jobs.51job.com/all/co4626899.html
jobs.51job.com/all/co3044353.html
jobs.51job.com/all/co4916792.html
jobs.51job.com/all/co4770166.html
jobs.51job.com/all/co4088860.html
jobs.51job.com/all/co3094231.html
jobs.51job.com/all/co3866796.html
jobs.51job.com/all/co4669562.html
jobs.51job.com/all/co3130030.html
jobs.51job.com/all/co3860795.html
jobs.51job.com/all/co4822718.html
jobs.51job.com/all/co3235224.html
jobs.51job.com/all/co705137.html
jobs.51job.com/all/co3660892.html
jobs.51job.com/all/co3099843.html
jobs.51job.com/all/co2190042.html
jobs.51job.com/all/co2441152.html
jobs.51job.com/all/co3247376.html
jobs.51job.com/all/co3076638.html
jobs.51job.com/all/co4885388.html
jobs.51job.com/all/co4360045.html
jobs.51job.com/all/co2770478.html
jobs.51job.com/all/co2969077.html
jobs.51job.com/all/co2909032.html
jobs.51job.com/all/co2909882.html
jobs.51job.com/all/co4695004.html
jobs.51job.com/all/co2277186.html
jobs.51job.com/all/co4212475.html
jobs.51job.com/all/co672819.html
jobs.51job.com/all/co3519576.html
jobs.51job.com/all/co4863030.html
jobs.51job.com/all/co2900039.html
jobs.51job.com/all/co4335068.html
jobs.51job.com/all/co3644492.html
jobs.51job.com/all/co3850260.html
jobs.51job.com/all/co3996563.html
jobs.51job.com/all/co4943297.html
jobs.51job.com/all/co2698425.html
jobs.51job.com/all/co4768624.html
jobs.51job.com/all/co3977721.html
jobs.51job.com/all/co3984167.html
jobs.51job.com/all/co2691320.html
jobs.51job.com/all/co2618170.html
jobs.51job.com/all/co4003217.html
jobs.51job.com/all/co3089554.html
jobs.51job.com/all/co2541183.html
jobs.51job.com/all/co4257662.html
jobs.51job.com/all/co3598885.html
jobs.51job.com/all/co4172935.html
jobs.51job.com/all/co2539816.html
jobs.51job.com/all/co3045047.html
jobs.51job.com/all/co3738780.html
jobs.51job.com/all/co3260570.html
jobs.51job.com/all/co4113026.html
jobs.51job.com/all/co4367178.html
jobs.51job.com/all/co4419358.html
jobs.51job.com/all/co4514931.html
jobs.51job.com/all/co3107611.html
jobs.51job.com/all/co2578013.html
jobs.51job.com/all/co3057651.html
jobs.51job.com/all/co4017325.html
jobs.51job.com/all/co4423085.html
jobs.51job.com/all/co2456961.html
jobs.51job.com/all/co4441211.html
jobs.51job.com/all/co3782416.html
jobs.51job.com/all/co3059902.html
jobs.51job.com/all/co3859556.html
jobs.51job.com/all/co2751408.html
jobs.51job.com/all/co4844838.html
jobs.51job.com/all/co4309891.html
jobs.51job.com/all/co4734458.html
jobs.51job.com/all/co3868679.html
jobs.51job.com/all/co2793970.html
jobs.51job.com/all/co3649653.html
jobs.51job.com/all/co4026730.html
jobs.51job.com/all/co4026942.html
jobs.51job.com/all/co4347300.html
jobs.51job.com/all/co2964610.html
jobs.51job.com/all/co3825393.html
jobs.51job.com/all/co4518257.html
jobs.51job.com/all/co525257.html
jobs.51job.com/all/co3831916.html
jobs.51job.com/all/co3063879.html
jobs.51job.com/all/co2707366.html
jobs.51job.com/all/co4943429.html
jobs.51job.com/all/co4032190.html
jobs.51job.com/all/co4326944.html
jobs.51job.com/all/co4542165.html
jobs.51job.com/all/co4315608.html
jobs.51job.com/all/co3849978.html
jobs.51job.com/all/co2977563.html
jobs.51job.com/all/co4495227.html
jobs.51job.com/all/co2546748.html
jobs.51job.com/all/co4758095.html
jobs.51job.com/all/co4437162.html
jobs.51job.com/all/co3980026.html
jobs.51job.com/all/co3363164.html
jobs.51job.com/all/co3440047.html
jobs.51job.com/all/co3741445.html
jobs.51job.com/all/co4140889.html
jobs.51job.com/all/co3276267.html
jobs.51job.com/all/co2034843.html
jobs.51job.com/all/co3834445.html
jobs.51job.com/all/co2749474.html
jobs.51job.com/all/co4597874.html
jobs.51job.com/all/co3543526.html
jobs.51job.com/all/co3058250.html
jobs.51job.com/all/co4113861.html
jobs.51job.com/all/co2539429.html
jobs.51job.com/all/co3310085.html
jobs.51job.com/all/co3057268.html
jobs.51job.com/all/co4312465.html
jobs.51job.com/all/co4210343.html
jobs.51job.com/all/co4518520.html
jobs.51job.com/all/co3531424.html
jobs.51job.com/all/co2726917.html
jobs.51job.com/all/co1980864.html
jobs.51job.com/all/co2614885.html
jobs.51job.com/all/co2812184.html
jobs.51job.com/all/co4328452.html
jobs.51job.com/all/co3959638.html
jobs.51job.com/all/co4508224.html
jobs.51job.com/all/co2616333.html
jobs.51job.com/all/co4805618.html
jobs.51job.com/all/co3802902.html
jobs.51job.com/all/co3469407.html
jobs.51job.com/all/co3536547.html
jobs.51job.com/all/co304981.html
jobs.51job.com/all/co2693540.html
jobs.51job.com/all/co4143115.html
jobs.51job.com/all/co3035687.html
jobs.51job.com/all/co2594761.html
jobs.51job.com/all/co4875940.html
jobs.51job.com/all/co4332422.html
jobs.51job.com/all/co2669860.html
jobs.51job.com/all/co3695490.html
jobs.51job.com/all/co2518109.html
jobs.51job.com/all/co310872.html
jobs.51job.com/all/co4519909.html
jobs.51job.com/all/co548285.html
jobs.51job.com/all/co4018049.html
jobs.51job.com/all/co4724713.html
jobs.51job.com/all/co4771321.html
jobs.51job.com/all/co2922716.html
jobs.51job.com/all/co4455196.html
jobs.51job.com/all/co3372727.html
jobs.51job.com/all/co2727068.html
jobs.51job.com/all/co3665552.html
jobs.51job.com/all/co2737276.html
jobs.51job.com/all/co4550165.html
jobs.51job.com/all/co4676066.html
jobs.51job.com/all/co4248422.html
jobs.51job.com/all/co4304010.html
jobs.51job.com/all/co4051464.html
jobs.51job.com/all/co4911107.html
jobs.51job.com/all/co2515675.html
jobs.51job.com/all/co4861062.html
jobs.51job.com/all/co4754455.html
jobs.51job.com/all/co2367742.html
jobs.51job.com/all/co4167027.html
jobs.51job.com/all/co2913427.html
jobs.51job.com/all/co4153155.html
jobs.51job.com/all/co3576621.html
jobs.51job.com/all/co4734741.html
jobs.51job.com/all/co4800895.html
jobs.51job.com/all/co3231268.html
jobs.51job.com/all/co4144536.html
jobs.51job.com/all/co4206948.html
jobs.51job.com/all/co2656619.html
jobs.51job.com/all/co2526164.html
jobs.51job.com/all/co4710276.html
jobs.51job.com/all/co3931033.html
jobs.51job.com/all/co4277461.html
jobs.51job.com/all/co3957671.html
jobs.51job.com/all/co4024087.html
jobs.51job.com/all/co174858.html
jobs.51job.com/all/co4761392.html
jobs.51job.com/all/co2890525.html
jobs.51job.com/all/co4866965.html
jobs.51job.com/all/co3488138.html
jobs.51job.com/all/co2912583.html
jobs.51job.com/all/co438409.html
jobs.51job.com/all/co3231997.html
jobs.51job.com/all/co3003633.html
jobs.51job.com/all/co2553144.html
jobs.51job.com/all/co2813065.html
jobs.51job.com/all/co2357700.html
jobs.51job.com/all/co2541799.html
jobs.51job.com/all/co2299748.html
jobs.51job.com/all/co3096755.html
jobs.51job.com/all/co4087962.html
jobs.51job.com/all/co3022396.html
zj32.51job.com
jobs.51job.com/all/co4930062.html
jobs.51job.com/all/co3605187.html
jobs.51job.com/all/co2411680.html
jobs.51job.com/all/co3631202.html
jobs.51job.com/all/co4260445.html
jobs.51job.com/all/co612312.html
jobs.51job.com/all/co3364310.html
jobs.51job.com/all/co4957345.html
jobs.51job.com/all/co2240031.html
jobs.51job.com/all/co4950195.html
jobs.51job.com/all/co4853118.html
jobs.51job.com/all/co2018596.html
jobs.51job.com/all/co3568068.html
jobs.51job.com/all/co4870304.html
jobs.51job.com/all/co2329968.html
jobs.51job.com/all/co3890374.html
jobs.51job.com/all/co2894005.html
jobs.51job.com/all/co3885126.html
jobs.51job.com/all/co4162975.html
jobs.51job.com/all/co4629016.html
jobs.51job.com/all/co3974262.html
jobs.51job.com/all/co3402236.html
jobs.51job.com/all/co2946345.html
jobs.51job.com/all/co3819607.html
jobs.51job.com/all/co4301456.html
jobs.51job.com/all/co300472.html
jobs.51job.com/all/co2908628.html
jobs.51job.com/all/co4950310.html
jobs.51job.com/all/co2273274.html
jobs.51job.com/all/co3351046.html
jobs.51job.com/all/co3630004.html
jobs.51job.com/all/co2555545.html
jobs.51job.com/all/co2611742.html
jobs.51job.com/all/co4869405.html
jobs.51job.com/all/co4580540.html
jobs.51job.com/all/co2526309.html
jobs.51job.com/all/co3411351.html
jobs.51job.com/all/co3684324.html
jobs.51job.com/all/co3265702.html
jobs.51job.com/all/co4860905.html
jobs.51job.com/all/co2644307.html
jobs.51job.com/all/co3571026.html
jobs.51job.com/all/co4956035.html
jobs.51job.com/all/co3577322.html
jobs.51job.com/all/co4792800.html
jobs.51job.com/all/co3840475.html
jobs.51job.com/all/co4954396.html
jobs.51job.com/all/co3441124.html
jobs.51job.com/all/co3376312.html
jobs.51job.com/all/co4873488.html
jobs.51job.com/all/co3609101.html
jobs.51job.com/all/co4018225.html
jobs.51job.com/all/co503872.html
jobs.51job.com/all/co4953747.html
jobs.51job.com/all/co2377191.html
jobs.51job.com/all/co4251848.html
jobs.51job.com/all/co4270204.html
jobs.51job.com/all/co4319648.html
jobs.51job.com/all/co4833970.html
jobs.51job.com/all/co4894889.html
jobs.51job.com/all/co3572361.html
jobs.51job.com/all/co3594289.html
jobs.51job.com/all/co2688610.html
jobs.51job.com/all/co4743492.html
jobs.51job.com/all/co3362626.html
jobs.51job.com/all/co3911917.html
jobs.51job.com/all/co4276061.html
jobs.51job.com/all/co2267553.html
jobs.51job.com/all/co4784807.html
jobs.51job.com/all/co2641781.html
jobs.51job.com/all/co4697005.html
jobs.51job.com/all/co4661331.html
jobs.51job.com/all/co3511375.html
jobs.51job.com/all/co4026692.html
jobs.51job.com/all/co3029814.html
jobs.51job.com/all/co2665103.html
jobs.51job.com/all/co2588783.html
jobs.51job.com/all/co3305942.html
jobs.51job.com/all/co4120922.html
jobs.51job.com/all/co141224.html
jobs.51job.com/all/co2849418.html
jobs.51job.com/all/co2770067.html
jobs.51job.com/all/co2928700.html
jobs.51job.com/all/co2864527.html
jobs.51job.com/all/co2695364.html
jobs.51job.com/all/co2365277.html
jobs.51job.com/all/co4885961.html
jobs.51job.com/all/co3176076.html
jobs.51job.com/all/co4519971.html
jobs.51job.com/all/co3029261.html
jobs.51job.com/all/co4915599.html
jobs.51job.com/all/co4527535.html
jobs.51job.com/all/co4018866.html
jobs.51job.com/all/co4889123.html
jobs.51job.com/all/co4412071.html
jobs.51job.com/all/co2198752.html
jobs.51job.com/all/co3942462.html
jobs.51job.com/all/co168339.html
jobs.51job.com/all/co3186925.html
jobs.51job.com/all/co2491433.html
jobs.51job.com/all/co3515589.html
jobs.51job.com/all/co4948238.html
jobs.51job.com/all/co3994028.html
jobs.51job.com/all/co4269777.html
jobs.51job.com/all/co3765250.html
jobs.51job.com/all/co2407955.html
jobs.51job.com/all/co212918.html
jobs.51job.com/all/co4938560.html
jobs.51job.com/all/co3663644.html
jobs.51job.com/all/co2829734.html
jobs.51job.com/all/co3247405.html
jobs.51job.com/all/co2390934.html
jobs.51job.com/all/co4058654.html
jobs.51job.com/all/co2664844.html
jobs.51job.com/all/co4516320.html
jobs.51job.com/all/co3120176.html
jobs.51job.com/all/co4950272.html
jobs.51job.com/all/co2520549.html
jobs.51job.com/all/co4570820.html
jobs.51job.com/all/co4848508.html
jobs.51job.com/all/co2433586.html
jobs.51job.com/all/co2424922.html
jobs.51job.com/all/co2797352.html
jobs.51job.com/all/co4662375.html
jobs.51job.com/all/co4780727.html
jobs.51job.com/all/co4941386.html
jobs.51job.com/all/co3758914.html
jobs.51job.com/all/co4916939.html
jobs.51job.com/all/co4043910.html
jobs.51job.com/all/co4910219.html
jobs.51job.com/all/co4886009.html
jobs.51job.com/all/co4328981.html
jobs.51job.com/all/co3702071.html
jobs.51job.com/all/co4867866.html
jobs.51job.com/all/co3607159.html
jobs.51job.com/all/co4315212.html
jobs.51job.com/all/co3998657.html
jobs.51job.com/all/co4121639.html
jobs.51job.com/all/co3842088.html
jobs.51job.com/all/co4086571.html
jobs.51job.com/all/co4731181.html
jobs.51job.com/all/co3007804.html
jobs.51job.com/all/co4528373.html
jobs.51job.com/all/co2709004.html
jobs.51job.com/all/co3934503.html
jobs.51job.com/all/co3284855.html
jobs.51job.com/all/co2853432.html
jobs.51job.com/all/co3870800.html
jobs.51job.com/all/co3351454.html
jobs.51job.com/all/co2934409.html
jobs.51job.com/all/co2705444.html
jobs.51job.com/all/co3086169.html
jobs.51job.com/all/co2773567.html
jobs.51job.com/all/co2807117.html
jobs.51job.com/all/co4240361.html
jobs.51job.com/all/co3329688.html
jobs.51job.com/all/co3877645.html
jobs.51job.com/all/co2826547.html
jobs.51job.com/all/co4761238.html
jobs.51job.com/all/co3046894.html
jobs.51job.com/all/co3265664.html
jobs.51job.com/all/co2707312.html
jobs.51job.com/all/co2247916.html
jobs.51job.com/all/co3787043.html
jobs.51job.com/all/co3108418.html
jobs.51job.com/all/co2580137.html
jobs.51job.com/all/co3924045.html
jobs.51job.com/all/co2928103.html
jobs.51job.com/all/co2272108.html
jobs.51job.com/all/co3372712.html
jobs.51job.com/all/co2711824.html
jobs.51job.com/all/co3298589.html
jobs.51job.com/all/co2785007.html
jobs.51job.com/all/co3701451.html
jobs.51job.com/all/co4032468.html
meituan.51job.com
jobs.51job.com/all/co4382945.html
jobs.51job.com/all/co4301117.html
jobs.51job.com/all/co4793519.html
jobs.51job.com/all/co304716.html
jobs.51job.com/all/co4053530.html
jobs.51job.com/all/co4669747.html
jobs.51job.com/all/co2721737.html
jobs.51job.com/all/co4344405.html
jobs.51job.com/all/co4612715.html
jobs.51job.com/all/co2317552.html
jobs.51job.com/all/co180026.html
jobs.51job.com/all/co2557719.html
jobs.51job.com/all/co3416751.html
jobs.51job.com/all/co3859866.html
jobs.51job.com/all/co3975872.html
jobs.51job.com/all/co2918689.html
jobs.51job.com/all/co4209174.html
jobs.51job.com/all/co189330.html
jobs.51job.com/all/co2576238.html
jobs.51job.com/all/co849392.html
jobs.51job.com/all/co2829148.html
jobs.51job.com/all/co4725149.html
jobs.51job.com/all/co3766010.html
jobs.51job.com/all/co3993304.html
jobs.51job.com/all/co3454349.html
jobs.51job.com/all/co4281520.html
jobs.51job.com/all/co3131699.html
jobs.51job.com/all/co4723690.html
jobs.51job.com/all/co2532423.html
jobs.51job.com/all/co141347.html
jobs.51job.com/all/co2959928.html
jobs.51job.com/all/co3644320.html
jobs.51job.com/all/co3334273.html
jobs.51job.com/all/co3282012.html
jobs.51job.com/all/co2230415.html
jobs.51job.com/all/co4187304.html
jobs.51job.com/all/co2251642.html
jobs.51job.com/all/co3139854.html
jobs.51job.com/all/co2953132.html
jobs.51job.com/all/co2819870.html
jobs.51job.com/all/co2732741.html
jobs.51job.com/all/co4791310.html
jobs.51job.com/all/co3226623.html
jobs.51job.com/all/co2794088.html
jobs.51job.com/all/co2275067.html
jobs.51job.com/all/co3084493.html
jobs.51job.com/all/co2700688.html
jobs.51job.com/all/co193864.html
jobs.51job.com/all/co2611234.html
jobs.51job.com/all/co2538151.html
jobs.51job.com/all/co2709041.html
jobs.51job.com/all/co4538325.html
jobs.51job.com/all/co2729607.html
jobs.51job.com/all/co2701262.html
jobs.51job.com/all/co3481757.html
jobs.51job.com/all/co2709117.html
jobs.51job.com/all/co3348226.html
jobs.51job.com/all/co4703225.html
jobs.51job.com/all/co4701659.html
jobs.51job.com/all/co2279743.html
jobs.51job.com/all/co4790883.html
jobs.51job.com/all/co3039242.html
jobs.51job.com/all/co4756433.html
jobs.51job.com/all/co2354530.html
jobs.51job.com/all/co1628803.html
jobs.51job.com/all/co2554037.html
jobs.51job.com/all/co2175411.html
jobs.51job.com/all/co2292370.html
jobs.51job.com/all/co2745381.html
jobs.51job.com/all/co4191771.html
jobs.51job.com/all/co4497420.html
jobs.51job.com/all/co4368474.html
jobs.51job.com/all/co4537362.html
jobs.51job.com/all/co107556.html
jobs.51job.com/all/co4629485.html
jobs.51job.com/all/co2328114.html
jobs.51job.com/all/co3689516.html
jobs.51job.com/all/co4630946.html
jobs.51job.com/all/co2977526.html
jobs.51job.com/all/co4869317.html
jobs.51job.com/all/co127990.html
jobs.51job.com/all/co2010409.html
jobs.51job.com/all/co3718479.html
jobs.51job.com/all/co3988435.html
jobs.51job.com/all/co4758049.html
jobs.51job.com/all/co3650582.html
jobs.51job.com/all/co3901949.html
jobs.51job.com/all/co3236657.html
jobs.51job.com/all/co2794559.html
jobs.51job.com/all/co3414474.html
jobs.51job.com/all/co4315619.html
jobs.51job.com/all/co4002088.html
jobs.51job.com/all/co200527.html
jobs.51job.com/all/co4597377.html
jobs.51job.com/all/co3144727.html
jobs.51job.com/all/co3764142.html
jobs.51job.com/all/co232221.html
jobs.51job.com/all/co2815696.html
jobs.51job.com/all/co1344979.html
jobs.51job.com/all/co3553794.html
jobs.51job.com/all/co4626780.html
jobs.51job.com/all/co2704137.html
jobs.51job.com/all/co3114912.html
jobs.51job.com/all/co4835356.html
jobs.51job.com/all/co4414028.html
jobs.51job.com/all/co4365311.html
jobs.51job.com/all/co4662123.html
jobs.51job.com/all/co4846714.html
jobs.51job.com/all/co4091749.html
jobs.51job.com/all/co2430625.html
jobs.51job.com/all/co4772933.html
jobs.51job.com/all/co3457354.html
jobs.51job.com/all/co4812983.html
jobs.51job.com/all/co4896947.html
jobs.51job.com/all/co2003353.html
jobs.51job.com/all/co4554897.html
jobs.51job.com/all/co4380007.html
jobs.51job.com/all/co3290229.html
jobs.51job.com/all/co3535200.html
jobs.51job.com/all/co4661778.html
jobs.51job.com/all/co11824.html
jobs.51job.com/all/co3538801.html
jobs.51job.com/all/co2565112.html
jobs.51job.com/all/co2195908.html
jobs.51job.com/all/co2243048.html
jobs.51job.com/all/co3083661.html
jobs.51job.com/all/co2340814.html
jobs.51job.com/all/co3026802.html
jobs.51job.com/all/co4234545.html
jobs.51job.com/all/co3103356.html
jobs.51job.com/all/co4513591.html
jobs.51job.com/all/co4843218.html
jobs.51job.com/all/co3876626.html
jobs.51job.com/all/co4358994.html
jobs.51job.com/all/co2816261.html
jobs.51job.com/all/co4235467.html
jobs.51job.com/all/co2726773.html
jobs.51job.com/all/co4796264.html
jobs.51job.com/all/co4173270.html
jobs.51job.com/all/co3974831.html
jobs.51job.com/all/co4128385.html
jobs.51job.com/all/co4081109.html
jobs.51job.com/all/co4894408.html
jobs.51job.com/all/co3785834.html
jobs.51job.com/all/co2557877.html
jobs.51job.com/all/co3428886.html
jobs.51job.com/all/co4450598.html
jobs.51job.com/all/co2005565.html
jobs.51job.com/all/co3729460.html
jobs.51job.com/all/co2897355.html
jobs.51job.com/all/co4120443.html
jobs.51job.com/all/co2733108.html
jobs.51job.com/all/co3818062.html
jobs.51job.com/all/co4375660.html
jobs.51job.com/all/co2659505.html
jobs.51job.com/all/co2590106.html
jobs.51job.com/all/co3541250.html
jobs.51job.com/all/co1422802.html
jobs.51job.com/all/co2525610.html
jobs.51job.com/all/co4846011.html
jobs.51job.com/all/co3172648.html
jobs.51job.com/all/co4118347.html
jobs.51job.com/all/co664202.html
jobs.51job.com/all/co3625512.html
jobs.51job.com/all/co4911134.html
jobs.51job.com/all/co2867031.html
jobs.51job.com/all/co4898525.html
jobs.51job.com/all/co2614846.html
jobs.51job.com/all/co4071520.html
jobs.51job.com/all/co4491170.html
jobs.51job.com/all/co2603000.html
jobs.51job.com/all/co2769390.html
jobs.51job.com/all/co4111219.html
jobs.51job.com/all/co4570607.html
jobs.51job.com/all/co2714901.html
jobs.51job.com/all/co4648435.html
jobs.51job.com/all/co2933155.html
jobs.51job.com/all/co2137495.html
jobs.51job.com/all/co2357498.html
jobs.51job.com/all/co387968.html
jobs.51job.com/all/co2575527.html
jobs.51job.com/all/co4767363.html
jobs.51job.com/all/co3291110.html
jobs.51job.com/all/co2686373.html
jobs.51job.com/all/co2727091.html
jobs.51job.com/all/co2364372.html
jobs.51job.com/all/co318359.html
jobs.51job.com/all/co4142002.html
jobs.51job.com/all/co3892147.html
jobs.51job.com/all/co3970094.html
jobs.51job.com/all/co3349845.html
jobs.51job.com/all/co4157136.html
jobs.51job.com/all/co352631.html
jobs.51job.com/all/co3646134.html
jobs.51job.com/all/co3911312.html
jobs.51job.com/all/co4180263.html
jobs.51job.com/all/co498810.html
jobs.51job.com/all/co4043895.html
jobs.51job.com/all/co2494771.html
jobs.51job.com/all/co2781740.html
jobs.51job.com/all/co4146184.html
jobs.51job.com/all/co3279601.html
jobs.51job.com/all/co2726195.html
jobs.51job.com/all/co4535879.html
jobs.51job.com/all/co3188286.html
jobs.51job.com/all/co2218841.html
jobs.51job.com/all/co3229990.html
jobs.51job.com/all/co2418477.html
jobs.51job.com/all/co3239336.html
jobs.51job.com/all/co4718943.html
jobs.51job.com/all/co4618958.html
jobs.51job.com/all/co3123133.html
jobs.51job.com/all/co4207174.html
jobs.51job.com/all/co299377.html
jobs.51job.com/all/co3692606.html
jobs.51job.com/all/co2487480.html
jobs.51job.com/all/co4869340.html
jobs.51job.com/all/co3916837.html
jobs.51job.com/all/co4864915.html
jobs.51job.com/all/co2704276.html
jobs.51job.com/all/co2539590.html
jobs.51job.com/all/co3244127.html
jobs.51job.com/all/co2896789.html
jobs.51job.com/all/co2811795.html
jobs.51job.com/all/co2741315.html
jobs.51job.com/all/co3802451.html
jobs.51job.com/all/co2915125.html
jobs.51job.com/all/co2700368.html
jobs.51job.com/all/co4729746.html
jobs.51job.com/all/co3406561.html
jobs.51job.com/all/co2105296.html
jobs.51job.com/all/co3474872.html
jobs.51job.com/all/co4896048.html
jobs.51job.com/all/co2958038.html
jobs.51job.com/all/co4649443.html
jobs.51job.com/all/co3820616.html
jobs.51job.com/all/co4263007.html
jobs.51job.com/all/co956203.html
jobs.51job.com/all/co4265318.html
jobs.51job.com/all/co3834110.html
jobs.51job.com/all/co2497572.html
jobs.51job.com/all/co2835395.html
jobs.51job.com/all/co2332793.html
jobs.51job.com/all/co2940976.html
jobs.51job.com/all/co193349.html
jobs.51job.com/all/co2082270.html
jobs.51job.com/all/co2354594.html
jobs.51job.com/all/co3723593.html
jobs.51job.com/all/co3688361.html
magna.51job.com
jobs.51job.com/all/co3109631.html
jobs.51job.com/all/co4770469.html
jobs.51job.com/all/co2088672.html
jobs.51job.com/all/co2604448.html
jobs.51job.com/all/co4545430.html
jobs.51job.com/all/co4025732.html
jobs.51job.com/all/co2688800.html
jobs.51job.com/all/co378082.html
jobs.51job.com/all/co3421647.html
jobs.51job.com/all/co2060749.html
jobs.51job.com/all/co2289316.html
jobs.51job.com/all/co2944734.html
jobs.51job.com/all/co4025536.html
jobs.51job.com/all/co4181160.html
jobs.51job.com/all/co4933408.html
jobs.51job.com/all/co2812802.html
jobs.51job.com/all/co2395076.html
jobs.51job.com/all/co3950202.html
jobs.51job.com/all/co2761034.html
jobs.51job.com/all/co4314561.html
jobs.51job.com/all/co317460.html
jobs.51job.com/all/co2802524.html
jobs.51job.com/all/co3693651.html
jobs.51job.com/all/co4270527.html
jobs.51job.com/all/co3820401.html
jobs.51job.com/all/co4054315.html
jobs.51job.com/all/co3510283.html
jobs.51job.com/all/co3935465.html
jobs.51job.com/all/co2732329.html
jobs.51job.com/all/co1203813.html
jobs.51job.com/all/co2580915.html
jobs.51job.com/all/co2728386.html
jobs.51job.com/all/co2903481.html
jobs.51job.com/all/co1342802.html
jobs.51job.com/all/co2478980.html
jobs.51job.com/all/co4597768.html
jobs.51job.com/all/co1356810.html
jobs.51job.com/all/co3768403.html
jobs.51job.com/all/co4737361.html
jobs.51job.com/all/co2288110.html
jobs.51job.com/all/co2151989.html
jobs.51job.com/all/co3173335.html
jobs.51job.com/all/co3795128.html
jobs.51job.com/all/co2970910.html
jobs.51job.com/all/co4647684.html
jobs.51job.com/all/co3487519.html
jobs.51job.com/all/co2233842.html
jobs.51job.com/all/co3527444.html
jobs.51job.com/all/co4581382.html
jobs.51job.com/all/co4904917.html
jobs.51job.com/all/co2799989.html
jobs.51job.com/all/co4350520.html
jobs.51job.com/all/co4147913.html
jobs.51job.com/all/co3527448.html
jobs.51job.com/all/co916062.html
jobs.51job.com/all/co3463950.html
jobs.51job.com/all/co4144748.html
jobs.51job.com/all/co2910007.html
jobs.51job.com/all/co2278803.html
jobs.51job.com/all/co3084942.html
jobs.51job.com/all/co2656992.html
jobs.51job.com/all/co3164953.html
jobs.51job.com/all/co2505849.html
jobs.51job.com/all/co3002239.html
jobs.51job.com/all/co4492159.html
jobs.51job.com/all/co2705363.html
jobs.51job.com/all/co3641229.html
jobs.51job.com/all/co2623936.html
jobs.51job.com/all/co293052.html
jobs.51job.com/all/co180850.html
jobs.51job.com/all/co2297448.html
jobs.51job.com/all/co4165339.html
roche.51job.com/
jobs.51job.com/all/co4148104.html
jobs.51job.com/all/co4703270.html
jobs.51job.com/all/co4939099.html
jobs.51job.com/all/co2102410.html
jobs.51job.com/all/co4192103.html
jobs.51job.com/all/co4947066.html
jobs.51job.com/all/co3437217.html
jobs.51job.com/all/co4927294.html
jobs.51job.com/all/co4894891.html
jobs.51job.com/all/co2460019.html
jobs.51job.com/all/co3783084.html
jobs.51job.com/all/co3220362.html
jobs.51job.com/all/co4250874.html
jobs.51job.com/all/co2680771.html
jobs.51job.com/all/co3243272.html
jobs.51job.com/all/co2273924.html
jobs.51job.com/all/co4806054.html
jobs.51job.com/all/co1097.html
jobs.51job.com/all/co4049391.html
jobs.51job.com/all/co299705.html
jobs.51job.com/all/co3775277.html
jobs.51job.com/all/co4493540.html
jobs.51job.com/all/co4616424.html
jobs.51job.com/all/co3360790.html
jobs.51job.com/all/co4268162.html
jobs.51job.com/all/co4527345.html
jobs.51job.com/all/co4616436.html
jobs.51job.com/all/co4739750.html
jobs.51job.com/all/co4278645.html
jobs.51job.com/all/co3230101.html
jobs.51job.com/all/co2865157.html
jobs.51job.com/all/co3093406.html
jobs.51job.com/all/co3649098.html
jobs.51job.com/all/co4616442.html
jobs.51job.com/all/co2697243.html
jobs.51job.com/all/co369401.html
jobs.51job.com/all/co2025147.html
jobs.51job.com/all/co4748174.html
jobs.51job.com/all/co2956027.html
jobs.51job.com/all/co3781874.html
jobs.51job.com/all/co3402709.html
jobs.51job.com/all/co2446376.html
jobs.51job.com/all/co2983887.html
jobs.51job.com/all/co4314284.html
jobs.51job.com/all/co4293698.html
jobs.51job.com/all/co4270519.html
jobs.51job.com/all/co2727586.html
jobs.51job.com/all/co4139472.html
jobs.51job.com/all/co3867243.html
jobs.51job.com/all/co3363162.html
jobs.51job.com/all/co312737.html
jobs.51job.com/all/co3990476.html
jobs.51job.com/all/co3294617.html
jobs.51job.com/all/co3772211.html
jobs.51job.com/all/co2829514.html
jobs.51job.com/all/co4848410.html
jobs.51job.com/all/co3504085.html
konecranes.51job.com
jobs.51job.com/all/co1699295.html
jobs.51job.com/all/co4189592.html
jobs.51job.com/all/co4102975.html
jobs.51job.com/all/co3702034.html
jobs.51job.com/all/co3238629.html
jobs.51job.com/all/co4798318.html
jobs.51job.com/all/co2643599.html
jobs.51job.com/all/co1217255.html
jobs.51job.com/all/co3005493.html
jobs.51job.com/all/co3406841.html
jobs.51job.com/all/co4524183.html
jobs.51job.com/all/co3911044.html
jobs.51job.com/all/co4099243.html
jobs.51job.com/all/co4698488.html
jobs.51job.com/all/co3881291.html
jobs.51job.com/all/co4790546.html
jobs.51job.com/all/co4503399.html
jobs.51job.com/all/co2191271.html
jobs.51job.com/all/co4830499.html
jobs.51job.com/all/co2749331.html
jobs.51job.com/all/co2867701.html
jobs.51job.com/all/co2571708.html
jobs.51job.com/all/co3604046.html
jobs.51job.com/all/co3209303.html
jobs.51job.com/all/co3362413.html
jobs.51job.com/all/co3514932.html
jobs.51job.com/all/co3983671.html
jobs.51job.com/all/co3001623.html
jobs.51job.com/all/co3920190.html
jobs.51job.com/all/co3650143.html
jobs.51job.com/all/co4625228.html
jobs.51job.com/all/co4493005.html
jobs.51job.com/all/co2799039.html
jobs.51job.com/all/co3436578.html
jobs.51job.com/all/co4567099.html
jobs.51job.com/all/co2733395.html
jobs.51job.com/all/co4093704.html
jobs.51job.com/all/co2775076.html
jobs.51job.com/all/co3720145.html
jobs.51job.com/all/co4855671.html
jobs.51job.com/all/co3259743.html
jobs.51job.com/all/co2824524.html
jobs.51job.com/all/co1986415.html
jobs.51job.com/all/co2565464.html
jobs.51job.com/all/co2340111.html
jobs.51job.com/all/co3397202.html
jobs.51job.com/all/co3265847.html
jobs.51job.com/all/co3566568.html
jobs.51job.com/all/co3726486.html
jobs.51job.com/all/co4722207.html
jobs.51job.com/all/co3837384.html
jobs.51job.com/all/co4782684.html
jobs.51job.com/all/co2847555.html
jobs.51job.com/all/co4894821.html
jobs.51job.com/all/co3421378.html
jobs.51job.com/all/co3201440.html
jobs.51job.com/all/co2820352.html
jobs.51job.com/all/co4631062.html
jobs.51job.com/all/co4852577.html
jobs.51job.com/all/co12022.html
jobs.51job.com/all/co3829542.html
jobs.51job.com/all/co4837214.html
jobs.51job.com/all/co4944333.html
jobs.51job.com/all/co3957819.html
jobs.51job.com/all/co3314122.html
jobs.51job.com/all/co4774403.html
jobs.51job.com/all/co2538574.html
jobs.51job.com/all/co2943061.html
jobs.51job.com/all/co3478791.html
jobs.51job.com/all/co107529.html
jobs.51job.com/all/co4072384.html
jobs.51job.com/all/co3344400.html
jobs.51job.com/all/co4819230.html
jobs.51job.com/all/co4866990.html
jobs.51job.com/all/co2614173.html
jobs.51job.com/all/co3880465.html
jobs.51job.com/all/co4854153.html
jobs.51job.com/all/co2217296.html
jobs.51job.com/all/co3678935.html
jobs.51job.com/all/co4338547.html
jobs.51job.com/all/co4409042.html
jobs.51job.com/all/co2627746.html
jobs.51job.com/all/co139578.html
jobs.51job.com/all/co3995180.html
jobs.51job.com/all/co4193466.html
jobs.51job.com/all/co2777731.html
jobs.51job.com/all/co4655133.html
jobs.51job.com/all/co3804615.html
jobs.51job.com/all/co3737924.html
jobs.51job.com/all/co3862429.html
jobs.51job.com/all/co3582524.html
jobs.51job.com/all/co3684783.html
jobs.51job.com/all/co3737458.html
jobs.51job.com/all/co2933921.html
jobs.51job.com/all/co3806598.html
jobs.51job.com/all/co2939178.html
jobs.51job.com/all/co4279839.html
jobs.51job.com/all/co3887011.html
jobs.51job.com/all/co4290118.html
jobs.51job.com/all/co4779151.html
jobs.51job.com/all/co2305598.html
jobs.51job.com/all/co3127408.html
jobs.51job.com/all/co3610194.html
jobs.51job.com/all/co276761.html
jobs.51job.com/all/co3435632.html
jobs.51job.com/all/co4828893.html
jobs.51job.com/all/co3383107.html
jobs.51job.com/all/co4281195.html
jobs.51job.com/all/co3760900.html
jobs.51job.com/all/co2212885.html
jobs.51job.com/all/co3567560.html
jobs.51job.com/all/co4738410.html
jobs.51job.com/all/co2732850.html
jobs.51job.com/all/co3369167.html
jobs.51job.com/all/co3729893.html
jobs.51job.com/all/co3787580.html
jobs.51job.com/all/co158830.html
jobs.51job.com/all/co4869273.html
jobs.51job.com/all/co4129953.html
jobs.51job.com/all/co129863.html
jobs.51job.com/all/co4752658.html
jobs.51job.com/all/co446289.html
jobs.51job.com/all/co3170757.html
jobs.51job.com/all/co4603573.html
jobs.51job.com/all/co4686758.html
jobs.51job.com/all/co3847392.html
jobs.51job.com/all/co3963901.html
jobs.51job.com/all/co115424.html
jobs.51job.com/all/co4269922.html
jobs.51job.com/all/co3235173.html
jobs.51job.com/all/co2896349.html
jobs.51job.com/all/co3972229.html
jobs.51job.com/all/co4348480.html
jobs.51job.com/all/co316640.html
jobs.51job.com/all/co3859978.html
jobs.51job.com/all/co3188129.html
jobs.51job.com/all/co3594087.html
jobs.51job.com/all/co4886606.html
jobs.51job.com/all/co4023713.html
jobs.51job.com/all/co3458268.html
jobs.51job.com/all/co2374317.html
jobs.51job.com/all/co4047330.html
jobs.51job.com/all/co2630239.html
jobs.51job.com/all/co4152189.html
jobs.51job.com/all/co3464637.html
jobs.51job.com/all/co3882719.html
jobs.51job.com/all/co2576604.html
jobs.51job.com/all/co4119781.html
jobs.51job.com/all/co534804.html
jobs.51job.com/all/co2650626.html
jobs.51job.com/all/co2787986.html
jobs.51job.com/all/co4281447.html
jobs.51job.com/all/co3870903.html
jobs.51job.com/all/co3922397.html
jobs.51job.com/all/co4605858.html
jobs.51job.com/all/co2701167.html
jobs.51job.com/all/co4085904.html
jobs.51job.com/all/co2726269.html
jobs.51job.com/all/co2764533.html
jobs.51job.com/all/co2700702.html
jobs.51job.com/all/co2702931.html
jobs.51job.com/all/co3242159.html
jobs.51job.com/all/co3708913.html
jobs.51job.com/all/co3647715.html
jobs.51job.com/all/co3939984.html
jobs.51job.com/all/co4146811.html
jobs.51job.com/all/co2987539.html
jobs.51job.com/all/co4599935.html
jobs.51job.com/all/co3107128.html
jobs.51job.com/all/co3430702.html
jobs.51job.com/all/co3629304.html
jobs.51job.com/all/co4153512.html
jobs.51job.com/all/co4554650.html
jobs.51job.com/all/co3317693.html
jobs.51job.com/all/co4710543.html
jobs.51job.com/all/co3261174.html
jobs.51job.com/all/co2627074.html
jobs.51job.com/all/co2837368.html
jobs.51job.com/all/co3070060.html
jobs.51job.com/all/co4512700.html
jobs.51job.com/all/co4596262.html
jobs.51job.com/all/co3518723.html
jobs.51job.com/all/co3908326.html
jobs.51job.com/all/co3499233.html
jobs.51job.com/all/co3747927.html
jobs.51job.com/all/co4550415.html
jobs.51job.com/all/co2731965.html
jobs.51job.com/all/co2197969.html
jobs.51job.com/all/co2523635.html
jobs.51job.com/all/co3458863.html
jobs.51job.com/all/co1527387.html
jobs.51job.com/all/co3539246.html
jobs.51job.com/all/co2531752.html
jobs.51job.com/all/co3414714.html
jobs.51job.com/all/co2751754.html
jobs.51job.com/all/co4056335.html
jobs.51job.com/all/co4446531.html
jobs.51job.com/all/co2971057.html
jobs.51job.com/all/co4428933.html
jobs.51job.com/all/co3241795.html
jobs.51job.com/all/co2730144.html
jobs.51job.com/all/co2726682.html
jobs.51job.com/all/co3574829.html
jobs.51job.com/all/co2915948.html
jobs.51job.com/all/co2620051.html
jobs.51job.com/all/co2536149.html
jobs.51job.com/all/co3244972.html
jobs.51job.com/all/co4897583.html
jobs.51job.com/all/co3424643.html
jobs.51job.com/all/co2927045.html
jobs.51job.com/all/co4189924.html
jobs.51job.com/all/co4669383.html
jobs.51job.com/all/co3344620.html
jobs.51job.com/all/co2483043.html
jobs.51job.com/all/co964818.html
jobs.51job.com/all/co2786006.html
jobs.51job.com/all/co4795523.html
jobs.51job.com/all/co2705461.html
jobs.51job.com/all/co4860551.html
jobs.51job.com/all/co2524540.html
jobs.51job.com/all/co2620696.html
jobs.51job.com/all/co1804258.html
jobs.51job.com/all/co3075968.html
jobs.51job.com/all/co3692212.html
jobs.51job.com/all/co1140198.html
jobs.51job.com/all/co3996877.html
jobs.51job.com/all/co3629293.html
jobs.51job.com/all/co4059301.html
jobs.51job.com/all/co2542215.html
jobs.51job.com/all/co2925645.html
jobs.51job.com/all/co4701940.html
jobs.51job.com/all/co3985983.html
jobs.51job.com/all/co1635024.html
jobs.51job.com/all/co4027678.html
jobs.51job.com/all/co4688018.html
jobs.51job.com/all/co3556913.html
jobs.51job.com/all/co4161853.html
jobs.51job.com/all/co4126510.html
jobs.51job.com/all/co4474283.html
jobs.51job.com/all/co3888998.html
jobs.51job.com/all/co3060994.html
jobs.51job.com/all/co4672053.html
jobs.51job.com/all/co2445888.html
jobs.51job.com/all/co2981754.html
jobs.51job.com/all/co3765189.html
jobs.51job.com/all/co2288587.html
jobs.51job.com/all/co3996056.html
jobs.51job.com/all/co3863364.html
jobs.51job.com/all/co3999067.html
jobs.51job.com/all/co2421654.html
jobs.51job.com/all/co4680847.html
jobs.51job.com/all/co4738678.html
jobs.51job.com/all/co2591207.html
jobs.51job.com/all/co4429760.html
jobs.51job.com/all/co4521347.html
jobs.51job.com/all/co2861940.html
jobs.51job.com/all/co4492251.html
jobs.51job.com/all/co3931991.html
jobs.51job.com/all/co4070836.html
jobs.51job.com/all/co4701576.html
jobs.51job.com/all/co4585132.html
jobs.51job.com/all/co2459650.html
jobs.51job.com/all/co3833647.html
jobs.51job.com/all/co2791914.html
jobs.51job.com/all/co4636264.html
jobs.51job.com/all/co4083257.html
jobs.51job.com/all/co2978440.html
jobs.51job.com/all/co3185760.html
jobs.51job.com/all/co2610139.html
jobs.51job.com/all/co1164253.html
jobs.51job.com/all/co4053570.html
jobs.51job.com/all/co3926775.html
jobs.51job.com/all/co4295722.html
jobs.51job.com/all/co2660665.html
jobs.51job.com/all/co4650152.html
jobs.51job.com/all/co3301571.html
jobs.51job.com/all/co1490806.html
jobs.51job.com/all/co2646696.html
jobs.51job.com/all/co4145984.html
jobs.51job.com/all/co3638947.html
jobs.51job.com/all/co4909508.html
jobs.51job.com/all/co3964348.html
jobs.51job.com/all/co3995357.html
jobs.51job.com/all/co2857093.html
jobs.51job.com/all/co2214342.html
jobs.51job.com/all/co3852576.html
jobs.51job.com/all/co3427849.html
jobs.51job.com/all/co3979647.html
jobs.51job.com/all/co2676819.html
jobs.51job.com/all/co482833.html
jobs.51job.com/all/co4765495.html
jobs.51job.com/all/co3504141.html
jobs.51job.com/all/co2615609.html
jobs.51job.com/all/co2786605.html
jobs.51job.com/all/co2582923.html
jobs.51job.com/all/co4543274.html
jobs.51job.com/all/co2903126.html
jobs.51job.com/all/co3896986.html
jobs.51job.com/all/co3520528.html
jobs.51job.com/all/co4033157.html
jobs.51job.com/all/co3021561.html
jobs.51job.com/all/co4868687.html
jobs.51job.com/all/co4309088.html
jobs.51job.com/all/co2738104.html
jobs.51job.com/all/co4252961.html
jobs.51job.com/all/co2853467.html
jobs.51job.com/all/co3253699.html
jobs.51job.com/all/co2544563.html
jobs.51job.com/all/co4579352.html
jobs.51job.com/all/co3116438.html
jobs.51job.com/all/co4215855.html
jobs.51job.com/all/co2238361.html
jobs.51job.com/all/co4635186.html
jobs.51job.com/all/co3838971.html
jobs.51job.com/all/co3734448.html
jobs.51job.com/all/co4750442.html
jobs.51job.com/all/co3273877.html
jobs.51job.com/all/co2568326.html
jobs.51job.com/all/co3263390.html
jobs.51job.com/all/co4237996.html
jobs.51job.com/all/co3586461.html
jobs.51job.com/all/co4610766.html
jobs.51job.com/all/co2927261.html
jobs.51job.com/all/co4882128.html
jobs.51job.com/all/co2927197.html
jobs.51job.com/all/co2866327.html
jobs.51job.com/all/co4165551.html
jobs.51job.com/all/co2463371.html
jobs.51job.com/all/co4468623.html
jobs.51job.com/all/co2945115.html
jobs.51job.com/all/co4262091.html
jobs.51job.com/all/co2338833.html
jobs.51job.com/all/co4938631.html
jobs.51job.com/all/co2524235.html
jobs.51job.com/all/co2730479.html
jobs.51job.com/all/co4942447.html
jobs.51job.com/all/co4941578.html
jobs.51job.com/all/co4160324.html
jobs.51job.com/all/co4793610.html
jobs.51job.com/all/co3833757.html
jobs.51job.com/all/co4140546.html
jobs.51job.com/all/co2562001.html
jobs.51job.com/all/co4228112.html
jobs.51job.com/all/co2210595.html
jobs.51job.com/all/co4764814.html
jobs.51job.com/all/co4095035.html
jobs.51job.com/all/co4184053.html
jobs.51job.com/all/co4480349.html
jobs.51job.com/all/co4894592.html
jobs.51job.com/all/co3093510.html
jobs.51job.com/all/co4116036.html
jobs.51job.com/all/co2997164.html
jobs.51job.com/all/co2853157.html
jobs.51job.com/all/co3378614.html
jobs.51job.com/all/co2491332.html
jobs.51job.com/all/co150462.html
jobs.51job.com/all/co4940310.html
jobs.51job.com/all/co4620896.html
jobs.51job.com/all/co3917178.html
jobs.51job.com/all/co4608381.html
jobs.51job.com/all/co3165325.html
jobs.51job.com/all/co3809405.html
jobs.51job.com/all/co4161725.html
jobs.51job.com/all/co3445488.html
jobs.51job.com/all/co3767750.html
jobs.51job.com/all/co2724925.html
jobs.51job.com/all/co4703368.html
jobs.51job.com/all/co2567681.html
jobs.51job.com/all/co2717650.html
jobs.51job.com/all/co4115901.html
jobs.51job.com/all/co4764593.html
jobs.51job.com/all/co2596493.html
jobs.51job.com/all/co4363627.html
jobs.51job.com/all/co2627768.html
jobs.51job.com/all/co3610872.html
jobs.51job.com/all/co4407264.html
jobs.51job.com/all/co3691482.html
jobs.51job.com/all/co3573167.html
jobs.51job.com/all/co2452901.html
jobs.51job.com/all/co2826046.html
jobs.51job.com/all/co3366352.html
jobs.51job.com/all/co2828142.html
jobs.51job.com/all/co4396716.html
jobs.51job.com/all/co4627300.html
jobs.51job.com/all/co3580777.html
jobs.51job.com/all/co2761265.html
jobs.51job.com/all/co3341084.html
jobs.51job.com/all/co106423.html
jobs.51job.com/all/co2898701.html
zjsj.51job.com/
jobs.51job.com/all/co2898917.html
jobs.51job.com/all/co4439278.html
jobs.51job.com/all/co4245691.html
jobs.51job.com/all/co3133372.html
jobs.51job.com/all/co5336.html
jobs.51job.com/all/co3988253.html
jobs.51job.com/all/co4830478.html
jobs.51job.com/all/co4236799.html
jobs.51job.com/all/co116902.html
jobs.51job.com/all/co1146131.html
jobs.51job.com/all/co3018733.html
jobs.51job.com/all/co4319392.html
jobs.51job.com/all/co2407957.html
jobs.51job.com/all/co3017161.html
jobs.51job.com/all/co2546282.html
jobs.51job.com/all/co4103793.html
jobs.51job.com/all/co3473585.html
jobs.51job.com/all/co3918939.html
jobs.51job.com/all/co2563155.html
jobs.51job.com/all/co2209711.html
jobs.51job.com/all/co4659890.html
jobs.51job.com/all/co2730887.html
jobs.51job.com/all/co4372857.html
jobs.51job.com/all/co731721.html
jobs.51job.com/all/co3455673.html
jobs.51job.com/all/co4906031.html
jobs.51job.com/all/co4689163.html
jobs.51job.com/all/co3973146.html
jobs.51job.com/all/co2484078.html
jobs.51job.com/all/co4748488.html
jobs.51job.com/all/co4076953.html
jobs.51job.com/all/co2244730.html
jobs.51job.com/all/co4338508.html
jobs.51job.com/all/co2790158.html
jobs.51job.com/all/co129018.html
jobs.51job.com/all/co3726641.html
jobs.51job.com/all/co3648676.html
jobs.51job.com/all/co2089014.html
jobs.51job.com/all/co4586468.html
jobs.51job.com/all/co569726.html
jobs.51job.com/all/co2689396.html
jobs.51job.com/all/co2674293.html
jobs.51job.com/all/co3785622.html
jobs.51job.com/all/co2273238.html
jobs.51job.com/all/co3857431.html
jobs.51job.com/all/co3483478.html
jobs.51job.com/all/co4025128.html
jobs.51job.com/all/co2924460.html
jobs.51job.com/all/co4664440.html
jobs.51job.com/all/co4618108.html
jobs.51job.com/all/co4649394.html
jobs.51job.com/all/co3937584.html
jobs.51job.com/all/co4482577.html
jobs.51job.com/all/co2736322.html
jobs.51job.com/all/co4211740.html
jobs.51job.com/all/co3077020.html
jobs.51job.com/all/co3258691.html
jobs.51job.com/all/co4836008.html
jobs.51job.com/all/co3457910.html
jobs.51job.com/all/co4177748.html
jobs.51job.com/all/co2403600.html
jobs.51job.com/all/co3604883.html
jobs.51job.com/all/co2544007.html
jobs.51job.com/all/co3190450.html
jobs.51job.com/all/co4735704.html
jobs.51job.com/all/co3680905.html
jobs.51job.com/all/co2920736.html
jobs.51job.com/all/co3998388.html
jobs.51job.com/all/co2698981.html
jobs.51job.com/all/co4081301.html
jobs.51job.com/all/co4674062.html
jobs.51job.com/all/co3970842.html
jobs.51job.com/all/co4376868.html
jobs.51job.com/all/co4400949.html
jobs.51job.com/all/co3540044.html
jobs.51job.com/all/co152922.html
jobs.51job.com/all/co3199340.html
jobs.51job.com/all/co3965124.html
jobs.51job.com/all/co3311127.html
jobs.51job.com/all/co4550369.html
jobs.51job.com/all/co2886279.html
jobs.51job.com/all/co4408017.html
jobs.51job.com/all/co4280698.html
jobs.51job.com/all/co4867923.html
jobs.51job.com/all/co4700519.html
jobs.51job.com/all/co4624760.html
jobs.51job.com/all/co4809911.html
jobs.51job.com/all/co2791661.html
jobs.51job.com/all/co4557886.html
jobs.51job.com/all/co4848501.html
jobs.51job.com/all/co4723232.html
jobs.51job.com/all/co2941765.html
jobs.51job.com/all/co4391218.html
jobs.51job.com/all/co3553375.html
jobs.51job.com/all/co4078594.html
jobs.51job.com/all/co3226298.html
jobs.51job.com/all/co4856678.html
jobs.51job.com/all/co579488.html
jobs.51job.com/all/co4278825.html
jobs.51job.com/all/co4492372.html
jobs.51job.com/all/co2346551.html
jobs.51job.com/all/co270592.html
jobs.51job.com/all/co2373891.html
jobs.51job.com/all/co3634506.html
jobs.51job.com/all/co2931461.html
jobs.51job.com/all/co2340685.html
jobs.51job.com/all/co2537359.html
jobs.51job.com/all/co3936429.html
jobs.51job.com/all/co4327763.html
jobs.51job.com/all/co2746245.html
jobs.51job.com/all/co2932698.html
jobs.51job.com/all/co4068753.html
jobs.51job.com/all/co3714826.html
jobs.51job.com/all/co3690359.html
jobs.51job.com/all/co4928163.html
jobs.51job.com/all/co2478368.html
jobs.51job.com/all/co4269719.html
jobs.51job.com/all/co3410505.html
jobs.51job.com/all/co4028091.html
jobs.51job.com/all/co2916136.html
jobs.51job.com/all/co503329.html
jobs.51job.com/all/co2484077.html
jobs.51job.com/all/co4349456.html
jobs.51job.com/all/co4011718.html
jobs.51job.com/all/co1003751.html
jobs.51job.com/all/co4428636.html
jobs.51job.com/all/co141505.html
jobs.51job.com/all/co4033493.html
jobs.51job.com/all/co4036723.html
jobs.51job.com/all/co2634988.html
jobs.51job.com/all/co4209836.html
jobs.51job.com/all/co4312559.html
jobs.51job.com/all/co2618326.html
jobs.51job.com/all/co2762009.html
jobs.51job.com/all/co4548259.html
jobs.51job.com/all/co672253.html
jobs.51job.com/all/co3580763.html
jobs.51job.com/all/co2739260.html
jobs.51job.com/all/co4804265.html
jobs.51job.com/all/co3940263.html
jobs.51job.com/all/co2495754.html
jobs.51job.com/all/co4189367.html
jobs.51job.com/all/co3242737.html
jobs.51job.com/all/co2580117.html
jobs.51job.com/all/co4206092.html
jobs.51job.com/all/co3056858.html
jobs.51job.com/all/co3351693.html
jobs.51job.com/all/co2120748.html
jobs.51job.com/all/co2202048.html
jobs.51job.com/all/co3846662.html
jobs.51job.com/all/co3099686.html
jobs.51job.com/all/co4615986.html
jobs.51job.com/all/co4018362.html
jobs.51job.com/all/co4618695.html
jobs.51job.com/all/co3331946.html
jobs.51job.com/all/co3141674.html
jobs.51job.com/all/co3661816.html
jobs.51job.com/all/co2821638.html
jobs.51job.com/all/co4580415.html
jobs.51job.com/all/co3913587.html
jobs.51job.com/all/co4046888.html
jobs.51job.com/all/co4876749.html
jobs.51job.com/all/co2206705.html
jobs.51job.com/all/co2531079.html
jobs.51job.com/all/co4152834.html
jobs.51job.com/all/co552359.html
jobs.51job.com/all/co4425941.html
jobs.51job.com/all/co4378025.html
jobs.51job.com/all/co4543007.html
jobs.51job.com/all/co4762923.html
jobs.51job.com/all/co3315613.html
jobs.51job.com/all/co4269835.html
jobs.51job.com/all/co2784019.html
jobs.51job.com/all/co2238407.html
jobs.51job.com/all/co3116991.html
lachapelle.51job.com
jobs.51job.com/all/co4873868.html
jobs.51job.com/all/co3447342.html
jobs.51job.com/all/co2744759.html
jobs.51job.com/all/co4490416.html
jobs.51job.com/all/co4307897.html
jobs.51job.com/all/co3918467.html
jobs.51job.com/all/co2581037.html
jobs.51job.com/all/co3965732.html
jobs.51job.com/all/co3454968.html
jobs.51job.com/all/co4642955.html
jobs.51job.com/all/co3122056.html
jobs.51job.com/all/co3880033.html
jobs.51job.com/all/co2740347.html
jobs.51job.com/all/co3586514.html
jobs.51job.com/all/co3716617.html
jobs.51job.com/all/co2920045.html
jobs.51job.com/all/co4127689.html
jobs.51job.com/all/co3277693.html
jobs.51job.com/all/co3212970.html
jobs.51job.com/all/co3870189.html
jobs.51job.com/all/co4784551.html
jobs.51job.com/all/co1490822.html
jobs.51job.com/all/co3647429.html
jobs.51job.com/all/co4848424.html
jobs.51job.com/all/co3688229.html
jobs.51job.com/all/co2737830.html
jobs.51job.com/all/co3901488.html
jobs.51job.com/all/co2358108.html
jobs.51job.com/all/co4469085.html
jobs.51job.com/all/co3877281.html
jobs.51job.com/all/co4914801.html
jobs.51job.com/all/co4669690.html
jobs.51job.com/all/co4425570.html
jobs.51job.com/all/co4657106.html
jobs.51job.com/all/co3690265.html
jobs.51job.com/all/co4819904.html
jobs.51job.com/all/co4411334.html
jobs.51job.com/all/co3891724.html
jobs.51job.com/all/co2573266.html
jobs.51job.com/all/co4270864.html
jobs.51job.com/all/co4784207.html
jobs.51job.com/all/co4833136.html
jobs.51job.com/all/co3063193.html
jobs.51job.com/all/co4113902.html
jobs.51job.com/all/co4333102.html
jobs.51job.com/all/co2356505.html
jobs.51job.com/all/co4496671.html
jobs.51job.com/all/co3841300.html
jobs.51job.com/all/co4635074.html
jobs.51job.com/all/co4804535.html
jobs.51job.com/all/co4041287.html
jobs.51job.com/all/co726992.html
jobs.51job.com/all/co4525003.html
jobs.51job.com/all/co4601577.html
jobs.51job.com/all/co3965699.html
jobs.51job.com/all/co4778275.html
jobs.51job.com/all/co4388428.html
jobs.51job.com/all/co4148402.html
jobs.51job.com/all/co4339840.html
jobs.51job.com/all/co3880321.html
jobs.51job.com/all/co3154043.html
jobs.51job.com/all/co2424106.html
jobs.51job.com/all/co4206439.html
jobs.51job.com/all/co4886227.html
jobs.51job.com/all/co3838201.html
jobs.51job.com/all/co2325328.html
jobs.51job.com/all/co4416120.html
jobs.51job.com/all/co3389248.html
jobs.51job.com/all/co2352418.html
jobs.51job.com/all/co2220020.html
jobs.51job.com/all/co4869345.html
jobs.51job.com/all/co4506972.html
jobs.51job.com/all/co4820226.html
jobs.51job.com/all/co3393837.html
jobs.51job.com/all/co3293768.html
jobs.51job.com/all/co3579294.html
jobs.51job.com/all/co3692973.html
jobs.51job.com/all/co2393112.html
jobs.51job.com/all/co4881379.html
jobs.51job.com/all/co2947364.html
jobs.51job.com/all/co4868029.html
jobs.51job.com/all/co4294589.html
jobs.51job.com/all/co3230582.html
jobs.51job.com/all/co184057.html
jobs.51job.com/all/co4240603.html
jobs.51job.com/all/co4682060.html
jobs.51job.com/all/co4829980.html
jobs.51job.com/all/co4625522.html
jobs.51job.com/all/co4125831.html
jobs.51job.com/all/co3285921.html
jobs.51job.com/all/co3532611.html
jobs.51job.com/all/co4320642.html
jobs.51job.com/all/co3553378.html
jobs.51job.com/all/co4742247.html
jobs.51job.com/all/co2487259.html
jobs.51job.com/all/co2571744.html
jobs.51job.com/all/co4010587.html
carrier.51job.com
jobs.51job.com/all/co4368989.html
jobs.51job.com/all/co1371530.html
jobs.51job.com/all/co2699836.html
jobs.51job.com/all/co4601599.html
jobs.51job.com/all/co3227561.html
jobs.51job.com/all/co3427019.html
jobs.51job.com/all/co3922036.html
jobs.51job.com/all/co4578310.html
jobs.51job.com/all/co4670232.html
jobs.51job.com/all/co2683599.html
jobs.51job.com/all/co3653053.html
jobs.51job.com/all/co141119.html
jobs.51job.com/all/co3909628.html
jobs.51job.com/all/co4733143.html
jobs.51job.com/all/co3595677.html
jobs.51job.com/all/co3699244.html
jobs.51job.com/all/co2956030.html
jobs.51job.com/all/co2617757.html
jobs.51job.com/all/co2800944.html
jobs.51job.com/all/co2504291.html
jobs.51job.com/all/co4631662.html
jobs.51job.com/all/co3999446.html
jobs.51job.com/all/co3807506.html
jobs.51job.com/all/co4389669.html
jobs.51job.com/all/co2727737.html
jobs.51job.com/all/co3362795.html
jobs.51job.com/all/co173148.html
jobs.51job.com/all/co4526331.html
jobs.51job.com/all/co4605123.html
jobs.51job.com/all/co4506536.html
jobs.51job.com/all/co3941115.html
jobs.51job.com/all/co3272421.html
jobs.51job.com/all/co3937627.html
jobs.51job.com/all/co2760013.html
jobs.51job.com/all/co4282154.html
jobs.51job.com/all/co4499036.html
jobs.51job.com/all/co3916053.html
jobs.51job.com/all/co4176474.html
jobs.51job.com/all/co1994049.html
jobs.51job.com/all/co3852058.html
jobs.51job.com/all/co4636369.html
jobs.51job.com/all/co2491912.html
jobs.51job.com/all/co3524732.html
jobs.51job.com/all/co3517024.html
jobs.51job.com/all/co2778720.html
jobs.51job.com/all/co4817194.html
jobs.51job.com/all/co3487257.html
jobs.51job.com/all/co2486047.html
jobs.51job.com/all/co4066309.html
jobs.51job.com/all/co3998300.html
jobs.51job.com/all/co4443559.html
jobs.51job.com/all/co4815864.html
jobs.51job.com/all/co3630365.html
jobs.51job.com/all/co4015857.html
jobs.51job.com/all/co2808577.html
jobs.51job.com/all/co4717266.html
jobs.51job.com/all/co4738033.html
jobs.51job.com/all/co2942485.html
jobs.51job.com/all/co4165738.html
jobs.51job.com/all/co4694526.html
jobs.51job.com/all/co3401460.html
jobs.51job.com/all/co3823065.html
jobs.51job.com/all/co3059729.html
jobs.51job.com/all/co3382618.html
jobs.51job.com/all/co4274494.html
jobs.51job.com/all/co3245936.html
jobs.51job.com/all/co2862762.html
jobs.51job.com/all/co3493462.html
jobs.51job.com/all/co4850829.html
jobs.51job.com/all/co2570161.html
jobs.51job.com/all/co2863113.html
jobs.51job.com/all/co4676706.html
jobs.51job.com/all/co4251857.html
jobs.51job.com/all/co4220044.html
jobs.51job.com/all/co3700578.html
jobs.51job.com/all/co4069521.html
jobs.51job.com/all/co2543335.html
jobs.51job.com/all/co4261935.html
jobs.51job.com/all/co4245535.html
jobs.51job.com/all/co4216149.html
jobs.51job.com/all/co2715273.html
jobs.51job.com/all/co4548297.html
jobs.51job.com/all/co3927669.html
jobs.51job.com/all/co2583990.html
jobs.51job.com/all/co2924153.html
jobs.51job.com/all/co3164073.html
jobs.51job.com/all/co4867709.html
jobs.51job.com/all/co2036599.html
jobs.51job.com/all/co3169499.html
jobs.51job.com/all/co2784729.html
jobs.51job.com/all/co4423121.html
jobs.51job.com/all/co4561970.html
jobs.51job.com/all/co3702272.html
jobs.51job.com/all/co4829881.html
jobs.51job.com/all/co2743314.html
jobs.51job.com/all/co2126349.html
jobs.51job.com/all/co2917983.html
jobs.51job.com/all/co4387826.html
jobs.51job.com/all/co4533946.html
jobs.51job.com/all/co3776954.html
jobs.51job.com/all/co2851648.html
jobs.51job.com/all/co4272725.html
jobs.51job.com/all/co4501345.html
jobs.51job.com/all/co4244208.html
jobs.51job.com/all/co2183030.html
jobs.51job.com/all/co2786243.html
jobs.51job.com/all/co4836747.html
jobs.51job.com/all/co3045030.html
jobs.51job.com/all/co4859667.html
jobs.51job.com/all/co4859493.html
jobs.51job.com/all/co4234096.html
jobs.51job.com/all/co2676143.html
jobs.51job.com/all/co3776948.html
jobs.51job.com/all/co3843917.html
jobs.51job.com/all/co3549188.html
jobs.51job.com/all/co3936184.html
jobs.51job.com/all/co3440155.html
jobs.51job.com/all/co4648384.html
jobs.51job.com/all/co4854497.html
jobs.51job.com/all/co3302086.html
jobs.51job.com/all/co3314984.html
jobs.51job.com/all/co3487141.html
jobs.51job.com/all/co4573467.html
jobs.51job.com/all/co642236.html
jobs.51job.com/all/co3349838.html
jobs.51job.com/all/co4226088.html
jobs.51job.com/all/co4130897.html
jobs.51job.com/all/co3063045.html
jobs.51job.com/all/co2742163.html
jobs.51job.com/all/co4277766.html
jobs.51job.com/all/co4244893.html
jobs.51job.com/all/co4074630.html
jobs.51job.com/all/co4639691.html
jobs.51job.com/all/co2589038.html
jobs.51job.com/all/co4261589.html
jobs.51job.com/all/co4462688.html
jobs.51job.com/all/co2892552.html
jobs.51job.com/all/co4931698.html
jobs.51job.com/all/co2805487.html
jobs.51job.com/all/co4040789.html
jobs.51job.com/all/co4626035.html
jobs.51job.com/all/co3805420.html
jobs.51job.com/all/co3559124.html
jobs.51job.com/all/co4329169.html
jobs.51job.com/all/co4338509.html
jobs.51job.com/all/co4338509.html
jobs.51job.com/all/co4313821.html
jobs.51job.com/all/co4092022.html
jobs.51job.com/all/co4347503.html
jobs.51job.com/all/co4626899.html
jobs.51job.com/all/co4626899.html
jobs.51job.com/all/co4626899.html
jobs.51job.com/all/co4626899.html
jobs.51job.com/all/co4669562.html
jobs.51job.com/all/co3644518.html
jobs.51job.com/all/co705137.html
jobs.51job.com/all/co4885388.html
jobs.51job.com/all/co2969077.html
jobs.51job.com/all/co2909032.html
jobs.51job.com/all/co2909032.html
jobs.51job.com/all/co2909032.html
jobs.51job.com/all/co2909032.html
jobs.51job.com/all/co2909032.html
jobs.51job.com/all/co2909032.html
jobs.51job.com/all/co2277186.html
jobs.51job.com/all/co672819.html
jobs.51job.com/all/co3235224.html
jobs.51job.com/all/co3644492.html
jobs.51job.com/all/co2698425.html
jobs.51job.com/all/co4768624.html
jobs.51job.com/all/co2618170.html
jobs.51job.com/all/co2676769.html
jobs.51job.com/all/co3881784.html
jobs.51job.com/all/co4514931.html
jobs.51job.com/all/co2691320.html
jobs.51job.com/all/co4844838.html
jobs.51job.com/all/co4734458.html
jobs.51job.com/all/co4026942.html
jobs.51job.com/all/co3831916.html
jobs.51job.com/all/co3063879.html
jobs.51job.com/all/co3063879.html
jobs.51job.com/all/co4315608.html
jobs.51job.com/all/co4315608.html
jobs.51job.com/all/co4315608.html
jobs.51job.com/all/co4495227.html
jobs.51job.com/all/co3741445.html
jobs.51job.com/all/co2698425.html
jobs.51job.com/all/co2698425.html
jobs.51job.com/all/co3276267.html
jobs.51job.com/all/co3834445.html
jobs.51job.com/all/co2539429.html
jobs.51job.com/all/co4508224.html
jobs.51job.com/all/co4519909.html
jobs.51job.com/all/co4519909.html
jobs.51job.com/all/co4771321.html
jobs.51job.com/all/co3834445.html
jobs.51job.com/all/co4771321.html
jobs.51job.com/all/co4018049.html
jobs.51job.com/all/co2704771.html
jobs.51job.com/all/co4508224.html
jobs.51job.com/all/co3834445.html
jobs.51job.com/all/co4347503.html
jobs.51job.com/all/co4800895.html
jobs.51job.com/all/co4754455.html
jobs.51job.com/all/co4206948.html
jobs.51job.com/all/co4309891.html
jobs.51job.com/all/co4092022.html
jobs.51job.com/all/co4092022.html
jobs.51job.com/all/co4092022.html
jobs.51job.com/all/co4092022.html
jobs.51job.com/all/co4092022.html
jobs.51job.com/all/co4092022.html
jobs.51job.com/all/co4092022.html
jobs.51job.com/all/co4092022.html
jobs.51job.com/all/co4092022.html
jobs.51job.com/all/co4092022.html
jobs.51job.com/all/co4092022.html
jobs.51job.com/all/co4092022.html
jobs.51job.com/all/co4092022.html
jobs.51job.com/all/co4092022.html
jobs.51job.com/all/co4092022.html
jobs.51job.com/all/co4092022.html
jobs.51job.com/all/co4092022.html
jobs.51job.com/all/co4092022.html
jobs.51job.com/all/co4092022.html
jobs.51job.com/all/co4092022.html
jobs.51job.com/all/co4092022.html
jobs.51job.com/all/co4092022.html
jobs.51job.com/all/co4092022.html
jobs.51job.com/all/co4092022.html
jobs.51job.com/all/co4092022.html
jobs.51job.com/all/co4092022.html
jobs.51job.com/all/co4092022.html
jobs.51job.com/all/co4092022.html
jobs.51job.com/all/co4092022.html
jobs.51job.com/all/co4092022.html
jobs.51job.com/all/co4092022.html
jobs.51job.com/all/co4092022.html
jobs.51job.com/all/co4092022.html
jobs.51job.com/all/co4092022.html
jobs.51job.com/all/co4092022.html
jobs.51job.com/all/co4092022.html
jobs.51job.com/all/co4092022.html
jobs.51job.com/all/co2813065.html
jobs.51job.com/all/co2813065.html
jobs.51job.com/all/co2813065.html
jobs.51job.com/all/co2813065.html
jobs.51job.com/all/co2813065.html
jobs.51job.com/all/co2813065.html
jobs.51job.com/all/co2813065.html
jobs.51job.com/all/co2813065.html
jobs.51job.com/all/co2813065.html
jobs.51job.com/all/co2541799.html
jobs.51job.com/all/co2299748.html
jobs.51job.com/all/co2299748.html
jobs.51job.com/all/co2299748.html
jobs.51job.com/all/co2299748.html
jobs.51job.com/all/co2299748.html
jobs.51job.com/all/co2299748.html
jobs.51job.com/all/co2299748.html
jobs.51job.com/all/co2299748.html
jobs.51job.com/all/co2299748.html
jobs.51job.com/all/co2299748.html
jobs.51job.com/all/co2299748.html
jobs.51job.com/all/co3096755.html
jobs.51job.com/all/co2813065.html
jobs.51job.com/all/co2813065.html
jobs.51job.com/all/co2813065.html
jobs.51job.com/all/co2813065.html
jobs.51job.com/all/co2813065.html
jobs.51job.com/all/co2813065.html
jobs.51job.com/all/co2813065.html
jobs.51job.com/all/co2813065.html
jobs.51job.com/all/co2813065.html
jobs.51job.com/all/co2813065.html
jobs.51job.com/all/co2813065.html
jobs.51job.com/all/co2541799.html
jobs.51job.com/all/co2541799.html
jobs.51job.com/all/co2541799.html
jobs.51job.com/all/co2541799.html
jobs.51job.com/all/co2541799.html
jobs.51job.com/all/co2541799.html
jobs.51job.com/all/co3022396.html
jobs.51job.com/all/co3022396.html
jobs.51job.com/all/co3022396.html
jobs.51job.com/all/co3022396.html
jobs.51job.com/all/co2813065.html
zj32.51job.com
jobs.51job.com/all/co2411680.html
jobs.51job.com/all/co3247376.html
jobs.51job.com/all/co4260445.html
jobs.51job.com/all/co4260445.html
jobs.51job.com/all/co612312.html
jobs.51job.com/all/co4525152.html
jobs.51job.com/all/co3559124.html
jobs.51job.com/all/co3488138.html
jobs.51job.com/all/co2329968.html
jobs.51job.com/all/co3528235.html
jobs.51job.com/all/co3528235.html
jobs.51job.com/all/co3528235.html
jobs.51job.com/all/co3361670.html
jobs.51job.com/all/co3361670.html
jobs.51job.com/all/co3361670.html
jobs.51job.com/all/co3361670.html
jobs.51job.com/all/co3361670.html
jobs.51job.com/all/co3361670.html
jobs.51job.com/all/co3361670.html
jobs.51job.com/all/co3361670.html
jobs.51job.com/all/co3402236.html
jobs.51job.com/all/co3402236.html
jobs.51job.com/all/co4870304.html
jobs.51job.com/all/co2691320.html
jobs.51job.com/all/co2273274.html
jobs.51job.com/all/co2273274.html
jobs.51job.com/all/co2273274.html
jobs.51job.com/all/co4869405.html
jobs.51job.com/all/co2518109.html
jobs.51job.com/all/co3577322.html
jobs.51job.com/all/co4954396.html
jobs.51job.com/all/co4954396.html
jobs.51job.com/all/co4954396.html
jobs.51job.com/all/co4743492.html
jobs.51job.com/all/co3825393.html
jobs.51job.com/all/co4743492.html
jobs.51job.com/all/co4743492.html
jobs.51job.com/all/co3029814.html
jobs.51job.com/all/co3029814.html
jobs.51job.com/all/co3911917.html
jobs.51job.com/all/co2588783.html
jobs.51job.com/all/co4519971.html
jobs.51job.com/all/co4018866.html
jobs.51job.com/all/co4018866.html
jobs.51job.com/all/co4018866.html
jobs.51job.com/all/co4018866.html
jobs.51job.com/all/co4412071.html
jobs.51job.com/all/co4412071.html
jobs.51job.com/all/co2198752.html
jobs.51job.com/all/co2881587.html
jobs.51job.com/all/co4519971.html
jobs.51job.com/all/co2797352.html
jobs.51job.com/all/co4941386.html
jobs.51job.com/all/co4863030.html
jobs.51job.com/all/co2676769.html
jobs.51job.com/all/co4026942.html
jobs.51job.com/all/co4338509.html
jobs.51job.com/all/co4711860.html
jobs.51job.com/all/co4013728.html
jobs.51job.com/all/co3911917.html
jobs.51job.com/all/co3841215.html
jobs.51job.com/all/co4313821.html
jobs.51job.com/all/co4313821.html
jobs.51job.com/all/co4315212.html
jobs.51job.com/all/co3573766.html
jobs.51job.com/all/co2934409.html
jobs.51job.com/all/co2934409.html
jobs.51job.com/all/co3284855.html
jobs.51job.com/all/co4930062.html
jobs.51job.com/all/co4240361.html
jobs.51job.com/all/co4240361.html
jobs.51job.com/all/co3877645.html
jobs.51job.com/all/co3877645.html
jobs.51job.com/all/co3877645.html
jobs.51job.com/all/co2826547.html
jobs.51job.com/all/co3108418.html
jobs.51job.com/all/co2411680.html
jobs.51job.com/all/co4382945.html
jobs.51job.com/all/co4382945.html
jobs.51job.com/all/co3361670.html
jobs.51job.com/all/co4344405.html
jobs.51job.com/all/co3859866.html
jobs.51job.com/all/co3859866.html
jobs.51job.com/all/co2918689.html
jobs.51job.com/all/co3402236.html
jobs.51job.com/all/co232923.html
jobs.51job.com/all/co3454349.html
jobs.51job.com/all/co3454349.html
jobs.51job.com/all/co3454349.html
jobs.51job.com/all/co3454349.html
jobs.51job.com/all/co4626899.html
jobs.51job.com/all/co2959928.html
jobs.51job.com/all/co3044353.html
jobs.51job.com/all/co3644320.html
jobs.51job.com/all/co3644320.html
jobs.51job.com/all/co3644320.html
jobs.51job.com/all/co3644320.html
jobs.51job.com/all/co2230415.html
jobs.51job.com/all/co4187304.html
jobs.51job.com/all/co4187304.html
jobs.51job.com/all/co2819870.html
jobs.51job.com/all/co2732741.html
jobs.51job.com/all/co2732741.html
jobs.51job.com/all/co4382945.html
jobs.51job.com/all/co193864.html
jobs.51job.com/all/co2946345.html
jobs.51job.com/all/co2729607.html
jobs.51job.com/all/co2729607.html
jobs.51job.com/all/co2701262.html
jobs.51job.com/all/co3481757.html
jobs.51job.com/all/co2709117.html
jobs.51job.com/all/co2709117.html
jobs.51job.com/all/co2709117.html
jobs.51job.com/all/co2709117.html
jobs.51job.com/all/co3039242.html
jobs.51job.com/all/co2292370.html
jobs.51job.com/all/co2292370.html
jobs.51job.com/all/co2745381.html
jobs.51job.com/all/co2745381.html
jobs.51job.com/all/co4537362.html
jobs.51job.com/all/co107556.html
jobs.51job.com/all/co4537362.html
jobs.51job.com/all/co4537362.html
jobs.51job.com/all/co4537362.html
jobs.51job.com/all/co300472.html
jobs.51job.com/all/co4527535.html
jobs.51job.com/all/co3577322.html
jobs.51job.com/all/co3577322.html
jobs.51job.com/all/co2977526.html
jobs.51job.com/all/co2977526.html
jobs.51job.com/all/co3901949.html
jobs.51job.com/all/co3901949.html
jobs.51job.com/all/co3901949.html
jobs.51job.com/all/co3236657.html
jobs.51job.com/all/co3901949.html
jobs.51job.com/all/co3984167.html
jobs.51job.com/all/co4002088.html
jobs.51job.com/all/co4002088.html
jobs.51job.com/all/co200527.html
jobs.51job.com/all/co3144727.html
jobs.51job.com/all/co4088860.html
jobs.51job.com/all/co2815696.html
jobs.51job.com/all/co4889123.html
jobs.51job.com/all/co3114912.html
jobs.51job.com/all/co4835356.html
jobs.51job.com/all/co2198752.html
jobs.51job.com/all/co4365311.html
jobs.51job.com/all/co2018596.html
jobs.51job.com/all/co3094231.html
jobs.51job.com/all/co3094231.html
jobs.51job.com/all/co3094231.html
jobs.51job.com/all/co3094231.html
jobs.51job.com/all/co4380007.html
jobs.51job.com/all/co3290229.html
jobs.51job.com/all/co3290229.html
jobs.51job.com/all/co3290229.html
jobs.51job.com/all/co3290229.html
jobs.51job.com/all/co3535200.html
jobs.51job.com/all/co2243048.html
jobs.51job.com/all/co3026802.html
jobs.51job.com/all/co4235467.html
jobs.51job.com/all/co2726773.html
jobs.51job.com/all/co4796264.html
jobs.51job.com/all/co4128385.html
jobs.51job.com/all/co4081109.html
jobs.51job.com/all/co4081109.html
jobs.51job.com/all/co2557877.html
jobs.51job.com/all/co2557877.html
jobs.51job.com/all/co2557877.html
jobs.51job.com/all/co2557877.html
jobs.51job.com/all/co2557877.html
jobs.51job.com/all/co4894408.html
jobs.51job.com/all/co4669562.html
jobs.51job.com/all/co2411680.html
jobs.51job.com/all/co2411680.html
jobs.51job.com/all/co2555545.html
jobs.51job.com/all/co3860795.html
jobs.51job.com/all/co3860795.html
jobs.51job.com/all/co2897355.html
jobs.51job.com/all/co4120443.html
jobs.51job.com/all/co2555545.html
jobs.51job.com/all/co2555545.html
jobs.51job.com/all/co2555545.html
jobs.51job.com/all/co2555545.html
jobs.51job.com/all/co2555545.html
jobs.51job.com/all/co2555545.html
jobs.51job.com/all/co2555545.html
jobs.51job.com/all/co2555545.html
jobs.51job.com/all/co2555545.html
jobs.51job.com/all/co2555545.html
jobs.51job.com/all/co2555545.html
jobs.51job.com/all/co2555545.html
jobs.51job.com/all/co2733108.html
jobs.51job.com/all/co2733108.html
jobs.51job.com/all/co2733108.html
jobs.51job.com/all/co4375660.html
jobs.51job.com/all/co4375660.html
jobs.51job.com/all/co1422802.html
jobs.51job.com/all/co3994028.html
jobs.51job.com/all/co3172648.html
jobs.51job.com/all/co3235224.html
jobs.51job.com/all/co3644518.html
jobs.51job.com/all/co4118347.html
jobs.51job.com/all/co2867031.html
jobs.51job.com/all/co2867031.html
jobs.51job.com/all/co2614846.html
jobs.51job.com/all/co2614846.html
jobs.51job.com/all/co4071520.html
jobs.51job.com/all/co4491170.html
jobs.51job.com/all/co4491170.html
jobs.51job.com/all/co4491170.html
jobs.51job.com/all/co2714901.html
jobs.51job.com/all/co2714901.html
jobs.51job.com/all/co2137495.html
jobs.51job.com/all/co2611742.html
jobs.51job.com/all/co2894005.html
jobs.51job.com/all/co2894005.html
jobs.51job.com/all/co2611742.html
jobs.51job.com/all/co2686373.html
jobs.51job.com/all/co4142002.html
jobs.51job.com/all/co4142002.html
jobs.51job.com/all/co4142002.html
jobs.51job.com/all/co4142002.html
jobs.51job.com/all/co2364372.html
jobs.51job.com/all/co3892147.html
jobs.51job.com/all/co3892147.html
jobs.51job.com/all/co3892147.html
jobs.51job.com/all/co3892147.html
jobs.51job.com/all/co3892147.html
jobs.51job.com/all/co3892147.html
jobs.51job.com/all/co318359.html
jobs.51job.com/all/co318359.html
jobs.51job.com/all/co318359.html
jobs.51job.com/all/co4180263.html
jobs.51job.com/all/co4869405.html
jobs.51job.com/all/co2190042.html
jobs.51job.com/all/co2781740.html
jobs.51job.com/all/co4146184.html
jobs.51job.com/all/co4146184.html
jobs.51job.com/all/co4580540.html
jobs.51job.com/all/co2441152.html
jobs.51job.com/all/co2441152.html
jobs.51job.com/all/co2441152.html
jobs.51job.com/all/co2441152.html
jobs.51job.com/all/co2441152.html
jobs.51job.com/all/co2218841.html
jobs.51job.com/all/co299377.html
jobs.51job.com/all/co3916837.html
jobs.51job.com/all/co3916837.html
jobs.51job.com/all/co2896789.html
jobs.51job.com/all/co2896789.html
jobs.51job.com/all/co2896789.html
jobs.51job.com/all/co2700368.html
jobs.51job.com/all/co2811795.html
jobs.51job.com/all/co2105296.html
jobs.51job.com/all/co2811795.html
jobs.51job.com/all/co2811795.html
jobs.51job.com/all/co3684324.html
jobs.51job.com/all/co4662123.html
jobs.51job.com/all/co2829734.html
jobs.51job.com/all/co4265318.html
jobs.51job.com/all/co2835395.html
jobs.51job.com/all/co193349.html
jobs.51job.com/all/co3723593.html
jobs.51job.com/all/co3109631.html
jobs.51job.com/all/co3109631.html
jobs.51job.com/all/co3109631.html
jobs.51job.com/all/co4770469.html
jobs.51job.com/all/co4770469.html
jobs.51job.com/all/co2604448.html
jobs.51job.com/all/co2688800.html
jobs.51job.com/all/co2688800.html
jobs.51job.com/all/co3421647.html
jobs.51job.com/all/co2060749.html
jobs.51job.com/all/co2944734.html
jobs.51job.com/all/co2944734.html
jobs.51job.com/all/co2909032.html
jobs.51job.com/all/co2909032.html
jobs.51job.com/all/co2909032.html
jobs.51job.com/all/co2909032.html
jobs.51job.com/all/co2909032.html
jobs.51job.com/all/co317460.html
jobs.51job.com/all/co2909032.html
jobs.51job.com/all/co317460.html
jobs.51job.com/all/co317460.html
jobs.51job.com/all/co2909882.html
jobs.51job.com/all/co4695004.html
jobs.51job.com/all/co4695004.html
jobs.51job.com/all/co4695004.html
jobs.51job.com/all/co4054315.html
jobs.51job.com/all/co2732329.html
jobs.51job.com/all/co2903481.html
jobs.51job.com/all/co2903481.html
jobs.51job.com/all/co3510283.html
jobs.51job.com/all/co4597768.html
jobs.51job.com/all/co2277186.html
jobs.51job.com/all/co4212475.html
jobs.51job.com/all/co672819.html
jobs.51job.com/all/co2151989.html
jobs.51job.com/all/co4647684.html
jobs.51job.com/all/co2233842.html
jobs.51job.com/all/co3527444.html
jobs.51job.com/all/co3527444.html
jobs.51job.com/all/co3527444.html
jobs.51job.com/all/co2799989.html
jobs.51job.com/all/co3527448.html
jobs.51job.com/all/co3519576.html
jobs.51job.com/all/co3519576.html
jobs.51job.com/all/co3519576.html
jobs.51job.com/all/co3463950.html
jobs.51job.com/all/co2278803.html
jobs.51job.com/all/co3084942.html
jobs.51job.com/all/co3641229.html
jobs.51job.com/all/co3641229.html
jobs.51job.com/all/co2623936.html
jobs.51job.com/all/co2623936.html
jobs.51job.com/all/co2623936.html
jobs.51job.com/all/co2623936.html
roche.51job.com/
jobs.51job.com/all/co4148104.html
jobs.51job.com/all/co4192103.html
jobs.51job.com/all/co3059819.html
jobs.51job.com/all/co4863030.html
jobs.51job.com/all/co4113026.html
jobs.51job.com/all/co4113026.html
jobs.51job.com/all/co3890374.html
jobs.51job.com/all/co3243272.html
jobs.51job.com/all/co3131699.html
jobs.51job.com/all/co4806054.html
jobs.51job.com/all/co1097.html
jobs.51job.com/all/co1097.html
jobs.51job.com/all/co1097.html
jobs.51job.com/all/co1097.html
jobs.51job.com/all/co4662123.html
jobs.51job.com/all/co3644492.html
jobs.51job.com/all/co3644492.html
jobs.51job.com/all/co3454349.html
jobs.51job.com/all/co4662123.html
jobs.51job.com/all/co4616424.html
jobs.51job.com/all/co4616424.html
jobs.51job.com/all/co4268162.html
jobs.51job.com/all/co4527345.html
jobs.51job.com/all/co4616436.html
jobs.51job.com/all/co4616436.html
jobs.51job.com/all/co4739750.html
jobs.51job.com/all/co4739750.html
jobs.51job.com/all/co4806054.html
jobs.51job.com/all/co3984167.html
jobs.51job.com/all/co3984167.html
jobs.51job.com/all/co3984167.html
jobs.51job.com/all/co3984167.html
jobs.51job.com/all/co3984167.html
jobs.51job.com/all/co2704276.html
jobs.51job.com/all/co2704276.html
jobs.51job.com/all/co2704276.html
jobs.51job.com/all/co3649098.html
jobs.51job.com/all/co4616442.html
jobs.51job.com/all/co4616442.html
jobs.51job.com/all/co369401.html
jobs.51job.com/all/co2025147.html
jobs.51job.com/all/co2025147.html
jobs.51job.com/all/co4293698.html
jobs.51job.com/all/co3996563.html
jobs.51job.com/all/co2727586.html
jobs.51job.com/all/co2727586.html
jobs.51job.com/all/co3990476.html
jobs.51job.com/all/co3990476.html
jobs.51job.com/all/co3990476.html
jobs.51job.com/all/co3990476.html
jobs.51job.com/all/co3990476.html
jobs.51job.com/all/co4848410.html
jobs.51job.com/all/co4848410.html
jobs.51job.com/all/co1699295.html
jobs.51job.com/all/co1699295.html
jobs.51job.com/all/co1699295.html
jobs.51job.com/all/co4189592.html
jobs.51job.com/all/co4189592.html
jobs.51job.com/all/co2364372.html
jobs.51job.com/all/co2364372.html
jobs.51job.com/all/co2364372.html
jobs.51job.com/all/co3984167.html
jobs.51job.com/all/co1217255.html
jobs.51job.com/all/co1217255.html
jobs.51job.com/all/co1217255.html
jobs.51job.com/all/co2698425.html
jobs.51job.com/all/co2698425.html
jobs.51job.com/all/co4790546.html
jobs.51job.com/all/co4768624.html
jobs.51job.com/all/co4768624.html
jobs.51job.com/all/co4503399.html
jobs.51job.com/all/co4830499.html
jobs.51job.com/all/co4830499.html
jobs.51job.com/all/co4830499.html
jobs.51job.com/all/co4864915.html
jobs.51job.com/all/co4864915.html
jobs.51job.com/all/co2618170.html
jobs.51job.com/all/co3920190.html
jobs.51job.com/all/co3920190.html
jobs.51job.com/all/co3650143.html
jobs.51job.com/all/co3984167.html
jobs.51job.com/all/co3984167.html
jobs.51job.com/all/co3984167.html
jobs.51job.com/all/co3984167.html
jobs.51job.com/all/co4120922.html
jobs.51job.com/all/co4120922.html
jobs.51job.com/all/co4120922.html
jobs.51job.com/all/co4120922.html
jobs.51job.com/all/co4120922.html
jobs.51job.com/all/co4625228.html
jobs.51job.com/all/co4493005.html
jobs.51job.com/all/co4567099.html
jobs.51job.com/all/co4567099.html
jobs.51job.com/all/co4567099.html
jobs.51job.com/all/co4567099.html
jobs.51job.com/all/co4567099.html
jobs.51job.com/all/co4567099.html
jobs.51job.com/all/co4567099.html
jobs.51job.com/all/co4567099.html
jobs.51job.com/all/co4567099.html
jobs.51job.com/all/co4567099.html
jobs.51job.com/all/co4567099.html
jobs.51job.com/all/co4567099.html
jobs.51job.com/all/co4567099.html
jobs.51job.com/all/co4567099.html
jobs.51job.com/all/co4567099.html
jobs.51job.com/all/co4567099.html
jobs.51job.com/all/co4567099.html
jobs.51job.com/all/co4567099.html
jobs.51job.com/all/co4567099.html
jobs.51job.com/all/co4567099.html
jobs.51job.com/all/co4567099.html
jobs.51job.com/all/co4567099.html
jobs.51job.com/all/co4567099.html
jobs.51job.com/all/co4567099.html
jobs.51job.com/all/co4567099.html
jobs.51job.com/all/co4567099.html
jobs.51job.com/all/co4567099.html
jobs.51job.com/all/co4567099.html
jobs.51job.com/all/co4567099.html
jobs.51job.com/all/co3772211.html
jobs.51job.com/all/co2733395.html
jobs.51job.com/all/co3543526.html
jobs.51job.com/all/co4093704.html
jobs.51job.com/all/co4093704.html
jobs.51job.com/all/co2775076.html
jobs.51job.com/all/co2775076.html
jobs.51job.com/all/co2618170.html
jobs.51job.com/all/co3131699.html
jobs.51job.com/all/co4003217.html
jobs.51job.com/all/co3990476.html
jobs.51job.com/all/co3990476.html
jobs.51job.com/all/co3397202.html
jobs.51job.com/all/co3089554.html
jobs.51job.com/all/co3726486.html
jobs.51job.com/all/co3376312.html
jobs.51job.com/all/co4257662.html
jobs.51job.com/all/co4257662.html
jobs.51job.com/all/co4257662.html
jobs.51job.com/all/co3421378.html
jobs.51job.com/all/co3201440.html
jobs.51job.com/all/co2611234.html
jobs.51job.com/all/co3376312.html
jobs.51job.com/all/co12022.html
jobs.51job.com/all/co4234545.html
jobs.51job.com/all/co2644307.html
jobs.51job.com/all/co4072384.html
jobs.51job.com/all/co4819230.html
jobs.51job.com/all/co4866990.html
jobs.51job.com/all/co4866990.html
jobs.51job.com/all/co2217296.html
jobs.51job.com/all/co3995180.html
jobs.51job.com/all/co3737924.html
jobs.51job.com/all/co2933921.html
jobs.51job.com/all/co2933921.html
jobs.51job.com/all/co2933921.html
jobs.51job.com/all/co2933921.html
jobs.51job.com/all/co3806598.html
jobs.51job.com/all/co3045047.html
jobs.51job.com/all/co3045047.html
jobs.51job.com/all/co3609101.html
jobs.51job.com/all/co3127408.html
jobs.51job.com/all/co3127408.html
jobs.51job.com/all/co276761.html
jobs.51job.com/all/co3435632.html
jobs.51job.com/all/co4113026.html
jobs.51job.com/all/co4113026.html
jobs.51job.com/all/co4113026.html
jobs.51job.com/all/co4113026.html
jobs.51job.com/all/co4113026.html
jobs.51job.com/all/co4113026.html
jobs.51job.com/all/co3131699.html
jobs.51job.com/all/co3772211.html
jobs.51job.com/all/co3695490.html
jobs.51job.com/all/co4752658.html
jobs.51job.com/all/co446289.html
jobs.51job.com/all/co3170757.html
jobs.51job.com/all/co4603573.html
jobs.51job.com/all/co4269922.html
jobs.51job.com/all/co4269922.html
jobs.51job.com/all/co4269922.html
jobs.51job.com/all/co3235173.html
jobs.51job.com/all/co3086169.html
jobs.51job.com/all/co3086169.html
jobs.51job.com/all/co3086169.html
jobs.51job.com/all/co3086169.html
jobs.51job.com/all/co3086169.html
jobs.51job.com/all/co3086169.html
jobs.51job.com/all/co2676769.html
jobs.51job.com/all/co4616436.html
jobs.51job.com/all/co2102410.html
jobs.51job.com/all/co3594087.html
jobs.51job.com/all/co4023713.html
jobs.51job.com/all/co4023713.html
jobs.51job.com/all/co2411680.html
jobs.51job.com/all/co3464637.html
jobs.51job.com/all/co2576604.html
jobs.51job.com/all/co4119781.html
jobs.51job.com/all/co4119781.html
jobs.51job.com/all/co4119781.html
jobs.51job.com/all/co4119781.html
jobs.51job.com/all/co2770067.html
jobs.51job.com/all/co2770067.html
jobs.51job.com/all/co2787986.html
jobs.51job.com/all/co2787986.html
jobs.51job.com/all/co4281447.html
jobs.51job.com/all/co3870903.html
jobs.51job.com/all/co3922397.html
jobs.51job.com/all/co4605858.html
jobs.51job.com/all/co2555545.html
jobs.51job.com/all/co2555545.html
jobs.51job.com/all/co2555545.html
jobs.51job.com/all/co4419358.html
jobs.51job.com/all/co4419358.html
jobs.51job.com/all/co4419358.html
jobs.51job.com/all/co4419358.html
jobs.51job.com/all/co2764533.html
jobs.51job.com/all/co3076638.html
jobs.51job.com/all/co3939984.html
jobs.51job.com/all/co3939984.html
jobs.51job.com/all/co3107611.html
jobs.51job.com/all/co3317693.html
jobs.51job.com/all/co3317693.html
jobs.51job.com/all/co3317693.html
jobs.51job.com/all/co3499233.html
jobs.51job.com/all/co4710543.html
jobs.51job.com/all/co4550415.html
jobs.51job.com/all/co2197969.html
jobs.51job.com/all/co2578013.html
jobs.51job.com/all/co2523635.html
jobs.51job.com/all/co3458863.html
jobs.51job.com/all/co3057651.html
jobs.51job.com/all/co4518257.html
jobs.51job.com/all/co3539246.html
jobs.51job.com/all/co3539246.html
jobs.51job.com/all/co3539246.html
jobs.51job.com/all/co3539246.html
jobs.51job.com/all/co3057651.html
jobs.51job.com/all/co3057651.html
jobs.51job.com/all/co2971057.html
jobs.51job.com/all/co2456961.html
jobs.51job.com/all/co2456961.html
jobs.51job.com/all/co2456961.html
jobs.51job.com/all/co2456961.html
jobs.51job.com/all/co2456961.html
jobs.51job.com/all/co2456961.html
jobs.51job.com/all/co2536149.html
jobs.51job.com/all/co3363162.html
jobs.51job.com/all/co3363162.html
jobs.51job.com/all/co3363162.html
jobs.51job.com/all/co3737924.html
jobs.51job.com/all/co2555545.html
jobs.51job.com/all/co4189924.html
jobs.51job.com/all/co2705461.html
jobs.51job.com/all/co4860551.html
jobs.51job.com/all/co2524540.html
jobs.51job.com/all/co3369167.html
jobs.51job.com/all/co3369167.html
jobs.51job.com/all/co2786006.html
jobs.51job.com/all/co3075968.html
jobs.51job.com/all/co2733395.html
jobs.51job.com/all/co4059301.html
jobs.51job.com/all/co3059902.html
jobs.51job.com/all/co3059902.html
jobs.51job.com/all/co3059902.html
jobs.51job.com/all/co2897355.html
jobs.51job.com/all/co3888998.html
jobs.51job.com/all/co4672053.html
jobs.51job.com/all/co2539590.html
jobs.51job.com/all/co2539590.html
jobs.51job.com/all/co2539590.html
jobs.51job.com/all/co2421654.html
jobs.51job.com/all/co2421654.html
jobs.51job.com/all/co2421654.html
jobs.51job.com/all/co2421654.html
jobs.51job.com/all/co2421654.html
jobs.51job.com/all/co4680847.html
jobs.51job.com/all/co3859556.html
jobs.51job.com/all/co3859556.html
jobs.51job.com/all/co2555545.html
jobs.51job.com/all/co4738678.html
jobs.51job.com/all/co4521347.html
jobs.51job.com/all/co4492251.html
jobs.51job.com/all/co2751408.html
jobs.51job.com/all/co2751408.html
jobs.51job.com/all/co2751408.html
jobs.51job.com/all/co2751408.html
jobs.51job.com/all/co2751408.html
jobs.51job.com/all/co4701576.html
jobs.51job.com/all/co4701576.html
jobs.51job.com/all/co4701576.html
jobs.51job.com/all/co4701576.html
jobs.51job.com/all/co4585132.html
jobs.51job.com/all/co4844838.html
jobs.51job.com/all/co4844838.html
jobs.51job.com/all/co4844838.html
jobs.51job.com/all/co4844838.html
jobs.51job.com/all/co4844838.html
jobs.51job.com/all/co4844838.html
jobs.51job.com/all/co1164253.html
jobs.51job.com/all/co1164253.html
jobs.51job.com/all/co1164253.html
jobs.51job.com/all/co1164253.html
jobs.51job.com/all/co1164253.html
jobs.51job.com/all/co4734458.html
jobs.51job.com/all/co4734458.html
jobs.51job.com/all/co2793970.html
jobs.51job.com/all/co3598885.html
jobs.51job.com/all/co3243272.html
jobs.51job.com/all/co4650152.html
jobs.51job.com/all/co3170821.html
jobs.51job.com/all/co3170821.html
jobs.51job.com/all/co4026942.html
jobs.51job.com/all/co4026942.html
jobs.51job.com/all/co4026942.html
jobs.51job.com/all/co4026942.html
jobs.51job.com/all/co2273924.html
jobs.51job.com/all/co2273924.html
jobs.51job.com/all/co4145984.html
jobs.51job.com/all/co2520549.html
jobs.51job.com/all/co2520549.html
jobs.51job.com/all/co2520549.html
jobs.51job.com/all/co2520549.html
jobs.51job.com/all/co4909508.html
jobs.51job.com/all/co4795523.html
jobs.51job.com/all/co3964348.html
jobs.51job.com/all/co3964348.html
jobs.51job.com/all/co3995357.html
jobs.51job.com/all/co3983671.html
jobs.51job.com/all/co3983671.html
jobs.51job.com/all/co3983671.html
jobs.51job.com/all/co3983671.html
jobs.51job.com/all/co3983671.html
jobs.51job.com/all/co3983671.html
jobs.51job.com/all/co3979647.html
jobs.51job.com/all/co3979647.html
jobs.51job.com/all/co3348226.html
jobs.51job.com/all/co3348226.html
jobs.51job.com/all/co3825393.html
jobs.51job.com/all/co3825393.html
jobs.51job.com/all/co4518257.html
jobs.51job.com/all/co4518257.html
jobs.51job.com/all/co4848410.html
jobs.51job.com/all/co2903126.html
jobs.51job.com/all/co503872.html
jobs.51job.com/all/co2853467.html
jobs.51job.com/all/co2544563.html
jobs.51job.com/all/co4215855.html
jobs.51job.com/all/co4215855.html
jobs.51job.com/all/co3641229.html
jobs.51job.com/all/co2568326.html
jobs.51job.com/all/co2568326.html
jobs.51job.com/all/co2732741.html
jobs.51job.com/all/co2726917.html
jobs.51job.com/all/co4326944.html
jobs.51job.com/all/co4326944.html
jobs.51job.com/all/co4326944.html
jobs.51job.com/all/co2463371.html
jobs.51job.com/all/co2688610.html
jobs.51job.com/all/co2555545.html
jobs.51job.com/all/co3849978.html
jobs.51job.com/all/co3849978.html
jobs.51job.com/all/co2730479.html
jobs.51job.com/all/co4894891.html
jobs.51job.com/all/co2546748.html
jobs.51job.com/all/co2546748.html
jobs.51job.com/all/co4942447.html
jobs.51job.com/all/co4942447.html
jobs.51job.com/all/co4942447.html
jobs.51job.com/all/co4686758.html
jobs.51job.com/all/co3833757.html
jobs.51job.com/all/co2424922.html
jobs.51job.com/all/co2424922.html
jobs.51job.com/all/co4228112.html
jobs.51job.com/all/co4228112.html
jobs.51job.com/all/co4095035.html
jobs.51job.com/all/co3093510.html
jobs.51job.com/all/co3093510.html
jobs.51job.com/all/co4116036.html
jobs.51job.com/all/co3378614.html
jobs.51job.com/all/co150462.html
jobs.51job.com/all/co150462.html
jobs.51job.com/all/co150462.html
jobs.51job.com/all/co4161725.html
jobs.51job.com/all/co4161725.html
jobs.51job.com/all/co3980026.html
jobs.51job.com/all/co3767750.html
jobs.51job.com/all/co3767750.html
jobs.51job.com/all/co3363164.html
jobs.51job.com/all/co4703368.html
jobs.51job.com/all/co2424922.html
jobs.51job.com/all/co4493540.html
jobs.51job.com/all/co4363627.html
jobs.51job.com/all/co4363627.html
jobs.51job.com/all/co4363627.html
jobs.51job.com/all/co4363627.html
jobs.51job.com/all/co2698425.html
jobs.51job.com/all/co2698425.html
jobs.51job.com/all/co3610872.html
jobs.51job.com/all/co3610872.html
jobs.51job.com/all/co4407264.html
jobs.51job.com/all/co3276267.html
jobs.51job.com/all/co3276267.html
jobs.51job.com/all/co3276267.html
jobs.51job.com/all/co3276267.html
jobs.51job.com/all/co3276267.html
jobs.51job.com/all/co3691482.html
jobs.51job.com/all/co3684783.html
jobs.51job.com/all/co4869340.html
jobs.51job.com/all/co3231997.html
jobs.51job.com/all/co2724925.html
jobs.51job.com/all/co2627746.html
jobs.51job.com/all/co2034843.html
jobs.51job.com/all/co2034843.html
jobs.51job.com/all/co2898701.html
jobs.51job.com/all/co2898701.html
zjsj.51job.com/
jobs.51job.com/all/co2555545.html
jobs.51job.com/all/co2555545.html
jobs.51job.com/all/co2424922.html
jobs.51job.com/all/co2730479.html
jobs.51job.com/all/co2546282.html
jobs.51job.com/all/co2563155.html
jobs.51job.com/all/co1980864.html
jobs.51job.com/all/co4659890.html
jobs.51job.com/all/co4659890.html
jobs.51job.com/all/co4328981.html
jobs.51job.com/all/co3301571.html
jobs.51job.com/all/co3455673.html
jobs.51job.com/all/co3455673.html
jobs.51job.com/all/co3455673.html
jobs.51job.com/all/co3455673.html
jobs.51job.com/all/co3455673.html
jobs.51job.com/all/co3726641.html
jobs.51job.com/all/co2853157.html
jobs.51job.com/all/co2853157.html
jobs.51job.com/all/co4312465.html
jobs.51job.com/all/co569726.html
jobs.51job.com/all/co3985983.html
jobs.51job.com/all/co3985983.html
jobs.51job.com/all/co3985983.html
jobs.51job.com/all/co3985983.html
jobs.51job.com/all/co2603000.html
jobs.51job.com/all/co3483478.html
jobs.51job.com/all/co3483478.html
jobs.51job.com/all/co4664440.html
jobs.51job.com/all/co4649394.html
jobs.51job.com/all/co3937584.html
jobs.51job.com/all/co4211740.html
jobs.51job.com/all/co4211740.html
jobs.51job.com/all/co3077020.html
jobs.51job.com/all/co3263390.html
jobs.51job.com/all/co3263390.html
jobs.51job.com/all/co3263390.html
jobs.51job.com/all/co3263390.html
jobs.51job.com/all/co3231997.html
jobs.51job.com/all/co4518520.html
jobs.51job.com/all/co4518520.html
jobs.51job.com/all/co4518520.html
jobs.51job.com/all/co3684783.html
jobs.51job.com/all/co2726917.html
jobs.51job.com/all/co2764533.html
jobs.51job.com/all/co4735704.html
jobs.51job.com/all/co3077020.html
jobs.51job.com/all/co3077020.html
jobs.51job.com/all/co2424922.html
jobs.51job.com/all/co2660665.html
jobs.51job.com/all/co4674062.html
jobs.51job.com/all/co3540044.html
jobs.51job.com/all/co4177748.html
jobs.51job.com/all/co3965124.html
jobs.51job.com/all/co3965124.html
jobs.51job.com/all/co3311127.html
jobs.51job.com/all/co2886279.html
jobs.51job.com/all/co2886279.html
jobs.51job.com/all/co2886279.html
jobs.51job.com/all/co2886279.html
jobs.51job.com/all/co2886279.html
jobs.51job.com/all/co2886279.html
jobs.51job.com/all/co3301571.html
jobs.51job.com/all/co4280698.html
jobs.51job.com/all/co4867923.html
jobs.51job.com/all/co4624760.html
jobs.51job.com/all/co4809911.html
jobs.51job.com/all/co4809911.html
jobs.51job.com/all/co3176076.html
jobs.51job.com/all/co3176076.html
jobs.51job.com/all/co3176076.html
jobs.51job.com/all/co3176076.html
jobs.51job.com/all/co3176076.html
jobs.51job.com/all/co4508224.html
jobs.51job.com/all/co2212885.html
jobs.51job.com/all/co4363627.html
jobs.51job.com/all/co3341084.html
jobs.51job.com/all/co3341084.html
jobs.51job.com/all/co3341084.html
jobs.51job.com/all/co3341084.html
jobs.51job.com/all/co3341084.html
jobs.51job.com/all/co4508224.html
jobs.51job.com/all/co4508224.html
jobs.51job.com/all/co4508224.html
jobs.51job.com/all/co579488.html
jobs.51job.com/all/co2346551.html
jobs.51job.com/all/co2346551.html
jobs.51job.com/all/co2346551.html
jobs.51job.com/all/co2373891.html
jobs.51job.com/all/co3190647.html
jobs.51job.com/all/co4856678.html
jobs.51job.com/all/co4856678.html
jobs.51job.com/all/co4856678.html
jobs.51job.com/all/co4856678.html
jobs.51job.com/all/co2340685.html
jobs.51job.com/all/co3911917.html
jobs.51job.com/all/co3802902.html
jobs.51job.com/all/co4626780.html
jobs.51job.com/all/co3881291.html
jobs.51job.com/all/co4269719.html
jobs.51job.com/all/co4269719.html
jobs.51job.com/all/co4028091.html
jobs.51job.com/all/co2424922.html
jobs.51job.com/all/co2424922.html
jobs.51job.com/all/co141505.html
jobs.51job.com/all/co4033493.html
jobs.51job.com/all/co2866327.html
jobs.51job.com/all/co4025128.html
jobs.51job.com/all/co3847392.html
jobs.51job.com/all/co3035687.html
jobs.51job.com/all/co4126510.html
jobs.51job.com/all/co2866327.html
jobs.51job.com/all/co4349456.html
jobs.51job.com/all/co3580763.html
jobs.51job.com/all/co3580763.html
jobs.51job.com/all/co3940263.html
jobs.51job.com/all/co4140546.html
jobs.51job.com/all/co2669860.html
jobs.51job.com/all/co2669860.html
jobs.51job.com/all/co2495754.html
jobs.51job.com/all/co2495754.html
jobs.51job.com/all/co2202048.html
jobs.51job.com/all/co2202048.html
jobs.51job.com/all/co2424922.html
jobs.51job.com/all/co2705461.html
jobs.51job.com/all/co2705461.html
jobs.51job.com/all/co2705461.html
jobs.51job.com/all/co2705461.html
jobs.51job.com/all/co2705461.html
jobs.51job.com/all/co1342802.html
jobs.51job.com/all/co4312559.html
jobs.51job.com/all/co4312559.html
jobs.51job.com/all/co4312559.html
jobs.51job.com/all/co2433586.html
jobs.51job.com/all/co4519909.html
jobs.51job.com/all/co4519909.html
jobs.51job.com/all/co4519909.html
jobs.51job.com/all/co4519909.html
jobs.51job.com/all/co4046888.html
jobs.51job.com/all/co4724713.html
jobs.51job.com/all/co4140546.html
jobs.51job.com/all/co4140546.html
jobs.51job.com/all/co2238407.html
jobs.51job.com/all/co2238407.html
jobs.51job.com/all/co4612715.html
jobs.51job.com/all/co3447342.html
jobs.51job.com/all/co3447342.html
jobs.51job.com/all/co3447342.html
jobs.51job.com/all/co3447342.html
jobs.51job.com/all/co4338508.html
jobs.51job.com/all/co3881291.html
jobs.51job.com/all/co2581037.html
jobs.51job.com/all/co2555545.html
jobs.51job.com/all/co3965732.html
jobs.51job.com/all/co3360790.html
jobs.51job.com/all/co2740347.html
jobs.51job.com/all/co3586514.html
jobs.51job.com/all/co2920045.html
jobs.51job.com/all/co3212970.html
jobs.51job.com/all/co3212970.html
jobs.51job.com/all/co3870189.html
jobs.51job.com/all/co4113861.html
jobs.51job.com/all/co4209174.html
jobs.51job.com/all/co3901488.html
jobs.51job.com/all/co2762009.html
jobs.51job.com/all/co2762009.html
jobs.51job.com/all/co2762009.html
jobs.51job.com/all/co3099686.html
jobs.51job.com/all/co3911917.html
jobs.51job.com/all/co3734448.html
jobs.51job.com/all/co3734448.html
jobs.51job.com/all/co3734448.html
jobs.51job.com/all/co4669690.html
jobs.51job.com/all/co3190647.html
jobs.51job.com/all/co4657106.html
jobs.51job.com/all/co4657106.html
jobs.51job.com/all/co4828893.html
jobs.51job.com/all/co3190647.html
jobs.51job.com/all/co2886279.html
jobs.51job.com/all/co3665552.html
jobs.51job.com/all/co2784019.html
jobs.51job.com/all/co3577322.html
jobs.51job.com/all/co4455196.html
jobs.51job.com/all/co4784207.html
jobs.51job.com/all/co4784207.html
jobs.51job.com/all/co4784207.html
jobs.51job.com/all/co3063193.html
jobs.51job.com/all/co3063193.html
jobs.51job.com/all/co3063193.html
jobs.51job.com/all/co3063193.html
jobs.51job.com/all/co4113902.html
jobs.51job.com/all/co4333102.html
jobs.51job.com/all/co2744759.html
jobs.51job.com/all/co2424922.html
jobs.51job.com/all/co2424922.html
jobs.51job.com/all/co2356505.html
jobs.51job.com/all/co4496671.html
jobs.51job.com/all/co3841300.html
jobs.51job.com/all/co4804535.html
jobs.51job.com/all/co4804535.html
jobs.51job.com/all/co4804535.html
jobs.51job.com/all/co4804535.html
jobs.51job.com/all/co4237996.html
jobs.51job.com/all/co4853118.html
jobs.51job.com/all/co3965699.html
jobs.51job.com/all/co3965699.html
jobs.51job.com/all/co3918467.html
jobs.51job.com/all/co3880321.html
jobs.51job.com/all/co3880321.html
jobs.51job.com/all/co3880321.html
jobs.51job.com/all/co2546282.html
jobs.51job.com/all/co2424106.html
jobs.51job.com/all/co2424106.html
jobs.51job.com/all/co2424106.html
jobs.51job.com/all/co2424106.html
jobs.51job.com/all/co2424106.html
jobs.51job.com/all/co2424106.html
jobs.51job.com/all/co2424106.html
jobs.51job.com/all/co3440047.html
jobs.51job.com/all/co2352418.html
jobs.51job.com/all/co2220020.html
jobs.51job.com/all/co4626780.html
jobs.51job.com/all/co3243272.html
jobs.51job.com/all/co3553375.html
jobs.51job.com/all/co2515675.html
jobs.51job.com/all/co4423085.html
jobs.51job.com/all/co4861062.html
jobs.51job.com/all/co4861062.html
jobs.51job.com/all/co4861062.html
jobs.51job.com/all/co4861062.html
jobs.51job.com/all/co4861062.html
jobs.51job.com/all/co4861062.html
jobs.51job.com/all/co4610766.html
jobs.51job.com/all/co4861062.html
jobs.51job.com/all/co3393837.html
jobs.51job.com/all/co4624760.html
jobs.51job.com/all/co4624760.html
jobs.51job.com/all/co4624760.html
jobs.51job.com/all/co4624760.html
jobs.51job.com/all/co4624760.html
jobs.51job.com/all/co4624760.html
jobs.51job.com/all/co4624760.html
jobs.51job.com/all/co4624760.html
jobs.51job.com/all/co4624760.html
jobs.51job.com/all/co4624760.html
jobs.51job.com/all/co2393112.html
jobs.51job.com/all/co2393112.html
jobs.51job.com/all/co2393112.html
jobs.51job.com/all/co2393112.html
jobs.51job.com/all/co2947364.html
jobs.51job.com/all/co2947364.html
jobs.51job.com/all/co4854153.html
jobs.51job.com/all/co2367742.html
jobs.51job.com/all/co3230582.html
jobs.51job.com/all/co3230582.html
jobs.51job.com/all/co4125831.html
jobs.51job.com/all/co4396716.html
jobs.51job.com/all/co4153155.html
jobs.51job.com/all/co4153155.html
jobs.51job.com/all/co4153155.html
jobs.51job.com/all/co3576621.html
jobs.51job.com/all/co3576621.html
jobs.51job.com/all/co3576621.html
jobs.51job.com/all/co4320642.html
jobs.51job.com/all/co4800895.html
jobs.51job.com/all/co3647429.html
jobs.51job.com/all/co2688610.html
jobs.51job.com/all/co2736322.html
jobs.51job.com/all/co3231268.html
jobs.51job.com/all/co3231268.html
jobs.51job.com/all/co2433586.html
jobs.51job.com/all/co3301571.html
jobs.51job.com/all/co4144536.html
jobs.51job.com/all/co1371530.html
jobs.51job.com/all/co2699836.html
jobs.51job.com/all/co4270527.html
jobs.51job.com/all/co4670232.html
jobs.51job.com/all/co2660665.html
jobs.51job.com/all/co3235173.html
jobs.51job.com/all/co4733143.html
jobs.51job.com/all/co4782684.html
jobs.51job.com/all/co4455196.html
jobs.51job.com/all/co3772211.html
jobs.51job.com/all/co3692973.html
jobs.51job.com/all/co2340111.html
jobs.51job.com/all/co3573167.html
jobs.51job.com/all/co4282154.html
jobs.51job.com/all/co4499036.html
jobs.51job.com/all/co3362795.html
jobs.51job.com/all/co3852058.html
jobs.51job.com/all/co3852058.html
jobs.51job.com/all/co3852058.html
jobs.51job.com/all/co3891724.html
jobs.51job.com/all/co3891724.html
jobs.51job.com/all/co3454349.html
jobs.51job.com/all/co3487257.html
jobs.51job.com/all/co3059902.html
jobs.51job.com/all/co3454349.html
jobs.51job.com/all/co3454349.html
jobs.51job.com/all/co3454349.html
jobs.51job.com/all/co3454349.html
jobs.51job.com/all/co4176474.html
jobs.51job.com/all/co4176474.html
jobs.51job.com/all/co152922.html
jobs.51job.com/all/co3348226.html
jobs.51job.com/all/co438409.html
jobs.51job.com/all/co4425941.html
jobs.51job.com/all/co3245936.html
jobs.51job.com/all/co3493462.html
jobs.51job.com/all/co4850829.html
jobs.51job.com/all/co2570161.html
jobs.51job.com/all/co2570161.html
jobs.51job.com/all/co2570161.html
jobs.51job.com/all/co4676706.html
jobs.51job.com/all/co2570161.html
jobs.51job.com/all/co2570161.html
jobs.51job.com/all/co3700578.html
jobs.51job.com/all/co3700578.html
jobs.51job.com/all/co2570161.html
jobs.51job.com/all/co2570161.html
jobs.51job.com/all/co2570161.html
jobs.51job.com/all/co2570161.html
jobs.51job.com/all/co2543335.html
jobs.51job.com/all/co2543335.html
jobs.51job.com/all/co4261935.html
jobs.51job.com/all/co4261935.html
jobs.51job.com/all/co4261935.html
jobs.51job.com/all/co4261935.html
jobs.51job.com/all/co4261935.html
jobs.51job.com/all/co4261935.html
jobs.51job.com/all/co3852058.html
jobs.51job.com/all/co2650626.html
jobs.51job.com/all/co2764533.html
jobs.51job.com/all/co2764533.html
jobs.51job.com/all/co2764533.html
jobs.51job.com/all/co2764533.html
jobs.51job.com/all/co2764533.html
jobs.51job.com/all/co503872.html
jobs.51job.com/all/co503872.html
jobs.51job.com/all/co503872.html
jobs.51job.com/all/co2799039.html
jobs.51job.com/all/co2924153.html
jobs.51job.com/all/co2924153.html
jobs.51job.com/all/co2924153.html
jobs.51job.com/all/co3488138.html
jobs.51job.com/all/co2036599.html
jobs.51job.com/all/co3169499.html
jobs.51job.com/all/co2583990.html
jobs.51job.com/all/co3231997.html
jobs.51job.com/all/co3231997.html
jobs.51job.com/all/co612312.html
jobs.51job.com/all/co4561970.html
jobs.51job.com/all/co4387826.html
jobs.51job.com/all/co4548297.html
jobs.51job.com/all/co3857431.html
jobs.51job.com/all/co4237996.html
jobs.51job.com/all/co3045030.html
jobs.51job.com/all/co3936184.html
jobs.51job.com/all/co3440155.html
jobs.51job.com/all/co3302086.html
jobs.51job.com/all/co642236.html
jobs.51job.com/all/co2553144.html
jobs.51job.com/all/co2742163.html
jobs.51job.com/all/co2456961.html
jobs.51job.com/all/co4277766.html
jobs.51job.com/all/co4277766.html
jobs.51job.com/all/co4277766.html
jobs.51job.com/all/co4277766.html
jobs.51job.com/all/co4092022.html
jobs.51job.com/all/co4710276.html
jobs.51job.com/all/co4092022.html
jobs.51job.com/all/co2813065.html
jobs.51job.com/all/co2541799.html
jobs.51job.com/all/co3877645.html
jobs.51job.com/all/co3877645.html
jobs.51job.com/all/co3877645.html
jobs.51job.com/all/co3877645.html
jobs.51job.com/all/co3877645.html
jobs.51job.com/all/co3877645.html
jobs.51job.com/all/co3877645.html
jobs.51job.com/all/co3877645.html
jobs.51job.com/all/co378082.html
jobs.51job.com/all/co2909032.html
jobs.51job.com/all/co4054315.html
jobs.51job.com/all/co3641229.html
jobs.51job.com/all/co4768624.html
jobs.51job.com/all/co2538574.html
jobs.51job.com/all/co3980026.html
jobs.51job.com/all/co2898701.html
jobs.51job.com/all/co4103793.html
jobs.51job.com/all/co3035687.html
jobs.51job.com/all/co2705461.html
jobs.51job.com/all/co4040789.html
jobs.51job.com/all/co4216149.html
jobs.51job.com/all/co3805420.html
