jobs.51job.com/all/co2464515.html
jobs.51job.com/all/co4698047.html
jobs.51job.com/all/co3866409.html
jobs.51job.com/all/co4457802.html
jobs.51job.com/all/co3397320.html
jobs.51job.com/all/co2882662.html
jobs.51job.com/all/co4404154.html
jobs.51job.com/all/co4538717.html
jobs.51job.com/all/co4083899.html
jobs.51job.com/all/co2024696.html
jobs.51job.com/all/co4644811.html
jobs.51job.com/all/co2708279.html
jobs.51job.com/all/co4931785.html
jobs.51job.com/all/co3586753.html
jobs.51job.com/all/co2425060.html
jobs.51job.com/all/co3973914.html
jobs.51job.com/all/co2511070.html
jobs.51job.com/all/co2390939.html
jobs.51job.com/all/co1289338.html
jobs.51job.com/all/co259731.html
jobs.51job.com/all/co3427099.html
jobs.51job.com/all/co4530636.html
jobs.51job.com/all/co123528.html
jobs.51job.com/all/co2785007.html
jobs.51job.com/all/co3150739.html
jobs.51job.com/all/co510822.html
jobs.51job.com/all/co4614448.html
jobs.51job.com/all/co2507622.html
jobs.51job.com/all/co2380374.html
jobs.51job.com/all/co2959928.html
jobs.51job.com/all/co2441614.html
jobs.51job.com/all/co4453973.html
jobs.51job.com/all/co4572713.html
jobs.51job.com/all/co4554250.html
jobs.51job.com/all/co2221020.html
jobs.51job.com/all/co4319327.html
jobs.51job.com/all/co3896636.html
jobs.51job.com/all/co3535200.html
jobs.51job.com/all/co4639374.html
jobs.51job.com/all/co4669562.html
jobs.51job.com/all/co3602469.html
jobs.51job.com/all/co2668343.html
jobs.51job.com/all/co2483146.html
jobs.51job.com/all/co3136775.html
jobs.51job.com/all/co4813880.html
jobs.51job.com/all/co3528235.html
jobs.51job.com/all/co3175908.html
jobs.51job.com/all/co3683943.html
jobs.51job.com/all/co2195921.html
jobs.51job.com/all/co4689010.html
jobs.51job.com/all/co2524745.html
jobs.51job.com/all/co2530413.html
jobs.51job.com/all/co3823463.html
jobs.51job.com/all/co3734550.html
jobs.51job.com/all/co3002944.html
jobs.51job.com/all/co3962234.html
jobs.51job.com/all/co2637007.html
thyssenkrupp.51job.com
jobs.51job.com/all/co4446550.html
jobs.51job.com/all/co3814260.html
jobs.51job.com/all/co3994745.html
jobs.51job.com/all/co3305832.html
jobs.51job.com/all/co3345721.html
jobs.51job.com/all/co2210761.html
jobs.51job.com/all/co1430414.html
jobs.51job.com/all/co3110679.html
jobs.51job.com/all/co2479203.html
jobs.51job.com/all/co2521993.html
jobs.51job.com/all/co4934133.html
jobs.51job.com/all/co2442472.html
jobs.51job.com/all/co4805918.html
jobs.51job.com/all/co3995753.html
jobs.51job.com/all/co2541407.html
jobs.51job.com/all/co2812816.html
jobs.51job.com/all/co2571721.html
jobs.51job.com/all/co3616810.html
jobs.51job.com/all/co4794906.html
jobs.51job.com/all/co493245.html
jobs.51job.com/all/co3723208.html
jobs.51job.com/all/co4459484.html
jobs.51job.com/all/co4924191.html
jobs.51job.com/all/co2226837.html
jobs.51job.com/all/co3434452.html
jobs.51job.com/all/co1991357.html
jobs.51job.com/all/co2856626.html
jobs.51job.com/all/co3161561.html
jobs.51job.com/all/co3317099.html
jobs.51job.com/all/co3912936.html
jobs.51job.com/all/co4182998.html
jobs.51job.com/all/co3546029.html
jobs.51job.com/all/co4780452.html
jobs.51job.com/all/co2417239.html
jobs.51job.com/all/co3335173.html
jobs.51job.com/all/co4814653.html
jobs.51job.com/all/co2618500.html
jobs.51job.com/all/co4114105.html
jobs.51job.com/all/co4521782.html
jobs.51job.com/all/co2348293.html
jobs.51job.com/all/co486203.html
jobs.51job.com/all/co2685183.html
jobs.51job.com/all/co3562553.html
jobs.51job.com/all/co3649491.html
jobs.51job.com/all/co2707366.html
jobs.51job.com/all/co2719526.html
jobs.51job.com/all/co4081697.html
jobs.51job.com/all/co2502633.html
jobs.51job.com/all/co4381824.html
jobs.51job.com/all/co3900128.html
jobs.51job.com/all/co4784625.html
jobs.51job.com/all/co3117125.html
jobs.51job.com/all/co4693485.html
jobs.51job.com/all/co4934491.html
jobs.51job.com/all/co4713984.html
jobs.51job.com/all/co4385756.html
jobs.51job.com/all/co2010511.html
jobs.51job.com/all/co271036.html
jobs.51job.com/all/co3084624.html
jobs.51job.com/all/co4386298.html
jobs.51job.com/all/co3227607.html
jobs.51job.com/all/co3191417.html
jobs.51job.com/all/co4803699.html
jobs.51job.com/all/co3986262.html
jobs.51job.com/all/co2562628.html
jobs.51job.com/all/co3896289.html
jobs.51job.com/all/co4292421.html
jobs.51job.com/all/co4867928.html
jobs.51job.com/all/co4785241.html
jobs.51job.com/all/co3166875.html
jobs.51job.com/all/co2587290.html
jobs.51job.com/all/co2982306.html
jobs.51job.com/all/co2517133.html
jobs.51job.com/all/co4055226.html
jobs.51job.com/all/co479375.html
jobs.51job.com/all/co2924298.html
jobs.51job.com/all/co4869782.html
jobs.51job.com/all/co4013658.html
jobs.51job.com/all/co3125405.html
jobs.51job.com/all/co2463823.html
jobs.51job.com/all/co4000808.html
jobs.51job.com/all/co2622492.html
jobs.51job.com/all/co2678181.html
jobs.51job.com/all/co595783.html
jobs.51job.com/all/co4516780.html
jobs.51job.com/all/co548285.html
jobs.51job.com/all/co2622577.html
jobs.51job.com/all/co4172139.html
jobs.51job.com/all/co3132899.html
jobs.51job.com/all/co3003473.html
jobs.51job.com/all/co3932014.html
jobs.51job.com/all/co2485716.html
jobs.51job.com/all/co3103903.html
jobs.51job.com/all/co3938484.html
jobs.51job.com/all/co3194326.html
jobs.51job.com/all/co4497379.html
jobs.51job.com/all/co4483036.html
jobs.51job.com/all/co2641985.html
jobs.51job.com/all/co4058589.html
jobs.51job.com/all/co3305225.html
jobs.51job.com/all/co3410051.html
jobs.51job.com/all/co4532844.html
jobs.51job.com/all/co297704.html
jobs.51job.com/all/co2472135.html
jobs.51job.com/all/co3162022.html
jobs.51job.com/all/co4391000.html
jobs.51job.com/all/co3291580.html
jobs.51job.com/all/co2659147.html
jobs.51job.com/all/co4064720.html
jobs.51job.com/all/co4185731.html
jobs.51job.com/all/co4307736.html
jobs.51job.com/all/co4875875.html
jobs.51job.com/all/co2594461.html
jobs.51job.com/all/co4280285.html
jobs.51job.com/all/co3390826.html
jobs.51job.com/all/co4868515.html
jobs.51job.com/all/co3778960.html
jobs.51job.com/all/co4641449.html
jobs.51job.com/all/co3037496.html
jobs.51job.com/all/co2424728.html
jobs.51job.com/all/co3915212.html
jobs.51job.com/all/co3381236.html
jobs.51job.com/all/co3096755.html
jobs.51job.com/all/co3350780.html
jobs.51job.com/all/co3022396.html
jobs.51job.com/all/co3376530.html
jobs.51job.com/all/co4596652.html
jobs.51job.com/all/co4925423.html
jobs.51job.com/all/co3615969.html
jobs.51job.com/all/co2424464.html
jobs.51job.com/all/co169914.html
jobs.51job.com/all/co3599776.html
jobs.51job.com/all/co2653817.html
jobs.51job.com/all/co4574921.html
jobs.51job.com/all/co2210601.html
jobs.51job.com/all/co2554988.html
jobs.51job.com/all/co4633860.html
jobs.51job.com/all/co3024437.html
jobs.51job.com/all/co2340344.html
jobs.51job.com/all/co2531079.html
jobs.51job.com/all/co3372092.html
jobs.51job.com/all/co4892336.html
jobs.51job.com/all/co2443761.html
jobs.51job.com/all/co2069693.html
jobs.51job.com/all/co3200299.html
jobs.51job.com/all/co2057752.html
jobs.51job.com/all/co2709748.html
jobs.51job.com/all/co4351423.html
jobs.51job.com/all/co4188857.html
jobs.51job.com/all/co2459519.html
jobs.51job.com/all/co4386506.html
jobs.51job.com/all/co4095759.html
jobs.51job.com/all/co2658663.html
jobs.51job.com/all/co4895916.html
jobs.51job.com/all/co2390934.html
jobs.51job.com/all/co4950632.html
jobs.51job.com/all/co290053.html
jobs.51job.com/all/co2469937.html
jobs.51job.com/all/co3786756.html
jobs.51job.com/all/co2397928.html
jobs.51job.com/all/co2403073.html
jobs.51job.com/all/co4918099.html
jobs.51job.com/all/co4819327.html
jobs.51job.com/all/co4546254.html
jobs.51job.com/all/co2309267.html
jobs.51job.com/all/co3013852.html
jobs.51job.com/all/co2354601.html
jobs.51job.com/all/co4283238.html
jobs.51job.com/all/co2490653.html
jobs.51job.com/all/co2515115.html
jobs.51job.com/all/co2776676.html
roche.51job.com/
jobs.51job.com/all/co2411465.html
jobs.51job.com/all/co3897961.html
jobs.51job.com/all/co1996883.html
jobs.51job.com/all/co3267584.html
jobs.51job.com/all/co2913706.html
jobs.51job.com/all/co3124859.html
jobs.51job.com/all/co4058090.html
jobs.51job.com/all/co3597558.html
jobs.51job.com/all/co4869977.html
jobs.51job.com/all/co4548630.html
jobs.51job.com/all/co2243070.html
jobs.51job.com/all/co4688371.html
jobs.51job.com/all/co4095142.html
jobs.51job.com/all/co2570349.html
jobs.51job.com/all/co4603704.html
jobs.51job.com/all/co2551404.html
jobs.51job.com/all/co4374736.html
jobs.51job.com/all/co4436154.html
jobs.51job.com/all/co2565128.html
jobs.51job.com/all/co3682213.html
jobs.51job.com/all/co3857548.html
jobs.51job.com/all/co3716525.html
jobs.51job.com/all/co3368424.html
jobs.51job.com/all/co240386.html
jobs.51job.com/all/co4360095.html
jobs.51job.com/all/co4428902.html
jobs.51job.com/all/co3694215.html
jobs.51job.com/all/co2415387.html
jobs.51job.com/all/co100934.html
jobs.51job.com/all/co4869353.html
jobs.51job.com/all/co2911657.html
jobs.51job.com/all/co3253065.html
jobs.51job.com/all/co4616002.html
jobs.51job.com/all/co3735301.html
jobs.51job.com/all/co2533533.html
jobs.51job.com/all/co3683375.html
jobs.51job.com/all/co3604917.html
jobs.51job.com/all/co3072487.html
jobs.51job.com/all/co3171103.html
jobs.51job.com/all/co4841790.html
jobs.51job.com/all/co3483025.html
jobs.51job.com/all/co2677439.html
jobs.51job.com/all/co3550611.html
jobs.51job.com/all/co3363017.html
jobs.51job.com/all/co3366344.html
jobs.51job.com/all/co3774231.html
jobs.51job.com/all/co3536622.html
jobs.51job.com/all/co3755410.html
jobs.51job.com/all/co2593587.html
jobs.51job.com/all/co3735358.html
jobs.51job.com/all/co4485800.html
jobs.51job.com/all/co4420559.html
jobs.51job.com/all/co4235038.html
jobs.51job.com/all/co4458195.html
jobs.51job.com/all/co2372149.html
jobs.51job.com/all/co4121639.html
jobs.51job.com/all/co4809216.html
jobs.51job.com/all/co2491232.html
jobs.51job.com/all/co4042085.html
jobs.51job.com/all/co2479500.html
jobs.51job.com/all/co4821878.html
jobs.51job.com/all/co3847959.html
jobs.51job.com/all/co3609633.html
jobs.51job.com/all/co3897582.html
jobs.51job.com/all/co2390917.html
jobs.51job.com/all/co2466107.html
jobs.51job.com/all/co2390936.html
jobs.51job.com/all/co3623491.html
jobs.51job.com/all/co2390921.html
jobs.51job.com/all/co2605243.html
jobs.51job.com/all/co4740638.html
jobs.51job.com/all/co3152712.html
jobs.51job.com/all/co4748579.html
jobs.51job.com/all/co2560914.html
jobs.51job.com/all/co4714267.html
jobs.51job.com/all/co3079098.html
jobs.51job.com/all/co4648332.html
jobs.51job.com/all/co3270801.html
jobs.51job.com/all/co2390940.html
jobs.51job.com/all/co3548201.html
jobs.51job.com/all/co3797917.html
jobs.51job.com/all/co4521739.html
jobs.51job.com/all/co4475115.html
jobs.51job.com/all/co2437843.html
jobs.51job.com/all/co2390945.html
jobs.51job.com/all/co4352217.html
jobs.51job.com/all/co3846525.html
jobs.51job.com/all/co4186429.html
jobs.51job.com/all/co2390927.html
jobs.51job.com/all/co2436993.html
jobs.51job.com/all/co2201889.html
jobs.51job.com/all/co3627002.html
jobs.51job.com/all/co3523410.html
jobs.51job.com/all/co2952114.html
jobs.51job.com/all/co4864927.html
jobs.51job.com/all/co2202827.html
jobs.51job.com/all/co4658466.html
jobs.51job.com/all/co4696211.html
jobs.51job.com/all/co2705459.html
jobs.51job.com/all/co3096613.html
jobs.51job.com/all/co4714987.html
jobs.51job.com/all/co4609439.html
jobs.51job.com/all/co4195037.html
jobs.51job.com/all/co3063264.html
jobs.51job.com/all/co4001527.html
jobs.51job.com/all/co2971139.html
jobs.51job.com/all/co2580137.html
jobs.51job.com/all/co2035735.html
jobs.51job.com/all/co4452065.html
parker.51job.com
jobs.51job.com/all/co4586419.html
jobs.51job.com/all/co3710631.html
jobs.51job.com/all/co4826557.html
jobs.51job.com/all/co3089159.html
jobs.51job.com/all/co4440914.html
jobs.51job.com/all/co4288421.html
jobs.51job.com/all/co4877559.html
jobs.51job.com/all/co2538564.html
jobs.51job.com/all/co4318245.html
jobs.51job.com/all/co3903521.html
jobs.51job.com/all/co4455275.html
jobs.51job.com/all/co4557665.html
jobs.51job.com/all/co4798541.html
jobs.51job.com/all/co3317839.html
jobs.51job.com/all/co3226762.html
jobs.51job.com/all/co2459786.html
jobs.51job.com/all/co525367.html
jobs.51job.com/all/co2465041.html
jobs.51job.com/all/co178107.html
jobs.51job.com/all/co4065031.html
jobs.51job.com/all/co782075.html
jobs.51job.com/all/co3560648.html
jobs.51job.com/all/co3226623.html
jobs.51job.com/all/co4796372.html
jobs.51job.com/all/co4534335.html
jobs.51job.com/all/co1560771.html
jobs.51job.com/all/co11468.html
sfzhaopin.51job.com
jobs.51job.com/all/co2918328.html
jobs.51job.com/all/co3655736.html
jobs.51job.com/all/co3605419.html
jobs.51job.com/all/co3945879.html
jobs.51job.com/all/co4403826.html
jobs.51job.com/all/co257669.html
jobs.51job.com/all/co4068905.html
jobs.51job.com/all/co2347167.html
jobs.51job.com/all/co4534517.html
jobs.51job.com/all/co4485944.html
jobs.51job.com/all/co4549536.html
jobs.51job.com/all/co4836238.html
jobs.51job.com/all/co4758049.html
jobs.51job.com/all/co3790821.html
jobs.51job.com/all/co4375854.html
jobs.51job.com/all/co4315619.html
jobs.51job.com/all/co4002088.html
jobs.51job.com/all/co3936520.html
jobs.51job.com/all/co3215961.html
jobs.51job.com/all/co1344979.html
jobs.51job.com/all/co2736588.html
jobs.51job.com/all/co3263759.html
jobs.51job.com/all/co3695580.html
jobs.51job.com/all/co2427242.html
jobs.51job.com/all/co2490770.html
jobs.51job.com/all/co4875772.html
jobs.51job.com/all/co3922892.html
jobs.51job.com/all/co2117441.html
jobs.51job.com/all/co3832967.html
jobs.51job.com/all/co2422963.html
jobs.51job.com/all/co3887904.html
jobs.51job.com/all/co4772933.html
jobs.51job.com/all/co3069286.html
jobs.51job.com/all/co2547557.html
jobs.51job.com/all/co3102273.html
jobs.51job.com/all/co2434405.html
jobs.51job.com/all/co4513591.html
jobs.51job.com/all/co2062879.html
jobs.51job.com/all/co2591169.html
jobs.51job.com/all/co3320364.html
jobs.51job.com/all/co3468903.html
jobs.51job.com/all/co2568129.html
jobs.51job.com/all/co3738638.html
jobs.51job.com/all/co2207589.html
jobs.51job.com/all/co3028923.html
jobs.51job.com/all/co4746396.html
jobs.51job.com/all/co3749866.html
jobs.51job.com/all/co4556700.html
jobs.51job.com/all/co2659505.html
jobs.51job.com/all/co3541250.html
jobs.51job.com/all/co2101336.html
jobs.51job.com/all/co253517.html
jobs.51job.com/all/co4846011.html
jobs.51job.com/all/co2494804.html
jobs.51job.com/all/co4385352.html
jobs.51job.com/all/co4351452.html
jobs.51job.com/all/co3713250.html
jobs.51job.com/all/co3097219.html
jobs.51job.com/all/co2681077.html
jobs.51job.com/all/co4842562.html
jobs.51job.com/all/co3313092.html
jobs.51job.com/all/co1991409.html
jobs.51job.com/all/co2003299.html
jobs.51job.com/all/co705137.html
jobs.51job.com/all/co3291110.html
jobs.51job.com/all/co3470653.html
jobs.51job.com/all/co4639606.html
jobs.51job.com/all/co308837.html
jobs.51job.com/all/co2519479.html
jobs.51job.com/all/co2614073.html
jobs.51job.com/all/co4034630.html
jobs.51job.com/all/co4747814.html
jobs.51job.com/all/co105009.html
jobs.51job.com/all/co3459829.html
jobs.51job.com/all/co2444887.html
jobs.51job.com/all/co2445405.html
jobs.51job.com/all/co2543879.html
jobs.51job.com/all/co3777773.html
jobs.51job.com/all/co2210610.html
jobs.51job.com/all/co2731247.html
jobs.51job.com/all/co3247055.html
jobs.51job.com/all/co2545700.html
jobs.51job.com/all/co4480865.html
jobs.51job.com/all/co2245508.html
jobs.51job.com/all/co4429050.html
jobs.51job.com/all/co3916837.html
jobs.51job.com/all/co2669939.html
jobs.51job.com/all/co428467.html
jobs.51job.com/all/co4927294.html
jobs.51job.com/all/co2741315.html
jobs.51job.com/all/co2958038.html
jobs.51job.com/all/co2921771.html
jobs.51job.com/all/co4684538.html
jobs.51job.com/all/co4649443.html
jobs.51job.com/all/co3759952.html
jobs.51job.com/all/co3561810.html
jobs.51job.com/all/co2489971.html
jobs.51job.com/all/co4338315.html
jobs.51job.com/all/co2505765.html
jobs.51job.com/all/co2354594.html
jobs.51job.com/all/co2088672.html
jobs.51job.com/all/co268007.html
jobs.51job.com/all/co2597173.html
jobs.51job.com/all/co2730274.html
jobs.51job.com/all/co3809576.html
jobs.51job.com/all/co378082.html
jobs.51job.com/all/co4486717.html
jobs.51job.com/all/co3956309.html
jobs.51job.com/all/co2314582.html
jobs.51job.com/all/co2395076.html
jobs.51job.com/all/co4524996.html
jobs.51job.com/all/co2356816.html
jobs.51job.com/all/co3366565.html
jobs.51job.com/all/co4025533.html
jobs.51job.com/all/co2347432.html
jobs.51job.com/all/co3614543.html
jobs.51job.com/all/co1116629.html
jobs.51job.com/all/co4559367.html
jobs.51job.com/all/co2465475.html
jobs.51job.com/all/co4581382.html
jobs.51job.com/all/co4350520.html
jobs.51job.com/all/co3212390.html
jobs.51job.com/all/co228161.html
jobs.51job.com/all/co3074539.html
jobs.51job.com/all/co3031101.html
jobs.51job.com/all/co2256713.html
jobs.51job.com/all/co514368.html
jobs.51job.com/all/co2867031.html
jobs.51job.com/all/co2910007.html
jobs.51job.com/all/co2714203.html
jobs.51job.com/all/co4089005.html
jobs.51job.com/all/co2656992.html
jobs.51job.com/all/co2509034.html
jobs.51job.com/all/co3002239.html
jobs.51job.com/all/co3171011.html
jobs.51job.com/all/co4202603.html
jobs.51job.com/all/co2218808.html
jobs.51job.com/all/co4114859.html
jobs.51job.com/all/co3946795.html
jobs.51job.com/all/co3029764.html
jobs.51job.com/all/co3703779.html
jobs.51job.com/all/co3874099.html
jobs.51job.com/all/co3578433.html
creditease.51job.com
jobs.51job.com/all/co243336.html
jobs.51job.com/all/co643695.html
jobs.51job.com/all/co194474.html
jobs.51job.com/all/co2845374.html
jobs.51job.com/all/co4947066.html
jobs.51job.com/all/co3158239.html
jobs.51job.com/all/co3926480.html
jobs.51job.com/all/co2325629.html
jobs.51job.com/all/co2471731.html
jobs.51job.com/all/co2363533.html
jobs.51job.com/all/co4375342.html
jobs.51job.com/all/co3702204.html
jobs.51job.com/all/co2293666.html
jobs.51job.com/all/co2536622.html
jobs.51job.com/all/co3790580.html
jobs.51job.com/all/co4591513.html
jobs.51job.com/all/co3350634.html
jobs.51job.com/all/co2302379.html
jobs.51job.com/all/co312830.html
jobs.51job.com/all/co2781812.html
jobs.51job.com/all/co3211968.html
jobs.51job.com/all/co3462636.html
jobs.51job.com/all/co2757603.html
jobs.51job.com/all/co4903765.html
jobs.51job.com/all/co2210611.html
jobs.51job.com/all/co2624281.html
jobs.51job.com/all/co4520968.html
jobs.51job.com/all/co4408415.html
jobs.51job.com/all/co2282498.html
jobs.51job.com/all/co2599733.html
jobs.51job.com/all/co4263816.html
jobs.51job.com/all/co2735491.html
jobs.51job.com/all/co2987945.html
jobs.51job.com/all/co267678.html
jobs.51job.com/all/co2440890.html
jobs.51job.com/all/co2592272.html
konecranes.51job.com
jobs.51job.com/all/co2702344.html
jobs.51job.com/all/co3838749.html
jobs.51job.com/all/co5139.html
jobs.51job.com/all/co2829431.html
jobs.51job.com/all/co3902926.html
jobs.51job.com/all/co2836945.html
jobs.51job.com/all/co4273084.html
jobs.51job.com/all/co4129551.html
jobs.51job.com/all/co2501258.html
jobs.51job.com/all/co2409738.html
jobs.51job.com/all/co309449.html
jobs.51job.com/all/co4660695.html
jobs.51job.com/all/co1164723.html
jobs.51job.com/all/co2023479.html
jobs.51job.com/all/co2749331.html
jobs.51job.com/all/co4112353.html
jobs.51job.com/all/co2589106.html
jobs.51job.com/all/co4026380.html
jobs.51job.com/all/co3832156.html
jobs.51job.com/all/co2987033.html
jobs.51job.com/all/co2914388.html
jobs.51job.com/all/co2384451.html
jobs.51job.com/all/co2843736.html
jobs.51job.com/all/co4851986.html
jobs.51job.com/all/co129912.html
jobs.51job.com/all/co4725175.html
jobs.51job.com/all/co2927465.html
jobs.51job.com/all/co3129025.html
jobs.51job.com/all/co2276677.html
jobs.51job.com/all/co2588464.html
jobs.51job.com/all/co3446744.html
jobs.51job.com/all/co4243805.html
jobs.51job.com/all/co3897136.html
jobs.51job.com/all/co3579817.html
jobs.51job.com/all/co2657223.html
jobs.51job.com/all/co2733613.html
jobs.51job.com/all/co2229150.html
jobs.51job.com/all/co4620995.html
jobs.51job.com/all/co2393499.html
jobs.51job.com/all/co2566857.html
jobs.51job.com/all/co3316000.html
jobs.51job.com/all/co2692547.html
jobs.51job.com/all/co3639875.html
jobs.51job.com/all/co2326528.html
jobs.51job.com/all/co4129056.html
jobs.51job.com/all/co4805763.html
jobs.51job.com/all/co3931243.html
jobs.51job.com/all/co3149723.html
jobs.51job.com/all/co3619812.html
jobs.51job.com/all/co4442849.html
jobs.51job.com/all/co2401382.html
jobs.51job.com/all/co4698586.html
jobs.51job.com/all/co3298375.html
jobs.51job.com/all/co4195036.html
jobs.51job.com/all/co3459785.html
jobs.51job.com/all/co2614173.html
jobs.51job.com/all/co2568242.html
jobs.51job.com/all/co3324843.html
jobs.51job.com/all/co3258791.html
jobs.51job.com/all/co1987073.html
jobs.51job.com/all/co2296192.html
jobs.51job.com/all/co4699855.html
jobs.51job.com/all/co3123339.html
jobs.51job.com/all/co3335027.html
jobs.51job.com/all/co3996263.html
jobs.51job.com/all/co2760661.html
jobs.51job.com/all/co4290118.html
jobs.51job.com/all/co552427.html
jobs.51job.com/all/co4710103.html
jobs.51job.com/all/co3928006.html
jobs.51job.com/all/co2186963.html
jobs.51job.com/all/co3037041.html
jobs.51job.com/all/co4873039.html
jobs.51job.com/all/co2380866.html
jobs.51job.com/all/co4480018.html
jobs.51job.com/all/co4438490.html
jobs.51job.com/all/co4663545.html
jobs.51job.com/all/co166638.html
jobs.51job.com/all/co2649167.html
jobs.51job.com/all/co2778440.html
jobs.51job.com/all/co4120471.html
jobs.51job.com/all/co3404300.html
jobs.51job.com/all/co4726004.html
jobs.51job.com/all/co4808404.html
jobs.51job.com/all/co2819664.html
jobs.51job.com/all/co2787556.html
jobs.51job.com/all/co1430737.html
jobs.51job.com/all/co4870881.html
jobs.51job.com/all/co306536.html
jobs.51job.com/all/co2701167.html
jobs.51job.com/all/co2658518.html
jobs.51job.com/all/co1993543.html
jobs.51job.com/all/co3370198.html
jobs.51job.com/all/co4809652.html
jobs.51job.com/all/co4586652.html
jobs.51job.com/all/co3972610.html
jobs.51job.com/all/co3142368.html
jobs.51job.com/all/co4528112.html
jobs.51job.com/all/co2850248.html
jobs.51job.com/all/co3518723.html
jobs.51job.com/all/co4743873.html
jobs.51job.com/all/co2471253.html
jobs.51job.com/all/co3441292.html
jobs.51job.com/all/co4575518.html
jobs.51job.com/all/co299839.html
jobs.51job.com/all/co2587421.html
jobs.51job.com/all/co4051950.html
jobs.51job.com/all/co2665318.html
jobs.51job.com/all/co3839352.html
jobs.51job.com/all/co2482091.html
jobs.51job.com/all/co2481836.html
jobs.51job.com/all/co4919656.html
jobs.51job.com/all/co4000976.html
jobs.51job.com/all/co3530653.html
jobs.51job.com/all/co4157354.html
jobs.51job.com/all/co4436855.html
jobs.51job.com/all/co4740766.html
jobs.51job.com/all/co4929779.html
jobs.51job.com/all/co2424919.html
jobs.51job.com/all/co4870952.html
jobs.51job.com/all/co2473795.html
jobs.51job.com/all/co4893632.html
jobs.51job.com/all/co239963.html
jobs.51job.com/all/co4799368.html
jobs.51job.com/all/co2590890.html
jobs.51job.com/all/co3289900.html
jobs.51job.com/all/co4219276.html
jobs.51job.com/all/co2075934.html
jobs.51job.com/all/co3162113.html
jobs.51job.com/all/co4778600.html
jobs.51job.com/all/co2661707.html
jobs.51job.com/all/co4798427.html
jobs.51job.com/all/co2806511.html
jobs.51job.com/all/co4195035.html
jobs.51job.com/all/co4195028.html
jobs.51job.com/all/co2421654.html
jobs.51job.com/all/co189392.html
jobs.51job.com/all/co4451183.html
jobs.51job.com/all/co3150736.html
jobs.51job.com/all/co4646869.html
jobs.51job.com/all/co2432702.html
jobs.51job.com/all/co2048001.html
jobs.51job.com/all/co3966330.html
jobs.51job.com/all/co2319293.html
jobs.51job.com/all/co4070836.html
jobs.51job.com/all/co2536845.html
jobs.51job.com/all/co3255815.html
jobs.51job.com/all/co2992497.html
jobs.51job.com/all/co2894586.html
jobs.51job.com/all/co3738118.html
jobs.51job.com/all/co3294242.html
jobs.51job.com/all/co2519184.html
jobs.51job.com/all/co4881912.html
jobs.51job.com/all/co580195.html
jobs.51job.com/all/co4941141.html
jobs.51job.com/all/co240288.html
jobs.51job.com/all/co3476491.html
jobs.51job.com/all/co4257295.html
jobs.51job.com/all/co3605828.html
jobs.51job.com/all/co4615678.html
jobs.51job.com/all/co1328828.html
jobs.51job.com/all/co4426274.html
jobs.51job.com/all/co2744930.html
jobs.51job.com/all/co129355.html
jobs.51job.com/all/co4862798.html
jobs.51job.com/all/co4722159.html
jobs.51job.com/all/co2422875.html
jobs.51job.com/all/co4463237.html
jobs.51job.com/all/co2485025.html
jobs.51job.com/all/co3258674.html
jobs.51job.com/all/co4373440.html
jobs.51job.com/all/co4926218.html
jobs.51job.com/all/co3778424.html
jobs.51job.com/all/co4233231.html
jobs.51job.com/all/co3637988.html
jobs.51job.com/all/co4642910.html
jobs.51job.com/all/co3997703.html
jobs.51job.com/all/co2467061.html
jobs.51job.com/all/co4190554.html
jobs.51job.com/all/co2379671.html
jobs.51job.com/all/co2214342.html
jobs.51job.com/all/co2607676.html
jobs.51job.com/all/co3463736.html
jobs.51job.com/all/co3229038.html
jobs.51job.com/all/co4496693.html
jobs.51job.com/all/co4499469.html
jobs.51job.com/all/co4619540.html
jobs.51job.com/all/co4016781.html
jobs.51job.com/all/co3102038.html
jobs.51job.com/all/co4425802.html
jobs.51job.com/all/co2433410.html
jobs.51job.com/all/co4709579.html
jobs.51job.com/all/co4519001.html
jobs.51job.com/all/co4686719.html
jobs.51job.com/all/co2706972.html
jobs.51job.com/all/co872728.html
jobs.51job.com/all/co2442027.html
jobs.51job.com/all/co4309683.html
jobs.51job.com/all/co4418015.html
jobs.51job.com/all/co4855605.html
jobs.51job.com/all/co4791248.html
jobs.51job.com/all/co4649473.html
jobs.51job.com/all/co3748306.html
jobs.51job.com/all/co2338619.html
jobs.51job.com/all/co3240223.html
jobs.51job.com/all/co3087989.html
jobs.51job.com/all/co4939109.html
jobs.51job.com/all/co2590228.html
jobs.51job.com/all/co201082.html
jobs.51job.com/all/co2462148.html
jobs.51job.com/all/co4527365.html
jobs.51job.com/all/co2461557.html
jobs.51job.com/all/co2320588.html
jobs.51job.com/all/co2474162.html
jobs.51job.com/all/co731721.html
jobs.51job.com/all/co4337820.html
jobs.51job.com/all/co4938339.html
jobs.51job.com/all/co2857093.html
jobs.51job.com/all/co4823479.html
jobs.51job.com/all/co4446244.html
jobs.51job.com/all/co2060749.html
jobs.51job.com/all/co2557984.html
jobs.51job.com/all/co2392388.html
jobs.51job.com/all/co4246559.html
jobs.51job.com/all/co4621938.html
jobs.51job.com/all/co4873339.html
jobs.51job.com/all/co2559433.html
jobs.51job.com/all/co2401500.html
jobs.51job.com/all/co4786580.html
jobs.51job.com/all/co4413235.html
jobs.51job.com/all/co3604946.html
jobs.51job.com/all/co2484631.html
jobs.51job.com/all/co3889851.html
jobs.51job.com/all/co3702074.html
jobs.51job.com/all/co3831823.html
jobs.51job.com/all/co3215056.html
jobs.51job.com/all/co2531181.html
jobs.51job.com/all/co2565079.html
jobs.51job.com/all/co2599120.html
jobs.51job.com/all/co2016323.html
jobs.51job.com/all/co4126495.html
jobs.51job.com/all/co2862353.html
jobs.51job.com/all/co3704137.html
jobs.51job.com/all/co4890287.html
jobs.51job.com/all/co4253221.html
jobs.51job.com/all/co2810096.html
jobs.51job.com/all/co3464815.html
jobs.51job.com/all/co3588028.html
jobs.51job.com/all/co4703368.html
jobs.51job.com/all/co4115527.html
jobs.51job.com/all/co3019133.html
jobs.51job.com/all/co2165935.html
jobs.51job.com/all/co3637686.html
jobs.51job.com/all/co2441646.html
jobs.51job.com/all/co2318657.html
jobs.51job.com/all/co4341440.html
jobs.51job.com/all/co4502199.html
jobs.51job.com/all/co4280542.html
jobs.51job.com/all/co3273213.html
jobs.51job.com/all/co4621915.html
jobs.51job.com/all/co4912472.html
jobs.51job.com/all/co4893716.html
jobs.51job.com/all/co2347414.html
jobs.51job.com/all/co4538107.html
jobs.51job.com/all/co4338841.html
jobs.51job.com/all/co3961771.html
jobs.51job.com/all/co2025176.html
jobs.51job.com/all/co2713875.html
jobs.51job.com/all/co3063193.html
jobs.51job.com/all/co3005102.html
jobs.51job.com/all/co4851280.html
jobs.51job.com/all/co1996406.html
jobs.51job.com/all/co2278378.html
jobs.51job.com/all/co4476773.html
jobs.51job.com/all/co2651287.html
jobs.51job.com/all/co3113028.html
jobs.51job.com/all/co2168129.html
jobs.51job.com/all/co4324051.html
jobs.51job.com/all/co3262848.html
jobs.51job.com/all/co4899544.html
jobs.51job.com/all/co4505117.html
jobs.51job.com/all/co2373491.html
jobs.51job.com/all/co3337617.html
jobs.51job.com/all/co3997028.html
jobs.51job.com/all/co3905850.html
jobs.51job.com/all/co106822.html
jobs.51job.com/all/co3437549.html
jobs.51job.com/all/co2611788.html
jobs.51job.com/all/co4591650.html
jobs.51job.com/all/co3653181.html
jobs.51job.com/all/co3460797.html
jobs.51job.com/all/co3780993.html
jobs.51job.com/all/co4117378.html
jobs.51job.com/all/co3706896.html
jobs.51job.com/all/co3726292.html
jobs.51job.com/all/co2514427.html
jobs.51job.com/all/co500745.html
jobs.51job.com/all/co4323550.html
jobs.51job.com/all/co4328324.html
jobs.51job.com/all/co2120431.html
jobs.51job.com/all/co4787727.html
jobs.51job.com/all/co3871940.html
jobs.51job.com/all/co2835426.html
jobs.51job.com/all/co4588928.html
jobs.51job.com/all/co4752988.html
jobs.51job.com/all/co4203552.html
jobs.51job.com/all/co2648127.html
jobs.51job.com/all/co3531424.html
jobs.51job.com/all/co3632308.html
jobs.51job.com/all/co4420683.html
jobs.51job.com/all/co2487593.html
jobs.51job.com/all/co4113552.html
jobs.51job.com/all/co4099381.html
jobs.51job.com/all/co2066520.html
jobs.51job.com/all/co4349019.html
jobs.51job.com/all/co4830011.html
jobs.51job.com/all/co3181996.html
jobs.51job.com/all/co310670.html
jobs.51job.com/all/co4867819.html
jobs.51job.com/all/co3067026.html
jobs.51job.com/all/co4648531.html
jobs.51job.com/all/co3854342.html
jobs.51job.com/all/co4226763.html
jobs.51job.com/all/co4474350.html
jobs.51job.com/all/co4391218.html
jobs.51job.com/all/co269274.html
jobs.51job.com/all/co4874717.html
jobs.51job.com/all/co4441818.html
jobs.51job.com/all/co497897.html
jobs.51job.com/all/co2542687.html
jobs.51job.com/all/co4389202.html
jobs.51job.com/all/co3157640.html
jobs.51job.com/all/co4752023.html
jobs.51job.com/all/co3627843.html
jobs.51job.com/all/co3183275.html
jobs.51job.com/all/co3699468.html
jobs.51job.com/all/co2072207.html
jobs.51job.com/all/co4274786.html
jobs.51job.com/all/co4856672.html
jobs.51job.com/all/co244442.html
jobs.51job.com/all/co2792285.html
jobs.51job.com/all/co3886930.html
jobs.51job.com/all/co2064947.html
jobs.51job.com/all/co4931092.html
jobs.51job.com/all/co4316367.html
jobs.51job.com/all/co2478368.html
jobs.51job.com/all/co3353549.html
jobs.51job.com/all/co4684438.html
jobs.51job.com/all/co232923.html
jobs.51job.com/all/co4587028.html
jobs.51job.com/all/co2183916.html
jobs.51job.com/all/co4927249.html
jobs.51job.com/all/co4854129.html
jobs.51job.com/all/co4314999.html
jobs.51job.com/all/co3625420.html
jobs.51job.com/all/co4838113.html
jobs.51job.com/all/co2686463.html
jobs.51job.com/all/co4253714.html
jobs.51job.com/all/co4919723.html
jobs.51job.com/all/co2461626.html
jobs.51job.com/all/co1003751.html
jobs.51job.com/all/co2145307.html
jobs.51job.com/all/co3367814.html
jobs.51job.com/all/co2534039.html
jobs.51job.com/all/co4147602.html
jobs.51job.com/all/co2009356.html
jobs.51job.com/all/co2699528.html
jobs.51job.com/all/co4890406.html
jobs.51job.com/all/co4316371.html
jobs.51job.com/all/co2479502.html
jobs.51job.com/all/co4286760.html
jobs.51job.com/all/co2658202.html
jobs.51job.com/all/co1224397.html
jobs.51job.com/all/co4345663.html
jobs.51job.com/all/co3887883.html
jobs.51job.com/all/co4912971.html
jobs.51job.com/all/co3443652.html
jobs.51job.com/all/co3470163.html
jobs.51job.com/all/co3536607.html
jobs.51job.com/all/co4476280.html
jobs.51job.com/all/co4636485.html
jobs.51job.com/all/co3924876.html
jobs.51job.com/all/co3164964.html
jobs.51job.com/all/co3531674.html
jobs.51job.com/all/co3533327.html
jobs.51job.com/all/co2729197.html
jobs.51job.com/all/co2988342.html
jobs.51job.com/all/co2375331.html
jobs.51job.com/all/co2467857.html
jobs.51job.com/all/co252170.html
jobs.51job.com/all/co3913587.html
jobs.51job.com/all/co3688960.html
jobs.51job.com/all/co2206705.html
jobs.51job.com/all/co4772312.html
jobs.51job.com/all/co4091889.html
jobs.51job.com/all/co2464868.html
jobs.51job.com/all/co4401420.html
jobs.51job.com/all/co2881873.html
jobs.51job.com/all/co2659771.html
jobs.51job.com/all/co2425015.html
jobs.51job.com/all/co4749626.html
jobs.51job.com/all/co3427863.html
jobs.51job.com/all/co552359.html
jobs.51job.com/all/co3817217.html
jobs.51job.com/all/co2756440.html
jobs.51job.com/all/co135210.html
jobs.51job.com/all/co3114433.html
jobs.51job.com/all/co3227512.html
jobs.51job.com/all/co4561995.html
jobs.51job.com/all/co3983193.html
jobs.51job.com/all/co2506332.html
jobs.51job.com/all/co2590061.html
jobs.51job.com/all/co3397150.html
jobs.51job.com/all/co2197866.html
mahle.51job.com
jobs.51job.com/all/co595759.html
jobs.51job.com/all/co4853326.html
jobs.51job.com/all/co4273391.html
jobs.51job.com/all/co4669940.html
jobs.51job.com/all/co2460805.html
jobs.51job.com/all/co4301744.html
jobs.51job.com/all/co2951534.html
jobs.51job.com/all/co3854981.html
jobs.51job.com/all/co4506778.html
jobs.51job.com/all/co3696714.html
jobs.51job.com/all/co2760742.html
jobs.51job.com/all/co4375377.html
jobs.51job.com/all/co3870662.html
jobs.51job.com/all/co2835443.html
jobs.51job.com/all/co4611520.html
jobs.51job.com/all/co4606251.html
jobs.51job.com/all/co3723752.html
jobs.51job.com/all/co4092658.html
jobs.51job.com/all/co2193652.html
jobs.51job.com/all/co3906028.html
jobs.51job.com/all/co4506.html
jobs.51job.com/all/co2404942.html
jobs.51job.com/all/co3923513.html
jobs.51job.com/all/co4213708.html
jobs.51job.com/all/co4813429.html
jobs.51job.com/all/co2642445.html
jobs.51job.com/all/co3389248.html
jobs.51job.com/all/co3860282.html
jobs.51job.com/all/co4489811.html
jobs.51job.com/all/co2375143.html
jobs.51job.com/all/co4850474.html
jobs.51job.com/all/co2462725.html
jobs.51job.com/all/co3575770.html
jobs.51job.com/all/co4546886.html
jobs.51job.com/all/co509796.html
jobs.51job.com/all/co4898174.html
jobs.51job.com/all/co4802705.html
jobs.51job.com/all/co4296348.html
jobs.51job.com/all/co300705.html
jobs.51job.com/all/co3812917.html
jobs.51job.com/all/co4021208.html
te.51job.com
jobs.51job.com/all/co4542274.html
jobs.51job.com/all/co2614630.html
jobs.51job.com/all/co3989321.html
jobs.51job.com/all/co4889990.html
jobs.51job.com/all/co2956652.html
jobs.51job.com/all/co3496589.html
jobs.51job.com/all/co1688982.html
jobs.51job.com/all/co3119296.html
jobs.51job.com/all/co3403354.html
jobs.51job.com/all/co2951805.html
jobs.51job.com/all/co4553465.html
jobs.51job.com/all/co3886063.html
jobs.51job.com/all/co4581502.html
jobs.51job.com/all/co2984025.html
jobs.51job.com/all/co2590696.html
jobs.51job.com/all/co4290285.html
jobs.51job.com/all/co2036110.html
jobs.51job.com/all/co2769894.html
jobs.51job.com/all/co4209397.html
jobs.51job.com/all/co2931594.html
jobs.51job.com/all/co4346784.html
jobs.51job.com/all/co4710514.html
jobs.51job.com/all/co3624231.html
jobs.51job.com/all/co4664922.html
jobs.51job.com/all/co3219766.html
jobs.51job.com/all/co4281973.html
jobs.51job.com/all/co9334.html
jobs.51job.com/all/co3280970.html
jobs.51job.com/all/co3855430.html
jobs.51job.com/all/co1992786.html
jobs.51job.com/all/co4442830.html
jobs.51job.com/all/co2473409.html
jobs.51job.com/all/co4476718.html
jobs.51job.com/all/co4885506.html
jobs.51job.com/all/co2611492.html
jobs.51job.com/all/co4708474.html
jobs.51job.com/all/co3810168.html
jobs.51job.com/all/co2543679.html
jobs.51job.com/all/co4826882.html
jobs.51job.com/all/co4688351.html
jobs.51job.com/all/co2186236.html
jobs.51job.com/all/co3473561.html
jobs.51job.com/all/co2941406.html
jobs.51job.com/all/co4494344.html
jobs.51job.com/all/co2528361.html
jobs.51job.com/all/co2353951.html
jobs.51job.com/all/co4738033.html
jobs.51job.com/all/co152922.html
jobs.51job.com/all/co4495673.html
jobs.51job.com/all/co252021.html
jobs.51job.com/all/co4766785.html
jobs.51job.com/all/co4351904.html
jobs.51job.com/all/co319763.html
jobs.51job.com/all/co3093886.html
jobs.51job.com/all/co2143709.html
jobs.51job.com/all/co2450223.html
jobs.51job.com/all/co2464512.html
jobs.51job.com/all/co3059729.html
jobs.51job.com/all/co2650626.html
jobs.51job.com/all/co4249744.html
jobs.51job.com/all/co3611424.html
jobs.51job.com/all/co4676706.html
jobs.51job.com/all/co126247.html
jobs.51job.com/all/co4394991.html
jobs.51job.com/all/co2543335.html
jobs.51job.com/all/co4270795.html
jobs.51job.com/all/co1490822.html
jobs.51job.com/all/co2634430.html
jobs.51job.com/all/co4356277.html
jobs.51job.com/all/co2506087.html
jobs.51job.com/all/co2945510.html
jobs.51job.com/all/co3107128.html
jobs.51job.com/all/co3567556.html
sfzhaopin.51job.com
jobs.51job.com/all/co4454711.html
jobs.51job.com/all/co4086671.html
jobs.51job.com/all/co629232.html
jobs.51job.com/all/co3852094.html
jobs.51job.com/all/co4862568.html
jobs.51job.com/all/co3734654.html
jobs.51job.com/all/co4246278.html
jobs.51job.com/all/co4694027.html
jobs.51job.com/all/co3532827.html
jobs.51job.com/all/co4860341.html
jobs.51job.com/all/co4267816.html
jobs.51job.com/all/co4632214.html
jobs.51job.com/all/co2557226.html
jobs.51job.com/all/co2562001.html
jobs.51job.com/all/co4179639.html
jobs.51job.com/all/co3426511.html
jobs.51job.com/all/co4583619.html
jobs.51job.com/all/co4401547.html
jobs.51job.com/all/co110537.html
jobs.51job.com/all/co4853407.html
jobs.51job.com/all/co4859094.html
jobs.51job.com/all/co146037.html
jobs.51job.com/all/co4273111.html
jobs.51job.com/all/co4698164.html
jobs.51job.com/all/co2513239.html
jobs.51job.com/all/co307624.html
jobs.51job.com/all/co2400809.html
jobs.51job.com/all/co4381714.html
jobs.51job.com/all/co4856300.html
jobs.51job.com/all/co4326926.html
jobs.51job.com/all/co4716481.html
jobs.51job.com/all/co3218824.html
jobs.51job.com/all/co3549073.html
jobs.51job.com/all/co571317.html
cpic-cx.51job.com
jobs.51job.com/all/co3805420.html
jobs.51job.com/all/co2440508.html
jobs.51job.com/all/co3397320.html
jobs.51job.com/all/co2882662.html
jobs.51job.com/all/co4538717.html
jobs.51job.com/all/co2708279.html
jobs.51job.com/all/co4931785.html
jobs.51job.com/all/co259731.html
jobs.51job.com/all/co3150739.html
jobs.51job.com/all/co2441614.html
jobs.51job.com/all/co4453973.html
jobs.51job.com/all/co4453973.html
jobs.51job.com/all/co4554250.html
jobs.51job.com/all/co4644811.html
jobs.51job.com/all/co4319327.html
jobs.51job.com/all/co3896636.html
jobs.51job.com/all/co4669562.html
jobs.51job.com/all/co4669562.html
jobs.51job.com/all/co4669562.html
jobs.51job.com/all/co2483146.html
jobs.51job.com/all/co3136775.html
jobs.51job.com/all/co3136775.html
jobs.51job.com/all/co3528235.html
jobs.51job.com/all/co3175908.html
jobs.51job.com/all/co2524745.html
jobs.51job.com/all/co2637007.html
jobs.51job.com/all/co4446550.html
jobs.51job.com/all/co4446550.html
jobs.51job.com/all/co3995753.html
jobs.51job.com/all/co4794906.html
jobs.51job.com/all/co3434452.html
jobs.51job.com/all/co1991357.html
jobs.51job.com/all/co3546029.html
jobs.51job.com/all/co4814653.html
jobs.51job.com/all/co4081697.html
jobs.51job.com/all/co4794906.html
jobs.51job.com/all/co2010511.html
jobs.51job.com/all/co3814260.html
jobs.51job.com/all/co4386298.html
jobs.51job.com/all/co4385756.html
jobs.51job.com/all/co4385756.html
jobs.51job.com/all/co2517133.html
jobs.51job.com/all/co4869782.html
jobs.51job.com/all/co4000808.html
jobs.51job.com/all/co4516780.html
jobs.51job.com/all/co3932014.html
jobs.51job.com/all/co3932014.html
jobs.51job.com/all/co3938484.html
jobs.51job.com/all/co4497379.html
jobs.51job.com/all/co3136775.html
jobs.51job.com/all/co2390939.html
jobs.51job.com/all/co2390939.html
jobs.51job.com/all/co3305225.html
jobs.51job.com/all/co2524745.html
jobs.51job.com/all/co4064720.html
jobs.51job.com/all/co4064720.html
jobs.51job.com/all/co297704.html
jobs.51job.com/all/co4280285.html
jobs.51job.com/all/co4280285.html
jobs.51job.com/all/co4280285.html
jobs.51job.com/all/co4280285.html
jobs.51job.com/all/co2524745.html
jobs.51job.com/all/co2524745.html
jobs.51job.com/all/co297704.html
jobs.51job.com/all/co3037496.html
jobs.51job.com/all/co2424728.html
jobs.51job.com/all/co3915212.html
jobs.51job.com/all/co3037496.html
jobs.51job.com/all/co3037496.html
jobs.51job.com/all/co3037496.html
jobs.51job.com/all/co3037496.html
jobs.51job.com/all/co3381236.html
jobs.51job.com/all/co3381236.html
jobs.51job.com/all/co3381236.html
jobs.51job.com/all/co3381236.html
jobs.51job.com/all/co3381236.html
jobs.51job.com/all/co3381236.html
jobs.51job.com/all/co3381236.html
jobs.51job.com/all/co3381236.html
jobs.51job.com/all/co3381236.html
jobs.51job.com/all/co4521782.html
jobs.51job.com/all/co4521782.html
jobs.51job.com/all/co4521782.html
jobs.51job.com/all/co4521782.html
jobs.51job.com/all/co4521782.html
jobs.51job.com/all/co3915212.html
jobs.51job.com/all/co4596652.html
jobs.51job.com/all/co4596652.html
jobs.51job.com/all/co3125405.html
jobs.51job.com/all/co3125405.html
jobs.51job.com/all/co3125405.html
jobs.51job.com/all/co4925423.html
jobs.51job.com/all/co3615969.html
jobs.51job.com/all/co2424464.html
jobs.51job.com/all/co2424464.html
jobs.51job.com/all/co2424464.html
jobs.51job.com/all/co3381236.html
jobs.51job.com/all/co3599776.html
jobs.51job.com/all/co3599776.html
jobs.51job.com/all/co3599776.html
jobs.51job.com/all/co2531079.html
jobs.51job.com/all/co2531079.html
jobs.51job.com/all/co2069693.html
jobs.51job.com/all/co2459519.html
jobs.51job.com/all/co2459519.html
jobs.51job.com/all/co2459519.html
jobs.51job.com/all/co2459519.html
jobs.51job.com/all/co4095759.html
jobs.51job.com/all/co2658663.html
jobs.51job.com/all/co4530636.html
jobs.51job.com/all/co2403073.html
jobs.51job.com/all/co3372092.html
jobs.51job.com/all/co2354601.html
jobs.51job.com/all/co2490653.html
jobs.51job.com/all/co2490653.html
jobs.51job.com/all/co2490653.html
jobs.51job.com/all/co2490653.html
jobs.51job.com/all/co2776676.html
jobs.51job.com/all/co2411465.html
jobs.51job.com/all/co2425060.html
jobs.51job.com/all/co4058090.html
jobs.51job.com/all/co3124859.html
jobs.51job.com/all/co3124859.html
jobs.51job.com/all/co3124859.html
jobs.51job.com/all/co4436154.html
jobs.51job.com/all/co3682213.html
jobs.51job.com/all/co3682213.html
jobs.51job.com/all/co3857548.html
jobs.51job.com/all/co2411465.html
jobs.51job.com/all/co2551404.html
jobs.51job.com/all/co2411465.html
jobs.51job.com/all/co4428902.html
jobs.51job.com/all/co100934.html
jobs.51job.com/all/co3427099.html
jobs.51job.com/all/co4616002.html
jobs.51job.com/all/co3200299.html
jobs.51job.com/all/co3200299.html
jobs.51job.com/all/co3200299.html
jobs.51job.com/all/co3528235.html
jobs.51job.com/all/co3528235.html
jobs.51job.com/all/co2459519.html
jobs.51job.com/all/co3171103.html
jobs.51job.com/all/co2524745.html
jobs.51job.com/all/co2524745.html
jobs.51job.com/all/co2524745.html
jobs.51job.com/all/co4283238.html
jobs.51job.com/all/co3586753.html
jobs.51job.com/all/co2658663.html
jobs.51job.com/all/co3755410.html
jobs.51job.com/all/co2372149.html
jobs.51job.com/all/co2243070.html
jobs.51job.com/all/co4121639.html
jobs.51job.com/all/co4042085.html
jobs.51job.com/all/co2243070.html
jobs.51job.com/all/co3847959.html
jobs.51job.com/all/co3253065.html
jobs.51job.com/all/co3897582.html
jobs.51job.com/all/co4121639.html
jobs.51job.com/all/co2390917.html
jobs.51job.com/all/co2390917.html
jobs.51job.com/all/co2390917.html
jobs.51job.com/all/co2340344.html
jobs.51job.com/all/co2390934.html
jobs.51job.com/all/co2390934.html
jobs.51job.com/all/co3609633.html
jobs.51job.com/all/co2340344.html
jobs.51job.com/all/co4740638.html
jobs.51job.com/all/co3847959.html
jobs.51job.com/all/co4042085.html
jobs.51job.com/all/co3609633.html
jobs.51job.com/all/co4351423.html
jobs.51job.com/all/co4648332.html
jobs.51job.com/all/co4648332.html
jobs.51job.com/all/co3548201.html
jobs.51job.com/all/co2605243.html
jobs.51job.com/all/co2390940.html
jobs.51job.com/all/co3548201.html
jobs.51job.com/all/co2437843.html
jobs.51job.com/all/co3079098.html
jobs.51job.com/all/co2390939.html
jobs.51job.com/all/co2340344.html
jobs.51job.com/all/co3536622.html
jobs.51job.com/all/co4864927.html
jobs.51job.com/all/co4864927.html
jobs.51job.com/all/co2705459.html
jobs.51job.com/all/co2705459.html
jobs.51job.com/all/co3096613.html
jobs.51job.com/all/co3096613.html
jobs.51job.com/all/co4714987.html
jobs.51job.com/all/co3427099.html
jobs.51job.com/all/co3427099.html
jobs.51job.com/all/co3427099.html
jobs.51job.com/all/co4530636.html
jobs.51job.com/all/co4530636.html
jobs.51job.com/all/co123528.html
jobs.51job.com/all/co4452065.html
jobs.51job.com/all/co3089159.html
jobs.51job.com/all/co2785007.html
jobs.51job.com/all/co2538564.html
jobs.51job.com/all/co4318245.html
jobs.51job.com/all/co4318245.html
jobs.51job.com/all/co2464515.html
jobs.51job.com/all/co4455275.html
jobs.51job.com/all/co3150739.html
jobs.51job.com/all/co3150739.html
jobs.51job.com/all/co3150739.html
jobs.51job.com/all/co3150739.html
jobs.51job.com/all/co4798541.html
jobs.51job.com/all/co4798541.html
jobs.51job.com/all/co3226762.html
jobs.51job.com/all/co3317839.html
jobs.51job.com/all/co2459786.html
jobs.51job.com/all/co3226762.html
jobs.51job.com/all/co3226762.html
jobs.51job.com/all/co2459786.html
jobs.51job.com/all/co525367.html
jobs.51job.com/all/co525367.html
jobs.51job.com/all/co4819327.html
jobs.51job.com/all/co4819327.html
jobs.51job.com/all/co2441614.html
jobs.51job.com/all/co4796372.html
jobs.51job.com/all/co3253065.html
jobs.51job.com/all/co3253065.html
jobs.51job.com/all/co3945879.html
jobs.51job.com/all/co3945879.html
jobs.51job.com/all/co4403826.html
jobs.51job.com/all/co4877559.html
jobs.51job.com/all/co4068905.html
jobs.51job.com/all/co4534517.html
jobs.51job.com/all/co4819327.html
jobs.51job.com/all/co4819327.html
jobs.51job.com/all/co4549536.html
jobs.51job.com/all/co3372092.html
jobs.51job.com/all/co4644811.html
jobs.51job.com/all/co4644811.html
jobs.51job.com/all/co4644811.html
jobs.51job.com/all/co4644811.html
jobs.51job.com/all/co4644811.html
jobs.51job.com/all/co4644811.html
jobs.51job.com/all/co4644811.html
jobs.51job.com/all/co4644811.html
jobs.51job.com/all/co4644811.html
jobs.51job.com/all/co4644811.html
jobs.51job.com/all/co4644811.html
jobs.51job.com/all/co4644811.html
jobs.51job.com/all/co4644811.html
jobs.51job.com/all/co4644811.html
jobs.51job.com/all/co4644811.html
jobs.51job.com/all/co4644811.html
jobs.51job.com/all/co4644811.html
jobs.51job.com/all/co4644811.html
jobs.51job.com/all/co4644811.html
jobs.51job.com/all/co4644811.html
jobs.51job.com/all/co4375854.html
jobs.51job.com/all/co4002088.html
jobs.51job.com/all/co4002088.html
jobs.51job.com/all/co2221020.html
jobs.51job.com/all/co2427242.html
jobs.51job.com/all/co2427242.html
jobs.51job.com/all/co2427242.html
jobs.51job.com/all/co3922892.html
jobs.51job.com/all/co3922892.html
jobs.51job.com/all/co3922892.html
jobs.51job.com/all/co3922892.html
jobs.51job.com/all/co3922892.html
jobs.51job.com/all/co3922892.html
jobs.51job.com/all/co3922892.html
jobs.51job.com/all/co3922892.html
jobs.51job.com/all/co3887904.html
jobs.51job.com/all/co3922892.html
jobs.51job.com/all/co3922892.html
jobs.51job.com/all/co3922892.html
jobs.51job.com/all/co3922892.html
jobs.51job.com/all/co3069286.html
jobs.51job.com/all/co3535200.html
jobs.51job.com/all/co3535200.html
jobs.51job.com/all/co2434405.html
jobs.51job.com/all/co2568129.html
jobs.51job.com/all/co2568129.html
jobs.51job.com/all/co2568129.html
jobs.51job.com/all/co2568129.html
jobs.51job.com/all/co2568129.html
jobs.51job.com/all/co2568129.html
jobs.51job.com/all/co2568129.html
jobs.51job.com/all/co2568129.html
jobs.51job.com/all/co3602469.html
jobs.51job.com/all/co3602469.html
jobs.51job.com/all/co4746396.html
jobs.51job.com/all/co4746396.html
jobs.51job.com/all/co4746396.html
jobs.51job.com/all/co2568129.html
jobs.51job.com/all/co2568129.html
jobs.51job.com/all/co2568129.html
jobs.51job.com/all/co2568129.html
jobs.51job.com/all/co2568129.html
jobs.51job.com/all/co2494804.html
jobs.51job.com/all/co2494804.html
jobs.51job.com/all/co2494804.html
jobs.51job.com/all/co2494804.html
jobs.51job.com/all/co2483146.html
jobs.51job.com/all/co2483146.html
jobs.51job.com/all/co4385352.html
jobs.51job.com/all/co4385352.html
jobs.51job.com/all/co4385352.html
jobs.51job.com/all/co4385352.html
jobs.51job.com/all/co3097219.html
jobs.51job.com/all/co1991409.html
jobs.51job.com/all/co3291110.html
jobs.51job.com/all/co4747814.html
jobs.51job.com/all/co4813880.html
jobs.51job.com/all/co3459829.html
jobs.51job.com/all/co3459829.html
jobs.51job.com/all/co3459829.html
jobs.51job.com/all/co3247055.html
jobs.51job.com/all/co2309267.html
jobs.51job.com/all/co3459829.html
jobs.51job.com/all/co3528235.html
jobs.51job.com/all/co3528235.html
jobs.51job.com/all/co3528235.html
jobs.51job.com/all/co3528235.html
jobs.51job.com/all/co3528235.html
jobs.51job.com/all/co3528235.html
jobs.51job.com/all/co3528235.html
jobs.51job.com/all/co3528235.html
jobs.51job.com/all/co3528235.html
jobs.51job.com/all/co3528235.html
jobs.51job.com/all/co3916837.html
jobs.51job.com/all/co3459829.html
jobs.51job.com/all/co3459829.html
jobs.51job.com/all/co3215961.html
jobs.51job.com/all/co3215961.html
jobs.51job.com/all/co3459829.html
jobs.51job.com/all/co3459829.html
jobs.51job.com/all/co3459829.html
jobs.51job.com/all/co2459519.html
jobs.51job.com/all/co2459519.html
jobs.51job.com/all/co3683943.html
jobs.51job.com/all/co2489971.html
jobs.51job.com/all/co4338315.html
jobs.51job.com/all/co3013852.html
jobs.51job.com/all/co3013852.html
jobs.51job.com/all/co2390934.html
jobs.51job.com/all/co2390934.html
jobs.51job.com/all/co2597173.html
jobs.51job.com/all/co2597173.html
jobs.51job.com/all/co2597173.html
jobs.51job.com/all/co2597173.html
jobs.51job.com/all/co2597173.html
jobs.51job.com/all/co2597173.html
jobs.51job.com/all/co2597173.html
jobs.51job.com/all/co2730274.html
jobs.51job.com/all/co2524745.html
jobs.51job.com/all/co2314582.html
jobs.51job.com/all/co3586753.html
jobs.51job.com/all/co2347432.html
jobs.51job.com/all/co4559367.html
jobs.51job.com/all/co2465475.html
jobs.51job.com/all/co3550611.html
jobs.51job.com/all/co3550611.html
jobs.51job.com/all/co3212390.html
jobs.51job.com/all/co3212390.html
jobs.51job.com/all/co3212390.html
jobs.51job.com/all/co3074539.html
jobs.51job.com/all/co3074539.html
jobs.51job.com/all/co3002944.html
jobs.51job.com/all/co3962234.html
jobs.51job.com/all/co3002239.html
jobs.51job.com/all/co3703779.html
jobs.51job.com/all/co3703779.html
jobs.51job.com/all/co3703779.html
jobs.51job.com/all/co4064720.html
jobs.51job.com/all/co2637007.html
jobs.51job.com/all/co2637007.html
jobs.51job.com/all/co2637007.html
jobs.51job.com/all/co2637007.html
roche.51job.com/
roche.51job.com/
roche.51job.com/
jobs.51job.com/all/co643695.html
jobs.51job.com/all/co2845374.html
jobs.51job.com/all/co1996883.html
jobs.51job.com/all/co2669939.html
jobs.51job.com/all/co4375342.html
jobs.51job.com/all/co4375342.html
jobs.51job.com/all/co2363533.html
jobs.51job.com/all/co2293666.html
jobs.51job.com/all/co2390934.html
jobs.51job.com/all/co2536622.html
jobs.51job.com/all/co3267584.html
jobs.51job.com/all/co3994745.html
jobs.51job.com/all/co3994745.html
jobs.51job.com/all/co3994745.html
jobs.51job.com/all/co3305832.html
jobs.51job.com/all/co3305832.html
jobs.51job.com/all/co308837.html
jobs.51job.com/all/co308837.html
jobs.51job.com/all/co2302379.html
jobs.51job.com/all/co2459519.html
jobs.51job.com/all/co3759952.html
jobs.51job.com/all/co3759952.html
jobs.51job.com/all/co4485800.html
jobs.51job.com/all/co4603704.html
jobs.51job.com/all/co2735491.html
jobs.51job.com/all/co2521993.html
jobs.51job.com/all/co2521993.html
jobs.51job.com/all/co267678.html
jobs.51job.com/all/co2440890.html
jobs.51job.com/all/co4688371.html
jobs.51job.com/all/co2580137.html
jobs.51job.com/all/co2702344.html
jobs.51job.com/all/co4784625.html
jobs.51job.com/all/co3838749.html
jobs.51job.com/all/co2836945.html
jobs.51job.com/all/co2836945.html
jobs.51job.com/all/co2836945.html
jobs.51job.com/all/co4129551.html
jobs.51job.com/all/co4660695.html
jobs.51job.com/all/co4013658.html
jobs.51job.com/all/co4013658.html
jobs.51job.com/all/co2749331.html
jobs.51job.com/all/co4112353.html
jobs.51job.com/all/co4112353.html
jobs.51job.com/all/co4112353.html
jobs.51job.com/all/co4112353.html
jobs.51job.com/all/co4112353.html
jobs.51job.com/all/co4112353.html
jobs.51job.com/all/co4112353.html
jobs.51job.com/all/co4112353.html
jobs.51job.com/all/co4026380.html
jobs.51job.com/all/co4026380.html
jobs.51job.com/all/co2384451.html
jobs.51job.com/all/co2384451.html
jobs.51job.com/all/co2243070.html
jobs.51job.com/all/co2243070.html
jobs.51job.com/all/co4851986.html
jobs.51job.com/all/co3129025.html
jobs.51job.com/all/co2551404.html
jobs.51job.com/all/co2551404.html
jobs.51job.com/all/co3579817.html
jobs.51job.com/all/co2393499.html
jobs.51job.com/all/co2393499.html
jobs.51job.com/all/co2393499.html
jobs.51job.com/all/co2393499.html
jobs.51job.com/all/co2393499.html
jobs.51job.com/all/co2393499.html
jobs.51job.com/all/co3316000.html
jobs.51job.com/all/co2326528.html
jobs.51job.com/all/co2326528.html
jobs.51job.com/all/co2326528.html
jobs.51job.com/all/co2326528.html
jobs.51job.com/all/co3368424.html
jobs.51job.com/all/co4243805.html
jobs.51job.com/all/co4243805.html
jobs.51job.com/all/co4243805.html
jobs.51job.com/all/co4243805.html
jobs.51job.com/all/co4516780.html
jobs.51job.com/all/co4442849.html
jobs.51job.com/all/co4442849.html
jobs.51job.com/all/co4442849.html
jobs.51job.com/all/co4442849.html
jobs.51job.com/all/co4698586.html
jobs.51job.com/all/co4698586.html
jobs.51job.com/all/co4698586.html
jobs.51job.com/all/co4698586.html
jobs.51job.com/all/co4698586.html
jobs.51job.com/all/co3459785.html
jobs.51job.com/all/co2471731.html
jobs.51job.com/all/co3123339.html
jobs.51job.com/all/co4375342.html
jobs.51job.com/all/co2812816.html
jobs.51job.com/all/co2812816.html
jobs.51job.com/all/co3616810.html
jobs.51job.com/all/co3616810.html
jobs.51job.com/all/co3616810.html
jobs.51job.com/all/co3037041.html
jobs.51job.com/all/co3037041.html
jobs.51job.com/all/co3037041.html
jobs.51job.com/all/co2363533.html
jobs.51job.com/all/co2380866.html
jobs.51job.com/all/co2380866.html
jobs.51job.com/all/co493245.html
jobs.51job.com/all/co4870881.html
jobs.51job.com/all/co4870881.html
jobs.51job.com/all/co2701167.html
jobs.51job.com/all/co2701167.html
jobs.51job.com/all/co3370198.html
jobs.51job.com/all/co3142368.html
jobs.51job.com/all/co4743873.html
jobs.51job.com/all/co2471253.html
jobs.51job.com/all/co2471253.html
jobs.51job.com/all/co2471253.html
jobs.51job.com/all/co3434452.html
jobs.51job.com/all/co3434452.html
jobs.51job.com/all/co1991357.html
jobs.51job.com/all/co1991357.html
jobs.51job.com/all/co2417239.html
jobs.51job.com/all/co2665318.html
jobs.51job.com/all/co2665318.html
jobs.51job.com/all/co2482091.html
jobs.51job.com/all/co2482091.html
jobs.51job.com/all/co2482091.html
jobs.51job.com/all/co2482091.html
jobs.51job.com/all/co2482091.html
jobs.51job.com/all/co2482091.html
jobs.51job.com/all/co2482091.html
jobs.51job.com/all/co2482091.html
jobs.51job.com/all/co4740766.html
jobs.51job.com/all/co4740766.html
jobs.51job.com/all/co4740766.html
jobs.51job.com/all/co4740766.html
jobs.51job.com/all/co4740766.html
jobs.51job.com/all/co4740766.html
jobs.51job.com/all/co4740766.html
jobs.51job.com/all/co4698586.html
jobs.51job.com/all/co4698586.html
jobs.51job.com/all/co4698586.html
jobs.51job.com/all/co4698586.html
jobs.51job.com/all/co4698586.html
jobs.51job.com/all/co4929779.html
jobs.51job.com/all/co3161561.html
jobs.51job.com/all/co3161561.html
jobs.51job.com/all/co4893632.html
jobs.51job.com/all/co3317099.html
jobs.51job.com/all/co3317099.html
jobs.51job.com/all/co3317099.html
jobs.51job.com/all/co3317099.html
jobs.51job.com/all/co4219276.html
jobs.51job.com/all/co4219276.html
jobs.51job.com/all/co4182998.html
jobs.51job.com/all/co3162113.html
jobs.51job.com/all/co3162113.html
jobs.51job.com/all/co3162113.html
jobs.51job.com/all/co3162113.html
jobs.51job.com/all/co3162113.html
jobs.51job.com/all/co3162113.html
jobs.51job.com/all/co3162113.html
jobs.51job.com/all/co4129056.html
jobs.51job.com/all/co2618500.html
jobs.51job.com/all/co4778600.html
jobs.51job.com/all/co2661707.html
jobs.51job.com/all/co2806511.html
jobs.51job.com/all/co2421654.html
jobs.51job.com/all/co2421654.html
jobs.51job.com/all/co3546029.html
jobs.51job.com/all/co3546029.html
jobs.51job.com/all/co3546029.html
jobs.51job.com/all/co3546029.html
jobs.51job.com/all/co3546029.html
jobs.51job.com/all/co3546029.html
jobs.51job.com/all/co4803699.html
jobs.51job.com/all/co2432702.html
jobs.51job.com/all/co3966330.html
jobs.51job.com/all/co3966330.html
jobs.51job.com/all/co2536845.html
jobs.51job.com/all/co2519184.html
jobs.51job.com/all/co580195.html
jobs.51job.com/all/co3476491.html
jobs.51job.com/all/co3476491.html
jobs.51job.com/all/co3476491.html
jobs.51job.com/all/co4615678.html
jobs.51job.com/all/co4615678.html
jobs.51job.com/all/co4426274.html
jobs.51job.com/all/co4814653.html
jobs.51job.com/all/co4814653.html
jobs.51job.com/all/co2618500.html
jobs.51job.com/all/co2618500.html
jobs.51job.com/all/co3142368.html
jobs.51job.com/all/co4233231.html
jobs.51job.com/all/co2379671.html
jobs.51job.com/all/co2379671.html
jobs.51job.com/all/co486203.html
jobs.51job.com/all/co486203.html
jobs.51job.com/all/co2685183.html
jobs.51job.com/all/co2685183.html
jobs.51job.com/all/co2685183.html
jobs.51job.com/all/co4499469.html
jobs.51job.com/all/co4499469.html
jobs.51job.com/all/co4499469.html
jobs.51job.com/all/co4499469.html
jobs.51job.com/all/co4619540.html
jobs.51job.com/all/co3562553.html
jobs.51job.com/all/co3562553.html
jobs.51job.com/all/co3562553.html
jobs.51job.com/all/co4519001.html
jobs.51job.com/all/co4519001.html
jobs.51job.com/all/co4309683.html
jobs.51job.com/all/co4309683.html
jobs.51job.com/all/co3289900.html
jobs.51job.com/all/co3289900.html
jobs.51job.com/all/co3289900.html
jobs.51job.com/all/co3289900.html
jobs.51job.com/all/co3289900.html
jobs.51job.com/all/co3289900.html
jobs.51job.com/all/co2338619.html
jobs.51job.com/all/co2363533.html
jobs.51job.com/all/co2363533.html
jobs.51job.com/all/co2363533.html
jobs.51job.com/all/co4939109.html
jobs.51job.com/all/co4939109.html
jobs.51job.com/all/co4939109.html
jobs.51job.com/all/co2590228.html
jobs.51job.com/all/co2590228.html
jobs.51job.com/all/co2590228.html
jobs.51job.com/all/co2481836.html
jobs.51job.com/all/co2481836.html
jobs.51job.com/all/co3087989.html
jobs.51job.com/all/co3294242.html
jobs.51job.com/all/co201082.html
jobs.51job.com/all/co4527365.html
jobs.51job.com/all/co4877559.html
jobs.51job.com/all/co2309267.html
jobs.51job.com/all/co2461557.html
jobs.51job.com/all/co2461557.html
jobs.51job.com/all/co2461557.html
jobs.51job.com/all/co2557984.html
jobs.51job.com/all/co1996883.html
jobs.51job.com/all/co1996883.html
jobs.51job.com/all/co1996883.html
jobs.51job.com/all/co1996883.html
jobs.51job.com/all/co4483036.html
jobs.51job.com/all/co4873339.html
jobs.51job.com/all/co4939109.html
jobs.51job.com/all/co4939109.html
jobs.51job.com/all/co4939109.html
jobs.51job.com/all/co2401500.html
jobs.51job.com/all/co3900128.html
jobs.51job.com/all/co4413235.html
jobs.51job.com/all/co4413235.html
jobs.51job.com/all/co3604946.html
jobs.51job.com/all/co4455275.html
jobs.51job.com/all/co3215056.html
jobs.51job.com/all/co3704137.html
jobs.51job.com/all/co3464815.html
jobs.51job.com/all/co3464815.html
jobs.51job.com/all/co4939109.html
jobs.51job.com/all/co4869977.html
jobs.51job.com/all/co2390927.html
jobs.51job.com/all/co4233231.html
jobs.51job.com/all/co4233231.html
jobs.51job.com/all/co3019133.html
jobs.51job.com/all/co2165935.html
jobs.51job.com/all/co2441646.html
jobs.51job.com/all/co3273213.html
jobs.51job.com/all/co4621915.html
jobs.51job.com/all/co2060749.html
jobs.51job.com/all/co2060749.html
jobs.51job.com/all/co2060749.html
jobs.51job.com/all/co2462148.html
jobs.51job.com/all/co4919656.html
jobs.51job.com/all/co2462148.html
jobs.51job.com/all/co2713875.html
jobs.51job.com/all/co4385756.html
jobs.51job.com/all/co3005102.html
jobs.51job.com/all/co3019133.html
jobs.51job.com/all/co2415387.html
jobs.51job.com/all/co2010511.html
jobs.51job.com/all/co2010511.html
jobs.51job.com/all/co2010511.html
jobs.51job.com/all/co2010511.html
jobs.51job.com/all/co2010511.html
jobs.51job.com/all/co2010511.html
jobs.51job.com/all/co2010511.html
jobs.51job.com/all/co4246559.html
jobs.51job.com/all/co3262848.html
jobs.51job.com/all/co4899544.html
jobs.51job.com/all/co4899544.html
jobs.51job.com/all/co2373491.html
jobs.51job.com/all/co2373491.html
jobs.51job.com/all/co2373491.html
jobs.51job.com/all/co3437549.html
jobs.51job.com/all/co3437549.html
jobs.51job.com/all/co2611788.html
jobs.51job.com/all/co3653181.html
jobs.51job.com/all/co3790580.html
jobs.51job.com/all/co3780993.html
jobs.51job.com/all/co3780993.html
jobs.51job.com/all/co3780993.html
jobs.51job.com/all/co3780993.html
jobs.51job.com/all/co3780993.html
jobs.51job.com/all/co3084624.html
jobs.51job.com/all/co3084624.html
jobs.51job.com/all/co3084624.html
jobs.51job.com/all/co3084624.html
jobs.51job.com/all/co3084624.html
jobs.51job.com/all/co4890287.html
jobs.51job.com/all/co4117378.html
jobs.51job.com/all/co4117378.html
jobs.51job.com/all/co4117378.html
jobs.51job.com/all/co4386298.html
jobs.51job.com/all/co4323550.html
jobs.51job.com/all/co4586652.html
jobs.51job.com/all/co4752988.html
jobs.51job.com/all/co4752988.html
jobs.51job.com/all/co3191417.html
jobs.51job.com/all/co3191417.html
jobs.51job.com/all/co3632308.html
jobs.51job.com/all/co4803699.html
jobs.51job.com/all/co4869977.html
jobs.51job.com/all/co3181996.html
jobs.51job.com/all/co3962234.html
jobs.51job.com/all/co3366344.html
jobs.51job.com/all/co2473795.html
jobs.51job.com/all/co2562628.html
jobs.51job.com/all/co2562628.html
jobs.51job.com/all/co4226763.html
jobs.51job.com/all/co4474350.html
jobs.51job.com/all/co269274.html
jobs.51job.com/all/co497897.html
jobs.51job.com/all/co2542687.html
jobs.51job.com/all/co4438490.html
jobs.51job.com/all/co2210601.html
jobs.51job.com/all/co4389202.html
jobs.51job.com/all/co4389202.html
jobs.51job.com/all/co4389202.html
jobs.51job.com/all/co4389202.html
jobs.51job.com/all/co4389202.html
jobs.51job.com/all/co3028923.html
jobs.51job.com/all/co3183275.html
jobs.51job.com/all/co2462148.html
jobs.51job.com/all/co3699468.html
jobs.51job.com/all/co3699468.html
jobs.51job.com/all/co3699468.html
jobs.51job.com/all/co3166875.html
jobs.51job.com/all/co3166875.html
jobs.51job.com/all/co4385756.html
jobs.51job.com/all/co4385756.html
jobs.51job.com/all/co4856672.html
jobs.51job.com/all/co4856672.html
jobs.51job.com/all/co4856672.html
jobs.51job.com/all/co4856672.html
jobs.51job.com/all/co4713984.html
jobs.51job.com/all/co2478368.html
jobs.51job.com/all/co2478368.html
jobs.51job.com/all/co2478368.html
jobs.51job.com/all/co4527365.html
jobs.51job.com/all/co4869782.html
jobs.51job.com/all/co4869782.html
jobs.51job.com/all/co4854129.html
jobs.51job.com/all/co4838113.html
jobs.51job.com/all/co2392388.html
jobs.51job.com/all/co4288421.html
jobs.51job.com/all/co3932014.html
jobs.51job.com/all/co2534039.html
jobs.51job.com/all/co2534039.html
jobs.51job.com/all/co2009356.html
jobs.51job.com/all/co2463823.html
jobs.51job.com/all/co4000808.html
jobs.51job.com/all/co4000808.html
jobs.51job.com/all/co4000808.html
jobs.51job.com/all/co2699528.html
jobs.51job.com/all/co2678181.html
jobs.51job.com/all/co2565079.html
jobs.51job.com/all/co3142368.html
jobs.51job.com/all/co4316371.html
jobs.51job.com/all/co2744930.html
jobs.51job.com/all/co4345663.html
jobs.51job.com/all/co4713984.html
jobs.51job.com/all/co3470163.html
jobs.51job.com/all/co4912971.html
jobs.51job.com/all/co3924876.html
jobs.51job.com/all/co3924876.html
jobs.51job.com/all/co2988342.html
jobs.51job.com/all/co3688960.html
jobs.51job.com/all/co4091889.html
jobs.51job.com/all/co4091889.html
jobs.51job.com/all/co4091889.html
jobs.51job.com/all/co4401420.html
jobs.51job.com/all/co2881873.html
jobs.51job.com/all/co2881873.html
jobs.51job.com/all/co2425015.html
jobs.51job.com/all/co2425015.html
jobs.51job.com/all/co2425015.html
jobs.51job.com/all/co2417239.html
jobs.51job.com/all/co2183916.html
jobs.51job.com/all/co3132899.html
jobs.51job.com/all/co3132899.html
jobs.51job.com/all/co3132899.html
jobs.51job.com/all/co3132899.html
jobs.51job.com/all/co3132899.html
jobs.51job.com/all/co3132899.html
jobs.51job.com/all/co3132899.html
jobs.51job.com/all/co3132899.html
jobs.51job.com/all/co3132899.html
jobs.51job.com/all/co3132899.html
jobs.51job.com/all/co3132899.html
jobs.51job.com/all/co3132899.html
jobs.51job.com/all/co3132899.html
jobs.51job.com/all/co3132899.html
jobs.51job.com/all/co3132899.html
jobs.51job.com/all/co3132899.html
jobs.51job.com/all/co3132899.html
jobs.51job.com/all/co3132899.html
jobs.51job.com/all/co3132899.html
jobs.51job.com/all/co3132899.html
jobs.51job.com/all/co3132899.html
jobs.51job.com/all/co3132899.html
jobs.51job.com/all/co3132899.html
jobs.51job.com/all/co3132899.html
jobs.51job.com/all/co3132899.html
jobs.51job.com/all/co3132899.html
jobs.51job.com/all/co3132899.html
jobs.51job.com/all/co3132899.html
jobs.51job.com/all/co3132899.html
jobs.51job.com/all/co3132899.html
jobs.51job.com/all/co3132899.html
jobs.51job.com/all/co3132899.html
jobs.51job.com/all/co3132899.html
jobs.51job.com/all/co3132899.html
jobs.51job.com/all/co3132899.html
jobs.51job.com/all/co3132899.html
jobs.51job.com/all/co3132899.html
jobs.51job.com/all/co3132899.html
jobs.51job.com/all/co3132899.html
jobs.51job.com/all/co3132899.html
jobs.51job.com/all/co3132899.html
jobs.51job.com/all/co3132899.html
jobs.51job.com/all/co3132899.html
jobs.51job.com/all/co3132899.html
jobs.51job.com/all/co3132899.html
jobs.51job.com/all/co3132899.html
jobs.51job.com/all/co3132899.html
jobs.51job.com/all/co3132899.html
jobs.51job.com/all/co3132899.html
jobs.51job.com/all/co3132899.html
jobs.51job.com/all/co3132899.html
jobs.51job.com/all/co3132899.html
jobs.51job.com/all/co3132899.html
jobs.51job.com/all/co3132899.html
jobs.51job.com/all/co3132899.html
jobs.51job.com/all/co3132899.html
jobs.51job.com/all/co3132899.html
jobs.51job.com/all/co3132899.html
jobs.51job.com/all/co3132899.html
jobs.51job.com/all/co3132899.html
jobs.51job.com/all/co3132899.html
jobs.51job.com/all/co3132899.html
jobs.51job.com/all/co3132899.html
jobs.51job.com/all/co3132899.html
jobs.51job.com/all/co3132899.html
jobs.51job.com/all/co3132899.html
jobs.51job.com/all/co3132899.html
jobs.51job.com/all/co3132899.html
jobs.51job.com/all/co3132899.html
jobs.51job.com/all/co3132899.html
jobs.51job.com/all/co3132899.html
jobs.51job.com/all/co3132899.html
jobs.51job.com/all/co3132899.html
jobs.51job.com/all/co3132899.html
jobs.51job.com/all/co3132899.html
jobs.51job.com/all/co3132899.html
jobs.51job.com/all/co3132899.html
jobs.51job.com/all/co3132899.html
jobs.51job.com/all/co3132899.html
jobs.51job.com/all/co3132899.html
jobs.51job.com/all/co3132899.html
jobs.51job.com/all/co3132899.html
jobs.51job.com/all/co3132899.html
jobs.51job.com/all/co3132899.html
jobs.51job.com/all/co3132899.html
jobs.51job.com/all/co3132899.html
jobs.51job.com/all/co3132899.html
jobs.51job.com/all/co3132899.html
jobs.51job.com/all/co3132899.html
jobs.51job.com/all/co3132899.html
jobs.51job.com/all/co3132899.html
jobs.51job.com/all/co3132899.html
jobs.51job.com/all/co3132899.html
jobs.51job.com/all/co3132899.html
jobs.51job.com/all/co3132899.html
jobs.51job.com/all/co3132899.html
jobs.51job.com/all/co3132899.html
jobs.51job.com/all/co3132899.html
jobs.51job.com/all/co3132899.html
jobs.51job.com/all/co3132899.html
jobs.51job.com/all/co3132899.html
jobs.51job.com/all/co3132899.html
jobs.51job.com/all/co3132899.html
jobs.51job.com/all/co3132899.html
jobs.51job.com/all/co3003473.html
jobs.51job.com/all/co3114433.html
jobs.51job.com/all/co4561995.html
jobs.51job.com/all/co4561995.html
jobs.51job.com/all/co4561995.html
jobs.51job.com/all/co2464868.html
jobs.51job.com/all/co2590061.html
jobs.51job.com/all/co3928006.html
jobs.51job.com/all/co2894586.html
jobs.51job.com/all/co201082.html
jobs.51job.com/all/co201082.html
jobs.51job.com/all/co2463823.html
jobs.51job.com/all/co3702074.html
jobs.51job.com/all/co3632308.html
jobs.51job.com/all/co3632308.html
jobs.51job.com/all/co4345663.html
jobs.51job.com/all/co3702074.html
jobs.51job.com/all/co4588928.html
jobs.51job.com/all/co4497379.html
jobs.51job.com/all/co4497379.html
jobs.51job.com/all/co4497379.html
jobs.51job.com/all/co4483036.html
jobs.51job.com/all/co4483036.html
jobs.51job.com/all/co4611520.html
jobs.51job.com/all/co4092658.html
jobs.51job.com/all/co3117125.html
jobs.51job.com/all/co3117125.html
jobs.51job.com/all/co2568129.html
jobs.51job.com/all/co2568129.html
jobs.51job.com/all/co3922892.html
jobs.51job.com/all/co3922892.html
jobs.51job.com/all/co3922892.html
jobs.51job.com/all/co3459829.html
jobs.51job.com/all/co3459829.html
jobs.51job.com/all/co3459829.html
jobs.51job.com/all/co3459829.html
jobs.51job.com/all/co3860282.html
jobs.51job.com/all/co3860282.html
jobs.51job.com/all/co2472135.html
jobs.51job.com/all/co3142368.html
jobs.51job.com/all/co2375143.html
jobs.51job.com/all/co2375143.html
jobs.51job.com/all/co2390945.html
jobs.51job.com/all/co2390945.html
jobs.51job.com/all/co3632308.html
jobs.51job.com/all/co3632308.html
jobs.51job.com/all/co3632308.html
jobs.51job.com/all/co3632308.html
jobs.51job.com/all/co3305225.html
jobs.51job.com/all/co3305225.html
jobs.51job.com/all/co3305225.html
jobs.51job.com/all/co3410051.html
jobs.51job.com/all/co3812917.html
jobs.51job.com/all/co4899544.html
jobs.51job.com/all/co2894586.html
jobs.51job.com/all/co3989321.html
jobs.51job.com/all/co4532844.html
jobs.51job.com/all/co3162022.html
jobs.51job.com/all/co2479502.html
jobs.51job.com/all/co2472135.html
jobs.51job.com/all/co2472135.html
jobs.51job.com/all/co2472135.html
jobs.51job.com/all/co2472135.html
jobs.51job.com/all/co3403354.html
jobs.51job.com/all/co2951805.html
jobs.51job.com/all/co3887883.html
jobs.51job.com/all/co4553465.html
jobs.51job.com/all/co4064720.html
jobs.51job.com/all/co3273213.html
jobs.51job.com/all/co3162022.html
jobs.51job.com/all/co3496589.html
jobs.51job.com/all/co3496589.html
jobs.51job.com/all/co3932014.html
jobs.51job.com/all/co2931594.html
jobs.51job.com/all/co2048001.html
jobs.51job.com/all/co4281973.html
jobs.51job.com/all/co2460805.html
jobs.51job.com/all/co2479502.html
jobs.51job.com/all/co2479502.html
jobs.51job.com/all/co4307736.html
jobs.51job.com/all/co4307736.html
jobs.51job.com/all/co2479502.html
jobs.51job.com/all/co4708474.html
jobs.51job.com/all/co4708474.html
jobs.51job.com/all/co4708474.html
jobs.51job.com/all/co3810168.html
jobs.51job.com/all/co3810168.html
jobs.51job.com/all/co4854129.html
jobs.51job.com/all/co4688351.html
jobs.51job.com/all/co4867819.html
jobs.51job.com/all/co4867819.html
jobs.51job.com/all/co2810096.html
jobs.51job.com/all/co2210601.html
jobs.51job.com/all/co4495673.html
jobs.51job.com/all/co4058589.html
jobs.51job.com/all/co2390945.html
jobs.51job.com/all/co319763.html
jobs.51job.com/all/co319763.html
jobs.51job.com/all/co319763.html
jobs.51job.com/all/co3093886.html
jobs.51job.com/all/co2464512.html
jobs.51job.com/all/co2464512.html
jobs.51job.com/all/co2464512.html
jobs.51job.com/all/co4676706.html
jobs.51job.com/all/co126247.html
jobs.51job.com/all/co4394991.html
jobs.51job.com/all/co2543335.html
jobs.51job.com/all/co1490822.html
jobs.51job.com/all/co2479502.html
jobs.51job.com/all/co2479502.html
jobs.51job.com/all/co3390826.html
jobs.51job.com/all/co3390826.html
jobs.51job.com/all/co3390826.html
jobs.51job.com/all/co3390826.html
jobs.51job.com/all/co3390826.html
jobs.51job.com/all/co3390826.html
jobs.51job.com/all/co3390826.html
jobs.51job.com/all/co201082.html
jobs.51job.com/all/co2524745.html
jobs.51job.com/all/co2524745.html
jobs.51job.com/all/co2524745.html
jobs.51job.com/all/co2524745.html
jobs.51job.com/all/co4868515.html
jobs.51job.com/all/co4868515.html
jobs.51job.com/all/co3734654.html
jobs.51job.com/all/co4246278.html
jobs.51job.com/all/co4246278.html
jobs.51job.com/all/co4246278.html
jobs.51job.com/all/co4246278.html
jobs.51job.com/all/co4694027.html
jobs.51job.com/all/co4802705.html
jobs.51job.com/all/co2557226.html
jobs.51job.com/all/co2931594.html
jobs.51job.com/all/co4694027.html
jobs.51job.com/all/co4694027.html
jobs.51job.com/all/co4694027.html
jobs.51job.com/all/co4179639.html
jobs.51job.com/all/co4179639.html
jobs.51job.com/all/co4632214.html
jobs.51job.com/all/co4632214.html
jobs.51job.com/all/co4632214.html
jobs.51job.com/all/co2568129.html
jobs.51job.com/all/co2568129.html
jobs.51job.com/all/co2568129.html
jobs.51job.com/all/co2568129.html
jobs.51job.com/all/co3459829.html
jobs.51job.com/all/co3459829.html
jobs.51job.com/all/co3459829.html
jobs.51job.com/all/co3459829.html
jobs.51job.com/all/co3459829.html
jobs.51job.com/all/co3459829.html
jobs.51job.com/all/co3922892.html
jobs.51job.com/all/co3922892.html
jobs.51job.com/all/co3922892.html
jobs.51job.com/all/co3922892.html
jobs.51job.com/all/co4632214.html
jobs.51job.com/all/co2971139.html
jobs.51job.com/all/co2971139.html
jobs.51job.com/all/co2971139.html
jobs.51job.com/all/co2971139.html
jobs.51job.com/all/co2400809.html
jobs.51job.com/all/co4381714.html
jobs.51job.com/all/co4856300.html
jobs.51job.com/all/co4386298.html
jobs.51job.com/all/co3166875.html
jobs.51job.com/all/co4459484.html
jobs.51job.com/all/co2411465.html
jobs.51job.com/all/co2436993.html
jobs.51job.com/all/co3253065.html
jobs.51job.com/all/co2479203.html
jobs.51job.com/all/co3316000.html
jobs.51job.com/all/co3273213.html
jobs.51job.com/all/co3805420.html
