jobs.51job.com/all/co410503.html
jobs.51job.com/all/co3063404.html
jobs.51job.com/all/co3355430.html
jobs.51job.com/all/co3594391.html
jobs.51job.com/all/co4911063.html
jobs.51job.com/all/co2978604.html
jobs.51job.com/all/co3893570.html
jobs.51job.com/all/co3538432.html
jobs.51job.com/all/co1872278.html
jobs.51job.com/all/co2135248.html
jobs.51job.com/all/co2658044.html
jobs.51job.com/all/co3202978.html
jobs.51job.com/all/co3692537.html
jobs.51job.com/all/co4939864.html
jobs.51job.com/all/co2455648.html
jobs.51job.com/all/co2979310.html
jobs.51job.com/all/co210111.html
jobs.51job.com/all/co4860378.html
jobs.51job.com/all/co3924585.html
jobs.51job.com/all/co3277638.html
jobs.51job.com/all/co4493786.html
jobs.51job.com/all/co3644436.html
jobs.51job.com/all/co3929902.html
jobs.51job.com/all/co258998.html
jobs.51job.com/all/co4517739.html
jobs.51job.com/all/co2507622.html
jobs.51job.com/all/co4581979.html
jobs.51job.com/all/co4434831.html
jobs.51job.com/all/co2815804.html
jobs.51job.com/all/co3696746.html
jobs.51job.com/all/co2872354.html
jobs.51job.com/all/co4933134.html
jobs.51job.com/all/co2631608.html
jobs.51job.com/all/co2582747.html
jobs.51job.com/all/co3428886.html
jobs.51job.com/all/co2700276.html
jobs.51job.com/all/co3011208.html
jobs.51job.com/all/co3768172.html
jobs.51job.com/all/co3872014.html
jobs.51job.com/all/co4275421.html
jobs.51job.com/all/co3000835.html
jobs.51job.com/all/co4204936.html
jobs.51job.com/all/co2651800.html
jobs.51job.com/all/co2629530.html
jobs.51job.com/all/co2870787.html
jobs.51job.com/all/co2875463.html
jobs.51job.com/all/co3778481.html
jobs.51job.com/all/co1444258.html
jobs.51job.com/all/co2926894.html
jobs.51job.com/all/co2544578.html
jobs.51job.com/all/co1999402.html
jobs.51job.com/all/co2906756.html
jobs.51job.com/all/co4422489.html
jobs.51job.com/all/co3370725.html
jobs.51job.com/all/co569228.html
jobs.51job.com/all/co2536453.html
jobs.51job.com/all/co4349060.html
jobs.51job.com/all/co3633302.html
jobs.51job.com/all/co2069602.html
jobs.51job.com/all/co3921420.html
jobs.51job.com/all/co358586.html
jobs.51job.com/all/co3689500.html
jobs.51job.com/all/co2601152.html
jobs.51job.com/all/co2302420.html
jobs.51job.com/all/co2488347.html
jobs.51job.com/all/co3060629.html
jobs.51job.com/all/co109616.html
jobs.51job.com/all/co2571472.html
jobs.51job.com/all/co3487431.html
jobs.51job.com/all/co3438745.html
jobs.51job.com/all/co2212711.html
jobs.51job.com/all/co3473625.html
jobs.51job.com/all/co4033048.html
jobs.51job.com/all/co3595680.html
jobs.51job.com/all/co4187393.html
jobs.51job.com/all/co3715504.html
jobs.51job.com/all/co2913559.html
jobs.51job.com/all/co3270847.html
jobs.51job.com/all/co4404144.html
jobs.51job.com/all/co2921861.html
jobs.51job.com/all/co535193.html
jobs.51job.com/all/co4582422.html
jobs.51job.com/all/co4540887.html
jobs.51job.com/all/co3906459.html
jobs.51job.com/all/co3662206.html
jobs.51job.com/all/co960251.html
jobs.51job.com/all/co4520854.html
jobs.51job.com/all/co3140869.html
jobs.51job.com/all/co2596050.html
jobs.51job.com/all/co4301585.html
jobs.51job.com/all/co2015797.html
jobs.51job.com/all/co2709881.html
jobs.51job.com/all/co2962045.html
jobs.51job.com/all/co3311991.html
jobs.51job.com/all/co541301.html
jobs.51job.com/all/co2402883.html
jobs.51job.com/all/co614737.html
jobs.51job.com/all/co3187325.html
jobs.51job.com/all/co2883702.html
jobs.51job.com/all/co1164293.html
jobs.51job.com/all/co4011705.html
jobs.51job.com/all/co3108335.html
jobs.51job.com/all/co4853365.html
jobs.51job.com/all/co4835339.html
jobs.51job.com/all/co4697027.html
jobs.51job.com/all/co3947260.html
jobs.51job.com/all/co2933529.html
jobs.51job.com/all/co4731119.html
jobs.51job.com/all/co3001042.html
jobs.51job.com/all/co2161908.html
jobs.51job.com/all/co2516360.html
jobs.51job.com/all/co2677279.html
jobs.51job.com/all/co3455119.html
jobs.51job.com/all/co3818000.html
jobs.51job.com/all/co3731567.html
jobs.51job.com/all/co3649963.html
jobs.51job.com/all/co3115607.html
jobs.51job.com/all/co3894021.html
jobs.51job.com/all/co3770577.html
jobs.51job.com/all/co3455112.html
jobs.51job.com/all/co135210.html
jobs.51job.com/all/co4405080.html
jobs.51job.com/all/co2499266.html
jobs.51job.com/all/co2588400.html
jobs.51job.com/all/co2014283.html
jobs.51job.com/all/co3195621.html
jobs.51job.com/all/co3597846.html
jobs.51job.com/all/co2189254.html
jobs.51job.com/all/co4286908.html
jobs.51job.com/all/co3457947.html
jobs.51job.com/all/co3225459.html
jobs.51job.com/all/co3463369.html
jobs.51job.com/all/co4821053.html
jobs.51job.com/all/co2469948.html
jobs.51job.com/all/co3407637.html
jobs.51job.com/all/co2403779.html
ac.51job.com/phpAD/adtrace.php?ID=26463007&type=1
jobs.51job.com/all/co4252599.html
jobs.51job.com/all/co4843405.html
jobs.51job.com/all/co2202906.html
jobs.51job.com/all/co4020438.html
jobs.51job.com/all/co4006987.html
jobs.51job.com/all/co4358024.html
jobs.51job.com/all/co2828457.html
jobs.51job.com/all/co2668498.html
jobs.51job.com/all/co2850453.html
jobs.51job.com/all/co3982957.html
jobs.51job.com/all/co2695282.html
jobs.51job.com/all/co3228715.html
jobs.51job.com/all/co4494825.html
jobs.51job.com/all/co2939461.html
jobs.51job.com/all/co2782632.html
jobs.51job.com/all/co3553668.html
jobs.51job.com/all/co2894274.html
jobs.51job.com/all/co2657918.html
jobs.51job.com/all/co2772971.html
jobs.51job.com/all/co3195250.html
jobs.51job.com/all/co4871393.html
jobs.51job.com/all/co3584445.html
jobs.51job.com/all/co2641985.html
jobs.51job.com/all/co4085007.html
jobs.51job.com/all/co2871543.html
jobs.51job.com/all/co1101607.html
jobs.51job.com/all/co2141638.html
jobs.51job.com/all/co2608229.html
jobs.51job.com/all/co4854855.html
jobs.51job.com/all/co618214.html
jobs.51job.com/all/co2187415.html
jobs.51job.com/all/co3091857.html
jobs.51job.com/all/co3545804.html
jobs.51job.com/all/co2673431.html
jobs.51job.com/all/co2631780.html
jobs.51job.com/all/co4901396.html
jobs.51job.com/all/co4835737.html
jobs.51job.com/all/co2834749.html
jobs.51job.com/all/co4210339.html
jobs.51job.com/all/co4301812.html
jobs.51job.com/all/co2531079.html
jobs.51job.com/all/co3595133.html
jobs.51job.com/all/co253580.html
jobs.51job.com/all/co2984471.html
jobs.51job.com/all/co3076580.html
jobs.51job.com/all/co179932.html
jobs.51job.com/all/co3259439.html
jobs.51job.com/all/co4003950.html
jobs.51job.com/all/co4352023.html
jobs.51job.com/all/co2177756.html
jobs.51job.com/all/co4330902.html
jobs.51job.com/all/co4661294.html
jobs.51job.com/all/co2834183.html
jobs.51job.com/all/co2382812.html
jobs.51job.com/all/co227210.html
jobs.51job.com/all/co3253593.html
jobs.51job.com/all/co2264897.html
jobs.51job.com/all/co2061338.html
jobs.51job.com/all/co3809259.html
jobs.51job.com/all/co3189691.html
jobs.51job.com/all/co3902821.html
ldjt.51job.com/job_list2.php?company=2465299
jobs.51job.com/all/co302693.html
jobs.51job.com/all/co2922664.html
jobs.51job.com/all/co3583164.html
jobs.51job.com/all/co2961121.html
jobs.51job.com/all/co2556818.html
jobs.51job.com/all/co4026490.html
jobs.51job.com/all/co2748345.html
jobs.51job.com/all/co3738381.html
jobs.51job.com/all/co3875614.html
jobs.51job.com/all/co3631362.html
jobs.51job.com/all/co4461974.html
jobs.51job.com/all/co3200916.html
jobs.51job.com/all/co2224181.html
jobs.51job.com/all/co3096427.html
jobs.51job.com/all/co4712085.html
jobs.51job.com/all/co1146131.html
jobs.51job.com/all/co2697296.html
jobs.51job.com/all/co3394525.html
jobs.51job.com/all/co2493053.html
jobs.51job.com/all/co2698408.html
jobs.51job.com/all/co4139504.html
jobs.51job.com/all/co2620152.html
jobs.51job.com/all/co4003358.html
jobs.51job.com/all/co2827177.html
jobs.51job.com/all/co1611383.html
jobs.51job.com/all/co2607839.html
jobs.51job.com/all/co3106626.html
jobs.51job.com/all/co147201.html
jobs.51job.com/all/co377491.html
jobs.51job.com/all/co3294765.html
jobs.51job.com/all/co4144170.html
jobs.51job.com/all/co2547586.html
jobs.51job.com/all/co4703282.html
jobs.51job.com/all/co3880878.html
jobs.51job.com/all/co3045273.html
jobs.51job.com/all/co4787836.html
jobs.51job.com/all/co2308753.html
jobs.51job.com/all/co4064698.html
jobs.51job.com/all/co3805264.html
jobs.51job.com/all/co1980899.html
jobs.51job.com/all/co4124258.html
jobs.51job.com/all/co593278.html
jobs.51job.com/all/co3869095.html
jobs.51job.com/all/co2549192.html
jobs.51job.com/all/co1553938.html
jobs.51job.com/all/co4714208.html
jobs.51job.com/all/co2634558.html
jobs.51job.com/all/co2690260.html
jobs.51job.com/all/co3901901.html
jobs.51job.com/all/co2469086.html
jobs.51job.com/all/co4183147.html
jobs.51job.com/all/co3173891.html
jobs.51job.com/all/co3512893.html
jobs.51job.com/all/co4220175.html
jobs.51job.com/all/co4102625.html
jobs.51job.com/all/co4349989.html
jobs.51job.com/all/co3341529.html
jobs.51job.com/all/co2539204.html
jobs.51job.com/all/co4026011.html
jobs.51job.com/all/co496475.html
jobs.51job.com/all/co4037565.html
jobs.51job.com/all/co4299996.html
jobs.51job.com/all/co2973882.html
jobs.51job.com/all/co4935237.html
jobs.51job.com/all/co4565256.html
jobs.51job.com/all/co4934206.html
jobs.51job.com/all/co2767097.html
jobs.51job.com/all/co278560.html
jobs.51job.com/all/co3792232.html
jobs.51job.com/all/co4906963.html
jobs.51job.com/all/co4925351.html
jobs.51job.com/all/co3070871.html
jobs.51job.com/all/co3291028.html
jobs.51job.com/all/co4030277.html
jobs.51job.com/all/co2150138.html
jobs.51job.com/all/co3187052.html
jobs.51job.com/all/co2587940.html
jobs.51job.com/all/co2971980.html
jobs.51job.com/all/co3736956.html
jobs.51job.com/all/co3172100.html
jobs.51job.com/all/co2892895.html
jobs.51job.com/all/co3963434.html
jobs.51job.com/all/co3714628.html
jobs.51job.com/all/co4085314.html
jobs.51job.com/all/co4330126.html
jobs.51job.com/all/co172397.html
jobs.51job.com/all/co2206138.html
jobs.51job.com/all/co688484.html
jobs.51job.com/all/co4146868.html
jobs.51job.com/all/co167133.html
jobs.51job.com/all/co2649898.html
jobs.51job.com/all/co2999836.html
jobs.51job.com/all/co2063802.html
jobs.51job.com/all/co2938958.html
jobs.51job.com/all/co2432166.html
jobs.51job.com/all/co549047.html
jobs.51job.com/all/co4098930.html
jobs.51job.com/all/co4143224.html
jobs.51job.com/all/co2360300.html
jobs.51job.com/all/co3867466.html
jobs.51job.com/all/co2541211.html
jobs.51job.com/all/co2541211.html
jobs.51job.com/all/co796846.html
jobs.51job.com/all/co4136893.html
jobs.51job.com/all/co4915212.html
jobs.51job.com/all/co4832182.html
jobs.51job.com/all/co3146363.html
jobs.51job.com/all/co2622831.html
jobs.51job.com/all/co499822.html
jobs.51job.com/all/co4847254.html
jobs.51job.com/all/co4149238.html
jobs.51job.com/all/co2727132.html
jobs.51job.com/all/co2499757.html
jobs.51job.com/all/co4681589.html
jobs.51job.com/all/co2281909.html
jobs.51job.com/all/co2501566.html
jobs.51job.com/all/co3316067.html
jobs.51job.com/all/co2423385.html
jobs.51job.com/all/co4536376.html
jobs.51job.com/all/co2882950.html
jobs.51job.com/all/co3154640.html
jobs.51job.com/all/co283303.html
jobs.51job.com/all/co214871.html
jobs.51job.com/all/co4640445.html
jobs.51job.com/all/co2889195.html
jobs.51job.com/all/co3565193.html
jobs.51job.com/all/co2638420.html
jobs.51job.com/all/co2888429.html
jobs.51job.com/all/co3906179.html
jobs.51job.com/all/co1554007.html
jobs.51job.com/all/co461031.html
jobs.51job.com/all/co3601218.html
jobs.51job.com/all/co2849882.html
jobs.51job.com/all/co541218.html
jobs.51job.com/all/co2073504.html
jobs.51job.com/all/co3629200.html
jobs.51job.com/all/co3813390.html
jobs.51job.com/all/co4258085.html
jobs.51job.com/all/co2486039.html
jobs.51job.com/all/co3132194.html
jobs.51job.com/all/co3401223.html
jobs.51job.com/all/co4352152.html
jobs.51job.com/all/co278395.html
jobs.51job.com/all/co4380955.html
jobs.51job.com/all/co545896.html
jobs.51job.com/all/co1897773.html
jobs.51job.com/all/co1027242.html
jobs.51job.com/all/co1232652.html
jobs.51job.com/all/co4227264.html
jobs.51job.com/all/co3829587.html
jobs.51job.com/all/co3261499.html
jobs.51job.com/all/co3475603.html
jobs.51job.com/all/co3955260.html
jobs.51job.com/all/co2952874.html
jobs.51job.com/all/co2661970.html
jobs.51job.com/all/co2920456.html
jobs.51job.com/all/co4585966.html
jobs.51job.com/all/co147463.html
jobs.51job.com/all/co2112993.html
jobs.51job.com/all/co3916649.html
jobs.51job.com/all/co4837514.html
jobs.51job.com/all/co4075766.html
jobs.51job.com/all/co4384685.html
jobs.51job.com/all/co4189081.html
jobs.51job.com/all/co305984.html
jobs.51job.com/all/co3520727.html
jobs.51job.com/all/co4874771.html
jobs.51job.com/all/co4483400.html
jobs.51job.com/all/co4415069.html
jobs.51job.com/all/co2953132.html
jobs.51job.com/all/co3869025.html
jobs.51job.com/all/co168716.html
bre600708.51job.com
jobs.51job.com/all/co3624012.html
jobs.51job.com/all/co4527368.html
jobs.51job.com/all/co4741396.html
jobs.51job.com/all/co2208617.html
jobs.51job.com/all/co3070377.html
jobs.51job.com/all/co2931371.html
jobs.51job.com/all/co2011241.html
jobs.51job.com/all/co171084.html
jobs.51job.com/all/co4024243.html
jobs.51job.com/all/co3654789.html
jobs.51job.com/all/co4806496.html
jobs.51job.com/all/co4284016.html
jobs.51job.com/all/co4876852.html
jobs.51job.com/all/co2761442.html
jobs.51job.com/all/co2367742.html
jobs.51job.com/all/co2495036.html
jobs.51job.com/all/co2558094.html
jobs.51job.com/all/co2006068.html
jobs.51job.com/all/co4861431.html
jobs.51job.com/all/co3278427.html
jobs.51job.com/all/co2008945.html
jobs.51job.com/all/co3187708.html
jobs.51job.com/all/co2574469.html
jobs.51job.com/all/co3979096.html
jobs.51job.com/all/co2627186.html
jobs.51job.com/all/co4757331.html
jobs.51job.com/all/co2643778.html
jobs.51job.com/all/co2724414.html
jobs.51job.com/all/co2449974.html
jobs.51job.com/all/co903180.html
jobs.51job.com/all/co2672958.html
jobs.51job.com/all/co4746657.html
jobs.51job.com/all/co4876272.html
jobs.51job.com/all/co1406472.html
jobs.51job.com/all/co4226535.html
jobs.51job.com/all/co114866.html
jobs.51job.com/all/co4861506.html
jobs.51job.com/all/co4928357.html
jobs.51job.com/all/co2978519.html
jobs.51job.com/all/co2730409.html
jobs.51job.com/all/co4130861.html
jobs.51job.com/all/co2583791.html
jobs.51job.com/all/co2922115.html
jobs.51job.com/all/co4193633.html
jobs.51job.com/all/co2633665.html
jobs.51job.com/all/co2157956.html
jobs.51job.com/all/co3209691.html
jobs.51job.com/all/co4145324.html
jobs.51job.com/all/co3623698.html
jobs.51job.com/all/co2885455.html
jobs.51job.com/all/co4872548.html
jobs.51job.com/all/co2929831.html
jobs.51job.com/all/co3403397.html
jobs.51job.com/all/co3096515.html
jobs.51job.com/all/co2497145.html
jobs.51job.com/all/co4407912.html
jobs.51job.com/all/co2541073.html
jobs.51job.com/all/co486904.html
jobs.51job.com/all/co303363.html
jobs.51job.com/all/co4022350.html
jobs.51job.com/all/co2596675.html
jobs.51job.com/all/co4240017.html
jobs.51job.com/all/co989721.html
jobs.51job.com/all/co3706514.html
jobs.51job.com/all/co4535581.html
jobs.51job.com/all/co3489060.html
jobs.51job.com/all/co3977784.html
jobs.51job.com/all/co705137.html
jobs.51job.com/all/co3853131.html
jobs.51job.com/all/co3148252.html
jobs.51job.com/all/co3700974.html
jobs.51job.com/all/co2559552.html
jobs.51job.com/all/co3745717.html
jobs.51job.com/all/co3535444.html
jobs.51job.com/all/co4585341.html
jobs.51job.com/all/co4667986.html
jobs.51job.com/all/co3142775.html
jobs.51job.com/all/co4683810.html
jobs.51job.com/all/co3417389.html
jobs.51job.com/all/co3960624.html
jobs.51job.com/all/co228161.html
jobs.51job.com/all/co3622777.html
jobs.51job.com/all/co3432847.html
jobs.51job.com/all/co3338042.html
jobs.51job.com/all/co3498266.html
jobs.51job.com/all/co203773.html
jobs.51job.com/all/co2670903.html
jobs.51job.com/all/co2314890.html
jobs.51job.com/all/co4179935.html
jobs.51job.com/all/co4096858.html
jobs.51job.com/all/co2464816.html
jobs.51job.com/all/co2181601.html
jobs.51job.com/all/co2008199.html
jobs.51job.com/all/co3536385.html
jobs.51job.com/all/co786758.html
jobs.51job.com/all/co4807759.html
jobs.51job.com/all/co2019703.html
jobs.51job.com/all/co2148111.html
jobs.51job.com/all/co3825698.html
jobs.51job.com/all/co148066.html
jobs.51job.com/all/co244385.html
jobs.51job.com/all/co2554888.html
jobs.51job.com/all/co4261075.html
jobs.51job.com/all/co3562144.html
jobs.51job.com/all/co4538700.html
jobs.51job.com/all/co2469892.html
jobs.51job.com/all/co3042582.html
jobs.51job.com/all/co2014281.html
jobs.51job.com/all/co2193411.html
jobs.51job.com/all/co3966985.html
jobs.51job.com/all/co3673320.html
jobs.51job.com/all/co307823.html
jobs.51job.com/all/co2528599.html
jobs.51job.com/all/co4193453.html
jobs.51job.com/all/co144897.html
jobs.51job.com/all/co2794643.html
jobs.51job.com/all/co2912001.html
jobs.51job.com/all/co2683858.html
jobs.51job.com/all/co2601942.html
jobs.51job.com/all/co4493031.html
jobs.51job.com/all/co3894894.html
jobs.51job.com/all/co4799805.html
jobs.51job.com/all/co4624941.html
jobs.51job.com/all/co3566957.html
jobs.51job.com/all/co3098937.html
jobs.51job.com/all/co639755.html
jobs.51job.com/all/co4323369.html
jobs.51job.com/all/co4775377.html
jobs.51job.com/all/co4393398.html
jobs.51job.com/all/co4263193.html
jobs.51job.com/all/co2292110.html
jobs.51job.com/all/co4851417.html
jobs.51job.com/all/co4609572.html
jobs.51job.com/all/co4780176.html
jobs.51job.com/all/co4182185.html
jobs.51job.com/all/co3125241.html
jobs.51job.com/all/co3182496.html
jobs.51job.com/all/co4348518.html
jobs.51job.com/all/co4348226.html
jobs.51job.com/all/co4869137.html
jobs.51job.com/all/co3133527.html
jobs.51job.com/all/co2638282.html
jobs.51job.com/all/co4866518.html
jobs.51job.com/all/co233377.html
jobs.51job.com/all/co2709724.html
jobs.51job.com/all/co2279808.html
jobs.51job.com/all/co2579585.html
jobs.51job.com/all/co2582409.html
jobs.51job.com/all/co275594.html
jobs.51job.com/all/co4810046.html
jobs.51job.com/all/co169914.html
jobs.51job.com/all/co2941564.html
jobs.51job.com/all/co154201.html
jobs.51job.com/all/co3248001.html
jobs.51job.com/all/co3023940.html
jobs.51job.com/all/co3705583.html
jobs.51job.com/all/co2430727.html
jobs.51job.com/all/co3434914.html
jobs.51job.com/all/co2673937.html
jobs.51job.com/all/co2953463.html
jobs.51job.com/all/co4840304.html
jobs.51job.com/all/co2125145.html
jobs.51job.com/all/co2122100.html
jobs.51job.com/all/co4703347.html
jobs.51job.com/all/co2749331.html
jobs.51job.com/all/co3717255.html
jobs.51job.com/all/co1298077.html
jobs.51job.com/all/co3462632.html
jobs.51job.com/all/co3845412.html
jobs.51job.com/all/co3863113.html
jobs.51job.com/all/co4516761.html
jobs.51job.com/all/co3711929.html
jobs.51job.com/all/co2307946.html
jobs.51job.com/all/co3393965.html
jobs.51job.com/all/co3212610.html
jobs.51job.com/all/co1842776.html
jobs.51job.com/all/co4404846.html
jobs.51job.com/all/co2746700.html
jobs.51job.com/all/co3097649.html
jobs.51job.com/all/co253648.html
jobs.51job.com/all/co3049183.html
jobs.51job.com/all/co3073705.html
jobs.51job.com/all/co3661819.html
jobs.51job.com/all/co2243724.html
jobs.51job.com/all/co3385830.html
jobs.51job.com/all/co3308537.html
jobs.51job.com/all/co279137.html
jobs.51job.com/all/co2105219.html
jobs.51job.com/all/co2419720.html
jobs.51job.com/all/co322223.html
jobs.51job.com/all/co4678189.html
jobs.51job.com/all/co4828928.html
jobs.51job.com/all/co4186900.html
jobs.51job.com/all/co3229205.html
jobs.51job.com/all/co2337720.html
jobs.51job.com/all/co2549590.html
jobs.51job.com/all/co3910156.html
jobs.51job.com/all/co2573368.html
jobs.51job.com/all/co2430203.html
jobs.51job.com/all/co2936327.html
jobs.51job.com/all/co3781621.html
jobs.51job.com/all/co2350071.html
jobs.51job.com/all/co3746931.html
jobs.51job.com/all/co3789674.html
jobs.51job.com/all/co3123327.html
jobs.51job.com/all/co2034972.html
jobs.51job.com/all/co4130308.html
jobs.51job.com/all/co3807216.html
jobs.51job.com/all/co3618482.html
jobs.51job.com/all/co2752968.html
jobs.51job.com/all/co4244623.html
jobs.51job.com/all/co4628772.html
jobs.51job.com/all/co3163990.html
jobs.51job.com/all/co3571815.html
jobs.51job.com/all/co3688195.html
jobs.51job.com/all/co4370810.html
jobs.51job.com/all/co3455122.html
jobs.51job.com/all/co297254.html
jobs.51job.com/all/co1260504.html
jobs.51job.com/all/co2531086.html
jobs.51job.com/all/co2495992.html
jobs.51job.com/all/co2796300.html
jobs.51job.com/all/co4733303.html
jobs.51job.com/all/co2196255.html
jobs.51job.com/all/co3567320.html
jobs.51job.com/all/co3133840.html
jobs.51job.com/all/co2661989.html
jobs.51job.com/all/co6034.html
jobs.51job.com/all/co4683313.html
jobs.51job.com/all/co421662.html
jobs.51job.com/all/co4150286.html
jobs.51job.com/all/co4423764.html
jobs.51job.com/all/co3719796.html
jobs.51job.com/all/co3625638.html
jobs.51job.com/all/co4766878.html
jobs.51job.com/all/co3366563.html
jobs.51job.com/all/co4025190.html
jobs.51job.com/all/co4747399.html
jobs.51job.com/all/co4429950.html
jobs.51job.com/all/co2835005.html
jobs.51job.com/all/co4889951.html
jobs.51job.com/all/co3924567.html
ldjt.51job.com/job_list2.php?company=2465150
jobs.51job.com/all/co4123901.html
jobs.51job.com/all/co2986908.html
jobs.51job.com/all/co2917229.html
jobs.51job.com/all/co3827870.html
jobs.51job.com/all/co3166089.html
jobs.51job.com/all/co4430233.html
jobs.51job.com/all/co4927038.html
jobs.51job.com/all/co3659559.html
jobs.51job.com/all/co3659527.html
jobs.51job.com/all/co3659535.html
jobs.51job.com/all/co3659531.html
jobs.51job.com/all/co4268869.html
jobs.51job.com/all/co3018520.html
jobs.51job.com/all/co3175092.html
jobs.51job.com/all/co2355911.html
jobs.51job.com/all/co2648574.html
jobs.51job.com/all/co1992323.html
jobs.51job.com/all/co134714.html
jobs.51job.com/all/co3628041.html
jobs.51job.com/all/co1364292.html
jobs.51job.com/all/co477750.html
jobs.51job.com/all/co4149088.html
jobs.51job.com/all/co3283231.html
jobs.51job.com/all/co4870639.html
jobs.51job.com/all/co2226837.html
jobs.51job.com/all/co4561746.html
jobs.51job.com/all/co3966522.html
jobs.51job.com/all/co4869660.html
jobs.51job.com/all/co2585001.html
jobs.51job.com/all/co3536594.html
jobs.51job.com/all/co4742455.html
jobs.51job.com/all/co2980956.html
jobs.51job.com/all/co4370747.html
jobs.51job.com/all/co3543887.html
jobs.51job.com/all/co3716531.html
jobs.51job.com/all/co3560950.html
jobs.51job.com/all/co2365227.html
jobs.51job.com/all/co4194457.html
jobs.51job.com/all/co3533696.html
jobs.51job.com/all/co4936191.html
jobs.51job.com/all/co4779764.html
jobs.51job.com/all/co3342142.html
jobs.51job.com/all/co3865139.html
jobs.51job.com/all/co3252847.html
jobs.51job.com/all/co964818.html
jobs.51job.com/all/co1987232.html
jobs.51job.com/all/co4039061.html
jobs.51job.com/all/co2852979.html
jobs.51job.com/all/co3318355.html
jobs.51job.com/all/co3052924.html
jobs.51job.com/all/co3753407.html
jobs.51job.com/all/co2628778.html
jobs.51job.com/all/co2977945.html
jobs.51job.com/all/co2809616.html
jobs.51job.com/all/co3243769.html
jobs.51job.com/all/co308336.html
jobs.51job.com/all/co2245646.html
jobs.51job.com/all/co3163391.html
jobs.51job.com/all/co1992552.html
jobs.51job.com/all/co3842411.html
jobs.51job.com/all/co2777292.html
jobs.51job.com/all/co3203047.html
jobs.51job.com/all/co3252788.html
jobs.51job.com/all/co2224239.html
jobs.51job.com/all/co2847824.html
jobs.51job.com/all/co3534516.html
jobs.51job.com/all/co4529467.html
jobs.51job.com/all/co4019990.html
jobs.51job.com/all/co2390753.html
jobs.51job.com/all/co4427480.html
jobs.51job.com/all/co517769.html
jobs.51job.com/all/co2351227.html
jobs.51job.com/all/co3616685.html
jobs.51job.com/all/co3318840.html
jobs.51job.com/all/co3518375.html
jobs.51job.com/all/co4554460.html
jobs.51job.com/all/co3090811.html
jobs.51job.com/all/co2398001.html
jobs.51job.com/all/co3341809.html
jobs.51job.com/all/co2865672.html
jobs.51job.com/all/co2879124.html
jobs.51job.com/all/co3472563.html
jobs.51job.com/all/co3740544.html
jobs.51job.com/all/co3808456.html
jobs.51job.com/all/co3893358.html
jobs.51job.com/all/co3169648.html
jobs.51job.com/all/co4703705.html
jobs.51job.com/all/co4352554.html
jobs.51job.com/all/co216063.html
jobs.51job.com/all/co3275762.html
jobs.51job.com/all/co4578099.html
jobs.51job.com/all/co2333077.html
jobs.51job.com/all/co2031837.html
jobs.51job.com/all/co283656.html
jobs.51job.com/all/co2774673.html
jobs.51job.com/all/co2955095.html
jobs.51job.com/all/co3132279.html
jobs.51job.com/all/co3765103.html
jobs.51job.com/all/co2540211.html
jobs.51job.com/all/co2298145.html
jobs.51job.com/all/co4930255.html
jobs.51job.com/all/co4781913.html
jobs.51job.com/all/co4535128.html
jobs.51job.com/all/co4712740.html
jobs.51job.com/all/co4682956.html
jobs.51job.com/all/co4030523.html
jobs.51job.com/all/co2467445.html
jobs.51job.com/all/co4006149.html
jobs.51job.com/all/co4142287.html
jobs.51job.com/all/co2457909.html
jobs.51job.com/all/co2964158.html
jobs.51job.com/all/co4851674.html
jobs.51job.com/all/co297580.html
jobs.51job.com/all/co3565680.html
jobs.51job.com/all/co1331863.html
jobs.51job.com/all/co3673466.html
jobs.51job.com/all/co3056783.html
jobs.51job.com/all/co4173498.html
jobs.51job.com/all/co2128377.html
jobs.51job.com/all/co2755698.html
jobs.51job.com/all/co4404004.html
jobs.51job.com/all/co2273152.html
jobs.51job.com/all/co4351494.html
jobs.51job.com/all/co3744374.html
jobs.51job.com/all/co2298140.html
jobs.51job.com/all/co4820512.html
jobs.51job.com/all/co4869343.html
jobs.51job.com/all/co3180901.html
jobs.51job.com/all/co2996138.html
jobs.51job.com/all/co4326876.html
jobs.51job.com/all/co4924596.html
jobs.51job.com/all/co3361689.html
jobs.51job.com/all/co4057165.html
jobs.51job.com/all/co2569061.html
jobs.51job.com/all/co2582153.html
jobs.51job.com/all/co4448265.html
jobs.51job.com/all/co267328.html
jobs.51job.com/all/co3292309.html
jobs.51job.com/all/co3297081.html
jobs.51job.com/all/co2265697.html
jobs.51job.com/all/co3484341.html
jobs.51job.com/all/co1297926.html
jobs.51job.com/all/co2829951.html
jobs.51job.com/all/co3615593.html
jobs.51job.com/all/co4817903.html
jobs.51job.com/all/co2760111.html
jobs.51job.com/all/co4632484.html
jobs.51job.com/all/co3833785.html
jobs.51job.com/all/co3950306.html
jobs.51job.com/all/co3594414.html
jobs.51job.com/all/co548848.html
jobs.51job.com/all/co2912387.html
jobs.51job.com/all/co1477145.html
jobs.51job.com/all/co4268890.html
jobs.51job.com/all/co2909735.html
jobs.51job.com/all/co3967852.html
jobs.51job.com/all/co2833069.html
jobs.51job.com/all/co3265098.html
jobs.51job.com/all/co3195171.html
jobs.51job.com/all/co3860663.html
jobs.51job.com/all/co3308438.html
jobs.51job.com/all/co4450754.html
jobs.51job.com/all/co2836625.html
jobs.51job.com/all/co2363313.html
jobs.51job.com/all/co4039011.html
jobs.51job.com/all/co2386363.html
jobs.51job.com/all/co2645230.html
jobs.51job.com/all/co3728293.html
jobs.51job.com/all/co4338835.html
jobs.51job.com/all/co4162930.html
jobs.51job.com/all/co3686056.html
jobs.51job.com/all/co2265737.html
jobs.51job.com/all/co4209729.html
jobs.51job.com/all/co3159319.html
jobs.51job.com/all/co2264269.html
jobs.51job.com/all/co2866319.html
jobs.51job.com/all/co4543188.html
jobs.51job.com/all/co4809911.html
jobs.51job.com/all/co4061877.html
jobs.51job.com/all/co2518762.html
jobs.51job.com/all/co2054558.html
jobs.51job.com/all/co2380598.html
jobs.51job.com/all/co4764796.html
jobs.51job.com/all/co2686637.html
jobs.51job.com/all/co3400370.html
jobs.51job.com/all/co2624890.html
jobs.51job.com/all/co4326946.html
jobs.51job.com/all/co2603577.html
jobs.51job.com/all/co3400635.html
jobs.51job.com/all/co2888437.html
jobs.51job.com/all/co4203750.html
jobs.51job.com/all/co3557478.html
jobs.51job.com/all/co221969.html
jobs.51job.com/all/co2897040.html
jobs.51job.com/all/co4018342.html
jobs.51job.com/all/co2583273.html
jobs.51job.com/all/co2963302.html
jobs.51job.com/all/co3243070.html
jobs.51job.com/all/co4929736.html
jobs.51job.com/all/co2971034.html
jobs.51job.com/all/co4282478.html
jobs.51job.com/all/co3467582.html
jobs.51job.com/all/co2585100.html
jobs.51job.com/all/co4784427.html
jobs.51job.com/all/co4271183.html
jobs.51job.com/all/co4789160.html
jobs.51job.com/all/co549249.html
jobs.51job.com/all/co4008376.html
jobs.51job.com/all/co4515386.html
jobs.51job.com/all/co4058255.html
jobs.51job.com/all/co3177923.html
jobs.51job.com/all/co3104758.html
jobs.51job.com/all/co4446533.html
jobs.51job.com/all/co3646608.html
jobs.51job.com/all/co4312464.html
jobs.51job.com/all/co3059625.html
jobs.51job.com/all/co3257550.html
jobs.51job.com/all/co4618958.html
jobs.51job.com/all/co1224397.html
jobs.51job.com/all/co3937980.html
jobs.51job.com/all/co2205015.html
jobs.51job.com/all/co3141716.html
jobs.51job.com/all/co3165974.html
jobs.51job.com/all/co2848191.html
jobs.51job.com/all/co3231718.html
jobs.51job.com/all/co3960618.html
jobs.51job.com/all/co534244.html
jobs.51job.com/all/co4741913.html
jobs.51job.com/all/co2225467.html
jobs.51job.com/all/co4341016.html
jobs.51job.com/all/co4930434.html
jobs.51job.com/all/co2386822.html
jobs.51job.com/all/co2588057.html
jobs.51job.com/all/co3780989.html
jobs.51job.com/all/co3199664.html
jobs.51job.com/all/co4441042.html
jobs.51job.com/all/co2191801.html
jobs.51job.com/all/co3882893.html
jobs.51job.com/all/co2545703.html
jobs.51job.com/all/co2450080.html
jobs.51job.com/all/co4095509.html
jobs.51job.com/all/co4104102.html
jobs.51job.com/all/co2769378.html
jobs.51job.com/all/co2653830.html
jobs.51job.com/all/co3537608.html
jobs.51job.com/all/co3503197.html
jobs.51job.com/all/co3445348.html
jobs.51job.com/all/co3569349.html
jobs.51job.com/all/co2740347.html
jobs.51job.com/all/co3030446.html
jobs.51job.com/all/co3834071.html
jobs.51job.com/all/co2354714.html
jobs.51job.com/all/co4865418.html
jobs.51job.com/all/co3903104.html
jobs.51job.com/all/co973937.html
jobs.51job.com/all/co3853270.html
jobs.51job.com/all/co2939591.html
jobs.51job.com/all/co4704182.html
jobs.51job.com/all/co4106293.html
jobs.51job.com/all/co3999141.html
jobs.51job.com/all/co3560814.html
jobs.51job.com/all/co2926578.html
jobs.51job.com/all/co2571877.html
jobs.51job.com/all/co3690068.html
jobs.51job.com/all/co3012038.html
jobs.51job.com/all/co4131771.html
jobs.51job.com/all/co4853112.html
jobs.51job.com/all/co3628622.html
jobs.51job.com/all/co3834445.html
jobs.51job.com/all/co4902126.html
jobs.51job.com/all/co3251324.html
jobs.51job.com/all/co2432626.html
jobs.51job.com/all/co2114629.html
jobs.51job.com/all/co2065785.html
jobs.51job.com/all/co4602527.html
jobs.51job.com/all/co4874738.html
jobs.51job.com/all/co2657506.html
jobs.51job.com/all/co1554124.html
jobs.51job.com/all/co3757447.html
jobs.51job.com/all/co4218675.html
jobs.51job.com/all/co3110207.html
jobs.51job.com/all/co3888172.html
jobs.51job.com/all/co4527101.html
jobs.51job.com/all/co4523897.html
jobs.51job.com/all/co2025238.html
jobs.51job.com/all/co2187488.html
jobs.51job.com/all/co4395160.html
jobs.51job.com/all/co4407338.html
jobs.51job.com/all/co391066.html
jobs.51job.com/all/co4370557.html
jobs.51job.com/all/co4639806.html
jobs.51job.com/all/co4059125.html
jobs.51job.com/all/co2762658.html
jobs.51job.com/all/co2363251.html
jobs.51job.com/all/co4878419.html
jobs.51job.com/all/co3196206.html
jobs.51job.com/all/co130442.html
jobs.51job.com/all/co3335517.html
jobs.51job.com/all/co3096161.html
jobs.51job.com/all/co173017.html
jobs.51job.com/all/co4781085.html
jobs.51job.com/all/co314407.html
jobs.51job.com/all/co3175817.html
jobs.51job.com/all/co2774174.html
jobs.51job.com/all/co3846825.html
jobs.51job.com/all/co4481947.html
jobs.51job.com/all/co3777441.html
jobs.51job.com/all/co3743927.html
jobs.51job.com/all/co4198201.html
jobs.51job.com/all/co677887.html
jobs.51job.com/all/co708252.html
jobs.51job.com/all/co2310189.html
jobs.51job.com/all/co2772119.html
jobs.51job.com/all/co3227813.html
jobs.51job.com/all/co3030278.html
jobs.51job.com/all/co2920341.html
jobs.51job.com/all/co2106010.html
jobs.51job.com/all/co3123713.html
jobs.51job.com/all/co2542858.html
jobs.51job.com/all/co3152523.html
jobs.51job.com/all/co3605847.html
jobs.51job.com/all/co3591111.html
jobs.51job.com/all/co2084407.html
jobs.51job.com/all/co2495710.html
jobs.51job.com/all/co2941277.html
jobs.51job.com/all/co3738013.html
jobs.51job.com/all/co1692879.html
jobs.51job.com/all/co4271575.html
jobs.51job.com/all/co4261602.html
jobs.51job.com/all/co4871180.html
jobs.51job.com/all/co3059729.html
jobs.51job.com/all/co2850204.html
jobs.51job.com/all/co1996562.html
jobs.51job.com/all/co2602886.html
jobs.51job.com/all/co2291137.html
jobs.51job.com/all/co3482021.html
jobs.51job.com/all/co3765083.html
jobs.51job.com/all/co3133669.html
jobs.51job.com/all/co4266144.html
jobs.51job.com/all/co3197853.html
jobs.51job.com/all/co4449851.html
jobs.51job.com/all/co4598466.html
jobs.51job.com/all/co4313389.html
jobs.51job.com/all/co4213867.html
jobs.51job.com/all/co249481.html
jobs.51job.com/all/co3242097.html
jobs.51job.com/all/co3703997.html
jobs.51job.com/all/co3029255.html
jobs.51job.com/all/co4793798.html
jobs.51job.com/all/co3033621.html
jobs.51job.com/all/co1134199.html
jobs.51job.com/all/co173940.html
jobs.51job.com/all/co1398295.html
jobs.51job.com/all/co4847600.html
jobs.51job.com/all/co4234044.html
jobs.51job.com/all/co3699605.html
jobs.51job.com/all/co3516222.html
jobs.51job.com/all/co3575324.html
jobs.51job.com/all/co4847787.html
jobs.51job.com/all/co3595844.html
jobs.51job.com/all/co2615078.html
jobs.51job.com/all/co3264177.html
jobs.51job.com/all/co4825986.html
jobs.51job.com/all/co4144324.html
jobs.51job.com/all/co3357432.html
jobs.51job.com/all/co2075527.html
jobs.51job.com/all/co571317.html
jobs.51job.com/all/co3326877.html
jobs.51job.com/all/co3926198.html
jobs.51job.com/all/co238220.html
jobs.51job.com/all/co4229581.html
jobs.51job.com/all/co140880.html
jobs.51job.com/all/co2354227.html
jobs.51job.com/all/co4873389.html
jobs.51job.com/all/co4773772.html
jobs.51job.com/all/co4413235.html
jobs.51job.com/all/co139212.html
jobs.51job.com/all/co4795630.html
jobs.51job.com/all/co3592509.html
jobs.51job.com/all/co842046.html
jobs.51job.com/all/co3246623.html
jobs.51job.com/all/co2547377.html
jobs.51job.com/all/co773825.html
jobs.51job.com/all/co156320.html
jobs.51job.com/all/co134089.html
jobs.51job.com/all/co2212831.html
jobs.51job.com/all/co773786.html
jobs.51job.com/all/co607700.html
jobs.51job.com/all/co2391107.html
jobs.51job.com/all/co410503.html
jobs.51job.com/all/co3063404.html
jobs.51job.com/all/co3063404.html
jobs.51job.com/all/co3063404.html
jobs.51job.com/all/co3063404.html
jobs.51job.com/all/co3063404.html
jobs.51job.com/all/co3063404.html
jobs.51job.com/all/co3893570.html
jobs.51job.com/all/co3924585.html
jobs.51job.com/all/co4493786.html
jobs.51job.com/all/co4493786.html
jobs.51job.com/all/co4493786.html
jobs.51job.com/all/co3644436.html
jobs.51job.com/all/co3644436.html
jobs.51job.com/all/co258998.html
jobs.51job.com/all/co258998.html
jobs.51job.com/all/co258998.html
jobs.51job.com/all/co258998.html
jobs.51job.com/all/co258998.html
jobs.51job.com/all/co258998.html
jobs.51job.com/all/co258998.html
jobs.51job.com/all/co4517739.html
jobs.51job.com/all/co4517739.html
jobs.51job.com/all/co2507622.html
jobs.51job.com/all/co2507622.html
jobs.51job.com/all/co2507622.html
jobs.51job.com/all/co4581979.html
jobs.51job.com/all/co4581979.html
jobs.51job.com/all/co4581979.html
jobs.51job.com/all/co4434831.html
jobs.51job.com/all/co2815804.html
jobs.51job.com/all/co2815804.html
jobs.51job.com/all/co2872354.html
jobs.51job.com/all/co3011208.html
jobs.51job.com/all/co3011208.html
jobs.51job.com/all/co410503.html
jobs.51job.com/all/co2651800.html
jobs.51job.com/all/co2651800.html
jobs.51job.com/all/co2651800.html
jobs.51job.com/all/co2651800.html
jobs.51job.com/all/co2629530.html
jobs.51job.com/all/co2629530.html
jobs.51job.com/all/co2875463.html
jobs.51job.com/all/co3778481.html
jobs.51job.com/all/co3893570.html
jobs.51job.com/all/co4422489.html
jobs.51job.com/all/co4422489.html
jobs.51job.com/all/co4422489.html
jobs.51job.com/all/co569228.html
jobs.51job.com/all/co3633302.html
jobs.51job.com/all/co3060629.html
jobs.51job.com/all/co109616.html
jobs.51job.com/all/co109616.html
jobs.51job.com/all/co109616.html
jobs.51job.com/all/co109616.html
jobs.51job.com/all/co3487431.html
jobs.51job.com/all/co3487431.html
jobs.51job.com/all/co2212711.html
jobs.51job.com/all/co2212711.html
jobs.51job.com/all/co2212711.html
jobs.51job.com/all/co2212711.html
jobs.51job.com/all/co2212711.html
jobs.51job.com/all/co2212711.html
jobs.51job.com/all/co2212711.html
jobs.51job.com/all/co2212711.html
jobs.51job.com/all/co3473625.html
jobs.51job.com/all/co3473625.html
jobs.51job.com/all/co3473625.html
jobs.51job.com/all/co3473625.html
jobs.51job.com/all/co3473625.html
jobs.51job.com/all/co3715504.html
jobs.51job.com/all/co3715504.html
jobs.51job.com/all/co3715504.html
jobs.51job.com/all/co3715504.html
jobs.51job.com/all/co3715504.html
jobs.51job.com/all/co3715504.html
jobs.51job.com/all/co3270847.html
jobs.51job.com/all/co3270847.html
jobs.51job.com/all/co3270847.html
jobs.51job.com/all/co3270847.html
jobs.51job.com/all/co3270847.html
jobs.51job.com/all/co4404144.html
jobs.51job.com/all/co2921861.html
jobs.51job.com/all/co4582422.html
jobs.51job.com/all/co4582422.html
jobs.51job.com/all/co3906459.html
jobs.51job.com/all/co3906459.html
jobs.51job.com/all/co3906459.html
jobs.51job.com/all/co4520854.html
jobs.51job.com/all/co2709881.html
jobs.51job.com/all/co614737.html
jobs.51job.com/all/co614737.html
jobs.51job.com/all/co614737.html
jobs.51job.com/all/co2883702.html
jobs.51job.com/all/co4301585.html
jobs.51job.com/all/co3594391.html
jobs.51job.com/all/co3594391.html
jobs.51job.com/all/co3594391.html
jobs.51job.com/all/co4011705.html
jobs.51job.com/all/co3893570.html
jobs.51job.com/all/co4835339.html
jobs.51job.com/all/co4835339.html
jobs.51job.com/all/co4697027.html
jobs.51job.com/all/co4582422.html
jobs.51job.com/all/co4582422.html
jobs.51job.com/all/co4582422.html
jobs.51job.com/all/co4731119.html
jobs.51job.com/all/co4911063.html
jobs.51job.com/all/co3001042.html
jobs.51job.com/all/co3001042.html
jobs.51job.com/all/co2933529.html
jobs.51job.com/all/co2933529.html
jobs.51job.com/all/co2933529.html
jobs.51job.com/all/co2933529.html
jobs.51job.com/all/co2933529.html
jobs.51job.com/all/co2677279.html
jobs.51job.com/all/co2677279.html
jobs.51job.com/all/co2677279.html
jobs.51job.com/all/co3818000.html
jobs.51job.com/all/co3894021.html
jobs.51job.com/all/co3455112.html
jobs.51job.com/all/co135210.html
jobs.51job.com/all/co135210.html
jobs.51job.com/all/co2189254.html
jobs.51job.com/all/co4286908.html
jobs.51job.com/all/co3457947.html
jobs.51job.com/all/co1999402.html
jobs.51job.com/all/co2588400.html
jobs.51job.com/all/co4821053.html
jobs.51job.com/all/co2469948.html
jobs.51job.com/all/co2469948.html
jobs.51job.com/all/co4821053.html
jobs.51job.com/all/co135210.html
jobs.51job.com/all/co3778481.html
jobs.51job.com/all/co3778481.html
jobs.51job.com/all/co3270847.html
jobs.51job.com/all/co4006987.html
jobs.51job.com/all/co4358024.html
jobs.51job.com/all/co4358024.html
jobs.51job.com/all/co2828457.html
jobs.51job.com/all/co2828457.html
jobs.51job.com/all/co2828457.html
jobs.51job.com/all/co2668498.html
jobs.51job.com/all/co3982957.html
jobs.51job.com/all/co3982957.html
jobs.51job.com/all/co3982957.html
jobs.51job.com/all/co3982957.html
jobs.51job.com/all/co3982957.html
jobs.51job.com/all/co3982957.html
jobs.51job.com/all/co2828457.html
jobs.51job.com/all/co2828457.html
jobs.51job.com/all/co2828457.html
jobs.51job.com/all/co2828457.html
jobs.51job.com/all/co2828457.html
jobs.51job.com/all/co2828457.html
jobs.51job.com/all/co2695282.html
jobs.51job.com/all/co2695282.html
jobs.51job.com/all/co2695282.html
jobs.51job.com/all/co3228715.html
jobs.51job.com/all/co3228715.html
jobs.51job.com/all/co3228715.html
jobs.51job.com/all/co3228715.html
jobs.51job.com/all/co3228715.html
jobs.51job.com/all/co3228715.html
jobs.51job.com/all/co3228715.html
jobs.51job.com/all/co3228715.html
jobs.51job.com/all/co3228715.html
jobs.51job.com/all/co3228715.html
jobs.51job.com/all/co3228715.html
jobs.51job.com/all/co3228715.html
jobs.51job.com/all/co3228715.html
jobs.51job.com/all/co3228715.html
jobs.51job.com/all/co3228715.html
jobs.51job.com/all/co3228715.html
jobs.51job.com/all/co2631608.html
jobs.51job.com/all/co2631608.html
jobs.51job.com/all/co2631608.html
jobs.51job.com/all/co2631608.html
jobs.51job.com/all/co2631608.html
jobs.51job.com/all/co2631608.html
jobs.51job.com/all/co2631608.html
jobs.51job.com/all/co2631608.html
jobs.51job.com/all/co3715504.html
jobs.51job.com/all/co3715504.html
jobs.51job.com/all/co3715504.html
jobs.51job.com/all/co3715504.html
jobs.51job.com/all/co3715504.html
jobs.51job.com/all/co3715504.html
jobs.51job.com/all/co3715504.html
jobs.51job.com/all/co3715504.html
jobs.51job.com/all/co3715504.html
jobs.51job.com/all/co3715504.html
jobs.51job.com/all/co3715504.html
jobs.51job.com/all/co3715504.html
jobs.51job.com/all/co3715504.html
jobs.51job.com/all/co2850453.html
jobs.51job.com/all/co3906459.html
jobs.51job.com/all/co3906459.html
jobs.51job.com/all/co3906459.html
jobs.51job.com/all/co2782632.html
jobs.51job.com/all/co2782632.html
jobs.51job.com/all/co2939461.html
jobs.51job.com/all/co2782632.html
jobs.51job.com/all/co2939461.html
jobs.51job.com/all/co3594391.html
jobs.51job.com/all/co2894274.html
jobs.51job.com/all/co2894274.html
jobs.51job.com/all/co2894274.html
jobs.51job.com/all/co2894274.html
jobs.51job.com/all/co2894274.html
jobs.51job.com/all/co2894274.html
jobs.51job.com/all/co2894274.html
jobs.51job.com/all/co2894274.html
jobs.51job.com/all/co2657918.html
jobs.51job.com/all/co2657918.html
jobs.51job.com/all/co2657918.html
jobs.51job.com/all/co2939461.html
jobs.51job.com/all/co3553668.html
jobs.51job.com/all/co3553668.html
jobs.51job.com/all/co3553668.html
jobs.51job.com/all/co3553668.html
jobs.51job.com/all/co3553668.html
jobs.51job.com/all/co3553668.html
jobs.51job.com/all/co3553668.html
jobs.51job.com/all/co2772971.html
jobs.51job.com/all/co2772971.html
jobs.51job.com/all/co2772971.html
jobs.51job.com/all/co2772971.html
jobs.51job.com/all/co2850453.html
jobs.51job.com/all/co2782632.html
jobs.51job.com/all/co2939461.html
jobs.51job.com/all/co2939461.html
jobs.51job.com/all/co2939461.html
jobs.51job.com/all/co2939461.html
jobs.51job.com/all/co2939461.html
jobs.51job.com/all/co2939461.html
jobs.51job.com/all/co2939461.html
jobs.51job.com/all/co2939461.html
jobs.51job.com/all/co2657918.html
jobs.51job.com/all/co2939461.html
jobs.51job.com/all/co2939461.html
jobs.51job.com/all/co2939461.html
jobs.51job.com/all/co2939461.html
jobs.51job.com/all/co2939461.html
jobs.51job.com/all/co2939461.html
jobs.51job.com/all/co2939461.html
jobs.51job.com/all/co2939461.html
jobs.51job.com/all/co2939461.html
jobs.51job.com/all/co2782632.html
jobs.51job.com/all/co2782632.html
jobs.51job.com/all/co2782632.html
jobs.51job.com/all/co2782632.html
jobs.51job.com/all/co2782632.html
jobs.51job.com/all/co2782632.html
jobs.51job.com/all/co2782632.html
jobs.51job.com/all/co2782632.html
jobs.51job.com/all/co3457947.html
jobs.51job.com/all/co4871393.html
jobs.51job.com/all/co3407637.html
jobs.51job.com/all/co3407637.html
jobs.51job.com/all/co3407637.html
jobs.51job.com/all/co3407637.html
jobs.51job.com/all/co3407637.html
jobs.51job.com/all/co3407637.html
jobs.51job.com/all/co3407637.html
jobs.51job.com/all/co3407637.html
jobs.51job.com/all/co3407637.html
jobs.51job.com/all/co3407637.html
jobs.51job.com/all/co3407637.html
jobs.51job.com/all/co3407637.html
jobs.51job.com/all/co3407637.html
jobs.51job.com/all/co3407637.html
jobs.51job.com/all/co3407637.html
jobs.51job.com/all/co3407637.html
jobs.51job.com/all/co3407637.html
jobs.51job.com/all/co3407637.html
jobs.51job.com/all/co3407637.html
jobs.51job.com/all/co3407637.html
jobs.51job.com/all/co3407637.html
jobs.51job.com/all/co3407637.html
jobs.51job.com/all/co3407637.html
jobs.51job.com/all/co3407637.html
jobs.51job.com/all/co3407637.html
jobs.51job.com/all/co3407637.html
jobs.51job.com/all/co3407637.html
jobs.51job.com/all/co3407637.html
jobs.51job.com/all/co3407637.html
jobs.51job.com/all/co3407637.html
jobs.51job.com/all/co3407637.html
jobs.51job.com/all/co3407637.html
jobs.51job.com/all/co3407637.html
jobs.51job.com/all/co3407637.html
jobs.51job.com/all/co3407637.html
jobs.51job.com/all/co3407637.html
jobs.51job.com/all/co3407637.html
jobs.51job.com/all/co3407637.html
jobs.51job.com/all/co3407637.html
jobs.51job.com/all/co3407637.html
jobs.51job.com/all/co3407637.html
jobs.51job.com/all/co3407637.html
jobs.51job.com/all/co3407637.html
jobs.51job.com/all/co3407637.html
jobs.51job.com/all/co3407637.html
jobs.51job.com/all/co3407637.html
jobs.51job.com/all/co3407637.html
jobs.51job.com/all/co3407637.html
jobs.51job.com/all/co3407637.html
jobs.51job.com/all/co3407637.html
jobs.51job.com/all/co3407637.html
jobs.51job.com/all/co3407637.html
jobs.51job.com/all/co3407637.html
jobs.51job.com/all/co3407637.html
jobs.51job.com/all/co3407637.html
jobs.51job.com/all/co3407637.html
jobs.51job.com/all/co3407637.html
jobs.51job.com/all/co3407637.html
jobs.51job.com/all/co3407637.html
jobs.51job.com/all/co3407637.html
jobs.51job.com/all/co3407637.html
jobs.51job.com/all/co3407637.html
jobs.51job.com/all/co3407637.html
jobs.51job.com/all/co3407637.html
jobs.51job.com/all/co3407637.html
jobs.51job.com/all/co3407637.html
jobs.51job.com/all/co3407637.html
jobs.51job.com/all/co3407637.html
jobs.51job.com/all/co3407637.html
jobs.51job.com/all/co2782632.html
jobs.51job.com/all/co2782632.html
jobs.51job.com/all/co2782632.html
jobs.51job.com/all/co2782632.html
jobs.51job.com/all/co4854855.html
jobs.51job.com/all/co618214.html
jobs.51job.com/all/co618214.html
jobs.51job.com/all/co618214.html
jobs.51job.com/all/co618214.html
jobs.51job.com/all/co618214.html
jobs.51job.com/all/co618214.html
jobs.51job.com/all/co618214.html
jobs.51job.com/all/co618214.html
jobs.51job.com/all/co618214.html
jobs.51job.com/all/co1164293.html
jobs.51job.com/all/co1164293.html
jobs.51job.com/all/co1164293.html
jobs.51job.com/all/co2187415.html
jobs.51job.com/all/co4901396.html
jobs.51job.com/all/co3545804.html
jobs.51job.com/all/co410503.html
jobs.51job.com/all/co3076580.html
jobs.51job.com/all/co3076580.html
jobs.51job.com/all/co2382812.html
jobs.51job.com/all/co2382812.html
jobs.51job.com/all/co2382812.html
jobs.51job.com/all/co2382812.html
jobs.51job.com/all/co2382812.html
jobs.51job.com/all/co2382812.html
jobs.51job.com/all/co2382812.html
jobs.51job.com/all/co2382812.html
jobs.51job.com/all/co2382812.html
jobs.51job.com/all/co2382812.html
jobs.51job.com/all/co2061338.html
jobs.51job.com/all/co2629530.html
jobs.51job.com/all/co2629530.html
ldjt.51job.com/job_list2.php?company=2465299
jobs.51job.com/all/co3091857.html
jobs.51job.com/all/co3091857.html
jobs.51job.com/all/co3091857.html
jobs.51job.com/all/co3091857.html
jobs.51job.com/all/co2961121.html
jobs.51job.com/all/co3584445.html
jobs.51job.com/all/co3091857.html
jobs.51job.com/all/co3091857.html
jobs.51job.com/all/co3091857.html
jobs.51job.com/all/co3091857.html
jobs.51job.com/all/co3631362.html
jobs.51job.com/all/co3096427.html
jobs.51job.com/all/co1872278.html
jobs.51job.com/all/co2224181.html
jobs.51job.com/all/co1872278.html
jobs.51job.com/all/co3631362.html
jobs.51job.com/all/co1872278.html
jobs.51job.com/all/co3631362.html
jobs.51job.com/all/co1872278.html
jobs.51job.com/all/co1872278.html
jobs.51job.com/all/co3096427.html
jobs.51job.com/all/co1872278.html
jobs.51job.com/all/co1872278.html
jobs.51job.com/all/co1872278.html
jobs.51job.com/all/co2607839.html
jobs.51job.com/all/co3631362.html
jobs.51job.com/all/co2493053.html
jobs.51job.com/all/co1611383.html
jobs.51job.com/all/co3631362.html
jobs.51job.com/all/co3631362.html
jobs.51job.com/all/co1872278.html
jobs.51job.com/all/co1611383.html
jobs.51job.com/all/co2978604.html
jobs.51job.com/all/co1872278.html
jobs.51job.com/all/co2493053.html
jobs.51job.com/all/co2493053.html
jobs.51job.com/all/co3076580.html
jobs.51job.com/all/co3076580.html
jobs.51job.com/all/co3076580.html
jobs.51job.com/all/co377491.html
jobs.51job.com/all/co4144170.html
jobs.51job.com/all/co2547586.html
jobs.51job.com/all/co2547586.html
jobs.51job.com/all/co2547586.html
jobs.51job.com/all/co3880878.html
jobs.51job.com/all/co3277638.html
jobs.51job.com/all/co2308753.html
jobs.51job.com/all/co2308753.html
jobs.51job.com/all/co593278.html
jobs.51job.com/all/co593278.html
jobs.51job.com/all/co4854855.html
jobs.51job.com/all/co3869095.html
jobs.51job.com/all/co3869095.html
jobs.51job.com/all/co3869095.html
jobs.51job.com/all/co3869095.html
jobs.51job.com/all/co2549192.html
jobs.51job.com/all/co2834183.html
jobs.51job.com/all/co3253593.html
jobs.51job.com/all/co3901901.html
jobs.51job.com/all/co2061338.html
jobs.51job.com/all/co4220175.html
jobs.51job.com/all/co4102625.html
jobs.51job.com/all/co2187415.html
jobs.51job.com/all/co2187415.html
jobs.51job.com/all/co2187415.html
jobs.51job.com/all/co4349989.html
jobs.51job.com/all/co4026011.html
jobs.51job.com/all/co3091857.html
jobs.51job.com/all/co3091857.html
jobs.51job.com/all/co3091857.html
jobs.51job.com/all/co3091857.html
jobs.51job.com/all/co2531079.html
jobs.51job.com/all/co3091857.html
jobs.51job.com/all/co4565256.html
jobs.51job.com/all/co4565256.html
jobs.51job.com/all/co4565256.html
jobs.51job.com/all/co3091857.html
jobs.51job.com/all/co4939864.html
jobs.51job.com/all/co4934206.html
jobs.51job.com/all/co3631362.html
jobs.51job.com/all/co3091857.html
jobs.51job.com/all/co496475.html
jobs.51job.com/all/co3631362.html
jobs.51job.com/all/co3631362.html
jobs.51job.com/all/co3631362.html
jobs.51job.com/all/co3091857.html
jobs.51job.com/all/co4085314.html
jobs.51job.com/all/co4330126.html
jobs.51job.com/all/co4330126.html
jobs.51job.com/all/co2892895.html
jobs.51job.com/all/co4146868.html
jobs.51job.com/all/co3631362.html
jobs.51job.com/all/co2892895.html
jobs.51job.com/all/co2892895.html
jobs.51job.com/all/co2709881.html
jobs.51job.com/all/co3631362.html
jobs.51job.com/all/co3963434.html
jobs.51job.com/all/co3631362.html
jobs.51job.com/all/co3631362.html
jobs.51job.com/all/co3631362.html
jobs.51job.com/all/co3631362.html
jobs.51job.com/all/co2938958.html
jobs.51job.com/all/co4703282.html
jobs.51job.com/all/co4098930.html
jobs.51job.com/all/co4098930.html
jobs.51job.com/all/co4098930.html
jobs.51job.com/all/co4098930.html
jobs.51job.com/all/co4098930.html
jobs.51job.com/all/co4143224.html
jobs.51job.com/all/co4143224.html
jobs.51job.com/all/co2360300.html
jobs.51job.com/all/co3867466.html
jobs.51job.com/all/co3867466.html
jobs.51job.com/all/co796846.html
jobs.51job.com/all/co179932.html
jobs.51job.com/all/co179932.html
jobs.51job.com/all/co179932.html
jobs.51job.com/all/co179932.html
jobs.51job.com/all/co4915212.html
jobs.51job.com/all/co4915212.html
jobs.51job.com/all/co4832182.html
jobs.51job.com/all/co4832182.html
jobs.51job.com/all/co4832182.html
jobs.51job.com/all/co3146363.html
jobs.51job.com/all/co3146363.html
jobs.51job.com/all/co3146363.html
jobs.51job.com/all/co3146363.html
jobs.51job.com/all/co3146363.html
jobs.51job.com/all/co3146363.html
jobs.51job.com/all/co499822.html
jobs.51job.com/all/co499822.html
jobs.51job.com/all/co499822.html
jobs.51job.com/all/co2727132.html
jobs.51job.com/all/co2727132.html
jobs.51job.com/all/co4681589.html
jobs.51job.com/all/co2281909.html
jobs.51job.com/all/co2281909.html
jobs.51job.com/all/co2281909.html
jobs.51job.com/all/co2281909.html
jobs.51job.com/all/co2281909.html
jobs.51job.com/all/co3924585.html
jobs.51job.com/all/co3924585.html
jobs.51job.com/all/co3924585.html
jobs.51job.com/all/co3316067.html
jobs.51job.com/all/co2423385.html
jobs.51job.com/all/co2423385.html
jobs.51job.com/all/co2882950.html
jobs.51job.com/all/co2882950.html
jobs.51job.com/all/co2882950.html
jobs.51job.com/all/co3565193.html
jobs.51job.com/all/co3565193.html
jobs.51job.com/all/co4703282.html
jobs.51job.com/all/co4703282.html
jobs.51job.com/all/co4703282.html
jobs.51job.com/all/co3906179.html
jobs.51job.com/all/co461031.html
jobs.51job.com/all/co461031.html
jobs.51job.com/all/co461031.html
jobs.51job.com/all/co461031.html
jobs.51job.com/all/co461031.html
jobs.51job.com/all/co541218.html
jobs.51job.com/all/co3277638.html
jobs.51job.com/all/co3277638.html
jobs.51job.com/all/co4493786.html
jobs.51job.com/all/co4493786.html
jobs.51job.com/all/co541301.html
jobs.51job.com/all/co1027242.html
jobs.51job.com/all/co3644436.html
jobs.51job.com/all/co3929902.html
jobs.51job.com/all/co3929902.html
jobs.51job.com/all/co3929902.html
jobs.51job.com/all/co3929902.html
jobs.51job.com/all/co3929902.html
jobs.51job.com/all/co3929902.html
jobs.51job.com/all/co3929902.html
jobs.51job.com/all/co3929902.html
jobs.51job.com/all/co3955260.html
jobs.51job.com/all/co2661970.html
jobs.51job.com/all/co2661970.html
jobs.51job.com/all/co2661970.html
jobs.51job.com/all/co4787836.html
jobs.51job.com/all/co2112993.html
jobs.51job.com/all/co2112993.html
jobs.51job.com/all/co4075766.html
jobs.51job.com/all/co4075766.html
jobs.51job.com/all/co305984.html
jobs.51job.com/all/co4189081.html
jobs.51job.com/all/co4189081.html
jobs.51job.com/all/co4415069.html
jobs.51job.com/all/co4415069.html
jobs.51job.com/all/co4874771.html
jobs.51job.com/all/co168716.html
jobs.51job.com/all/co168716.html
jobs.51job.com/all/co258998.html
jobs.51job.com/all/co258998.html
jobs.51job.com/all/co258998.html
jobs.51job.com/all/co258998.html
jobs.51job.com/all/co4741396.html
jobs.51job.com/all/co4741396.html
jobs.51job.com/all/co4741396.html
jobs.51job.com/all/co4741396.html
jobs.51job.com/all/co4741396.html
jobs.51job.com/all/co4064698.html
jobs.51job.com/all/co2931371.html
jobs.51job.com/all/co2931371.html
jobs.51job.com/all/co2931371.html
jobs.51job.com/all/co2931371.html
jobs.51job.com/all/co2931371.html
jobs.51job.com/all/co2931371.html
jobs.51job.com/all/co2931371.html
jobs.51job.com/all/co2931371.html
jobs.51job.com/all/co2931371.html
jobs.51job.com/all/co4581979.html
jobs.51job.com/all/co4581979.html
jobs.51job.com/all/co4581979.html
jobs.51job.com/all/co4581979.html
jobs.51job.com/all/co4581979.html
jobs.51job.com/all/co4581979.html
jobs.51job.com/all/co4806496.html
jobs.51job.com/all/co4284016.html
jobs.51job.com/all/co4434831.html
jobs.51job.com/all/co4434831.html
jobs.51job.com/all/co4434831.html
jobs.51job.com/all/co2815804.html
jobs.51job.com/all/co2815804.html
jobs.51job.com/all/co3696746.html
jobs.51job.com/all/co3696746.html
jobs.51job.com/all/co3696746.html
jobs.51job.com/all/co3696746.html
jobs.51job.com/all/co4861431.html
jobs.51job.com/all/co4832182.html
jobs.51job.com/all/co4832182.html
jobs.51job.com/all/co4832182.html
jobs.51job.com/all/co4832182.html
jobs.51job.com/all/co2872354.html
jobs.51job.com/all/co2872354.html
jobs.51job.com/all/co2872354.html
jobs.51job.com/all/co2872354.html
jobs.51job.com/all/co2872354.html
jobs.51job.com/all/co903180.html
jobs.51job.com/all/co903180.html
jobs.51job.com/all/co903180.html
jobs.51job.com/all/co903180.html
jobs.51job.com/all/co903180.html
jobs.51job.com/all/co2672958.html
jobs.51job.com/all/co4746657.html
jobs.51job.com/all/co4876272.html
jobs.51job.com/all/co4876272.html
jobs.51job.com/all/co4876272.html
jobs.51job.com/all/co4876272.html
jobs.51job.com/all/co4876272.html
jobs.51job.com/all/co4876272.html
jobs.51job.com/all/co2549192.html
jobs.51job.com/all/co2549192.html
jobs.51job.com/all/co2549192.html
jobs.51job.com/all/co2549192.html
jobs.51job.com/all/co2549192.html
jobs.51job.com/all/co2583791.html
jobs.51job.com/all/co4193633.html
jobs.51job.com/all/co4193633.html
jobs.51job.com/all/co2157956.html
jobs.51job.com/all/co4872548.html
jobs.51job.com/all/co4872548.html
jobs.51job.com/all/co4872548.html
jobs.51job.com/all/co4872548.html
jobs.51job.com/all/co4872548.html
jobs.51job.com/all/co3355430.html
jobs.51job.com/all/co2929831.html
jobs.51job.com/all/co2497145.html
jobs.51job.com/all/co2497145.html
jobs.51job.com/all/co2541073.html
jobs.51job.com/all/co2541073.html
jobs.51job.com/all/co2541073.html
jobs.51job.com/all/co2541073.html
jobs.51job.com/all/co2541073.html
jobs.51job.com/all/co2541073.html
jobs.51job.com/all/co2541073.html
jobs.51job.com/all/co2541073.html
jobs.51job.com/all/co2541073.html
jobs.51job.com/all/co2541073.html
jobs.51job.com/all/co486904.html
jobs.51job.com/all/co2730409.html
jobs.51job.com/all/co3880878.html
jobs.51job.com/all/co3880878.html
jobs.51job.com/all/co3880878.html
jobs.51job.com/all/co4240017.html
jobs.51job.com/all/co4703282.html
jobs.51job.com/all/co4703282.html
jobs.51job.com/all/co3706514.html
jobs.51job.com/all/co3706514.html
jobs.51job.com/all/co3706514.html
jobs.51job.com/all/co4535581.html
jobs.51job.com/all/co3489060.html
jobs.51job.com/all/co3706514.html
jobs.51job.com/all/co3700974.html
jobs.51job.com/all/co3700974.html
jobs.51job.com/all/co3700974.html
jobs.51job.com/all/co3700974.html
jobs.51job.com/all/co2559552.html
jobs.51job.com/all/co4585341.html
jobs.51job.com/all/co2582747.html
jobs.51job.com/all/co2582747.html
jobs.51job.com/all/co2582747.html
jobs.51job.com/all/co4832182.html
jobs.51job.com/all/co4832182.html
jobs.51job.com/all/co4832182.html
jobs.51job.com/all/co4835737.html
jobs.51job.com/all/co4835737.html
jobs.51job.com/all/co4835737.html
jobs.51job.com/all/co4832182.html
jobs.51job.com/all/co4835737.html
jobs.51job.com/all/co2608229.html
jobs.51job.com/all/co2608229.html
jobs.51job.com/all/co228161.html
jobs.51job.com/all/co2488347.html
jobs.51job.com/all/co3498266.html
jobs.51job.com/all/co3768172.html
jobs.51job.com/all/co3768172.html
jobs.51job.com/all/co3768172.html
jobs.51job.com/all/co2314890.html
jobs.51job.com/all/co2314890.html
jobs.51job.com/all/co2314890.html
jobs.51job.com/all/co3768172.html
jobs.51job.com/all/co4102625.html
jobs.51job.com/all/co4102625.html
jobs.51job.com/all/co4102625.html
jobs.51job.com/all/co4102625.html
jobs.51job.com/all/co3872014.html
jobs.51job.com/all/co3768172.html
jobs.51job.com/all/co2008199.html
jobs.51job.com/all/co4275421.html
jobs.51job.com/all/co4275421.html
jobs.51job.com/all/co4275421.html
jobs.51job.com/all/co4275421.html
jobs.51job.com/all/co4275421.html
jobs.51job.com/all/co2019703.html
jobs.51job.com/all/co2019703.html
jobs.51job.com/all/co3825698.html
jobs.51job.com/all/co410503.html
jobs.51job.com/all/co2651800.html
jobs.51job.com/all/co2651800.html
jobs.51job.com/all/co2651800.html
jobs.51job.com/all/co2651800.html
jobs.51job.com/all/co2651800.html
jobs.51job.com/all/co2651800.html
jobs.51job.com/all/co2651800.html
jobs.51job.com/all/co2651800.html
jobs.51job.com/all/co2651800.html
jobs.51job.com/all/co2187415.html
jobs.51job.com/all/co2187415.html
jobs.51job.com/all/co2187415.html
jobs.51job.com/all/co2187415.html
jobs.51job.com/all/co2469892.html
jobs.51job.com/all/co2469892.html
jobs.51job.com/all/co2984471.html
jobs.51job.com/all/co2193411.html
jobs.51job.com/all/co2193411.html
jobs.51job.com/all/co2193411.html
jobs.51job.com/all/co2193411.html
jobs.51job.com/all/co2193411.html
jobs.51job.com/all/co307823.html
jobs.51job.com/all/co307823.html
jobs.51job.com/all/co302693.html
jobs.51job.com/all/co2875463.html
jobs.51job.com/all/co2875463.html
jobs.51job.com/all/co2875463.html
jobs.51job.com/all/co2875463.html
jobs.51job.com/all/co2875463.html
jobs.51job.com/all/co228161.html
jobs.51job.com/all/co228161.html
jobs.51job.com/all/co228161.html
jobs.51job.com/all/co3778481.html
jobs.51job.com/all/co3778481.html
jobs.51job.com/all/co3778481.html
jobs.51job.com/all/co144897.html
jobs.51job.com/all/co2794643.html
jobs.51job.com/all/co2544578.html
jobs.51job.com/all/co2544578.html
jobs.51job.com/all/co2544578.html
jobs.51job.com/all/co2544578.html
jobs.51job.com/all/co4323369.html
jobs.51job.com/all/co4393398.html
jobs.51job.com/all/co4393398.html
jobs.51job.com/all/co3631362.html
jobs.51job.com/all/co4703282.html
jobs.51job.com/all/co4703282.html
jobs.51job.com/all/co4703282.html
jobs.51job.com/all/co4609572.html
jobs.51job.com/all/co3091857.html
jobs.51job.com/all/co3091857.html
jobs.51job.com/all/co3091857.html
jobs.51job.com/all/co3091857.html
jobs.51job.com/all/co3091857.html
jobs.51job.com/all/co3091857.html
jobs.51job.com/all/co3091857.html
jobs.51job.com/all/co3091857.html
jobs.51job.com/all/co3091857.html
jobs.51job.com/all/co3091857.html
jobs.51job.com/all/co3091857.html
jobs.51job.com/all/co3091857.html
jobs.51job.com/all/co3091857.html
jobs.51job.com/all/co3091857.html
jobs.51job.com/all/co3091857.html
jobs.51job.com/all/co3091857.html
jobs.51job.com/all/co3091857.html
jobs.51job.com/all/co3091857.html
jobs.51job.com/all/co3091857.html
jobs.51job.com/all/co3091857.html
jobs.51job.com/all/co3091857.html
jobs.51job.com/all/co3091857.html
jobs.51job.com/all/co3091857.html
jobs.51job.com/all/co3091857.html
jobs.51job.com/all/co3091857.html
jobs.51job.com/all/co3091857.html
jobs.51job.com/all/co3091857.html
jobs.51job.com/all/co3091857.html
jobs.51job.com/all/co3091857.html
jobs.51job.com/all/co3091857.html
jobs.51job.com/all/co3091857.html
jobs.51job.com/all/co3091857.html
jobs.51job.com/all/co3091857.html
jobs.51job.com/all/co3091857.html
jobs.51job.com/all/co3091857.html
jobs.51job.com/all/co3091857.html
jobs.51job.com/all/co3091857.html
jobs.51job.com/all/co3091857.html
jobs.51job.com/all/co3091857.html
jobs.51job.com/all/co3091857.html
jobs.51job.com/all/co3091857.html
jobs.51job.com/all/co3091857.html
jobs.51job.com/all/co3091857.html
jobs.51job.com/all/co3091857.html
jobs.51job.com/all/co3091857.html
jobs.51job.com/all/co3091857.html
jobs.51job.com/all/co3182496.html
jobs.51job.com/all/co3182496.html
jobs.51job.com/all/co3182496.html
jobs.51job.com/all/co3182496.html
jobs.51job.com/all/co3182496.html
jobs.51job.com/all/co3182496.html
jobs.51job.com/all/co3182496.html
jobs.51job.com/all/co3182496.html
jobs.51job.com/all/co3182496.html
jobs.51job.com/all/co3182496.html
jobs.51job.com/all/co3182496.html
jobs.51job.com/all/co3182496.html
jobs.51job.com/all/co3182496.html
jobs.51job.com/all/co4348518.html
jobs.51job.com/all/co4348518.html
jobs.51job.com/all/co4348518.html
jobs.51job.com/all/co4348518.html
jobs.51job.com/all/co4348518.html
jobs.51job.com/all/co4348518.html
jobs.51job.com/all/co4348518.html
jobs.51job.com/all/co4348226.html
jobs.51job.com/all/co4348518.html
jobs.51job.com/all/co4348226.html
jobs.51job.com/all/co4348226.html
jobs.51job.com/all/co4348518.html
jobs.51job.com/all/co4348518.html
jobs.51job.com/all/co4348518.html
jobs.51job.com/all/co4832182.html
jobs.51job.com/all/co2302420.html
jobs.51job.com/all/co3133527.html
jobs.51job.com/all/co4461974.html
jobs.51job.com/all/co4461974.html
jobs.51job.com/all/co4461974.html
jobs.51job.com/all/co4461974.html
jobs.51job.com/all/co4461974.html
jobs.51job.com/all/co4461974.html
jobs.51job.com/all/co4461974.html
jobs.51job.com/all/co4461974.html
jobs.51job.com/all/co4461974.html
jobs.51job.com/all/co4461974.html
jobs.51job.com/all/co4461974.html
jobs.51job.com/all/co4703282.html
jobs.51job.com/all/co4703282.html
jobs.51job.com/all/co4703282.html
jobs.51job.com/all/co2279808.html
jobs.51job.com/all/co496475.html
jobs.51job.com/all/co496475.html
jobs.51job.com/all/co496475.html
jobs.51job.com/all/co496475.html
jobs.51job.com/all/co496475.html
jobs.51job.com/all/co496475.html
jobs.51job.com/all/co4703282.html
jobs.51job.com/all/co4703282.html
jobs.51job.com/all/co4703282.html
jobs.51job.com/all/co4703282.html
jobs.51job.com/all/co4703282.html
jobs.51job.com/all/co4703282.html
jobs.51job.com/all/co3584445.html
jobs.51job.com/all/co3370725.html
jobs.51job.com/all/co3370725.html
jobs.51job.com/all/co3370725.html
jobs.51job.com/all/co3370725.html
jobs.51job.com/all/co2906756.html
jobs.51job.com/all/co3370725.html
jobs.51job.com/all/co2941564.html
jobs.51job.com/all/co2531079.html
jobs.51job.com/all/co154201.html
jobs.51job.com/all/co154201.html
jobs.51job.com/all/co3248001.html
jobs.51job.com/all/co3248001.html
jobs.51job.com/all/co3631362.html
jobs.51job.com/all/co3631362.html
jobs.51job.com/all/co3631362.html
jobs.51job.com/all/co3631362.html
jobs.51job.com/all/co3631362.html
jobs.51job.com/all/co3631362.html
jobs.51job.com/all/co3631362.html
jobs.51job.com/all/co3091857.html
jobs.51job.com/all/co3091857.html
jobs.51job.com/all/co4037565.html
jobs.51job.com/all/co3705583.html
jobs.51job.com/all/co4835737.html
jobs.51job.com/all/co4835737.html
jobs.51job.com/all/co4835737.html
jobs.51job.com/all/co4835737.html
jobs.51job.com/all/co4835737.html
jobs.51job.com/all/co4835737.html
jobs.51job.com/all/co2430727.html
jobs.51job.com/all/co2673937.html
jobs.51job.com/all/co2673937.html
jobs.51job.com/all/co2536453.html
jobs.51job.com/all/co2536453.html
jobs.51job.com/all/co2125145.html
jobs.51job.com/all/co2125145.html
jobs.51job.com/all/co2749331.html
jobs.51job.com/all/co2749331.html
jobs.51job.com/all/co2749331.html
jobs.51job.com/all/co3076580.html
jobs.51job.com/all/co3076580.html
jobs.51job.com/all/co3076580.html
jobs.51job.com/all/co4349060.html
jobs.51job.com/all/co4349060.html
jobs.51job.com/all/co4349060.html
jobs.51job.com/all/co4349060.html
jobs.51job.com/all/co3393965.html
jobs.51job.com/all/co4349060.html
jobs.51job.com/all/co4349060.html
jobs.51job.com/all/co4349060.html
jobs.51job.com/all/co4349060.html
jobs.51job.com/all/co4349060.html
jobs.51job.com/all/co4349060.html
jobs.51job.com/all/co3711929.html
jobs.51job.com/all/co3212610.html
jobs.51job.com/all/co1842776.html
jobs.51job.com/all/co1842776.html
jobs.51job.com/all/co1842776.html
jobs.51job.com/all/co1842776.html
jobs.51job.com/all/co1842776.html
jobs.51job.com/all/co1842776.html
jobs.51job.com/all/co1842776.html
jobs.51job.com/all/co1842776.html
jobs.51job.com/all/co3633302.html
jobs.51job.com/all/co4404846.html
jobs.51job.com/all/co2069602.html
jobs.51job.com/all/co2069602.html
jobs.51job.com/all/co2069602.html
jobs.51job.com/all/co253648.html
jobs.51job.com/all/co4703282.html
jobs.51job.com/all/co4703282.html
jobs.51job.com/all/co3049183.html
jobs.51job.com/all/co3385830.html
jobs.51job.com/all/co3385830.html
jobs.51job.com/all/co2243724.html
jobs.51job.com/all/co279137.html
jobs.51job.com/all/co2105219.html
jobs.51job.com/all/co3097649.html
jobs.51job.com/all/co3091857.html
jobs.51job.com/all/co358586.html
jobs.51job.com/all/co358586.html
jobs.51job.com/all/co2455648.html
jobs.51job.com/all/co2455648.html
jobs.51job.com/all/co3076580.html
jobs.51job.com/all/co3076580.html
jobs.51job.com/all/co3076580.html
jobs.51job.com/all/co2419720.html
jobs.51job.com/all/co2419720.html
jobs.51job.com/all/co2601152.html
jobs.51job.com/all/co2601152.html
jobs.51job.com/all/co2601152.html
jobs.51job.com/all/co2601152.html
jobs.51job.com/all/co2601152.html
jobs.51job.com/all/co2601152.html
jobs.51job.com/all/co2601152.html
jobs.51job.com/all/co2601152.html
jobs.51job.com/all/co2601152.html
jobs.51job.com/all/co2601152.html
jobs.51job.com/all/co4832182.html
jobs.51job.com/all/co4832182.html
jobs.51job.com/all/co4832182.html
jobs.51job.com/all/co4832182.html
jobs.51job.com/all/co4540887.html
jobs.51job.com/all/co3229205.html
jobs.51job.com/all/co2936327.html
jobs.51job.com/all/co3781621.html
jobs.51job.com/all/co2350071.html
jobs.51job.com/all/co2607839.html
jobs.51job.com/all/co2034972.html
jobs.51job.com/all/co2034972.html
jobs.51job.com/all/co4130308.html
jobs.51job.com/all/co2302420.html
jobs.51job.com/all/co2302420.html
jobs.51job.com/all/co3618482.html
jobs.51job.com/all/co2752968.html
jobs.51job.com/all/co2752968.html
jobs.51job.com/all/co2488347.html
jobs.51job.com/all/co2488347.html
jobs.51job.com/all/co3060629.html
jobs.51job.com/all/co109616.html
jobs.51job.com/all/co2571472.html
jobs.51job.com/all/co2571472.html
jobs.51job.com/all/co2571472.html
jobs.51job.com/all/co2014283.html
jobs.51job.com/all/co2014283.html
jobs.51job.com/all/co3487431.html
jobs.51job.com/all/co3487431.html
jobs.51job.com/all/co3487431.html
jobs.51job.com/all/co2796300.html
jobs.51job.com/all/co4832182.html
jobs.51job.com/all/co4832182.html
jobs.51job.com/all/co4832182.html
jobs.51job.com/all/co4832182.html
jobs.51job.com/all/co3567320.html
jobs.51job.com/all/co3714628.html
jobs.51job.com/all/co2999836.html
jobs.51job.com/all/co2999836.html
jobs.51job.com/all/co3473625.html
jobs.51job.com/all/co3473625.html
jobs.51job.com/all/co3473625.html
jobs.51job.com/all/co3473625.html
jobs.51job.com/all/co3473625.html
jobs.51job.com/all/co3473625.html
jobs.51job.com/all/co3473625.html
jobs.51job.com/all/co3473625.html
jobs.51job.com/all/co3473625.html
jobs.51job.com/all/co3473625.html
jobs.51job.com/all/co3473625.html
jobs.51job.com/all/co3473625.html
jobs.51job.com/all/co3473625.html
jobs.51job.com/all/co3473625.html
jobs.51job.com/all/co3473625.html
jobs.51job.com/all/co3473625.html
jobs.51job.com/all/co3473625.html
jobs.51job.com/all/co3473625.html
jobs.51job.com/all/co3473625.html
jobs.51job.com/all/co3473625.html
jobs.51job.com/all/co3473625.html
jobs.51job.com/all/co3473625.html
jobs.51job.com/all/co3473625.html
jobs.51job.com/all/co3473625.html
jobs.51job.com/all/co3473625.html
jobs.51job.com/all/co3473625.html
jobs.51job.com/all/co3473625.html
jobs.51job.com/all/co3473625.html
jobs.51job.com/all/co3473625.html
jobs.51job.com/all/co3473625.html
jobs.51job.com/all/co3473625.html
jobs.51job.com/all/co3473625.html
jobs.51job.com/all/co3473625.html
jobs.51job.com/all/co3473625.html
jobs.51job.com/all/co3473625.html
jobs.51job.com/all/co3473625.html
jobs.51job.com/all/co3473625.html
jobs.51job.com/all/co3473625.html
jobs.51job.com/all/co4683313.html
jobs.51job.com/all/co4683313.html
jobs.51job.com/all/co421662.html
jobs.51job.com/all/co2292110.html
jobs.51job.com/all/co4423764.html
jobs.51job.com/all/co3595680.html
jobs.51job.com/all/co3595680.html
jobs.51job.com/all/co3091857.html
jobs.51job.com/all/co3091857.html
jobs.51job.com/all/co3091857.html
jobs.51job.com/all/co3091857.html
jobs.51job.com/all/co3091857.html
jobs.51job.com/all/co3091857.html
jobs.51job.com/all/co3091857.html
jobs.51job.com/all/co3091857.html
jobs.51job.com/all/co3091857.html
jobs.51job.com/all/co3091857.html
jobs.51job.com/all/co3091857.html
jobs.51job.com/all/co3091857.html
jobs.51job.com/all/co3091857.html
jobs.51job.com/all/co3091857.html
jobs.51job.com/all/co3091857.html
jobs.51job.com/all/co3091857.html
jobs.51job.com/all/co3091857.html
jobs.51job.com/all/co3091857.html
jobs.51job.com/all/co3091857.html
jobs.51job.com/all/co3091857.html
jobs.51job.com/all/co3091857.html
jobs.51job.com/all/co3091857.html
jobs.51job.com/all/co4025190.html
jobs.51job.com/all/co4889951.html
jobs.51job.com/all/co4123901.html
jobs.51job.com/all/co4123901.html
jobs.51job.com/all/co4123901.html
jobs.51job.com/all/co4123901.html
jobs.51job.com/all/co4123901.html
jobs.51job.com/all/co4123901.html
jobs.51job.com/all/co4123901.html
jobs.51job.com/all/co4123901.html
jobs.51job.com/all/co4123901.html
jobs.51job.com/all/co4123901.html
jobs.51job.com/all/co4123901.html
jobs.51job.com/all/co1611383.html
jobs.51job.com/all/co2917229.html
jobs.51job.com/all/co2917229.html
jobs.51job.com/all/co2917229.html
jobs.51job.com/all/co2917229.html
jobs.51job.com/all/co4187393.html
jobs.51job.com/all/co4187393.html
jobs.51job.com/all/co4187393.html
jobs.51job.com/all/co4187393.html
jobs.51job.com/all/co3827870.html
jobs.51job.com/all/co3659559.html
jobs.51job.com/all/co4268869.html
jobs.51job.com/all/co4268869.html
jobs.51job.com/all/co4268869.html
jobs.51job.com/all/co2834183.html
jobs.51job.com/all/co3175092.html
jobs.51job.com/all/co3175092.html
jobs.51job.com/all/co3175092.html
jobs.51job.com/all/co2648574.html
jobs.51job.com/all/co2892895.html
jobs.51job.com/all/co2892895.html
jobs.51job.com/all/co2892895.html
jobs.51job.com/all/co2892895.html
jobs.51job.com/all/co2892895.html
jobs.51job.com/all/co2892895.html
jobs.51job.com/all/co2913559.html
jobs.51job.com/all/co2913559.html
jobs.51job.com/all/co2913559.html
jobs.51job.com/all/co2913559.html
jobs.51job.com/all/co2161908.html
jobs.51job.com/all/co2161908.html
jobs.51job.com/all/co2161908.html
jobs.51job.com/all/co2161908.html
jobs.51job.com/all/co2161908.html
ldjt.51job.com/job_list2.php?company=2465150
ldjt.51job.com/job_list2.php?company=2465150
ldjt.51job.com/job_list2.php?company=2465150
ldjt.51job.com/job_list2.php?company=2465150
jobs.51job.com/all/co134714.html
jobs.51job.com/all/co134714.html
jobs.51job.com/all/co134714.html
jobs.51job.com/all/co134714.html
jobs.51job.com/all/co3628041.html
jobs.51job.com/all/co4832182.html
jobs.51job.com/all/co4832182.html
jobs.51job.com/all/co3270847.html
jobs.51job.com/all/co3270847.html
jobs.51job.com/all/co3270847.html
jobs.51job.com/all/co3270847.html
jobs.51job.com/all/co3270847.html
jobs.51job.com/all/co4149088.html
jobs.51job.com/all/co2226837.html
jobs.51job.com/all/co4561746.html
jobs.51job.com/all/co2585001.html
jobs.51job.com/all/co2585001.html
jobs.51job.com/all/co2585001.html
jobs.51job.com/all/co2008945.html
jobs.51job.com/all/co2980956.html
jobs.51job.com/all/co4540887.html
jobs.51job.com/all/co3716531.html
jobs.51job.com/all/co3716531.html
jobs.51job.com/all/co3716531.html
jobs.51job.com/all/co3716531.html
jobs.51job.com/all/co2539204.html
jobs.51job.com/all/co2541211.html
jobs.51job.com/all/co4936191.html
jobs.51job.com/all/co4393398.html
jobs.51job.com/all/co4393398.html
jobs.51job.com/all/co4393398.html
jobs.51job.com/all/co4393398.html
jobs.51job.com/all/co4393398.html
jobs.51job.com/all/co278560.html
jobs.51job.com/all/co278560.html
jobs.51job.com/all/co2921861.html
jobs.51job.com/all/co2921861.html
jobs.51job.com/all/co2921861.html
jobs.51job.com/all/co2921861.html
jobs.51job.com/all/co2921861.html
jobs.51job.com/all/co2921861.html
jobs.51job.com/all/co1987232.html
jobs.51job.com/all/co1987232.html
jobs.51job.com/all/co1987232.html
jobs.51job.com/all/co1987232.html
jobs.51job.com/all/co1987232.html
jobs.51job.com/all/co1987232.html
jobs.51job.com/all/co1987232.html
jobs.51job.com/all/co1987232.html
jobs.51job.com/all/co1987232.html
jobs.51job.com/all/co3133840.html
jobs.51job.com/all/co4582422.html
jobs.51job.com/all/co253580.html
jobs.51job.com/all/co3052924.html
jobs.51job.com/all/co3052924.html
jobs.51job.com/all/co2628778.html
jobs.51job.com/all/co2628778.html
jobs.51job.com/all/co2628778.html
jobs.51job.com/all/co2628778.html
jobs.51job.com/all/co2628778.html
jobs.51job.com/all/co2628778.html
jobs.51job.com/all/co2977945.html
jobs.51job.com/all/co2809616.html
jobs.51job.com/all/co308336.html
jobs.51job.com/all/co2245646.html
jobs.51job.com/all/co4540887.html
jobs.51job.com/all/co4540887.html
jobs.51job.com/all/co4540887.html
jobs.51job.com/all/co4540887.html
jobs.51job.com/all/co960251.html
jobs.51job.com/all/co2641985.html
jobs.51job.com/all/co4520854.html
jobs.51job.com/all/co2499266.html
jobs.51job.com/all/co3252788.html
jobs.51job.com/all/co2847824.html
jobs.51job.com/all/co3140869.html
jobs.51job.com/all/co3140869.html
jobs.51job.com/all/co3534516.html
jobs.51job.com/all/co2390753.html
jobs.51job.com/all/co517769.html
jobs.51job.com/all/co517769.html
jobs.51job.com/all/co517769.html
jobs.51job.com/all/co517769.html
jobs.51job.com/all/co517769.html
jobs.51job.com/all/co517769.html
jobs.51job.com/all/co517769.html
jobs.51job.com/all/co4301585.html
jobs.51job.com/all/co3090811.html
jobs.51job.com/all/co2398001.html
jobs.51job.com/all/co3893358.html
jobs.51job.com/all/co3538432.html
jobs.51job.com/all/co4703705.html
jobs.51job.com/all/co4703705.html
jobs.51job.com/all/co4703705.html
jobs.51job.com/all/co4703705.html
jobs.51job.com/all/co4703705.html
jobs.51job.com/all/co4703705.html
jobs.51job.com/all/co4578099.html
jobs.51job.com/all/co477750.html
jobs.51job.com/all/co2774673.html
jobs.51job.com/all/co2774673.html
jobs.51job.com/all/co2558094.html
jobs.51job.com/all/co2709881.html
jobs.51job.com/all/co2709881.html
jobs.51job.com/all/co2709881.html
jobs.51job.com/all/co2709881.html
jobs.51job.com/all/co2709881.html
jobs.51job.com/all/co2709881.html
jobs.51job.com/all/co2709881.html
jobs.51job.com/all/co4529467.html
jobs.51job.com/all/co4130308.html
jobs.51job.com/all/co4130308.html
jobs.51job.com/all/co4130308.html
jobs.51job.com/all/co4130308.html
jobs.51job.com/all/co4130308.html
jobs.51job.com/all/co4130308.html
jobs.51job.com/all/co4130308.html
jobs.51job.com/all/co4130308.html
jobs.51job.com/all/co4781913.html
jobs.51job.com/all/co4781913.html
jobs.51job.com/all/co4781913.html
jobs.51job.com/all/co4781913.html
jobs.51job.com/all/co4781913.html
jobs.51job.com/all/co4781913.html
jobs.51job.com/all/co4781913.html
jobs.51job.com/all/co4781913.html
jobs.51job.com/all/co4781913.html
jobs.51job.com/all/co4781913.html
jobs.51job.com/all/co4781913.html
jobs.51job.com/all/co4781913.html
jobs.51job.com/all/co4781913.html
jobs.51job.com/all/co4781913.html
jobs.51job.com/all/co4781913.html
jobs.51job.com/all/co4781913.html
jobs.51job.com/all/co4781913.html
jobs.51job.com/all/co4781913.html
jobs.51job.com/all/co3097649.html
jobs.51job.com/all/co4102625.html
jobs.51job.com/all/co4102625.html
jobs.51job.com/all/co4102625.html
jobs.51job.com/all/co4102625.html
jobs.51job.com/all/co4102625.html
jobs.51job.com/all/co4102625.html
jobs.51job.com/all/co4102625.html
jobs.51job.com/all/co4102625.html
jobs.51job.com/all/co4102625.html
jobs.51job.com/all/co4102625.html
jobs.51job.com/all/co4102625.html
jobs.51job.com/all/co4102625.html
jobs.51job.com/all/co4102625.html
jobs.51job.com/all/co4102625.html
jobs.51job.com/all/co4102625.html
jobs.51job.com/all/co4102625.html
jobs.51job.com/all/co4102625.html
jobs.51job.com/all/co4102625.html
jobs.51job.com/all/co2467445.html
jobs.51job.com/all/co2467445.html
jobs.51job.com/all/co4529467.html
jobs.51job.com/all/co4006149.html
jobs.51job.com/all/co4006149.html
jobs.51job.com/all/co2673431.html
jobs.51job.com/all/co2128377.html
jobs.51job.com/all/co2128377.html
jobs.51job.com/all/co2128377.html
jobs.51job.com/all/co2128377.html
jobs.51job.com/all/co2128377.html
jobs.51job.com/all/co2128377.html
jobs.51job.com/all/co2683858.html
jobs.51job.com/all/co2683858.html
jobs.51job.com/all/co4404004.html
jobs.51job.com/all/co4404004.html
jobs.51job.com/all/co4404004.html
ldjt.51job.com/job_list2.php?company=2465150
ldjt.51job.com/job_list2.php?company=2465150
ldjt.51job.com/job_list2.php?company=2465150
jobs.51job.com/all/co4351494.html
jobs.51job.com/all/co4351494.html
jobs.51job.com/all/co614737.html
jobs.51job.com/all/co614737.html
jobs.51job.com/all/co3187325.html
jobs.51job.com/all/co4057165.html
ldjt.51job.com/job_list2.php?company=2465150
jobs.51job.com/all/co3052924.html
jobs.51job.com/all/co4448265.html
jobs.51job.com/all/co1164293.html
jobs.51job.com/all/co1164293.html
jobs.51job.com/all/co1164293.html
jobs.51job.com/all/co1164293.html
jobs.51job.com/all/co1164293.html
jobs.51job.com/all/co3484341.html
jobs.51job.com/all/co3484341.html
jobs.51job.com/all/co3484341.html
jobs.51job.com/all/co3484341.html
jobs.51job.com/all/co2224181.html
jobs.51job.com/all/co3455112.html
jobs.51job.com/all/co2128377.html
jobs.51job.com/all/co2128377.html
jobs.51job.com/all/co3833785.html
jobs.51job.com/all/co3833785.html
jobs.51job.com/all/co3833785.html
jobs.51job.com/all/co1554007.html
jobs.51job.com/all/co1477145.html
jobs.51job.com/all/co4837514.html
jobs.51job.com/all/co3265098.html
jobs.51job.com/all/co3195171.html
jobs.51job.com/all/co2224181.html
jobs.51job.com/all/co4861506.html
jobs.51job.com/all/co2386363.html
jobs.51job.com/all/co3728293.html
jobs.51job.com/all/co2298145.html
jobs.51job.com/all/co4173498.html
jobs.51job.com/all/co2298145.html
jobs.51job.com/all/co2298145.html
jobs.51job.com/all/co2298145.html
jobs.51job.com/all/co2964158.html
jobs.51job.com/all/co4520854.html
jobs.51job.com/all/co4139504.html
jobs.51job.com/all/co4209729.html
jobs.51job.com/all/co2264269.html
jobs.51job.com/all/co3565680.html
jobs.51job.com/all/co4697027.html
jobs.51job.com/all/co4757331.html
jobs.51job.com/all/co4757331.html
jobs.51job.com/all/co4731119.html
jobs.51job.com/all/co4731119.html
jobs.51job.com/all/co2963302.html
jobs.51job.com/all/co2963302.html
jobs.51job.com/all/co2963302.html
jobs.51job.com/all/co4929736.html
jobs.51job.com/all/co4929736.html
jobs.51job.com/all/co4929736.html
jobs.51job.com/all/co4929736.html
jobs.51job.com/all/co4929736.html
jobs.51job.com/all/co549249.html
jobs.51job.com/all/co4784427.html
jobs.51job.com/all/co4784427.html
jobs.51job.com/all/co4784427.html
jobs.51job.com/all/co4784427.html
jobs.51job.com/all/co4784427.html
jobs.51job.com/all/co4784427.html
jobs.51job.com/all/co4008376.html
jobs.51job.com/all/co3177923.html
jobs.51job.com/all/co4446533.html
jobs.51job.com/all/co4446533.html
jobs.51job.com/all/co4915212.html
jobs.51job.com/all/co4915212.html
jobs.51job.com/all/co2909735.html
jobs.51job.com/all/co2205015.html
jobs.51job.com/all/co4461974.html
jobs.51job.com/all/co4461974.html
jobs.51job.com/all/co3165974.html
jobs.51job.com/all/co3165974.html
jobs.51job.com/all/co4561746.html
jobs.51job.com/all/co3385830.html
jobs.51job.com/all/co3385830.html
jobs.51job.com/all/co3385830.html
jobs.51job.com/all/co3385830.html
jobs.51job.com/all/co3385830.html
jobs.51job.com/all/co3385830.html
jobs.51job.com/all/co3385830.html
jobs.51job.com/all/co3385830.html
jobs.51job.com/all/co3385830.html
jobs.51job.com/all/co3385830.html
jobs.51job.com/all/co3385830.html
jobs.51job.com/all/co4930434.html
jobs.51job.com/all/co2516360.html
jobs.51job.com/all/co2677279.html
jobs.51job.com/all/co2677279.html
jobs.51job.com/all/co2677279.html
jobs.51job.com/all/co2677279.html
jobs.51job.com/all/co2677279.html
jobs.51job.com/all/co2677279.html
jobs.51job.com/all/co2677279.html
jobs.51job.com/all/co2677279.html
jobs.51job.com/all/co2677279.html
jobs.51job.com/all/co2677279.html
jobs.51job.com/all/co2677279.html
jobs.51job.com/all/co2677279.html
jobs.51job.com/all/co2677279.html
jobs.51job.com/all/co2677279.html
jobs.51job.com/all/co2677279.html
jobs.51job.com/all/co2677279.html
jobs.51job.com/all/co2677279.html
jobs.51job.com/all/co2677279.html
jobs.51job.com/all/co2677279.html
jobs.51job.com/all/co2677279.html
jobs.51job.com/all/co2677279.html
jobs.51job.com/all/co2677279.html
jobs.51job.com/all/co2677279.html
jobs.51job.com/all/co3199664.html
jobs.51job.com/all/co3567320.html
jobs.51job.com/all/co4104102.html
jobs.51job.com/all/co4104102.html
jobs.51job.com/all/co3199664.html
jobs.51job.com/all/co534244.html
jobs.51job.com/all/co2653830.html
jobs.51job.com/all/co534244.html
jobs.51job.com/all/co3445348.html
jobs.51job.com/all/co3445348.html
jobs.51job.com/all/co3445348.html
jobs.51job.com/all/co3445348.html
jobs.51job.com/all/co3445348.html
jobs.51job.com/all/co3445348.html
jobs.51job.com/all/co3445348.html
jobs.51job.com/all/co3445348.html
jobs.51job.com/all/co3818000.html
jobs.51job.com/all/co4618958.html
jobs.51job.com/all/co4704182.html
jobs.51job.com/all/co2569061.html
jobs.51job.com/all/co2187415.html
jobs.51job.com/all/co2187415.html
jobs.51job.com/all/co2187415.html
jobs.51job.com/all/co2187415.html
jobs.51job.com/all/co3560814.html
jobs.51job.com/all/co4227264.html
jobs.51job.com/all/co4227264.html
jobs.51job.com/all/co4227264.html
jobs.51job.com/all/co4227264.html
jobs.51job.com/all/co4227264.html
jobs.51job.com/all/co2926578.html
jobs.51job.com/all/co135210.html
jobs.51job.com/all/co3731567.html
jobs.51job.com/all/co3012038.html
jobs.51job.com/all/co3012038.html
jobs.51job.com/all/co3690068.html
jobs.51job.com/all/co3628622.html
jobs.51job.com/all/co3394525.html
jobs.51job.com/all/co4058255.html
jobs.51job.com/all/co4058255.html
jobs.51job.com/all/co4058255.html
jobs.51job.com/all/co4058255.html
jobs.51job.com/all/co2432626.html
jobs.51job.com/all/co2493053.html
jobs.51job.com/all/co2493053.html
jobs.51job.com/all/co4602527.html
jobs.51job.com/all/co3740544.html
jobs.51job.com/all/co2677279.html
jobs.51job.com/all/co4874738.html
jobs.51job.com/all/co2657506.html
jobs.51job.com/all/co2641985.html
jobs.51job.com/all/co2641985.html
jobs.51job.com/all/co1554124.html
jobs.51job.com/all/co534244.html
jobs.51job.com/all/co4624941.html
jobs.51job.com/all/co3894021.html
jobs.51job.com/all/co3894021.html
jobs.51job.com/all/co3894021.html
jobs.51job.com/all/co3894021.html
jobs.51job.com/all/co3706514.html
jobs.51job.com/all/co3888172.html
jobs.51job.com/all/co135210.html
jobs.51job.com/all/co2065785.html
jobs.51job.com/all/co4008376.html
jobs.51job.com/all/co4523897.html
jobs.51job.com/all/co4370557.html
jobs.51job.com/all/co169914.html
jobs.51job.com/all/co4821053.html
jobs.51job.com/all/co2762658.html
jobs.51job.com/all/co2762658.html
jobs.51job.com/all/co2762658.html
jobs.51job.com/all/co135210.html
jobs.51job.com/all/co2014283.html
jobs.51job.com/all/co2014283.html
jobs.51job.com/all/co3195621.html
jobs.51job.com/all/co3335517.html
jobs.51job.com/all/co2189254.html
jobs.51job.com/all/co3097649.html
jobs.51job.com/all/co3097649.html
jobs.51job.com/all/co3445348.html
jobs.51job.com/all/co3196206.html
jobs.51job.com/all/co3545804.html
jobs.51job.com/all/co3484341.html
jobs.51job.com/all/co314407.html
jobs.51job.com/all/co2897040.html
jobs.51job.com/all/co3445348.html
jobs.51job.com/all/co3445348.html
jobs.51job.com/all/co3445348.html
jobs.51job.com/all/co3445348.html
jobs.51job.com/all/co3743927.html
jobs.51job.com/all/co4639806.html
jobs.51job.com/all/co2588400.html
jobs.51job.com/all/co2588400.html
jobs.51job.com/all/co2588400.html
jobs.51job.com/all/co3163990.html
jobs.51job.com/all/co4821053.html
jobs.51job.com/all/co4821053.html
jobs.51job.com/all/co4821053.html
jobs.51job.com/all/co3615593.html
jobs.51job.com/all/co221969.html
jobs.51job.com/all/co221969.html
jobs.51job.com/all/co221969.html
jobs.51job.com/all/co221969.html
jobs.51job.com/all/co3030278.html
jobs.51job.com/all/co3030278.html
jobs.51job.com/all/co4261602.html
jobs.51job.com/all/co4871180.html
jobs.51job.com/all/co3059729.html
jobs.51job.com/all/co3059729.html
jobs.51job.com/all/co4252599.html
jobs.51job.com/all/co2850204.html
jobs.51job.com/all/co3853131.html
jobs.51job.com/all/co3853131.html
jobs.51job.com/all/co3853131.html
jobs.51job.com/all/co2602886.html
jobs.51job.com/all/co2291137.html
jobs.51job.com/all/co2291137.html
jobs.51job.com/all/co3765083.html
jobs.51job.com/all/co1260504.html
jobs.51job.com/all/co3197853.html
jobs.51job.com/all/co3248001.html
jobs.51job.com/all/co3270847.html
jobs.51job.com/all/co4313389.html
jobs.51job.com/all/co4313389.html
jobs.51job.com/all/co2870787.html
jobs.51job.com/all/co3703997.html
jobs.51job.com/all/co3242097.html
jobs.51job.com/all/co2281909.html
jobs.51job.com/all/co4234044.html
jobs.51job.com/all/co4234044.html
jobs.51job.com/all/co3699605.html
jobs.51job.com/all/co3595844.html
jobs.51job.com/all/co2615078.html
jobs.51job.com/all/co3545804.html
jobs.51job.com/all/co3545804.html
jobs.51job.com/all/co4020438.html
jobs.51job.com/all/co639755.html
jobs.51job.com/all/co639755.html
jobs.51job.com/all/co639755.html
jobs.51job.com/all/co3575324.html
jobs.51job.com/all/co3575324.html
jobs.51job.com/all/co3575324.html
jobs.51job.com/all/co3575324.html
jobs.51job.com/all/co2360300.html
jobs.51job.com/all/co2872354.html
jobs.51job.com/all/co2872354.html
jobs.51job.com/all/co3872014.html
jobs.51job.com/all/co3872014.html
jobs.51job.com/all/co3872014.html
jobs.51job.com/all/co4582422.html
jobs.51job.com/all/co4011705.html
jobs.51job.com/all/co4011705.html
jobs.51job.com/all/co4358024.html
jobs.51job.com/all/co2782632.html
jobs.51job.com/all/co4358024.html
jobs.51job.com/all/co4358024.html
jobs.51job.com/all/co3407637.html
jobs.51job.com/all/co3407637.html
jobs.51job.com/all/co2382812.html
jobs.51job.com/all/co179932.html
jobs.51job.com/all/co3924585.html
jobs.51job.com/all/co3253593.html
jobs.51job.com/all/co3768172.html
jobs.51job.com/all/co3768172.html
jobs.51job.com/all/co3768172.html
jobs.51job.com/all/co4275421.html
jobs.51job.com/all/co2544578.html
jobs.51job.com/all/co496475.html
jobs.51job.com/all/co3385830.html
jobs.51job.com/all/co4244623.html
jobs.51job.com/all/co4873389.html
jobs.51job.com/all/co2226837.html
jobs.51job.com/all/co2008945.html
jobs.51job.com/all/co3090811.html
jobs.51job.com/all/co3090811.html
jobs.51job.com/all/co3090811.html
jobs.51job.com/all/co3318840.html
jobs.51job.com/all/co4535128.html
jobs.51job.com/all/co2964158.html
jobs.51job.com/all/co4764796.html
jobs.51job.com/all/co3385830.html
jobs.51job.com/all/co4058255.html
jobs.51job.com/all/co2495710.html
jobs.51job.com/all/co2495710.html
jobs.51job.com/all/co3778481.html
jobs.51job.com/all/co571317.html
jobs.51job.com/all/co773825.html
jobs.51job.com/all/co773825.html
jobs.51job.com/all/co773825.html
jobs.51job.com/all/co773825.html
jobs.51job.com/all/co773825.html
jobs.51job.com/all/co773825.html
jobs.51job.com/all/co773825.html
jobs.51job.com/all/co773825.html
jobs.51job.com/all/co773825.html
jobs.51job.com/all/co773825.html
jobs.51job.com/all/co773825.html
jobs.51job.com/all/co773825.html
jobs.51job.com/all/co773825.html
jobs.51job.com/all/co773825.html
jobs.51job.com/all/co773825.html
jobs.51job.com/all/co773825.html
jobs.51job.com/all/co773825.html
jobs.51job.com/all/co571317.html
