jobs.51job.com/all/co3092682.html
jobs.51job.com/all/co4751818.html
jobs.51job.com/all/co2978604.html
jobs.51job.com/all/co4770773.html
jobs.51job.com/all/co307597.html
jobs.51job.com/all/co4081320.html
jobs.51job.com/all/co4941603.html
jobs.51job.com/all/co2507622.html
jobs.51job.com/all/co1692767.html
jobs.51job.com/all/co258998.html
jobs.51job.com/all/co4517739.html
jobs.51job.com/all/co2008945.html
jobs.51job.com/all/co3285506.html
jobs.51job.com/all/co3879470.html
jobs.51job.com/all/co4141215.html
jobs.51job.com/all/co2157956.html
jobs.51job.com/all/co3089140.html
jobs.51job.com/all/co2684092.html
jobs.51job.com/all/co3412334.html
jobs.51job.com/all/co2763838.html
jobs.51job.com/all/co3222563.html
jobs.51job.com/all/co3370725.html
jobs.51job.com/all/co4721863.html
jobs.51job.com/all/co3633302.html
jobs.51job.com/all/co3862116.html
jobs.51job.com/all/co3070733.html
jobs.51job.com/all/co4661191.html
jobs.51job.com/all/co4746914.html
jobs.51job.com/all/co4714726.html
jobs.51job.com/all/co2925416.html
jobs.51job.com/all/co4457317.html
jobs.51job.com/all/co3304299.html
jobs.51job.com/all/co4457697.html
jobs.51job.com/all/co4918488.html
jobs.51job.com/all/co4060339.html
jobs.51job.com/all/co4701179.html
jobs.51job.com/all/co4152607.html
jobs.51job.com/all/co2801736.html
jobs.51job.com/all/co4853365.html
jobs.51job.com/all/co3927913.html
jobs.51job.com/all/co2553742.html
jobs.51job.com/all/co3805119.html
jobs.51job.com/all/co4166367.html
jobs.51job.com/all/co4527101.html
jobs.51job.com/all/co4522394.html
jobs.51job.com/all/co3455119.html
jobs.51job.com/all/co4432461.html
jobs.51job.com/all/co3537608.html
jobs.51job.com/all/co4909102.html
jobs.51job.com/all/co4718424.html
jobs.51job.com/all/co2554591.html
jobs.51job.com/all/co2829256.html
jobs.51job.com/all/co4405080.html
jobs.51job.com/all/co3597846.html
jobs.51job.com/all/co3225459.html
jobs.51job.com/all/co2958341.html
jobs.51job.com/all/co3059729.html
jobs.51job.com/all/co3357537.html
jobs.51job.com/all/co4802661.html
jobs.51job.com/all/co4955721.html
jobs.51job.com/all/co4346102.html
jobs.51job.com/all/co2782632.html
jobs.51job.com/all/co4288957.html
jobs.51job.com/all/co4515078.html
jobs.51job.com/all/co4922012.html
jobs.51job.com/all/co4403866.html
jobs.51job.com/all/co2306914.html
jobs.51job.com/all/co4515063.html
jobs.51job.com/all/co4240321.html
jobs.51job.com/all/co4412815.html
jobs.51job.com/all/co3944971.html
jobs.51job.com/all/co4844810.html
jobs.51job.com/all/co4762823.html
jobs.51job.com/all/co4925510.html
jobs.51job.com/all/co4882397.html
jobs.51job.com/all/co4673966.html
jobs.51job.com/all/co4646775.html
jobs.51job.com/all/co4925581.html
jobs.51job.com/all/co4043158.html
jobs.51job.com/all/co4883007.html
jobs.51job.com/all/co4632815.html
jobs.51job.com/all/co518723.html
jobs.51job.com/all/co4324125.html
jobs.51job.com/all/co4407265.html
jobs.51job.com/all/co4515074.html
jobs.51job.com/all/co4493502.html
jobs.51job.com/all/co3189691.html
jobs.51job.com/all/co4835950.html
ldjt.51job.com/job_list2.php?company=2465299
jobs.51job.com/all/co4854836.html
jobs.51job.com/all/co4956379.html
jobs.51job.com/all/co4878068.html
jobs.51job.com/all/co3202580.html
jobs.51job.com/all/co4947509.html
jobs.51job.com/all/co4880723.html
jobs.51job.com/all/co4832710.html
jobs.51job.com/all/co4340170.html
jobs.51job.com/all/co4335258.html
jobs.51job.com/all/co4737462.html
jobs.51job.com/all/co4615576.html
jobs.51job.com/all/co4515082.html
jobs.51job.com/all/co4490850.html
jobs.51job.com/all/co2622320.html
jobs.51job.com/all/co2308753.html
jobs.51job.com/all/co4795573.html
jobs.51job.com/all/co4825941.html
jobs.51job.com/all/co2418939.html
jobs.51job.com/all/co4872567.html
jobs.51job.com/all/co3272638.html
jobs.51job.com/all/co4143326.html
jobs.51job.com/all/co4915252.html
jobs.51job.com/all/co2667179.html
jobs.51job.com/all/co2531079.html
jobs.51job.com/all/co2987161.html
jobs.51job.com/all/co2683424.html
jobs.51job.com/all/co4914024.html
jobs.51job.com/all/co4935579.html
jobs.51job.com/all/co4922002.html
jobs.51job.com/all/co4905034.html
jobs.51job.com/all/co4668506.html
jobs.51job.com/all/co4515072.html
jobs.51job.com/all/co4659914.html
jobs.51job.com/all/co4219662.html
jobs.51job.com/all/co4585609.html
jobs.51job.com/all/co4730192.html
jobs.51job.com/all/co4098930.html
jobs.51job.com/all/co3608437.html
jobs.51job.com/all/co4248191.html
jobs.51job.com/all/co4772888.html
jobs.51job.com/all/co4870757.html
jobs.51job.com/all/co4149238.html
jobs.51job.com/all/co4836830.html
jobs.51job.com/all/co4733466.html
jobs.51job.com/all/co3999117.html
jobs.51job.com/all/co4312731.html
jobs.51job.com/all/co4413049.html
jobs.51job.com/all/co4352207.html
jobs.51job.com/all/co4664883.html
jobs.51job.com/all/co4436775.html
jobs.51job.com/all/co4640445.html
jobs.51job.com/all/co4088447.html
jobs.51job.com/all/co3972504.html
jobs.51job.com/all/co4633334.html
jobs.51job.com/all/co3150808.html
jobs.51job.com/all/co4949762.html
jobs.51job.com/all/co4929574.html
jobs.51job.com/all/co4898683.html
jobs.51job.com/all/co3139879.html
jobs.51job.com/all/co4890700.html
jobs.51job.com/all/co2980556.html
jobs.51job.com/all/co3535413.html
jobs.51job.com/all/co3970684.html
jobs.51job.com/all/co4866681.html
jobs.51job.com/all/co4075766.html
jobs.51job.com/all/co3968305.html
jobs.51job.com/all/co4895933.html
jobs.51job.com/all/co4429882.html
jobs.51job.com/all/co4077601.html
jobs.51job.com/all/co3318802.html
jobs.51job.com/all/co3913251.html
jobs.51job.com/all/co4806577.html
jobs.51job.com/all/co2505515.html
jobs.51job.com/all/co4587461.html
jobs.51job.com/all/co3328273.html
jobs.51job.com/all/co4713805.html
jobs.51job.com/all/co2430744.html
jobs.51job.com/all/co4193222.html
jobs.51job.com/all/co2367690.html
jobs.51job.com/all/co4079089.html
jobs.51job.com/all/co2651263.html
jobs.51job.com/all/co4436998.html
jobs.51job.com/all/co3931540.html
jobs.51job.com/all/co3539437.html
jobs.51job.com/all/co4090807.html
jobs.51job.com/all/co4698571.html
jobs.51job.com/all/co4768320.html
jobs.51job.com/all/co4876323.html
jobs.51job.com/all/co4929745.html
jobs.51job.com/all/co490808.html
jobs.51job.com/all/co4190915.html
jobs.51job.com/all/co4556243.html
jobs.51job.com/all/co4422145.html
jobs.51job.com/all/co4554351.html
jobs.51job.com/all/co2898094.html
jobs.51job.com/all/co2565112.html
jobs.51job.com/all/co3586280.html
jobs.51job.com/all/co4528855.html
jobs.51job.com/all/co3669413.html
jobs.51job.com/all/co4771072.html
jobs.51job.com/all/co4782098.html
jobs.51job.com/all/co3428886.html
jobs.51job.com/all/co3364993.html
jobs.51job.com/all/co4852676.html
jobs.51job.com/all/co4564584.html
jobs.51job.com/all/co3411373.html
jobs.51job.com/all/co4832653.html
jobs.51job.com/all/co3896000.html
jobs.51job.com/all/co4412394.html
jobs.51job.com/all/co4143951.html
jobs.51job.com/all/co4464531.html
jobs.51job.com/all/co4563311.html
jobs.51job.com/all/co3706514.html
jobs.51job.com/all/co3700974.html
jobs.51job.com/all/co4084045.html
jobs.51job.com/all/co4474706.html
jobs.51job.com/all/co2999839.html
jobs.51job.com/all/co3000656.html
jobs.51job.com/all/co3142775.html
jobs.51job.com/all/co4479061.html
jobs.51job.com/all/co3975753.html
jobs.51job.com/all/co2569478.html
jobs.51job.com/all/co2687393.html
jobs.51job.com/all/co3960557.html
jobs.51job.com/all/co4067751.html
jobs.51job.com/all/co3868047.html
jobs.51job.com/all/co3768172.html
jobs.51job.com/all/co3384938.html
jobs.51job.com/all/co628213.html
jobs.51job.com/all/co1377881.html
jobs.51job.com/all/co2495119.html
jobs.51job.com/all/co437224.html
jobs.51job.com/all/co3000860.html
jobs.51job.com/all/co4411309.html
jobs.51job.com/all/co2977898.html
jobs.51job.com/all/co2682931.html
jobs.51job.com/all/co4729985.html
jobs.51job.com/all/co4920584.html
jobs.51job.com/all/co4793043.html
jobs.51job.com/all/co4662615.html
jobs.51job.com/all/co4838862.html
jobs.51job.com/all/co3037498.html
jobs.51job.com/all/co3893889.html
jobs.51job.com/all/co3683881.html
jobs.51job.com/all/co4515823.html
jobs.51job.com/all/co2668161.html
jobs.51job.com/all/co3020019.html
jobs.51job.com/all/co4739639.html
jobs.51job.com/all/co2288110.html
jobs.51job.com/all/co2984471.html
jobs.51job.com/all/co3419729.html
jobs.51job.com/all/co228161.html
jobs.51job.com/all/co3124050.html
jobs.51job.com/all/co4511281.html
jobs.51job.com/all/co596353.html
creditease.51job.com
jobs.51job.com/all/co4947634.html
jobs.51job.com/all/co4789430.html
jobs.51job.com/all/co4875554.html
jobs.51job.com/all/co2059081.html
jobs.51job.com/all/co4783135.html
jobs.51job.com/all/co4884079.html
jobs.51job.com/all/co4748373.html
jobs.51job.com/all/co4190230.html
jobs.51job.com/all/co4438154.html
jobs.51job.com/all/co4413383.html
jobs.51job.com/all/co3975911.html
jobs.51job.com/all/co4598325.html
jobs.51job.com/all/co4848190.html
jobs.51job.com/all/co4341369.html
jobs.51job.com/all/co154201.html
jobs.51job.com/all/co4115536.html
jobs.51job.com/all/co4377988.html
jobs.51job.com/all/co4929415.html
jobs.51job.com/all/co4583112.html
jobs.51job.com/all/co4471667.html
jobs.51job.com/all/co2452951.html
jobs.51job.com/all/co4932829.html
jobs.51job.com/all/co4723233.html
jobs.51job.com/all/co2749331.html
jobs.51job.com/all/co3470100.html
jobs.51job.com/all/co3440254.html
jobs.51job.com/all/co3698685.html
jobs.51job.com/all/co2860505.html
jobs.51job.com/all/co3388905.html
jobs.51job.com/all/co4796429.html
jobs.51job.com/all/co4532350.html
jobs.51job.com/all/co2389379.html
jobs.51job.com/all/co465163.html
jobs.51job.com/all/co4546213.html
jobs.51job.com/all/co4875797.html
jobs.51job.com/all/co3073705.html
jobs.51job.com/all/co3117609.html
jobs.51job.com/all/co4730170.html
jobs.51job.com/all/co4933953.html
jobs.51job.com/all/co4904242.html
jobs.51job.com/all/co4782940.html
jobs.51job.com/all/co2429684.html
jobs.51job.com/all/co2499910.html
jobs.51job.com/all/co3858189.html
jobs.51job.com/all/co4194816.html
jobs.51job.com/all/co3926887.html
jobs.51job.com/all/co2302420.html
jobs.51job.com/all/co4635233.html
jobs.51job.com/all/co4826121.html
jobs.51job.com/all/co2571472.html
jobs.51job.com/all/co2711052.html
jobs.51job.com/all/co3820222.html
jobs.51job.com/all/co4842379.html
jobs.51job.com/all/co3849758.html
jobs.51job.com/all/co4161129.html
jobs.51job.com/all/co4450890.html
jobs.51job.com/all/co2651624.html
jobs.51job.com/all/co3567320.html
jobs.51job.com/all/co3473625.html
jobs.51job.com/all/co1196858.html
jobs.51job.com/all/co4873389.html
jobs.51job.com/all/co3719796.html
jobs.51job.com/all/co1611383.html
jobs.51job.com/all/co3163169.html
jobs.51job.com/all/co3976517.html
jobs.51job.com/all/co4543438.html
jobs.51job.com/all/co2758613.html
jobs.51job.com/all/co3999141.html
jobs.51job.com/all/co3270847.html
jobs.51job.com/all/co4564811.html
jobs.51job.com/all/co3277051.html
jobs.51job.com/all/co4595060.html
jobs.51job.com/all/co3966522.html
jobs.51job.com/all/co3910582.html
jobs.51job.com/all/co2460490.html
jobs.51job.com/all/co3723602.html
jobs.51job.com/all/co4046426.html
jobs.51job.com/all/co4455740.html
jobs.51job.com/all/co4359908.html
jobs.51job.com/all/co2932837.html
jobs.51job.com/all/co3875478.html
jobs.51job.com/all/co4847800.html
jobs.51job.com/all/co3307886.html
jobs.51job.com/all/co2776054.html
jobs.51job.com/all/co4798930.html
jobs.51job.com/all/co4505423.html
jobs.51job.com/all/co2804191.html
jobs.51job.com/all/co4776349.html
jobs.51job.com/all/co4895294.html
jobs.51job.com/all/co4841761.html
jobs.51job.com/all/co2330475.html
jobs.51job.com/all/co3830166.html
jobs.51job.com/all/co3076368.html
jobs.51job.com/all/co2649955.html
jobs.51job.com/all/co4527608.html
jobs.51job.com/all/co4383238.html
jobs.51job.com/all/co4408625.html
jobs.51job.com/all/co2506296.html
jobs.51job.com/all/co4699769.html
jobs.51job.com/all/co4432830.html
jobs.51job.com/all/co4610952.html
jobs.51job.com/all/co216063.html
jobs.51job.com/all/co3224627.html
jobs.51job.com/all/co4357176.html
jobs.51job.com/all/co4095680.html
jobs.51job.com/all/co4596610.html
jobs.51job.com/all/co4600916.html
jobs.51job.com/all/co4823494.html
jobs.51job.com/all/co4010393.html
jobs.51job.com/all/co4448959.html
jobs.51job.com/all/co4930255.html
jobs.51job.com/all/co4584041.html
jobs.51job.com/all/co4343569.html
jobs.51job.com/all/co2991285.html
jobs.51job.com/all/co4937170.html
jobs.51job.com/all/co3450655.html
jobs.51job.com/all/co4718450.html
jobs.51job.com/all/co2676984.html
jobs.51job.com/all/co3610872.html
jobs.51job.com/all/co3483307.html
jobs.51job.com/all/co4840257.html
jobs.51job.com/all/co3909628.html
jobs.51job.com/all/co2656979.html
jobs.51job.com/all/co3277384.html
jobs.51job.com/all/co4491858.html
jobs.51job.com/all/co3292309.html
jobs.51job.com/all/co187202.html
jobs.51job.com/all/co3001587.html
jobs.51job.com/all/co2747130.html
jobs.51job.com/all/co3978934.html
jobs.51job.com/all/co3292415.html
jobs.51job.com/all/co2502016.html
jobs.51job.com/all/co3833785.html
jobs.51job.com/all/co321371.html
jobs.51job.com/all/co4372857.html
jobs.51job.com/all/co4476280.html
jobs.51job.com/all/co4035857.html
jobs.51job.com/all/co4248441.html
jobs.51job.com/all/co4577966.html
jobs.51job.com/all/co4268890.html
jobs.51job.com/all/co166902.html
jobs.51job.com/all/co3742665.html
jobs.51job.com/all/co4807759.html
jobs.51job.com/all/co2725655.html
jobs.51job.com/all/co4322015.html
jobs.51job.com/all/co4918156.html
jobs.51job.com/all/co2937566.html
jobs.51job.com/all/co2435093.html
jobs.51job.com/all/co4356061.html
jobs.51job.com/all/co4923983.html
jobs.51job.com/all/co2711593.html
jobs.51job.com/all/co4809911.html
jobs.51job.com/all/co2581538.html
jobs.51job.com/all/co4539151.html
jobs.51job.com/all/co3942043.html
jobs.51job.com/all/co4168805.html
jobs.51job.com/all/co3600721.html
jobs.51job.com/all/co4152142.html
jobs.51job.com/all/co3558953.html
jobs.51job.com/all/co3137156.html
jobs.51job.com/all/co2832740.html
jobs.51job.com/all/co4491172.html
jobs.51job.com/all/co4282478.html
jobs.51job.com/all/co4487843.html
job.markorhome.com/
jobs.51job.com/all/co4099993.html
jobs.51job.com/all/co4439750.html
jobs.51job.com/all/co2691621.html
jobs.51job.com/all/co4858785.html
jobs.51job.com/all/co4763596.html
jobs.51job.com/all/co4008376.html
jobs.51job.com/all/co4820953.html
jobs.51job.com/all/co3834445.html
jobs.51job.com/all/co4501349.html
jobs.51job.com/all/co3009319.html
jobs.51job.com/all/co4247074.html
jobs.51job.com/all/co4801564.html
jobs.51job.com/all/co2202048.html
jobs.51job.com/all/co4874940.html
jobs.51job.com/all/co3897708.html
jobs.51job.com/all/co4241576.html
jobs.51job.com/all/co3692341.html
jobs.51job.com/all/co4354947.html
jobs.51job.com/all/co393666.html
jobs.51job.com/all/co4175915.html
jobs.51job.com/all/co1756283.html
jobs.51job.com/all/co3941326.html
jobs.51job.com/all/co3028389.html
jobs.51job.com/all/co4765384.html
jobs.51job.com/all/co4434961.html
jobs.51job.com/all/co2431520.html
jobs.51job.com/all/co4858784.html
jobs.51job.com/all/co3948957.html
jobs.51job.com/all/co195588.html
jobs.51job.com/all/co316507.html
jobs.51job.com/all/co3748306.html
jobs.51job.com/all/co4309729.html
jobs.51job.com/all/co4821068.html
jobs.51job.com/all/co4307116.html
jobs.51job.com/all/co4868294.html
jobs.51job.com/all/co2705212.html
jobs.51job.com/all/co1242007.html
jobs.51job.com/all/co4301115.html
jobs.51job.com/all/co2577209.html
jobs.51job.com/all/co2790473.html
jobs.51job.com/all/co2063471.html
jobs.51job.com/all/co3700164.html
jobs.51job.com/all/co4324033.html
jobs.51job.com/all/co3686692.html
jobs.51job.com/all/co4304075.html
jobs.51job.com/all/co4300956.html
jobs.51job.com/all/co2638146.html
jobs.51job.com/all/co4169346.html
jobs.51job.com/all/co4799047.html
jobs.51job.com/all/co4799042.html
jobs.51job.com/all/co3834304.html
jobs.51job.com/all/co1554124.html
jobs.51job.com/all/co4570029.html
jobs.51job.com/all/co2064368.html
jobs.51job.com/all/co2737498.html
jobs.51job.com/all/co2320090.html
jobs.51job.com/all/co4643132.html
jobs.51job.com/all/co4127176.html
jobs.51job.com/all/co4066725.html
jobs.51job.com/all/co3508917.html
jobs.51job.com/all/co4400407.html
jobs.51job.com/all/co2892567.html
jobs.51job.com/all/co2542858.html
jobs.51job.com/all/co4024904.html
jobs.51job.com/all/co3644204.html
jobs.51job.com/all/co2447475.html
jobs.51job.com/all/co4479379.html
jobs.51job.com/all/co3941137.html
jobs.51job.com/all/co1270831.html
jobs.51job.com/all/co4045964.html
jobs.51job.com/all/co4257770.html
jobs.51job.com/all/co4245196.html
jobs.51job.com/all/co3836181.html
jobs.51job.com/all/co2460539.html
jobs.51job.com/all/co3765083.html
jobs.51job.com/all/co4230588.html
jobs.51job.com/all/co3845097.html
jobs.51job.com/all/co4658153.html
jobs.51job.com/all/co4274047.html
jobs.51job.com/all/co2974100.html
jobs.51job.com/all/co114531.html
jobs.51job.com/all/co3664841.html
jobs.51job.com/all/co4215012.html
jobs.51job.com/all/co4237153.html
jobs.51job.com/all/co4600544.html
jobs.51job.com/all/co2622476.html
jobs.51job.com/all/co4190368.html
jobs.51job.com/all/co4741973.html
jobs.51job.com/all/co4909409.html
jobs.51job.com/all/co2692502.html
jobs.51job.com/all/co135210.html
jobs.51job.com/all/co2226854.html
jobs.51job.com/all/co2123545.html
jobs.51job.com/all/co3092682.html
jobs.51job.com/all/co3092682.html
jobs.51job.com/all/co4751818.html
jobs.51job.com/all/co4770773.html
jobs.51job.com/all/co4770773.html
jobs.51job.com/all/co4770773.html
jobs.51job.com/all/co4770773.html
jobs.51job.com/all/co4770773.html
jobs.51job.com/all/co4770773.html
jobs.51job.com/all/co4770773.html
jobs.51job.com/all/co4770773.html
jobs.51job.com/all/co4770773.html
jobs.51job.com/all/co4770773.html
jobs.51job.com/all/co4770773.html
jobs.51job.com/all/co4770773.html
jobs.51job.com/all/co4770773.html
jobs.51job.com/all/co4770773.html
jobs.51job.com/all/co4770773.html
jobs.51job.com/all/co4770773.html
jobs.51job.com/all/co4770773.html
jobs.51job.com/all/co4770773.html
jobs.51job.com/all/co4770773.html
jobs.51job.com/all/co4770773.html
jobs.51job.com/all/co4770773.html
jobs.51job.com/all/co4770773.html
jobs.51job.com/all/co4770773.html
jobs.51job.com/all/co4770773.html
jobs.51job.com/all/co4770773.html
jobs.51job.com/all/co4770773.html
jobs.51job.com/all/co4770773.html
jobs.51job.com/all/co4770773.html
jobs.51job.com/all/co4770773.html
jobs.51job.com/all/co4770773.html
jobs.51job.com/all/co4770773.html
jobs.51job.com/all/co2507622.html
jobs.51job.com/all/co4661191.html
jobs.51job.com/all/co4746914.html
jobs.51job.com/all/co4746914.html
jobs.51job.com/all/co4746914.html
jobs.51job.com/all/co4746914.html
jobs.51job.com/all/co4721863.html
jobs.51job.com/all/co4918488.html
jobs.51job.com/all/co4457697.html
jobs.51job.com/all/co4457697.html
jobs.51job.com/all/co4853365.html
jobs.51job.com/all/co2553742.html
jobs.51job.com/all/co3927913.html
jobs.51job.com/all/co2553742.html
jobs.51job.com/all/co3537608.html
jobs.51job.com/all/co3537608.html
jobs.51job.com/all/co4909102.html
jobs.51job.com/all/co3597846.html
jobs.51job.com/all/co4955721.html
jobs.51job.com/all/co4955721.html
jobs.51job.com/all/co4346102.html
jobs.51job.com/all/co4346102.html
jobs.51job.com/all/co4346102.html
jobs.51job.com/all/co4346102.html
jobs.51job.com/all/co4346102.html
jobs.51job.com/all/co4718424.html
jobs.51job.com/all/co4718424.html
jobs.51job.com/all/co4718424.html
jobs.51job.com/all/co4718424.html
jobs.51job.com/all/co4718424.html
jobs.51job.com/all/co4718424.html
jobs.51job.com/all/co4718424.html
jobs.51job.com/all/co4718424.html
jobs.51job.com/all/co4718424.html
jobs.51job.com/all/co4718424.html
jobs.51job.com/all/co4288957.html
jobs.51job.com/all/co4288957.html
jobs.51job.com/all/co4288957.html
jobs.51job.com/all/co4288957.html
jobs.51job.com/all/co2782632.html
jobs.51job.com/all/co2782632.html
jobs.51job.com/all/co4515078.html
jobs.51job.com/all/co3092682.html
jobs.51job.com/all/co3092682.html
jobs.51job.com/all/co3092682.html
jobs.51job.com/all/co3092682.html
jobs.51job.com/all/co4240321.html
jobs.51job.com/all/co4240321.html
jobs.51job.com/all/co4240321.html
jobs.51job.com/all/co4240321.html
jobs.51job.com/all/co4240321.html
jobs.51job.com/all/co4240321.html
jobs.51job.com/all/co4240321.html
jobs.51job.com/all/co4240321.html
jobs.51job.com/all/co4240321.html
jobs.51job.com/all/co4240321.html
jobs.51job.com/all/co4412815.html
jobs.51job.com/all/co4403866.html
jobs.51job.com/all/co4515078.html
jobs.51job.com/all/co2306914.html
jobs.51job.com/all/co4925510.html
jobs.51job.com/all/co3089140.html
jobs.51job.com/all/co4762823.html
jobs.51job.com/all/co4762823.html
jobs.51job.com/all/co4515074.html
jobs.51job.com/all/co4515074.html
jobs.51job.com/all/co4515063.html
jobs.51job.com/all/co4515063.html
jobs.51job.com/all/co4515063.html
jobs.51job.com/all/co4412815.html
jobs.51job.com/all/co4835950.html
jobs.51job.com/all/co4835950.html
jobs.51job.com/all/co4882397.html
jobs.51job.com/all/co4882397.html
jobs.51job.com/all/co4403866.html
jobs.51job.com/all/co4515078.html
jobs.51job.com/all/co4403866.html
jobs.51job.com/all/co4844810.html
jobs.51job.com/all/co4844810.html
jobs.51job.com/all/co4646775.html
jobs.51job.com/all/co4854836.html
jobs.51job.com/all/co4854836.html
jobs.51job.com/all/co4835950.html
jobs.51job.com/all/co4835950.html
jobs.51job.com/all/co4835950.html
jobs.51job.com/all/co4335258.html
jobs.51job.com/all/co4515078.html
jobs.51job.com/all/co4737462.html
jobs.51job.com/all/co4615576.html
jobs.51job.com/all/co4515078.html
jobs.51job.com/all/co4515078.html
jobs.51job.com/all/co4490850.html
jobs.51job.com/all/co4490850.html
jobs.51job.com/all/co4490850.html
jobs.51job.com/all/co4043158.html
jobs.51job.com/all/co4632815.html
jobs.51job.com/all/co4632815.html
jobs.51job.com/all/co4632815.html
jobs.51job.com/all/co4795573.html
jobs.51job.com/all/co4825941.html
jobs.51job.com/all/co4457697.html
jobs.51job.com/all/co4872567.html
jobs.51job.com/all/co4324125.html
jobs.51job.com/all/co4324125.html
jobs.51job.com/all/co4407265.html
jobs.51job.com/all/co4515063.html
jobs.51job.com/all/co4515063.html
jobs.51job.com/all/co4915252.html
jobs.51job.com/all/co4493502.html
jobs.51job.com/all/co4882397.html
jobs.51job.com/all/co4882397.html
jobs.51job.com/all/co4882397.html
jobs.51job.com/all/co4882397.html
jobs.51job.com/all/co4882397.html
jobs.51job.com/all/co4882397.html
jobs.51job.com/all/co4882397.html
jobs.51job.com/all/co4515078.html
jobs.51job.com/all/co4515082.html
jobs.51job.com/all/co4515082.html
jobs.51job.com/all/co4515082.html
jobs.51job.com/all/co2958341.html
jobs.51job.com/all/co2958341.html
jobs.51job.com/all/co4909102.html
jobs.51job.com/all/co2958341.html
jobs.51job.com/all/co4844810.html
jobs.51job.com/all/co4844810.html
jobs.51job.com/all/co4844810.html
jobs.51job.com/all/co3272638.html
jobs.51job.com/all/co3272638.html
jobs.51job.com/all/co4947509.html
jobs.51job.com/all/co4914024.html
jobs.51job.com/all/co4947509.html
jobs.51job.com/all/co4340170.html
jobs.51job.com/all/co4832710.html
jobs.51job.com/all/co4340170.html
jobs.51job.com/all/co4515078.html
jobs.51job.com/all/co4515082.html
jobs.51job.com/all/co4659914.html
jobs.51job.com/all/co4659914.html
jobs.51job.com/all/co4659914.html
jobs.51job.com/all/co4659914.html
jobs.51job.com/all/co4659914.html
jobs.51job.com/all/co2622320.html
jobs.51job.com/all/co4515078.html
jobs.51job.com/all/co4043158.html
jobs.51job.com/all/co4515078.html
jobs.51job.com/all/co4403866.html
jobs.51job.com/all/co4403866.html
jobs.51job.com/all/co4403866.html
jobs.51job.com/all/co4324125.html
jobs.51job.com/all/co4324125.html
jobs.51job.com/all/co3272638.html
jobs.51job.com/all/co4098930.html
jobs.51job.com/all/co4098930.html
jobs.51job.com/all/co4098930.html
jobs.51job.com/all/co4098930.html
jobs.51job.com/all/co4098930.html
jobs.51job.com/all/co4098930.html
jobs.51job.com/all/co4043158.html
jobs.51job.com/all/co4515078.html
jobs.51job.com/all/co4515082.html
jobs.51job.com/all/co4772888.html
jobs.51job.com/all/co4870757.html
jobs.51job.com/all/co4870757.html
jobs.51job.com/all/co4730192.html
jobs.51job.com/all/co4515074.html
jobs.51job.com/all/co4515074.html
jobs.51job.com/all/co4515074.html
jobs.51job.com/all/co4515074.html
jobs.51job.com/all/co4515074.html
jobs.51job.com/all/co4515074.html
jobs.51job.com/all/co4515074.html
jobs.51job.com/all/co4515074.html
jobs.51job.com/all/co4515074.html
jobs.51job.com/all/co4515074.html
jobs.51job.com/all/co4515078.html
jobs.51job.com/all/co4493502.html
jobs.51job.com/all/co4493502.html
jobs.51job.com/all/co4493502.html
jobs.51job.com/all/co4493502.html
jobs.51job.com/all/co4493502.html
jobs.51job.com/all/co4493502.html
jobs.51job.com/all/co4493502.html
jobs.51job.com/all/co4493502.html
jobs.51job.com/all/co4493502.html
jobs.51job.com/all/co4493502.html
jobs.51job.com/all/co4493502.html
jobs.51job.com/all/co4493502.html
jobs.51job.com/all/co4832710.html
jobs.51job.com/all/co4832710.html
jobs.51job.com/all/co4772888.html
jobs.51job.com/all/co4772888.html
jobs.51job.com/all/co4772888.html
jobs.51job.com/all/co4772888.html
jobs.51job.com/all/co4772888.html
jobs.51job.com/all/co4515063.html
jobs.51job.com/all/co4836830.html
jobs.51job.com/all/co4836830.html
jobs.51job.com/all/co4836830.html
jobs.51job.com/all/co4836830.html
jobs.51job.com/all/co4836830.html
jobs.51job.com/all/co4836830.html
jobs.51job.com/all/co4836830.html
jobs.51job.com/all/co4515063.html
jobs.51job.com/all/co4733466.html
jobs.51job.com/all/co4733466.html
jobs.51job.com/all/co4733466.html
jobs.51job.com/all/co4733466.html
jobs.51job.com/all/co4733466.html
jobs.51job.com/all/co4733466.html
jobs.51job.com/all/co4733466.html
jobs.51job.com/all/co4733466.html
jobs.51job.com/all/co4733466.html
jobs.51job.com/all/co4733466.html
jobs.51job.com/all/co4733466.html
jobs.51job.com/all/co4733466.html
jobs.51job.com/all/co4515063.html
jobs.51job.com/all/co4312731.html
jobs.51job.com/all/co3999117.html
jobs.51job.com/all/co3999117.html
jobs.51job.com/all/co4493502.html
jobs.51job.com/all/co4493502.html
jobs.51job.com/all/co4493502.html
jobs.51job.com/all/co4493502.html
jobs.51job.com/all/co4493502.html
jobs.51job.com/all/co4493502.html
jobs.51job.com/all/co4493502.html
jobs.51job.com/all/co4493502.html
jobs.51job.com/all/co4493502.html
jobs.51job.com/all/co4493502.html
jobs.51job.com/all/co4515078.html
jobs.51job.com/all/co4515078.html
jobs.51job.com/all/co4515078.html
jobs.51job.com/all/co4515078.html
jobs.51job.com/all/co4515078.html
jobs.51job.com/all/co4515078.html
jobs.51job.com/all/co4832710.html
jobs.51job.com/all/co4081320.html
jobs.51job.com/all/co4081320.html
jobs.51job.com/all/co4898683.html
jobs.51job.com/all/co4898683.html
jobs.51job.com/all/co4898683.html
jobs.51job.com/all/co4898683.html
jobs.51job.com/all/co4772888.html
jobs.51job.com/all/co4772888.html
jobs.51job.com/all/co4515063.html
jobs.51job.com/all/co4515063.html
jobs.51job.com/all/co3970684.html
jobs.51job.com/all/co3999117.html
jobs.51job.com/all/co3999117.html
jobs.51job.com/all/co3608437.html
jobs.51job.com/all/co4413049.html
jobs.51job.com/all/co4413049.html
jobs.51job.com/all/co4795573.html
jobs.51job.com/all/co4795573.html
jobs.51job.com/all/co4795573.html
jobs.51job.com/all/co3968305.html
jobs.51job.com/all/co3968305.html
jobs.51job.com/all/co3968305.html
jobs.51job.com/all/co4895933.html
jobs.51job.com/all/co4895933.html
jobs.51job.com/all/co4895933.html
jobs.51job.com/all/co4825941.html
jobs.51job.com/all/co4515078.html
jobs.51job.com/all/co4515078.html
jobs.51job.com/all/co4515078.html
jobs.51job.com/all/co4515078.html
jobs.51job.com/all/co4413049.html
jobs.51job.com/all/co4515074.html
jobs.51job.com/all/co4515074.html
jobs.51job.com/all/co4077601.html
jobs.51job.com/all/co4077601.html
jobs.51job.com/all/co4077601.html
jobs.51job.com/all/co4914024.html
jobs.51job.com/all/co4914024.html
jobs.51job.com/all/co4914024.html
jobs.51job.com/all/co3318802.html
jobs.51job.com/all/co3318802.html
jobs.51job.com/all/co3318802.html
jobs.51job.com/all/co3318802.html
jobs.51job.com/all/co3318802.html
jobs.51job.com/all/co3318802.html
jobs.51job.com/all/co2505515.html
jobs.51job.com/all/co2505515.html
jobs.51job.com/all/co4772888.html
jobs.51job.com/all/co4772888.html
jobs.51job.com/all/co4772888.html
jobs.51job.com/all/co4772888.html
jobs.51job.com/all/co4772888.html
jobs.51job.com/all/co4844810.html
jobs.51job.com/all/co4844810.html
jobs.51job.com/all/co4844810.html
jobs.51job.com/all/co4844810.html
jobs.51job.com/all/co4844810.html
jobs.51job.com/all/co4844810.html
jobs.51job.com/all/co4844810.html
jobs.51job.com/all/co2622320.html
jobs.51job.com/all/co4713805.html
jobs.51job.com/all/co4713805.html
jobs.51job.com/all/co2430744.html
jobs.51job.com/all/co2430744.html
jobs.51job.com/all/co4515063.html
jobs.51job.com/all/co4515063.html
jobs.51job.com/all/co2367690.html
jobs.51job.com/all/co2367690.html
jobs.51job.com/all/co2367690.html
jobs.51job.com/all/co2367690.html
jobs.51job.com/all/co2367690.html
jobs.51job.com/all/co3931540.html
jobs.51job.com/all/co3931540.html
jobs.51job.com/all/co3931540.html
jobs.51job.com/all/co4457697.html
jobs.51job.com/all/co3970684.html
jobs.51job.com/all/co3970684.html
jobs.51job.com/all/co3970684.html
jobs.51job.com/all/co3970684.html
jobs.51job.com/all/co3970684.html
jobs.51job.com/all/co3970684.html
jobs.51job.com/all/co3970684.html
jobs.51job.com/all/co3970684.html
jobs.51job.com/all/co3970684.html
jobs.51job.com/all/co4090807.html
jobs.51job.com/all/co4090807.html
jobs.51job.com/all/co4698571.html
jobs.51job.com/all/co4698571.html
jobs.51job.com/all/co4698571.html
jobs.51job.com/all/co4698571.html
jobs.51job.com/all/co4698571.html
jobs.51job.com/all/co4698571.html
jobs.51job.com/all/co4698571.html
jobs.51job.com/all/co4698571.html
jobs.51job.com/all/co4768320.html
jobs.51job.com/all/co4733466.html
jobs.51job.com/all/co4733466.html
jobs.51job.com/all/co4733466.html
jobs.51job.com/all/co4733466.html
jobs.51job.com/all/co4733466.html
jobs.51job.com/all/co4733466.html
jobs.51job.com/all/co4733466.html
jobs.51job.com/all/co4733466.html
jobs.51job.com/all/co4733466.html
jobs.51job.com/all/co4733466.html
jobs.51job.com/all/co4872567.html
jobs.51job.com/all/co3285506.html
jobs.51job.com/all/co3285506.html
jobs.51job.com/all/co4733466.html
jobs.51job.com/all/co4733466.html
jobs.51job.com/all/co4733466.html
jobs.51job.com/all/co4733466.html
jobs.51job.com/all/co4733466.html
jobs.51job.com/all/co4872567.html
jobs.51job.com/all/co4493502.html
jobs.51job.com/all/co4493502.html
jobs.51job.com/all/co4493502.html
jobs.51job.com/all/co4493502.html
jobs.51job.com/all/co4493502.html
jobs.51job.com/all/co4493502.html
jobs.51job.com/all/co4493502.html
jobs.51job.com/all/co4493502.html
jobs.51job.com/all/co4493502.html
jobs.51job.com/all/co4493502.html
jobs.51job.com/all/co4190915.html
jobs.51job.com/all/co4422145.html
jobs.51job.com/all/co4422145.html
jobs.51job.com/all/co4422145.html
jobs.51job.com/all/co3999117.html
jobs.51job.com/all/co3999117.html
jobs.51job.com/all/co4515078.html
jobs.51job.com/all/co4515078.html
jobs.51job.com/all/co4515078.html
jobs.51job.com/all/co4515078.html
jobs.51job.com/all/co2622320.html
jobs.51job.com/all/co3586280.html
jobs.51job.com/all/co3586280.html
jobs.51job.com/all/co4528855.html
jobs.51job.com/all/co4528855.html
jobs.51job.com/all/co3669413.html
jobs.51job.com/all/co3669413.html
jobs.51job.com/all/co3669413.html
jobs.51job.com/all/co3669413.html
jobs.51job.com/all/co3669413.html
jobs.51job.com/all/co4141215.html
jobs.51job.com/all/co4141215.html
jobs.51job.com/all/co4141215.html
jobs.51job.com/all/co4515063.html
jobs.51job.com/all/co4772888.html
jobs.51job.com/all/co4772888.html
jobs.51job.com/all/co4772888.html
jobs.51job.com/all/co4772888.html
jobs.51job.com/all/co4772888.html
jobs.51job.com/all/co4772888.html
jobs.51job.com/all/co3089140.html
jobs.51job.com/all/co3089140.html
jobs.51job.com/all/co3089140.html
jobs.51job.com/all/co3089140.html
jobs.51job.com/all/co3089140.html
jobs.51job.com/all/co4782098.html
jobs.51job.com/all/co4782098.html
jobs.51job.com/all/co4782098.html
jobs.51job.com/all/co4782098.html
jobs.51job.com/all/co4782098.html
jobs.51job.com/all/co4782098.html
jobs.51job.com/all/co4852676.html
jobs.51job.com/all/co4852676.html
jobs.51job.com/all/co4852676.html
jobs.51job.com/all/co4852676.html
jobs.51job.com/all/co4852676.html
jobs.51job.com/all/co4852676.html
jobs.51job.com/all/co4852676.html
jobs.51job.com/all/co4852676.html
jobs.51job.com/all/co4852676.html
jobs.51job.com/all/co4852676.html
jobs.51job.com/all/co4852676.html
jobs.51job.com/all/co4852676.html
jobs.51job.com/all/co4852676.html
jobs.51job.com/all/co4852676.html
jobs.51job.com/all/co4852676.html
jobs.51job.com/all/co4852676.html
jobs.51job.com/all/co4852676.html
jobs.51job.com/all/co4852676.html
jobs.51job.com/all/co4852676.html
jobs.51job.com/all/co4852676.html
jobs.51job.com/all/co4852676.html
jobs.51job.com/all/co4852676.html
jobs.51job.com/all/co4852676.html
jobs.51job.com/all/co4852676.html
jobs.51job.com/all/co4852676.html
jobs.51job.com/all/co4852676.html
jobs.51job.com/all/co4852676.html
jobs.51job.com/all/co4852676.html
jobs.51job.com/all/co4852676.html
jobs.51job.com/all/co4852676.html
jobs.51job.com/all/co4852676.html
jobs.51job.com/all/co4413049.html
jobs.51job.com/all/co3411373.html
jobs.51job.com/all/co3411373.html
jobs.51job.com/all/co4832653.html
jobs.51job.com/all/co4832653.html
jobs.51job.com/all/co4413049.html
jobs.51job.com/all/co4413049.html
jobs.51job.com/all/co4832710.html
jobs.51job.com/all/co4832710.html
jobs.51job.com/all/co3999117.html
jobs.51job.com/all/co3999117.html
jobs.51job.com/all/co3896000.html
jobs.51job.com/all/co3896000.html
jobs.51job.com/all/co3896000.html
jobs.51job.com/all/co3896000.html
jobs.51job.com/all/co3896000.html
jobs.51job.com/all/co3896000.html
jobs.51job.com/all/co3896000.html
jobs.51job.com/all/co3896000.html
jobs.51job.com/all/co3896000.html
jobs.51job.com/all/co3896000.html
jobs.51job.com/all/co3896000.html
jobs.51job.com/all/co3896000.html
jobs.51job.com/all/co3896000.html
jobs.51job.com/all/co3896000.html
jobs.51job.com/all/co3896000.html
jobs.51job.com/all/co3896000.html
jobs.51job.com/all/co3896000.html
jobs.51job.com/all/co3896000.html
jobs.51job.com/all/co3896000.html
jobs.51job.com/all/co3896000.html
jobs.51job.com/all/co3896000.html
jobs.51job.com/all/co4407265.html
jobs.51job.com/all/co3931540.html
jobs.51job.com/all/co3931540.html
jobs.51job.com/all/co3931540.html
jobs.51job.com/all/co3931540.html
jobs.51job.com/all/co3931540.html
jobs.51job.com/all/co3931540.html
jobs.51job.com/all/co3931540.html
jobs.51job.com/all/co3931540.html
jobs.51job.com/all/co3931540.html
jobs.51job.com/all/co3931540.html
jobs.51job.com/all/co3931540.html
jobs.51job.com/all/co3931540.html
jobs.51job.com/all/co3931540.html
jobs.51job.com/all/co3931540.html
jobs.51job.com/all/co3931540.html
jobs.51job.com/all/co3931540.html
jobs.51job.com/all/co4143326.html
jobs.51job.com/all/co4143951.html
jobs.51job.com/all/co4084045.html
jobs.51job.com/all/co4084045.html
jobs.51job.com/all/co4084045.html
jobs.51job.com/all/co4084045.html
jobs.51job.com/all/co3700974.html
jobs.51job.com/all/co4084045.html
jobs.51job.com/all/co4474706.html
jobs.51job.com/all/co3970684.html
jobs.51job.com/all/co3970684.html
jobs.51job.com/all/co3970684.html
jobs.51job.com/all/co3970684.html
jobs.51job.com/all/co3970684.html
jobs.51job.com/all/co3970684.html
jobs.51job.com/all/co3970684.html
jobs.51job.com/all/co3970684.html
jobs.51job.com/all/co3970684.html
jobs.51job.com/all/co3970684.html
jobs.51job.com/all/co3970684.html
jobs.51job.com/all/co3970684.html
jobs.51job.com/all/co3970684.html
jobs.51job.com/all/co3970684.html
jobs.51job.com/all/co3970684.html
jobs.51job.com/all/co4915252.html
jobs.51job.com/all/co4915252.html
jobs.51job.com/all/co4479061.html
jobs.51job.com/all/co4854836.html
jobs.51job.com/all/co4854836.html
jobs.51job.com/all/co4854836.html
jobs.51job.com/all/co4854836.html
jobs.51job.com/all/co4854836.html
jobs.51job.com/all/co4854836.html
jobs.51job.com/all/co4854836.html
jobs.51job.com/all/co3968305.html
jobs.51job.com/all/co3968305.html
jobs.51job.com/all/co4493502.html
jobs.51job.com/all/co4493502.html
jobs.51job.com/all/co4493502.html
jobs.51job.com/all/co4493502.html
jobs.51job.com/all/co4493502.html
jobs.51job.com/all/co4493502.html
jobs.51job.com/all/co4493502.html
jobs.51job.com/all/co4493502.html
jobs.51job.com/all/co2569478.html
jobs.51job.com/all/co2569478.html
jobs.51job.com/all/co3868047.html
jobs.51job.com/all/co3868047.html
jobs.51job.com/all/co3868047.html
jobs.51job.com/all/co3868047.html
jobs.51job.com/all/co3868047.html
jobs.51job.com/all/co3868047.html
jobs.51job.com/all/co628213.html
jobs.51job.com/all/co3768172.html
jobs.51job.com/all/co3000860.html
jobs.51job.com/all/co3000860.html
jobs.51job.com/all/co2977898.html
jobs.51job.com/all/co2977898.html
jobs.51job.com/all/co2977898.html
jobs.51job.com/all/co2977898.html
jobs.51job.com/all/co4920584.html
jobs.51job.com/all/co4920584.html
jobs.51job.com/all/co4920584.html
jobs.51job.com/all/co4920584.html
jobs.51job.com/all/co4920584.html
jobs.51job.com/all/co4793043.html
jobs.51job.com/all/co4793043.html
jobs.51job.com/all/co4793043.html
jobs.51job.com/all/co4729985.html
jobs.51job.com/all/co4729985.html
jobs.51job.com/all/co2668161.html
jobs.51job.com/all/co4882397.html
jobs.51job.com/all/co4882397.html
jobs.51job.com/all/co4882397.html
jobs.51job.com/all/co4739639.html
jobs.51job.com/all/co4739639.html
jobs.51job.com/all/co4739639.html
jobs.51job.com/all/co4340170.html
jobs.51job.com/all/co4340170.html
jobs.51job.com/all/co4340170.html
jobs.51job.com/all/co4340170.html
jobs.51job.com/all/co4340170.html
jobs.51job.com/all/co4340170.html
jobs.51job.com/all/co4340170.html
jobs.51job.com/all/co2898094.html
jobs.51job.com/all/co4043158.html
jobs.51job.com/all/co4511281.html
jobs.51job.com/all/co4511281.html
jobs.51job.com/all/co4511281.html
jobs.51job.com/all/co4511281.html
jobs.51job.com/all/co4511281.html
jobs.51job.com/all/co596353.html
jobs.51job.com/all/co596353.html
jobs.51job.com/all/co596353.html
jobs.51job.com/all/co596353.html
jobs.51job.com/all/co596353.html
jobs.51job.com/all/co596353.html
jobs.51job.com/all/co4730192.html
jobs.51job.com/all/co4730192.html
jobs.51job.com/all/co4806577.html
jobs.51job.com/all/co4806577.html
jobs.51job.com/all/co4878068.html
jobs.51job.com/all/co4515082.html
jobs.51job.com/all/co4585609.html
jobs.51job.com/all/co4585609.html
jobs.51job.com/all/co4585609.html
jobs.51job.com/all/co4585609.html
jobs.51job.com/all/co4585609.html
jobs.51job.com/all/co4585609.html
jobs.51job.com/all/co4585609.html
jobs.51job.com/all/co4585609.html
jobs.51job.com/all/co4585609.html
jobs.51job.com/all/co4515072.html
jobs.51job.com/all/co4806577.html
jobs.51job.com/all/co4832710.html
jobs.51job.com/all/co4043158.html
jobs.51job.com/all/co4043158.html
jobs.51job.com/all/co4043158.html
jobs.51job.com/all/co4043158.html
jobs.51job.com/all/co4043158.html
jobs.51job.com/all/co4043158.html
jobs.51job.com/all/co3896000.html
jobs.51job.com/all/co3896000.html
jobs.51job.com/all/co3896000.html
jobs.51job.com/all/co3896000.html
jobs.51job.com/all/co3896000.html
jobs.51job.com/all/co4515072.html
jobs.51job.com/all/co4806577.html
jobs.51job.com/all/co4413049.html
jobs.51job.com/all/co4413049.html
jobs.51job.com/all/co4413049.html
jobs.51job.com/all/co4413049.html
jobs.51job.com/all/co4413049.html
jobs.51job.com/all/co4413049.html
jobs.51job.com/all/co4783135.html
jobs.51job.com/all/co4783135.html
jobs.51job.com/all/co4783135.html
jobs.51job.com/all/co4783135.html
jobs.51job.com/all/co4783135.html
jobs.51job.com/all/co4783135.html
jobs.51job.com/all/co4890700.html
jobs.51job.com/all/co4890700.html
jobs.51job.com/all/co4890700.html
jobs.51job.com/all/co4935579.html
jobs.51job.com/all/co4915252.html
jobs.51job.com/all/co4915252.html
jobs.51job.com/all/co4884079.html
jobs.51job.com/all/co4922002.html
jobs.51job.com/all/co4915252.html
jobs.51job.com/all/co4915252.html
jobs.51job.com/all/co4915252.html
jobs.51job.com/all/co4915252.html
jobs.51job.com/all/co4878068.html
jobs.51job.com/all/co4878068.html
jobs.51job.com/all/co4878068.html
jobs.51job.com/all/co4878068.html
jobs.51job.com/all/co3931540.html
jobs.51job.com/all/co4915252.html
jobs.51job.com/all/co4915252.html
jobs.51job.com/all/co4748373.html
jobs.51job.com/all/co4832710.html
jobs.51job.com/all/co3412334.html
jobs.51job.com/all/co4935579.html
jobs.51job.com/all/co4515074.html
jobs.51job.com/all/co4515074.html
jobs.51job.com/all/co4914024.html
jobs.51job.com/all/co4947509.html
jobs.51job.com/all/co4190230.html
jobs.51job.com/all/co4190230.html
jobs.51job.com/all/co4515063.html
jobs.51job.com/all/co4515063.html
jobs.51job.com/all/co4515063.html
jobs.51job.com/all/co4515063.html
jobs.51job.com/all/co4515063.html
jobs.51job.com/all/co4515078.html
jobs.51job.com/all/co4515078.html
jobs.51job.com/all/co4515078.html
jobs.51job.com/all/co4515078.html
jobs.51job.com/all/co4515078.html
jobs.51job.com/all/co4515078.html
jobs.51job.com/all/co4438154.html
jobs.51job.com/all/co4438154.html
jobs.51job.com/all/co4438154.html
jobs.51job.com/all/co4438154.html
jobs.51job.com/all/co4438154.html
jobs.51job.com/all/co4438154.html
jobs.51job.com/all/co2763838.html
jobs.51job.com/all/co4854836.html
jobs.51job.com/all/co4854836.html
jobs.51job.com/all/co4854836.html
jobs.51job.com/all/co4854836.html
jobs.51job.com/all/co4515074.html
jobs.51job.com/all/co4515074.html
jobs.51job.com/all/co4515074.html
jobs.51job.com/all/co4515074.html
jobs.51job.com/all/co4515074.html
jobs.51job.com/all/co4515078.html
jobs.51job.com/all/co4515078.html
jobs.51job.com/all/co4515078.html
jobs.51job.com/all/co4515078.html
jobs.51job.com/all/co4515078.html
jobs.51job.com/all/co4515078.html
jobs.51job.com/all/co4413383.html
jobs.51job.com/all/co4783135.html
jobs.51job.com/all/co4783135.html
jobs.51job.com/all/co4783135.html
jobs.51job.com/all/co4783135.html
jobs.51job.com/all/co4783135.html
jobs.51job.com/all/co4783135.html
jobs.51job.com/all/co4783135.html
jobs.51job.com/all/co4783135.html
jobs.51job.com/all/co4783135.html
jobs.51job.com/all/co4783135.html
jobs.51job.com/all/co4783135.html
jobs.51job.com/all/co4783135.html
jobs.51job.com/all/co4783135.html
jobs.51job.com/all/co4783135.html
jobs.51job.com/all/co4783135.html
jobs.51job.com/all/co4783135.html
jobs.51job.com/all/co4947509.html
jobs.51job.com/all/co3975911.html
jobs.51job.com/all/co3975911.html
jobs.51job.com/all/co3975911.html
jobs.51job.com/all/co3975911.html
jobs.51job.com/all/co3975911.html
jobs.51job.com/all/co3975911.html
jobs.51job.com/all/co3975911.html
jobs.51job.com/all/co3975911.html
jobs.51job.com/all/co3975911.html
jobs.51job.com/all/co3975911.html
jobs.51job.com/all/co3975911.html
jobs.51job.com/all/co4854836.html
jobs.51job.com/all/co4515823.html
jobs.51job.com/all/co3999117.html
jobs.51job.com/all/co3999117.html
jobs.51job.com/all/co3999117.html
jobs.51job.com/all/co3999117.html
jobs.51job.com/all/co3999117.html
jobs.51job.com/all/co3999117.html
jobs.51job.com/all/co3970684.html
jobs.51job.com/all/co3970684.html
jobs.51job.com/all/co3970684.html
jobs.51job.com/all/co3970684.html
jobs.51job.com/all/co3970684.html
jobs.51job.com/all/co3970684.html
jobs.51job.com/all/co3970684.html
jobs.51job.com/all/co3970684.html
jobs.51job.com/all/co4413049.html
jobs.51job.com/all/co4515078.html
jobs.51job.com/all/co4515078.html
jobs.51job.com/all/co4515078.html
jobs.51job.com/all/co4515078.html
jobs.51job.com/all/co2531079.html
jobs.51job.com/all/co2531079.html
jobs.51job.com/all/co4115536.html
jobs.51job.com/all/co4115536.html
jobs.51job.com/all/co4115536.html
jobs.51job.com/all/co4115536.html
jobs.51job.com/all/co4115536.html
jobs.51job.com/all/co4115536.html
jobs.51job.com/all/co4115536.html
jobs.51job.com/all/co4115536.html
jobs.51job.com/all/co4115536.html
jobs.51job.com/all/co4890700.html
jobs.51job.com/all/co4713805.html
jobs.51job.com/all/co4713805.html
jobs.51job.com/all/co4713805.html
jobs.51job.com/all/co4583112.html
jobs.51job.com/all/co4583112.html
jobs.51job.com/all/co4583112.html
jobs.51job.com/all/co4583112.html
jobs.51job.com/all/co4772888.html
jobs.51job.com/all/co4772888.html
jobs.51job.com/all/co4515063.html
jobs.51job.com/all/co4515074.html
jobs.51job.com/all/co4783135.html
jobs.51job.com/all/co4783135.html
jobs.51job.com/all/co4783135.html
jobs.51job.com/all/co4783135.html
jobs.51job.com/all/co4783135.html
jobs.51job.com/all/co2622320.html
jobs.51job.com/all/co4929415.html
jobs.51job.com/all/co4935579.html
jobs.51job.com/all/co2622320.html
jobs.51job.com/all/co4515078.html
jobs.51job.com/all/co4413049.html
jobs.51job.com/all/co4898683.html
jobs.51job.com/all/co3608437.html
jobs.51job.com/all/co4471667.html
jobs.51job.com/all/co4554351.html
jobs.51job.com/all/co3669413.html
jobs.51job.com/all/co4772888.html
jobs.51job.com/all/co4772888.html
jobs.51job.com/all/co4772888.html
jobs.51job.com/all/co4772888.html
jobs.51job.com/all/co4772888.html
jobs.51job.com/all/co4668506.html
jobs.51job.com/all/co4668506.html
jobs.51job.com/all/co4668506.html
jobs.51job.com/all/co4668506.html
jobs.51job.com/all/co4866681.html
jobs.51job.com/all/co4866681.html
jobs.51job.com/all/co4866681.html
jobs.51job.com/all/co4413049.html
jobs.51job.com/all/co4723233.html
jobs.51job.com/all/co4723233.html
jobs.51job.com/all/co4723233.html
jobs.51job.com/all/co4723233.html
jobs.51job.com/all/co4723233.html
jobs.51job.com/all/co4723233.html
jobs.51job.com/all/co4922012.html
jobs.51job.com/all/co4866681.html
jobs.51job.com/all/co4866681.html
jobs.51job.com/all/co4866681.html
jobs.51job.com/all/co3931540.html
jobs.51job.com/all/co4844810.html
jobs.51job.com/all/co3470100.html
jobs.51job.com/all/co3470100.html
jobs.51job.com/all/co3470100.html
jobs.51job.com/all/co3470100.html
jobs.51job.com/all/co4528855.html
jobs.51job.com/all/co4352207.html
jobs.51job.com/all/co4352207.html
jobs.51job.com/all/co4352207.html
jobs.51job.com/all/co4352207.html
jobs.51job.com/all/co4352207.html
jobs.51job.com/all/co4352207.html
jobs.51job.com/all/co4352207.html
jobs.51job.com/all/co4352207.html
jobs.51job.com/all/co4352207.html
jobs.51job.com/all/co4352207.html
jobs.51job.com/all/co4925581.html
jobs.51job.com/all/co4772888.html
jobs.51job.com/all/co4772888.html
jobs.51job.com/all/co4772888.html
jobs.51job.com/all/co4772888.html
jobs.51job.com/all/co4772888.html
jobs.51job.com/all/co4772888.html
jobs.51job.com/all/co4783135.html
jobs.51job.com/all/co4783135.html
jobs.51job.com/all/co4783135.html
jobs.51job.com/all/co4783135.html
jobs.51job.com/all/co4783135.html
jobs.51job.com/all/co4783135.html
jobs.51job.com/all/co4783135.html
jobs.51job.com/all/co4783135.html
jobs.51job.com/all/co4783135.html
jobs.51job.com/all/co4733466.html
jobs.51job.com/all/co4043158.html
jobs.51job.com/all/co4043158.html
jobs.51job.com/all/co3608437.html
jobs.51job.com/all/co4915252.html
jobs.51job.com/all/co4915252.html
jobs.51job.com/all/co4915252.html
jobs.51job.com/all/co2860505.html
jobs.51job.com/all/co2860505.html
jobs.51job.com/all/co2860505.html
jobs.51job.com/all/co4854836.html
jobs.51job.com/all/co3633302.html
jobs.51job.com/all/co3698685.html
jobs.51job.com/all/co3633302.html
jobs.51job.com/all/co3633302.html
jobs.51job.com/all/co4925581.html
jobs.51job.com/all/co4615576.html
jobs.51job.com/all/co4914024.html
jobs.51job.com/all/co4914024.html
jobs.51job.com/all/co4914024.html
jobs.51job.com/all/co2622320.html
jobs.51job.com/all/co4585609.html
jobs.51job.com/all/co4585609.html
jobs.51job.com/all/co4854836.html
jobs.51job.com/all/co4854836.html
jobs.51job.com/all/co4796429.html
jobs.51job.com/all/co4733466.html
jobs.51job.com/all/co4733466.html
jobs.51job.com/all/co4733466.html
jobs.51job.com/all/co4733466.html
jobs.51job.com/all/co4733466.html
jobs.51job.com/all/co4733466.html
jobs.51job.com/all/co4733466.html
jobs.51job.com/all/co4733466.html
jobs.51job.com/all/co4733466.html
jobs.51job.com/all/co3862116.html
jobs.51job.com/all/co3931540.html
jobs.51job.com/all/co3931540.html
jobs.51job.com/all/co3931540.html
jobs.51job.com/all/co3931540.html
jobs.51job.com/all/co3931540.html
jobs.51job.com/all/co3931540.html
jobs.51job.com/all/co3931540.html
jobs.51job.com/all/co3931540.html
jobs.51job.com/all/co3931540.html
jobs.51job.com/all/co3931540.html
jobs.51job.com/all/co3931540.html
jobs.51job.com/all/co3931540.html
jobs.51job.com/all/co3931540.html
jobs.51job.com/all/co3931540.html
jobs.51job.com/all/co3931540.html
jobs.51job.com/all/co3931540.html
jobs.51job.com/all/co3931540.html
jobs.51job.com/all/co3931540.html
jobs.51job.com/all/co3931540.html
jobs.51job.com/all/co3931540.html
jobs.51job.com/all/co3931540.html
jobs.51job.com/all/co3931540.html
jobs.51job.com/all/co3931540.html
jobs.51job.com/all/co3931540.html
jobs.51job.com/all/co3931540.html
jobs.51job.com/all/co3931540.html
jobs.51job.com/all/co3931540.html
jobs.51job.com/all/co3931540.html
jobs.51job.com/all/co3931540.html
jobs.51job.com/all/co3931540.html
jobs.51job.com/all/co465163.html
jobs.51job.com/all/co3999117.html
jobs.51job.com/all/co3999117.html
jobs.51job.com/all/co3972504.html
jobs.51job.com/all/co4733466.html
jobs.51job.com/all/co2622320.html
jobs.51job.com/all/co4875797.html
jobs.51job.com/all/co4875797.html
jobs.51job.com/all/co4875797.html
jobs.51job.com/all/co4854836.html
jobs.51job.com/all/co4854836.html
jobs.51job.com/all/co4854836.html
jobs.51job.com/all/co4854836.html
jobs.51job.com/all/co4854836.html
jobs.51job.com/all/co4854836.html
jobs.51job.com/all/co4854836.html
jobs.51job.com/all/co3328273.html
jobs.51job.com/all/co4730192.html
jobs.51job.com/all/co4730192.html
jobs.51job.com/all/co4730170.html
jobs.51job.com/all/co4730170.html
jobs.51job.com/all/co4730170.html
jobs.51job.com/all/co4413049.html
jobs.51job.com/all/co3999117.html
jobs.51job.com/all/co4832710.html
jobs.51job.com/all/co4866681.html
jobs.51job.com/all/co2429684.html
jobs.51job.com/all/co2429684.html
jobs.51job.com/all/co2429684.html
jobs.51job.com/all/co4352207.html
jobs.51job.com/all/co4866681.html
jobs.51job.com/all/co4922012.html
jobs.51job.com/all/co4866681.html
jobs.51job.com/all/co4866681.html
jobs.51job.com/all/co4866681.html
jobs.51job.com/all/co4352207.html
jobs.51job.com/all/co4352207.html
jobs.51job.com/all/co2499910.html
jobs.51job.com/all/co2499910.html
jobs.51job.com/all/co2499910.html
jobs.51job.com/all/co2499910.html
jobs.51job.com/all/co2499910.html
jobs.51job.com/all/co2499910.html
jobs.51job.com/all/co2499910.html
jobs.51job.com/all/co2499910.html
jobs.51job.com/all/co2499910.html
jobs.51job.com/all/co3858189.html
jobs.51job.com/all/co3999117.html
jobs.51job.com/all/co4730192.html
jobs.51job.com/all/co4890700.html
jobs.51job.com/all/co3328273.html
jobs.51job.com/all/co2302420.html
jobs.51job.com/all/co3820222.html
jobs.51job.com/all/co3820222.html
jobs.51job.com/all/co3820222.html
jobs.51job.com/all/co3070733.html
jobs.51job.com/all/co3070733.html
jobs.51job.com/all/co3070733.html
jobs.51job.com/all/co3070733.html
jobs.51job.com/all/co4842379.html
jobs.51job.com/all/co4842379.html
jobs.51job.com/all/co4842379.html
jobs.51job.com/all/co4842379.html
jobs.51job.com/all/co4842379.html
jobs.51job.com/all/co4842379.html
jobs.51job.com/all/co4842379.html
jobs.51job.com/all/co4842379.html
jobs.51job.com/all/co4842379.html
jobs.51job.com/all/co4842379.html
jobs.51job.com/all/co3698685.html
jobs.51job.com/all/co4161129.html
jobs.51job.com/all/co2651624.html
jobs.51job.com/all/co2651624.html
jobs.51job.com/all/co4324125.html
jobs.51job.com/all/co4438154.html
jobs.51job.com/all/co4438154.html
jobs.51job.com/all/co4438154.html
jobs.51job.com/all/co4438154.html
jobs.51job.com/all/co4438154.html
jobs.51job.com/all/co4438154.html
jobs.51job.com/all/co4438154.html
jobs.51job.com/all/co4438154.html
jobs.51job.com/all/co4438154.html
jobs.51job.com/all/co4438154.html
jobs.51job.com/all/co4438154.html
jobs.51job.com/all/co4438154.html
jobs.51job.com/all/co4438154.html
jobs.51job.com/all/co4438154.html
jobs.51job.com/all/co4438154.html
jobs.51job.com/all/co4438154.html
jobs.51job.com/all/co4438154.html
jobs.51job.com/all/co4438154.html
jobs.51job.com/all/co4438154.html
jobs.51job.com/all/co4438154.html
jobs.51job.com/all/co4438154.html
jobs.51job.com/all/co4438154.html
jobs.51job.com/all/co4438154.html
jobs.51job.com/all/co4438154.html
jobs.51job.com/all/co4438154.html
jobs.51job.com/all/co4438154.html
jobs.51job.com/all/co4438154.html
jobs.51job.com/all/co4438154.html
jobs.51job.com/all/co4438154.html
jobs.51job.com/all/co2651263.html
jobs.51job.com/all/co3163169.html
jobs.51job.com/all/co3669413.html
jobs.51job.com/all/co3669413.html
jobs.51job.com/all/co3669413.html
jobs.51job.com/all/co3272638.html
jobs.51job.com/all/co4884079.html
jobs.51job.com/all/co4543438.html
jobs.51job.com/all/co2758613.html
jobs.51job.com/all/co2758613.html
jobs.51job.com/all/co3999141.html
jobs.51job.com/all/co4413049.html
jobs.51job.com/all/co3411373.html
jobs.51job.com/all/co3270847.html
jobs.51job.com/all/co2958341.html
jobs.51job.com/all/co2958341.html
jobs.51job.com/all/co2958341.html
jobs.51job.com/all/co2958341.html
jobs.51job.com/all/co2958341.html
jobs.51job.com/all/co4730192.html
jobs.51job.com/all/co3440254.html
jobs.51job.com/all/co4730192.html
jobs.51job.com/all/co4878068.html
jobs.51job.com/all/co4878068.html
jobs.51job.com/all/co4878068.html
jobs.51job.com/all/co4878068.html
jobs.51job.com/all/co4878068.html
jobs.51job.com/all/co3277051.html
jobs.51job.com/all/co3968305.html
jobs.51job.com/all/co3968305.html
jobs.51job.com/all/co3968305.html
jobs.51job.com/all/co3968305.html
jobs.51job.com/all/co3968305.html
jobs.51job.com/all/co3968305.html
jobs.51job.com/all/co3968305.html
jobs.51job.com/all/co4595060.html
jobs.51job.com/all/co4595060.html
jobs.51job.com/all/co4595060.html
jobs.51job.com/all/co4595060.html
jobs.51job.com/all/co4595060.html
jobs.51job.com/all/co4595060.html
jobs.51job.com/all/co4595060.html
jobs.51job.com/all/co4595060.html
jobs.51job.com/all/co4595060.html
jobs.51job.com/all/co4595060.html
jobs.51job.com/all/co4595060.html
jobs.51job.com/all/co4595060.html
jobs.51job.com/all/co4595060.html
jobs.51job.com/all/co4595060.html
jobs.51job.com/all/co4595060.html
jobs.51job.com/all/co4595060.html
jobs.51job.com/all/co4595060.html
jobs.51job.com/all/co4595060.html
jobs.51job.com/all/co4595060.html
jobs.51job.com/all/co4595060.html
jobs.51job.com/all/co4595060.html
jobs.51job.com/all/co4595060.html
jobs.51job.com/all/co4595060.html
jobs.51job.com/all/co4595060.html
jobs.51job.com/all/co4595060.html
jobs.51job.com/all/co4595060.html
jobs.51job.com/all/co4595060.html
jobs.51job.com/all/co4528855.html
jobs.51job.com/all/co4340170.html
jobs.51job.com/all/co2460490.html
jobs.51job.com/all/co2460490.html
jobs.51job.com/all/co2460490.html
jobs.51job.com/all/co2460490.html
jobs.51job.com/all/co4646775.html
jobs.51job.com/all/co4646775.html
jobs.51job.com/all/co4646775.html
jobs.51job.com/all/co4646775.html
jobs.51job.com/all/co4455740.html
jobs.51job.com/all/co4043158.html
jobs.51job.com/all/co4515082.html
jobs.51job.com/all/co4515082.html
jobs.51job.com/all/co4515082.html
jobs.51job.com/all/co4515082.html
jobs.51job.com/all/co4515082.html
jobs.51job.com/all/co4515082.html
jobs.51job.com/all/co4515082.html
jobs.51job.com/all/co4515082.html
jobs.51job.com/all/co4515082.html
jobs.51job.com/all/co4515082.html
jobs.51job.com/all/co4515082.html
jobs.51job.com/all/co4515082.html
jobs.51job.com/all/co4515082.html
jobs.51job.com/all/co4515082.html
jobs.51job.com/all/co2958341.html
jobs.51job.com/all/co2958341.html
jobs.51job.com/all/co2958341.html
jobs.51job.com/all/co2958341.html
jobs.51job.com/all/co3970684.html
jobs.51job.com/all/co3970684.html
jobs.51job.com/all/co3970684.html
jobs.51job.com/all/co3970684.html
jobs.51job.com/all/co3970684.html
jobs.51job.com/all/co3970684.html
jobs.51job.com/all/co2932837.html
jobs.51job.com/all/co2932837.html
jobs.51job.com/all/co2932837.html
jobs.51job.com/all/co4413383.html
jobs.51job.com/all/co4413383.html
jobs.51job.com/all/co3970684.html
jobs.51job.com/all/co3970684.html
jobs.51job.com/all/co3970684.html
jobs.51job.com/all/co4359908.html
jobs.51job.com/all/co4915252.html
jobs.51job.com/all/co4866681.html
jobs.51job.com/all/co3307886.html
jobs.51job.com/all/co3307886.html
jobs.51job.com/all/co3307886.html
jobs.51job.com/all/co3307886.html
jobs.51job.com/all/co2776054.html
jobs.51job.com/all/co2776054.html
jobs.51job.com/all/co4733466.html
jobs.51job.com/all/co2958341.html
jobs.51job.com/all/co2958341.html
jobs.51job.com/all/co4866681.html
jobs.51job.com/all/co4219662.html
jobs.51job.com/all/co4219662.html
jobs.51job.com/all/co4219662.html
jobs.51job.com/all/co4219662.html
jobs.51job.com/all/co4776349.html
jobs.51job.com/all/co4776349.html
jobs.51job.com/all/co4776349.html
jobs.51job.com/all/co4776349.html
jobs.51job.com/all/co4776349.html
jobs.51job.com/all/co4776349.html
jobs.51job.com/all/co4776349.html
jobs.51job.com/all/co4776349.html
jobs.51job.com/all/co4776349.html
jobs.51job.com/all/co4776349.html
jobs.51job.com/all/co4776349.html
jobs.51job.com/all/co4776349.html
jobs.51job.com/all/co4776349.html
jobs.51job.com/all/co4776349.html
jobs.51job.com/all/co4776349.html
jobs.51job.com/all/co4844810.html
jobs.51job.com/all/co4875797.html
jobs.51job.com/all/co4796429.html
jobs.51job.com/all/co4796429.html
jobs.51job.com/all/co4457317.html
jobs.51job.com/all/co4324125.html
jobs.51job.com/all/co4324125.html
jobs.51job.com/all/co2649955.html
jobs.51job.com/all/co2649955.html
jobs.51job.com/all/co2649955.html
jobs.51job.com/all/co2649955.html
jobs.51job.com/all/co4084045.html
jobs.51job.com/all/co4659914.html
jobs.51job.com/all/co4659914.html
jobs.51job.com/all/co4659914.html
jobs.51job.com/all/co4866681.html
jobs.51job.com/all/co3364993.html
jobs.51job.com/all/co4095680.html
jobs.51job.com/all/co4115536.html
jobs.51job.com/all/co4600916.html
jobs.51job.com/all/co4511281.html
jobs.51job.com/all/co4511281.html
jobs.51job.com/all/co4854836.html
jobs.51job.com/all/co4359908.html
jobs.51job.com/all/co4359908.html
jobs.51job.com/all/co4359908.html
jobs.51job.com/all/co4359908.html
jobs.51job.com/all/co4359908.html
jobs.51job.com/all/co4359908.html
jobs.51job.com/all/co4359908.html
jobs.51job.com/all/co4359908.html
jobs.51job.com/all/co4359908.html
jobs.51job.com/all/co4359908.html
jobs.51job.com/all/co4359908.html
jobs.51job.com/all/co4359908.html
jobs.51job.com/all/co4359908.html
jobs.51job.com/all/co4875797.html
jobs.51job.com/all/co4875797.html
jobs.51job.com/all/co4010393.html
jobs.51job.com/all/co4010393.html
jobs.51job.com/all/co4930255.html
jobs.51job.com/all/co4930255.html
jobs.51job.com/all/co4584041.html
jobs.51job.com/all/co4584041.html
jobs.51job.com/all/co4844810.html
jobs.51job.com/all/co4844810.html
jobs.51job.com/all/co4844810.html
jobs.51job.com/all/co4844810.html
jobs.51job.com/all/co4844810.html
jobs.51job.com/all/co4844810.html
jobs.51job.com/all/co4844810.html
jobs.51job.com/all/co4844810.html
jobs.51job.com/all/co4844810.html
jobs.51job.com/all/co4844810.html
jobs.51job.com/all/co4844810.html
jobs.51job.com/all/co4844810.html
jobs.51job.com/all/co4844810.html
jobs.51job.com/all/co4844810.html
jobs.51job.com/all/co4844810.html
jobs.51job.com/all/co4844810.html
jobs.51job.com/all/co4844810.html
jobs.51job.com/all/co4457697.html
jobs.51job.com/all/co4853365.html
jobs.51job.com/all/co4875797.html
jobs.51job.com/all/co4875797.html
jobs.51job.com/all/co4875797.html
jobs.51job.com/all/co4875797.html
jobs.51job.com/all/co4733466.html
jobs.51job.com/all/co3307886.html
jobs.51job.com/all/co3307886.html
jobs.51job.com/all/co3307886.html
jobs.51job.com/all/co3307886.html
jobs.51job.com/all/co4043158.html
jobs.51job.com/all/co3970684.html
jobs.51job.com/all/co3307886.html
jobs.51job.com/all/co3307886.html
jobs.51job.com/all/co3307886.html
jobs.51job.com/all/co2987161.html
jobs.51job.com/all/co4701179.html
jobs.51job.com/all/co4701179.html
jobs.51job.com/all/co4701179.html
jobs.51job.com/all/co4875554.html
jobs.51job.com/all/co4876323.html
jobs.51job.com/all/co4876323.html
jobs.51job.com/all/co4937170.html
jobs.51job.com/all/co4937170.html
jobs.51job.com/all/co4937170.html
jobs.51job.com/all/co4937170.html
jobs.51job.com/all/co4515074.html
jobs.51job.com/all/co4515074.html
jobs.51job.com/all/co4515074.html
jobs.51job.com/all/co4515074.html
jobs.51job.com/all/co4515074.html
jobs.51job.com/all/co2676984.html
jobs.51job.com/all/co2676984.html
jobs.51job.com/all/co2676984.html
jobs.51job.com/all/co2676984.html
jobs.51job.com/all/co2676984.html
jobs.51job.com/all/co4796429.html
jobs.51job.com/all/co4796429.html
jobs.51job.com/all/co4796429.html
jobs.51job.com/all/co4796429.html
jobs.51job.com/all/co4796429.html
jobs.51job.com/all/co4796429.html
jobs.51job.com/all/co4796429.html
jobs.51job.com/all/co4796429.html
jobs.51job.com/all/co4796429.html
jobs.51job.com/all/co4796429.html
jobs.51job.com/all/co4796429.html
jobs.51job.com/all/co3610872.html
jobs.51job.com/all/co3610872.html
jobs.51job.com/all/co3610872.html
jobs.51job.com/all/co3277384.html
jobs.51job.com/all/co2747130.html
jobs.51job.com/all/co2747130.html
jobs.51job.com/all/co2747130.html
jobs.51job.com/all/co2747130.html
jobs.51job.com/all/co2747130.html
jobs.51job.com/all/co2747130.html
jobs.51job.com/all/co2958341.html
jobs.51job.com/all/co3292415.html
jobs.51job.com/all/co2502016.html
jobs.51job.com/all/co3833785.html
jobs.51job.com/all/co3833785.html
jobs.51job.com/all/co3833785.html
jobs.51job.com/all/co3833785.html
jobs.51job.com/all/co3833785.html
jobs.51job.com/all/co4823494.html
jobs.51job.com/all/co4847800.html
jobs.51job.com/all/co4476280.html
jobs.51job.com/all/co4476280.html
jobs.51job.com/all/co4476280.html
jobs.51job.com/all/co4527608.html
jobs.51job.com/all/co4823494.html
jobs.51job.com/all/co4823494.html
jobs.51job.com/all/co4823494.html
jobs.51job.com/all/co4823494.html
jobs.51job.com/all/co4823494.html
jobs.51job.com/all/co4823494.html
jobs.51job.com/all/co4823494.html
jobs.51job.com/all/co3970684.html
jobs.51job.com/all/co3970684.html
jobs.51job.com/all/co3970684.html
jobs.51job.com/all/co3970684.html
jobs.51job.com/all/co2725655.html
jobs.51job.com/all/co2725655.html
jobs.51job.com/all/co2725655.html
jobs.51job.com/all/co2725655.html
jobs.51job.com/all/co2725655.html
jobs.51job.com/all/co2725655.html
jobs.51job.com/all/co2725655.html
jobs.51job.com/all/co2725655.html
jobs.51job.com/all/co2725655.html
jobs.51job.com/all/co2725655.html
jobs.51job.com/all/co2725655.html
jobs.51job.com/all/co2725655.html
jobs.51job.com/all/co2725655.html
jobs.51job.com/all/co2725655.html
jobs.51job.com/all/co2725655.html
jobs.51job.com/all/co2958341.html
jobs.51job.com/all/co4771072.html
jobs.51job.com/all/co4771072.html
jobs.51job.com/all/co4806577.html
jobs.51job.com/all/co4143326.html
jobs.51job.com/all/co4853365.html
jobs.51job.com/all/co4853365.html
jobs.51job.com/all/co4853365.html
jobs.51job.com/all/co3927913.html
jobs.51job.com/all/co3927913.html
jobs.51job.com/all/co2937566.html
jobs.51job.com/all/co2937566.html
jobs.51job.com/all/co2937566.html
jobs.51job.com/all/co2937566.html
jobs.51job.com/all/co2937566.html
jobs.51job.com/all/co2937566.html
jobs.51job.com/all/co4340170.html
jobs.51job.com/all/co4340170.html
jobs.51job.com/all/co4340170.html
jobs.51job.com/all/co4340170.html
jobs.51job.com/all/co2553742.html
jobs.51job.com/all/co4043158.html
jobs.51job.com/all/co4043158.html
jobs.51job.com/all/co4340170.html
jobs.51job.com/all/co3970684.html
jobs.51job.com/all/co3970684.html
jobs.51job.com/all/co3970684.html
jobs.51job.com/all/co3970684.html
jobs.51job.com/all/co3970684.html
jobs.51job.com/all/co3970684.html
jobs.51job.com/all/co3970684.html
jobs.51job.com/all/co3970684.html
jobs.51job.com/all/co4915252.html
jobs.51job.com/all/co3927913.html
jobs.51job.com/all/co4324125.html
jobs.51job.com/all/co2958341.html
jobs.51job.com/all/co3942043.html
jobs.51job.com/all/co4152142.html
jobs.51job.com/all/co4152142.html
jobs.51job.com/all/co4152142.html
jobs.51job.com/all/co3975911.html
jobs.51job.com/all/co3975911.html
jobs.51job.com/all/co3975911.html
jobs.51job.com/all/co3975911.html
jobs.51job.com/all/co3975911.html
jobs.51job.com/all/co3975911.html
jobs.51job.com/all/co3975911.html
jobs.51job.com/all/co3975911.html
jobs.51job.com/all/co3975911.html
jobs.51job.com/all/co3975911.html
jobs.51job.com/all/co3975911.html
jobs.51job.com/all/co4807759.html
jobs.51job.com/all/co4807759.html
jobs.51job.com/all/co4584041.html
jobs.51job.com/all/co4915252.html
jobs.51job.com/all/co4915252.html
jobs.51job.com/all/co2958341.html
jobs.51job.com/all/co2958341.html
jobs.51job.com/all/co4403866.html
jobs.51job.com/all/co4099993.html
jobs.51job.com/all/co4099993.html
jobs.51job.com/all/co4633334.html
jobs.51job.com/all/co4633334.html
jobs.51job.com/all/co4763596.html
jobs.51job.com/all/co4763596.html
jobs.51job.com/all/co4820953.html
jobs.51job.com/all/co3834445.html
jobs.51job.com/all/co3834445.html
jobs.51job.com/all/co3834445.html
jobs.51job.com/all/co4733466.html
jobs.51job.com/all/co4733466.html
jobs.51job.com/all/co4733466.html
jobs.51job.com/all/co4733466.html
jobs.51job.com/all/co4733466.html
jobs.51job.com/all/co3942043.html
jobs.51job.com/all/co3942043.html
jobs.51job.com/all/co3942043.html
jobs.51job.com/all/co3942043.html
jobs.51job.com/all/co4501349.html
jobs.51job.com/all/co4825941.html
jobs.51job.com/all/co2531079.html
jobs.51job.com/all/co2531079.html
jobs.51job.com/all/co2691621.html
jobs.51job.com/all/co2691621.html
jobs.51job.com/all/co2691621.html
jobs.51job.com/all/co2691621.html
jobs.51job.com/all/co4874940.html
jobs.51job.com/all/co2553742.html
jobs.51job.com/all/co3942043.html
jobs.51job.com/all/co3942043.html
jobs.51job.com/all/co2958341.html
jobs.51job.com/all/co4241576.html
jobs.51job.com/all/co4527101.html
jobs.51job.com/all/co4354947.html
jobs.51job.com/all/co2553742.html
jobs.51job.com/all/co393666.html
jobs.51job.com/all/co4175915.html
jobs.51job.com/all/co4515074.html
jobs.51job.com/all/co4515074.html
jobs.51job.com/all/co4515074.html
jobs.51job.com/all/co4515074.html
jobs.51job.com/all/co4515074.html
jobs.51job.com/all/co4515074.html
jobs.51job.com/all/co4515074.html
jobs.51job.com/all/co4765384.html
jobs.51job.com/all/co4765384.html
jobs.51job.com/all/co4765384.html
jobs.51job.com/all/co4765384.html
jobs.51job.com/all/co4765384.html
jobs.51job.com/all/co3942043.html
jobs.51job.com/all/co4858785.html
jobs.51job.com/all/co4763596.html
jobs.51job.com/all/co4763596.html
jobs.51job.com/all/co4432461.html
jobs.51job.com/all/co4432461.html
jobs.51job.com/all/co4432461.html
jobs.51job.com/all/co4432461.html
jobs.51job.com/all/co4432461.html
jobs.51job.com/all/co4432461.html
jobs.51job.com/all/co4432461.html
jobs.51job.com/all/co4432461.html
jobs.51job.com/all/co4432461.html
jobs.51job.com/all/co4432461.html
jobs.51job.com/all/co4432461.html
jobs.51job.com/all/co4432461.html
jobs.51job.com/all/co4432461.html
jobs.51job.com/all/co4432461.html
jobs.51job.com/all/co3537608.html
jobs.51job.com/all/co2958341.html
jobs.51job.com/all/co437224.html
jobs.51job.com/all/co4820953.html
jobs.51job.com/all/co4820953.html
jobs.51job.com/all/co4522394.html
jobs.51job.com/all/co4522394.html
jobs.51job.com/all/co4909102.html
jobs.51job.com/all/co4190230.html
jobs.51job.com/all/co4522394.html
jobs.51job.com/all/co4324125.html
jobs.51job.com/all/co2531079.html
jobs.51job.com/all/co4436775.html
jobs.51job.com/all/co3748306.html
jobs.51job.com/all/co3999141.html
jobs.51job.com/all/co4309729.html
jobs.51job.com/all/co4309729.html
jobs.51job.com/all/co4309729.html
jobs.51job.com/all/co4309729.html
jobs.51job.com/all/co4309729.html
jobs.51job.com/all/co4309729.html
jobs.51job.com/all/co4309729.html
jobs.51job.com/all/co4915252.html
jobs.51job.com/all/co4909102.html
jobs.51job.com/all/co4403866.html
jobs.51job.com/all/co4403866.html
jobs.51job.com/all/co2531079.html
jobs.51job.com/all/co3834445.html
jobs.51job.com/all/co2958341.html
jobs.51job.com/all/co4301115.html
jobs.51job.com/all/co4301115.html
jobs.51job.com/all/co4301115.html
jobs.51job.com/all/co2554591.html
jobs.51job.com/all/co4765384.html
jobs.51job.com/all/co4765384.html
jobs.51job.com/all/co4765384.html
jobs.51job.com/all/co4491172.html
jobs.51job.com/all/co2958341.html
jobs.51job.com/all/co2531079.html
jobs.51job.com/all/co3419729.html
jobs.51job.com/all/co3419729.html
jobs.51job.com/all/co3748306.html
jobs.51job.com/all/co3748306.html
jobs.51job.com/all/co4868294.html
jobs.51job.com/all/co3700164.html
jobs.51job.com/all/co4324033.html
jobs.51job.com/all/co4324033.html
jobs.51job.com/all/co3686692.html
jobs.51job.com/all/co4304075.html
jobs.51job.com/all/co4304075.html
jobs.51job.com/all/co4300956.html
jobs.51job.com/all/co4300956.html
jobs.51job.com/all/co4300956.html
jobs.51job.com/all/co4821068.html
jobs.51job.com/all/co2063471.html
jobs.51job.com/all/co2063471.html
jobs.51job.com/all/co2063471.html
jobs.51job.com/all/co2554591.html
jobs.51job.com/all/co2554591.html
jobs.51job.com/all/co2554591.html
jobs.51job.com/all/co4799047.html
jobs.51job.com/all/co3834304.html
jobs.51job.com/all/co3834304.html
jobs.51job.com/all/co2958341.html
jobs.51job.com/all/co4668506.html
jobs.51job.com/all/co4668506.html
jobs.51job.com/all/co3558953.html
jobs.51job.com/all/co4799047.html
jobs.51job.com/all/co4799047.html
jobs.51job.com/all/co4799047.html
jobs.51job.com/all/co4799047.html
jobs.51job.com/all/co4799047.html
jobs.51job.com/all/co4799042.html
jobs.51job.com/all/co4799047.html
jobs.51job.com/all/co4799047.html
jobs.51job.com/all/co2932837.html
jobs.51job.com/all/co3999141.html
jobs.51job.com/all/co4799047.html
jobs.51job.com/all/co4799047.html
jobs.51job.com/all/co4799047.html
jobs.51job.com/all/co4403866.html
jobs.51job.com/all/co2737498.html
jobs.51job.com/all/co2737498.html
jobs.51job.com/all/co2737498.html
jobs.51job.com/all/co4821068.html
jobs.51job.com/all/co2958341.html
jobs.51job.com/all/co3411373.html
jobs.51job.com/all/co4066725.html
jobs.51job.com/all/co4799047.html
jobs.51job.com/all/co4799047.html
jobs.51job.com/all/co4799047.html
jobs.51job.com/all/co4532350.html
jobs.51job.com/all/co4874940.html
jobs.51job.com/all/co4874940.html
jobs.51job.com/all/co4643132.html
jobs.51job.com/all/co4643132.html
jobs.51job.com/all/co4643132.html
jobs.51job.com/all/co4643132.html
jobs.51job.com/all/co3700164.html
jobs.51job.com/all/co4491172.html
jobs.51job.com/all/co3700164.html
jobs.51job.com/all/co2892567.html
jobs.51job.com/all/co2892567.html
jobs.51job.com/all/co2892567.html
jobs.51job.com/all/co2892567.html
jobs.51job.com/all/co2892567.html
jobs.51job.com/all/co2892567.html
jobs.51job.com/all/co4324033.html
jobs.51job.com/all/co316507.html
jobs.51job.com/all/co316507.html
jobs.51job.com/all/co316507.html
jobs.51job.com/all/co316507.html
jobs.51job.com/all/co2447475.html
jobs.51job.com/all/co2447475.html
jobs.51job.com/all/co4411309.html
jobs.51job.com/all/co4411309.html
jobs.51job.com/all/co4411309.html
jobs.51job.com/all/co2892567.html
jobs.51job.com/all/co2892567.html
jobs.51job.com/all/co2892567.html
jobs.51job.com/all/co2892567.html
jobs.51job.com/all/co2892567.html
jobs.51job.com/all/co2892567.html
jobs.51job.com/all/co4403866.html
jobs.51job.com/all/co4403866.html
jobs.51job.com/all/co4403866.html
jobs.51job.com/all/co4403866.html
jobs.51job.com/all/co4584041.html
jobs.51job.com/all/co4584041.html
jobs.51job.com/all/co4403866.html
jobs.51job.com/all/co4403866.html
jobs.51job.com/all/co4403866.html
jobs.51job.com/all/co4403866.html
jobs.51job.com/all/co4403866.html
jobs.51job.com/all/co4403866.html
jobs.51job.com/all/co4403866.html
jobs.51job.com/all/co4403866.html
jobs.51job.com/all/co4403866.html
jobs.51job.com/all/co4403866.html
jobs.51job.com/all/co4403866.html
jobs.51job.com/all/co4403866.html
jobs.51job.com/all/co4403866.html
jobs.51job.com/all/co4403866.html
jobs.51job.com/all/co4403866.html
jobs.51job.com/all/co4403866.html
jobs.51job.com/all/co4403866.html
jobs.51job.com/all/co4403866.html
jobs.51job.com/all/co4403866.html
jobs.51job.com/all/co4403866.html
jobs.51job.com/all/co4403866.html
jobs.51job.com/all/co4403866.html
jobs.51job.com/all/co4403866.html
jobs.51job.com/all/co4403866.html
jobs.51job.com/all/co4403866.html
jobs.51job.com/all/co4403866.html
jobs.51job.com/all/co4403866.html
jobs.51job.com/all/co4403866.html
jobs.51job.com/all/co4403866.html
jobs.51job.com/all/co4403866.html
jobs.51job.com/all/co4403866.html
jobs.51job.com/all/co4403866.html
jobs.51job.com/all/co3941137.html
jobs.51job.com/all/co3059729.html
jobs.51job.com/all/co3059729.html
jobs.51job.com/all/co4875554.html
jobs.51job.com/all/co2460539.html
jobs.51job.com/all/co2460539.html
jobs.51job.com/all/co2460539.html
jobs.51job.com/all/co4241576.html
jobs.51job.com/all/co4658153.html
jobs.51job.com/all/co4658153.html
jobs.51job.com/all/co4658153.html
jobs.51job.com/all/co4658153.html
jobs.51job.com/all/co4658153.html
jobs.51job.com/all/co4658153.html
jobs.51job.com/all/co4658153.html
jobs.51job.com/all/co2974100.html
jobs.51job.com/all/co4658153.html
jobs.51job.com/all/co4658153.html
jobs.51job.com/all/co4658153.html
jobs.51job.com/all/co4658153.html
jobs.51job.com/all/co4274047.html
jobs.51job.com/all/co2958341.html
jobs.51job.com/all/co4802661.html
jobs.51job.com/all/co4802661.html
jobs.51job.com/all/co4771072.html
jobs.51job.com/all/co3277051.html
jobs.51job.com/all/co4215012.html
jobs.51job.com/all/co4215012.html
jobs.51job.com/all/co4215012.html
jobs.51job.com/all/co3845097.html
jobs.51job.com/all/co3845097.html
jobs.51job.com/all/co3845097.html
jobs.51job.com/all/co3845097.html
jobs.51job.com/all/co3845097.html
jobs.51job.com/all/co3845097.html
jobs.51job.com/all/co3845097.html
jobs.51job.com/all/co4237153.html
jobs.51job.com/all/co3748306.html
jobs.51job.com/all/co3748306.html
jobs.51job.com/all/co3748306.html
jobs.51job.com/all/co3748306.html
jobs.51job.com/all/co3748306.html
jobs.51job.com/all/co3748306.html
jobs.51job.com/all/co4340170.html
jobs.51job.com/all/co4600544.html
jobs.51job.com/all/co4340170.html
jobs.51job.com/all/co4340170.html
jobs.51job.com/all/co4340170.html
jobs.51job.com/all/co4340170.html
jobs.51job.com/all/co3508917.html
jobs.51job.com/all/co2064368.html
jobs.51job.com/all/co4340170.html
jobs.51job.com/all/co4340170.html
jobs.51job.com/all/co4340170.html
jobs.51job.com/all/co4340170.html
jobs.51job.com/all/co4340170.html
jobs.51job.com/all/co4340170.html
jobs.51job.com/all/co4340170.html
jobs.51job.com/all/co2892567.html
jobs.51job.com/all/co2064368.html
jobs.51job.com/all/co4340170.html
jobs.51job.com/all/co4340170.html
jobs.51job.com/all/co4340170.html
jobs.51job.com/all/co4340170.html
jobs.51job.com/all/co4340170.html
jobs.51job.com/all/co4340170.html
jobs.51job.com/all/co4340170.html
jobs.51job.com/all/co4340170.html
jobs.51job.com/all/co4340170.html
jobs.51job.com/all/co4340170.html
jobs.51job.com/all/co4340170.html
jobs.51job.com/all/co4190368.html
jobs.51job.com/all/co4190368.html
jobs.51job.com/all/co4190368.html
jobs.51job.com/all/co4190368.html
jobs.51job.com/all/co4190368.html
jobs.51job.com/all/co4190368.html
jobs.51job.com/all/co4190368.html
jobs.51job.com/all/co4190368.html
jobs.51job.com/all/co4190368.html
jobs.51job.com/all/co4190368.html
jobs.51job.com/all/co4190368.html
jobs.51job.com/all/co4190368.html
jobs.51job.com/all/co4190368.html
jobs.51job.com/all/co4190368.html
jobs.51job.com/all/co4190368.html
jobs.51job.com/all/co4190368.html
jobs.51job.com/all/co4190368.html
jobs.51job.com/all/co4190368.html
jobs.51job.com/all/co4190368.html
jobs.51job.com/all/co4190368.html
jobs.51job.com/all/co4190368.html
jobs.51job.com/all/co4190368.html
jobs.51job.com/all/co4771072.html
jobs.51job.com/all/co3412334.html
jobs.51job.com/all/co3412334.html
jobs.51job.com/all/co3849758.html
jobs.51job.com/all/co4340170.html
jobs.51job.com/all/co4340170.html
jobs.51job.com/all/co4324125.html
jobs.51job.com/all/co4771072.html
jobs.51job.com/all/co4143326.html
jobs.51job.com/all/co4084045.html
jobs.51job.com/all/co3768172.html
jobs.51job.com/all/co3768172.html
jobs.51job.com/all/co3768172.html
jobs.51job.com/all/co3419729.html
jobs.51job.com/all/co3412334.html
jobs.51job.com/all/co3412334.html
jobs.51job.com/all/co3412334.html
jobs.51job.com/all/co3412334.html
jobs.51job.com/all/co3412334.html
jobs.51job.com/all/co3412334.html
jobs.51job.com/all/co3412334.html
jobs.51job.com/all/co3412334.html
jobs.51job.com/all/co4661191.html
jobs.51job.com/all/co4661191.html
jobs.51job.com/all/co4408625.html
jobs.51job.com/all/co4875554.html
jobs.51job.com/all/co4821068.html
jobs.51job.com/all/co4821068.html
jobs.51job.com/all/co4875554.html
jobs.51job.com/all/co2226854.html
