jobs.51job.com/all/co2769378.html
jobs.51job.com/all/co2375315.html
jobs.51job.com/all/co4108867.html
jobs.51job.com/all/co2507622.html
jobs.51job.com/all/co3883571.html
jobs.51job.com/all/co4628881.html
jobs.51job.com/all/co2343589.html
jobs.51job.com/all/co2273274.html
jobs.51job.com/all/co4324437.html
jobs.51job.com/all/co4669562.html
jobs.51job.com/all/co3527515.html
jobs.51job.com/all/co3507852.html
jobs.51job.com/all/co4360045.html
jobs.51job.com/all/co135210.html
jobs.51job.com/all/co4009875.html
jobs.51job.com/all/co3460660.html
jobs.51job.com/all/co4364326.html
jobs.51job.com/all/co4550185.html
jobs.51job.com/all/co3081846.html
jobs.51job.com/all/co253648.html
jobs.51job.com/all/co2933378.html
jobs.51job.com/all/co4628772.html
jobs.51job.com/all/co4775938.html
jobs.51job.com/all/co4042640.html
jobs.51job.com/all/co4036431.html
jobs.51job.com/all/co2226837.html
jobs.51job.com/all/co4147327.html
jobs.51job.com/all/co4787269.html
jobs.51job.com/all/co4698488.html
jobs.51job.com/all/co4047354.html
jobs.51job.com/all/co3360185.html
jobs.51job.com/all/co3142347.html
jobs.51job.com/all/co4824691.html
jobs.51job.com/all/co4401605.html
jobs.51job.com/all/co4924188.html
jobs.51job.com/all/co3531001.html
jobs.51job.com/all/co4065930.html
jobs.51job.com/all/co3058843.html
jobs.51job.com/all/co2995212.html
jobs.51job.com/all/co3275348.html
jobs.51job.com/all/co4570037.html
jobs.51job.com/all/co4791802.html
jobs.51job.com/all/co4876997.html
jobs.51job.com/all/co2686637.html
jobs.51job.com/all/co3883116.html
jobs.51job.com/all/co4221654.html
jobs.51job.com/all/co3231476.html
jobs.51job.com/all/co4770799.html
jobs.51job.com/all/co4141678.html
jobs.51job.com/all/co4912770.html
jobs.51job.com/all/co2474619.html
jobs.51job.com/all/co4742962.html
zj32.51job.com
jobs.51job.com/all/co4460324.html
jobs.51job.com/all/co4285894.html
jobs.51job.com/all/co4547526.html
jobs.51job.com/all/co347040.html
jobs.51job.com/all/co2641985.html
jobs.51job.com/all/co4189501.html
jobs.51job.com/all/co4350308.html
jobs.51job.com/all/co4856739.html
jobs.51job.com/all/co2648048.html
jobs.51job.com/all/co3061898.html
jobs.51job.com/all/co4570030.html
jobs.51job.com/all/co4138766.html
jobs.51job.com/all/co3028956.html
jobs.51job.com/all/co4585015.html
jobs.51job.com/all/co4523333.html
jobs.51job.com/all/co4394735.html
jobs.51job.com/all/co4728181.html
jobs.51job.com/all/co4109882.html
jobs.51job.com/all/co4449850.html
jobs.51job.com/all/co4592216.html
jobs.51job.com/all/co1122811.html
jobs.51job.com/all/co3022396.html
zjsj.51job.com/
jobs.51job.com/all/co4892578.html
jobs.51job.com/all/co4910536.html
jobs.51job.com/all/co3468903.html
jobs.51job.com/all/co2675337.html
jobs.51job.com/all/co3586340.html
jobs.51job.com/all/co4827442.html
jobs.51job.com/all/co4846973.html
jobs.51job.com/all/co4430780.html
jobs.51job.com/all/co3076299.html
jobs.51job.com/all/co2320338.html
jobs.51job.com/all/co4344106.html
jobs.51job.com/all/co1838293.html
jobs.51job.com/all/co4080539.html
jobs.51job.com/all/co4954407.html
jobs.51job.com/all/co4870501.html
jobs.51job.com/all/co4853588.html
jobs.51job.com/all/co2567488.html
jobs.51job.com/all/co2907519.html
jobs.51job.com/all/co4084327.html
jobs.51job.com/all/co2571962.html
jobs.51job.com/all/co3520707.html
jobs.51job.com/all/co2755133.html
jobs.51job.com/all/co3624688.html
jobs.51job.com/all/co2844882.html
jobs.51job.com/all/co4358744.html
jobs.51job.com/all/co4329368.html
jobs.51job.com/all/co3170760.html
jobs.51job.com/all/co4702538.html
jobs.51job.com/all/co3581664.html
jobs.51job.com/all/co3293759.html
jobs.51job.com/all/co3826812.html
jobs.51job.com/all/co11468.html
jobs.51job.com/all/co2918328.html
jobs.51job.com/all/co4528999.html
jobs.51job.com/all/co4169242.html
jobs.51job.com/all/co4403826.html
jobs.51job.com/all/co4486831.html
jobs.51job.com/all/co300472.html
jobs.51job.com/all/co1146019.html
jobs.51job.com/all/co2005732.html
jobs.51job.com/all/co4039249.html
jobs.51job.com/all/co4002088.html
jobs.51job.com/all/co2805526.html
jobs.51job.com/all/co3764142.html
jobs.51job.com/all/co2534042.html
jobs.51job.com/all/co2305161.html
jobs.51job.com/all/co3037073.html
jobs.51job.com/all/co4139173.html
jobs.51job.com/all/co2018596.html
jobs.51job.com/all/co4052065.html
jobs.51job.com/all/co4772933.html
jobs.51job.com/all/co3629171.html
jobs.51job.com/all/co2003353.html
jobs.51job.com/all/co2565112.html
jobs.51job.com/all/co4717810.html
jobs.51job.com/all/co859577.html
jobs.51job.com/all/co4243600.html
jobs.51job.com/all/co3970446.html
jobs.51job.com/all/co2710403.html
jobs.51job.com/all/co2970055.html
jobs.51job.com/all/co3428886.html
jobs.51job.com/all/co4208319.html
jobs.51job.com/all/co894660.html
jobs.51job.com/all/co3633049.html
jobs.51job.com/all/co2057549.html
jobs.51job.com/all/co2172592.html
jobs.51job.com/all/co2570857.html
jobs.51job.com/all/co4385352.html
jobs.51job.com/all/co3441587.html
jobs.51job.com/all/co3214723.html
jobs.51job.com/all/co2357498.html
jobs.51job.com/all/co3291110.html
jobs.51job.com/all/co3738626.html
jobs.51job.com/all/co3349845.html
jobs.51job.com/all/co4805306.html
jobs.51job.com/all/co3210671.html
jobs.51job.com/all/co2459403.html
jobs.51job.com/all/co178586.html
jobs.51job.com/all/co3916837.html
jobs.51job.com/all/co2218841.html
jobs.51job.com/all/co3025656.html
jobs.51job.com/all/co2811795.html
jobs.51job.com/all/co3132316.html
jobs.51job.com/all/co2672702.html
jobs.51job.com/all/co4012385.html
jobs.51job.com/all/co3820616.html
jobs.51job.com/all/co378082.html
jobs.51job.com/all/co2301971.html
jobs.51job.com/all/co2812802.html
jobs.51job.com/all/co4023568.html
jobs.51job.com/all/co2806025.html
jobs.51job.com/all/co4054315.html
jobs.51job.com/all/co4941383.html
jobs.51job.com/all/co2314595.html
jobs.51job.com/all/co3510283.html
jobs.51job.com/all/co228161.html
jobs.51job.com/all/co2503647.html
jobs.51job.com/all/co3002239.html
thyssenkrupp.51job.com
creditease.51job.com
jobs.51job.com/all/co3811186.html
jobs.51job.com/all/co4760609.html
jobs.51job.com/all/co4729479.html
jobs.51job.com/all/co3844893.html
jobs.51job.com/all/co2909561.html
jobs.51job.com/all/co2909067.html
jobs.51job.com/all/co3580986.html
jobs.51job.com/all/co2281925.html
jobs.51job.com/all/co4782422.html
jobs.51job.com/all/co3881890.html
jobs.51job.com/all/co2903192.html
jobs.51job.com/all/co4620160.html
jobs.51job.com/all/co312737.html
jobs.51job.com/all/co3567257.html
konecranes.51job.com
jobs.51job.com/all/co2580137.html
jobs.51job.com/all/co2591463.html
jobs.51job.com/all/co3902926.html
jobs.51job.com/all/co2897677.html
jobs.51job.com/all/co2858490.html
jobs.51job.com/all/co2272108.html
jobs.51job.com/all/co3046527.html
jobs.51job.com/all/co2799039.html
jobs.51job.com/all/co236437.html
jobs.51job.com/all/co2984791.html
jobs.51job.com/all/co3143413.html
jobs.51job.com/all/co4871333.html
jobs.51job.com/all/co2229150.html
jobs.51job.com/all/co3512245.html
jobs.51job.com/all/co2383388.html
jobs.51job.com/all/co3829579.html
jobs.51job.com/all/co4928287.html
jobs.51job.com/all/co1278147.html
jobs.51job.com/all/co214871.html
jobs.51job.com/all/co3393973.html
jobs.51job.com/all/co3778784.html
jobs.51job.com/all/co107529.html
jobs.51job.com/all/co4699379.html
jobs.51job.com/all/co2614173.html
jobs.51job.com/all/co184974.html
meituan.51job.com
jobs.51job.com/all/co2748093.html
jobs.51job.com/all/co4033493.html
jobs.51job.com/all/co4022612.html
jobs.51job.com/all/co2739452.html
jobs.51job.com/all/co1237760.html
jobs.51job.com/all/co2539816.html
jobs.51job.com/all/co4290118.html
jobs.51job.com/all/co4075070.html
jobs.51job.com/all/co2787252.html
jobs.51job.com/all/co2697032.html
jobs.51job.com/all/co3995912.html
jobs.51job.com/all/co109794.html
jobs.51job.com/all/co2915539.html
jobs.51job.com/all/co2262271.html
jobs.51job.com/all/co2001822.html
jobs.51job.com/all/co2630239.html
jobs.51job.com/all/co3149138.html
jobs.51job.com/all/co3210342.html
jobs.51job.com/all/co947379.html
jobs.51job.com/all/co2416580.html
jobs.51job.com/all/co3276534.html
jobs.51job.com/all/co2060749.html
jobs.51job.com/all/co4922311.html
jobs.51job.com/all/co2857093.html
jobs.51job.com/all/co4571148.html
jobs.51job.com/all/co2018126.html
jobs.51job.com/all/co4490456.html
jobs.51job.com/all/co2719332.html
jobs.51job.com/all/co2806511.html
jobs.51job.com/all/co4219149.html
jobs.51job.com/all/co2421654.html
jobs.51job.com/all/co3670860.html
jobs.51job.com/all/co4602948.html
jobs.51job.com/all/co488736.html
jobs.51job.com/all/co3902999.html
jobs.51job.com/all/co2159850.html
jobs.51job.com/all/co3008001.html
jobs.51job.com/all/co2555714.html
jobs.51job.com/all/co4345432.html
jobs.51job.com/all/co4570313.html
rundamedical.51job.com
jobs.51job.com/all/co4886702.html
jobs.51job.com/all/co4942782.html
jobs.51job.com/all/co4199874.html
jobs.51job.com/all/co2642549.html
jobs.51job.com/all/co106423.html
jobs.51job.com/all/co3975323.html
jobs.51job.com/all/co152922.html
jobs.51job.com/all/co2533788.html
jobs.51job.com/all/co4480349.html
jobs.51job.com/all/co2840508.html
jobs.51job.com/all/co3809444.html
jobs.51job.com/all/co4398822.html
jobs.51job.com/all/co3464815.html
jobs.51job.com/all/co4821712.html
jobs.51job.com/all/co4703368.html
jobs.51job.com/all/co4330739.html
jobs.51job.com/all/co3132292.html
jobs.51job.com/all/co2165935.html
jobs.51job.com/all/co3837184.html
jobs.51job.com/all/co3610872.html
jobs.51job.com/all/co424566.html
jobs.51job.com/all/co4822301.html
jobs.51job.com/all/co3922969.html
jobs.51job.com/all/co4145868.html
jobs.51job.com/all/co2775652.html
jobs.51job.com/all/co270592.html
jobs.51job.com/all/co2619979.html
jobs.51job.com/all/co4682664.html
jobs.51job.com/all/co4527713.html
jobs.51job.com/all/co3670338.html
jobs.51job.com/all/co4303658.html
jobs.51job.com/all/co4572374.html
jobs.51job.com/all/co5336.html
jobs.51job.com/all/co3741445.html
jobs.51job.com/all/co3866957.html
jobs.51job.com/all/co4425693.html
jobs.51job.com/all/co4737234.html
jobs.51job.com/all/co3626028.html
jobs.51job.com/all/co2819343.html
jobs.51job.com/all/co4109337.html
jobs.51job.com/all/co4875360.html
jobs.51job.com/all/co4775822.html
jobs.51job.com/all/co4397185.html
jobs.51job.com/all/co2741349.html
jobs.51job.com/all/co715273.html
jobs.51job.com/all/co2204194.html
jobs.51job.com/all/co2877239.html
jobs.51job.com/all/co4479294.html
jobs.51job.com/all/co3200451.html
jobs.51job.com/all/co2219414.html
jobs.51job.com/all/co3711962.html
jobs.51job.com/all/co3169349.html
jobs.51job.com/all/co2746470.html
jobs.51job.com/all/co2072207.html
jobs.51job.com/all/co4682578.html
jobs.51job.com/all/co141224.html
jobs.51job.com/all/co3469407.html
jobs.51job.com/all/co2638184.html
jobs.51job.com/all/co3071890.html
jobs.51job.com/all/co3516553.html
jobs.51job.com/all/co3901976.html
jobs.51job.com/all/co4537565.html
jobs.51job.com/all/co4065262.html
jobs.51job.com/all/co642236.html
jobs.51job.com/all/co4140017.html
jobs.51job.com/all/co3874412.html
jobs.51job.com/all/co2202048.html
jobs.51job.com/all/co3689523.html
jobs.51job.com/all/co4007529.html
jobs.51job.com/all/co2796823.html
jobs.51job.com/all/co4786569.html
jobs.51job.com/all/co4790121.html
jobs.51job.com/all/co4698366.html
jobs.51job.com/all/co3961639.html
jobs.51job.com/all/co2312505.html
jobs.51job.com/all/co3202998.html
jobs.51job.com/all/co3954357.html
jobs.51job.com/all/co4691432.html
jobs.51job.com/all/co3882527.html
jobs.51job.com/all/co2756440.html
jobs.51job.com/all/co2726753.html
jobs.51job.com/all/co3845216.html
jobs.51job.com/all/co3066567.html
jobs.51job.com/all/co290402.html
jobs.51job.com/all/co3730881.html
jobs.51job.com/all/co3845616.html
jobs.51job.com/all/co4910620.html
jobs.51job.com/all/co4616629.html
jobs.51job.com/all/co4025254.html
jobs.51job.com/all/co4903307.html
jobs.51job.com/all/co1196858.html
jobs.51job.com/all/co2233842.html
jobs.51job.com/all/co227416.html
jobs.51job.com/all/co4806878.html
jobs.51job.com/all/co143639.html
jobs.51job.com/all/co4784557.html
jobs.51job.com/all/co4162106.html
jobs.51job.com/all/co2238407.html
jobs.51job.com/all/co3443282.html
jobs.51job.com/all/co3971141.html
jobs.51job.com/all/co4835242.html
jobs.51job.com/all/co4667669.html
jobs.51job.com/all/co4799587.html
jobs.51job.com/all/co3005578.html
jobs.51job.com/all/co110228.html
jobs.51job.com/all/co3589001.html
jobs.51job.com/all/co2736569.html
jobs.51job.com/all/co3539007.html
jobs.51job.com/all/co4845218.html
jobs.51job.com/all/co4801560.html
jobs.51job.com/all/co4516901.html
jobs.51job.com/all/co3601194.html
jobs.51job.com/all/co4152965.html
jobs.51job.com/all/co3621599.html
jobs.51job.com/all/co4368474.html
jobs.51job.com/all/co4701867.html
jobs.51job.com/all/co4683388.html
jobs.51job.com/all/co3629674.html
jobs.51job.com/all/co3271851.html
jobs.51job.com/all/co2851415.html
jobs.51job.com/all/co3586268.html
jobs.51job.com/all/co3059729.html
jobs.51job.com/all/co4352142.html
jobs.51job.com/all/co4676706.html
jobs.51job.com/all/co4859348.html
jobs.51job.com/all/co4245838.html
jobs.51job.com/all/co4668892.html
jobs.51job.com/all/co2218909.html
jobs.51job.com/all/co3820967.html
jobs.51job.com/all/co4384255.html
jobs.51job.com/all/co3142028.html
jobs.51job.com/all/co4161105.html
jobs.51job.com/all/co4079045.html
jobs.51job.com/all/co859292.html
jobs.51job.com/all/co3699539.html
jobs.51job.com/all/co2326965.html
jobs.51job.com/all/co3749231.html
jobs.51job.com/all/co3291960.html
jobs.51job.com/all/co3776948.html
sfzhaopin.51job.com
jobs.51job.com/all/co4042477.html
jobs.51job.com/all/co2558553.html
jobs.51job.com/all/co2933810.html
jobs.51job.com/all/co4253221.html
jobs.51job.com/all/co2830116.html
jobs.51job.com/all/co3535541.html
jobs.51job.com/all/co3316345.html
jobs.51job.com/all/co3063193.html
jobs.51job.com/all/co4802846.html
jobs.51job.com/all/co4205281.html
jobs.51job.com/all/co4826111.html
jobs.51job.com/all/co4712693.html
jobs.51job.com/all/co3805420.html
jobs.51job.com/all/co2507622.html
jobs.51job.com/all/co2343589.html
jobs.51job.com/all/co2343589.html
jobs.51job.com/all/co2343589.html
jobs.51job.com/all/co4324437.html
jobs.51job.com/all/co4324437.html
jobs.51job.com/all/co4669562.html
jobs.51job.com/all/co4669562.html
jobs.51job.com/all/co3507852.html
jobs.51job.com/all/co253648.html
jobs.51job.com/all/co4042640.html
jobs.51job.com/all/co4147327.html
jobs.51job.com/all/co4787269.html
jobs.51job.com/all/co4924188.html
jobs.51job.com/all/co3058843.html
jobs.51job.com/all/co3883116.html
jobs.51job.com/all/co2474619.html
jobs.51job.com/all/co2641985.html
jobs.51job.com/all/co4350308.html
jobs.51job.com/all/co4570037.html
jobs.51job.com/all/co4856739.html
jobs.51job.com/all/co4856739.html
jobs.51job.com/all/co4856739.html
jobs.51job.com/all/co4856739.html
jobs.51job.com/all/co4856739.html
jobs.51job.com/all/co4523333.html
jobs.51job.com/all/co3022396.html
jobs.51job.com/all/co3022396.html
jobs.51job.com/all/co3022396.html
jobs.51job.com/all/co3022396.html
jobs.51job.com/all/co3022396.html
jobs.51job.com/all/co3022396.html
jobs.51job.com/all/co3022396.html
jobs.51job.com/all/co3022396.html
jobs.51job.com/all/co4892578.html
jobs.51job.com/all/co4892578.html
jobs.51job.com/all/co3022396.html
jobs.51job.com/all/co4430780.html
jobs.51job.com/all/co4827442.html
jobs.51job.com/all/co4080539.html
jobs.51job.com/all/co4080539.html
jobs.51job.com/all/co3076299.html
jobs.51job.com/all/co3076299.html
jobs.51job.com/all/co4084327.html
jobs.51job.com/all/co3076299.html
jobs.51job.com/all/co2844882.html
jobs.51job.com/all/co2844882.html
jobs.51job.com/all/co3293759.html
jobs.51job.com/all/co4528999.html
jobs.51job.com/all/co4528999.html
jobs.51job.com/all/co4628881.html
jobs.51job.com/all/co4628881.html
jobs.51job.com/all/co4628881.html
jobs.51job.com/all/co4002088.html
jobs.51job.com/all/co2534042.html
jobs.51job.com/all/co2534042.html
jobs.51job.com/all/co2018596.html
jobs.51job.com/all/co3629171.html
jobs.51job.com/all/co2003353.html
jobs.51job.com/all/co4717810.html
jobs.51job.com/all/co4717810.html
jobs.51job.com/all/co4910536.html
jobs.51job.com/all/co4910536.html
jobs.51job.com/all/co3970446.html
jobs.51job.com/all/co3970446.html
jobs.51job.com/all/co3468903.html
jobs.51job.com/all/co3468903.html
jobs.51job.com/all/co3468903.html
jobs.51job.com/all/co3468903.html
jobs.51job.com/all/co3468903.html
jobs.51job.com/all/co2970055.html
jobs.51job.com/all/co2970055.html
jobs.51job.com/all/co2970055.html
jobs.51job.com/all/co4324437.html
jobs.51job.com/all/co3507852.html
jobs.51job.com/all/co4385352.html
jobs.51job.com/all/co3738626.html
jobs.51job.com/all/co4805306.html
jobs.51job.com/all/co178586.html
jobs.51job.com/all/co178586.html
jobs.51job.com/all/co3916837.html
jobs.51job.com/all/co3916837.html
jobs.51job.com/all/co2811795.html
jobs.51job.com/all/co2811795.html
jobs.51job.com/all/co3132316.html
jobs.51job.com/all/co3132316.html
jobs.51job.com/all/co2672702.html
jobs.51job.com/all/co2672702.html
jobs.51job.com/all/co2672702.html
jobs.51job.com/all/co2811795.html
jobs.51job.com/all/co2811795.html
jobs.51job.com/all/co4012385.html
jobs.51job.com/all/co2675337.html
jobs.51job.com/all/co2301971.html
jobs.51job.com/all/co4023568.html
jobs.51job.com/all/co4941383.html
jobs.51job.com/all/co4941383.html
jobs.51job.com/all/co3460660.html
jobs.51job.com/all/co3460660.html
jobs.51job.com/all/co3002239.html
jobs.51job.com/all/co3002239.html
jobs.51job.com/all/co3002239.html
jobs.51job.com/all/co3002239.html
jobs.51job.com/all/co3002239.html
thyssenkrupp.51job.com
jobs.51job.com/all/co3844893.html
jobs.51job.com/all/co3844893.html
jobs.51job.com/all/co3844893.html
jobs.51job.com/all/co2909067.html
jobs.51job.com/all/co2903192.html
jobs.51job.com/all/co2903192.html
jobs.51job.com/all/co4620160.html
jobs.51job.com/all/co3081846.html
jobs.51job.com/all/co3567257.html
jobs.51job.com/all/co3567257.html
jobs.51job.com/all/co2580137.html
jobs.51job.com/all/co4084327.html
jobs.51job.com/all/co4084327.html
jobs.51job.com/all/co2858490.html
jobs.51job.com/all/co2858490.html
jobs.51job.com/all/co2272108.html
jobs.51job.com/all/co2799039.html
jobs.51job.com/all/co236437.html
jobs.51job.com/all/co253648.html
jobs.51job.com/all/co107529.html
jobs.51job.com/all/co2933378.html
jobs.51job.com/all/co2933378.html
jobs.51job.com/all/co2933378.html
jobs.51job.com/all/co2933378.html
jobs.51job.com/all/co2933378.html
jobs.51job.com/all/co2933378.html
jobs.51job.com/all/co2933378.html
jobs.51job.com/all/co1237760.html
jobs.51job.com/all/co1237760.html
jobs.51job.com/all/co1237760.html
jobs.51job.com/all/co2787252.html
jobs.51job.com/all/co3881890.html
jobs.51job.com/all/co3881890.html
jobs.51job.com/all/co3995912.html
jobs.51job.com/all/co3995912.html
jobs.51job.com/all/co3995912.html
jobs.51job.com/all/co3995912.html
jobs.51job.com/all/co3995912.html
jobs.51job.com/all/co3811186.html
jobs.51job.com/all/co2570857.html
jobs.51job.com/all/co3210342.html
jobs.51job.com/all/co3210342.html
jobs.51job.com/all/co3210342.html
jobs.51job.com/all/co2060749.html
jobs.51job.com/all/co2060749.html
jobs.51job.com/all/co4787269.html
jobs.51job.com/all/co4787269.html
jobs.51job.com/all/co2995212.html
jobs.51job.com/all/co2995212.html
jobs.51job.com/all/co2995212.html
jobs.51job.com/all/co4033493.html
jobs.51job.com/all/co4490456.html
jobs.51job.com/all/co2806511.html
jobs.51job.com/all/co4602948.html
jobs.51job.com/all/co3231476.html
jobs.51job.com/all/co3008001.html
jobs.51job.com/all/co3008001.html
jobs.51job.com/all/co3008001.html
jobs.51job.com/all/co3008001.html
jobs.51job.com/all/co3008001.html
jobs.51job.com/all/co3970446.html
jobs.51job.com/all/co2159850.html
jobs.51job.com/all/co4364326.html
jobs.51job.com/all/co2739452.html
jobs.51job.com/all/co2739452.html
jobs.51job.com/all/co3142347.html
jobs.51job.com/all/co3809444.html
jobs.51job.com/all/co3610872.html
jobs.51job.com/all/co3610872.html
jobs.51job.com/all/co3610872.html
jobs.51job.com/all/co3610872.html
jobs.51job.com/all/co3610872.html
jobs.51job.com/all/co3610872.html
jobs.51job.com/all/co3610872.html
jobs.51job.com/all/co3610872.html
jobs.51job.com/all/co3837184.html
jobs.51job.com/all/co3531001.html
jobs.51job.com/all/co3531001.html
jobs.51job.com/all/co3531001.html
jobs.51job.com/all/co2619979.html
jobs.51job.com/all/co2619979.html
jobs.51job.com/all/co4821712.html
jobs.51job.com/all/co5336.html
jobs.51job.com/all/co2755133.html
jobs.51job.com/all/co3058843.html
jobs.51job.com/all/co2995212.html
jobs.51job.com/all/co2273274.html
jobs.51job.com/all/co4199874.html
jobs.51job.com/all/co4199874.html
jobs.51job.com/all/co4875360.html
jobs.51job.com/all/co3231476.html
jobs.51job.com/all/co4924188.html
jobs.51job.com/all/co4924188.html
jobs.51job.com/all/co2877239.html
jobs.51job.com/all/co2877239.html
jobs.51job.com/all/co2877239.html
jobs.51job.com/all/co4876997.html
jobs.51job.com/all/co4330739.html
jobs.51job.com/all/co4330739.html
jobs.51job.com/all/co3741445.html
jobs.51job.com/all/co3741445.html
jobs.51job.com/all/co2686637.html
jobs.51job.com/all/co3883116.html
jobs.51job.com/all/co4221654.html
jobs.51job.com/all/co2746470.html
jobs.51job.com/all/co4682578.html
jobs.51job.com/all/co4682578.html
jobs.51job.com/all/co4572374.html
jobs.51job.com/all/co3516553.html
jobs.51job.com/all/co3901976.html
jobs.51job.com/all/co4572374.html
jobs.51job.com/all/co4140017.html
jobs.51job.com/all/co4145868.html
jobs.51job.com/all/co2648048.html
jobs.51job.com/all/co2648048.html
jobs.51job.com/all/co4460324.html
jobs.51job.com/all/co3202998.html
jobs.51job.com/all/co3882527.html
jobs.51job.com/all/co2726753.html
jobs.51job.com/all/co3845216.html
jobs.51job.com/all/co3730881.html
jobs.51job.com/all/co3730881.html
jobs.51job.com/all/co3730881.html
jobs.51job.com/all/co3730881.html
jobs.51job.com/all/co3730881.html
jobs.51job.com/all/co3730881.html
jobs.51job.com/all/co3730881.html
jobs.51job.com/all/co3730881.html
jobs.51job.com/all/co3730881.html
jobs.51job.com/all/co3730881.html
jobs.51job.com/all/co3730881.html
jobs.51job.com/all/co3730881.html
jobs.51job.com/all/co3730881.html
jobs.51job.com/all/co3730881.html
jobs.51job.com/all/co3730881.html
jobs.51job.com/all/co3730881.html
jobs.51job.com/all/co3730881.html
jobs.51job.com/all/co4460324.html
jobs.51job.com/all/co4460324.html
jobs.51job.com/all/co4910620.html
jobs.51job.com/all/co4910620.html
jobs.51job.com/all/co4285894.html
jobs.51job.com/all/co4786569.html
jobs.51job.com/all/co347040.html
jobs.51job.com/all/co4189501.html
jobs.51job.com/all/co4572374.html
jobs.51job.com/all/co4856739.html
jobs.51job.com/all/co4856739.html
jobs.51job.com/all/co4856739.html
jobs.51job.com/all/co4856739.html
jobs.51job.com/all/co4835242.html
jobs.51job.com/all/co4835242.html
jobs.51job.com/all/co135210.html
jobs.51job.com/all/co135210.html
jobs.51job.com/all/co135210.html
jobs.51job.com/all/co135210.html
jobs.51job.com/all/co135210.html
jobs.51job.com/all/co3061898.html
jobs.51job.com/all/co2755133.html
jobs.51job.com/all/co3539007.html
jobs.51job.com/all/co3539007.html
jobs.51job.com/all/co2736569.html
jobs.51job.com/all/co2736569.html
jobs.51job.com/all/co4138766.html
jobs.51job.com/all/co3028956.html
jobs.51job.com/all/co3028956.html
jobs.51job.com/all/co3028956.html
jobs.51job.com/all/co3028956.html
jobs.51job.com/all/co4784557.html
jobs.51job.com/all/co4523333.html
jobs.51job.com/all/co4523333.html
jobs.51job.com/all/co4523333.html
jobs.51job.com/all/co3132292.html
jobs.51job.com/all/co4683388.html
jobs.51job.com/all/co2799039.html
jobs.51job.com/all/co4572374.html
jobs.51job.com/all/co4572374.html
jobs.51job.com/all/co4572374.html
jobs.51job.com/all/co4368474.html
jobs.51job.com/all/co3059729.html
jobs.51job.com/all/co4676706.html
jobs.51job.com/all/co4676706.html
jobs.51job.com/all/co4859348.html
jobs.51job.com/all/co4245838.html
jobs.51job.com/all/co4079045.html
jobs.51job.com/all/co3699539.html
jobs.51job.com/all/co3699539.html
jobs.51job.com/all/co3699539.html
jobs.51job.com/all/co3699539.html
jobs.51job.com/all/co3699539.html
jobs.51job.com/all/co3749231.html
jobs.51job.com/all/co3776948.html
jobs.51job.com/all/co3901976.html
jobs.51job.com/all/co3901976.html
jobs.51job.com/all/co2558553.html
jobs.51job.com/all/co4253221.html
jobs.51job.com/all/co4253221.html
jobs.51job.com/all/co3316345.html
jobs.51job.com/all/co3063193.html
jobs.51job.com/all/co4802846.html
jobs.51job.com/all/co3214723.html
jobs.51job.com/all/co4303658.html
jobs.51job.com/all/co2909561.html
jobs.51job.com/all/co4398822.html
jobs.51job.com/all/co4479294.html
jobs.51job.com/all/co3589001.html
jobs.51job.com/all/co4384255.html
jobs.51job.com/all/co4384255.html
jobs.51job.com/all/co3805420.html
jobs.51job.com/all/co3805420.html
