jobs.51job.com/all/co4846607.html
jobs.51job.com/all/co3021305.html
jobs.51job.com/all/co4281114.html
jobs.51job.com/all/co4860551.html
jobs.51job.com/all/co2438321.html
jobs.51job.com/all/co3361670.html
jobs.51job.com/all/co3891172.html
jobs.51job.com/all/co3030985.html
jobs.51job.com/all/co2700646.html
jobs.51job.com/all/co2605715.html
jobs.51job.com/all/co2503363.html
jobs.51job.com/all/co3623052.html
jobs.51job.com/all/co4225923.html
jobs.51job.com/all/co3714320.html
jobs.51job.com/all/co3912516.html
jobs.51job.com/all/co2575422.html
jobs.51job.com/all/co4511636.html
jobs.51job.com/all/co3909405.html
jobs.51job.com/all/co4452088.html
jobs.51job.com/all/co3539246.html
jobs.51job.com/all/co4199143.html
jobs.51job.com/all/co2867815.html
jobs.51job.com/all/co2450683.html
jobs.51job.com/all/co4200991.html
jobs.51job.com/all/co2995279.html
jobs.51job.com/all/co4788027.html
jobs.51job.com/all/co2688902.html
jobs.51job.com/all/co3168417.html
jobs.51job.com/all/co2343879.html
jobs.51job.com/all/co3197808.html
jobs.51job.com/all/co4863461.html
jobs.51job.com/all/co2977526.html
jobs.51job.com/all/co3888982.html
jobs.51job.com/all/co4775043.html
jobs.51job.com/all/co4345021.html
jobs.51job.com/all/co4929241.html
jobs.51job.com/all/co2452683.html
jobs.51job.com/all/co2844762.html
jobs.51job.com/all/co2525227.html
jobs.51job.com/all/co2597173.html
jobs.51job.com/all/co3054762.html
jobs.51job.com/all/co2411165.html
jobs.51job.com/all/co4025536.html
jobs.51job.com/all/co4014711.html
jobs.51job.com/all/co3323004.html
jobs.51job.com/all/co3543360.html
jobs.51job.com/all/co3998853.html
jobs.51job.com/all/co3884404.html
jobs.51job.com/all/co3621079.html
jobs.51job.com/all/co2976170.html
jobs.51job.com/all/co4677278.html
jobs.51job.com/all/co2265898.html
jobs.51job.com/all/co3095431.html
jobs.51job.com/all/co289177.html
jobs.51job.com/all/co4586842.html
jobs.51job.com/all/co3339301.html
jobs.51job.com/all/co2829514.html
jobs.51job.com/all/co4456353.html
jobs.51job.com/all/co3276546.html
jobs.51job.com/all/co3286495.html
jobs.51job.com/all/co3844863.html
jobs.51job.com/all/co3214422.html
jobs.51job.com/all/co2788554.html
jobs.51job.com/all/co3978327.html
jobs.51job.com/all/co2697338.html
jobs.51job.com/all/co4147961.html
jobs.51job.com/all/co3475528.html
jobs.51job.com/all/co4616640.html
jobs.51job.com/all/co3939984.html
jobs.51job.com/all/co3016236.html
jobs.51job.com/all/co4043028.html
jobs.51job.com/all/co4439818.html
jobs.51job.com/all/co4834773.html
jobs.51job.com/all/co4372662.html
jobs.51job.com/all/co2008976.html
jobs.51job.com/all/co4781569.html
jobs.51job.com/all/co2595899.html
jobs.51job.com/all/co4430065.html
jobs.51job.com/all/co3561475.html
jobs.51job.com/all/co2356505.html
jobs.51job.com/all/co2943510.html
jobs.51job.com/all/co3206559.html
jobs.51job.com/all/co4703856.html
jobs.51job.com/all/co2269121.html
jobs.51job.com/all/co3158138.html
jobs.51job.com/all/co2740274.html
jobs.51job.com/all/co3617740.html
jobs.51job.com/all/co3927379.html
jobs.51job.com/all/co3707415.html
jobs.51job.com/all/co4373127.html
jobs.51job.com/all/co4900837.html
jobs.51job.com/all/co2556587.html
jobs.51job.com/all/co3951208.html
jobs.51job.com/all/co4557720.html
jobs.51job.com/all/co4063692.html
jobs.51job.com/all/co2383179.html
jobs.51job.com/all/co2558726.html
jobs.51job.com/all/co4133355.html
jobs.51job.com/all/co3147843.html
jobs.51job.com/all/co2451192.html
jobs.51job.com/all/co3095864.html
jobs.51job.com/all/co4065841.html
jobs.51job.com/all/co3213728.html
jobs.51job.com/all/co3259370.html
jobs.51job.com/all/co2871909.html
jobs.51job.com/all/co4168559.html
jobs.51job.com/all/co3615864.html
jobs.51job.com/all/co2336927.html
jobs.51job.com/all/co4481518.html
jobs.51job.com/all/co2924873.html
jobs.51job.com/all/co2644791.html
jobs.51job.com/all/co4502751.html
jobs.51job.com/all/co2965679.html
jobs.51job.com/all/co2549736.html
jobs.51job.com/all/co4333554.html
jobs.51job.com/all/co2684390.html
jobs.51job.com/all/co3792535.html
jobs.51job.com/all/co2810331.html
jobs.51job.com/all/co4902249.html
jobs.51job.com/all/co3573940.html
jobs.51job.com/all/co4079484.html
jobs.51job.com/all/co2429521.html
jobs.51job.com/all/co3232702.html
jobs.51job.com/all/co3071145.html
jobs.51job.com/all/co3974550.html
jobs.51job.com/all/co4407264.html
jobs.51job.com/all/co4094552.html
jobs.51job.com/all/co4177906.html
jobs.51job.com/all/co4555276.html
jobs.51job.com/all/co2375331.html
aptiv.51job.com
jobs.51job.com/all/co4734016.html
jobs.51job.com/all/co4111569.html
jobs.51job.com/all/co4128149.html
jobs.51job.com/all/co3286511.html
jobs.51job.com/all/co2483669.html
jobs.51job.com/all/co3867123.html
jobs.51job.com/all/co4456180.html
jobs.51job.com/all/co4824270.html
jobs.51job.com/all/co4573805.html
jobs.51job.com/all/co3722558.html
jobs.51job.com/all/co2759738.html
jobs.51job.com/all/co2745943.html
jobs.51job.com/all/co3286836.html
jobs.51job.com/all/co4444314.html
jobs.51job.com/all/co3358803.html
jobs.51job.com/all/co4876980.html
jobs.51job.com/all/co2490137.html
jobs.51job.com/all/co4013335.html
jobs.51job.com/all/co3104276.html
jobs.51job.com/all/co2247955.html
jobs.51job.com/all/co4416278.html
jobs.51job.com/all/co3559658.html
jobs.51job.com/all/co3046930.html
jobs.51job.com/all/co4146494.html
jobs.51job.com/all/co4801560.html
jobs.51job.com/all/co4463778.html
jobs.51job.com/all/co4756484.html
jobs.51job.com/all/co677887.html
jobs.51job.com/all/co2669829.html
jobs.51job.com/all/co3072582.html
jobs.51job.com/all/co4278579.html
jobs.51job.com/all/co2990870.html
jobs.51job.com/all/co3293321.html
www.chinajobs.voith.com
jobs.51job.com/all/co3745068.html
jobs.51job.com/all/co2553532.html
jobs.51job.com/all/co4207729.html
jobs.51job.com/all/co2389927.html
jobs.51job.com/all/co2274398.html
jobs.51job.com/all/co3637302.html
jobs.51job.com/all/co4516163.html
jobs.51job.com/all/co3560407.html
jobs.51job.com/all/co3080600.html
jobs.51job.com/all/co3017401.html
jobs.51job.com/all/co4650942.html
jobs.51job.com/all/co2671945.html
jobs.51job.com/all/co4677259.html
jobs.51job.com/all/co4232471.html
jobs.51job.com/all/co3402696.html
jobs.51job.com/all/co2760045.html
jobs.51job.com/all/co2909774.html
jobs.51job.com/all/co4935767.html
jobs.51job.com/all/co3737995.html
jobs.51job.com/all/co4215640.html
jobs.51job.com/all/co4800370.html
jobs.51job.com/all/co3443850.html
jobs.51job.com/all/co4584497.html
jobs.51job.com/all/co270698.html
jobs.51job.com/all/co3060696.html
jobs.51job.com/all/co4821125.html
jobs.51job.com/all/co4260301.html
jobs.51job.com/all/co3365448.html
jobs.51job.com/all/co3197469.html
jobs.51job.com/all/co2842663.html
jobs.51job.com/all/co4749571.html
jobs.51job.com/all/co4150106.html
jobs.51job.com/all/co3936980.html
jobs.51job.com/all/co4750727.html
jobs.51job.com/all/co1788296.html
jobs.51job.com/all/co4863026.html
jobs.51job.com/all/co4861863.html
jobs.51job.com/all/co3559124.html
jobs.51job.com/all/co4817773.html
jobs.51job.com/all/co4516246.html
jobs.51job.com/all/co2266059.html
jobs.51job.com/all/co4833279.html
jobs.51job.com/all/co2347743.html
jobs.51job.com/all/co3437002.html
jobs.51job.com/all/co4634009.html
jobs.51job.com/all/co3980366.html
jobs.51job.com/all/co2763286.html
jobs.51job.com/all/co3209491.html
jobs.51job.com/all/co2917937.html
jobs.51job.com/all/co4077211.html
jobs.51job.com/all/co3108055.html
jobs.51job.com/all/co2433559.html
jobs.51job.com/all/co4780765.html
jobs.51job.com/all/co3274470.html
jobs.51job.com/all/co4499850.html
jobs.51job.com/all/co4102744.html
jobs.51job.com/all/co4894332.html
jobs.51job.com/all/co3809893.html
jobs.51job.com/all/co4218435.html
jobs.51job.com/all/co4862015.html
jobs.51job.com/all/co4467299.html
jobs.51job.com/all/co2059233.html
jobs.51job.com/all/co3223993.html
jobs.51job.com/all/co2610207.html
jobs.51job.com/all/co4528212.html
jobs.51job.com/all/co3688385.html
jobs.51job.com/all/co4869119.html
jobs.51job.com/all/co3348507.html
jobs.51job.com/all/co3963473.html
jobs.51job.com/all/co3303104.html
jobs.51job.com/all/co4787779.html
jobs.51job.com/all/co805044.html
jobs.51job.com/all/co4308778.html
jobs.51job.com/all/co4952676.html
jobs.51job.com/all/co2226048.html
jobs.51job.com/all/co2089675.html
jobs.51job.com/all/co3870089.html
jobs.51job.com/all/co3719280.html
jobs.51job.com/all/co4627219.html
jobs.51job.com/all/co2117290.html
jobs.51job.com/all/co2754896.html
jobs.51job.com/all/co2289316.html
jobs.51job.com/all/co4085084.html
jobs.51job.com/all/co3183048.html
jobs.51job.com/all/co4422548.html
jobs.51job.com/all/co4302976.html
jobs.51job.com/all/co4927533.html
jobs.51job.com/all/co2551450.html
thyssenkrupp.51job.com
jobs.51job.com/all/co4263779.html
jobs.51job.com/all/co4818649.html
jobs.51job.com/all/co3358933.html
jobs.51job.com/all/co4135674.html
jobs.51job.com/all/co3785463.html
jobs.51job.com/all/co4794751.html
jobs.51job.com/all/co4922894.html
jobs.51job.com/all/co2973925.html
jobs.51job.com/all/co4023766.html
jobs.51job.com/all/co3045001.html
jobs.51job.com/all/co3215936.html
jobs.51job.com/all/co4788682.html
jobs.51job.com/all/co2663943.html
jobs.51job.com/all/co3983273.html
jobs.51job.com/all/co4481969.html
jobs.51job.com/all/co2205299.html
jobs.51job.com/all/co4390248.html
jobs.51job.com/all/co4910043.html
jobs.51job.com/all/co3580025.html
jobs.51job.com/all/co4253704.html
jobs.51job.com/all/co2698086.html
jobs.51job.com/all/co3791456.html
jobs.51job.com/all/co4801504.html
jobs.51job.com/all/co4774548.html
jobs.51job.com/all/co4528850.html
jobs.51job.com/all/co4691646.html
jobs.51job.com/all/co1125715.html
jobs.51job.com/all/co4162866.html
jobs.51job.com/all/co2506187.html
jobs.51job.com/all/co3663651.html
jobs.51job.com/all/co3818795.html
jobs.51job.com/all/co3475021.html
jobs.51job.com/all/co2483720.html
jobs.51job.com/all/co2922176.html
jobs.51job.com/all/co2276062.html
jobs.51job.com/all/co3802336.html
jobs.51job.com/all/co2816812.html
jobs.51job.com/all/co2937343.html
jobs.51job.com/all/co3477557.html
jobs.51job.com/all/co2233974.html
jobs.51job.com/all/co2737570.html
jobs.51job.com/all/co4936096.html
jobs.51job.com/all/co3141394.html
jobs.51job.com/all/co2545111.html
jobs.51job.com/all/co3762568.html
jobs.51job.com/all/co3140863.html
jobs.51job.com/all/co4476027.html
jobs.51job.com/all/co4898396.html
jobs.51job.com/all/co3174385.html
jobs.51job.com/all/co3320101.html
jobs.51job.com/all/co3291996.html
jobs.51job.com/all/co4371776.html
jobs.51job.com/all/co3942462.html
jobs.51job.com/all/co4793528.html
jobs.51job.com/all/co2536938.html
jobs.51job.com/all/co4293230.html
jobs.51job.com/all/co3427607.html
jobs.51job.com/all/co4888749.html
jobs.51job.com/all/co2724455.html
jobs.51job.com/all/co4814236.html
jobs.51job.com/all/co4623054.html
jobs.51job.com/all/co4111255.html
jobs.51job.com/all/co4249043.html
jobs.51job.com/all/co4395995.html
jobs.51job.com/all/co3632800.html
jobs.51job.com/all/co2114348.html
jobs.51job.com/all/co2350381.html
jobs.51job.com/all/co3289380.html
jobs.51job.com/all/co4928307.html
jobs.51job.com/all/co2108971.html
jobs.51job.com/all/co4952402.html
jobs.51job.com/all/co4025136.html
jobs.51job.com/all/co4214330.html
jobs.51job.com/all/co4950239.html
jobs.51job.com/all/co4628289.html
jobs.51job.com/all/co3985811.html
jobs.51job.com/all/co2063766.html
jobs.51job.com/all/co4938336.html
jobs.51job.com/all/co2684934.html
jobs.51job.com/all/co4347647.html
jobs.51job.com/all/co4906928.html
jobs.51job.com/all/co2429654.html
jobs.51job.com/all/co4893015.html
jobs.51job.com/all/co4393397.html
jobs.51job.com/all/co3841235.html
jobs.51job.com/all/co3026355.html
jobs.51job.com/all/co3068867.html
jobs.51job.com/all/co3173031.html
jobs.51job.com/all/co2936319.html
jobs.51job.com/all/co4331183.html
jobs.51job.com/all/co2390917.html
jobs.51job.com/all/co3108401.html
jobs.51job.com/all/co4591801.html
jobs.51job.com/all/co3670811.html
jobs.51job.com/all/co4644889.html
jobs.51job.com/all/co3386112.html
jobs.51job.com/all/co4621938.html
jobs.51job.com/all/co4583421.html
jobs.51job.com/all/co4519539.html
jobs.51job.com/all/co2048540.html
jobs.51job.com/all/co2333136.html
jobs.51job.com/all/co3465226.html
jobs.51job.com/all/co4430564.html
jobs.51job.com/all/co4361218.html
jobs.51job.com/all/co2980205.html
jobs.51job.com/all/co2638657.html
jobs.51job.com/all/co4232268.html
jobs.51job.com/all/co2799945.html
jobs.51job.com/all/co2143907.html
jobs.51job.com/all/co4191041.html
jobs.51job.com/all/co2656632.html
jobs.51job.com/all/co2611941.html
jobs.51job.com/all/co4158084.html
jobs.51job.com/all/co3715504.html
jobs.51job.com/all/co4682012.html
jobs.51job.com/all/co2926830.html
jobs.51job.com/all/co3142338.html
jobs.51job.com/all/co3123339.html
jobs.51job.com/all/co3940509.html
jobs.51job.com/all/co4612657.html
jobs.51job.com/all/co2723411.html
jobs.51job.com/all/co2704594.html
jobs.51job.com/all/co4867228.html
jobs.51job.com/all/co3605620.html
jobs.51job.com/all/co3205465.html
jobs.51job.com/all/co3376312.html
jobs.51job.com/all/co3107828.html
jobs.51job.com/all/co2212711.html
jobs.51job.com/all/co4347684.html
jobs.51job.com/all/co4477370.html
jobs.51job.com/all/co283488.html
herrenknecht.51job.com/careers_cn.php
jobs.51job.com/all/co4635930.html
jobs.51job.com/all/co3492264.html
jobs.51job.com/all/co2616928.html
jobs.51job.com/all/co549047.html
jobs.51job.com/all/co4670445.html
jobs.51job.com/all/co2497638.html
jobs.51job.com/all/co2480477.html
jobs.51job.com/all/co4000590.html
jobs.51job.com/all/co3315832.html
jobs.51job.com/all/co4595707.html
jobs.51job.com/all/co2634615.html
jobs.51job.com/all/co2652745.html
jobs.51job.com/all/co4374043.html
jobs.51job.com/all/co2909264.html
jobs.51job.com/all/co4875563.html
jobs.51job.com/all/co3416696.html
jobs.51job.com/all/co872557.html
jobs.51job.com/all/co4913417.html
jobs.51job.com/all/co3945175.html
jobs.51job.com/all/co4631447.html
jobs.51job.com/all/co2590851.html
jobs.51job.com/all/co3891288.html
jobs.51job.com/all/co2527399.html
jobs.51job.com/all/co2646507.html
jobs.51job.com/all/co2559289.html
jobs.51job.com/all/co2825407.html
jobs.51job.com/all/co489370.html
jobs.51job.com/all/co3685199.html
jobs.51job.com/all/co4155408.html
jobs.51job.com/all/co4749712.html
jobs.51job.com/all/co3224941.html
jobs.51job.com/all/co2032689.html
jobs.51job.com/all/co3868375.html
jobs.51job.com/all/co3805444.html
jobs.51job.com/all/co3168237.html
jobs.51job.com/all/co3970438.html
jobs.51job.com/all/co3853435.html
jobs.51job.com/all/co4459761.html
jobs.51job.com/all/co4401488.html
jobs.51job.com/all/co4325922.html
jobs.51job.com/all/co2608439.html
jobs.51job.com/all/co4557820.html
jobs.51job.com/all/co3774979.html
jobs.51job.com/all/co2672846.html
jobs.51job.com/all/co3045619.html
jobs.51job.com/all/co4517773.html
jobs.51job.com/all/co2325183.html
jobs.51job.com/all/co3974777.html
jobs.51job.com/all/co3423661.html
jobs.51job.com/all/co4175613.html
jobs.51job.com/all/co2538481.html
jobs.51job.com/all/co3028217.html
jobs.51job.com/all/co4319550.html
jobs.51job.com/all/co3782471.html
jobs.51job.com/all/co2582944.html
jobs.51job.com/all/co4664174.html
jobs.51job.com/all/co2762433.html
jobs.51job.com/all/co4087428.html
jobs.51job.com/all/co4060548.html
jobs.51job.com/all/co2504859.html
jobs.51job.com/all/co3423642.html
jobs.51job.com/all/co2229787.html
jobs.51job.com/all/co4123637.html
jobs.51job.com/all/co1993487.html
jobs.51job.com/all/co4472578.html
jobs.51job.com/all/co2905651.html
jobs.51job.com/all/co3418050.html
jobs.51job.com/all/co3435014.html
jobs.51job.com/all/co2953047.html
jobs.51job.com/all/co2482210.html
jobs.51job.com/all/co3355519.html
jobs.51job.com/all/co3926547.html
jobs.51job.com/all/co3714754.html
jobs.51job.com/all/co2670624.html
jobs.51job.com/all/co4243399.html
jobs.51job.com/all/co3337729.html
jobs.51job.com/all/co4006675.html
jobs.51job.com/all/co4584521.html
jobs.51job.com/all/co3084899.html
jobs.51job.com/all/co4597828.html
jobs.51job.com/all/co3874672.html
jobs.51job.com/all/co4772971.html
jobs.51job.com/all/co3004793.html
jobs.51job.com/all/co1232652.html
jobs.51job.com/all/co2896405.html
jobs.51job.com/all/co3182508.html
jobs.51job.com/all/co3799921.html
jobs.51job.com/all/co3603360.html
jobs.51job.com/all/co4624360.html
jobs.51job.com/all/co4728521.html
jobs.51job.com/all/co3867578.html
jobs.51job.com/all/co3002186.html
jobs.51job.com/all/co2528535.html
jobs.51job.com/all/co4944415.html
jobs.51job.com/all/co4771226.html
jobs.51job.com/all/co4447845.html
jobs.51job.com/all/co4531546.html
jobs.51job.com/all/co4675236.html
jobs.51job.com/all/co4088779.html
jobs.51job.com/all/co2591761.html
jobs.51job.com/all/co2731487.html
jobs.51job.com/all/co2523739.html
jobs.51job.com/all/co2595925.html
jobs.51job.com/all/co3885900.html
jobs.51job.com/all/co4202913.html
jobs.51job.com/all/co4358744.html
jobs.51job.com/all/co4856290.html
jobs.51job.com/all/co4653128.html
jobs.51job.com/all/co4662084.html
jobs.51job.com/all/co4016189.html
jobs.51job.com/all/co2207492.html
jobs.51job.com/all/co2954623.html
jobs.51job.com/all/co2240103.html
jobs.51job.com/all/co3286088.html
jobs.51job.com/all/co4770468.html
jobs.51job.com/all/co4528706.html
jobs.51job.com/all/co2487244.html
jobs.51job.com/all/co3405967.html
jobs.51job.com/all/co4003724.html
jobs.51job.com/all/co2847783.html
jobs.51job.com/all/co3884324.html
jobs.51job.com/all/co3153109.html
jobs.51job.com/all/co2985890.html
jobs.51job.com/all/co3322523.html
jobs.51job.com/all/co4453337.html
jobs.51job.com/all/co3777042.html
jobs.51job.com/all/co4531308.html
jobs.51job.com/all/co4164252.html
jobs.51job.com/all/co2487298.html
jobs.51job.com/all/co4002158.html
jobs.51job.com/all/co4581979.html
jobs.51job.com/all/co2625223.html
jobs.51job.com/all/co2918328.html
jobs.51job.com/all/co3490518.html
jobs.51job.com/all/co4146627.html
jobs.51job.com/all/co1184893.html
jobs.51job.com/all/co3348226.html
jobs.51job.com/all/co4605592.html
jobs.51job.com/all/co2923020.html
jobs.51job.com/all/co2013880.html
jobs.51job.com/all/co4081939.html
jobs.51job.com/all/co3592904.html
jobs.51job.com/all/co4086756.html
jobs.51job.com/all/co2940400.html
jobs.51job.com/all/co3764631.html
jobs.51job.com/all/co3480504.html
jobs.51job.com/all/co2621190.html
jobs.51job.com/all/co4817741.html
jobs.51job.com/all/co4676856.html
jobs.51job.com/all/co4446015.html
jobs.51job.com/all/co4068905.html
jobs.51job.com/all/co3839711.html
jobs.51job.com/all/co3009751.html
jobs.51job.com/all/co3002797.html
jobs.51job.com/all/co3229063.html
jobs.51job.com/all/co1253492.html
jobs.51job.com/all/co2865897.html
jobs.51job.com/all/co3803187.html
jobs.51job.com/all/co2423900.html
jobs.51job.com/all/co4685901.html
jobs.51job.com/all/co2253723.html
jobs.51job.com/all/co2248750.html
jobs.51job.com/all/co4867994.html
jobs.51job.com/all/co2503897.html
jobs.51job.com/all/co3559057.html
jobs.51job.com/all/co2682099.html
jobs.51job.com/all/co2798889.html
jobs.51job.com/all/co4895038.html
jobs.51job.com/all/co4511289.html
jobs.51job.com/all/co4232521.html
jobs.51job.com/all/co2977707.html
jobs.51job.com/all/co2328869.html
jobs.51job.com/all/co4486728.html
jobs.51job.com/all/co3220848.html
jobs.51job.com/all/co3220841.html
jobs.51job.com/all/co3217824.html
jobs.51job.com/all/co3763550.html
jobs.51job.com/all/co4624361.html
jobs.51job.com/all/co4365566.html
jobs.51job.com/all/co4613797.html
jobs.51job.com/all/co3950456.html
jobs.51job.com/all/co2277328.html
jobs.51job.com/all/co2940310.html
jobs.51job.com/all/co3699324.html
jobs.51job.com/all/co4674174.html
jobs.51job.com/all/co2453082.html
jobs.51job.com/all/co2902649.html
jobs.51job.com/all/co4102642.html
jobs.51job.com/all/co3215161.html
jobs.51job.com/all/co2592580.html
jobs.51job.com/all/co3718457.html
jobs.51job.com/all/co2435813.html
jobs.51job.com/all/co4403495.html
jobs.51job.com/all/co314527.html
jobs.51job.com/all/co4832823.html
jobs.51job.com/all/co4070932.html
jobs.51job.com/all/co2672293.html
jobs.51job.com/all/co4851401.html
jobs.51job.com/all/co4796075.html
jobs.51job.com/all/co4479558.html
jobs.51job.com/all/co4308782.html
jobs.51job.com/all/co3757818.html
jobs.51job.com/all/co2529877.html
jobs.51job.com/all/co2195833.html
jobs.51job.com/all/co2894476.html
jobs.51job.com/all/co3428312.html
jobs.51job.com/all/co202031.html
jobs.51job.com/all/co2561650.html
jobs.51job.com/all/co4920177.html
jobs.51job.com/all/co2271116.html
jobs.51job.com/all/co3266648.html
jobs.51job.com/all/co2307404.html
jobs.51job.com/all/co2071533.html
jobs.51job.com/all/co574196.html
jobs.51job.com/all/co2675137.html
jobs.51job.com/all/co380503.html
jobs.51job.com/all/co2648404.html
jobs.51job.com/all/co4210874.html
jobs.51job.com/all/co3076836.html
jobs.51job.com/all/co625700.html
jobs.51job.com/all/co4128385.html
jobs.51job.com/all/co3320364.html
jobs.51job.com/all/co3962425.html
jobs.51job.com/all/co3070537.html
jobs.51job.com/all/co2594084.html
jobs.51job.com/all/co4298144.html
jobs.51job.com/all/co3028923.html
jobs.51job.com/all/co4542178.html
jobs.51job.com/all/co4794681.html
jobs.51job.com/all/co4803515.html
jobs.51job.com/all/co4098581.html
jobs.51job.com/all/co3530513.html
jobs.51job.com/all/co2820664.html
jobs.51job.com/all/co3492918.html
jobs.51job.com/all/co3648923.html
jobs.51job.com/all/co4392908.html
jobs.51job.com/all/co4855902.html
jobs.51job.com/all/co321535.html
jobs.51job.com/all/co4559624.html
jobs.51job.com/all/co4370968.html
jobs.51job.com/all/co4390220.html
jobs.51job.com/all/co4269263.html
jobs.51job.com/all/co3527989.html
jobs.51job.com/all/co2986255.html
jobs.51job.com/all/co2840639.html
jobs.51job.com/all/co2252294.html
jobs.51job.com/all/co2995504.html
jobs.51job.com/all/co4249813.html
jobs.51job.com/all/co198785.html
jobs.51job.com/all/co2453140.html
jobs.51job.com/all/co4792433.html
jobs.51job.com/all/co4837147.html
jobs.51job.com/all/co4931549.html
jobs.51job.com/all/co4844235.html
jobs.51job.com/all/co3991312.html
jobs.51job.com/all/co4189313.html
jobs.51job.com/all/co3199738.html
jobs.51job.com/all/co3371802.html
jobs.51job.com/all/co4285775.html
jobs.51job.com/all/co2954123.html
jobs.51job.com/all/co3943547.html
jobs.51job.com/all/co2620699.html
jobs.51job.com/all/co3488666.html
jobs.51job.com/all/co3565167.html
jobs.51job.com/all/co4426078.html
jobs.51job.com/all/co2805918.html
jobs.51job.com/all/co184531.html
jobs.51job.com/all/co2642943.html
jobs.51job.com/all/co4313872.html
jobs.51job.com/all/co4899764.html
jobs.51job.com/all/co3654440.html
jobs.51job.com/all/co2431731.html
jobs.51job.com/all/co3357582.html
jobs.51job.com/all/co3600890.html
jobs.51job.com/all/co2067087.html
jobs.51job.com/all/co2806195.html
jobs.51job.com/all/co3340398.html
jobs.51job.com/all/co2445405.html
jobs.51job.com/all/co2821536.html
jobs.51job.com/all/co4032226.html
jobs.51job.com/all/co3188286.html
jobs.51job.com/all/co4028195.html
jobs.51job.com/all/co3229635.html
jobs.51job.com/all/co4605886.html
jobs.51job.com/all/co2454251.html
jobs.51job.com/all/co4649761.html
jobs.51job.com/all/co4869052.html
jobs.51job.com/all/co4352346.html
jobs.51job.com/all/co2520877.html
jobs.51job.com/all/co295594.html
jobs.51job.com/all/co3431119.html
jobs.51job.com/all/co3568217.html
jobs.51job.com/all/co4139730.html
jobs.51job.com/all/co2960239.html
jobs.51job.com/all/co3119691.html
jobs.51job.com/all/co4149311.html
jobs.51job.com/all/co3096770.html
jobs.51job.com/all/co4246751.html
jobs.51job.com/all/co3509408.html
jobs.51job.com/all/co3258559.html
jobs.51job.com/all/co3694848.html
jobs.51job.com/all/co3042544.html
jobs.51job.com/all/co3488325.html
jobs.51job.com/all/co4364377.html
jobs.51job.com/all/co4139736.html
jobs.51job.com/all/co4700479.html
jobs.51job.com/all/co4331464.html
jobs.51job.com/all/co2481001.html
jobs.51job.com/all/co2474021.html
jobs.51job.com/all/co2574759.html
jobs.51job.com/all/co4612124.html
jobs.51job.com/all/co2932134.html
jobs.51job.com/all/co3933416.html
jobs.51job.com/all/co3079816.html
jobs.51job.com/all/co4089900.html
jobs.51job.com/all/co2968664.html
jobs.51job.com/all/co4865103.html
jobs.51job.com/all/co4201436.html
jobs.51job.com/all/co3636920.html
jobs.51job.com/all/co3083538.html
jobs.51job.com/all/co4682440.html
jobs.51job.com/all/co3752928.html
jobs.51job.com/all/co4728337.html
jobs.51job.com/all/co3974225.html
jobs.51job.com/all/co1007826.html
jobs.51job.com/all/co4835596.html
jobs.51job.com/all/co2670771.html
jobs.51job.com/all/co4026127.html
jobs.51job.com/all/co4916157.html
jobs.51job.com/all/co4247482.html
jobs.51job.com/all/co2587391.html
jobs.51job.com/all/co4677467.html
jobs.51job.com/all/co4164932.html
jobs.51job.com/all/co2295842.html
jobs.51job.com/all/co2415765.html
jobs.51job.com/all/co4181160.html
jobs.51job.com/all/co3258705.html
jobs.51job.com/all/co3809036.html
jobs.51job.com/all/co4852990.html
jobs.51job.com/all/co2714029.html
jobs.51job.com/all/co3927699.html
jobs.51job.com/all/co4185371.html
jobs.51job.com/all/co3766204.html
jobs.51job.com/all/co3825698.html
jobs.51job.com/all/co4353663.html
jobs.51job.com/all/co4721379.html
jobs.51job.com/all/co4507048.html
jobs.51job.com/all/co2898556.html
jobs.51job.com/all/co2073626.html
jobs.51job.com/all/co2539939.html
jobs.51job.com/all/co4635292.html
jobs.51job.com/all/co4748475.html
jobs.51job.com/all/co2822594.html
jobs.51job.com/all/co4072074.html
jobs.51job.com/all/co2789115.html
jobs.51job.com/all/co4288486.html
jobs.51job.com/all/co2601395.html
jobs.51job.com/all/co3394105.html
jobs.51job.com/all/co3039316.html
jobs.51job.com/all/co2750434.html
jobs.51job.com/all/co2054077.html
jobs.51job.com/all/co2299773.html
jobs.51job.com/all/co3913875.html
jobs.51job.com/all/co3821756.html
jobs.51job.com/all/co3601965.html
jobs.51job.com/all/co4176664.html
jobs.51job.com/all/co3818228.html
jobs.51job.com/all/co4121806.html
jobs.51job.com/all/co4091638.html
jobs.51job.com/all/co2055438.html
jobs.51job.com/all/co4409231.html
jobs.51job.com/all/co3893758.html
jobs.51job.com/all/co3855929.html
jobs.51job.com/all/co4538179.html
jobs.51job.com/all/co4152139.html
jobs.51job.com/all/co2721044.html
jobs.51job.com/all/co1157836.html
jobs.51job.com/all/co2102136.html
jobs.51job.com/all/co3136145.html
jobs.51job.com/all/co2547254.html
jobs.51job.com/all/co4678073.html
jobs.51job.com/all/co3684489.html
jobs.51job.com/all/co2648567.html
jobs.51job.com/all/co3109541.html
jobs.51job.com/all/co3106837.html
jobs.51job.com/all/co4086884.html
jobs.51job.com/all/co3919639.html
jobs.51job.com/all/co3892221.html
jobs.51job.com/all/co2682059.html
jobs.51job.com/all/co3424599.html
jobs.51job.com/all/co228161.html
jobs.51job.com/all/co3551645.html
jobs.51job.com/all/co3928802.html
jobs.51job.com/all/co3074539.html
jobs.51job.com/all/co4492979.html
jobs.51job.com/all/co3486774.html
jobs.51job.com/all/co3866056.html
jobs.51job.com/all/co3519576.html
jobs.51job.com/all/co2199193.html
jobs.51job.com/all/co2928592.html
jobs.51job.com/all/co3389248.html
jobs.51job.com/all/co3808521.html
jobs.51job.com/all/co3285972.html
jobs.51job.com/all/co3038693.html
jobs.51job.com/all/co2851836.html
jobs.51job.com/all/co3148987.html
jobs.51job.com/all/co4523852.html
jobs.51job.com/all/co2333332.html
jobs.51job.com/all/co4847282.html
jobs.51job.com/all/co2656992.html
jobs.51job.com/all/co4875854.html
jobs.51job.com/all/co2892467.html
jobs.51job.com/all/co4001619.html
jobs.51job.com/all/co3998458.html
jobs.51job.com/all/co601196.html
jobs.51job.com/all/co3638999.html
jobs.51job.com/all/co4473200.html
jobs.51job.com/all/co3285127.html
jobs.51job.com/all/co4137794.html
jobs.51job.com/all/co3816474.html
jobs.51job.com/all/co180850.html
jobs.51job.com/all/co4745736.html
jobs.51job.com/all/co4603887.html
jobs.51job.com/all/co3303911.html
jobs.51job.com/all/co4092274.html
jobs.51job.com/all/co4896279.html
jobs.51job.com/all/co4211001.html
jobs.51job.com/all/co3524548.html
jobs.51job.com/all/co4476567.html
jobs.51job.com/all/co3117034.html
jobs.51job.com/all/co2641575.html
jobs.51job.com/all/co103082.html
jobs.51job.com/all/co3062441.html
jobs.51job.com/all/co4950778.html
jobs.51job.com/all/co3962643.html
jobs.51job.com/all/co3018452.html
jobs.51job.com/all/co4767279.html
jobs.51job.com/all/co4466256.html
jobs.51job.com/all/co4227832.html
jobs.51job.com/all/co4225585.html
jobs.51job.com/all/co3790410.html
jobs.51job.com/all/co3591055.html
jobs.51job.com/all/co2052220.html
jobs.51job.com/all/co2591957.html
jobs.51job.com/all/co354983.html
jobs.51job.com/all/co3125241.html
jobs.51job.com/all/co4380041.html
jobs.51job.com/all/co4891010.html
jobs.51job.com/all/co3024506.html
jobs.51job.com/all/co4613240.html
jobs.51job.com/all/co4947549.html
jobs.51job.com/all/co3477951.html
jobs.51job.com/all/co4110331.html
jobs.51job.com/all/co3240873.html
jobs.51job.com/all/co3392637.html
jobs.51job.com/all/co4399612.html
jobs.51job.com/all/co2610958.html
jobs.51job.com/all/co2481610.html
jobs.51job.com/all/co2298150.html
jobs.51job.com/all/co3123912.html
jobs.51job.com/all/co2336792.html
jobs.51job.com/all/co4309613.html
jobs.51job.com/all/co3483905.html
jobs.51job.com/all/co3547853.html
jobs.51job.com/all/co2735663.html
jobs.51job.com/all/co2450749.html
jobs.51job.com/all/co3941491.html
jobs.51job.com/all/co2590751.html
jobs.51job.com/all/co3760686.html
jobs.51job.com/all/co2822182.html
jobs.51job.com/all/co4380365.html
jobs.51job.com/all/co2330857.html
jobs.51job.com/all/co3702034.html
jobs.51job.com/all/co2557494.html
jobs.51job.com/all/co4763198.html
jobs.51job.com/all/co3106899.html
jobs.51job.com/all/co2547514.html
jobs.51job.com/all/co2719842.html
jobs.51job.com/all/co4848409.html
jobs.51job.com/all/co2785505.html
jobs.51job.com/all/co3562099.html
jobs.51job.com/all/co2957015.html
jobs.51job.com/all/co2843743.html
jobs.51job.com/all/co3423492.html
jobs.51job.com/all/co2707968.html
jobs.51job.com/all/co2757880.html
jobs.51job.com/all/co4872817.html
jobs.51job.com/all/co2189254.html
jobs.51job.com/all/co2932540.html
jobs.51job.com/all/co289714.html
jobs.51job.com/all/co4343134.html
jobs.51job.com/all/co2125145.html
jobs.51job.com/all/co4009616.html
jobs.51job.com/all/co4885285.html
jobs.51job.com/all/co4247639.html
jobs.51job.com/all/co3581676.html
jobs.51job.com/all/co2160453.html
jobs.51job.com/all/co4537141.html
jobs.51job.com/all/co2657606.html
jobs.51job.com/all/co3714023.html
jobs.51job.com/all/co4913972.html
jobs.51job.com/all/co4368354.html
jobs.51job.com/all/co3758201.html
jobs.51job.com/all/co2617515.html
jobs.51job.com/all/co4676982.html
jobs.51job.com/all/co278964.html
jobs.51job.com/all/co3381236.html
jobs.51job.com/all/co4349817.html
jobs.51job.com/all/co2790251.html
jobs.51job.com/all/co2794066.html
jobs.51job.com/all/co4647893.html
jobs.51job.com/all/co2822969.html
jobs.51job.com/all/co2775339.html
jobs.51job.com/all/co2566814.html
jobs.51job.com/all/co4117496.html
jobs.51job.com/all/co4865539.html
jobs.51job.com/all/co2934603.html
jobs.51job.com/all/co4794372.html
jobs.51job.com/all/co2307113.html
jobs.51job.com/all/co2474514.html
jobs.51job.com/all/co2656450.html
jobs.51job.com/all/co2618170.html
jobs.51job.com/all/co4859771.html
jobs.51job.com/all/co3225089.html
jobs.51job.com/all/co4568001.html
jobs.51job.com/all/co3597493.html
jobs.51job.com/all/co3609677.html
jobs.51job.com/all/co3231997.html
jobs.51job.com/all/co4226014.html
jobs.51job.com/all/co4641009.html
jobs.51job.com/all/co4149268.html
jobs.51job.com/all/co4021424.html
jobs.51job.com/all/co3267184.html
jobs.51job.com/all/co4477368.html
jobs.51job.com/all/co2049868.html
jobs.51job.com/all/co4338630.html
jobs.51job.com/all/co2068722.html
jobs.51job.com/all/co3427713.html
jobs.51job.com/all/co4850334.html
jobs.51job.com/all/co3917255.html
jobs.51job.com/all/co2980225.html
jobs.51job.com/all/co4296307.html
jobs.51job.com/all/co1703954.html
jobs.51job.com/all/co3001811.html
jobs.51job.com/all/co2472847.html
jobs.51job.com/all/co2550408.html
jobs.51job.com/all/co2408228.html
jobs.51job.com/all/co3403129.html
jobs.51job.com/all/co4199962.html
jobs.51job.com/all/co2313572.html
jobs.51job.com/all/co2819138.html
jobs.51job.com/all/co2159615.html
jobs.51job.com/all/co4903108.html
jobs.51job.com/all/co3404787.html
jobs.51job.com/all/co3539987.html
jobs.51job.com/all/co4264580.html
jobs.51job.com/all/co2685440.html
jobs.51job.com/all/co4825682.html
jobs.51job.com/all/co4256149.html
jobs.51job.com/all/co3888508.html
jobs.51job.com/all/co3134476.html
jobs.51job.com/all/co2881794.html
jobs.51job.com/all/co3140125.html
jobs.51job.com/all/co4592055.html
jobs.51job.com/all/co3489563.html
jobs.51job.com/all/co260477.html
jobs.51job.com/all/co3984538.html
jobs.51job.com/all/co4105424.html
jobs.51job.com/all/co3940671.html
jobs.51job.com/all/co2472145.html
jobs.51job.com/all/co2067983.html
jobs.51job.com/all/co2997849.html
jobs.51job.com/all/co4109342.html
jobs.51job.com/all/co2622535.html
jobs.51job.com/all/co2850219.html
jobs.51job.com/all/co4529074.html
jobs.51job.com/all/co3677952.html
jobs.51job.com/all/co1242093.html
jobs.51job.com/all/co2022139.html
jobs.51job.com/all/co2758930.html
jobs.51job.com/all/co3806466.html
jobs.51job.com/all/co3270728.html
jobs.51job.com/all/co4429296.html
jobs.51job.com/all/co4588825.html
jobs.51job.com/all/co3261295.html
jobs.51job.com/all/co4365701.html
jobs.51job.com/all/co1088638.html
jobs.51job.com/all/co4456932.html
jobs.51job.com/all/co3776661.html
jobs.51job.com/all/co3874943.html
jobs.51job.com/all/co4846686.html
jobs.51job.com/all/co4655667.html
jobs.51job.com/all/co2434376.html
jobs.51job.com/all/co806752.html
jobs.51job.com/all/co3953265.html
jobs.51job.com/all/co4255748.html
jobs.51job.com/all/co2504579.html
jobs.51job.com/all/co3994050.html
jobs.51job.com/all/co2510792.html
jobs.51job.com/all/co4206568.html
jobs.51job.com/all/co3290259.html
jobs.51job.com/all/co2822822.html
jobs.51job.com/all/co3868697.html
jobs.51job.com/all/co3867334.html
jobs.51job.com/all/co3982525.html
jobs.51job.com/all/co3884390.html
jobs.51job.com/all/co3941618.html
jobs.51job.com/all/co4716385.html
jobs.51job.com/all/co2360814.html
jobs.51job.com/all/co3860755.html
jobs.51job.com/all/co4524391.html
jobs.51job.com/all/co4921782.html
jobs.51job.com/all/co4633453.html
jobs.51job.com/all/co4613093.html
jobs.51job.com/all/co2642802.html
jobs.51job.com/all/co2699407.html
jobs.51job.com/all/co3066758.html
jobs.51job.com/all/co3727218.html
jobs.51job.com/all/co3106973.html
jobs.51job.com/all/co2400045.html
jobs.51job.com/all/co3872783.html
jobs.51job.com/all/co4626099.html
jobs.51job.com/all/co2804427.html
jobs.51job.com/all/co158744.html
jobs.51job.com/all/co1366885.html
jobs.51job.com/all/co4726004.html
jobs.51job.com/all/co4883924.html
jobs.51job.com/all/co2085545.html
jobs.51job.com/all/co2620778.html
jobs.51job.com/all/co2915792.html
jobs.51job.com/all/co149574.html
jobs.51job.com/all/co3747728.html
jobs.51job.com/all/co3315781.html
jobs.51job.com/all/co2342735.html
jobs.51job.com/all/co2968845.html
jobs.51job.com/all/co3714670.html
jobs.51job.com/all/co4649069.html
jobs.51job.com/all/co3487141.html
jobs.51job.com/all/co2549048.html
jobs.51job.com/all/co4894156.html
jobs.51job.com/all/co4702040.html
jobs.51job.com/all/co2328292.html
jobs.51job.com/all/co4123854.html
jobs.51job.com/all/co2648574.html
jobs.51job.com/all/co3047549.html
jobs.51job.com/all/co4501424.html
jobs.51job.com/all/co3919377.html
jobs.51job.com/all/co2679599.html
jobs.51job.com/all/co4119612.html
jobs.51job.com/all/co2354709.html
jobs.51job.com/all/co3893642.html
jobs.51job.com/all/co3562364.html
jobs.51job.com/all/co3995182.html
jobs.51job.com/all/co2225130.html
jobs.51job.com/all/co3989846.html
jobs.51job.com/all/co4344261.html
jobs.51job.com/all/co759193.html
jobs.51job.com/all/co3985769.html
jobs.51job.com/all/co2065719.html
jobs.51job.com/all/co2535577.html
jobs.51job.com/all/co3002097.html
jobs.51job.com/all/co3334893.html
jobs.51job.com/all/co1993170.html
jobs.51job.com/all/co3525890.html
jobs.51job.com/all/co3003098.html
jobs.51job.com/all/co2917719.html
jobs.51job.com/all/co3092300.html
jobs.51job.com/all/co3728785.html
jobs.51job.com/all/co3713467.html
jobs.51job.com/all/co3372588.html
jobs.51job.com/all/co2325579.html
jobs.51job.com/all/co2731965.html
jobs.51job.com/all/co3593519.html
jobs.51job.com/all/co3873883.html
jobs.51job.com/all/co4132604.html
jobs.51job.com/all/co3545217.html
jobs.51job.com/all/co2447273.html
jobs.51job.com/all/co4696541.html
jobs.51job.com/all/co3714242.html
jobs.51job.com/all/co2571468.html
jobs.51job.com/all/co2546462.html
jobs.51job.com/all/co4365185.html
jobs.51job.com/all/co4389949.html
jobs.51job.com/all/co3650786.html
jobs.51job.com/all/co3891597.html
jobs.51job.com/all/co2700576.html
jobs.51job.com/all/co4365119.html
jobs.51job.com/all/co4662076.html
jobs.51job.com/all/co3680313.html
jobs.51job.com/all/co2708255.html
jobs.51job.com/all/co2773106.html
jobs.51job.com/all/co4876136.html
jobs.51job.com/all/co2725737.html
jobs.51job.com/all/co2742234.html
jobs.51job.com/all/co4435064.html
jobs.51job.com/all/co2998999.html
jobs.51job.com/all/co4606742.html
jobs.51job.com/all/co4105228.html
jobs.51job.com/all/co2403834.html
jobs.51job.com/all/co4398651.html
jobs.51job.com/all/co4764445.html
jobs.51job.com/all/co3906346.html
jobs.51job.com/all/co4829222.html
jobs.51job.com/all/co4126669.html
jobs.51job.com/all/co2974066.html
jobs.51job.com/all/co2726713.html
jobs.51job.com/all/co4463682.html
jobs.51job.com/all/co3244780.html
jobs.51job.com/all/co3132608.html
jobs.51job.com/all/co4112336.html
jobs.51job.com/all/co4848326.html
jobs.51job.com/all/co4782447.html
jobs.51job.com/all/co3919246.html
jobs.51job.com/all/co1027022.html
jobs.51job.com/all/co3604393.html
jobs.51job.com/all/co2824145.html
jobs.51job.com/all/co4479976.html
jobs.51job.com/all/co2956600.html
jobs.51job.com/all/co4282479.html
jobs.51job.com/all/co4794230.html
jobs.51job.com/all/co3272260.html
jobs.51job.com/all/co2662239.html
jobs.51job.com/all/co2758916.html
jobs.51job.com/all/co4388447.html
jobs.51job.com/all/co4925380.html
jobs.51job.com/all/co2829907.html
jobs.51job.com/all/co4134668.html
jobs.51job.com/all/co4266239.html
jobs.51job.com/all/co4436569.html
jobs.51job.com/all/co4538533.html
jobs.51job.com/all/co4922498.html
jobs.51job.com/all/co4140051.html
jobs.51job.com/all/co4500375.html
jobs.51job.com/all/co2985245.html
jobs.51job.com/all/co2288587.html
jobs.51job.com/all/co2909871.html
jobs.51job.com/all/co2933456.html
jobs.51job.com/all/co2683343.html
jobs.51job.com/all/co4475434.html
jobs.51job.com/all/co3842401.html
jobs.51job.com/all/co3154217.html
jobs.51job.com/all/co4172704.html
jobs.51job.com/all/co4091349.html
jobs.51job.com/all/co178806.html
jobs.51job.com/all/co4944157.html
jobs.51job.com/all/co4111527.html
jobs.51job.com/all/co2335467.html
jobs.51job.com/all/co2907259.html
jobs.51job.com/all/co4630896.html
jobs.51job.com/all/co3385736.html
jobs.51job.com/all/co4882084.html
jobs.51job.com/all/co4704393.html
jobs.51job.com/all/co2537119.html
jobs.51job.com/all/co2537414.html
jobs.51job.com/all/co3074209.html
jobs.51job.com/all/co4594918.html
jobs.51job.com/all/co4662704.html
jobs.51job.com/all/co2900858.html
jobs.51job.com/all/co3963587.html
jobs.51job.com/all/co317716.html
jobs.51job.com/all/co3956349.html
jobs.51job.com/all/co2876573.html
jobs.51job.com/all/co4055339.html
jobs.51job.com/all/co4371018.html
jobs.51job.com/all/co3385087.html
jobs.51job.com/all/co4447833.html
jobs.51job.com/all/co2910477.html
jobs.51job.com/all/co3287784.html
jobs.51job.com/all/co3809541.html
jobs.51job.com/all/co2456149.html
jobs.51job.com/all/co3572777.html
jobs.51job.com/all/co2319858.html
jobs.51job.com/all/co2611526.html
jobs.51job.com/all/co4684582.html
jobs.51job.com/all/co4863350.html
jobs.51job.com/all/co4710231.html
jobs.51job.com/all/co2870260.html
jobs.51job.com/all/co3459845.html
jobs.51job.com/all/co4890962.html
jobs.51job.com/all/co3075862.html
jobs.51job.com/all/co4891243.html
jobs.51job.com/all/co2200436.html
jobs.51job.com/all/co2650344.html
jobs.51job.com/all/co2390855.html
jobs.51job.com/all/co4728208.html
jobs.51job.com/all/co4763727.html
jobs.51job.com/all/co4606493.html
jobs.51job.com/all/co2443411.html
jobs.51job.com/all/co2384830.html
jobs.51job.com/all/co3650369.html
jobs.51job.com/all/co4397109.html
jobs.51job.com/all/co3016426.html
jobs.51job.com/all/co2458749.html
jobs.51job.com/all/co2252035.html
jobs.51job.com/all/co4414971.html
jobs.51job.com/all/co3221192.html
jobs.51job.com/all/co4499536.html
jobs.51job.com/all/co4294961.html
jobs.51job.com/all/co2637110.html
jobs.51job.com/all/co3031443.html
jobs.51job.com/all/co2724078.html
jobs.51job.com/all/co3493904.html
jobs.51job.com/all/co4658366.html
jobs.51job.com/all/co2908254.html
jobs.51job.com/all/co4481556.html
jobs.51job.com/all/co4350613.html
jobs.51job.com/all/co2786945.html
jobs.51job.com/all/co4741317.html
jobs.51job.com/all/co3376597.html
jobs.51job.com/all/co4617512.html
jobs.51job.com/all/co3642547.html
jobs.51job.com/all/co3461782.html
jobs.51job.com/all/co2593551.html
jobs.51job.com/all/co4917565.html
jobs.51job.com/all/co4089505.html
jobs.51job.com/all/co4786147.html
jobs.51job.com/all/co4746862.html
jobs.51job.com/all/co3368000.html
jobs.51job.com/all/co3933636.html
jobs.51job.com/all/co1066931.html
jobs.51job.com/all/co2844732.html
jobs.51job.com/all/co2284301.html
jobs.51job.com/all/co4868800.html
jobs.51job.com/all/co4855649.html
jobs.51job.com/all/co4726908.html
jobs.51job.com/all/co2618413.html
jobs.51job.com/all/co3000413.html
jobs.51job.com/all/co3017017.html
jobs.51job.com/all/co4508665.html
jobs.51job.com/all/co3881025.html
jobs.51job.com/all/co4554479.html
jobs.51job.com/all/co3660760.html
jobs.51job.com/all/co2546748.html
jobs.51job.com/all/co4615627.html
jobs.51job.com/all/co4928051.html
jobs.51job.com/all/co3870299.html
jobs.51job.com/all/co2544795.html
jobs.51job.com/all/co4434858.html
jobs.51job.com/all/co4513648.html
jobs.51job.com/all/co4441744.html
jobs.51job.com/all/co3542612.html
jobs.51job.com/all/co3712577.html
jobs.51job.com/all/co4259753.html
jobs.51job.com/all/co4772285.html
jobs.51job.com/all/co483733.html
jobs.51job.com/all/co4132213.html
jobs.51job.com/all/co3293973.html
jobs.51job.com/all/co4278006.html
jobs.51job.com/all/co3660668.html
jobs.51job.com/all/co4906321.html
jobs.51job.com/all/co2824105.html
jobs.51job.com/all/co3244234.html
jobs.51job.com/all/co3021260.html
jobs.51job.com/all/co3871585.html
jobs.51job.com/all/co4454375.html
jobs.51job.com/all/co3976554.html
jobs.51job.com/all/co4934644.html
jobs.51job.com/all/co4792979.html
jobs.51job.com/all/co3238316.html
jobs.51job.com/all/co4587333.html
jobs.51job.com/all/co3050350.html
jobs.51job.com/all/co4794472.html
jobs.51job.com/all/co4826105.html
jobs.51job.com/all/co4766967.html
jobs.51job.com/all/co4260251.html
jobs.51job.com/all/co2330061.html
jobs.51job.com/all/co4931530.html
jobs.51job.com/all/co4466994.html
jobs.51job.com/all/co4663174.html
jobs.51job.com/all/co3722203.html
jobs.51job.com/all/co4786024.html
jobs.51job.com/all/co2628343.html
jobs.51job.com/all/co3414187.html
jobs.51job.com/all/co2162568.html
jobs.51job.com/all/co3784853.html
jobs.51job.com/all/co2572704.html
jobs.51job.com/all/co3856283.html
jobs.51job.com/all/co3660385.html
jobs.51job.com/all/co4472664.html
jobs.51job.com/all/co3475472.html
jobs.51job.com/all/co4649696.html
jobs.51job.com/all/co3158693.html
jobs.51job.com/all/co4111688.html
jobs.51job.com/all/co2240554.html
jobs.51job.com/all/co4924064.html
jobs.51job.com/all/co2544877.html
jobs.51job.com/all/co3286491.html
jobs.51job.com/all/co4803699.html
jobs.51job.com/all/co2680544.html
jobs.51job.com/all/co4890303.html
jobs.51job.com/all/co2537653.html
jobs.51job.com/all/co2670227.html
jobs.51job.com/all/co2934921.html
jobs.51job.com/all/co4110938.html
jobs.51job.com/all/co4217119.html
jobs.51job.com/all/co2773232.html
jobs.51job.com/all/co4683174.html
jobs.51job.com/all/co4146870.html
jobs.51job.com/all/co3680361.html
jobs.51job.com/all/co3084590.html
jobs.51job.com/all/co3179207.html
jobs.51job.com/all/co4935085.html
jobs.51job.com/all/co3405213.html
jobs.51job.com/all/co3783548.html
jobs.51job.com/all/co3716234.html
jobs.51job.com/all/co4073279.html
jobs.51job.com/all/co4180036.html
jobs.51job.com/all/co3506871.html
jobs.51job.com/all/co3518454.html
jobs.51job.com/all/co4005926.html
jobs.51job.com/all/co4829482.html
jobs.51job.com/all/co3898154.html
jobs.51job.com/all/co4549432.html
jobs.51job.com/all/co2555784.html
jobs.51job.com/all/co2737965.html
jobs.51job.com/all/co4294139.html
jobs.51job.com/all/co4219647.html
jobs.51job.com/all/co2840252.html
jobs.51job.com/all/co4920678.html
jobs.51job.com/all/co2976791.html
jobs.51job.com/all/co3312599.html
jobs.51job.com/all/co4884198.html
jobs.51job.com/all/co4671226.html
jobs.51job.com/all/co2425299.html
jobs.51job.com/all/co2866541.html
jobs.51job.com/all/co4430060.html
jobs.51job.com/all/co2019937.html
jobs.51job.com/all/co4372857.html
jobs.51job.com/all/co3279214.html
jobs.51job.com/all/co2526116.html
jobs.51job.com/all/co4848787.html
jobs.51job.com/all/co4899009.html
jobs.51job.com/all/co4112544.html
jobs.51job.com/all/co3699067.html
jobs.51job.com/all/co3864503.html
jobs.51job.com/all/co4633114.html
jobs.51job.com/all/co3973320.html
jobs.51job.com/all/co2210595.html
jobs.51job.com/all/co4367356.html
jobs.51job.com/all/co2999188.html
jobs.51job.com/all/co2474274.html
jobs.51job.com/all/co3962850.html
jobs.51job.com/all/co4004158.html
jobs.51job.com/all/co4216200.html
jobs.51job.com/all/co3046482.html
jobs.51job.com/all/co4133147.html
jobs.51job.com/all/co2273243.html
jobs.51job.com/all/co3009539.html
jobs.51job.com/all/co2680224.html
jobs.51job.com/all/co3652379.html
jobs.51job.com/all/co2097354.html
jobs.51job.com/all/co2118291.html
jobs.51job.com/all/co3833189.html
www.chinajobs.voith.com
jobs.51job.com/all/co4336695.html
jobs.51job.com/all/co4604324.html
jobs.51job.com/all/co2840130.html
jobs.51job.com/all/co4172505.html
jobs.51job.com/all/co2945544.html
jobs.51job.com/all/co2653664.html
jobs.51job.com/all/co3768387.html
jobs.51job.com/all/co4815861.html
jobs.51job.com/all/co2903102.html
jobs.51job.com/all/co4813250.html
jobs.51job.com/all/co4243376.html
jobs.51job.com/all/co4551633.html
jobs.51job.com/all/co4324845.html
jobs.51job.com/all/co3691311.html
jobs.51job.com/all/co4139502.html
jobs.51job.com/all/co2906936.html
jobs.51job.com/all/co2841795.html
jobs.51job.com/all/co3139458.html
jobs.51job.com/all/co4312782.html
jobs.51job.com/all/co4868590.html
jobs.51job.com/all/co4771994.html
jobs.51job.com/all/co2626574.html
jobs.51job.com/all/co2922025.html
jobs.51job.com/all/co4795300.html
jobs.51job.com/all/co4642555.html
jobs.51job.com/all/co4350876.html
jobs.51job.com/all/co4145892.html
jobs.51job.com/all/co4756687.html
jobs.51job.com/all/co3989139.html
jobs.51job.com/all/co2777864.html
jobs.51job.com/all/co2391807.html
jobs.51job.com/all/co4793602.html
jobs.51job.com/all/co4436815.html
jobs.51job.com/all/co2566661.html
jobs.51job.com/all/co598224.html
jobs.51job.com/all/co3443760.html
jobs.51job.com/all/co4909833.html
jobs.51job.com/all/co4841704.html
jobs.51job.com/all/co4906233.html
jobs.51job.com/all/co3621166.html
jobs.51job.com/all/co2877150.html
jobs.51job.com/all/co2811131.html
jobs.51job.com/all/co2206119.html
jobs.51job.com/all/co2692739.html
jobs.51job.com/all/co3598091.html
jobs.51job.com/all/co3368411.html
jobs.51job.com/all/co4045862.html
jobs.51job.com/all/co477111.html
jobs.51job.com/all/co4708329.html
jobs.51job.com/all/co3914971.html
jobs.51job.com/all/co3962335.html
jobs.51job.com/all/co3741253.html
jobs.51job.com/all/co2190714.html
jobs.51job.com/all/co3933991.html
jobs.51job.com/all/co4312228.html
jobs.51job.com/all/co4748221.html
jobs.51job.com/all/co2403782.html
jobs.51job.com/all/co2670355.html
jobs.51job.com/all/co2105819.html
jobs.51job.com/all/co4643261.html
jobs.51job.com/all/co4702008.html
jobs.51job.com/all/co3088768.html
jobs.51job.com/all/co4014117.html
jobs.51job.com/all/co3195314.html
jobs.51job.com/all/co3289960.html
jobs.51job.com/all/co2413279.html
jobs.51job.com/all/co2844002.html
jobs.51job.com/all/co3977656.html
jobs.51job.com/all/co2924521.html
jobs.51job.com/all/co4380099.html
jobs.51job.com/all/co3929952.html
jobs.51job.com/all/co2885596.html
jobs.51job.com/all/co4929893.html
jobs.51job.com/all/co3153168.html
jobs.51job.com/all/co2309255.html
jobs.51job.com/all/co3050494.html
jobs.51job.com/all/co3861702.html
jobs.51job.com/all/co4461385.html
jobs.51job.com/all/co2204899.html
jobs.51job.com/all/co4198763.html
jobs.51job.com/all/co4251601.html
jobs.51job.com/all/co4349344.html
jobs.51job.com/all/co2306249.html
jobs.51job.com/all/co4293278.html
jobs.51job.com/all/co4013749.html
jobs.51job.com/all/co3910543.html
jobs.51job.com/all/co4109500.html
jobs.51job.com/all/co1295071.html
jobs.51job.com/all/co4388655.html
jobs.51job.com/all/co3714291.html
jobs.51job.com/all/co4735013.html
jobs.51job.com/all/co4450635.html
jobs.51job.com/all/co3414794.html
jobs.51job.com/all/co4884271.html
jobs.51job.com/all/co2877939.html
jobs.51job.com/all/co4771028.html
jobs.51job.com/all/co2478368.html
jobs.51job.com/all/co3969016.html
jobs.51job.com/all/co3199664.html
jobs.51job.com/all/co4587028.html
jobs.51job.com/all/co4922482.html
jobs.51job.com/all/co3698218.html
jobs.51job.com/all/co1277939.html
jobs.51job.com/all/co4062602.html
jobs.51job.com/all/co4303158.html
jobs.51job.com/all/co2831375.html
jobs.51job.com/all/co4105188.html
jobs.51job.com/all/co4542076.html
jobs.51job.com/all/co4894683.html
jobs.51job.com/all/co4554640.html
jobs.51job.com/all/co4885702.html
jobs.51job.com/all/co3740566.html
jobs.51job.com/all/co2667411.html
jobs.51job.com/all/co3953288.html
jobs.51job.com/all/co4700478.html
jobs.51job.com/all/co4487839.html
jobs.51job.com/all/co3290615.html
jobs.51job.com/all/co3543526.html
jobs.51job.com/all/co4081615.html
jobs.51job.com/all/co2446570.html
jobs.51job.com/all/co2772181.html
jobs.51job.com/all/co2517294.html
jobs.51job.com/all/co3831544.html
jobs.51job.com/all/co4102521.html
jobs.51job.com/all/co3292661.html
jobs.51job.com/all/co4516274.html
jobs.51job.com/all/co4349830.html
jobs.51job.com/all/co3797554.html
jobs.51job.com/all/co2963475.html
jobs.51job.com/all/co2458123.html
jobs.51job.com/all/co3893300.html
jobs.51job.com/all/co4714713.html
jobs.51job.com/all/co4428694.html
jobs.51job.com/all/co4918181.html
jobs.51job.com/all/co4315860.html
jobs.51job.com/all/co4309651.html
jobs.51job.com/all/co3911584.html
jobs.51job.com/all/co4205249.html
jobs.51job.com/all/co4380196.html
jobs.51job.com/all/co3876693.html
jobs.51job.com/all/co3899638.html
jobs.51job.com/all/co2588221.html
jobs.51job.com/all/co2539084.html
jobs.51job.com/all/co3875554.html
jobs.51job.com/all/co4308298.html
jobs.51job.com/all/co3791831.html
jobs.51job.com/all/co4003056.html
jobs.51job.com/all/co4821624.html
jobs.51job.com/all/co4046888.html
jobs.51job.com/all/co2608938.html
jobs.51job.com/all/co2644317.html
jobs.51job.com/all/co4309981.html
jobs.51job.com/all/co3777311.html
jobs.51job.com/all/co548285.html
jobs.51job.com/all/co4124331.html
jobs.51job.com/all/co3887070.html
jobs.51job.com/all/co825641.html
jobs.51job.com/all/co2091712.html
jobs.51job.com/all/co3247639.html
jobs.51job.com/all/co3274360.html
jobs.51job.com/all/co2917582.html
jobs.51job.com/all/co3625495.html
jobs.51job.com/all/co2593812.html
jobs.51job.com/all/co2598230.html
jobs.51job.com/all/co4175313.html
jobs.51job.com/all/co2184249.html
jobs.51job.com/all/co3964136.html
jobs.51job.com/all/co3300359.html
jobs.51job.com/all/co4811658.html
jobs.51job.com/all/co4885671.html
jobs.51job.com/all/co3048126.html
jobs.51job.com/all/co4626777.html
jobs.51job.com/all/co2447730.html
jobs.51job.com/all/co2868962.html
jobs.51job.com/all/co3965732.html
jobs.51job.com/all/co3610158.html
jobs.51job.com/all/co4203238.html
jobs.51job.com/all/co4767986.html
jobs.51job.com/all/co4056121.html
jobs.51job.com/all/co2704152.html
jobs.51job.com/all/co2426962.html
jobs.51job.com/all/co3341125.html
jobs.51job.com/all/co3610875.html
jobs.51job.com/all/co4561995.html
jobs.51job.com/all/co3135619.html
jobs.51job.com/all/co4846414.html
jobs.51job.com/all/co3063241.html
jobs.51job.com/all/co2998459.html
jobs.51job.com/all/co3573354.html
jobs.51job.com/all/co4020297.html
jobs.51job.com/all/co4220332.html
jobs.51job.com/all/co2515107.html
jobs.51job.com/all/co4428630.html
jobs.51job.com/all/co3308059.html
jobs.51job.com/all/co3560081.html
jobs.51job.com/all/co4005084.html
jobs.51job.com/all/co4381929.html
jobs.51job.com/all/co4542200.html
jobs.51job.com/all/co2824662.html
jobs.51job.com/all/co4185950.html
jobs.51job.com/all/co4155333.html
jobs.51job.com/all/co3560814.html
jobs.51job.com/all/co4149238.html
jobs.51job.com/all/co3903286.html
jobs.51job.com/all/co4673721.html
jobs.51job.com/all/co2749483.html
jobs.51job.com/all/co4600750.html
jobs.51job.com/all/co3210418.html
jobs.51job.com/all/co4413025.html
jobs.51job.com/all/co3374684.html
jobs.51job.com/all/co4298719.html
jobs.51job.com/all/co2903081.html
jobs.51job.com/all/co3918792.html
jobs.51job.com/all/co278036.html
jobs.51job.com/all/co2302231.html
jobs.51job.com/all/co4829720.html
jobs.51job.com/all/co2638156.html
jobs.51job.com/all/co4411334.html
jobs.51job.com/all/co4476408.html
jobs.51job.com/all/co3371698.html
jobs.51job.com/all/co3582851.html
jobs.51job.com/all/co4170021.html
jobs.51job.com/all/co2798529.html
jobs.51job.com/all/co3543842.html
jobs.51job.com/all/co3159558.html
jobs.51job.com/all/co3064782.html
jobs.51job.com/all/co3288951.html
jobs.51job.com/all/co3054361.html
jobs.51job.com/all/co3378736.html
jobs.51job.com/all/co3396359.html
jobs.51job.com/all/co4842026.html
jobs.51job.com/all/co3243021.html
jobs.51job.com/all/co2877104.html
jobs.51job.com/all/co2469755.html
jobs.51job.com/all/co2701581.html
jobs.51job.com/all/co4584358.html
jobs.51job.com/all/co3374732.html
jobs.51job.com/all/co2597910.html
jobs.51job.com/all/co3559329.html
jobs.51job.com/all/co4539354.html
jobs.51job.com/all/co3826231.html
jobs.51job.com/all/co2262425.html
jobs.51job.com/all/co3825441.html
jobs.51job.com/all/co3066196.html
jobs.51job.com/all/co3629587.html
jobs.51job.com/all/co3950843.html
jobs.51job.com/all/co3883479.html
jobs.51job.com/all/co2469557.html
jobs.51job.com/all/co4542758.html
jobs.51job.com/all/co2498460.html
jobs.51job.com/all/co3849162.html
jobs.51job.com/all/co4830889.html
jobs.51job.com/all/co4572193.html
jobs.51job.com/all/co4876104.html
jobs.51job.com/all/co4669530.html
jobs.51job.com/all/co2273241.html
jobs.51job.com/all/co3073928.html
jobs.51job.com/all/co4827603.html
jobs.51job.com/all/co3123532.html
jobs.51job.com/all/co546313.html
jobs.51job.com/all/co3828005.html
jobs.51job.com/all/co3651627.html
jobs.51job.com/all/co3298167.html
jobs.51job.com/all/co4448184.html
jobs.51job.com/all/co2399636.html
jobs.51job.com/all/co3134401.html
jobs.51job.com/all/co4083784.html
jobs.51job.com/all/co4297455.html
jobs.51job.com/all/co3939677.html
jobs.51job.com/all/co3326516.html
jobs.51job.com/all/co4041822.html
jobs.51job.com/all/co4196713.html
jobs.51job.com/all/co4144595.html
jobs.51job.com/all/co4241352.html
jobs.51job.com/all/co2915972.html
jobs.51job.com/all/co4897359.html
jobs.51job.com/all/co4198013.html
jobs.51job.com/all/co4890006.html
jobs.51job.com/all/co4072908.html
jobs.51job.com/all/co4295503.html
jobs.51job.com/all/co4655779.html
jobs.51job.com/all/co3245500.html
jobs.51job.com/all/co2724399.html
jobs.51job.com/all/co2829757.html
jobs.51job.com/all/co4894768.html
jobs.51job.com/all/co2794574.html
jobs.51job.com/all/co3981885.html
jobs.51job.com/all/co2801567.html
jobs.51job.com/all/co4813826.html
jobs.51job.com/all/co4455997.html
jobs.51job.com/all/co3787502.html
jobs.51job.com/all/co4021604.html
jobs.51job.com/all/co3207911.html
jobs.51job.com/all/co3577153.html
jobs.51job.com/all/co2737327.html
jobs.51job.com/all/co3260007.html
jobs.51job.com/all/co3430626.html
jobs.51job.com/all/co3396163.html
jobs.51job.com/all/co2749399.html
jobs.51job.com/all/co2932511.html
jobs.51job.com/all/co4580425.html
jobs.51job.com/all/co2803102.html
jobs.51job.com/all/co4455313.html
jobs.51job.com/all/co2475130.html
jobs.51job.com/all/co3853997.html
jobs.51job.com/all/co2576737.html
jobs.51job.com/all/co2945003.html
jobs.51job.com/all/co3543619.html
jobs.51job.com/all/co4571374.html
jobs.51job.com/all/co2678335.html
jobs.51job.com/all/co3256485.html
jobs.51job.com/all/co4248002.html
jobs.51job.com/all/co2959200.html
jobs.51job.com/all/co4359655.html
jobs.51job.com/all/co2012709.html
jobs.51job.com/all/co2836227.html
jobs.51job.com/all/co2743019.html
jobs.51job.com/all/co3544683.html
jobs.51job.com/all/co3120792.html
jobs.51job.com/all/co4764708.html
jobs.51job.com/all/co4861260.html
jobs.51job.com/all/co4517340.html
jobs.51job.com/all/co3964027.html
jobs.51job.com/all/co3914630.html
jobs.51job.com/all/co2627891.html
jobs.51job.com/all/co3715688.html
jobs.51job.com/all/co4819371.html
jobs.51job.com/all/co465167.html
jobs.51job.com/all/co4842499.html
jobs.51job.com/all/co4504016.html
jobs.51job.com/all/co3509249.html
jobs.51job.com/all/co4397490.html
jobs.51job.com/all/co3734745.html
jobs.51job.com/all/co1037988.html
jobs.51job.com/all/co2919749.html
jobs.51job.com/all/co2411076.html
jobs.51job.com/all/co4770732.html
jobs.51job.com/all/co4828200.html
jobs.51job.com/all/co4187887.html
jobs.51job.com/all/co4163049.html
jobs.51job.com/all/co4497741.html
jobs.51job.com/all/co4113818.html
jobs.51job.com/all/co2971925.html
jobs.51job.com/all/co2893905.html
jobs.51job.com/all/co2969767.html
jobs.51job.com/all/co3869985.html
jobs.51job.com/all/co2869875.html
jobs.51job.com/all/co3533120.html
jobs.51job.com/all/co4875764.html
jobs.51job.com/all/co3145813.html
jobs.51job.com/all/co4435473.html
jobs.51job.com/all/co2497756.html
jobs.51job.com/all/co3995861.html
jobs.51job.com/all/co3649231.html
jobs.51job.com/all/co3764589.html
jobs.51job.com/all/co2638387.html
jobs.51job.com/all/co4456935.html
jobs.51job.com/all/co4461582.html
jobs.51job.com/all/co4584234.html
jobs.51job.com/all/co4099191.html
jobs.51job.com/all/co4814231.html
jobs.51job.com/all/co4442730.html
jobs.51job.com/all/co316507.html
jobs.51job.com/all/co3975884.html
jobs.51job.com/all/co2636763.html
jobs.51job.com/all/co4613347.html
jobs.51job.com/all/co3990697.html
jobs.51job.com/all/co3473116.html
jobs.51job.com/all/co2783868.html
jobs.51job.com/all/co3857115.html
jobs.51job.com/all/co3659285.html
jobs.51job.com/all/co3263374.html
jobs.51job.com/all/co3038515.html
jobs.51job.com/all/co4606761.html
jobs.51job.com/all/co2738392.html
jobs.51job.com/all/co3374730.html
jobs.51job.com/all/co4221410.html
jobs.51job.com/all/co4153206.html
jobs.51job.com/all/co4089591.html
jobs.51job.com/all/co3147957.html
jobs.51job.com/all/co4562206.html
jobs.51job.com/all/co4866816.html
jobs.51job.com/all/co4684472.html
jobs.51job.com/all/co3372809.html
jobs.51job.com/all/co3182283.html
jobs.51job.com/all/co4247079.html
jobs.51job.com/all/co4869825.html
jobs.51job.com/all/co4675439.html
jobs.51job.com/all/co2747963.html
jobs.51job.com/all/co2856119.html
jobs.51job.com/all/co3700578.html
jobs.51job.com/all/co4650505.html
jobs.51job.com/all/co4873544.html
jobs.51job.com/all/co4340189.html
jobs.51job.com/all/co2321023.html
jobs.51job.com/all/co4874794.html
jobs.51job.com/all/co4522403.html
jobs.51job.com/all/co4870288.html
jobs.51job.com/all/co3383744.html
jobs.51job.com/all/co2860709.html
jobs.51job.com/all/co4872209.html
jobs.51job.com/all/co3501210.html
jobs.51job.com/all/co3727534.html
jobs.51job.com/all/co2364034.html
jobs.51job.com/all/co3667320.html
jobs.51job.com/all/co4776316.html
jobs.51job.com/all/co4256256.html
jobs.51job.com/all/co4860448.html
jobs.51job.com/all/co4230358.html
jobs.51job.com/all/co182493.html
jobs.51job.com/all/co3377719.html
jobs.51job.com/all/co2821675.html
jobs.51job.com/all/co4570123.html
jobs.51job.com/all/co4248450.html
jobs.51job.com/all/co4699669.html
jobs.51job.com/all/co2784785.html
jobs.51job.com/all/co925842.html
jobs.51job.com/all/co4866430.html
jobs.51job.com/all/co4733619.html
jobs.51job.com/all/co3789781.html
jobs.51job.com/all/co4868162.html
jobs.51job.com/all/co2734230.html
jobs.51job.com/all/co4216706.html
jobs.51job.com/all/co4637125.html
jobs.51job.com/all/co4219328.html
jobs.51job.com/all/co4865632.html
jobs.51job.com/all/co4862198.html
jobs.51job.com/all/co4193400.html
jobs.51job.com/all/co2071944.html
jobs.51job.com/all/co3336749.html
jobs.51job.com/all/co4266751.html
jobs.51job.com/all/co2836406.html
jobs.51job.com/all/co4245070.html
jobs.51job.com/all/co4119196.html
jobs.51job.com/all/co4746159.html
jobs.51job.com/all/co2314672.html
jobs.51job.com/all/co2718616.html
jobs.51job.com/all/co2407448.html
jobs.51job.com/all/co3065711.html
jobs.51job.com/all/co3039720.html
jobs.51job.com/all/co3141988.html
jobs.51job.com/all/co4847801.html
jobs.51job.com/all/co3860921.html
jobs.51job.com/all/co2540406.html
jobs.51job.com/all/co3857580.html
jobs.51job.com/all/co2646774.html
jobs.51job.com/all/co3257497.html
jobs.51job.com/all/co3724513.html
jobs.51job.com/all/co2289193.html
jobs.51job.com/all/co3042483.html
jobs.51job.com/all/co3103644.html
jobs.51job.com/all/co2277046.html
jobs.51job.com/all/co4270006.html
jobs.51job.com/all/co3346260.html
jobs.51job.com/all/co4343424.html
jobs.51job.com/all/co4448265.html
jobs.51job.com/all/co4901424.html
jobs.51job.com/all/co4752313.html
jobs.51job.com/all/co4762959.html
jobs.51job.com/all/co4868850.html
jobs.51job.com/all/co3539246.html
jobs.51job.com/all/co4199143.html
jobs.51job.com/all/co2700646.html
jobs.51job.com/all/co2411165.html
jobs.51job.com/all/co4025536.html
jobs.51job.com/all/co289177.html
jobs.51job.com/all/co2829514.html
jobs.51job.com/all/co3978327.html
jobs.51job.com/all/co4372662.html
jobs.51job.com/all/co3927379.html
jobs.51job.com/all/co3927379.html
jobs.51job.com/all/co4452088.html
jobs.51job.com/all/co2871909.html
jobs.51job.com/all/co2924873.html
jobs.51job.com/all/co2549736.html
jobs.51job.com/all/co2549736.html
jobs.51job.com/all/co4333554.html
jobs.51job.com/all/co3232702.html
jobs.51job.com/all/co3974550.html
jobs.51job.com/all/co3792535.html
jobs.51job.com/all/co2483669.html
jobs.51job.com/all/co3707415.html
jobs.51job.com/all/co2549736.html
jobs.51job.com/all/co4555276.html
jobs.51job.com/all/co4199143.html
jobs.51job.com/all/co4756484.html
jobs.51job.com/all/co3745068.html
jobs.51job.com/all/co2924873.html
jobs.51job.com/all/co2924873.html
jobs.51job.com/all/co3080600.html
jobs.51job.com/all/co3080600.html
jobs.51job.com/all/co4232471.html
jobs.51job.com/all/co2909774.html
jobs.51job.com/all/co4935767.html
jobs.51job.com/all/co3021305.html
jobs.51job.com/all/co4260301.html
jobs.51job.com/all/co3936980.html
jobs.51job.com/all/co3209491.html
jobs.51job.com/all/co2433559.html
jobs.51job.com/all/co4780765.html
jobs.51job.com/all/co4499850.html
jobs.51job.com/all/co4800370.html
jobs.51job.com/all/co2059233.html
jobs.51job.com/all/co2438321.html
jobs.51job.com/all/co4528212.html
jobs.51job.com/all/co4528212.html
jobs.51job.com/all/co4952676.html
jobs.51job.com/all/co4085084.html
jobs.51job.com/all/co4085084.html
jobs.51job.com/all/co4085084.html
jobs.51job.com/all/co4085084.html
jobs.51job.com/all/co4085084.html
jobs.51job.com/all/co4085084.html
jobs.51job.com/all/co4085084.html
jobs.51job.com/all/co4085084.html
jobs.51job.com/all/co4085084.html
jobs.51job.com/all/co4085084.html
jobs.51job.com/all/co4422548.html
jobs.51job.com/all/co4302976.html
jobs.51job.com/all/co2551450.html
jobs.51job.com/all/co4818649.html
jobs.51job.com/all/co4818649.html
jobs.51job.com/all/co4818649.html
jobs.51job.com/all/co4818649.html
jobs.51job.com/all/co4818649.html
jobs.51job.com/all/co270698.html
jobs.51job.com/all/co270698.html
jobs.51job.com/all/co270698.html
jobs.51job.com/all/co270698.html
jobs.51job.com/all/co270698.html
jobs.51job.com/all/co4023766.html
jobs.51job.com/all/co4023766.html
jobs.51job.com/all/co4023766.html
jobs.51job.com/all/co270698.html
jobs.51job.com/all/co270698.html
jobs.51job.com/all/co3045001.html
jobs.51job.com/all/co2663943.html
jobs.51job.com/all/co3983273.html
jobs.51job.com/all/co4910043.html
jobs.51job.com/all/co3358933.html
jobs.51job.com/all/co270698.html
jobs.51job.com/all/co2698086.html
jobs.51job.com/all/co2754896.html
jobs.51job.com/all/co3141394.html
jobs.51job.com/all/co3963473.html
jobs.51job.com/all/co3942462.html
jobs.51job.com/all/co4214330.html
jobs.51job.com/all/co3985811.html
jobs.51job.com/all/co3985811.html
jobs.51job.com/all/co2063766.html
jobs.51job.com/all/co2063766.html
jobs.51job.com/all/co4938336.html
jobs.51job.com/all/co4628289.html
jobs.51job.com/all/co4893015.html
jobs.51job.com/all/co3867123.html
jobs.51job.com/all/co4452088.html
jobs.51job.com/all/co3670811.html
jobs.51job.com/all/co3670811.html
jobs.51job.com/all/co3867123.html
jobs.51job.com/all/co4519539.html
jobs.51job.com/all/co3465226.html
jobs.51job.com/all/co4162866.html
jobs.51job.com/all/co3670811.html
jobs.51job.com/all/co3670811.html
jobs.51job.com/all/co4467299.html
jobs.51job.com/all/co4867228.html
jobs.51job.com/all/co3376312.html
jobs.51job.com/all/co2212711.html
jobs.51job.com/all/co3492264.html
jobs.51job.com/all/co2590851.html
jobs.51job.com/all/co489370.html
jobs.51job.com/all/co2032689.html
jobs.51job.com/all/co2032689.html
jobs.51job.com/all/co3868375.html
jobs.51job.com/all/co3853435.html
jobs.51job.com/all/co2059233.html
jobs.51job.com/all/co2059233.html
jobs.51job.com/all/co2059233.html
jobs.51job.com/all/co2059233.html
jobs.51job.com/all/co2059233.html
jobs.51job.com/all/co2059233.html
jobs.51job.com/all/co2059233.html
jobs.51job.com/all/co2059233.html
jobs.51job.com/all/co2059233.html
jobs.51job.com/all/co2059233.html
jobs.51job.com/all/co2059233.html
jobs.51job.com/all/co2059233.html
jobs.51job.com/all/co2059233.html
jobs.51job.com/all/co2059233.html
jobs.51job.com/all/co2059233.html
jobs.51job.com/all/co2059233.html
jobs.51job.com/all/co2059233.html
jobs.51job.com/all/co2059233.html
jobs.51job.com/all/co3774979.html
jobs.51job.com/all/co2672846.html
jobs.51job.com/all/co4517773.html
jobs.51job.com/all/co3974777.html
jobs.51job.com/all/co3974777.html
jobs.51job.com/all/co4319550.html
jobs.51job.com/all/co2762433.html
jobs.51job.com/all/co3423642.html
jobs.51job.com/all/co4472578.html
jobs.51job.com/all/co2905651.html
jobs.51job.com/all/co2482210.html
jobs.51job.com/all/co3874672.html
jobs.51job.com/all/co2896405.html
jobs.51job.com/all/co3799921.html
jobs.51job.com/all/co3603360.html
jobs.51job.com/all/co4624360.html
jobs.51job.com/all/co4447845.html
jobs.51job.com/all/co2591761.html
jobs.51job.com/all/co2591761.html
jobs.51job.com/all/co4869119.html
jobs.51job.com/all/co4202913.html
jobs.51job.com/all/co4202913.html
jobs.51job.com/all/co4358744.html
jobs.51job.com/all/co4856290.html
jobs.51job.com/all/co4863026.html
jobs.51job.com/all/co3963473.html
jobs.51job.com/all/co3286088.html
jobs.51job.com/all/co2985890.html
jobs.51job.com/all/co4453337.html
jobs.51job.com/all/co4164252.html
jobs.51job.com/all/co4164252.html
jobs.51job.com/all/co4164252.html
jobs.51job.com/all/co4164252.html
jobs.51job.com/all/co2625223.html
jobs.51job.com/all/co3490518.html
jobs.51job.com/all/co3490518.html
jobs.51job.com/all/co2013880.html
jobs.51job.com/all/co2923020.html
jobs.51job.com/all/co3592904.html
jobs.51job.com/all/co2940400.html
jobs.51job.com/all/co2940400.html
jobs.51job.com/all/co2253723.html
jobs.51job.com/all/co2253723.html
jobs.51job.com/all/co2253723.html
jobs.51job.com/all/co2253723.html
jobs.51job.com/all/co2253723.html
jobs.51job.com/all/co4895038.html
jobs.51job.com/all/co4232521.html
jobs.51job.com/all/co805044.html
jobs.51job.com/all/co3699324.html
jobs.51job.com/all/co4832823.html
jobs.51job.com/all/co3215161.html
jobs.51job.com/all/co2672293.html
jobs.51job.com/all/co4796075.html
jobs.51job.com/all/co3266648.html
jobs.51job.com/all/co3076836.html
jobs.51job.com/all/co3076836.html
jobs.51job.com/all/co4345021.html
jobs.51job.com/all/co625700.html
jobs.51job.com/all/co4128385.html
jobs.51job.com/all/co4128385.html
jobs.51job.com/all/co2594084.html
jobs.51job.com/all/co3530513.html
jobs.51job.com/all/co4392908.html
jobs.51job.com/all/co4392908.html
jobs.51job.com/all/co2252294.html
jobs.51job.com/all/co4077211.html
jobs.51job.com/all/co4077211.html
jobs.51job.com/all/co2453140.html
jobs.51job.com/all/co4837147.html
jobs.51job.com/all/co3371802.html
jobs.51job.com/all/co2642943.html
jobs.51job.com/all/co4899764.html
jobs.51job.com/all/co4899764.html
jobs.51job.com/all/co4352346.html
jobs.51job.com/all/co2520877.html
jobs.51job.com/all/co4149311.html
jobs.51job.com/all/co3096770.html
jobs.51job.com/all/co2574759.html
jobs.51job.com/all/co3636920.html
jobs.51job.com/all/co3636920.html
jobs.51job.com/all/co3752928.html
jobs.51job.com/all/co3752928.html
jobs.51job.com/all/co2289316.html
jobs.51job.com/all/co4025536.html
jobs.51job.com/all/co4085084.html
jobs.51job.com/all/co4085084.html
jobs.51job.com/all/co4085084.html
jobs.51job.com/all/co4085084.html
jobs.51job.com/all/co4085084.html
jobs.51job.com/all/co4085084.html
jobs.51job.com/all/co4085084.html
jobs.51job.com/all/co4085084.html
jobs.51job.com/all/co2714029.html
jobs.51job.com/all/co4014711.html
jobs.51job.com/all/co4014711.html
jobs.51job.com/all/co4014711.html
jobs.51job.com/all/co4014711.html
jobs.51job.com/all/co4014711.html
jobs.51job.com/all/co4014711.html
jobs.51job.com/all/co4634009.html
jobs.51job.com/all/co3183048.html
jobs.51job.com/all/co4721379.html
jobs.51job.com/all/co4721379.html
jobs.51job.com/all/co2822594.html
jobs.51job.com/all/co3818228.html
jobs.51job.com/all/co3818228.html
jobs.51job.com/all/co3818228.html
jobs.51job.com/all/co3818228.html
jobs.51job.com/all/co3818228.html
jobs.51job.com/all/co4121806.html
jobs.51job.com/all/co3893758.html
jobs.51job.com/all/co3893758.html
jobs.51job.com/all/co3893758.html
jobs.51job.com/all/co3893758.html
jobs.51job.com/all/co3893758.html
jobs.51job.com/all/co3893758.html
jobs.51job.com/all/co3893758.html
jobs.51job.com/all/co3884404.html
jobs.51job.com/all/co3424599.html
jobs.51job.com/all/co3424599.html
jobs.51job.com/all/co228161.html
jobs.51job.com/all/co228161.html
jobs.51job.com/all/co3486774.html
jobs.51job.com/all/co3486774.html
jobs.51job.com/all/co3486774.html
jobs.51job.com/all/co3486774.html
jobs.51job.com/all/co2199193.html
jobs.51job.com/all/co4847282.html
jobs.51job.com/all/co3095431.html
jobs.51job.com/all/co289177.html
jobs.51job.com/all/co289177.html
jobs.51job.com/all/co289177.html
jobs.51job.com/all/co4906928.html
jobs.51job.com/all/co4950778.html
jobs.51job.com/all/co4479558.html
jobs.51job.com/all/co4023766.html
jobs.51job.com/all/co4869052.html
jobs.51job.com/all/co2591957.html
jobs.51job.com/all/co2276062.html
jobs.51job.com/all/co4869052.html
jobs.51job.com/all/co4613240.html
jobs.51job.com/all/co4613240.html
jobs.51job.com/all/co2973925.html
jobs.51job.com/all/co3392637.html
jobs.51job.com/all/co4586842.html
jobs.51job.com/all/co4869052.html
jobs.51job.com/all/co3060696.html
jobs.51job.com/all/co2829514.html
jobs.51job.com/all/co4380365.html
jobs.51job.com/all/co3702034.html
jobs.51job.com/all/co2719842.html
jobs.51job.com/all/co3423492.html
jobs.51job.com/all/co2932540.html
jobs.51job.com/all/co289714.html
jobs.51job.com/all/co289714.html
jobs.51job.com/all/co4343134.html
jobs.51job.com/all/co2775339.html
jobs.51job.com/all/co2934603.html
jobs.51job.com/all/co2934603.html
jobs.51job.com/all/co2934603.html
jobs.51job.com/all/co270698.html
jobs.51job.com/all/co3609677.html
jobs.51job.com/all/co3844863.html
jobs.51job.com/all/co4338630.html
jobs.51job.com/all/co2550408.html
jobs.51job.com/all/co2295842.html
jobs.51job.com/all/co4199962.html
jobs.51job.com/all/co4199962.html
jobs.51job.com/all/co4199962.html
jobs.51job.com/all/co4199962.html
jobs.51job.com/all/co4199962.html
jobs.51job.com/all/co4199962.html
jobs.51job.com/all/co4199962.html
jobs.51job.com/all/co4199962.html
jobs.51job.com/all/co4199962.html
jobs.51job.com/all/co4199962.html
jobs.51job.com/all/co4199962.html
jobs.51job.com/all/co4199962.html
jobs.51job.com/all/co4199962.html
jobs.51job.com/all/co4199962.html
jobs.51job.com/all/co4199962.html
jobs.51job.com/all/co4199962.html
jobs.51job.com/all/co4199962.html
jobs.51job.com/all/co4199962.html
jobs.51job.com/all/co4199962.html
jobs.51job.com/all/co4199962.html
jobs.51job.com/all/co4199962.html
jobs.51job.com/all/co4199962.html
jobs.51job.com/all/co4199962.html
jobs.51job.com/all/co4199962.html
jobs.51job.com/all/co4393397.html
jobs.51job.com/all/co4393397.html
jobs.51job.com/all/co4393397.html
jobs.51job.com/all/co3983273.html
jobs.51job.com/all/co3983273.html
jobs.51job.com/all/co3983273.html
jobs.51job.com/all/co3983273.html
jobs.51job.com/all/co3983273.html
jobs.51job.com/all/co3404787.html
jobs.51job.com/all/co4825682.html
jobs.51job.com/all/co4825682.html
jobs.51job.com/all/co4825682.html
jobs.51job.com/all/co4256149.html
jobs.51job.com/all/co4256149.html
jobs.51job.com/all/co4256149.html
jobs.51job.com/all/co4256149.html
jobs.51job.com/all/co3134476.html
jobs.51job.com/all/co3489563.html
jobs.51job.com/all/co4109342.html
jobs.51job.com/all/co3677952.html
jobs.51job.com/all/co3677952.html
jobs.51job.com/all/co4655667.html
jobs.51job.com/all/co2504579.html
jobs.51job.com/all/co2510792.html
jobs.51job.com/all/co2205299.html
jobs.51job.com/all/co2212711.html
jobs.51job.com/all/co3291996.html
jobs.51job.com/all/co3982525.html
jobs.51job.com/all/co4921782.html
jobs.51job.com/all/co3978327.html
jobs.51job.com/all/co4626099.html
jobs.51job.com/all/co158744.html
jobs.51job.com/all/co270698.html
jobs.51job.com/all/co4726004.html
jobs.51job.com/all/co2085545.html
jobs.51job.com/all/co2915792.html
jobs.51job.com/all/co2977707.html
jobs.51job.com/all/co3443850.html
jobs.51job.com/all/co3475528.html
jobs.51job.com/all/co4894156.html
jobs.51job.com/all/co4894156.html
jobs.51job.com/all/co4894156.html
jobs.51job.com/all/co4894156.html
jobs.51job.com/all/co2328292.html
jobs.51job.com/all/co2328292.html
jobs.51job.com/all/co2328292.html
jobs.51job.com/all/co4123854.html
jobs.51job.com/all/co4123854.html
jobs.51job.com/all/co4123854.html
jobs.51job.com/all/co3047549.html
jobs.51job.com/all/co4501424.html
jobs.51job.com/all/co3939984.html
jobs.51job.com/all/co2679599.html
jobs.51job.com/all/co2354709.html
jobs.51job.com/all/co759193.html
jobs.51job.com/all/co759193.html
jobs.51job.com/all/co759193.html
jobs.51job.com/all/co3985769.html
jobs.51job.com/all/co3003098.html
jobs.51job.com/all/co3092300.html
jobs.51job.com/all/co3092300.html
jobs.51job.com/all/co3092300.html
jobs.51job.com/all/co3016236.html
jobs.51job.com/all/co2325579.html
jobs.51job.com/all/co4422548.html
jobs.51job.com/all/co4132604.html
jobs.51job.com/all/co4132604.html
jobs.51job.com/all/co3714242.html
jobs.51job.com/all/co4365119.html
jobs.51job.com/all/co3680313.html
jobs.51job.com/all/co2980225.html
jobs.51job.com/all/co2403834.html
jobs.51job.com/all/co3989846.html
jobs.51job.com/all/co3906346.html
jobs.51job.com/all/co4463682.html
jobs.51job.com/all/co4860551.html
jobs.51job.com/all/co3244780.html
jobs.51job.com/all/co2617515.html
jobs.51job.com/all/co3758201.html
jobs.51job.com/all/co3068867.html
jobs.51job.com/all/co3068867.html
jobs.51job.com/all/co2758916.html
jobs.51job.com/all/co4388447.html
jobs.51job.com/all/co4388447.html
jobs.51job.com/all/co4134668.html
jobs.51job.com/all/co4266239.html
jobs.51job.com/all/co4538533.html
jobs.51job.com/all/co4172704.html
jobs.51job.com/all/co4172704.html
jobs.51job.com/all/co4172704.html
jobs.51job.com/all/co4111527.html
jobs.51job.com/all/co4111527.html
jobs.51job.com/all/co2900858.html
jobs.51job.com/all/co2956600.html
jobs.51job.com/all/co2876573.html
jobs.51job.com/all/co2333136.html
jobs.51job.com/all/co2333136.html
jobs.51job.com/all/co2336792.html
jobs.51job.com/all/co2336792.html
jobs.51job.com/all/co2757880.html
jobs.51job.com/all/co4710231.html
jobs.51job.com/all/co4710231.html
jobs.51job.com/all/co4890962.html
jobs.51job.com/all/co4832823.html
jobs.51job.com/all/co4606493.html
jobs.51job.com/all/co3348226.html
jobs.51job.com/all/co2936319.html
jobs.51job.com/all/co4703856.html
jobs.51job.com/all/co3927379.html
jobs.51job.com/all/co3404787.html
jobs.51job.com/all/co3404787.html
jobs.51job.com/all/co2506187.html
jobs.51job.com/all/co4023766.html
jobs.51job.com/all/co4023766.html
jobs.51job.com/all/co2663943.html
jobs.51job.com/all/co270698.html
jobs.51job.com/all/co270698.html
jobs.51job.com/all/co270698.html
jobs.51job.com/all/co270698.html
jobs.51job.com/all/co2917719.html
jobs.51job.com/all/co3000413.html
jobs.51job.com/all/co2917719.html
jobs.51job.com/all/co2506187.html
jobs.51job.com/all/co2506187.html
jobs.51job.com/all/co2544795.html
jobs.51job.com/all/co4557720.html
jobs.51job.com/all/co4557720.html
jobs.51job.com/all/co4557720.html
jobs.51job.com/all/co3002797.html
jobs.51job.com/all/co3712577.html
jobs.51job.com/all/co3660668.html
jobs.51job.com/all/co3660668.html
jobs.51job.com/all/co3660668.html
jobs.51job.com/all/co3660668.html
jobs.51job.com/all/co3660668.html
jobs.51job.com/all/co3660668.html
jobs.51job.com/all/co3660668.html
jobs.51job.com/all/co3985811.html
jobs.51job.com/all/co3238316.html
jobs.51job.com/all/co3045001.html
jobs.51job.com/all/co4260251.html
jobs.51job.com/all/co4801504.html
jobs.51job.com/all/co4511636.html
jobs.51job.com/all/co2628343.html
jobs.51job.com/all/co3414187.html
jobs.51job.com/all/co3784853.html
jobs.51job.com/all/co3213728.html
jobs.51job.com/all/co2871909.html
jobs.51job.com/all/co3405213.html
jobs.51job.com/all/co3405213.html
jobs.51job.com/all/co3405213.html
jobs.51job.com/all/co4180036.html
jobs.51job.com/all/co4005926.html
jobs.51job.com/all/co4829482.html
jobs.51job.com/all/co4868800.html
jobs.51job.com/all/co4671226.html
jobs.51job.com/all/co4671226.html
jobs.51job.com/all/co4671226.html
jobs.51job.com/all/co4671226.html
jobs.51job.com/all/co4671226.html
jobs.51job.com/all/co4671226.html
jobs.51job.com/all/co4671226.html
jobs.51job.com/all/co4372857.html
jobs.51job.com/all/co4372857.html
jobs.51job.com/all/co4133147.html
jobs.51job.com/all/co3652379.html
jobs.51job.com/all/co2097354.html
jobs.51job.com/all/co3615864.html
jobs.51job.com/all/co2653664.html
jobs.51job.com/all/co2336927.html
jobs.51job.com/all/co4333554.html
jobs.51job.com/all/co4312782.html
jobs.51job.com/all/co270698.html
jobs.51job.com/all/co2777864.html
jobs.51job.com/all/co2663943.html
jobs.51job.com/all/co4180036.html
jobs.51job.com/all/co2644791.html
jobs.51job.com/all/co4502751.html
jobs.51job.com/all/co2965679.html
jobs.51job.com/all/co4312228.html
jobs.51job.com/all/co3985811.html
jobs.51job.com/all/co3985811.html
jobs.51job.com/all/co4702008.html
jobs.51job.com/all/co3289960.html
jobs.51job.com/all/co4833279.html
jobs.51job.com/all/co4333554.html
jobs.51job.com/all/co2684390.html
jobs.51job.com/all/co2670771.html
jobs.51job.com/all/co3929952.html
jobs.51job.com/all/co3414187.html
jobs.51job.com/all/co2626574.html
jobs.51job.com/all/co3861702.html
jobs.51job.com/all/co4928051.html
jobs.51job.com/all/co4928051.html
jobs.51job.com/all/co3950456.html
jobs.51job.com/all/co4676982.html
jobs.51job.com/all/co4676982.html
jobs.51job.com/all/co2663943.html
jobs.51job.com/all/co2663943.html
jobs.51job.com/all/co4929893.html
jobs.51job.com/all/co3768387.html
jobs.51job.com/all/co4903108.html
jobs.51job.com/all/co2877939.html
jobs.51job.com/all/co4771028.html
jobs.51job.com/all/co2506187.html
jobs.51job.com/all/co3977656.html
jobs.51job.com/all/co3936980.html
jobs.51job.com/all/co2680544.html
jobs.51job.com/all/co3244234.html
jobs.51job.com/all/co3543526.html
jobs.51job.com/all/co3543526.html
jobs.51job.com/all/co3021260.html
jobs.51job.com/all/co4177906.html
jobs.51job.com/all/co4555276.html
jobs.51job.com/all/co4555276.html
jobs.51job.com/all/co4555276.html
jobs.51job.com/all/co2644317.html
aptiv.51job.com
jobs.51job.com/all/co4062602.html
jobs.51job.com/all/co4062602.html
jobs.51job.com/all/co4062602.html
jobs.51job.com/all/co3095864.html
jobs.51job.com/all/co825641.html
jobs.51job.com/all/co3881025.html
jobs.51job.com/all/co3861702.html
jobs.51job.com/all/co3048126.html
jobs.51job.com/all/co3048126.html
jobs.51job.com/all/co3048126.html
jobs.51job.com/all/co4626777.html
jobs.51job.com/all/co3965732.html
jobs.51job.com/all/co4203238.html
jobs.51job.com/all/co2704152.html
jobs.51job.com/all/co2704152.html
jobs.51job.com/all/co2704152.html
jobs.51job.com/all/co2704152.html
jobs.51job.com/all/co3610875.html
jobs.51job.com/all/co3610875.html
jobs.51job.com/all/co3135619.html
jobs.51job.com/all/co3881025.html
jobs.51job.com/all/co3881025.html
jobs.51job.com/all/co4561995.html
jobs.51job.com/all/co4561995.html
jobs.51job.com/all/co4561995.html
jobs.51job.com/all/co2998459.html
jobs.51job.com/all/co4428630.html
jobs.51job.com/all/co4902249.html
jobs.51job.com/all/co3610875.html
jobs.51job.com/all/co4380196.html
jobs.51job.com/all/co4413025.html
jobs.51job.com/all/co3918792.html
jobs.51job.com/all/co3045001.html
jobs.51job.com/all/co3861702.html
jobs.51job.com/all/co3861702.html
jobs.51job.com/all/co3861702.html
jobs.51job.com/all/co3861702.html
jobs.51job.com/all/co3861702.html
jobs.51job.com/all/co3861702.html
jobs.51job.com/all/co3095864.html
jobs.51job.com/all/co3580025.html
jobs.51job.com/all/co4436815.html
jobs.51job.com/all/co2456149.html
jobs.51job.com/all/co4170021.html
jobs.51job.com/all/co4170021.html
jobs.51job.com/all/co4170021.html
jobs.51job.com/all/co4025136.html
jobs.51job.com/all/co3881025.html
jobs.51job.com/all/co2549736.html
jobs.51job.com/all/co2497638.html
jobs.51job.com/all/co3173031.html
jobs.51job.com/all/co3861702.html
jobs.51job.com/all/co3861702.html
jobs.51job.com/all/co3158693.html
jobs.51job.com/all/co4444314.html
jobs.51job.com/all/co4444314.html
jobs.51job.com/all/co3985811.html
jobs.51job.com/all/co3985811.html
jobs.51job.com/all/co3985811.html
jobs.51job.com/all/co2679599.html
jobs.51job.com/all/co2679599.html
jobs.51job.com/all/co2679599.html
jobs.51job.com/all/co3560081.html
jobs.51job.com/all/co546313.html
jobs.51job.com/all/co4333554.html
jobs.51job.com/all/co3985811.html
jobs.51job.com/all/co3298167.html
jobs.51job.com/all/co3298167.html
jobs.51job.com/all/co3543842.html
jobs.51job.com/all/co2506187.html
jobs.51job.com/all/co3939677.html
jobs.51job.com/all/co3713467.html
jobs.51job.com/all/co3713467.html
jobs.51job.com/all/co4333554.html
jobs.51job.com/all/co4241352.html
jobs.51job.com/all/co4333554.html
jobs.51job.com/all/co4897359.html
jobs.51job.com/all/co4774548.html
jobs.51job.com/all/co2592580.html
jobs.51job.com/all/co4333554.html
jobs.51job.com/all/co3109541.html
jobs.51job.com/all/co2801567.html
jobs.51job.com/all/co3787502.html
jobs.51job.com/all/co3963587.html
jobs.51job.com/all/co4185371.html
jobs.51job.com/all/co3962425.html
jobs.51job.com/all/co2576737.html
jobs.51job.com/all/co2576737.html
jobs.51job.com/all/co4571374.html
jobs.51job.com/all/co4571374.html
jobs.51job.com/all/co4407264.html
jobs.51job.com/all/co4248002.html
jobs.51job.com/all/co3348226.html
jobs.51job.com/all/co3544683.html
jobs.51job.com/all/co3544683.html
jobs.51job.com/all/co3544683.html
jobs.51job.com/all/co3544683.html
jobs.51job.com/all/co3544683.html
jobs.51job.com/all/co3964027.html
jobs.51job.com/all/co3964027.html
jobs.51job.com/all/co3964027.html
jobs.51job.com/all/co3964027.html
jobs.51job.com/all/co3985811.html
jobs.51job.com/all/co3985811.html
jobs.51job.com/all/co3861702.html
jobs.51job.com/all/co3063241.html
jobs.51job.com/all/co4020297.html
jobs.51job.com/all/co4056121.html
jobs.51job.com/all/co3560081.html
jobs.51job.com/all/co4397490.html
jobs.51job.com/all/co2587391.html
jobs.51job.com/all/co4756484.html
jobs.51job.com/all/co4756484.html
jobs.51job.com/all/co4187887.html
jobs.51job.com/all/co4549432.html
jobs.51job.com/all/co4497741.html
jobs.51job.com/all/co4497741.html
jobs.51job.com/all/co4497741.html
jobs.51job.com/all/co4497741.html
jobs.51job.com/all/co4497741.html
jobs.51job.com/all/co4497741.html
jobs.51job.com/all/co4497741.html
jobs.51job.com/all/co4497741.html
jobs.51job.com/all/co4497741.html
jobs.51job.com/all/co4497741.html
jobs.51job.com/all/co4497741.html
jobs.51job.com/all/co4497741.html
jobs.51job.com/all/co4349830.html
jobs.51job.com/all/co3159558.html
jobs.51job.com/all/co3430626.html
jobs.51job.com/all/co3559658.html
jobs.51job.com/all/co2638387.html
jobs.51job.com/all/co2638387.html
jobs.51job.com/all/co2638387.html
jobs.51job.com/all/co2638387.html
jobs.51job.com/all/co2638387.html
jobs.51job.com/all/co3985811.html
jobs.51job.com/all/co4056121.html
jobs.51job.com/all/co4613347.html
jobs.51job.com/all/co4613347.html
jobs.51job.com/all/co4613347.html
jobs.51job.com/all/co4176664.html
jobs.51job.com/all/co3159558.html
jobs.51job.com/all/co3159558.html
jobs.51job.com/all/co3159558.html
jobs.51job.com/all/co4089591.html
jobs.51job.com/all/co3459845.html
jobs.51job.com/all/co3459845.html
jobs.51job.com/all/co3104276.html
jobs.51job.com/all/co3745068.html
jobs.51job.com/all/co3745068.html
jobs.51job.com/all/co3745068.html
jobs.51job.com/all/co2829757.html
jobs.51job.com/all/co4873544.html
jobs.51job.com/all/co4776316.html
jobs.51job.com/all/co2738392.html
jobs.51job.com/all/co2821675.html
jobs.51job.com/all/co3501210.html
jobs.51job.com/all/co2821675.html
jobs.51job.com/all/co4866430.html
jobs.51job.com/all/co3396359.html
jobs.51job.com/all/co4846414.html
jobs.51job.com/all/co2454251.html
jobs.51job.com/all/co2071944.html
jobs.51job.com/all/co4380099.html
jobs.51job.com/all/co4677259.html
jobs.51job.com/all/co4522403.html
jobs.51job.com/all/co3430626.html
jobs.51job.com/all/co2646774.html
jobs.51job.com/all/co3386112.html
jobs.51job.com/all/co3386112.html
jobs.51job.com/all/co2977707.html
jobs.51job.com/all/co3103644.html
jobs.51job.com/all/co4572193.html
