jobs.51job.com/all/co3743426.html
jobs.51job.com/all/co4555248.html
jobs.51job.com/all/co4759903.html
jobs.51job.com/all/co3531424.html
jobs.51job.com/all/co4198939.html
jobs.51job.com/all/co4130202.html
jobs.51job.com/all/co3492265.html
jobs.51job.com/all/co4337943.html
jobs.51job.com/all/co2507622.html
jobs.51job.com/all/co3830812.html
jobs.51job.com/all/co2918328.html
jobs.51job.com/all/co3183951.html
jobs.51job.com/all/co3142028.html
jobs.51job.com/all/co4361283.html
jobs.51job.com/all/co2565112.html
jobs.51job.com/all/co4669562.html
jobs.51job.com/all/co2665304.html
jobs.51job.com/all/co4561770.html
jobs.51job.com/all/co3398796.html
jobs.51job.com/all/co3528235.html
jobs.51job.com/all/co612269.html
jobs.51job.com/all/co4286327.html
jobs.51job.com/all/co2547536.html
jobs.51job.com/all/co4884281.html
jobs.51job.com/all/co3850260.html
jobs.51job.com/all/co4738928.html
jobs.51job.com/all/co4238537.html
jobs.51job.com/all/co3803068.html
jobs.51job.com/all/co2843743.html
jobs.51job.com/all/co4901900.html
jobs.51job.com/all/co4549571.html
jobs.51job.com/all/co3857405.html
jobs.51job.com/all/co297254.html
jobs.51job.com/all/co4536265.html
jobs.51job.com/all/co1995565.html
jobs.51job.com/all/co4430233.html
jobs.51job.com/all/co4824363.html
jobs.51job.com/all/co4364150.html
jobs.51job.com/all/co3316430.html
jobs.51job.com/all/co4945030.html
jobs.51job.com/all/co4595949.html
jobs.51job.com/all/co3046158.html
jobs.51job.com/all/co2707366.html
jobs.51job.com/all/co3566835.html
jobs.51job.com/all/co2814493.html
jobs.51job.com/all/co2819983.html
jobs.51job.com/all/co4329522.html
jobs.51job.com/all/co4649153.html
jobs.51job.com/all/co2219414.html
jobs.51job.com/all/co114531.html
jobs.51job.com/all/co3975634.html
jobs.51job.com/all/co4768808.html
jobs.51job.com/all/co3107017.html
jobs.51job.com/all/co4824757.html
jobs.51job.com/all/co548285.html
jobs.51job.com/all/co4626422.html
jobs.51job.com/all/co4509453.html
jobs.51job.com/all/co4920717.html
jobs.51job.com/all/co3069611.html
jobs.51job.com/all/co4916255.html
jobs.51job.com/all/co3802550.html
jobs.51job.com/all/co3985279.html
jobs.51job.com/all/co2592759.html
jobs.51job.com/all/co3779428.html
jobs.51job.com/all/co2850931.html
jobs.51job.com/all/co2596893.html
jobs.51job.com/all/co4626287.html
jobs.51job.com/all/co4604851.html
jobs.51job.com/all/co3037631.html
jobs.51job.com/all/co2126349.html
jobs.51job.com/all/co4266237.html
jobs.51job.com/all/co3325468.html
jobs.51job.com/all/co4469156.html
jobs.51job.com/all/co2560050.html
jobs.51job.com/all/co4322015.html
jobs.51job.com/all/co4682685.html
jobs.51job.com/all/co4483349.html
jobs.51job.com/all/co4687331.html
jobs.51job.com/all/co3191920.html
jobs.51job.com/all/co4943250.html
jobs.51job.com/all/co2961627.html
jobs.51job.com/all/co3066380.html
jobs.51job.com/all/co3412612.html
jobs.51job.com/all/co2493811.html
jobs.51job.com/all/co3350780.html
jobs.51job.com/all/co3096755.html
jobs.51job.com/all/co4087962.html
jobs.51job.com/all/co3022396.html
jobs.51job.com/all/co4548455.html
zjsj.51job.com/
jobs.51job.com/all/co4846416.html
jobs.51job.com/all/co4327962.html
jobs.51job.com/all/co4304376.html
jobs.51job.com/all/co2930396.html
jobs.51job.com/all/co4112353.html
jobs.51job.com/all/co909282.html
jobs.51job.com/all/co4401743.html
jobs.51job.com/all/co4231228.html
jobs.51job.com/all/co4617139.html
jobs.51job.com/all/co250821.html
jobs.51job.com/all/co3789230.html
jobs.51job.com/all/co4612416.html
jobs.51job.com/all/co4822565.html
jobs.51job.com/all/co2273274.html
jobs.51job.com/all/co2611742.html
jobs.51job.com/all/co2776594.html
jobs.51job.com/all/co2539705.html
jobs.51job.com/all/co4956719.html
jobs.51job.com/all/co3548887.html
jobs.51job.com/all/co3824807.html
jobs.51job.com/all/co4103448.html
jobs.51job.com/all/co4905707.html
jobs.51job.com/all/co2783096.html
jobs.51job.com/all/co4956119.html
jobs.51job.com/all/co3563516.html
jobs.51job.com/all/co4893642.html
jobs.51job.com/all/co2126709.html
jobs.51job.com/all/co279126.html
jobs.51job.com/all/co2859091.html
jobs.51job.com/all/co3804738.html
jobs.51job.com/all/co2571512.html
jobs.51job.com/all/co2600766.html
jobs.51job.com/all/co4505148.html
jobs.51job.com/all/co3186825.html
jobs.51job.com/all/co119673.html
jobs.51job.com/all/co2989048.html
jobs.51job.com/all/co4821523.html
jobs.51job.com/all/co2402429.html
jobs.51job.com/all/co3366565.html
jobs.51job.com/all/co4954255.html
jobs.51job.com/all/co4240847.html
jobs.51job.com/all/co4174892.html
jobs.51job.com/all/co3686971.html
jobs.51job.com/all/co4830191.html
jobs.51job.com/all/co4514430.html
jobs.51job.com/all/co2512301.html
jobs.51job.com/all/co2536240.html
jobs.51job.com/all/co2468359.html
jobs.51job.com/all/co2377191.html
jobs.51job.com/all/co4946978.html
jobs.51job.com/all/co4714075.html
jobs.51job.com/all/co4933170.html
jobs.51job.com/all/co2280847.html
jobs.51job.com/all/co4773690.html
jobs.51job.com/all/co2864527.html
jobs.51job.com/all/co2697781.html
jobs.51job.com/all/co4737949.html
jobs.51job.com/all/co3781916.html
jobs.51job.com/all/co2737570.html
jobs.51job.com/all/co3953727.html
jobs.51job.com/all/co4605206.html
jobs.51job.com/all/co2753271.html
jobs.51job.com/all/co2582242.html
jobs.51job.com/all/co4099277.html
jobs.51job.com/all/co4009641.html
jobs.51job.com/all/co174689.html
jobs.51job.com/all/co3291447.html
jobs.51job.com/all/co2620746.html
jobs.51job.com/all/co3624688.html
jobs.51job.com/all/co4008823.html
jobs.51job.com/all/co3713684.html
jobs.51job.com/all/co4920658.html
jobs.51job.com/all/co849392.html
jobs.51job.com/all/co2438755.html
jobs.51job.com/all/co178107.html
jobs.51job.com/all/co350409.html
jobs.51job.com/all/co4819274.html
jobs.51job.com/all/co1692767.html
jobs.51job.com/all/co2532423.html
jobs.51job.com/all/co3934647.html
jobs.51job.com/all/co2264794.html
jobs.51job.com/all/co2710732.html
jobs.51job.com/all/co2423815.html
jobs.51job.com/all/co2195712.html
jobs.51job.com/all/co3226623.html
jobs.51job.com/all/co4156956.html
jobs.51job.com/all/co3928629.html
jobs.51job.com/all/co2275067.html
jobs.51job.com/all/co4598094.html
jobs.51job.com/all/co4130441.html
jobs.51job.com/all/co2739555.html
jobs.51job.com/all/co3791241.html
jobs.51job.com/all/co4652558.html
jobs.51job.com/all/co303234.html
jobs.51job.com/all/co4115901.html
jobs.51job.com/all/co4434738.html
jobs.51job.com/all/co4030883.html
jobs.51job.com/all/co2225467.html
jobs.51job.com/all/co4048647.html
jobs.51job.com/all/co2951341.html
jobs.51job.com/all/co3541374.html
jobs.51job.com/all/co3998374.html
jobs.51job.com/all/co3107981.html
jobs.51job.com/all/co3108926.html
jobs.51job.com/all/co348950.html
jobs.51job.com/all/co300472.html
jobs.51job.com/all/co4861431.html
jobs.51job.com/all/co4538002.html
jobs.51job.com/all/co127990.html
jobs.51job.com/all/co3590975.html
jobs.51job.com/all/co3718479.html
jobs.51job.com/all/co4677990.html
jobs.51job.com/all/co4758049.html
jobs.51job.com/all/co3901949.html
jobs.51job.com/all/co2723520.html
jobs.51job.com/all/co4315619.html
jobs.51job.com/all/co4002088.html
jobs.51job.com/all/co3019408.html
jobs.51job.com/all/co3537279.html
jobs.51job.com/all/co3235780.html
jobs.51job.com/all/co3764142.html
jobs.51job.com/all/co2564262.html
jobs.51job.com/all/co2470243.html
jobs.51job.com/all/co1344979.html
jobs.51job.com/all/co4740243.html
jobs.51job.com/all/co2736588.html
jobs.51job.com/all/co4157678.html
jobs.51job.com/all/co2704137.html
jobs.51job.com/all/co2451068.html
jobs.51job.com/all/co2026670.html
jobs.51job.com/all/co3215161.html
jobs.51job.com/all/co3832967.html
jobs.51job.com/all/co2018596.html
jobs.51job.com/all/co2692895.html
jobs.51job.com/all/co4772933.html
jobs.51job.com/all/co2718654.html
jobs.51job.com/all/co3540392.html
jobs.51job.com/all/co2003353.html
jobs.51job.com/all/co1175669.html
jobs.51job.com/all/co3535200.html
jobs.51job.com/all/co3416873.html
jobs.51job.com/all/co2307404.html
jobs.51job.com/all/co2340814.html
jobs.51job.com/all/co2527053.html
jobs.51job.com/all/co2592863.html
jobs.51job.com/all/co2603985.html
jobs.51job.com/all/co3468903.html
jobs.51job.com/all/co2207589.html
jobs.51job.com/all/co3428886.html
jobs.51job.com/all/co4599859.html
jobs.51job.com/all/co3818062.html
jobs.51job.com/all/co3912845.html
jobs.51job.com/all/co2659505.html
jobs.51job.com/all/co2117789.html
jobs.51job.com/all/co4454031.html
jobs.51job.com/all/co4282373.html
jobs.51job.com/all/co2867031.html
jobs.51job.com/all/co2067229.html
jobs.51job.com/all/co4786118.html
jobs.51job.com/all/co2567118.html
jobs.51job.com/all/co3333776.html
jobs.51job.com/all/co4155630.html
jobs.51job.com/all/co2357498.html
jobs.51job.com/all/co2482327.html
jobs.51job.com/all/co3291110.html
jobs.51job.com/all/co4079492.html
jobs.51job.com/all/co3738626.html
jobs.51job.com/all/co308837.html
jobs.51job.com/all/co3604259.html
jobs.51job.com/all/co3468367.html
jobs.51job.com/all/co2797562.html
jobs.51job.com/all/co318359.html
jobs.51job.com/all/co2515408.html
jobs.51job.com/all/co352631.html
jobs.51job.com/all/co3614010.html
jobs.51job.com/all/co2441901.html
jobs.51job.com/all/co498810.html
jobs.51job.com/all/co2463250.html
jobs.51job.com/all/co3972201.html
jobs.51job.com/all/co2689728.html
jobs.51job.com/all/co2487480.html
jobs.51job.com/all/co613211.html
jobs.51job.com/all/co3916837.html
jobs.51job.com/all/co2676538.html
jobs.51job.com/all/co854724.html
jobs.51job.com/all/co2811795.html
jobs.51job.com/all/co2376137.html
jobs.51job.com/all/co2741315.html
jobs.51job.com/all/co2958038.html
jobs.51job.com/all/co3610520.html
jobs.51job.com/all/co3472235.html
jobs.51job.com/all/co3934217.html
jobs.51job.com/all/co2882290.html
jobs.51job.com/all/co916104.html
jobs.51job.com/all/co1278200.html
jobs.51job.com/all/co4792501.html
jobs.51job.com/all/co2354594.html
jobs.51job.com/all/co193349.html
jobs.51job.com/all/co1253459.html
jobs.51job.com/all/co131177.html
jobs.51job.com/all/co4653625.html
jobs.51job.com/all/co505375.html
jobs.51job.com/all/co2146571.html
jobs.51job.com/all/co3724633.html
jobs.51job.com/all/co2585239.html
jobs.51job.com/all/co2909480.html
jobs.51job.com/all/co378082.html
jobs.51job.com/all/co2627867.html
jobs.51job.com/all/co3745987.html
jobs.51job.com/all/co2916532.html
jobs.51job.com/all/co3853134.html
jobs.51job.com/all/co2812802.html
jobs.51job.com/all/co2802524.html
jobs.51job.com/all/co3693651.html
jobs.51job.com/all/co2546905.html
jobs.51job.com/all/co3549778.html
jobs.51job.com/all/co4054315.html
jobs.51job.com/all/co503455.html
jobs.51job.com/all/co2998322.html
jobs.51job.com/all/co2467911.html
jobs.51job.com/all/co4889480.html
jobs.51job.com/all/co2901735.html
jobs.51job.com/all/co4868610.html
jobs.51job.com/all/co4701698.html
jobs.51job.com/all/co3698968.html
jobs.51job.com/all/co4629026.html
jobs.51job.com/all/co2299127.html
jobs.51job.com/all/co2838091.html
jobs.51job.com/all/co2884682.html
jobs.51job.com/all/co3487519.html
jobs.51job.com/all/co4866782.html
jobs.51job.com/all/co4581382.html
jobs.51job.com/all/co4456868.html
jobs.51job.com/all/co228161.html
jobs.51job.com/all/co3527448.html
jobs.51job.com/all/co3733408.html
jobs.51job.com/all/co3446757.html
jobs.51job.com/all/co3389248.html
jobs.51job.com/all/co4551846.html
jobs.51job.com/all/co2910007.html
jobs.51job.com/all/co2656992.html
jobs.51job.com/all/co3002239.html
jobs.51job.com/all/co2705363.html
jobs.51job.com/all/co1749258.html
jobs.51job.com/all/co3339528.html
jobs.51job.com/all/co3079430.html
thyssenkrupp.51job.com
jobs.51job.com/all/co2570360.html
creditease.51job.com
jobs.51job.com/all/co3309893.html
jobs.51job.com/all/co3545620.html
jobs.51job.com/all/co4041601.html
jobs.51job.com/all/co2598002.html
roche.51job.com/
jobs.51job.com/all/co4881026.html
jobs.51job.com/all/co3549654.html
jobs.51job.com/all/co3835816.html
jobs.51job.com/all/co3561458.html
jobs.51job.com/all/co3516681.html
jobs.51job.com/all/co2347362.html
jobs.51job.com/all/co157250.html
jobs.51job.com/all/co2909561.html
jobs.51job.com/all/co4833486.html
jobs.51job.com/all/co4831539.html
jobs.51job.com/all/co2709457.html
jobs.51job.com/all/co4298775.html
jobs.51job.com/all/co4795017.html
jobs.51job.com/all/co3580986.html
jobs.51job.com/all/co280099.html
jobs.51job.com/all/co4782422.html
jobs.51job.com/all/co4739634.html
jobs.51job.com/all/co3881890.html
jobs.51job.com/all/co2582409.html
jobs.51job.com/all/co301824.html
jobs.51job.com/all/co2117750.html
valeo.51job.com
jobs.51job.com/all/co135210.html
jobs.51job.com/all/co4806545.html
jobs.51job.com/all/co4753142.html
jobs.51job.com/all/co109859.html
jobs.51job.com/all/co4674694.html
jobs.51job.com/all/co2477619.html
jobs.51job.com/all/co2545695.html
jobs.51job.com/all/co4408415.html
jobs.51job.com/all/co4944977.html
jobs.51job.com/all/co2983393.html
jobs.51job.com/all/co3497939.html
jobs.51job.com/all/co2282498.html
jobs.51job.com/all/co2853662.html
jobs.51job.com/all/co2686498.html
jobs.51job.com/all/co4504614.html
jobs.51job.com/all/co2624423.html
jobs.51job.com/all/co4190926.html
jobs.51job.com/all/co2456190.html
jobs.51job.com/all/co2580137.html
jobs.51job.com/all/co3074386.html
jobs.51job.com/all/co4946933.html
jobs.51job.com/all/co3902926.html
jobs.51job.com/all/co3358987.html
jobs.51job.com/all/co2409738.html
jobs.51job.com/all/co288559.html
jobs.51job.com/all/co2349091.html
jobs.51job.com/all/co1134146.html
jobs.51job.com/all/co2897677.html
jobs.51job.com/all/co3845630.html
jobs.51job.com/all/co2589106.html
jobs.51job.com/all/co2508388.html
jobs.51job.com/all/co103226.html
jobs.51job.com/all/co4066632.html
jobs.51job.com/all/co424566.html
jobs.51job.com/all/co2514189.html
jobs.51job.com/all/co2435105.html
jobs.51job.com/all/co4628491.html
jobs.51job.com/all/co3443591.html
jobs.51job.com/all/co129912.html
jobs.51job.com/all/co2679697.html
jobs.51job.com/all/co2307113.html
jobs.51job.com/all/co475763.html
jobs.51job.com/all/co4609134.html
jobs.51job.com/all/co3844408.html
jobs.51job.com/all/co3652486.html
jobs.51job.com/all/co3647715.html
jobs.51job.com/all/co3294664.html
jobs.51job.com/all/co4664035.html
jobs.51job.com/all/co4105472.html
jobs.51job.com/all/co909318.html
jobs.51job.com/all/co378336.html
jobs.51job.com/all/co3089554.html
jobs.51job.com/all/co3663788.html
jobs.51job.com/all/co2742318.html
jobs.51job.com/all/co2397925.html
jobs.51job.com/all/co2475646.html
jobs.51job.com/all/co152922.html
jobs.51job.com/all/co4726946.html
jobs.51job.com/all/co2137495.html
jobs.51job.com/all/co4740953.html
jobs.51job.com/all/co3538080.html
jobs.51job.com/all/co3064561.html
jobs.51job.com/all/co3298375.html
jobs.51job.com/all/co743890.html
jobs.51job.com/all/co4944333.html
jobs.51job.com/all/co4219101.html
jobs.51job.com/all/co3647823.html
jobs.51job.com/all/co2614173.html
jobs.51job.com/all/co2706903.html
jobs.51job.com/all/co3521906.html
jobs.51job.com/all/co3162646.html
jobs.51job.com/all/co3341251.html
jobs.51job.com/all/co295188.html
jobs.51job.com/all/co3597846.html
jobs.51job.com/all/co4549329.html
jobs.51job.com/all/co2887462.html
jobs.51job.com/all/co3291422.html
jobs.51job.com/all/co2332435.html
jobs.51job.com/all/co4152041.html
jobs.51job.com/all/co4585753.html
jobs.51job.com/all/co4701659.html
jobs.51job.com/all/co4290118.html
jobs.51job.com/all/co4858108.html
jobs.51job.com/all/co2554434.html
jobs.51job.com/all/co3872947.html
jobs.51job.com/all/co410180.html
jobs.51job.com/all/co4412474.html
jobs.51job.com/all/co4667155.html
jobs.51job.com/all/co4933454.html
jobs.51job.com/all/co2453656.html
jobs.51job.com/all/co4387973.html
jobs.51job.com/all/co2312638.html
jobs.51job.com/all/co234401.html
jobs.51job.com/all/co4882110.html
jobs.51job.com/all/co2071588.html
jobs.51job.com/all/co2262271.html
jobs.51job.com/all/co2844999.html
jobs.51job.com/all/co3730331.html
jobs.51job.com/all/co2378351.html
jobs.51job.com/all/co4136736.html
jobs.51job.com/all/co3784268.html
jobs.51job.com/all/co256872.html
jobs.51job.com/all/co2734615.html
jobs.51job.com/all/co2630239.html
jobs.51job.com/all/co4874513.html
jobs.51job.com/all/co3245921.html
jobs.51job.com/all/co2680683.html
jobs.51job.com/all/co4494572.html
jobs.51job.com/all/co241954.html
jobs.51job.com/all/co219871.html
jobs.51job.com/all/co306536.html
jobs.51job.com/all/co2701167.html
jobs.51job.com/all/co4511351.html
jobs.51job.com/all/co3242159.html
jobs.51job.com/all/co238206.html
jobs.51job.com/all/co2561502.html
jobs.51job.com/all/co2532880.html
jobs.51job.com/all/co2607011.html
jobs.51job.com/all/co2820580.html
jobs.51job.com/all/co2837368.html
jobs.51job.com/all/co1993170.html
jobs.51job.com/all/co3044391.html
jobs.51job.com/all/co2317666.html
jobs.51job.com/all/co4500778.html
jobs.51job.com/all/co2757615.html
jobs.51job.com/all/co232923.html
jobs.51job.com/all/co2731965.html
jobs.51job.com/all/co4831666.html
jobs.51job.com/all/co3414851.html
jobs.51job.com/all/co1527387.html
jobs.51job.com/all/co100934.html
jobs.51job.com/all/co2638255.html
jobs.51job.com/all/co2542833.html
jobs.51job.com/all/co2451045.html
jobs.51job.com/all/co2546462.html
jobs.51job.com/all/co4275136.html
jobs.51job.com/all/co4780122.html
jobs.51job.com/all/co4759103.html
jobs.51job.com/all/co3731609.html
jobs.51job.com/all/co4795544.html
jobs.51job.com/all/co4824434.html
jobs.51job.com/all/co2448065.html
jobs.51job.com/all/co3835969.html
jobs.51job.com/all/co3706408.html
jobs.51job.com/all/co3252679.html
jobs.51job.com/all/co3628742.html
jobs.51job.com/all/co4718390.html
jobs.51job.com/all/co109690.html
jobs.51job.com/all/co3316439.html
jobs.51job.com/all/co4628967.html
jobs.51job.com/all/co3282381.html
jobs.51job.com/all/co111336.html
jobs.51job.com/all/co2343631.html
jobs.51job.com/all/co4027678.html
jobs.51job.com/all/co2567876.html
jobs.51job.com/all/co2708806.html
jobs.51job.com/all/co4424225.html
jobs.51job.com/all/co4933709.html
jobs.51job.com/all/co2806511.html
jobs.51job.com/all/co688477.html
jobs.51job.com/all/co4554112.html
jobs.51job.com/all/co4537819.html
jobs.51job.com/all/co3717437.html
jobs.51job.com/all/co1510292.html
jobs.51job.com/all/co4104266.html
jobs.51job.com/all/co4151974.html
jobs.51job.com/all/co4871237.html
jobs.51job.com/all/co4616616.html
jobs.51job.com/all/co3565530.html
jobs.51job.com/all/co4467281.html
jobs.51job.com/all/co4454297.html
jobs.51job.com/all/co3232647.html
jobs.51job.com/all/co2963589.html
jobs.51job.com/all/co1444330.html
jobs.51job.com/all/co2544545.html
jobs.51job.com/all/co3247141.html
jobs.51job.com/all/co3638947.html
jobs.51job.com/all/co3708863.html
jobs.51job.com/all/co4508251.html
jobs.51job.com/all/co4456208.html
jobs.51job.com/all/co4005273.html
jobs.51job.com/all/co3594514.html
jobs.51job.com/all/co2725494.html
jobs.51job.com/all/co147558.html
jobs.51job.com/all/co2406530.html
jobs.51job.com/all/co2764510.html
jobs.51job.com/all/co3075487.html
jobs.51job.com/all/co3834167.html
jobs.51job.com/all/co2473688.html
jobs.51job.com/all/co4270359.html
jobs.51job.com/all/co2933658.html
jobs.51job.com/all/co4649838.html
jobs.51job.com/all/co2410710.html
jobs.51job.com/all/co2252035.html
jobs.51job.com/all/co2734107.html
jobs.51job.com/all/co4368852.html
jobs.51job.com/all/co3169790.html
jobs.51job.com/all/co2695423.html
jobs.51job.com/all/co4730860.html
jobs.51job.com/all/co4511443.html
jobs.51job.com/all/co3816472.html
jobs.51job.com/all/co2947143.html
jobs.51job.com/all/co4941964.html
jobs.51job.com/all/co4933048.html
jobs.51job.com/all/co2271957.html
jobs.51job.com/all/co3872767.html
jobs.51job.com/all/co2857093.html
jobs.51job.com/all/co2820991.html
jobs.51job.com/all/co3901102.html
jobs.51job.com/all/co3486903.html
jobs.51job.com/all/co3965231.html
jobs.51job.com/all/co3542612.html
jobs.51job.com/all/co2464314.html
jobs.51job.com/all/co4911223.html
jobs.51job.com/all/co4549859.html
jobs.51job.com/all/co3680905.html
jobs.51job.com/all/co2245593.html
jobs.51job.com/all/co2079132.html
jobs.51job.com/all/co2865212.html
jobs.51job.com/all/co3464815.html
jobs.51job.com/all/co4382587.html
jobs.51job.com/all/co3748770.html
jobs.51job.com/all/co3884795.html
jobs.51job.com/all/co2560559.html
jobs.51job.com/all/co4703368.html
jobs.51job.com/all/co4626158.html
jobs.51job.com/all/co3796903.html
jobs.51job.com/all/co4115527.html
jobs.51job.com/all/co4439117.html
jobs.51job.com/all/co4847596.html
jobs.51job.com/all/co4568992.html
jobs.51job.com/all/co3610872.html
jobs.51job.com/all/co4304961.html
jobs.51job.com/all/co127957.html
jobs.51job.com/all/co2674955.html
jobs.51job.com/all/co3033205.html
jobs.51job.com/all/co3870772.html
jobs.51job.com/all/co3617960.html
jobs.51job.com/all/co1263259.html
jobs.51job.com/all/co2986202.html
jobs.51job.com/all/co3616795.html
jobs.51job.com/all/co4791602.html
jobs.51job.com/all/co3529840.html
jobs.51job.com/all/co106423.html
jobs.51job.com/all/co4701261.html
jobs.51job.com/all/co290053.html
jobs.51job.com/all/co4648506.html
jobs.51job.com/all/co3216057.html
jobs.51job.com/all/co4245691.html
jobs.51job.com/all/co3221180.html
jobs.51job.com/all/co4462402.html
jobs.51job.com/all/co2373187.html
jobs.51job.com/all/co4468868.html
jobs.51job.com/all/co2841514.html
jobs.51job.com/all/co3741445.html
jobs.51job.com/all/co4884198.html
jobs.51job.com/all/co4104944.html
jobs.51job.com/all/co2513830.html
jobs.51job.com/all/co4372857.html
jobs.51job.com/all/co2855480.html
jobs.51job.com/all/co3034184.html
jobs.51job.com/all/co2882266.html
jobs.51job.com/all/co3886989.html
jobs.51job.com/all/co4240865.html
jobs.51job.com/all/co2502104.html
jobs.51job.com/all/co1005.html
jobs.51job.com/all/co3817243.html
jobs.51job.com/all/co2683899.html
jobs.51job.com/all/co3190051.html
jobs.51job.com/all/co3429255.html
jobs.51job.com/all/co2720012.html
jobs.51job.com/all/co4757821.html
jobs.51job.com/all/co244781.html
jobs.51job.com/all/co2986585.html
jobs.51job.com/all/co4771994.html
jobs.51job.com/all/co4518520.html
jobs.51job.com/all/co4092866.html
jobs.51job.com/all/co3243815.html
jobs.51job.com/all/co3223381.html
jobs.51job.com/all/co4448903.html
jobs.51job.com/all/co3895663.html
jobs.51job.com/all/co2656915.html
jobs.51job.com/all/co4599374.html
jobs.51job.com/all/co4218501.html
jobs.51job.com/all/co2481565.html
jobs.51job.com/all/co3048126.html
jobs.51job.com/all/co4251484.html
jobs.51job.com/all/co4809911.html
jobs.51job.com/all/co4693314.html
jobs.51job.com/all/co4763269.html
jobs.51job.com/all/co2488668.html
jobs.51job.com/all/co4319066.html
jobs.51job.com/all/co1985957.html
jobs.51job.com/all/co3922490.html
jobs.51job.com/all/co4616663.html
jobs.51job.com/all/co2858567.html
jobs.51job.com/all/co2064976.html
jobs.51job.com/all/co4273943.html
jobs.51job.com/all/co4665046.html
jobs.51job.com/all/co4391218.html
jobs.51job.com/all/co3794556.html
jobs.51job.com/all/co2687960.html
jobs.51job.com/all/co4650889.html
jobs.51job.com/all/co4854914.html
jobs.51job.com/all/co4187342.html
jobs.51job.com/all/co3906592.html
jobs.51job.com/all/co2784019.html
jobs.51job.com/all/co4425546.html
jobs.51job.com/all/co2875541.html
jobs.51job.com/all/co2600410.html
sfzhaopin.51job.com
jobs.51job.com/all/co4550986.html
jobs.51job.com/all/co141224.html
jobs.51job.com/all/co3638263.html
jobs.51job.com/all/co3818179.html
jobs.51job.com/all/co2661563.html
jobs.51job.com/all/co4931092.html
jobs.51job.com/all/co2742830.html
jobs.51job.com/all/co2478368.html
jobs.51job.com/all/co350012.html
jobs.51job.com/all/co4107918.html
jobs.51job.com/all/co4068753.html
jobs.51job.com/all/co4920579.html
jobs.51job.com/all/co3968603.html
jobs.51job.com/all/co2916136.html
jobs.51job.com/all/co4793013.html
jobs.51job.com/all/co2546224.html
jobs.51job.com/all/co4007431.html
jobs.51job.com/all/co4561409.html
jobs.51job.com/all/co2831375.html
jobs.51job.com/all/co4506381.html
jobs.51job.com/all/co4564573.html
jobs.51job.com/all/co2467071.html
jobs.51job.com/all/co3574279.html
jobs.51job.com/all/co3260835.html
jobs.51job.com/all/co2145307.html
jobs.51job.com/all/co3566314.html
jobs.51job.com/all/co3564786.html
jobs.51job.com/all/co4615986.html
jobs.51job.com/all/co3009508.html
jobs.51job.com/all/co2005494.html
jobs.51job.com/all/co4905863.html
jobs.51job.com/all/co4010190.html
jobs.51job.com/all/co3974550.html
jobs.51job.com/all/co2531079.html
jobs.51job.com/all/co1224397.html
jobs.51job.com/all/co4909782.html
jobs.51job.com/all/co2120748.html
jobs.51job.com/all/co4793555.html
jobs.51job.com/all/co2903899.html
jobs.51job.com/all/co3005006.html
jobs.51job.com/all/co3491595.html
jobs.51job.com/all/co3840758.html
jobs.51job.com/all/co4352148.html
jobs.51job.com/all/co2591463.html
jobs.51job.com/all/co4490787.html
jobs.51job.com/all/co2883602.html
jobs.51job.com/all/co4476280.html
jobs.51job.com/all/co2937824.html
jobs.51job.com/all/co3870448.html
jobs.51job.com/all/co161060.html
jobs.51job.com/all/co4860592.html
jobs.51job.com/all/co3706223.html
jobs.51job.com/all/co4038783.html
jobs.51job.com/all/co4690794.html
jobs.51job.com/all/co4001629.html
jobs.51job.com/all/co825641.html
jobs.51job.com/all/co4297413.html
jobs.51job.com/all/co2159647.html
jobs.51job.com/all/co2397073.html
jobs.51job.com/all/co4452956.html
jobs.51job.com/all/co4890895.html
jobs.51job.com/all/co4269835.html
jobs.51job.com/all/co2546282.html
jobs.51job.com/all/co3831901.html
jobs.51job.com/all/co2622869.html
jobs.51job.com/all/co123097.html
jobs.51job.com/all/co3905291.html
jobs.51job.com/all/co4890901.html
jobs.51job.com/all/co3358798.html
jobs.51job.com/all/co2460871.html
jobs.51job.com/all/co4328035.html
jobs.51job.com/all/co4900843.html
jobs.51job.com/all/co4538107.html
jobs.51job.com/all/co4638800.html
jobs.51job.com/all/co1353891.html
jobs.51job.com/all/co4901835.html
jobs.51job.com/all/co3260354.html
jobs.51job.com/all/co3747451.html
jobs.51job.com/all/co3233002.html
jobs.51job.com/all/co4749553.html
jobs.51job.com/all/co4471195.html
jobs.51job.com/all/co4194358.html
jobs.51job.com/all/co4420612.html
jobs.51job.com/all/co3702074.html
jobs.51job.com/all/co2543556.html
jobs.51job.com/all/co4664950.html
jobs.51job.com/all/co4665042.html
jobs.51job.com/all/co4085482.html
jobs.51job.com/all/co4644940.html
jobs.51job.com/all/co2686783.html
jobs.51job.com/all/co3279816.html
jobs.51job.com/all/co4575955.html
jobs.51job.com/all/co2835443.html
jobs.51job.com/all/co3825500.html
jobs.51job.com/all/co4770939.html
jobs.51job.com/all/co2063471.html
jobs.51job.com/all/co4748068.html
jobs.51job.com/all/co2911089.html
jobs.51job.com/all/co3152523.html
jobs.51job.com/all/co4365362.html
jobs.51job.com/all/co4506.html
jobs.51job.com/all/co3020286.html
jobs.51job.com/all/co3547493.html
jobs.51job.com/all/co4367630.html
jobs.51job.com/all/co2662357.html
jobs.51job.com/all/co2220020.html
jobs.51job.com/all/co2467295.html
jobs.51job.com/all/co4754613.html
jobs.51job.com/all/co4884417.html
jobs.51job.com/all/co4289075.html
jobs.51job.com/all/co184057.html
jobs.51job.com/all/co2298143.html
jobs.51job.com/all/co1490822.html
jobs.51job.com/all/co313449.html
jobs.51job.com/all/co4625522.html
jobs.51job.com/all/co4503753.html
jobs.51job.com/all/co4283000.html
jobs.51job.com/all/co4411355.html
jobs.51job.com/all/co3981885.html
jobs.51job.com/all/co3972018.html
jobs.51job.com/all/co3051051.html
jobs.51job.com/all/co3120971.html
jobs.51job.com/all/co2550258.html
jobs.51job.com/all/co2920314.html
jobs.51job.com/all/co1371530.html
jobs.51job.com/all/co2582309.html
jobs.51job.com/all/co4146494.html
jobs.51job.com/all/co2513462.html
jobs.51job.com/all/co3605187.html
career.akzonobel.51job.com
jobs.51job.com/all/co3025047.html
jobs.51job.com/all/co2956030.html
jobs.51job.com/all/co4710514.html
jobs.51job.com/all/co244270.html
jobs.51job.com/all/co3958790.html
jobs.51job.com/all/co4302513.html
jobs.51job.com/all/co3986441.html
jobs.51job.com/all/co3622566.html
jobs.51job.com/all/co2833162.html
jobs.51job.com/all/co4082222.html
jobs.51job.com/all/co2578774.html
jobs.51job.com/all/co3593027.html
jobs.51job.com/all/co4283668.html
jobs.51job.com/all/co2898649.html
jobs.51job.com/all/co1985000.html
jobs.51job.com/all/co4229097.html
jobs.51job.com/all/co4876792.html
jobs.51job.com/all/co2369611.html
jobs.51job.com/all/co3335389.html
jobs.51job.com/all/co3241840.html
jobs.51job.com/all/co4873333.html
jobs.51job.com/all/co4096803.html
jobs.51job.com/all/co2871692.html
jobs.51job.com/all/co2457308.html
jobs.51job.com/all/co4838758.html
jobs.51job.com/all/co4867284.html
jobs.51job.com/all/co2926837.html
jobs.51job.com/all/co4492752.html
jobs.51job.com/all/co3967630.html
jobs.51job.com/all/co4279390.html
jobs.51job.com/all/co4738033.html
jobs.51job.com/all/co1185047.html
jobs.51job.com/all/co3271851.html
jobs.51job.com/all/co3899046.html
jobs.51job.com/all/co4548628.html
jobs.51job.com/all/co3431362.html
jobs.51job.com/all/co3059729.html
jobs.51job.com/all/co4875910.html
jobs.51job.com/all/co4180300.html
jobs.51job.com/all/co1253413.html
jobs.51job.com/all/co4267122.html
jobs.51job.com/all/co4249060.html
jobs.51job.com/all/co4675439.html
jobs.51job.com/all/co4676706.html
jobs.51job.com/all/co4875440.html
jobs.51job.com/all/co4826062.html
jobs.51job.com/all/co4874605.html
jobs.51job.com/all/co4672923.html
jobs.51job.com/all/co4874518.html
jobs.51job.com/all/co3314341.html
jobs.51job.com/all/co3383744.html
jobs.51job.com/all/co4872936.html
jobs.51job.com/all/co3764165.html
jobs.51job.com/all/co2218909.html
jobs.51job.com/all/co4211187.html
jobs.51job.com/all/co2771747.html
jobs.51job.com/all/co3122927.html
jobs.51job.com/all/co4398666.html
jobs.51job.com/all/co3794986.html
jobs.51job.com/all/co4286449.html
jobs.51job.com/all/co3107128.html
jobs.51job.com/all/co3945208.html
jobs.51job.com/all/co141003.html
jobs.51job.com/all/co1989887.html
jobs.51job.com/all/co4844800.html
jobs.51job.com/all/co3486531.html
jobs.51job.com/all/co4703003.html
jobs.51job.com/all/co3348915.html
jobs.51job.com/all/co3754987.html
jobs.51job.com/all/co4333032.html
jobs.51job.com/all/co4685485.html
jobs.51job.com/all/co2047994.html
jobs.51job.com/all/co4301352.html
jobs.51job.com/all/co4726564.html
jobs.51job.com/all/co4495297.html
jobs.51job.com/all/co4371094.html
jobs.51job.com/all/co3024319.html
jobs.51job.com/all/co4867018.html
jobs.51job.com/all/co4045767.html
jobs.51job.com/all/co2741231.html
jobs.51job.com/all/co2562001.html
jobs.51job.com/all/co3586038.html
jobs.51job.com/all/co4856714.html
jobs.51job.com/all/co4868162.html
jobs.51job.com/all/co2683322.html
jobs.51job.com/all/co2907310.html
jobs.51job.com/all/co3724697.html
jobs.51job.com/all/co4690556.html
jobs.51job.com/all/co4651109.html
jobs.51job.com/all/co3228881.html
jobs.51job.com/all/co4752527.html
jobs.51job.com/all/co4631191.html
jobs.51job.com/all/co4309496.html
jobs.51job.com/all/co4548164.html
jobs.51job.com/all/co4089588.html
jobs.51job.com/all/co3562925.html
jobs.51job.com/all/co4322190.html
jobs.51job.com/all/co2758809.html
jobs.51job.com/all/co4831118.html
jobs.51job.com/all/co4670220.html
jobs.51job.com/all/co2581037.html
jobs.51job.com/all/co4847801.html
jobs.51job.com/all/co4533637.html
jobs.51job.com/all/co4835110.html
jobs.51job.com/all/co4640991.html
jobs.51job.com/all/co4620974.html
jobs.51job.com/all/co4622813.html
jobs.51job.com/all/co2553902.html
jobs.51job.com/all/co4898476.html
jobs.51job.com/all/co1116280.html
jobs.51job.com/all/co2567321.html
jobs.51job.com/all/co3805420.html
jobs.51job.com/all/co2507622.html
jobs.51job.com/all/co2507622.html
jobs.51job.com/all/co2507622.html
jobs.51job.com/all/co2565112.html
jobs.51job.com/all/co4669562.html
jobs.51job.com/all/co4669562.html
jobs.51job.com/all/co4669562.html
jobs.51job.com/all/co4669562.html
jobs.51job.com/all/co4669562.html
jobs.51job.com/all/co4669562.html
jobs.51job.com/all/co4669562.html
jobs.51job.com/all/co4669562.html
jobs.51job.com/all/co4669562.html
jobs.51job.com/all/co612269.html
jobs.51job.com/all/co4430233.html
jobs.51job.com/all/co4364150.html
jobs.51job.com/all/co4329522.html
jobs.51job.com/all/co4130202.html
jobs.51job.com/all/co4768808.html
jobs.51job.com/all/co4768808.html
jobs.51job.com/all/co4768808.html
jobs.51job.com/all/co4768808.html
jobs.51job.com/all/co4768808.html
jobs.51job.com/all/co4768808.html
jobs.51job.com/all/co4768808.html
jobs.51job.com/all/co4768808.html
jobs.51job.com/all/co4768808.html
jobs.51job.com/all/co4768808.html
jobs.51job.com/all/co548285.html
jobs.51job.com/all/co548285.html
jobs.51job.com/all/co4916255.html
jobs.51job.com/all/co4916255.html
jobs.51job.com/all/co4916255.html
jobs.51job.com/all/co4916255.html
jobs.51job.com/all/co4768808.html
jobs.51job.com/all/co4768808.html
jobs.51job.com/all/co4768808.html
jobs.51job.com/all/co2592759.html
jobs.51job.com/all/co4509453.html
jobs.51job.com/all/co4509453.html
jobs.51job.com/all/co4884281.html
jobs.51job.com/all/co2596893.html
jobs.51job.com/all/co2596893.html
jobs.51job.com/all/co2596893.html
jobs.51job.com/all/co4626287.html
jobs.51job.com/all/co4626287.html
jobs.51job.com/all/co4626287.html
jobs.51job.com/all/co3191920.html
jobs.51job.com/all/co3191920.html
jobs.51job.com/all/co3191920.html
jobs.51job.com/all/co3191920.html
jobs.51job.com/all/co3191920.html
jobs.51job.com/all/co3191920.html
jobs.51job.com/all/co3191920.html
jobs.51job.com/all/co4943250.html
jobs.51job.com/all/co2961627.html
jobs.51job.com/all/co2961627.html
jobs.51job.com/all/co2961627.html
jobs.51job.com/all/co2961627.html
jobs.51job.com/all/co2961627.html
jobs.51job.com/all/co2961627.html
jobs.51job.com/all/co4943250.html
jobs.51job.com/all/co4943250.html
jobs.51job.com/all/co4943250.html
jobs.51job.com/all/co4943250.html
jobs.51job.com/all/co3066380.html
jobs.51job.com/all/co3066380.html
jobs.51job.com/all/co3066380.html
jobs.51job.com/all/co3066380.html
jobs.51job.com/all/co3066380.html
jobs.51job.com/all/co3066380.html
jobs.51job.com/all/co3066380.html
jobs.51job.com/all/co3066380.html
jobs.51job.com/all/co3066380.html
jobs.51job.com/all/co3066380.html
jobs.51job.com/all/co3066380.html
jobs.51job.com/all/co3066380.html
jobs.51job.com/all/co2493811.html
jobs.51job.com/all/co2493811.html
jobs.51job.com/all/co2493811.html
jobs.51job.com/all/co2493811.html
jobs.51job.com/all/co2493811.html
jobs.51job.com/all/co2493811.html
jobs.51job.com/all/co2493811.html
jobs.51job.com/all/co2493811.html
jobs.51job.com/all/co2493811.html
jobs.51job.com/all/co3412612.html
jobs.51job.com/all/co3412612.html
jobs.51job.com/all/co3412612.html
jobs.51job.com/all/co3412612.html
jobs.51job.com/all/co3412612.html
jobs.51job.com/all/co3412612.html
jobs.51job.com/all/co3412612.html
jobs.51job.com/all/co3412612.html
jobs.51job.com/all/co3412612.html
jobs.51job.com/all/co3412612.html
jobs.51job.com/all/co3412612.html
jobs.51job.com/all/co3412612.html
jobs.51job.com/all/co3412612.html
jobs.51job.com/all/co3412612.html
jobs.51job.com/all/co3412612.html
jobs.51job.com/all/co3412612.html
jobs.51job.com/all/co3412612.html
jobs.51job.com/all/co3412612.html
jobs.51job.com/all/co3412612.html
jobs.51job.com/all/co3412612.html
jobs.51job.com/all/co3412612.html
jobs.51job.com/all/co3412612.html
jobs.51job.com/all/co3412612.html
jobs.51job.com/all/co3412612.html
jobs.51job.com/all/co3412612.html
jobs.51job.com/all/co3412612.html
jobs.51job.com/all/co3412612.html
jobs.51job.com/all/co3412612.html
jobs.51job.com/all/co3412612.html
jobs.51job.com/all/co3412612.html
jobs.51job.com/all/co3412612.html
jobs.51job.com/all/co3412612.html
jobs.51job.com/all/co3412612.html
jobs.51job.com/all/co3412612.html
jobs.51job.com/all/co3412612.html
jobs.51job.com/all/co3412612.html
jobs.51job.com/all/co3412612.html
jobs.51job.com/all/co3412612.html
jobs.51job.com/all/co3412612.html
jobs.51job.com/all/co3412612.html
jobs.51job.com/all/co3412612.html
jobs.51job.com/all/co3412612.html
jobs.51job.com/all/co3412612.html
jobs.51job.com/all/co3412612.html
jobs.51job.com/all/co3412612.html
jobs.51job.com/all/co4364150.html
jobs.51job.com/all/co4364150.html
jobs.51job.com/all/co3096755.html
jobs.51job.com/all/co3022396.html
jobs.51job.com/all/co3022396.html
jobs.51job.com/all/co3022396.html
jobs.51job.com/all/co3022396.html
jobs.51job.com/all/co4548455.html
jobs.51job.com/all/co3022396.html
jobs.51job.com/all/co4548455.html
jobs.51job.com/all/co4548455.html
jobs.51job.com/all/co4548455.html
jobs.51job.com/all/co4548455.html
jobs.51job.com/all/co4548455.html
jobs.51job.com/all/co4548455.html
jobs.51job.com/all/co4548455.html
jobs.51job.com/all/co2493811.html
jobs.51job.com/all/co2493811.html
jobs.51job.com/all/co2493811.html
jobs.51job.com/all/co2493811.html
jobs.51job.com/all/co2493811.html
jobs.51job.com/all/co2493811.html
jobs.51job.com/all/co4846416.html
jobs.51job.com/all/co3743426.html
jobs.51job.com/all/co4231228.html
jobs.51job.com/all/co4231228.html
jobs.51job.com/all/co4617139.html
jobs.51job.com/all/co4617139.html
jobs.51job.com/all/co2273274.html
jobs.51job.com/all/co2273274.html
jobs.51job.com/all/co2273274.html
jobs.51job.com/all/co2611742.html
jobs.51job.com/all/co4759903.html
jobs.51job.com/all/co4612416.html
jobs.51job.com/all/co3548887.html
jobs.51job.com/all/co3548887.html
jobs.51job.com/all/co3824807.html
jobs.51job.com/all/co4112353.html
jobs.51job.com/all/co4112353.html
jobs.51job.com/all/co4112353.html
jobs.51job.com/all/co2859091.html
jobs.51job.com/all/co3804738.html
jobs.51job.com/all/co2571512.html
jobs.51job.com/all/co3492265.html
jobs.51job.com/all/co2989048.html
jobs.51job.com/all/co2611742.html
jobs.51job.com/all/co2611742.html
jobs.51job.com/all/co4612416.html
jobs.51job.com/all/co4612416.html
jobs.51job.com/all/co4612416.html
jobs.51job.com/all/co4549571.html
jobs.51job.com/all/co4549571.html
jobs.51job.com/all/co4112353.html
jobs.51job.com/all/co4112353.html
jobs.51job.com/all/co4112353.html
jobs.51job.com/all/co4112353.html
jobs.51job.com/all/co2280847.html
jobs.51job.com/all/co4737949.html
jobs.51job.com/all/co4737949.html
jobs.51job.com/all/co4714075.html
jobs.51job.com/all/co2536240.html
jobs.51job.com/all/co4714075.html
jobs.51job.com/all/co2536240.html
jobs.51job.com/all/co4605206.html
jobs.51job.com/all/co4198939.html
jobs.51job.com/all/co2753271.html
jobs.51job.com/all/co3492265.html
jobs.51job.com/all/co4337943.html
jobs.51job.com/all/co4008823.html
jobs.51job.com/all/co4008823.html
jobs.51job.com/all/co3713684.html
jobs.51job.com/all/co3713684.html
jobs.51job.com/all/co3713684.html
jobs.51job.com/all/co3830812.html
jobs.51job.com/all/co4920658.html
jobs.51job.com/all/co849392.html
jobs.51job.com/all/co2438755.html
jobs.51job.com/all/co3186825.html
jobs.51job.com/all/co2710732.html
jobs.51job.com/all/co3928629.html
jobs.51job.com/all/co3928629.html
jobs.51job.com/all/co2275067.html
jobs.51job.com/all/co2275067.html
jobs.51job.com/all/co2275067.html
jobs.51job.com/all/co4130441.html
jobs.51job.com/all/co4130441.html
jobs.51job.com/all/co4130441.html
jobs.51job.com/all/co4652558.html
jobs.51job.com/all/co4434738.html
jobs.51job.com/all/co4030883.html
jobs.51job.com/all/co4030883.html
jobs.51job.com/all/co300472.html
jobs.51job.com/all/co3901949.html
jobs.51job.com/all/co3901949.html
jobs.51job.com/all/co4315619.html
jobs.51job.com/all/co4315619.html
jobs.51job.com/all/co4315619.html
jobs.51job.com/all/co4002088.html
jobs.51job.com/all/co4002088.html
jobs.51job.com/all/co4002088.html
jobs.51job.com/all/co4002088.html
jobs.51job.com/all/co4002088.html
jobs.51job.com/all/co4002088.html
jobs.51job.com/all/co4002088.html
jobs.51job.com/all/co4002088.html
jobs.51job.com/all/co4002088.html
jobs.51job.com/all/co4002088.html
jobs.51job.com/all/co4002088.html
jobs.51job.com/all/co4002088.html
jobs.51job.com/all/co4002088.html
jobs.51job.com/all/co4002088.html
jobs.51job.com/all/co4002088.html
jobs.51job.com/all/co4002088.html
jobs.51job.com/all/co4002088.html
jobs.51job.com/all/co4002088.html
jobs.51job.com/all/co4002088.html
jobs.51job.com/all/co4002088.html
jobs.51job.com/all/co4002088.html
jobs.51job.com/all/co4002088.html
jobs.51job.com/all/co4002088.html
jobs.51job.com/all/co4002088.html
jobs.51job.com/all/co4002088.html
jobs.51job.com/all/co4002088.html
jobs.51job.com/all/co4002088.html
jobs.51job.com/all/co3235780.html
jobs.51job.com/all/co1344979.html
jobs.51job.com/all/co2736588.html
jobs.51job.com/all/co2736588.html
jobs.51job.com/all/co2736588.html
jobs.51job.com/all/co2736588.html
jobs.51job.com/all/co2736588.html
jobs.51job.com/all/co2736588.html
jobs.51job.com/all/co2451068.html
jobs.51job.com/all/co2451068.html
jobs.51job.com/all/co3832967.html
jobs.51job.com/all/co3832967.html
jobs.51job.com/all/co4772933.html
jobs.51job.com/all/co2718654.html
jobs.51job.com/all/co3142028.html
jobs.51job.com/all/co1175669.html
jobs.51job.com/all/co3142028.html
jobs.51job.com/all/co3142028.html
jobs.51job.com/all/co3535200.html
jobs.51job.com/all/co3535200.html
jobs.51job.com/all/co3416873.html
jobs.51job.com/all/co2603985.html
jobs.51job.com/all/co2603985.html
jobs.51job.com/all/co2603985.html
jobs.51job.com/all/co4401743.html
jobs.51job.com/all/co3468903.html
jobs.51job.com/all/co3468903.html
jobs.51job.com/all/co3468903.html
jobs.51job.com/all/co3428886.html
jobs.51job.com/all/co2117789.html
jobs.51job.com/all/co4454031.html
jobs.51job.com/all/co4617139.html
jobs.51job.com/all/co4617139.html
jobs.51job.com/all/co4617139.html
jobs.51job.com/all/co4617139.html
jobs.51job.com/all/co2665304.html
jobs.51job.com/all/co4282373.html
jobs.51job.com/all/co4786118.html
jobs.51job.com/all/co4155630.html
jobs.51job.com/all/co4561770.html
jobs.51job.com/all/co2611742.html
jobs.51job.com/all/co2611742.html
jobs.51job.com/all/co3291110.html
jobs.51job.com/all/co3291110.html
jobs.51job.com/all/co3291110.html
jobs.51job.com/all/co3928629.html
jobs.51job.com/all/co3604259.html
jobs.51job.com/all/co3604259.html
jobs.51job.com/all/co2402429.html
jobs.51job.com/all/co2689728.html
jobs.51job.com/all/co3916837.html
jobs.51job.com/all/co3916837.html
jobs.51job.com/all/co3108926.html
jobs.51job.com/all/co3916837.html
jobs.51job.com/all/co3916837.html
jobs.51job.com/all/co3916837.html
jobs.51job.com/all/co3916837.html
jobs.51job.com/all/co854724.html
jobs.51job.com/all/co2811795.html
jobs.51job.com/all/co2811795.html
jobs.51job.com/all/co2376137.html
jobs.51job.com/all/co2376137.html
jobs.51job.com/all/co2376137.html
jobs.51job.com/all/co2376137.html
jobs.51job.com/all/co2958038.html
jobs.51job.com/all/co3934217.html
jobs.51job.com/all/co3934217.html
jobs.51job.com/all/co3934217.html
jobs.51job.com/all/co3934217.html
jobs.51job.com/all/co3934217.html
jobs.51job.com/all/co3934217.html
jobs.51job.com/all/co3934217.html
jobs.51job.com/all/co3934217.html
jobs.51job.com/all/co193349.html
jobs.51job.com/all/co4653625.html
jobs.51job.com/all/co4653625.html
jobs.51job.com/all/co4653625.html
jobs.51job.com/all/co4653625.html
jobs.51job.com/all/co505375.html
jobs.51job.com/all/co2776594.html
jobs.51job.com/all/co2776594.html
jobs.51job.com/all/co378082.html
jobs.51job.com/all/co2916532.html
jobs.51job.com/all/co2916532.html
jobs.51job.com/all/co2812802.html
jobs.51job.com/all/co2812802.html
jobs.51job.com/all/co2812802.html
jobs.51job.com/all/co2812802.html
jobs.51job.com/all/co612269.html
jobs.51job.com/all/co2467911.html
jobs.51job.com/all/co2467911.html
jobs.51job.com/all/co2299127.html
jobs.51job.com/all/co2299127.html
jobs.51job.com/all/co3487519.html
jobs.51job.com/all/co4581382.html
jobs.51job.com/all/co4581382.html
jobs.51job.com/all/co4581382.html
jobs.51job.com/all/co4581382.html
jobs.51job.com/all/co4581382.html
jobs.51job.com/all/co4581382.html
jobs.51job.com/all/co4581382.html
jobs.51job.com/all/co4581382.html
jobs.51job.com/all/co4866782.html
jobs.51job.com/all/co4866782.html
jobs.51job.com/all/co3527448.html
jobs.51job.com/all/co228161.html
jobs.51job.com/all/co228161.html
jobs.51job.com/all/co2547536.html
jobs.51job.com/all/co2910007.html
jobs.51job.com/all/co2656992.html
jobs.51job.com/all/co3002239.html
jobs.51job.com/all/co3002239.html
jobs.51job.com/all/co3002239.html
jobs.51job.com/all/co3002239.html
jobs.51job.com/all/co3002239.html
jobs.51job.com/all/co3339528.html
thyssenkrupp.51job.com
thyssenkrupp.51job.com
thyssenkrupp.51job.com
thyssenkrupp.51job.com
jobs.51job.com/all/co2570360.html
jobs.51job.com/all/co3545620.html
jobs.51job.com/all/co4041601.html
roche.51job.com/
jobs.51job.com/all/co4881026.html
jobs.51job.com/all/co4884281.html
jobs.51job.com/all/co3561458.html
jobs.51job.com/all/co2909561.html
jobs.51job.com/all/co2909561.html
jobs.51job.com/all/co2909561.html
jobs.51job.com/all/co2909561.html
jobs.51job.com/all/co2909561.html
jobs.51job.com/all/co2909561.html
jobs.51job.com/all/co2909561.html
jobs.51job.com/all/co2909561.html
jobs.51job.com/all/co2909561.html
jobs.51job.com/all/co2909561.html
jobs.51job.com/all/co2909561.html
jobs.51job.com/all/co2909561.html
jobs.51job.com/all/co2909561.html
jobs.51job.com/all/co2909561.html
jobs.51job.com/all/co2909561.html
jobs.51job.com/all/co2909561.html
jobs.51job.com/all/co2909561.html
jobs.51job.com/all/co2909561.html
jobs.51job.com/all/co2909561.html
jobs.51job.com/all/co2909561.html
jobs.51job.com/all/co2909561.html
jobs.51job.com/all/co2909561.html
jobs.51job.com/all/co2909561.html
jobs.51job.com/all/co2909561.html
jobs.51job.com/all/co2909561.html
jobs.51job.com/all/co2909561.html
jobs.51job.com/all/co2909561.html
jobs.51job.com/all/co2909561.html
jobs.51job.com/all/co4831539.html
jobs.51job.com/all/co4831539.html
jobs.51job.com/all/co4298775.html
jobs.51job.com/all/co4795017.html
jobs.51job.com/all/co3580986.html
jobs.51job.com/all/co4739634.html
jobs.51job.com/all/co4739634.html
jobs.51job.com/all/co4739634.html
jobs.51job.com/all/co4739634.html
jobs.51job.com/all/co4739634.html
jobs.51job.com/all/co4739634.html
jobs.51job.com/all/co4739634.html
jobs.51job.com/all/co4739634.html
jobs.51job.com/all/co4739634.html
jobs.51job.com/all/co4739634.html
jobs.51job.com/all/co4739634.html
jobs.51job.com/all/co4739634.html
jobs.51job.com/all/co4112353.html
jobs.51job.com/all/co2582409.html
jobs.51job.com/all/co2582409.html
jobs.51job.com/all/co3928629.html
jobs.51job.com/all/co3928629.html
jobs.51job.com/all/co135210.html
jobs.51job.com/all/co135210.html
jobs.51job.com/all/co135210.html
jobs.51job.com/all/co135210.html
jobs.51job.com/all/co3803068.html
jobs.51job.com/all/co3803068.html
jobs.51job.com/all/co4714075.html
jobs.51job.com/all/co4714075.html
jobs.51job.com/all/co4753142.html
jobs.51job.com/all/co4674694.html
jobs.51job.com/all/co2477619.html
jobs.51job.com/all/co2477619.html
jobs.51job.com/all/co3497939.html
jobs.51job.com/all/co3497939.html
jobs.51job.com/all/co2853662.html
jobs.51job.com/all/co4504614.html
jobs.51job.com/all/co4504614.html
jobs.51job.com/all/co4504614.html
jobs.51job.com/all/co2624423.html
jobs.51job.com/all/co2624423.html
jobs.51job.com/all/co4831539.html
jobs.51job.com/all/co2843743.html
jobs.51job.com/all/co2843743.html
jobs.51job.com/all/co2843743.html
jobs.51job.com/all/co3902926.html
jobs.51job.com/all/co3902926.html
jobs.51job.com/all/co3902926.html
jobs.51job.com/all/co3902926.html
jobs.51job.com/all/co3902926.html
jobs.51job.com/all/co3902926.html
jobs.51job.com/all/co3902926.html
jobs.51job.com/all/co3902926.html
jobs.51job.com/all/co3902926.html
jobs.51job.com/all/co3902926.html
jobs.51job.com/all/co3902926.html
jobs.51job.com/all/co3902926.html
jobs.51job.com/all/co3358987.html
jobs.51job.com/all/co3928629.html
jobs.51job.com/all/co3928629.html
jobs.51job.com/all/co4112353.html
jobs.51job.com/all/co4112353.html
jobs.51job.com/all/co4112353.html
jobs.51job.com/all/co4112353.html
jobs.51job.com/all/co4112353.html
jobs.51job.com/all/co4112353.html
jobs.51job.com/all/co4112353.html
jobs.51job.com/all/co4112353.html
jobs.51job.com/all/co4112353.html
jobs.51job.com/all/co4112353.html
jobs.51job.com/all/co4112353.html
jobs.51job.com/all/co4112353.html
jobs.51job.com/all/co4112353.html
jobs.51job.com/all/co4112353.html
jobs.51job.com/all/co4112353.html
jobs.51job.com/all/co4112353.html
jobs.51job.com/all/co4112353.html
jobs.51job.com/all/co4112353.html
jobs.51job.com/all/co4881026.html
jobs.51job.com/all/co4066632.html
jobs.51job.com/all/co2514189.html
jobs.51job.com/all/co2409738.html
jobs.51job.com/all/co3443591.html
jobs.51job.com/all/co129912.html
jobs.51job.com/all/co475763.html
jobs.51job.com/all/co4105472.html
jobs.51job.com/all/co2397925.html
jobs.51job.com/all/co4740953.html
jobs.51job.com/all/co743890.html
jobs.51job.com/all/co4219101.html
jobs.51job.com/all/co4219101.html
jobs.51job.com/all/co2614173.html
jobs.51job.com/all/co2706903.html
jobs.51job.com/all/co2706903.html
jobs.51job.com/all/co2706903.html
jobs.51job.com/all/co2706903.html
jobs.51job.com/all/co2706903.html
jobs.51job.com/all/co2706903.html
jobs.51job.com/all/co3521906.html
jobs.51job.com/all/co4549329.html
jobs.51job.com/all/co4549329.html
jobs.51job.com/all/co4549329.html
jobs.51job.com/all/co3291422.html
jobs.51job.com/all/co3857405.html
jobs.51job.com/all/co4858108.html
jobs.51job.com/all/co4549329.html
jobs.51job.com/all/co4549329.html
jobs.51job.com/all/co4549329.html
jobs.51job.com/all/co4549329.html
jobs.51job.com/all/co4549329.html
jobs.51job.com/all/co3872947.html
jobs.51job.com/all/co3872947.html
jobs.51job.com/all/co3872947.html
jobs.51job.com/all/co3872947.html
jobs.51job.com/all/co3872947.html
jobs.51job.com/all/co4549329.html
jobs.51job.com/all/co4549329.html
jobs.51job.com/all/co2453656.html
jobs.51job.com/all/co2453656.html
jobs.51job.com/all/co2453656.html
jobs.51job.com/all/co2453656.html
jobs.51job.com/all/co2453656.html
jobs.51job.com/all/co2453656.html
jobs.51job.com/all/co2453656.html
jobs.51job.com/all/co4536265.html
jobs.51job.com/all/co4536265.html
jobs.51job.com/all/co4882110.html
jobs.51job.com/all/co4701659.html
jobs.51job.com/all/co4701659.html
jobs.51job.com/all/co4701659.html
jobs.51job.com/all/co4136736.html
jobs.51job.com/all/co4136736.html
jobs.51job.com/all/co4136736.html
jobs.51job.com/all/co4136736.html
jobs.51job.com/all/co3784268.html
jobs.51job.com/all/co2734615.html
jobs.51job.com/all/co2630239.html
jobs.51job.com/all/co2630239.html
jobs.51job.com/all/co2630239.html
jobs.51job.com/all/co2630239.html
jobs.51job.com/all/co4430233.html
jobs.51job.com/all/co4430233.html
jobs.51job.com/all/co4430233.html
jobs.51job.com/all/co4701659.html
jobs.51job.com/all/co4701659.html
jobs.51job.com/all/co4701659.html
jobs.51job.com/all/co238206.html
jobs.51job.com/all/co238206.html
jobs.51job.com/all/co238206.html
jobs.51job.com/all/co2532880.html
jobs.51job.com/all/co2532880.html
jobs.51job.com/all/co2532880.html
jobs.51job.com/all/co2607011.html
jobs.51job.com/all/co2820580.html
jobs.51job.com/all/co2820580.html
jobs.51job.com/all/co2317666.html
jobs.51job.com/all/co2731965.html
jobs.51job.com/all/co3804738.html
jobs.51job.com/all/co3804738.html
jobs.51job.com/all/co2542833.html
jobs.51job.com/all/co2542833.html
jobs.51job.com/all/co2451045.html
jobs.51job.com/all/co2451045.html
jobs.51job.com/all/co2451045.html
jobs.51job.com/all/co4275136.html
jobs.51job.com/all/co4275136.html
jobs.51job.com/all/co3731609.html
jobs.51job.com/all/co3731609.html
jobs.51job.com/all/co3731609.html
jobs.51job.com/all/co3731609.html
jobs.51job.com/all/co3731609.html
jobs.51job.com/all/co3492265.html
jobs.51job.com/all/co2448065.html
jobs.51job.com/all/co2448065.html
jobs.51job.com/all/co2448065.html
jobs.51job.com/all/co2448065.html
jobs.51job.com/all/co2448065.html
jobs.51job.com/all/co2448065.html
jobs.51job.com/all/co2448065.html
jobs.51job.com/all/co2448065.html
jobs.51job.com/all/co2448065.html
jobs.51job.com/all/co2453656.html
jobs.51job.com/all/co2453656.html
jobs.51job.com/all/co2453656.html
jobs.51job.com/all/co2453656.html
jobs.51job.com/all/co4718390.html
jobs.51job.com/all/co4718390.html
jobs.51job.com/all/co3282381.html
jobs.51job.com/all/co2567876.html
jobs.51job.com/all/co2567876.html
jobs.51job.com/all/co2567876.html
jobs.51job.com/all/co2567876.html
jobs.51job.com/all/co2567876.html
jobs.51job.com/all/co2567876.html
jobs.51job.com/all/co2567876.html
jobs.51job.com/all/co2567876.html
jobs.51job.com/all/co2567876.html
jobs.51job.com/all/co2567876.html
jobs.51job.com/all/co2708806.html
jobs.51job.com/all/co2708806.html
jobs.51job.com/all/co111336.html
jobs.51job.com/all/co2806511.html
jobs.51job.com/all/co2806511.html
jobs.51job.com/all/co2806511.html
jobs.51job.com/all/co2806511.html
jobs.51job.com/all/co688477.html
jobs.51job.com/all/co688477.html
jobs.51job.com/all/co2607011.html
jobs.51job.com/all/co4537819.html
jobs.51job.com/all/co4104266.html
jobs.51job.com/all/co4198939.html
jobs.51job.com/all/co2963589.html
jobs.51job.com/all/co2963589.html
jobs.51job.com/all/co4412474.html
jobs.51job.com/all/co4412474.html
jobs.51job.com/all/co4456208.html
jobs.51job.com/all/co147558.html
jobs.51job.com/all/co147558.html
jobs.51job.com/all/co147558.html
jobs.51job.com/all/co147558.html
jobs.51job.com/all/co147558.html
jobs.51job.com/all/co147558.html
jobs.51job.com/all/co147558.html
jobs.51job.com/all/co4830191.html
jobs.51job.com/all/co4830191.html
jobs.51job.com/all/co4830191.html
jobs.51job.com/all/co4830191.html
jobs.51job.com/all/co4830191.html
jobs.51job.com/all/co2473688.html
jobs.51job.com/all/co2473688.html
jobs.51job.com/all/co2473688.html
jobs.51job.com/all/co2473688.html
jobs.51job.com/all/co2473688.html
jobs.51job.com/all/co2473688.html
jobs.51job.com/all/co2473688.html
jobs.51job.com/all/co2473688.html
jobs.51job.com/all/co2473688.html
jobs.51job.com/all/co4270359.html
jobs.51job.com/all/co4270359.html
jobs.51job.com/all/co4368852.html
jobs.51job.com/all/co2680683.html
jobs.51job.com/all/co4511443.html
jobs.51job.com/all/co4456868.html
jobs.51job.com/all/co3872767.html
jobs.51job.com/all/co2865212.html
jobs.51job.com/all/co3294664.html
jobs.51job.com/all/co3748770.html
jobs.51job.com/all/co3796903.html
jobs.51job.com/all/co4115901.html
jobs.51job.com/all/co3706408.html
jobs.51job.com/all/co3610872.html
jobs.51job.com/all/co3610872.html
jobs.51job.com/all/co3033205.html
jobs.51job.com/all/co4791602.html
jobs.51job.com/all/co106423.html
jobs.51job.com/all/co106423.html
jobs.51job.com/all/co106423.html
jobs.51job.com/all/co106423.html
jobs.51job.com/all/co106423.html
jobs.51job.com/all/co106423.html
jobs.51job.com/all/co106423.html
jobs.51job.com/all/co106423.html
jobs.51job.com/all/co106423.html
jobs.51job.com/all/co106423.html
jobs.51job.com/all/co2271957.html
jobs.51job.com/all/co4648506.html
jobs.51job.com/all/co4648506.html
jobs.51job.com/all/co3216057.html
jobs.51job.com/all/co3216057.html
jobs.51job.com/all/co3221180.html
jobs.51job.com/all/co3221180.html
jobs.51job.com/all/co2841514.html
jobs.51job.com/all/co3531424.html
jobs.51job.com/all/co3531424.html
jobs.51job.com/all/co4198939.html
jobs.51job.com/all/co4198939.html
jobs.51job.com/all/co4198939.html
jobs.51job.com/all/co4884198.html
jobs.51job.com/all/co4884198.html
jobs.51job.com/all/co4372857.html
jobs.51job.com/all/co2819983.html
jobs.51job.com/all/co3034184.html
jobs.51job.com/all/co2502104.html
jobs.51job.com/all/co2502104.html
jobs.51job.com/all/co2502104.html
jobs.51job.com/all/co2502104.html
jobs.51job.com/all/co2502104.html
jobs.51job.com/all/co2502104.html
jobs.51job.com/all/co2502104.html
jobs.51job.com/all/co2502104.html
jobs.51job.com/all/co2502104.html
jobs.51job.com/all/co3817243.html
jobs.51job.com/all/co2273274.html
jobs.51job.com/all/co2273274.html
jobs.51job.com/all/co2273274.html
jobs.51job.com/all/co2273274.html
jobs.51job.com/all/co3190051.html
jobs.51job.com/all/co3429255.html
jobs.51job.com/all/co4771994.html
jobs.51job.com/all/co4518520.html
jobs.51job.com/all/co4518520.html
jobs.51job.com/all/co2219414.html
jobs.51job.com/all/co2219414.html
jobs.51job.com/all/co2219414.html
jobs.51job.com/all/co127957.html
jobs.51job.com/all/co4809911.html
jobs.51job.com/all/co2571512.html
jobs.51job.com/all/co1985957.html
jobs.51job.com/all/co1985957.html
jobs.51job.com/all/co4616663.html
jobs.51job.com/all/co4273943.html
jobs.51job.com/all/co114531.html
jobs.51job.com/all/co114531.html
jobs.51job.com/all/co3468367.html
jobs.51job.com/all/co3468367.html
jobs.51job.com/all/co3468367.html
jobs.51job.com/all/co3468367.html
jobs.51job.com/all/co3794556.html
jobs.51job.com/all/co3794556.html
jobs.51job.com/all/co2687960.html
jobs.51job.com/all/co3529840.html
jobs.51job.com/all/co3906592.html
jobs.51job.com/all/co3033205.html
jobs.51job.com/all/co3033205.html
jobs.51job.com/all/co3033205.html
jobs.51job.com/all/co3033205.html
jobs.51job.com/all/co2784019.html
jobs.51job.com/all/co4550986.html
jobs.51job.com/all/co4550986.html
jobs.51job.com/all/co4550986.html
jobs.51job.com/all/co350012.html
jobs.51job.com/all/co4251484.html
jobs.51job.com/all/co4007431.html
jobs.51job.com/all/co135210.html
jobs.51job.com/all/co3817243.html
jobs.51job.com/all/co4757821.html
jobs.51job.com/all/co4506381.html
jobs.51job.com/all/co3817243.html
jobs.51job.com/all/co135210.html
jobs.51job.com/all/co135210.html
jobs.51job.com/all/co3107017.html
jobs.51job.com/all/co3107017.html
jobs.51job.com/all/co4905863.html
jobs.51job.com/all/co2145307.html
jobs.51job.com/all/co4130202.html
jobs.51job.com/all/co4130202.html
jobs.51job.com/all/co4130202.html
jobs.51job.com/all/co4130202.html
jobs.51job.com/all/co4130202.html
jobs.51job.com/all/co4615986.html
jobs.51job.com/all/co4615986.html
jobs.51job.com/all/co4615986.html
jobs.51job.com/all/co3491595.html
jobs.51job.com/all/co3840758.html
jobs.51job.com/all/co4352148.html
jobs.51job.com/all/co3706408.html
jobs.51job.com/all/co3706408.html
jobs.51job.com/all/co3706408.html
jobs.51job.com/all/co4824757.html
jobs.51job.com/all/co135210.html
jobs.51job.com/all/co135210.html
jobs.51job.com/all/co2937824.html
jobs.51job.com/all/co2937824.html
jobs.51job.com/all/co2937824.html
jobs.51job.com/all/co2937824.html
jobs.51job.com/all/co2937824.html
jobs.51job.com/all/co161060.html
jobs.51job.com/all/co3706223.html
jobs.51job.com/all/co3325468.html
jobs.51job.com/all/co3325468.html
jobs.51job.com/all/co4690794.html
jobs.51job.com/all/co4297413.html
jobs.51job.com/all/co4854914.html
jobs.51job.com/all/co2546282.html
jobs.51job.com/all/co2546282.html
jobs.51job.com/all/co2546282.html
jobs.51job.com/all/co2546282.html
jobs.51job.com/all/co2546282.html
jobs.51job.com/all/co4854914.html
jobs.51job.com/all/co4854914.html
jobs.51job.com/all/co3048126.html
jobs.51job.com/all/co3048126.html
jobs.51job.com/all/co3048126.html
jobs.51job.com/all/co3048126.html
jobs.51job.com/all/co4890901.html
jobs.51job.com/all/co2460871.html
jobs.51job.com/all/co2460871.html
jobs.51job.com/all/co4901835.html
jobs.51job.com/all/co3260354.html
jobs.51job.com/all/co4471195.html
jobs.51job.com/all/co4471195.html
jobs.51job.com/all/co4005273.html
jobs.51job.com/all/co4664950.html
jobs.51job.com/all/co4664950.html
jobs.51job.com/all/co4664950.html
jobs.51job.com/all/co3279816.html
jobs.51job.com/all/co3279816.html
jobs.51job.com/all/co4604851.html
jobs.51job.com/all/co4604851.html
jobs.51job.com/all/co3291110.html
jobs.51job.com/all/co4068753.html
jobs.51job.com/all/co4068753.html
jobs.51job.com/all/co4365362.html
jobs.51job.com/all/co3547493.html
jobs.51job.com/all/co3547493.html
jobs.51job.com/all/co2592759.html
jobs.51job.com/all/co2592759.html
jobs.51job.com/all/co2220020.html
jobs.51job.com/all/co2850931.html
jobs.51job.com/all/co2467295.html
jobs.51job.com/all/co2298143.html
jobs.51job.com/all/co4005273.html
jobs.51job.com/all/co4283000.html
jobs.51job.com/all/co3895663.html
jobs.51job.com/all/co2596893.html
jobs.51job.com/all/co2596893.html
jobs.51job.com/all/co2697781.html
jobs.51job.com/all/co4146494.html
jobs.51job.com/all/co4146494.html
jobs.51job.com/all/co2513462.html
jobs.51job.com/all/co3120971.html
jobs.51job.com/all/co3120971.html
jobs.51job.com/all/co3120971.html
jobs.51job.com/all/co3120971.html
jobs.51job.com/all/co3120971.html
jobs.51job.com/all/co3120971.html
jobs.51job.com/all/co3120971.html
jobs.51job.com/all/co4626287.html
jobs.51job.com/all/co4626287.html
jobs.51job.com/all/co4665042.html
jobs.51job.com/all/co4838758.html
jobs.51job.com/all/co3037631.html
jobs.51job.com/all/co3037631.html
jobs.51job.com/all/co4738033.html
jobs.51job.com/all/co4738033.html
jobs.51job.com/all/co4738033.html
jobs.51job.com/all/co4738033.html
jobs.51job.com/all/co4738033.html
jobs.51job.com/all/co3271851.html
jobs.51job.com/all/co3059729.html
jobs.51job.com/all/co3059729.html
jobs.51job.com/all/co3059729.html
jobs.51job.com/all/co3059729.html
jobs.51job.com/all/co3059729.html
jobs.51job.com/all/co3059729.html
jobs.51job.com/all/co3059729.html
jobs.51job.com/all/co3059729.html
jobs.51job.com/all/co3059729.html
jobs.51job.com/all/co3059729.html
jobs.51job.com/all/co3059729.html
jobs.51job.com/all/co3059729.html
jobs.51job.com/all/co3059729.html
jobs.51job.com/all/co3059729.html
jobs.51job.com/all/co3059729.html
jobs.51job.com/all/co3059729.html
jobs.51job.com/all/co3059729.html
jobs.51job.com/all/co3059729.html
jobs.51job.com/all/co3059729.html
jobs.51job.com/all/co3059729.html
jobs.51job.com/all/co3059729.html
jobs.51job.com/all/co3059729.html
jobs.51job.com/all/co3059729.html
jobs.51job.com/all/co3059729.html
jobs.51job.com/all/co3059729.html
jobs.51job.com/all/co4267122.html
jobs.51job.com/all/co4267122.html
jobs.51job.com/all/co4675439.html
jobs.51job.com/all/co4675439.html
jobs.51job.com/all/co4266237.html
jobs.51job.com/all/co4266237.html
jobs.51job.com/all/co4266237.html
jobs.51job.com/all/co4874605.html
jobs.51job.com/all/co3383744.html
jobs.51job.com/all/co3383744.html
jobs.51job.com/all/co3764165.html
jobs.51job.com/all/co3764165.html
jobs.51job.com/all/co2771747.html
jobs.51job.com/all/co3945208.html
jobs.51job.com/all/co3945208.html
jobs.51job.com/all/co3142028.html
jobs.51job.com/all/co3142028.html
jobs.51job.com/all/co300472.html
jobs.51job.com/all/co4245691.html
jobs.51job.com/all/co4245691.html
jobs.51job.com/all/co3033205.html
jobs.51job.com/all/co4703003.html
jobs.51job.com/all/co4703003.html
jobs.51job.com/all/co4703003.html
jobs.51job.com/all/co4703003.html
jobs.51job.com/all/co3545620.html
jobs.51job.com/all/co3754987.html
jobs.51job.com/all/co3754987.html
jobs.51job.com/all/co3754987.html
jobs.51job.com/all/co3754987.html
jobs.51job.com/all/co3754987.html
jobs.51job.com/all/co4685485.html
jobs.51job.com/all/co100934.html
jobs.51job.com/all/co3325468.html
jobs.51job.com/all/co3325468.html
jobs.51job.com/all/co4726564.html
jobs.51job.com/all/co4495297.html
jobs.51job.com/all/co4495297.html
jobs.51job.com/all/co4495297.html
jobs.51job.com/all/co4495297.html
jobs.51job.com/all/co4495297.html
jobs.51job.com/all/co4495297.html
jobs.51job.com/all/co4495297.html
jobs.51job.com/all/co4495297.html
jobs.51job.com/all/co4495297.html
jobs.51job.com/all/co4495297.html
jobs.51job.com/all/co3024319.html
jobs.51job.com/all/co3024319.html
jobs.51job.com/all/co4371094.html
jobs.51job.com/all/co2126349.html
jobs.51job.com/all/co4333032.html
jobs.51job.com/all/co2560050.html
jobs.51job.com/all/co2683322.html
jobs.51job.com/all/co2560050.html
jobs.51job.com/all/co2560050.html
jobs.51job.com/all/co2560050.html
jobs.51job.com/all/co2783096.html
jobs.51job.com/all/co4831118.html
jobs.51job.com/all/co3872947.html
jobs.51job.com/all/co3191920.html
jobs.51job.com/all/co3191920.html
jobs.51job.com/all/co688477.html
jobs.51job.com/all/co688477.html
jobs.51job.com/all/co688477.html
jobs.51job.com/all/co3702074.html
sfzhaopin.51job.com
sfzhaopin.51job.com
jobs.51job.com/all/co3412612.html
jobs.51job.com/all/co3412612.html
jobs.51job.com/all/co4298775.html
jobs.51job.com/all/co4674694.html
jobs.51job.com/all/co3845630.html
jobs.51job.com/all/co306536.html
jobs.51job.com/all/co2739555.html
jobs.51job.com/all/co3816472.html
jobs.51job.com/all/co4626158.html
jobs.51job.com/all/co3221180.html
jobs.51job.com/all/co2543556.html
jobs.51job.com/all/co135210.html
jobs.51job.com/all/co135210.html
jobs.51job.com/all/co3383744.html
jobs.51job.com/all/co3805420.html
jobs.51job.com/all/co3805420.html
jobs.51job.com/all/co3805420.html
jobs.51job.com/all/co3805420.html
jobs.51job.com/all/co3805420.html
jobs.51job.com/all/co3805420.html
jobs.51job.com/all/co3805420.html
jobs.51job.com/all/co3805420.html
jobs.51job.com/all/co3805420.html
jobs.51job.com/all/co3805420.html
jobs.51job.com/all/co3805420.html
jobs.51job.com/all/co3805420.html
jobs.51job.com/all/co3805420.html
jobs.51job.com/all/co3805420.html
jobs.51job.com/all/co3805420.html
jobs.51job.com/all/co3805420.html
jobs.51job.com/all/co3805420.html
jobs.51job.com/all/co3805420.html
