jobs.51job.com/all/co4519288.html
jobs.51job.com/all/co2661564.html
jobs.51job.com/all/co4187932.html
jobs.51job.com/all/co2507622.html
jobs.51job.com/all/co2918328.html
jobs.51job.com/all/co8691.html
jobs.51job.com/all/co2459801.html
jobs.51job.com/all/co4669562.html
jobs.51job.com/all/co4360045.html
jobs.51job.com/all/co4574507.html
jobs.51job.com/all/co2692113.html
jobs.51job.com/all/co2226837.html
jobs.51job.com/all/co2584718.html
jobs.51job.com/all/co4651132.html
jobs.51job.com/all/co3905850.html
jobs.51job.com/all/co3203870.html
jobs.51job.com/all/co4897090.html
jobs.51job.com/all/co2014916.html
jobs.51job.com/all/co4153155.html
jobs.51job.com/all/co4847987.html
jobs.51job.com/all/co3096755.html
jobs.51job.com/all/co4087962.html
jobs.51job.com/all/co4927019.html
jobs.51job.com/all/co2720873.html
jobs.51job.com/all/co4768527.html
jobs.51job.com/all/co211589.html
jobs.51job.com/all/co370099.html
jobs.51job.com/all/co2373891.html
jobs.51job.com/all/co4095759.html
jobs.51job.com/all/co312830.html
jobs.51job.com/all/co2812802.html
jobs.51job.com/all/co2449311.html
jobs.51job.com/all/co4815043.html
jobs.51job.com/all/co3520751.html
jobs.51job.com/all/co4604051.html
jobs.51job.com/all/co279126.html
jobs.51job.com/all/co2900703.html
jobs.51job.com/all/co1146131.html
jobs.51job.com/all/co2233154.html
jobs.51job.com/all/co2987584.html
jobs.51job.com/all/co4932088.html
jobs.51job.com/all/co4796018.html
jobs.51job.com/all/co2518719.html
jobs.51job.com/all/co3832422.html
jobs.51job.com/all/co4467577.html
jobs.51job.com/all/co2335572.html
jobs.51job.com/all/co4826557.html
jobs.51job.com/all/co1997504.html
jobs.51job.com/all/co2194832.html
jobs.51job.com/all/co4450475.html
jobs.51job.com/all/co4604106.html
jobs.51job.com/all/co2769474.html
jobs.51job.com/all/co3801996.html
jobs.51job.com/all/co3506979.html
jobs.51job.com/all/co3062945.html
jobs.51job.com/all/co2829148.html
jobs.51job.com/all/co153791.html
jobs.51job.com/all/co141347.html
jobs.51job.com/all/co3887586.html
jobs.51job.com/all/co101549.html
jobs.51job.com/all/co4156956.html
jobs.51job.com/all/co3197238.html
jobs.51job.com/all/co3352286.html
jobs.51job.com/all/co3596517.html
jobs.51job.com/all/co2544545.html
jobs.51job.com/all/co4734673.html
jobs.51job.com/all/co4060523.html
jobs.51job.com/all/co1628803.html
jobs.51job.com/all/co300472.html
jobs.51job.com/all/co2653132.html
jobs.51job.com/all/co3901949.html
jobs.51job.com/all/co4002088.html
jobs.51job.com/all/co3783542.html
jobs.51job.com/all/co3964432.html
jobs.51job.com/all/co2736588.html
jobs.51job.com/all/co2605128.html
jobs.51job.com/all/co4772933.html
jobs.51job.com/all/co2718654.html
jobs.51job.com/all/co2003353.html
jobs.51job.com/all/co3535200.html
jobs.51job.com/all/co2565112.html
jobs.51job.com/all/co3556118.html
jobs.51job.com/all/co3428886.html
jobs.51job.com/all/co3541250.html
jobs.51job.com/all/co4091400.html
jobs.51job.com/all/co2057549.html
jobs.51job.com/all/co2174547.html
jobs.51job.com/all/co2515873.html
jobs.51job.com/all/co3208550.html
jobs.51job.com/all/co2357498.html
jobs.51job.com/all/co705137.html
jobs.51job.com/all/co318359.html
jobs.51job.com/all/co3972201.html
jobs.51job.com/all/co3345290.html
jobs.51job.com/all/co178586.html
jobs.51job.com/all/co613211.html
jobs.51job.com/all/co3916837.html
jobs.51job.com/all/co2676538.html
jobs.51job.com/all/co293628.html
jobs.51job.com/all/co2741315.html
jobs.51job.com/all/co2958038.html
jobs.51job.com/all/co3607866.html
jobs.51job.com/all/co4244048.html
jobs.51job.com/all/co3281620.html
jobs.51job.com/all/co111541.html
jobs.51job.com/all/co3184159.html
jobs.51job.com/all/co4785703.html
jobs.51job.com/all/co322587.html
jobs.51job.com/all/co2754425.html
jobs.51job.com/all/co2910007.html
jobs.51job.com/all/co3002239.html
jobs.51job.com/all/co2705363.html
jobs.51job.com/all/co1749258.html
jobs.51job.com/all/co180850.html
thyssenkrupp.51job.com
jobs.51job.com/all/co3309893.html
roche.51job.com/
jobs.51job.com/all/co2535144.html
jobs.51job.com/all/co2293666.html
jobs.51job.com/all/co2901331.html
jobs.51job.com/all/co2909561.html
jobs.51job.com/all/co1008209.html
jobs.51job.com/all/co2909067.html
jobs.51job.com/all/co107634.html
jobs.51job.com/all/co4759628.html
jobs.51job.com/all/co4270519.html
jobs.51job.com/all/co521037.html
jobs.51job.com/all/co1699295.html
jobs.51job.com/all/co2580137.html
jobs.51job.com/all/co3902926.html
jobs.51job.com/all/co1992487.html
jobs.51job.com/all/co2539705.html
jobs.51job.com/all/co103226.html
jobs.51job.com/all/co2272108.html
jobs.51job.com/all/co270765.html
jobs.51job.com/all/co2307113.html
jobs.51job.com/all/co4739958.html
jobs.51job.com/all/co4881676.html
jobs.51job.com/all/co3929739.html
jobs.51job.com/all/co805044.html
jobs.51job.com/all/co4462581.html
jobs.51job.com/all/co4523286.html
jobs.51job.com/all/co3256653.html
jobs.51job.com/all/co4495975.html
jobs.51job.com/all/co4627720.html
jobs.51job.com/all/co2939178.html
jobs.51job.com/all/co2394390.html
jobs.51job.com/all/co3305441.html
jobs.51job.com/all/co2841652.html
jobs.51job.com/all/co3760900.html
jobs.51job.com/all/co4738410.html
jobs.51job.com/all/co109794.html
jobs.51job.com/all/co223122.html
jobs.51job.com/all/co126649.html
jobs.51job.com/all/co4004660.html
jobs.51job.com/all/co158830.html
jobs.51job.com/all/co2394583.html
jobs.51job.com/all/co692605.html
jobs.51job.com/all/co4701659.html
jobs.51job.com/all/co2768312.html
jobs.51job.com/all/co3458292.html
jobs.51job.com/all/co114705.html
jobs.51job.com/all/co2630239.html
jobs.51job.com/all/co3230294.html
jobs.51job.com/all/co3681030.html
jobs.51job.com/all/co3708913.html
jobs.51job.com/all/co185682.html
jobs.51job.com/all/co2731965.html
jobs.51job.com/all/co264707.html
jobs.51job.com/all/co2915948.html
jobs.51job.com/all/co4351999.html
jobs.51job.com/all/co2352580.html
jobs.51job.com/all/co2620696.html
jobs.51job.com/all/co4105075.html
jobs.51job.com/all/co774210.html
jobs.51job.com/all/co2567876.html
jobs.51job.com/all/co4791066.html
jobs.51job.com/all/co3630874.html
jobs.51job.com/all/co269234.html
jobs.51job.com/all/co493338.html
jobs.51job.com/all/co612312.html
jobs.51job.com/all/co2806511.html
jobs.51job.com/all/co2421654.html
jobs.51job.com/all/co3909365.html
jobs.51job.com/all/co2963589.html
jobs.51job.com/all/co4068753.html
jobs.51job.com/all/co2214342.html
jobs.51job.com/all/co4064152.html
jobs.51job.com/all/co2025158.html
jobs.51job.com/all/co264118.html
jobs.51job.com/all/co2582966.html
jobs.51job.com/all/co2892462.html
jobs.51job.com/all/co2089979.html
jobs.51job.com/all/co4654521.html
jobs.51job.com/all/co2114935.html
jobs.51job.com/all/co3654431.html
jobs.51job.com/all/co4943932.html
jobs.51job.com/all/co4855379.html
jobs.51job.com/all/co4206305.html
jobs.51job.com/all/co3611785.html
jobs.51job.com/all/co2849212.html
jobs.51job.com/all/co4703368.html
jobs.51job.com/all/co4320188.html
jobs.51job.com/all/co4115527.html
jobs.51job.com/all/co244442.html
jobs.51job.com/all/co3961684.html
jobs.51job.com/all/co3610872.html
jobs.51job.com/all/co4518422.html
jobs.51job.com/all/co3895339.html
jobs.51job.com/all/co2785360.html
jobs.51job.com/all/co3854321.html
jobs.51job.com/all/co106423.html
jobs.51job.com/all/co3463854.html
jobs.51job.com/all/co4356745.html
jobs.51job.com/all/co3755164.html
jobs.51job.com/all/co5336.html
jobs.51job.com/all/co4612853.html
jobs.51job.com/all/co315847.html
jobs.51job.com/all/co4652360.html
jobs.51job.com/all/co4372857.html
jobs.51job.com/all/co2218841.html
jobs.51job.com/all/co2528911.html
jobs.51job.com/all/co2882266.html
jobs.51job.com/all/co3055443.html
jobs.51job.com/all/co2462182.html
jobs.51job.com/all/co3421096.html
jobs.51job.com/all/co192505.html
jobs.51job.com/all/co2698981.html
jobs.51job.com/all/co3705592.html
jobs.51job.com/all/co4898093.html
jobs.51job.com/all/co4522326.html
jobs.51job.com/all/co2742222.html
jobs.51job.com/all/co4933475.html
jobs.51job.com/all/co4202996.html
jobs.51job.com/all/co269823.html
jobs.51job.com/all/co3468367.html
jobs.51job.com/all/co3267248.html
jobs.51job.com/all/co2278036.html
jobs.51job.com/all/co141224.html
jobs.51job.com/all/co4598912.html
job.markorhome.com/
jobs.51job.com/all/co3394461.html
jobs.51job.com/all/co4911366.html
jobs.51job.com/all/co4870293.html
jobs.51job.com/all/co184057.html
jobs.51job.com/all/co218035.html
jobs.51job.com/all/co4357592.html
jobs.51job.com/all/co3260835.html
jobs.51job.com/all/co672253.html
jobs.51job.com/all/co2202048.html
jobs.51job.com/all/co2756143.html
jobs.51job.com/all/co4628924.html
jobs.51job.com/all/co3770704.html
jobs.51job.com/all/co2813734.html
jobs.51job.com/all/co4480349.html
jobs.51job.com/all/co2651083.html
jobs.51job.com/all/co4028616.html
jobs.51job.com/all/co2159647.html
jobs.51job.com/all/co4269835.html
jobs.51job.com/all/co3655201.html
jobs.51job.com/all/co4376172.html
jobs.51job.com/all/co270590.html
jobs.51job.com/all/co4308942.html
jobs.51job.com/all/co4405914.html
jobs.51job.com/all/co2756440.html
jobs.51job.com/all/co3905291.html
jobs.51job.com/all/co310515.html
jobs.51job.com/all/co2705303.html
jobs.51job.com/all/co3869061.html
jobs.51job.com/all/co4669690.html
jobs.51job.com/all/co4909201.html
jobs.51job.com/all/co291930.html
jobs.51job.com/all/co4562619.html
jobs.51job.com/all/co3291110.html
jobs.51job.com/all/co4669048.html
jobs.51job.com/all/co221711.html
jobs.51job.com/all/co4475821.html
jobs.51job.com/all/co2338015.html
jobs.51job.com/all/co1371530.html
jobs.51job.com/all/co2513462.html
jobs.51job.com/all/co3809456.html
jobs.51job.com/all/co4769581.html
jobs.51job.com/all/co2243724.html
jobs.51job.com/all/co205947.html
jobs.51job.com/all/co4307520.html
jobs.51job.com/all/co2730274.html
jobs.51job.com/all/co3883723.html
jobs.51job.com/all/co4738033.html
jobs.51job.com/all/co4142142.html
jobs.51job.com/all/co4194896.html
jobs.51job.com/all/co4386768.html
jobs.51job.com/all/co2851648.html
jobs.51job.com/all/co3147555.html
jobs.51job.com/all/co2562001.html
jobs.51job.com/all/co3776948.html
jobs.51job.com/all/co642236.html
jobs.51job.com/all/co2636965.html
jobs.51job.com/all/co3063016.html
sfzhaopin.51job.com
jobs.51job.com/all/co2515394.html
jobs.51job.com/all/co2534479.html
jobs.51job.com/all/co2459801.html
jobs.51job.com/all/co4669562.html
jobs.51job.com/all/co4360045.html
jobs.51job.com/all/co4360045.html
jobs.51job.com/all/co4360045.html
jobs.51job.com/all/co2692113.html
jobs.51job.com/all/co2692113.html
jobs.51job.com/all/co3905850.html
jobs.51job.com/all/co3203870.html
jobs.51job.com/all/co2014916.html
jobs.51job.com/all/co4847987.html
jobs.51job.com/all/co2661564.html
jobs.51job.com/all/co2661564.html
jobs.51job.com/all/co2661564.html
jobs.51job.com/all/co3096755.html
jobs.51job.com/all/co4095759.html
jobs.51job.com/all/co3801996.html
jobs.51job.com/all/co3801996.html
jobs.51job.com/all/co3801996.html
jobs.51job.com/all/co3506979.html
jobs.51job.com/all/co141347.html
jobs.51job.com/all/co2544545.html
jobs.51job.com/all/co2459801.html
jobs.51job.com/all/co312830.html
jobs.51job.com/all/co4002088.html
jobs.51job.com/all/co2736588.html
jobs.51job.com/all/co2718654.html
jobs.51job.com/all/co2718654.html
jobs.51job.com/all/co2718654.html
jobs.51job.com/all/co2565112.html
jobs.51job.com/all/co3428886.html
jobs.51job.com/all/co3428886.html
jobs.51job.com/all/co2057549.html
jobs.51job.com/all/co3972201.html
jobs.51job.com/all/co111541.html
jobs.51job.com/all/co4785703.html
jobs.51job.com/all/co2812802.html
jobs.51job.com/all/co2812802.html
jobs.51job.com/all/co2812802.html
jobs.51job.com/all/co322587.html
jobs.51job.com/all/co3002239.html
jobs.51job.com/all/co3002239.html
jobs.51job.com/all/co3002239.html
jobs.51job.com/all/co1749258.html
roche.51job.com/
jobs.51job.com/all/co2901331.html
jobs.51job.com/all/co2909561.html
jobs.51job.com/all/co2909561.html
jobs.51job.com/all/co2909561.html
jobs.51job.com/all/co2909561.html
jobs.51job.com/all/co2909561.html
jobs.51job.com/all/co2909561.html
jobs.51job.com/all/co1008209.html
jobs.51job.com/all/co2580137.html
jobs.51job.com/all/co2539705.html
jobs.51job.com/all/co2272108.html
jobs.51job.com/all/co2272108.html
jobs.51job.com/all/co2272108.html
jobs.51job.com/all/co2272108.html
jobs.51job.com/all/co2307113.html
jobs.51job.com/all/co2373891.html
jobs.51job.com/all/co4462581.html
jobs.51job.com/all/co4495975.html
jobs.51job.com/all/co4495975.html
jobs.51job.com/all/co2939178.html
jobs.51job.com/all/co2939178.html
jobs.51job.com/all/co2394390.html
jobs.51job.com/all/co4004660.html
jobs.51job.com/all/co4004660.html
jobs.51job.com/all/co3458292.html
jobs.51job.com/all/co2630239.html
jobs.51job.com/all/co264707.html
jobs.51job.com/all/co4351999.html
jobs.51job.com/all/co2620696.html
jobs.51job.com/all/co2620696.html
jobs.51job.com/all/co2584718.html
jobs.51job.com/all/co2584718.html
jobs.51job.com/all/co4351999.html
jobs.51job.com/all/co4351999.html
jobs.51job.com/all/co2567876.html
jobs.51job.com/all/co2567876.html
jobs.51job.com/all/co2567876.html
jobs.51job.com/all/co2567876.html
jobs.51job.com/all/co2567876.html
jobs.51job.com/all/co2567876.html
jobs.51job.com/all/co2567876.html
jobs.51job.com/all/co2567876.html
jobs.51job.com/all/co2567876.html
jobs.51job.com/all/co2567876.html
jobs.51job.com/all/co2567876.html
jobs.51job.com/all/co2567876.html
jobs.51job.com/all/co4791066.html
jobs.51job.com/all/co3832422.html
jobs.51job.com/all/co612312.html
jobs.51job.com/all/co612312.html
jobs.51job.com/all/co612312.html
jobs.51job.com/all/co612312.html
jobs.51job.com/all/co4064152.html
jobs.51job.com/all/co2089979.html
jobs.51job.com/all/co2089979.html
jobs.51job.com/all/co2089979.html
jobs.51job.com/all/co2089979.html
jobs.51job.com/all/co4943932.html
jobs.51job.com/all/co3611785.html
jobs.51job.com/all/co3611785.html
jobs.51job.com/all/co3610872.html
jobs.51job.com/all/co3610872.html
jobs.51job.com/all/co3610872.html
jobs.51job.com/all/co3610872.html
jobs.51job.com/all/co3610872.html
jobs.51job.com/all/co3610872.html
jobs.51job.com/all/co2785360.html
jobs.51job.com/all/co5336.html
jobs.51job.com/all/co5336.html
jobs.51job.com/all/co5336.html
jobs.51job.com/all/co5336.html
jobs.51job.com/all/co5336.html
jobs.51job.com/all/co4612853.html
jobs.51job.com/all/co315847.html
jobs.51job.com/all/co4372857.html
jobs.51job.com/all/co4372857.html
jobs.51job.com/all/co3909365.html
jobs.51job.com/all/co2462182.html
jobs.51job.com/all/co2174547.html
jobs.51job.com/all/co2174547.html
jobs.51job.com/all/co269823.html
jobs.51job.com/all/co3468367.html
jobs.51job.com/all/co244442.html
jobs.51job.com/all/co244442.html
jobs.51job.com/all/co244442.html
jobs.51job.com/all/co244442.html
jobs.51job.com/all/co141224.html
jobs.51job.com/all/co3394461.html
jobs.51job.com/all/co3203870.html
jobs.51job.com/all/co2202048.html
jobs.51job.com/all/co2756143.html
jobs.51job.com/all/co2756143.html
jobs.51job.com/all/co2756143.html
jobs.51job.com/all/co2756143.html
jobs.51job.com/all/co4480349.html
jobs.51job.com/all/co4376172.html
jobs.51job.com/all/co4376172.html
jobs.51job.com/all/co4376172.html
jobs.51job.com/all/co270590.html
jobs.51job.com/all/co4308942.html
jobs.51job.com/all/co310515.html
jobs.51job.com/all/co4909201.html
jobs.51job.com/all/co2014916.html
jobs.51job.com/all/co4153155.html
jobs.51job.com/all/co3655201.html
jobs.51job.com/all/co3655201.html
jobs.51job.com/all/co4142142.html
jobs.51job.com/all/co4142142.html
jobs.51job.com/all/co4142142.html
jobs.51job.com/all/co4142142.html
jobs.51job.com/all/co4142142.html
jobs.51job.com/all/co4142142.html
jobs.51job.com/all/co4142142.html
jobs.51job.com/all/co4480349.html
jobs.51job.com/all/co4480349.html
jobs.51job.com/all/co4480349.html
jobs.51job.com/all/co4194896.html
jobs.51job.com/all/co4194896.html
jobs.51job.com/all/co4194896.html
jobs.51job.com/all/co4194896.html
jobs.51job.com/all/co180850.html
jobs.51job.com/all/co3063016.html
jobs.51job.com/all/co4386768.html
jobs.51job.com/all/co2756143.html
jobs.51job.com/all/co2756143.html
