jobs.51job.com/all/co2462279.html
jobs.51job.com/all/co3528235.html
jobs.51job.com/all/co2273227.html
jobs.51job.com/all/co3115365.html
jobs.51job.com/all/co4598110.html
jobs.51job.com/all/co4213500.html
jobs.51job.com/all/co4669469.html
jobs.51job.com/all/co4350007.html
jobs.51job.com/all/co2397787.html
jobs.51job.com/all/co4846863.html
jobs.51job.com/all/co4926297.html
jobs.51job.com/all/co3707702.html
jobs.51job.com/all/co2918328.html
jobs.51job.com/all/co3111392.html
jobs.51job.com/all/co3621923.html
jobs.51job.com/all/co4599859.html
jobs.51job.com/all/co4669562.html
jobs.51job.com/all/co4407091.html
jobs.51job.com/all/co2876157.html
jobs.51job.com/all/co4360045.html
jobs.51job.com/all/co3393522.html
jobs.51job.com/all/co4305702.html
jobs.51job.com/all/co4851665.html
jobs.51job.com/all/co4813400.html
jobs.51job.com/all/co2692113.html
jobs.51job.com/all/co4550542.html
jobs.51job.com/all/co4289166.html
jobs.51job.com/all/co2363403.html
jobs.51job.com/all/co2704216.html
jobs.51job.com/all/co4678197.html
jobs.51job.com/all/co4837469.html
jobs.51job.com/all/co4824363.html
jobs.51job.com/all/co4931987.html
jobs.51job.com/all/co4606163.html
jobs.51job.com/all/co4616157.html
jobs.51job.com/all/co4559581.html
jobs.51job.com/all/co4863719.html
jobs.51job.com/all/co2008895.html
jobs.51job.com/all/co2707366.html
jobs.51job.com/all/co2331587.html
jobs.51job.com/all/co2490070.html
jobs.51job.com/all/co2670227.html
jobs.51job.com/all/co218292.html
jobs.51job.com/all/co2702558.html
jobs.51job.com/all/co2273274.html
jobs.51job.com/all/co4757917.html
jobs.51job.com/all/co2453388.html
jobs.51job.com/all/co4674713.html
jobs.51job.com/all/co4348990.html
jobs.51job.com/all/co4776161.html
jobs.51job.com/all/co4762445.html
jobs.51job.com/all/co3210665.html
jobs.51job.com/all/co4550914.html
jobs.51job.com/all/co3707984.html
jobs.51job.com/all/co4726916.html
jobs.51job.com/all/co4066265.html
jobs.51job.com/all/co2971244.html
jobs.51job.com/all/co1739881.html
jobs.51job.com/all/co2964893.html
jobs.51job.com/all/co3826884.html
jobs.51job.com/all/co4303647.html
jobs.51job.com/all/co4680465.html
jobs.51job.com/all/co2547808.html
jobs.51job.com/all/co1519714.html
jobs.51job.com/all/co2399381.html
jobs.51job.com/all/co2550561.html
jobs.51job.com/all/co2221698.html
jobs.51job.com/all/co2378957.html
jobs.51job.com/all/co4310871.html
jobs.51job.com/all/co4785883.html
jobs.51job.com/all/co2699529.html
jobs.51job.com/all/co2341351.html
jobs.51job.com/all/co2187913.html
jobs.51job.com/all/co3502946.html
jobs.51job.com/all/co4201868.html
jobs.51job.com/all/co1122811.html
jobs.51job.com/all/co3833959.html
jobs.51job.com/all/co2407428.html
jobs.51job.com/all/co3350780.html
jobs.51job.com/all/co4087962.html
jobs.51job.com/all/co3539540.html
jobs.51job.com/all/co2618217.html
jobs.51job.com/all/co4336572.html
jobs.51job.com/all/co4709314.html
jobs.51job.com/all/co2707810.html
jobs.51job.com/all/co2062864.html
jobs.51job.com/all/co2038181.html
jobs.51job.com/all/co2209103.html
jobs.51job.com/all/co2380770.html
jobs.51job.com/all/co4589493.html
jobs.51job.com/all/co4335021.html
jobs.51job.com/all/co4062565.html
jobs.51job.com/all/co4040919.html
jobs.51job.com/all/co2303131.html
jobs.51job.com/all/co2754456.html
jobs.51job.com/all/co2277470.html
jobs.51job.com/all/co4701659.html
jobs.51job.com/all/co4802948.html
jobs.51job.com/all/co4411730.html
jobs.51job.com/all/co2259537.html
jobs.51job.com/all/co2435486.html
jobs.51job.com/all/co2412251.html
jobs.51job.com/all/co3459312.html
jobs.51job.com/all/co2684296.html
jobs.51job.com/all/co2996654.html
jobs.51job.com/all/co339906.html
jobs.51job.com/all/co2545727.html
jobs.51job.com/all/co4650206.html
skf.51job.com/sc/job_list.php?company=1459636
jobs.51job.com/all/co2391304.html
jobs.51job.com/all/co2299773.html
jobs.51job.com/all/co3885894.html
jobs.51job.com/all/co4367528.html
jobs.51job.com/all/co4751072.html
jobs.51job.com/all/co2587033.html
jobs.51job.com/all/co4952238.html
jobs.51job.com/all/co2733613.html
jobs.51job.com/all/co3798389.html
jobs.51job.com/all/co2321966.html
jobs.51job.com/all/co2408259.html
jobs.51job.com/all/co2468359.html
jobs.51job.com/all/co2754806.html
jobs.51job.com/all/co4920230.html
jobs.51job.com/all/co3841235.html
jobs.51job.com/all/co1465652.html
jobs.51job.com/all/co3905905.html
jobs.51job.com/all/co3568376.html
jobs.51job.com/all/co3701823.html
jobs.51job.com/all/co4767885.html
jobs.51job.com/all/co4313648.html
jobs.51job.com/all/co3672956.html
jobs.51job.com/all/co3857149.html
jobs.51job.com/all/co604570.html
jobs.51job.com/all/co4752757.html
jobs.51job.com/all/co2340112.html
jobs.51job.com/all/co4035845.html
jobs.51job.com/all/co2580137.html
jobs.51job.com/all/co4669810.html
jobs.51job.com/all/co4662413.html
jobs.51job.com/all/co2321809.html
jobs.51job.com/all/co4935084.html
jobs.51job.com/all/co2585820.html
jobs.51job.com/all/co4571132.html
jobs.51job.com/all/co3180222.html
jobs.51job.com/all/co3250910.html
jobs.51job.com/all/co1471379.html
jobs.51job.com/all/co4938814.html
jobs.51job.com/all/co2333121.html
jobs.51job.com/all/co3719000.html
jobs.51job.com/all/co3758582.html
jobs.51job.com/all/co4312435.html
jobs.51job.com/all/co2498952.html
jobs.51job.com/all/co2586306.html
jobs.51job.com/all/co3706950.html
jobs.51job.com/all/co2196975.html
jobs.51job.com/all/co4668794.html
jobs.51job.com/all/co4358744.html
jobs.51job.com/all/co4650051.html
jobs.51job.com/all/co2589771.html
jobs.51job.com/all/co3676907.html
jobs.51job.com/all/co2504622.html
jobs.51job.com/all/co2959928.html
jobs.51job.com/all/co4138416.html
jobs.51job.com/all/co2327329.html
jobs.51job.com/all/co2343879.html
jobs.51job.com/all/co3226623.html
jobs.51job.com/all/co2328943.html
jobs.51job.com/all/co4879713.html
jobs.51job.com/all/co4120398.html
jobs.51job.com/all/co4269638.html
jobs.51job.com/all/co3593522.html
jobs.51job.com/all/co4051165.html
jobs.51job.com/all/co11468.html
jobs.51job.com/all/co2125042.html
jobs.51job.com/all/co386981.html
jobs.51job.com/all/co4058505.html
jobs.51job.com/all/co4843353.html
jobs.51job.com/all/co4570236.html
jobs.51job.com/all/co2498061.html
jobs.51job.com/all/co3594978.html
jobs.51job.com/all/co3605419.html
jobs.51job.com/all/co312830.html
jobs.51job.com/all/co2336343.html
jobs.51job.com/all/co4528297.html
jobs.51job.com/all/co2734853.html
jobs.51job.com/all/co4087369.html
jobs.51job.com/all/co142502.html
jobs.51job.com/all/co1477009.html
jobs.51job.com/all/co4874330.html
jobs.51job.com/all/co2188296.html
jobs.51job.com/all/co4758049.html
jobs.51job.com/all/co4010523.html
jobs.51job.com/all/co2435697.html
jobs.51job.com/all/co2824271.html
jobs.51job.com/all/co4315619.html
jobs.51job.com/all/co4002088.html
jobs.51job.com/all/co2437589.html
jobs.51job.com/all/co3616496.html
jobs.51job.com/all/co2736588.html
jobs.51job.com/all/co4307317.html
jobs.51job.com/all/co3856728.html
jobs.51job.com/all/co4870499.html
jobs.51job.com/all/co3832967.html
jobs.51job.com/all/co4060511.html
jobs.51job.com/all/co4772933.html
jobs.51job.com/all/co3757818.html
jobs.51job.com/all/co2718654.html
jobs.51job.com/all/co4734667.html
jobs.51job.com/all/co3052064.html
jobs.51job.com/all/co2857010.html
jobs.51job.com/all/co2359570.html
jobs.51job.com/all/co2461441.html
jobs.51job.com/all/co3481867.html
jobs.51job.com/all/co2250369.html
jobs.51job.com/all/co4595816.html
jobs.51job.com/all/co4289887.html
jobs.51job.com/all/co2174433.html
jobs.51job.com/all/co4510828.html
jobs.51job.com/all/co3882554.html
jobs.51job.com/all/co3259078.html
jobs.51job.com/all/co2413490.html
jobs.51job.com/all/co105547.html
jobs.51job.com/all/co3865942.html
jobs.51job.com/all/co4846011.html
jobs.51job.com/all/co3208550.html
jobs.51job.com/all/co3303287.html
jobs.51job.com/all/co879589.html
jobs.51job.com/all/co2154390.html
jobs.51job.com/all/co3874111.html
jobs.51job.com/all/co2337631.html
jobs.51job.com/all/co4024388.html
jobs.51job.com/all/co3356277.html
jobs.51job.com/all/co4663743.html
jobs.51job.com/all/co3973320.html
jobs.51job.com/all/co4889887.html
jobs.51job.com/all/co2518479.html
jobs.51job.com/all/co4576811.html
jobs.51job.com/all/co2374009.html
jobs.51job.com/all/co4865763.html
jobs.51job.com/all/co2715526.html
jobs.51job.com/all/co4620733.html
jobs.51job.com/all/co3042666.html
jobs.51job.com/all/co4384874.html
jobs.51job.com/all/co4384841.html
jobs.51job.com/all/co3916837.html
jobs.51job.com/all/co4814965.html
jobs.51job.com/all/co1545107.html
jobs.51job.com/all/co4295959.html
jobs.51job.com/all/co3749280.html
jobs.51job.com/all/co3933471.html
jobs.51job.com/all/co2329646.html
jobs.51job.com/all/co3037285.html
jobs.51job.com/all/co4684538.html
jobs.51job.com/all/co4649443.html
jobs.51job.com/all/co3934217.html
jobs.51job.com/all/co2696352.html
jobs.51job.com/all/co2317476.html
jobs.51job.com/all/co2542247.html
jobs.51job.com/all/co2354594.html
jobs.51job.com/all/co193349.html
jobs.51job.com/all/co3286822.html
jobs.51job.com/all/co4620055.html
jobs.51job.com/all/co386975.html
jobs.51job.com/all/co3768172.html
jobs.51job.com/all/co2870711.html
jobs.51job.com/all/co4868425.html
jobs.51job.com/all/co4467685.html
jobs.51job.com/all/co4216336.html
jobs.51job.com/all/co4026127.html
jobs.51job.com/all/co4166257.html
jobs.51job.com/all/co4189705.html
jobs.51job.com/all/co3961294.html
jobs.51job.com/all/co3766667.html
jobs.51job.com/all/co2304815.html
jobs.51job.com/all/co3025760.html
jobs.51job.com/all/co211845.html
jobs.51job.com/all/co4543113.html
jobs.51job.com/all/co2812802.html
jobs.51job.com/all/co3137932.html
jobs.51job.com/all/co2487404.html
jobs.51job.com/all/co3371026.html
jobs.51job.com/all/co4232113.html
jobs.51job.com/all/co189709.html
jobs.51job.com/all/co3995468.html
jobs.51job.com/all/co3076666.html
jobs.51job.com/all/co4695560.html
jobs.51job.com/all/co4748151.html
jobs.51job.com/all/co4379261.html
jobs.51job.com/all/co2632202.html
jobs.51job.com/all/co2337301.html
jobs.51job.com/all/co2945242.html
jobs.51job.com/all/co4671224.html
jobs.51job.com/all/co2838091.html
jobs.51job.com/all/co2350641.html
jobs.51job.com/all/co2400482.html
jobs.51job.com/all/co4581382.html
jobs.51job.com/all/co569233.html
jobs.51job.com/all/co447575.html
jobs.51job.com/all/co3765763.html
jobs.51job.com/all/co2210148.html
jobs.51job.com/all/co2680558.html
jobs.51job.com/all/co2110907.html
jobs.51job.com/all/co2379425.html
jobs.51job.com/all/co2346783.html
jobs.51job.com/all/co3291285.html
jobs.51job.com/all/co3913895.html
jobs.51job.com/all/co2256713.html
jobs.51job.com/all/co2322709.html
jobs.51job.com/all/co2656992.html
jobs.51job.com/all/co604714.html
jobs.51job.com/all/co2510168.html
jobs.51job.com/all/co3002239.html
jobs.51job.com/all/co3074082.html
jobs.51job.com/all/co2777931.html
jobs.51job.com/all/co2325558.html
jobs.51job.com/all/co180850.html
jobs.51job.com/all/co289177.html
jobs.51job.com/all/co506254.html
jobs.51job.com/all/co2579480.html
jobs.51job.com/all/co2195269.html
thyssenkrupp.51job.com
jobs.51job.com/all/co263385.html
jobs.51job.com/all/co2215077.html
jobs.51job.com/all/co2257643.html
jobs.51job.com/all/co4649680.html
jobs.51job.com/all/co4560797.html
jobs.51job.com/all/co3766023.html
jobs.51job.com/all/co4013503.html
jobs.51job.com/all/co2794000.html
jobs.51job.com/all/co2279747.html
jobs.51job.com/all/co2518101.html
jobs.51job.com/all/co109093.html
jobs.51job.com/all/co2393100.html
jobs.51job.com/all/co4085907.html
jobs.51job.com/all/co2880202.html
jobs.51job.com/all/co2117750.html
jobs.51job.com/all/co3475074.html
jobs.51job.com/all/co2987707.html
jobs.51job.com/all/co278561.html
jobs.51job.com/all/co3139486.html
jobs.51job.com/all/co3044624.html
jobs.51job.com/all/co312737.html
jobs.51job.com/all/co3343513.html
jobs.51job.com/all/co3000069.html
jobs.51job.com/all/co3770954.html
jobs.51job.com/all/co4510466.html
jobs.51job.com/all/co4600663.html
jobs.51job.com/all/co3609905.html
jobs.51job.com/all/co3172583.html
jobs.51job.com/all/co291436.html
jobs.51job.com/all/co3462653.html
jobs.51job.com/all/co3812402.html
jobs.51job.com/all/co307539.html
jobs.51job.com/all/co4131577.html
jobs.51job.com/all/co1990452.html
jobs.51job.com/all/co2799039.html
jobs.51job.com/all/co129912.html
jobs.51job.com/all/co1557257.html
jobs.51job.com/all/co4425009.html
jobs.51job.com/all/co3898352.html
jobs.51job.com/all/co3047517.html
jobs.51job.com/all/co304383.html
jobs.51job.com/all/co3089554.html
jobs.51job.com/all/co4567236.html
jobs.51job.com/all/co4252353.html
jobs.51job.com/all/co2618599.html
jobs.51job.com/all/co3605271.html
jobs.51job.com/all/co3871746.html
jobs.51job.com/all/co428654.html
jobs.51job.com/all/co3814514.html
jobs.51job.com/all/co872557.html
jobs.51job.com/all/co4740953.html
jobs.51job.com/all/co4209127.html
jobs.51job.com/all/co3907820.html
jobs.51job.com/all/co3949900.html
jobs.51job.com/all/co3609874.html
jobs.51job.com/all/co4656671.html
jobs.51job.com/all/co3539987.html
jobs.51job.com/all/co2360272.html
jobs.51job.com/all/co3251841.html
jobs.51job.com/all/co1987073.html
jobs.51job.com/all/co4234701.html
jobs.51job.com/all/co4533608.html
jobs.51job.com/all/co10153.html
jobs.51job.com/all/co2974103.html
jobs.51job.com/all/co4099664.html
jobs.51job.com/all/co4852643.html
jobs.51job.com/all/co4880071.html
jobs.51job.com/all/co4102007.html
jobs.51job.com/all/co4179421.html
jobs.51job.com/all/co4779124.html
jobs.51job.com/all/co3870459.html
jobs.51job.com/all/co2313614.html
jobs.51job.com/all/co2170649.html
jobs.51job.com/all/co3833872.html
jobs.51job.com/all/co2498627.html
jobs.51job.com/all/co4626771.html
jobs.51job.com/all/co4500965.html
jobs.51job.com/all/co3520061.html
jobs.51job.com/all/co2871692.html
jobs.51job.com/all/co3128404.html
jobs.51job.com/all/co4826556.html
jobs.51job.com/all/co4596549.html
jobs.51job.com/all/co4661347.html
jobs.51job.com/all/co2734615.html
jobs.51job.com/all/co4117507.html
jobs.51job.com/all/co3833877.html
jobs.51job.com/all/co4529191.html
jobs.51job.com/all/co2364295.html
jobs.51job.com/all/co4843598.html
jobs.51job.com/all/co3942774.html
jobs.51job.com/all/co306536.html
jobs.51job.com/all/co4911703.html
jobs.51job.com/all/co1989038.html
borgwarner.51job.com
jobs.51job.com/all/co3535305.html
jobs.51job.com/all/co2518553.html
jobs.51job.com/all/co2331826.html
jobs.51job.com/all/co3035598.html
jobs.51job.com/all/co4008207.html
jobs.51job.com/all/co4831579.html
jobs.51job.com/all/co2281975.html
jobs.51job.com/all/co4858001.html
jobs.51job.com/all/co2169389.html
jobs.51job.com/all/co1519518.html
jobs.51job.com/all/co4312845.html
jobs.51job.com/all/co3803556.html
jobs.51job.com/all/co311351.html
jobs.51job.com/all/co3549996.html
jobs.51job.com/all/co2297795.html
jobs.51job.com/all/co3321813.html
jobs.51job.com/all/co2385279.html
jobs.51job.com/all/co2591396.html
jobs.51job.com/all/co4463335.html
jobs.51job.com/all/co3027492.html
jobs.51job.com/all/co2842235.html
jobs.51job.com/all/co2416684.html
jobs.51job.com/all/co4661762.html
jobs.51job.com/all/co4501379.html
jobs.51job.com/all/co2489612.html
jobs.51job.com/all/co4674809.html
jobs.51job.com/all/co4947079.html
jobs.51job.com/all/co2507881.html
jobs.51job.com/all/co202484.html
jobs.51job.com/all/co2234729.html
jobs.51job.com/all/co2044095.html
jobs.51job.com/all/co4255625.html
jobs.51job.com/all/co2396176.html
jobs.51job.com/all/co4798266.html
jobs.51job.com/all/co4825670.html
jobs.51job.com/all/co3855733.html
jobs.51job.com/all/co4015427.html
jobs.51job.com/all/co1175508.html
jobs.51job.com/all/co3972926.html
jobs.51job.com/all/co4757895.html
jobs.51job.com/all/co4022108.html
jobs.51job.com/all/co4845282.html
jobs.51job.com/all/co4382343.html
jobs.51job.com/all/co2316709.html
jobs.51job.com/all/co4775147.html
jobs.51job.com/all/co2607391.html
jobs.51job.com/all/co2421654.html
jobs.51job.com/all/co4091349.html
jobs.51job.com/all/co4855497.html
jobs.51job.com/all/co2910362.html
jobs.51job.com/all/co500745.html
jobs.51job.com/all/co2724005.html
jobs.51job.com/all/co3052167.html
jobs.51job.com/all/co2710601.html
jobs.51job.com/all/co307264.html
jobs.51job.com/all/co296319.html
jobs.51job.com/all/co3484836.html
jobs.51job.com/all/co4745408.html
jobs.51job.com/all/co4457330.html
jobs.51job.com/all/co4603137.html
jobs.51job.com/all/co2165814.html
jobs.51job.com/all/co2716822.html
jobs.51job.com/all/co2376183.html
jobs.51job.com/all/co3799208.html
jobs.51job.com/all/co2260264.html
jobs.51job.com/all/co4571396.html
jobs.51job.com/all/co2450210.html
jobs.51job.com/all/co3247994.html
jobs.51job.com/all/co3509607.html
jobs.51job.com/all/co1991297.html
jobs.51job.com/all/co3165268.html
jobs.51job.com/all/co2616601.html
jobs.51job.com/all/co2187549.html
jobs.51job.com/all/co4785971.html
jobs.51job.com/all/co2817965.html
jobs.51job.com/all/co4269773.html
jobs.51job.com/all/co4690455.html
jobs.51job.com/all/co4370154.html
jobs.51job.com/all/co4855649.html
jobs.51job.com/all/co3945896.html
jobs.51job.com/all/co2493989.html
jobs.51job.com/all/co3962474.html
jobs.51job.com/all/co3427064.html
jobs.51job.com/all/co2871607.html
jobs.51job.com/all/co3694966.html
jobs.51job.com/all/co4726868.html
jobs.51job.com/all/co2216308.html
jobs.51job.com/all/co4031266.html
jobs.51job.com/all/co2839978.html
jobs.51job.com/all/co4529102.html
jobs.51job.com/all/co4635895.html
jobs.51job.com/all/co3224573.html
jobs.51job.com/all/co4343583.html
jobs.51job.com/all/co3357891.html
jobs.51job.com/all/co4801169.html
jobs.51job.com/all/co4492253.html
jobs.51job.com/all/co2533390.html
jobs.51job.com/all/co2442972.html
jobs.51job.com/all/co4405044.html
jobs.51job.com/all/co2779226.html
jobs.51job.com/all/co4670290.html
jobs.51job.com/all/co4587333.html
jobs.51job.com/all/co4703368.html
jobs.51job.com/all/co4016531.html
jobs.51job.com/all/co3687889.html
jobs.51job.com/all/co4939264.html
jobs.51job.com/all/co4708858.html
jobs.51job.com/all/co3455604.html
jobs.51job.com/all/co3916365.html
jobs.51job.com/all/co4529794.html
jobs.51job.com/all/co3276036.html
jobs.51job.com/all/co4105239.html
jobs.51job.com/all/co3213905.html
jobs.51job.com/all/co2469847.html
jobs.51job.com/all/co2764953.html
jobs.51job.com/all/co4481007.html
jobs.51job.com/all/co3213728.html
jobs.51job.com/all/co3057356.html
jobs.51job.com/all/co2110288.html
jobs.51job.com/all/co4235917.html
jobs.51job.com/all/co2540973.html
jobs.51job.com/all/co231652.html
jobs.51job.com/all/co4439810.html
jobs.51job.com/all/co4027442.html
jobs.51job.com/all/co3354576.html
jobs.51job.com/all/co2840252.html
jobs.51job.com/all/co589241.html
jobs.51job.com/all/co3997028.html
jobs.51job.com/all/co399397.html
jobs.51job.com/all/co4708446.html
jobs.51job.com/all/co3680446.html
jobs.51job.com/all/co4838630.html
jobs.51job.com/all/co4060352.html
jobs.51job.com/all/co4545720.html
jobs.51job.com/all/co4850550.html
jobs.51job.com/all/co4341415.html
jobs.51job.com/all/co3056126.html
jobs.51job.com/all/co4172505.html
jobs.51job.com/all/co3348432.html
jobs.51job.com/all/co3741917.html
jobs.51job.com/all/co4466930.html
jobs.51job.com/all/co2382811.html
jobs.51job.com/all/co3393617.html
jobs.51job.com/all/co2270878.html
jobs.51job.com/all/co3906590.html
jobs.51job.com/all/co4013640.html
jobs.51job.com/all/co4921774.html
jobs.51job.com/all/co2370694.html
jobs.51job.com/all/co2250103.html
jobs.51job.com/all/co4458265.html
jobs.51job.com/all/co2763052.html
jobs.51job.com/all/co2650797.html
jobs.51job.com/all/co4865642.html
jobs.51job.com/all/co4736780.html
jobs.51job.com/all/co4554403.html
jobs.51job.com/all/co4101993.html
jobs.51job.com/all/co2195010.html
jobs.51job.com/all/co2842194.html
jobs.51job.com/all/co2877239.html
jobs.51job.com/all/co3440226.html
jobs.51job.com/all/co2618194.html
jobs.51job.com/all/co292493.html
jobs.51job.com/all/co4403396.html
jobs.51job.com/all/co3014827.html
jobs.51job.com/all/co4748221.html
jobs.51job.com/all/co4452131.html
jobs.51job.com/all/co3119244.html
jobs.51job.com/all/co3985698.html
jobs.51job.com/all/co4400151.html
jobs.51job.com/all/co4548164.html
jobs.51job.com/all/co4874102.html
jobs.51job.com/all/co2977928.html
jobs.51job.com/all/co3100178.html
jobs.51job.com/all/co3494253.html
jobs.51job.com/all/co4350560.html
jobs.51job.com/all/co579488.html
jobs.51job.com/all/co4323906.html
jobs.51job.com/all/co3357537.html
jobs.51job.com/all/co4734908.html
jobs.51job.com/all/co3699086.html
jobs.51job.com/all/co3383352.html
jobs.51job.com/all/co2795690.html
jobs.51job.com/all/co2350375.html
jobs.51job.com/all/co757749.html
jobs.51job.com/all/co4343018.html
jobs.51job.com/all/co4067071.html
jobs.51job.com/all/co3160077.html
jobs.51job.com/all/co4322575.html
jobs.51job.com/all/co3980670.html
jobs.51job.com/all/co4352014.html
jobs.51job.com/all/co2055923.html
jobs.51job.com/all/co3666013.html
jobs.51job.com/all/co2471571.html
jobs.51job.com/all/co3851668.html
jobs.51job.com/all/co4856237.html
jobs.51job.com/all/co4848365.html
jobs.51job.com/all/co2877150.html
jobs.51job.com/all/co2634988.html
jobs.51job.com/all/co4312231.html
jobs.51job.com/all/co4316004.html
jobs.51job.com/all/co4760786.html
jobs.51job.com/all/co4399101.html
jobs.51job.com/all/co3219522.html
jobs.51job.com/all/co3737720.html
jobs.51job.com/all/co2202048.html
jobs.51job.com/all/co4344676.html
jobs.51job.com/all/co4287677.html
jobs.51job.com/all/co3827238.html
jobs.51job.com/all/co2225467.html
jobs.51job.com/all/co2262216.html
jobs.51job.com/all/co4892868.html
jobs.51job.com/all/co2570702.html
jobs.51job.com/all/co2959047.html
jobs.51job.com/all/co2191560.html
jobs.51job.com/all/co3717603.html
jobs.51job.com/all/co3268952.html
jobs.51job.com/all/co2499134.html
jobs.51job.com/all/co4311442.html
jobs.51job.com/all/co2420733.html
jobs.51job.com/all/co4001009.html
jobs.51job.com/all/co2491306.html
jobs.51job.com/all/co4317924.html
jobs.51job.com/all/co3441570.html
jobs.51job.com/all/co4301935.html
jobs.51job.com/all/co2919653.html
jobs.51job.com/all/co2904079.html
jobs.51job.com/all/co3664128.html
jobs.51job.com/all/co3498208.html
jobs.51job.com/all/co4459897.html
jobs.51job.com/all/co4914801.html
jobs.51job.com/all/co4319012.html
jobs.51job.com/all/co2437822.html
jobs.51job.com/all/co3027340.html
jobs.51job.com/all/co4370240.html
jobs.51job.com/all/co4261900.html
jobs.51job.com/all/co2328898.html
jobs.51job.com/all/co4519090.html
jobs.51job.com/all/co2547384.html
jobs.51job.com/all/co2846323.html
jobs.51job.com/all/co4899914.html
jobs.51job.com/all/co2439071.html
jobs.51job.com/all/co3846601.html
jobs.51job.com/all/co3291110.html
jobs.51job.com/all/co4298841.html
jobs.51job.com/all/co2387634.html
jobs.51job.com/all/co3039852.html
jobs.51job.com/all/co4302584.html
jobs.51job.com/all/co3199784.html
jobs.51job.com/all/co4506.html
jobs.51job.com/all/co3835647.html
jobs.51job.com/all/co2443613.html
jobs.51job.com/all/co188943.html
jobs.51job.com/all/co3872387.html
jobs.51job.com/all/co774248.html
jobs.51job.com/all/co4316048.html
jobs.51job.com/all/co2227895.html
jobs.51job.com/all/co4293508.html
jobs.51job.com/all/co4212783.html
jobs.51job.com/all/co2064524.html
jobs.51job.com/all/co3227516.html
jobs.51job.com/all/co4110683.html
jobs.51job.com/all/co3569035.html
jobs.51job.com/all/co4897551.html
jobs.51job.com/all/co4625522.html
jobs.51job.com/all/co4310644.html
jobs.51job.com/all/co2794574.html
jobs.51job.com/all/co4542202.html
jobs.51job.com/all/co4630696.html
jobs.51job.com/all/co4279721.html
jobs.51job.com/all/co3565688.html
jobs.51job.com/all/co2543465.html
jobs.51job.com/all/co3773316.html
jobs.51job.com/all/co4138118.html
jobs.51job.com/all/co2725962.html
jobs.51job.com/all/co2513462.html
jobs.51job.com/all/co3304529.html
jobs.51job.com/all/co3375353.html
jobs.51job.com/all/co4710514.html
jobs.51job.com/all/co1493539.html
jobs.51job.com/all/co3509249.html
jobs.51job.com/all/co4081482.html
jobs.51job.com/all/co1996750.html
jobs.51job.com/all/co3645170.html
jobs.51job.com/all/co2340588.html
jobs.51job.com/all/co4079447.html
jobs.51job.com/all/co2362115.html
jobs.51job.com/all/co2947980.html
jobs.51job.com/all/co2947143.html
jobs.51job.com/all/co3602206.html
jobs.51job.com/all/co3305466.html
jobs.51job.com/all/co2183722.html
jobs.51job.com/all/co4153842.html
jobs.51job.com/all/co4721349.html
jobs.51job.com/all/co252674.html
jobs.51job.com/all/co3548242.html
jobs.51job.com/all/co4345925.html
jobs.51job.com/all/co2927490.html
jobs.51job.com/all/co4649703.html
jobs.51job.com/all/co348480.html
jobs.51job.com/all/co3635817.html
jobs.51job.com/all/co4398813.html
jobs.51job.com/all/co108418.html
jobs.51job.com/all/co2519565.html
jobs.51job.com/all/co3357343.html
jobs.51job.com/all/co4308397.html
jobs.51job.com/all/co3073907.html
jobs.51job.com/all/co4278787.html
jobs.51job.com/all/co1490822.html
jobs.51job.com/all/co4738033.html
jobs.51job.com/all/co295256.html
jobs.51job.com/all/co4811848.html
jobs.51job.com/all/co3860092.html
jobs.51job.com/all/co2942357.html
jobs.51job.com/all/co3459858.html
jobs.51job.com/all/co2133491.html
jobs.51job.com/all/co2353629.html
jobs.51job.com/all/co2398933.html
jobs.51job.com/all/co2477872.html
jobs.51job.com/all/co4676706.html
jobs.51job.com/all/co2657768.html
jobs.51job.com/all/co3257029.html
jobs.51job.com/all/co2650626.html
jobs.51job.com/all/co4647118.html
jobs.51job.com/all/co2518400.html
jobs.51job.com/all/co2883824.html
jobs.51job.com/all/co4245691.html
jobs.51job.com/all/co2784785.html
jobs.51job.com/all/co4249576.html
jobs.51job.com/all/co3074005.html
jobs.51job.com/all/co260306.html
jobs.51job.com/all/co4249425.html
jobs.51job.com/all/co2961997.html
jobs.51job.com/all/co3528556.html
jobs.51job.com/all/co2306140.html
jobs.51job.com/all/co2915962.html
jobs.51job.com/all/co4275330.html
jobs.51job.com/all/co4750475.html
jobs.51job.com/all/co4411090.html
jobs.51job.com/all/co3776948.html
jobs.51job.com/all/co266629.html
jobs.51job.com/all/co3886629.html
jobs.51job.com/all/co4516515.html
jobs.51job.com/all/co2546335.html
jobs.51job.com/all/co4232471.html
jobs.51job.com/all/co651230.html
jobs.51job.com/all/co2204194.html
jobs.51job.com/all/co4236022.html
jobs.51job.com/all/co2956670.html
sfzhaopin.51job.com
jobs.51job.com/all/co3905112.html
jobs.51job.com/all/co1991226.html
jobs.51job.com/all/co525720.html
jobs.51job.com/all/co3805420.html
jobs.51job.com/all/co2182030.html
jobs.51job.com/all/co2401748.html
jobs.51job.com/all/co3528235.html
jobs.51job.com/all/co4926297.html
jobs.51job.com/all/co4926297.html
jobs.51job.com/all/co4599859.html
jobs.51job.com/all/co4669562.html
jobs.51job.com/all/co2462279.html
jobs.51job.com/all/co4678197.html
jobs.51job.com/all/co4616157.html
jobs.51job.com/all/co2670227.html
jobs.51job.com/all/co2670227.html
jobs.51job.com/all/co218292.html
jobs.51job.com/all/co4776161.html
jobs.51job.com/all/co4678197.html
jobs.51job.com/all/co4674713.html
jobs.51job.com/all/co4674713.html
jobs.51job.com/all/co4674713.html
jobs.51job.com/all/co4674713.html
jobs.51job.com/all/co4674713.html
jobs.51job.com/all/co4674713.html
jobs.51job.com/all/co4674713.html
jobs.51job.com/all/co4674713.html
jobs.51job.com/all/co4674713.html
jobs.51job.com/all/co4310871.html
jobs.51job.com/all/co2378957.html
jobs.51job.com/all/co2187913.html
jobs.51job.com/all/co2187913.html
jobs.51job.com/all/co4201868.html
jobs.51job.com/all/co4201868.html
jobs.51job.com/all/co4201868.html
jobs.51job.com/all/co4201868.html
jobs.51job.com/all/co4201868.html
jobs.51job.com/all/co4201868.html
jobs.51job.com/all/co4201868.html
jobs.51job.com/all/co4201868.html
jobs.51job.com/all/co4201868.html
jobs.51job.com/all/co3502946.html
jobs.51job.com/all/co3502946.html
jobs.51job.com/all/co3833959.html
jobs.51job.com/all/co3833959.html
jobs.51job.com/all/co3833959.html
jobs.51job.com/all/co3833959.html
jobs.51job.com/all/co3833959.html
jobs.51job.com/all/co3833959.html
jobs.51job.com/all/co3833959.html
jobs.51job.com/all/co3833959.html
jobs.51job.com/all/co3833959.html
jobs.51job.com/all/co3833959.html
jobs.51job.com/all/co2407428.html
jobs.51job.com/all/co2407428.html
jobs.51job.com/all/co2407428.html
jobs.51job.com/all/co2407428.html
jobs.51job.com/all/co2407428.html
jobs.51job.com/all/co2407428.html
jobs.51job.com/all/co2407428.html
jobs.51job.com/all/co2407428.html
jobs.51job.com/all/co2407428.html
jobs.51job.com/all/co2407428.html
jobs.51job.com/all/co2378957.html
jobs.51job.com/all/co2378957.html
jobs.51job.com/all/co3502946.html
jobs.51job.com/all/co4785883.html
jobs.51job.com/all/co4785883.html
jobs.51job.com/all/co3502946.html
jobs.51job.com/all/co2341351.html
jobs.51job.com/all/co2341351.html
jobs.51job.com/all/co3502946.html
jobs.51job.com/all/co3502946.html
jobs.51job.com/all/co3502946.html
jobs.51job.com/all/co3502946.html
jobs.51job.com/all/co3502946.html
jobs.51job.com/all/co3502946.html
jobs.51job.com/all/co3502946.html
jobs.51job.com/all/co3502946.html
jobs.51job.com/all/co3502946.html
jobs.51job.com/all/co3502946.html
jobs.51job.com/all/co3502946.html
jobs.51job.com/all/co3502946.html
jobs.51job.com/all/co3502946.html
jobs.51job.com/all/co2618217.html
jobs.51job.com/all/co2618217.html
jobs.51job.com/all/co2699529.html
jobs.51job.com/all/co2707810.html
jobs.51job.com/all/co2707810.html
jobs.51job.com/all/co2707810.html
jobs.51job.com/all/co2707810.html
jobs.51job.com/all/co2707810.html
jobs.51job.com/all/co2707810.html
jobs.51job.com/all/co2707810.html
jobs.51job.com/all/co3528235.html
jobs.51job.com/all/co3528235.html
jobs.51job.com/all/co3528235.html
jobs.51job.com/all/co3115365.html
jobs.51job.com/all/co2412251.html
jobs.51job.com/all/co339906.html
jobs.51job.com/all/co4062565.html
jobs.51job.com/all/co2299773.html
jobs.51job.com/all/co3459312.html
jobs.51job.com/all/co2408259.html
jobs.51job.com/all/co2408259.html
jobs.51job.com/all/co2408259.html
jobs.51job.com/all/co3568376.html
jobs.51job.com/all/co3568376.html
jobs.51job.com/all/co4350007.html
jobs.51job.com/all/co2408259.html
jobs.51job.com/all/co4313648.html
jobs.51job.com/all/co2062864.html
jobs.51job.com/all/co2321809.html
jobs.51job.com/all/co4846863.html
jobs.51job.com/all/co3180222.html
jobs.51job.com/all/co3180222.html
jobs.51job.com/all/co3719000.html
jobs.51job.com/all/co4312435.html
jobs.51job.com/all/co2586306.html
jobs.51job.com/all/co2196975.html
jobs.51job.com/all/co4668794.html
jobs.51job.com/all/co4668794.html
jobs.51job.com/all/co4598110.html
jobs.51job.com/all/co2343879.html
jobs.51job.com/all/co2343879.html
jobs.51job.com/all/co4120398.html
jobs.51job.com/all/co4269638.html
jobs.51job.com/all/co4570236.html
jobs.51job.com/all/co2498061.html
jobs.51job.com/all/co2498061.html
jobs.51job.com/all/co2498061.html
jobs.51job.com/all/co3594978.html
jobs.51job.com/all/co3594978.html
jobs.51job.com/all/co3111392.html
jobs.51job.com/all/co3111392.html
jobs.51job.com/all/co3111392.html
jobs.51job.com/all/co3111392.html
jobs.51job.com/all/co4528297.html
jobs.51job.com/all/co4528297.html
jobs.51job.com/all/co4528297.html
jobs.51job.com/all/co2734853.html
jobs.51job.com/all/co2734853.html
jobs.51job.com/all/co2734853.html
jobs.51job.com/all/co2734853.html
jobs.51job.com/all/co4087369.html
jobs.51job.com/all/co4002088.html
jobs.51job.com/all/co2437589.html
jobs.51job.com/all/co2359570.html
jobs.51job.com/all/co2174433.html
jobs.51job.com/all/co2174433.html
jobs.51job.com/all/co3303287.html
jobs.51job.com/all/co3303287.html
jobs.51job.com/all/co3303287.html
jobs.51job.com/all/co3303287.html
jobs.51job.com/all/co2337631.html
jobs.51job.com/all/co4407091.html
jobs.51job.com/all/co2518479.html
jobs.51job.com/all/co4576811.html
jobs.51job.com/all/co4865763.html
jobs.51job.com/all/co4865763.html
jobs.51job.com/all/co2876157.html
jobs.51job.com/all/co2876157.html
jobs.51job.com/all/co2876157.html
jobs.51job.com/all/co2876157.html
jobs.51job.com/all/co4620733.html
jobs.51job.com/all/co4620733.html
jobs.51job.com/all/co4620733.html
jobs.51job.com/all/co4620733.html
jobs.51job.com/all/co4620733.html
jobs.51job.com/all/co4620733.html
jobs.51job.com/all/co4384874.html
jobs.51job.com/all/co4384874.html
jobs.51job.com/all/co4384874.html
jobs.51job.com/all/co4384874.html
jobs.51job.com/all/co4384874.html
jobs.51job.com/all/co4384874.html
jobs.51job.com/all/co4384841.html
jobs.51job.com/all/co4384841.html
jobs.51job.com/all/co3916837.html
jobs.51job.com/all/co3916837.html
jobs.51job.com/all/co4384841.html
jobs.51job.com/all/co4295959.html
jobs.51job.com/all/co4295959.html
jobs.51job.com/all/co4295959.html
jobs.51job.com/all/co4295959.html
jobs.51job.com/all/co4295959.html
jobs.51job.com/all/co4295959.html
jobs.51job.com/all/co4295959.html
jobs.51job.com/all/co4295959.html
jobs.51job.com/all/co4295959.html
jobs.51job.com/all/co3037285.html
jobs.51job.com/all/co3037285.html
jobs.51job.com/all/co3037285.html
jobs.51job.com/all/co3037285.html
jobs.51job.com/all/co3037285.html
jobs.51job.com/all/co3037285.html
jobs.51job.com/all/co2317476.html
jobs.51job.com/all/co2317476.html
jobs.51job.com/all/co3766667.html
jobs.51job.com/all/co3766667.html
jobs.51job.com/all/co4062565.html
jobs.51job.com/all/co4062565.html
jobs.51job.com/all/co4062565.html
jobs.51job.com/all/co4062565.html
jobs.51job.com/all/co4062565.html
jobs.51job.com/all/co4062565.html
jobs.51job.com/all/co3025760.html
jobs.51job.com/all/co211845.html
jobs.51job.com/all/co211845.html
jobs.51job.com/all/co2487404.html
jobs.51job.com/all/co189709.html
jobs.51job.com/all/co2632202.html
jobs.51job.com/all/co2632202.html
jobs.51job.com/all/co4671224.html
jobs.51job.com/all/co447575.html
jobs.51job.com/all/co3913895.html
jobs.51job.com/all/co3913895.html
jobs.51job.com/all/co3913895.html
jobs.51job.com/all/co2322709.html
jobs.51job.com/all/co3074082.html
jobs.51job.com/all/co2303131.html
jobs.51job.com/all/co289177.html
jobs.51job.com/all/co289177.html
jobs.51job.com/all/co2579480.html
jobs.51job.com/all/co2579480.html
jobs.51job.com/all/co2579480.html
jobs.51job.com/all/co2195269.html
jobs.51job.com/all/co2195269.html
thyssenkrupp.51job.com
thyssenkrupp.51job.com
jobs.51job.com/all/co2215077.html
jobs.51job.com/all/co109093.html
jobs.51job.com/all/co109093.html
jobs.51job.com/all/co109093.html
jobs.51job.com/all/co109093.html
jobs.51job.com/all/co2880202.html
jobs.51job.com/all/co278561.html
jobs.51job.com/all/co278561.html
jobs.51job.com/all/co278561.html
jobs.51job.com/all/co3139486.html
jobs.51job.com/all/co2462279.html
jobs.51job.com/all/co2462279.html
jobs.51job.com/all/co3000069.html
jobs.51job.com/all/co3000069.html
jobs.51job.com/all/co4600663.html
jobs.51job.com/all/co4600663.html
jobs.51job.com/all/co4600663.html
jobs.51job.com/all/co3172583.html
jobs.51job.com/all/co2587033.html
jobs.51job.com/all/co2587033.html
jobs.51job.com/all/co2587033.html
jobs.51job.com/all/co2587033.html
jobs.51job.com/all/co2587033.html
jobs.51job.com/all/co2587033.html
jobs.51job.com/all/co2587033.html
jobs.51job.com/all/co2587033.html
jobs.51job.com/all/co2587033.html
jobs.51job.com/all/co2587033.html
jobs.51job.com/all/co2587033.html
jobs.51job.com/all/co2587033.html
jobs.51job.com/all/co2587033.html
jobs.51job.com/all/co2587033.html
jobs.51job.com/all/co3812402.html
jobs.51job.com/all/co4131577.html
jobs.51job.com/all/co4813400.html
jobs.51job.com/all/co4649680.html
jobs.51job.com/all/co3047517.html
jobs.51job.com/all/co2692113.html
jobs.51job.com/all/co3089554.html
jobs.51job.com/all/co3605271.html
jobs.51job.com/all/co3814514.html
jobs.51job.com/all/co3814514.html
jobs.51job.com/all/co3814514.html
jobs.51job.com/all/co4740953.html
jobs.51job.com/all/co4209127.html
jobs.51job.com/all/co3949900.html
jobs.51job.com/all/co4656671.html
jobs.51job.com/all/co3539987.html
jobs.51job.com/all/co3539987.html
jobs.51job.com/all/co2360272.html
jobs.51job.com/all/co2360272.html
jobs.51job.com/all/co3251841.html
jobs.51job.com/all/co1987073.html
jobs.51job.com/all/co4234701.html
jobs.51job.com/all/co4234701.html
jobs.51job.com/all/co4234701.html
jobs.51job.com/all/co4234701.html
jobs.51job.com/all/co4234701.html
jobs.51job.com/all/co4533608.html
jobs.51job.com/all/co4533608.html
jobs.51job.com/all/co4668794.html
jobs.51job.com/all/co4668794.html
jobs.51job.com/all/co4102007.html
jobs.51job.com/all/co4179421.html
jobs.51job.com/all/co4179421.html
jobs.51job.com/all/co2170649.html
jobs.51job.com/all/co2170649.html
jobs.51job.com/all/co2170649.html
jobs.51job.com/all/co4626771.html
jobs.51job.com/all/co4289166.html
jobs.51job.com/all/co4289166.html
jobs.51job.com/all/co2871692.html
jobs.51job.com/all/co2363403.html
jobs.51job.com/all/co447575.html
jobs.51job.com/all/co4117507.html
jobs.51job.com/all/co3833877.html
jobs.51job.com/all/co3833877.html
jobs.51job.com/all/co4843598.html
jobs.51job.com/all/co4824363.html
jobs.51job.com/all/co4911703.html
jobs.51job.com/all/co1989038.html
borgwarner.51job.com
jobs.51job.com/all/co4467685.html
jobs.51job.com/all/co4606163.html
jobs.51job.com/all/co4606163.html
jobs.51job.com/all/co4606163.html
jobs.51job.com/all/co4606163.html
jobs.51job.com/all/co4606163.html
jobs.51job.com/all/co2331826.html
jobs.51job.com/all/co2331826.html
jobs.51job.com/all/co2331826.html
jobs.51job.com/all/co2331826.html
jobs.51job.com/all/co2331826.html
jobs.51job.com/all/co2331826.html
jobs.51job.com/all/co4008207.html
jobs.51job.com/all/co4858001.html
jobs.51job.com/all/co1519518.html
jobs.51job.com/all/co4312845.html
jobs.51job.com/all/co4312845.html
jobs.51job.com/all/co3549996.html
jobs.51job.com/all/co3549996.html
jobs.51job.com/all/co4367528.html
jobs.51job.com/all/co2385279.html
jobs.51job.com/all/co2591396.html
jobs.51job.com/all/co4463335.html
jobs.51job.com/all/co4661762.html
jobs.51job.com/all/co4661762.html
jobs.51job.com/all/co4661762.html
jobs.51job.com/all/co4661762.html
jobs.51job.com/all/co4661762.html
jobs.51job.com/all/co4661762.html
jobs.51job.com/all/co4674809.html
jobs.51job.com/all/co2507881.html
jobs.51job.com/all/co2670227.html
jobs.51job.com/all/co2396176.html
jobs.51job.com/all/co4798266.html
jobs.51job.com/all/co4798266.html
jobs.51job.com/all/co2408259.html
jobs.51job.com/all/co2408259.html
jobs.51job.com/all/co3459312.html
jobs.51job.com/all/co3459312.html
jobs.51job.com/all/co3459312.html
jobs.51job.com/all/co3459312.html
jobs.51job.com/all/co4757895.html
jobs.51job.com/all/co4022108.html
jobs.51job.com/all/co4022108.html
jobs.51job.com/all/co3609905.html
jobs.51job.com/all/co2316709.html
jobs.51job.com/all/co2607391.html
jobs.51job.com/all/co604570.html
jobs.51job.com/all/co4559581.html
jobs.51job.com/all/co296319.html
jobs.51job.com/all/co4863719.html
jobs.51job.com/all/co4411730.html
jobs.51job.com/all/co3509607.html
jobs.51job.com/all/co1991297.html
jobs.51job.com/all/co3165268.html
jobs.51job.com/all/co3165268.html
jobs.51job.com/all/co2616601.html
jobs.51job.com/all/co2616601.html
jobs.51job.com/all/co2616601.html
jobs.51job.com/all/co2616601.html
jobs.51job.com/all/co2616601.html
jobs.51job.com/all/co2616601.html
jobs.51job.com/all/co4855497.html
jobs.51job.com/all/co2331587.html
jobs.51job.com/all/co2331587.html
jobs.51job.com/all/co3945896.html
jobs.51job.com/all/co3427064.html
jobs.51job.com/all/co3427064.html
jobs.51job.com/all/co3427064.html
jobs.51job.com/all/co3427064.html
jobs.51job.com/all/co3427064.html
jobs.51job.com/all/co4031266.html
jobs.51job.com/all/co4031266.html
jobs.51job.com/all/co4031266.html
jobs.51job.com/all/co4529102.html
jobs.51job.com/all/co4560797.html
jobs.51job.com/all/co2412251.html
jobs.51job.com/all/co2412251.html
jobs.51job.com/all/co2412251.html
jobs.51job.com/all/co2412251.html
jobs.51job.com/all/co3766023.html
jobs.51job.com/all/co4405044.html
jobs.51job.com/all/co4587333.html
jobs.51job.com/all/co2328943.html
jobs.51job.com/all/co4726868.html
jobs.51job.com/all/co4343583.html
jobs.51job.com/all/co4802948.html
jobs.51job.com/all/co3973320.html
jobs.51job.com/all/co3276036.html
jobs.51job.com/all/co3276036.html
jobs.51job.com/all/co3276036.html
jobs.51job.com/all/co3276036.html
jobs.51job.com/all/co2469847.html
jobs.51job.com/all/co4481007.html
jobs.51job.com/all/co3213728.html
jobs.51job.com/all/co2110288.html
jobs.51job.com/all/co2670227.html
jobs.51job.com/all/co2670227.html
jobs.51job.com/all/co2670227.html
jobs.51job.com/all/co2670227.html
jobs.51job.com/all/co2670227.html
jobs.51job.com/all/co2670227.html
jobs.51job.com/all/co2670227.html
jobs.51job.com/all/co2670227.html
jobs.51job.com/all/co2670227.html
jobs.51job.com/all/co4407091.html
jobs.51job.com/all/co4235917.html
jobs.51job.com/all/co2540973.html
jobs.51job.com/all/co2840252.html
jobs.51job.com/all/co4939264.html
jobs.51job.com/all/co4939264.html
jobs.51job.com/all/co2462279.html
jobs.51job.com/all/co2462279.html
jobs.51job.com/all/co589241.html
jobs.51job.com/all/co399397.html
jobs.51job.com/all/co399397.html
jobs.51job.com/all/co4708446.html
jobs.51job.com/all/co4708446.html
jobs.51job.com/all/co4708446.html
jobs.51job.com/all/co4708446.html
jobs.51job.com/all/co4708446.html
jobs.51job.com/all/co4708446.html
jobs.51job.com/all/co4708446.html
jobs.51job.com/all/co4708446.html
jobs.51job.com/all/co4708446.html
jobs.51job.com/all/co3680446.html
jobs.51job.com/all/co3680446.html
jobs.51job.com/all/co4838630.html
jobs.51job.com/all/co4838630.html
jobs.51job.com/all/co4838630.html
jobs.51job.com/all/co4678197.html
jobs.51job.com/all/co4678197.html
jobs.51job.com/all/co4341415.html
jobs.51job.com/all/co2453388.html
jobs.51job.com/all/co2453388.html
jobs.51job.com/all/co3393617.html
jobs.51job.com/all/co4013640.html
jobs.51job.com/all/co1739881.html
jobs.51job.com/all/co2817965.html
jobs.51job.com/all/co2763052.html
jobs.51job.com/all/co4865642.html
jobs.51job.com/all/co4554403.html
jobs.51job.com/all/co4101993.html
jobs.51job.com/all/co4101993.html
jobs.51job.com/all/co1739881.html
jobs.51job.com/all/co4708858.html
jobs.51job.com/all/co4708858.html
jobs.51job.com/all/co2618194.html
jobs.51job.com/all/co4403396.html
jobs.51job.com/all/co3014827.html
jobs.51job.com/all/co3014827.html
jobs.51job.com/all/co3014827.html
jobs.51job.com/all/co3014827.html
jobs.51job.com/all/co4348990.html
jobs.51job.com/all/co4348990.html
jobs.51job.com/all/co4548164.html
jobs.51job.com/all/co4548164.html
jobs.51job.com/all/co4548164.html
jobs.51job.com/all/co3481867.html
jobs.51job.com/all/co4348990.html
jobs.51job.com/all/co4348990.html
jobs.51job.com/all/co4348990.html
jobs.51job.com/all/co4348990.html
jobs.51job.com/all/co4350560.html
jobs.51job.com/all/co4776161.html
jobs.51job.com/all/co4343018.html
jobs.51job.com/all/co4322575.html
jobs.51job.com/all/co4708858.html
jobs.51job.com/all/co4548164.html
jobs.51job.com/all/co3427064.html
jobs.51job.com/all/co3427064.html
jobs.51job.com/all/co4748221.html
jobs.51job.com/all/co4399101.html
jobs.51job.com/all/co4856237.html
jobs.51job.com/all/co4856237.html
jobs.51job.com/all/co4287677.html
jobs.51job.com/all/co4287677.html
jobs.51job.com/all/co4287677.html
jobs.51job.com/all/co4892868.html
jobs.51job.com/all/co3707984.html
jobs.51job.com/all/co3707984.html
jobs.51job.com/all/co3707984.html
jobs.51job.com/all/co3707984.html
jobs.51job.com/all/co3707984.html
jobs.51job.com/all/co3707984.html
jobs.51job.com/all/co3707984.html
jobs.51job.com/all/co4311442.html
jobs.51job.com/all/co4311442.html
jobs.51job.com/all/co2420733.html
jobs.51job.com/all/co2420733.html
jobs.51job.com/all/co2491306.html
jobs.51job.com/all/co2491306.html
jobs.51job.com/all/co4317924.html
jobs.51job.com/all/co4852643.html
jobs.51job.com/all/co2579480.html
jobs.51job.com/all/co2579480.html
jobs.51job.com/all/co2579480.html
jobs.51job.com/all/co3498208.html
jobs.51job.com/all/co4301935.html
jobs.51job.com/all/co4319012.html
jobs.51job.com/all/co3027340.html
jobs.51job.com/all/co4911703.html
jobs.51job.com/all/co4370240.html
jobs.51job.com/all/co4261900.html
jobs.51job.com/all/co4261900.html
jobs.51job.com/all/co4899914.html
jobs.51job.com/all/co2439071.html
jobs.51job.com/all/co2439071.html
jobs.51job.com/all/co3291110.html
jobs.51job.com/all/co3039852.html
jobs.51job.com/all/co3039852.html
jobs.51job.com/all/co3039852.html
jobs.51job.com/all/co4302584.html
jobs.51job.com/all/co4317924.html
jobs.51job.com/all/co4317924.html
jobs.51job.com/all/co4317924.html
jobs.51job.com/all/co4506.html
jobs.51job.com/all/co3056126.html
jobs.51job.com/all/co774248.html
jobs.51job.com/all/co774248.html
jobs.51job.com/all/co4310871.html
jobs.51job.com/all/co2227895.html
jobs.51job.com/all/co4293508.html
jobs.51job.com/all/co4708858.html
jobs.51job.com/all/co4708858.html
jobs.51job.com/all/co2064524.html
jobs.51job.com/all/co4548164.html
jobs.51job.com/all/co3687889.html
jobs.51job.com/all/co4801169.html
jobs.51job.com/all/co4303647.html
jobs.51job.com/all/co4303647.html
jobs.51job.com/all/co4303647.html
jobs.51job.com/all/co4303647.html
jobs.51job.com/all/co4303647.html
jobs.51job.com/all/co4350560.html
jobs.51job.com/all/co4350560.html
jobs.51job.com/all/co4669469.html
jobs.51job.com/all/co3565688.html
jobs.51job.com/all/co3773316.html
jobs.51job.com/all/co3773316.html
jobs.51job.com/all/co1739881.html
jobs.51job.com/all/co1519714.html
jobs.51job.com/all/co2754456.html
jobs.51job.com/all/co2754456.html
jobs.51job.com/all/co3304529.html
jobs.51job.com/all/co1493539.html
jobs.51job.com/all/co1493539.html
jobs.51job.com/all/co4081482.html
jobs.51job.com/all/co4081482.html
jobs.51job.com/all/co4081482.html
jobs.51job.com/all/co2399381.html
jobs.51job.com/all/co2399381.html
jobs.51job.com/all/co2304815.html
jobs.51job.com/all/co2304815.html
jobs.51job.com/all/co252674.html
jobs.51job.com/all/co2977928.html
jobs.51job.com/all/co3548242.html
jobs.51job.com/all/co3548242.html
jobs.51job.com/all/co3609905.html
jobs.51job.com/all/co348480.html
jobs.51job.com/all/co3357343.html
jobs.51job.com/all/co3357343.html
jobs.51job.com/all/co4317924.html
jobs.51job.com/all/co4317924.html
jobs.51job.com/all/co4317924.html
jobs.51job.com/all/co295256.html
jobs.51job.com/all/co4676706.html
jobs.51job.com/all/co3459858.html
jobs.51job.com/all/co2550561.html
jobs.51job.com/all/co2927490.html
jobs.51job.com/all/co3609905.html
jobs.51job.com/all/co3609905.html
jobs.51job.com/all/co2518400.html
jobs.51job.com/all/co2518400.html
jobs.51job.com/all/co3074005.html
jobs.51job.com/all/co3528556.html
jobs.51job.com/all/co3305466.html
jobs.51job.com/all/co2221698.html
jobs.51job.com/all/co3305466.html
jobs.51job.com/all/co3305466.html
jobs.51job.com/all/co3776948.html
jobs.51job.com/all/co4234701.html
jobs.51job.com/all/co4234701.html
jobs.51job.com/all/co4533608.html
jobs.51job.com/all/co4548164.html
jobs.51job.com/all/co2550561.html
jobs.51job.com/all/co4310871.html
jobs.51job.com/all/co4236022.html
jobs.51job.com/all/co3227516.html
jobs.51job.com/all/co3502946.html
jobs.51job.com/all/co3502946.html
jobs.51job.com/all/co4336572.html
jobs.51job.com/all/co2378957.html
jobs.51job.com/all/co2435486.html
jobs.51job.com/all/co3857149.html
jobs.51job.com/all/co3933471.html
thyssenkrupp.51job.com
jobs.51job.com/all/co2794000.html
jobs.51job.com/all/co109093.html
jobs.51job.com/all/co109093.html
jobs.51job.com/all/co4600663.html
jobs.51job.com/all/co4600663.html
jobs.51job.com/all/co4533608.html
jobs.51job.com/all/co500745.html
jobs.51job.com/all/co4690455.html
jobs.51job.com/all/co2533390.html
jobs.51job.com/all/co2533390.html
jobs.51job.com/all/co3393617.html
jobs.51job.com/all/co3707984.html
jobs.51job.com/all/co2353629.html
jobs.51job.com/all/co3227516.html
jobs.51job.com/all/co2182030.html
