jobs.51job.com/all/co4583925.html
jobs.51job.com/all/co3705935.html
jobs.51job.com/all/co2507622.html
jobs.51job.com/all/co3887586.html
jobs.51job.com/all/co2343589.html
jobs.51job.com/all/co1533028.html
jobs.51job.com/all/co4669562.html
jobs.51job.com/all/co4157478.html
jobs.51job.com/all/co705137.html
jobs.51job.com/all/co4524685.html
jobs.51job.com/all/co3398796.html
jobs.51job.com/all/co4360045.html
jobs.51job.com/all/co135210.html
jobs.51job.com/all/co4015406.html
thyssenkrupp.51job.com
jobs.51job.com/all/co1990452.html
jobs.51job.com/all/co2799039.html
jobs.51job.com/all/co3883571.html
jobs.51job.com/all/co3030393.html
jobs.51job.com/all/co1995565.html
jobs.51job.com/all/co126247.html
jobs.51job.com/all/co4385762.html
jobs.51job.com/all/co2707366.html
jobs.51job.com/all/co3118846.html
jobs.51job.com/all/co4413235.html
jobs.51job.com/all/co4102142.html
jobs.51job.com/all/co4331163.html
jobs.51job.com/all/co4927892.html
jobs.51job.com/all/co3575972.html
jobs.51job.com/all/co4584403.html
jobs.51job.com/all/co4727073.html
jobs.51job.com/all/co4824757.html
jobs.51job.com/all/co548285.html
jobs.51job.com/all/co4734693.html
jobs.51job.com/all/co4867928.html
jobs.51job.com/all/co4522698.html
jobs.51job.com/all/co4884417.html
jobs.51job.com/all/co2014916.html
jobs.51job.com/all/co4522543.html
jobs.51job.com/all/co3829819.html
jobs.51job.com/all/co2631660.html
jobs.51job.com/all/co3191920.html
jobs.51job.com/all/co4559984.html
jobs.51job.com/all/co4936389.html
jobs.51job.com/all/co4087962.html
jobs.51job.com/all/co3022396.html
jobs.51job.com/all/co3350780.html
zj32.51job.com
zjsj.51job.com/
jobs.51job.com/all/co4896292.html
jobs.51job.com/all/co3154312.html
jobs.51job.com/all/co4867239.html
jobs.51job.com/all/co4853118.html
jobs.51job.com/all/co909282.html
jobs.51job.com/all/co3331708.html
jobs.51job.com/all/co3333283.html
jobs.51job.com/all/co2273274.html
jobs.51job.com/all/co4313543.html
jobs.51job.com/all/co2812802.html
jobs.51job.com/all/co3444105.html
jobs.51job.com/all/co3753666.html
jobs.51job.com/all/co3227890.html
jobs.51job.com/all/co4634191.html
jobs.51job.com/all/co212918.html
jobs.51job.com/all/co2607999.html
jobs.51job.com/all/co126415.html
jobs.51job.com/all/co4295421.html
jobs.51job.com/all/co4835786.html
jobs.51job.com/all/co4331106.html
jobs.51job.com/all/co2531079.html
jobs.51job.com/all/co103226.html
jobs.51job.com/all/co2280847.html
jobs.51job.com/all/co3804738.html
jobs.51job.com/all/co3706483.html
jobs.51job.com/all/co4850160.html
jobs.51job.com/all/co4438204.html
jobs.51job.com/all/co2825265.html
jobs.51job.com/all/co2986150.html
jobs.51job.com/all/co2390940.html
jobs.51job.com/all/co2978567.html
meituan.51job.com
jobs.51job.com/all/co4022612.html
jobs.51job.com/all/co4711973.html
jobs.51job.com/all/co3124607.html
jobs.51job.com/all/co3333554.html
jobs.51job.com/all/co510822.html
jobs.51job.com/all/co2532423.html
jobs.51job.com/all/co2959928.html
jobs.51job.com/all/co2195712.html
jobs.51job.com/all/co3596517.html
jobs.51job.com/all/co1997411.html
jobs.51job.com/all/co3605419.html
jobs.51job.com/all/co3945879.html
jobs.51job.com/all/co300472.html
jobs.51job.com/all/co4315619.html
jobs.51job.com/all/co4002088.html
jobs.51job.com/all/co3764142.html
jobs.51job.com/all/co3467985.html
jobs.51job.com/all/co2704152.html
jobs.51job.com/all/co2736588.html
jobs.51job.com/all/co200527.html
jobs.51job.com/all/co4167212.html
jobs.51job.com/all/co2719243.html
jobs.51job.com/all/co4772933.html
jobs.51job.com/all/co2718654.html
jobs.51job.com/all/co2003353.html
jobs.51job.com/all/co3535200.html
jobs.51job.com/all/co3095894.html
jobs.51job.com/all/co3199233.html
jobs.51job.com/all/co3063193.html
jobs.51job.com/all/co3468903.html
jobs.51job.com/all/co3428886.html
jobs.51job.com/all/co3818062.html
jobs.51job.com/all/co2659505.html
jobs.51job.com/all/co3209780.html
jobs.51job.com/all/co2357498.html
jobs.51job.com/all/co3291110.html
jobs.51job.com/all/co3738626.html
jobs.51job.com/all/co318359.html
jobs.51job.com/all/co4546361.html
jobs.51job.com/all/co3349845.html
jobs.51job.com/all/co2515408.html
jobs.51job.com/all/co2608870.html
jobs.51job.com/all/co3477535.html
jobs.51job.com/all/co178586.html
jobs.51job.com/all/co2487480.html
jobs.51job.com/all/co3916837.html
jobs.51job.com/all/co2809520.html
jobs.51job.com/all/co2562116.html
jobs.51job.com/all/co4524155.html
jobs.51job.com/all/co2354594.html
jobs.51job.com/all/co193349.html
jobs.51job.com/all/co4785703.html
jobs.51job.com/all/co4290118.html
jobs.51job.com/all/co4522408.html
jobs.51job.com/all/co2314595.html
jobs.51job.com/all/co3697572.html
jobs.51job.com/all/co4581382.html
jobs.51job.com/all/co2910007.html
jobs.51job.com/all/co2656992.html
jobs.51job.com/all/co3002239.html
jobs.51job.com/all/co2705363.html
jobs.51job.com/all/co4034906.html
jobs.51job.com/all/co2577301.html
jobs.51job.com/all/co2733247.html
jobs.51job.com/all/co2683268.html
jobs.51job.com/all/co3309893.html
jobs.51job.com/all/co3251627.html
jobs.51job.com/all/co2901331.html
jobs.51job.com/all/co4182185.html
jobs.51job.com/all/co3522839.html
jobs.51job.com/all/co2763838.html
jobs.51job.com/all/co4782422.html
jobs.51job.com/all/co4739634.html
jobs.51job.com/all/co1842779.html
jobs.51job.com/all/co4806545.html
jobs.51job.com/all/co2349024.html
jobs.51job.com/all/co3822348.html
jobs.51job.com/all/co521037.html
jobs.51job.com/all/co4747593.html
jobs.51job.com/all/co4635657.html
jobs.51job.com/all/co3041795.html
jobs.51job.com/all/co3759044.html
jobs.51job.com/all/co2580137.html
jobs.51job.com/all/co3902926.html
jobs.51job.com/all/co2353436.html
jobs.51job.com/all/co614339.html
jobs.51job.com/all/co4290257.html
jobs.51job.com/all/co1992633.html
jobs.51job.com/all/co2519867.html
jobs.51job.com/all/co2208188.html
jobs.51job.com/all/co2229150.html
jobs.51job.com/all/co1291000.html
jobs.51job.com/all/co2634860.html
jobs.51job.com/all/co232254.html
jobs.51job.com/all/co3647823.html
jobs.51job.com/all/co2614173.html
jobs.51job.com/all/co276761.html
jobs.51job.com/all/co183121.html
jobs.51job.com/all/co3134929.html
jobs.51job.com/all/co109794.html
jobs.51job.com/all/co234401.html
jobs.51job.com/all/co4500965.html
jobs.51job.com/all/co4701659.html
jobs.51job.com/all/co3684851.html
jobs.51job.com/all/co2734615.html
jobs.51job.com/all/co3315781.html
jobs.51job.com/all/co2701167.html
jobs.51job.com/all/co2702931.html
jobs.51job.com/all/co4826557.html
jobs.51job.com/all/co4111505.html
jobs.51job.com/all/co4774284.html
jobs.51job.com/all/co2657986.html
jobs.51job.com/all/co1994859.html
jobs.51job.com/all/co3044391.html
jobs.51job.com/all/co3330213.html
jobs.51job.com/all/co2731965.html
jobs.51job.com/all/co3712412.html
jobs.51job.com/all/co2560805.html
jobs.51job.com/all/co4595173.html
jobs.51job.com/all/co4595209.html
jobs.51job.com/all/co2170054.html
jobs.51job.com/all/co2620696.html
jobs.51job.com/all/co3256653.html
jobs.51job.com/all/co3996877.html
jobs.51job.com/all/co3052924.html
jobs.51job.com/all/co292446.html
jobs.51job.com/all/co2858305.html
jobs.51job.com/all/co612312.html
jobs.51job.com/all/co2806511.html
jobs.51job.com/all/co2421654.html
jobs.51job.com/all/co2417239.html
jobs.51job.com/all/co1510292.html
jobs.51job.com/all/co4506.html
jobs.51job.com/all/co2606785.html
jobs.51job.com/all/co2963589.html
jobs.51job.com/all/co3434651.html
jobs.51job.com/all/co2713958.html
jobs.51job.com/all/co2851536.html
jobs.51job.com/all/co4436025.html
jobs.51job.com/all/co287915.html
jobs.51job.com/all/co2582923.html
jobs.51job.com/all/co2892462.html
jobs.51job.com/all/co2016323.html
jobs.51job.com/all/co4871905.html
jobs.51job.com/all/co3700722.html
jobs.51job.com/all/co4035845.html
jobs.51job.com/all/co2677298.html
jobs.51job.com/all/co4365382.html
jobs.51job.com/all/co4176512.html
jobs.51job.com/all/co2562001.html
jobs.51job.com/all/co2245593.html
jobs.51job.com/all/co3809411.html
jobs.51job.com/all/co3464815.html
jobs.51job.com/all/co4703368.html
jobs.51job.com/all/co4115527.html
jobs.51job.com/all/co4115901.html
jobs.51job.com/all/co4847596.html
jobs.51job.com/all/co3610872.html
jobs.51job.com/all/co1988792.html
jobs.51job.com/all/co4898397.html
jobs.51job.com/all/co2630399.html
jobs.51job.com/all/co639746.html
jobs.51job.com/all/co4801934.html
jobs.51job.com/all/co1306739.html
jobs.51job.com/all/co2986202.html
jobs.51job.com/all/co106423.html
jobs.51job.com/all/co4331759.html
jobs.51job.com/all/co3680905.html
jobs.51job.com/all/co5336.html
jobs.51job.com/all/co4003382.html
jobs.51job.com/all/co4321092.html
jobs.51job.com/all/co4372857.html
jobs.51job.com/all/co2702025.html
jobs.51job.com/all/co3055443.html
jobs.51job.com/all/co4883423.html
jobs.51job.com/all/co569726.html
jobs.51job.com/all/co4538381.html
jobs.51job.com/all/co2403600.html
jobs.51job.com/all/co3389253.html
jobs.51job.com/all/co3545524.html
jobs.51job.com/all/co3632444.html
jobs.51job.com/all/co4928479.html
jobs.51job.com/all/co4888599.html
jobs.51job.com/all/co4458548.html
jobs.51job.com/all/co3368972.html
jobs.51job.com/all/co4536210.html
jobs.51job.com/all/co3569059.html
jobs.51job.com/all/co3818179.html
jobs.51job.com/all/co2478368.html
jobs.51job.com/all/co4518545.html
jobs.51job.com/all/co4722036.html
jobs.51job.com/all/co4907975.html
jobs.51job.com/all/co4007431.html
jobs.51job.com/all/co4751742.html
jobs.51job.com/all/co3260835.html
jobs.51job.com/all/co4535829.html
jobs.51job.com/all/co4783239.html
jobs.51job.com/all/co4913235.html
jobs.51job.com/all/co4551739.html
jobs.51job.com/all/co2257638.html
jobs.51job.com/all/co4269835.html
jobs.51job.com/all/co3066567.html
jobs.51job.com/all/co2756440.html
jobs.51job.com/all/co4371994.html
jobs.51job.com/all/co4789502.html
jobs.51job.com/all/co4194358.html
jobs.51job.com/all/co2930939.html
jobs.51job.com/all/co2193652.html
jobs.51job.com/all/co3545804.html
jobs.51job.com/all/co1788328.html
jobs.51job.com/all/co3539083.html
jobs.51job.com/all/co4835598.html
jobs.51job.com/all/co4893637.html
jobs.51job.com/all/co3879943.html
jobs.51job.com/all/co4625522.html
jobs.51job.com/all/co1371530.html
jobs.51job.com/all/co2760742.html
jobs.51job.com/all/co4413561.html
jobs.51job.com/all/co4068753.html
jobs.51job.com/all/co4110212.html
jobs.51job.com/all/co2513462.html
jobs.51job.com/all/co2956030.html
jobs.51job.com/all/co3669615.html
jobs.51job.com/all/co4283843.html
jobs.51job.com/all/co4474129.html
jobs.51job.com/all/co3661937.html
jobs.51job.com/all/co3784341.html
jobs.51job.com/all/co4330346.html
jobs.51job.com/all/co3105784.html
jobs.51job.com/all/co3852183.html
jobs.51job.com/all/co3699605.html
jobs.51job.com/all/co3888093.html
jobs.51job.com/all/co4738033.html
jobs.51job.com/all/co144117.html
jobs.51job.com/all/co4796115.html
jobs.51job.com/all/co4368474.html
jobs.51job.com/all/co765324.html
jobs.51job.com/all/co4142142.html
jobs.51job.com/all/co4676706.html
jobs.51job.com/all/co2543335.html
jobs.51job.com/all/co4284062.html
jobs.51job.com/all/co2218909.html
jobs.51job.com/all/co320312.html
jobs.51job.com/all/co3482841.html
jobs.51job.com/all/co4198140.html
jobs.51job.com/all/co2546282.html
jobs.51job.com/all/co2126349.html
jobs.51job.com/all/co4375831.html
jobs.51job.com/all/co3688067.html
jobs.51job.com/all/co3277452.html
jobs.51job.com/all/co2646566.html
jobs.51job.com/all/co4846458.html
jobs.51job.com/all/co3776948.html
jobs.51job.com/all/co4592382.html
jobs.51job.com/all/co270592.html
jobs.51job.com/all/co2783125.html
jobs.51job.com/all/co642236.html
jobs.51job.com/all/co4864018.html
jobs.51job.com/all/co3392571.html
jobs.51job.com/all/co306536.html
jobs.51job.com/all/co3258164.html
jobs.51job.com/all/co3805420.html
jobs.51job.com/all/co4669562.html
jobs.51job.com/all/co4669562.html
jobs.51job.com/all/co4669562.html
jobs.51job.com/all/co3398796.html
jobs.51job.com/all/co4360045.html
jobs.51job.com/all/co4360045.html
jobs.51job.com/all/co4385762.html
jobs.51job.com/all/co4102142.html
jobs.51job.com/all/co4824757.html
jobs.51job.com/all/co2014916.html
jobs.51job.com/all/co4522543.html
jobs.51job.com/all/co126247.html
jobs.51job.com/all/co3829819.html
jobs.51job.com/all/co3829819.html
jobs.51job.com/all/co3829819.html
jobs.51job.com/all/co3829819.html
jobs.51job.com/all/co3829819.html
jobs.51job.com/all/co3829819.html
jobs.51job.com/all/co3829819.html
jobs.51job.com/all/co2631660.html
jobs.51job.com/all/co2631660.html
jobs.51job.com/all/co2631660.html
jobs.51job.com/all/co2631660.html
jobs.51job.com/all/co3191920.html
jobs.51job.com/all/co3191920.html
jobs.51job.com/all/co3191920.html
jobs.51job.com/all/co3191920.html
jobs.51job.com/all/co4559984.html
jobs.51job.com/all/co4559984.html
jobs.51job.com/all/co4559984.html
jobs.51job.com/all/co4559984.html
jobs.51job.com/all/co4559984.html
jobs.51job.com/all/co4559984.html
jobs.51job.com/all/co4559984.html
jobs.51job.com/all/co4559984.html
jobs.51job.com/all/co4559984.html
jobs.51job.com/all/co4559984.html
jobs.51job.com/all/co4936389.html
jobs.51job.com/all/co4559984.html
jobs.51job.com/all/co4559984.html
jobs.51job.com/all/co4896292.html
jobs.51job.com/all/co4896292.html
jobs.51job.com/all/co4896292.html
jobs.51job.com/all/co4896292.html
jobs.51job.com/all/co4896292.html
jobs.51job.com/all/co3022396.html
jobs.51job.com/all/co3154312.html
jobs.51job.com/all/co4867239.html
jobs.51job.com/all/co4867239.html
jobs.51job.com/all/co2273274.html
jobs.51job.com/all/co2273274.html
jobs.51job.com/all/co3227890.html
jobs.51job.com/all/co2607999.html
jobs.51job.com/all/co4331106.html
jobs.51job.com/all/co2825265.html
jobs.51job.com/all/co2825265.html
jobs.51job.com/all/co2825265.html
jobs.51job.com/all/co2531079.html
jobs.51job.com/all/co3124607.html
jobs.51job.com/all/co3124607.html
jobs.51job.com/all/co2959928.html
jobs.51job.com/all/co2195712.html
jobs.51job.com/all/co3945879.html
jobs.51job.com/all/co3945879.html
jobs.51job.com/all/co4002088.html
jobs.51job.com/all/co4002088.html
jobs.51job.com/all/co4002088.html
jobs.51job.com/all/co4002088.html
jobs.51job.com/all/co4002088.html
jobs.51job.com/all/co4002088.html
jobs.51job.com/all/co4002088.html
jobs.51job.com/all/co4002088.html
jobs.51job.com/all/co4002088.html
jobs.51job.com/all/co2736588.html
jobs.51job.com/all/co2704152.html
jobs.51job.com/all/co4167212.html
jobs.51job.com/all/co4772933.html
jobs.51job.com/all/co2718654.html
jobs.51job.com/all/co2718654.html
jobs.51job.com/all/co2718654.html
jobs.51job.com/all/co2718654.html
jobs.51job.com/all/co2003353.html
jobs.51job.com/all/co3199233.html
jobs.51job.com/all/co3199233.html
jobs.51job.com/all/co3468903.html
jobs.51job.com/all/co3468903.html
jobs.51job.com/all/co3468903.html
jobs.51job.com/all/co3468903.html
jobs.51job.com/all/co3468903.html
jobs.51job.com/all/co3428886.html
jobs.51job.com/all/co3428886.html
jobs.51job.com/all/co3428886.html
jobs.51job.com/all/co4157478.html
jobs.51job.com/all/co705137.html
jobs.51job.com/all/co2273274.html
jobs.51job.com/all/co2607999.html
jobs.51job.com/all/co2607999.html
jobs.51job.com/all/co3916837.html
jobs.51job.com/all/co3916837.html
jobs.51job.com/all/co3916837.html
jobs.51job.com/all/co3916837.html
jobs.51job.com/all/co3331708.html
jobs.51job.com/all/co2809520.html
jobs.51job.com/all/co2809520.html
jobs.51job.com/all/co4785703.html
jobs.51job.com/all/co4785703.html
jobs.51job.com/all/co2812802.html
jobs.51job.com/all/co2812802.html
jobs.51job.com/all/co2809520.html
jobs.51job.com/all/co2809520.html
jobs.51job.com/all/co2809520.html
jobs.51job.com/all/co2809520.html
jobs.51job.com/all/co4015406.html
jobs.51job.com/all/co4581382.html
jobs.51job.com/all/co4581382.html
jobs.51job.com/all/co4581382.html
jobs.51job.com/all/co3002239.html
jobs.51job.com/all/co3002239.html
jobs.51job.com/all/co3002239.html
jobs.51job.com/all/co3002239.html
jobs.51job.com/all/co2733247.html
jobs.51job.com/all/co2733247.html
thyssenkrupp.51job.com
thyssenkrupp.51job.com
thyssenkrupp.51job.com
jobs.51job.com/all/co3251627.html
jobs.51job.com/all/co3251627.html
jobs.51job.com/all/co4102142.html
jobs.51job.com/all/co4806545.html
jobs.51job.com/all/co3822348.html
jobs.51job.com/all/co4635657.html
jobs.51job.com/all/co2353436.html
jobs.51job.com/all/co2353436.html
jobs.51job.com/all/co2799039.html
jobs.51job.com/all/co2799039.html
jobs.51job.com/all/co2799039.html
jobs.51job.com/all/co2799039.html
jobs.51job.com/all/co3444105.html
jobs.51job.com/all/co2634860.html
jobs.51job.com/all/co183121.html
jobs.51job.com/all/co183121.html
jobs.51job.com/all/co3030393.html
jobs.51job.com/all/co234401.html
jobs.51job.com/all/co234401.html
jobs.51job.com/all/co4500965.html
jobs.51job.com/all/co2519867.html
jobs.51job.com/all/co3706483.html
jobs.51job.com/all/co2701167.html
jobs.51job.com/all/co2701167.html
jobs.51job.com/all/co2702931.html
jobs.51job.com/all/co2702931.html
jobs.51job.com/all/co2702931.html
jobs.51job.com/all/co4826557.html
jobs.51job.com/all/co3330213.html
jobs.51job.com/all/co2731965.html
jobs.51job.com/all/co3804738.html
jobs.51job.com/all/co3256653.html
jobs.51job.com/all/co4850160.html
jobs.51job.com/all/co2858305.html
jobs.51job.com/all/co2806511.html
jobs.51job.com/all/co2421654.html
jobs.51job.com/all/co2421654.html
jobs.51job.com/all/co2421654.html
jobs.51job.com/all/co2417239.html
jobs.51job.com/all/co2417239.html
jobs.51job.com/all/co2519867.html
jobs.51job.com/all/co4176512.html
jobs.51job.com/all/co4331106.html
jobs.51job.com/all/co4102142.html
jobs.51job.com/all/co4102142.html
jobs.51job.com/all/co4331106.html
jobs.51job.com/all/co4331106.html
jobs.51job.com/all/co3610872.html
jobs.51job.com/all/co3610872.html
jobs.51job.com/all/co2630399.html
jobs.51job.com/all/co4801934.html
jobs.51job.com/all/co4801934.html
jobs.51job.com/all/co4801934.html
jobs.51job.com/all/co4898397.html
jobs.51job.com/all/co4898397.html
jobs.51job.com/all/co4835786.html
jobs.51job.com/all/co4898397.html
jobs.51job.com/all/co106423.html
jobs.51job.com/all/co106423.html
jobs.51job.com/all/co4898397.html
jobs.51job.com/all/co4898397.html
jobs.51job.com/all/co4331759.html
jobs.51job.com/all/co4898397.html
jobs.51job.com/all/co4898397.html
jobs.51job.com/all/co4898397.html
jobs.51job.com/all/co4898397.html
jobs.51job.com/all/co4898397.html
jobs.51job.com/all/co4635657.html
jobs.51job.com/all/co4635657.html
jobs.51job.com/all/co4898397.html
jobs.51job.com/all/co4898397.html
jobs.51job.com/all/co4372857.html
jobs.51job.com/all/co2702025.html
jobs.51job.com/all/co2702025.html
jobs.51job.com/all/co4927892.html
jobs.51job.com/all/co4927892.html
jobs.51job.com/all/co3575972.html
jobs.51job.com/all/co4522543.html
jobs.51job.com/all/co4522543.html
jobs.51job.com/all/co4928479.html
jobs.51job.com/all/co4536210.html
jobs.51job.com/all/co2478368.html
jobs.51job.com/all/co4722036.html
jobs.51job.com/all/co4584403.html
jobs.51job.com/all/co4522698.html
jobs.51job.com/all/co3291110.html
jobs.51job.com/all/co4824757.html
jobs.51job.com/all/co4824757.html
jobs.51job.com/all/co4551739.html
jobs.51job.com/all/co4436025.html
jobs.51job.com/all/co4371994.html
jobs.51job.com/all/co4371994.html
jobs.51job.com/all/co4371994.html
jobs.51job.com/all/co4371994.html
jobs.51job.com/all/co4371994.html
jobs.51job.com/all/co4789502.html
jobs.51job.com/all/co4789502.html
jobs.51job.com/all/co4789502.html
jobs.51job.com/all/co4194358.html
jobs.51job.com/all/co4789502.html
jobs.51job.com/all/co4789502.html
jobs.51job.com/all/co4867928.html
jobs.51job.com/all/co3291110.html
jobs.51job.com/all/co4789502.html
jobs.51job.com/all/co4789502.html
jobs.51job.com/all/co4789502.html
jobs.51job.com/all/co4835598.html
jobs.51job.com/all/co4835598.html
jobs.51job.com/all/co4835598.html
jobs.51job.com/all/co4835598.html
jobs.51job.com/all/co4835598.html
jobs.51job.com/all/co4835598.html
jobs.51job.com/all/co4835598.html
jobs.51job.com/all/co4835598.html
jobs.51job.com/all/co4835598.html
jobs.51job.com/all/co4835598.html
jobs.51job.com/all/co2014916.html
jobs.51job.com/all/co4734693.html
jobs.51job.com/all/co4283843.html
jobs.51job.com/all/co4283843.html
jobs.51job.com/all/co4283843.html
jobs.51job.com/all/co4283843.html
jobs.51job.com/all/co4283843.html
jobs.51job.com/all/co4142142.html
jobs.51job.com/all/co4142142.html
jobs.51job.com/all/co4142142.html
jobs.51job.com/all/co4368474.html
jobs.51job.com/all/co3699605.html
jobs.51job.com/all/co3251627.html
jobs.51job.com/all/co3251627.html
jobs.51job.com/all/co612312.html
jobs.51job.com/all/co612312.html
jobs.51job.com/all/co2631660.html
jobs.51job.com/all/co2631660.html
jobs.51job.com/all/co2646566.html
jobs.51job.com/all/co3776948.html
jobs.51job.com/all/co3776948.html
jobs.51job.com/all/co2783125.html
jobs.51job.com/all/co3191920.html
jobs.51job.com/all/co306536.html
jobs.51job.com/all/co4595173.html
jobs.51job.com/all/co4003382.html
jobs.51job.com/all/co3805420.html
jobs.51job.com/all/co3805420.html
