jobs.51job.com/all/co4950437.html
jobs.51job.com/all/co2776908.html
jobs.51job.com/all/co2435792.html
jobs.51job.com/all/co4956693.html
jobs.51job.com/all/co3695131.html
jobs.51job.com/all/co2978604.html
jobs.51job.com/all/co4859877.html
jobs.51job.com/all/co4299327.html
jobs.51job.com/all/co3406044.html
jobs.51job.com/all/co3266652.html
jobs.51job.com/all/co3863663.html
jobs.51job.com/all/co3427447.html
jobs.51job.com/all/co4033618.html
jobs.51job.com/all/co2895935.html
jobs.51job.com/all/co4098930.html
jobs.51job.com/all/co4860378.html
jobs.51job.com/all/co4659372.html
jobs.51job.com/all/co2430028.html
jobs.51job.com/all/co2929948.html
jobs.51job.com/all/co4932994.html
jobs.51job.com/all/co4111076.html
jobs.51job.com/all/co258998.html
jobs.51job.com/all/co2507622.html
jobs.51job.com/all/co2654408.html
jobs.51job.com/all/co4724720.html
jobs.51job.com/all/co4325337.html
jobs.51job.com/all/co3017972.html
jobs.51job.com/all/co2157956.html
jobs.51job.com/all/co2237051.html
jobs.51job.com/all/co4268403.html
jobs.51job.com/all/co3435769.html
jobs.51job.com/all/co4935551.html
jobs.51job.com/all/co3244761.html
jobs.51job.com/all/co4215369.html
jobs.51job.com/all/co4018732.html
jobs.51job.com/all/co4828515.html
jobs.51job.com/all/co3201521.html
jobs.51job.com/all/co2745762.html
jobs.51job.com/all/co2512936.html
jobs.51job.com/all/co4126385.html
jobs.51job.com/all/co2920225.html
jobs.51job.com/all/co3222563.html
jobs.51job.com/all/co3370725.html
jobs.51job.com/all/co4880317.html
jobs.51job.com/all/co3478308.html
jobs.51job.com/all/co3240373.html
jobs.51job.com/all/co4826787.html
jobs.51job.com/all/co2092329.html
jobs.51job.com/all/co3992768.html
jobs.51job.com/all/co3633302.html
jobs.51job.com/all/co4631517.html
jobs.51job.com/all/co2712009.html
jobs.51job.com/all/co4655895.html
jobs.51job.com/all/co421662.html
jobs.51job.com/all/co4270062.html
jobs.51job.com/all/co2920123.html
jobs.51job.com/all/co3452533.html
jobs.51job.com/all/co3276473.html
jobs.51job.com/all/co270660.html
jobs.51job.com/all/co3413907.html
jobs.51job.com/all/co3678063.html
jobs.51job.com/all/co3713363.html
jobs.51job.com/all/co3051958.html
jobs.51job.com/all/co3273590.html
jobs.51job.com/all/co2852268.html
jobs.51job.com/all/co4702739.html
jobs.51job.com/all/co2387819.html
jobs.51job.com/all/co2523838.html
jobs.51job.com/all/co3756443.html
jobs.51job.com/all/co3930054.html
jobs.51job.com/all/co2836461.html
jobs.51job.com/all/co4176762.html
jobs.51job.com/all/co4745818.html
jobs.51job.com/all/co3803557.html
jobs.51job.com/all/co3949190.html
jobs.51job.com/all/co3838662.html
jobs.51job.com/all/co3667121.html
jobs.51job.com/all/co4580367.html
jobs.51job.com/all/co4342251.html
jobs.51job.com/all/co4084394.html
jobs.51job.com/all/co4649183.html
jobs.51job.com/all/co2725655.html
jobs.51job.com/all/co2387932.html
jobs.51job.com/all/co4414376.html
jobs.51job.com/all/co4430777.html
jobs.51job.com/all/co3187854.html
jobs.51job.com/all/co3740175.html
jobs.51job.com/all/co3209813.html
jobs.51job.com/all/co2942452.html
jobs.51job.com/all/co4578366.html
jobs.51job.com/all/co3009718.html
jobs.51job.com/all/co3845713.html
jobs.51job.com/all/co4416712.html
jobs.51job.com/all/co2523203.html
jobs.51job.com/all/co4375185.html
jobs.51job.com/all/co3537608.html
jobs.51job.com/all/co4901940.html
jobs.51job.com/all/co2991840.html
jobs.51job.com/all/co4837311.html
jobs.51job.com/all/co3195250.html
jobs.51job.com/all/co3770577.html
jobs.51job.com/all/co3265157.html
jobs.51job.com/all/co4618950.html
jobs.51job.com/all/co4285857.html
jobs.51job.com/all/co3597846.html
jobs.51job.com/all/co4286908.html
jobs.51job.com/all/co4800324.html
jobs.51job.com/all/co3271068.html
jobs.51job.com/all/co316507.html
jobs.51job.com/all/co3513592.html
jobs.51job.com/all/co3941137.html
jobs.51job.com/all/co2775520.html
jobs.51job.com/all/co3867430.html
jobs.51job.com/all/co3765083.html
jobs.51job.com/all/co135210.html
jobs.51job.com/all/co4450180.html
jobs.51job.com/all/co4233560.html
jobs.51job.com/all/co4479769.html
jobs.51job.com/all/co2112132.html
jobs.51job.com/all/co2292890.html
jobs.51job.com/all/co3060941.html
jobs.51job.com/all/co3655730.html
jobs.51job.com/all/co4421209.html
jobs.51job.com/all/co2186786.html
jobs.51job.com/all/co3411454.html
jobs.51job.com/all/co2417508.html
jobs.51job.com/all/co3538943.html
jobs.51job.com/all/co3350548.html
jobs.51job.com/all/co4904724.html
jobs.51job.com/all/co4572673.html
jobs.51job.com/all/co3407637.html
jobs.51job.com/all/co1743394.html
jobs.51job.com/all/co2856132.html
jobs.51job.com/all/co2743019.html
jobs.51job.com/all/co1003751.html
jobs.51job.com/all/co4955911.html
jobs.51job.com/all/co2776296.html
jobs.51job.com/all/co3775999.html
jobs.51job.com/all/co4287031.html
jobs.51job.com/all/co2340124.html
jobs.51job.com/all/co3209491.html
jobs.51job.com/all/co3191324.html
jobs.51job.com/all/co3063954.html
jobs.51job.com/all/co4935511.html
jobs.51job.com/all/co2589846.html
jobs.51job.com/all/co4268905.html
jobs.51job.com/all/co3038321.html
jobs.51job.com/all/co2892096.html
jobs.51job.com/all/co3668658.html
jobs.51job.com/all/co4882420.html
jobs.51job.com/all/co4048661.html
jobs.51job.com/all/co3124516.html
jobs.51job.com/all/co4948394.html
jobs.51job.com/all/co1563754.html
jobs.51job.com/all/co2416443.html
jobs.51job.com/all/co2382812.html
jobs.51job.com/all/co3962169.html
jobs.51job.com/all/co2036968.html
jobs.51job.com/all/co3996944.html
jobs.51job.com/all/co2044036.html
jobs.51job.com/all/co600206.html
jobs.51job.com/all/co4118099.html
jobs.51job.com/all/co4397791.html
jobs.51job.com/all/co2605127.html
jobs.51job.com/all/co3764612.html
5i5j.51job.com
jobs.51job.com/all/co3859176.html
jobs.51job.com/all/co4145978.html
jobs.51job.com/all/co4536648.html
jobs.51job.com/all/co4341570.html
jobs.51job.com/all/co423174.html
jobs.51job.com/all/co4615576.html
jobs.51job.com/all/co2888489.html
jobs.51job.com/all/co2031717.html
jobs.51job.com/all/co3555100.html
jobs.51job.com/all/co4025793.html
jobs.51job.com/all/co2971210.html
jobs.51job.com/all/co4472218.html
jobs.51job.com/all/co2924567.html
jobs.51job.com/all/co2750862.html
jobs.51job.com/all/co3669593.html
jobs.51job.com/all/co2531079.html
jobs.51job.com/all/co4950058.html
jobs.51job.com/all/co4285867.html
jobs.51job.com/all/co3896503.html
jobs.51job.com/all/co3675543.html
jobs.51job.com/all/co352462.html
jobs.51job.com/all/co4068897.html
jobs.51job.com/all/co3800324.html
jobs.51job.com/all/co1146131.html
jobs.51job.com/all/co3593594.html
jobs.51job.com/all/co2855075.html
jobs.51job.com/all/co2827816.html
jobs.51job.com/all/co2636859.html
jobs.51job.com/all/co2286712.html
jobs.51job.com/all/co2671955.html
jobs.51job.com/all/co4863434.html
jobs.51job.com/all/co3329489.html
jobs.51job.com/all/co179932.html
jobs.51job.com/all/co3836388.html
jobs.51job.com/all/co2898954.html
jobs.51job.com/all/co2900946.html
jobs.51job.com/all/co2728705.html
jobs.51job.com/all/co4149238.html
jobs.51job.com/all/co3591561.html
jobs.51job.com/all/co4522563.html
jobs.51job.com/all/co2638420.html
jobs.51job.com/all/co2239371.html
jobs.51job.com/all/co3428169.html
jobs.51job.com/all/co2486039.html
jobs.51job.com/all/co4300992.html
jobs.51job.com/all/co4352152.html
jobs.51job.com/all/co3829587.html
jobs.51job.com/all/co3929902.html
jobs.51job.com/all/co4873623.html
jobs.51job.com/all/co391469.html
jobs.51job.com/all/co3748306.html
jobs.51job.com/all/co4874771.html
jobs.51job.com/all/co1185005.html
jobs.51job.com/all/co3676934.html
jobs.51job.com/all/co4874471.html
jobs.51job.com/all/co4124075.html
jobs.51job.com/all/co3041686.html
jobs.51job.com/all/co4644182.html
jobs.51job.com/all/co3102210.html
jobs.51job.com/all/co2064481.html
jobs.51job.com/all/co2976044.html
jobs.51job.com/all/co3997178.html
jobs.51job.com/all/co3375463.html
jobs.51job.com/all/co4015857.html
jobs.51job.com/all/co4019049.html
jobs.51job.com/all/co2692502.html
jobs.51job.com/all/co4090807.html
jobs.51job.com/all/co4929745.html
jobs.51job.com/all/co3987003.html
jobs.51job.com/all/co112479.html
jobs.51job.com/all/co4794835.html
jobs.51job.com/all/co2672958.html
jobs.51job.com/all/co2402857.html
jobs.51job.com/all/co2819328.html
jobs.51job.com/all/co4286121.html
jobs.51job.com/all/co4771061.html
jobs.51job.com/all/co2956431.html
jobs.51job.com/all/co4819750.html
jobs.51job.com/all/co2797246.html
jobs.51job.com/all/co4693857.html
jobs.51job.com/all/co3403397.html
jobs.51job.com/all/co4346096.html
jobs.51job.com/all/co193733.html
jobs.51job.com/all/co2547033.html
jobs.51job.com/all/co4313543.html
jobs.51job.com/all/co278034.html
jobs.51job.com/all/co4918302.html
jobs.51job.com/all/co4341122.html
jobs.51job.com/all/co2901266.html
jobs.51job.com/all/co4453074.html
jobs.51job.com/all/co4818481.html
jobs.51job.com/all/co3172151.html
jobs.51job.com/all/co2611742.html
jobs.51job.com/all/co4899632.html
jobs.51job.com/all/co4863459.html
jobs.51job.com/all/co3911753.html
jobs.51job.com/all/co4880401.html
jobs.51job.com/all/co2573203.html
jobs.51job.com/all/co4347710.html
jobs.51job.com/all/co4256597.html
jobs.51job.com/all/co4286690.html
jobs.51job.com/all/co3922427.html
jobs.51job.com/all/co4728205.html
jobs.51job.com/all/co3491553.html
jobs.51job.com/all/co3869358.html
jobs.51job.com/all/co2687393.html
jobs.51job.com/all/co4075509.html
jobs.51job.com/all/co3960557.html
jobs.51job.com/all/co2755334.html
jobs.51job.com/all/co3768172.html
jobs.51job.com/all/co3693695.html
jobs.51job.com/all/co4936195.html
jobs.51job.com/all/co3529975.html
jobs.51job.com/all/co4240433.html
jobs.51job.com/all/co2054077.html
jobs.51job.com/all/co4538700.html
jobs.51job.com/all/co2463499.html
jobs.51job.com/all/co2984471.html
jobs.51job.com/all/co3136145.html
jobs.51job.com/all/co3535470.html
jobs.51job.com/all/co259282.html
jobs.51job.com/all/co4894271.html
jobs.51job.com/all/co4327933.html
jobs.51job.com/all/co2218808.html
jobs.51job.com/all/co1444258.html
jobs.51job.com/all/co4511281.html
cofco.51job.com/cm4.php
jobs.51job.com/all/co4446533.html
jobs.51job.com/all/co3819251.html
jobs.51job.com/all/co3821194.html
jobs.51job.com/all/co3075438.html
jobs.51job.com/all/co4869352.html
jobs.51job.com/all/co143367.html
jobs.51job.com/all/co2302420.html
jobs.51job.com/all/co365053.html
jobs.51job.com/all/co4791963.html
jobs.51job.com/all/co4728551.html
jobs.51job.com/all/co3230101.html
jobs.51job.com/all/co2564147.html
jobs.51job.com/all/co4582329.html
jobs.51job.com/all/co2704723.html
jobs.51job.com/all/co3215636.html
jobs.51job.com/all/co4697245.html
jobs.51job.com/all/co3583164.html
jobs.51job.com/all/co4170574.html
jobs.51job.com/all/co4458534.html
jobs.51job.com/all/co4065891.html
jobs.51job.com/all/co4914640.html
jobs.51job.com/all/co2286598.html
jobs.51job.com/all/co2749331.html
jobs.51job.com/all/co4807759.html
jobs.51job.com/all/co3256407.html
jobs.51job.com/all/co2032802.html
jobs.51job.com/all/co2746700.html
jobs.51job.com/all/co3831775.html
jobs.51job.com/all/co4169521.html
jobs.51job.com/all/co3866267.html
jobs.51job.com/all/co3187111.html
jobs.51job.com/all/co3675818.html
jobs.51job.com/all/co2560668.html
jobs.51job.com/all/co2392551.html
jobs.51job.com/all/co3073705.html
jobs.51job.com/all/co2802105.html
jobs.51job.com/all/co459941.html
jobs.51job.com/all/co3559128.html
jobs.51job.com/all/co2185549.html
jobs.51job.com/all/co3286604.html
jobs.51job.com/all/co270712.html
jobs.51job.com/all/co3584831.html
jobs.51job.com/all/co4673435.html
jobs.51job.com/all/co186140.html
jobs.51job.com/all/co2571472.html
jobs.51job.com/all/co2527429.html
jobs.51job.com/all/co3571815.html
jobs.51job.com/all/co2404221.html
jobs.51job.com/all/co4055981.html
jobs.51job.com/all/co4873389.html
jobs.51job.com/all/co2544894.html
jobs.51job.com/all/co2510266.html
jobs.51job.com/all/co3262596.html
jobs.51job.com/all/co3374762.html
jobs.51job.com/all/co4266266.html
jobs.51job.com/all/co4187393.html
jobs.51job.com/all/co2579466.html
jobs.51job.com/all/co3227573.html
jobs.51job.com/all/co1629028.html
jobs.51job.com/all/co2649452.html
jobs.51job.com/all/co2254433.html
jobs.51job.com/all/co1986683.html
jobs.51job.com/all/co3659525.html
jobs.51job.com/all/co3913432.html
jobs.51job.com/all/co330794.html
jobs.51job.com/all/co2605075.html
jobs.51job.com/all/co787173.html
jobs.51job.com/all/co3605948.html
jobs.51job.com/all/co307175.html
jobs.51job.com/all/co4695611.html
jobs.51job.com/all/co4563299.html
jobs.51job.com/all/co4938869.html
jobs.51job.com/all/co3830387.html
jobs.51job.com/all/co4346926.html
jobs.51job.com/all/co2913269.html
jobs.51job.com/all/co2615623.html
jobs.51job.com/all/co3410069.html
jobs.51job.com/all/co4944879.html
jobs.51job.com/all/co4150911.html
jobs.51job.com/all/co4872366.html
jobs.51job.com/all/co4897926.html
jobs.51job.com/all/co3414260.html
jobs.51job.com/all/co3252847.html
jobs.51job.com/all/co2297885.html
jobs.51job.com/all/co3127223.html
jobs.51job.com/all/co2932378.html
jobs.51job.com/all/co2533367.html
jobs.51job.com/all/co4459390.html
jobs.51job.com/all/co2461418.html
jobs.51job.com/all/co3478976.html
jobs.51job.com/all/co101597.html
jobs.51job.com/all/co2637701.html
jobs.51job.com/all/co4539151.html
jobs.51job.com/all/co2648326.html
jobs.51job.com/all/co3455634.html
jobs.51job.com/all/co3301460.html
jobs.51job.com/all/co2194535.html
jobs.51job.com/all/co3387613.html
jobs.51job.com/all/co3187191.html
jobs.51job.com/all/co133415.html
jobs.51job.com/all/co2851113.html
jobs.51job.com/all/co4587287.html
jobs.51job.com/all/co4818169.html
jobs.51job.com/all/co4919491.html
jobs.51job.com/all/co2577209.html
jobs.51job.com/all/co3052802.html
jobs.51job.com/all/co2026056.html
jobs.51job.com/all/co2001822.html
jobs.51job.com/all/co4649414.html
jobs.51job.com/all/co4209910.html
jobs.51job.com/all/co3276277.html
jobs.51job.com/all/co187891.html
jobs.51job.com/all/co4251566.html
jobs.51job.com/all/co212700.html
jobs.51job.com/all/co2988357.html
jobs.51job.com/all/co4668049.html
jobs.51job.com/all/co4780110.html
jobs.51job.com/all/co2460539.html
jobs.51job.com/all/co4326851.html
jobs.51job.com/all/co4359721.html
jobs.51job.com/all/co527876.html
jobs.51job.com/all/co4245196.html
jobs.51job.com/all/co3176193.html
jobs.51job.com/all/co2247033.html
jobs.51job.com/all/co4691088.html
jobs.51job.com/all/co4926486.html
jobs.51job.com/all/co4930255.html
jobs.51job.com/all/co4364256.html
jobs.51job.com/all/co4923641.html
jobs.51job.com/all/co2986285.html
jobs.51job.com/all/co4535128.html
jobs.51job.com/all/co4935294.html
jobs.51job.com/all/co2733915.html
jobs.51job.com/all/co3952750.html
jobs.51job.com/all/co4646659.html
jobs.51job.com/all/co3610872.html
jobs.51job.com/all/co2298140.html
jobs.51job.com/all/co3963188.html
jobs.51job.com/all/co2923498.html
jobs.51job.com/all/co3894021.html
jobs.51job.com/all/co4765291.html
jobs.51job.com/all/co3911103.html
jobs.51job.com/all/co3971936.html
jobs.51job.com/all/co4128694.html
jobs.51job.com/all/co2568950.html
jobs.51job.com/all/co2777702.html
jobs.51job.com/all/co3833785.html
jobs.51job.com/all/co4429950.html
jobs.51job.com/all/co3531421.html
jobs.51job.com/all/co4463084.html
jobs.51job.com/all/co4372857.html
jobs.51job.com/all/co2809616.html
jobs.51job.com/all/co2524542.html
jobs.51job.com/all/co4837492.html
jobs.51job.com/all/co3608611.html
jobs.51job.com/all/co3742665.html
jobs.51job.com/all/co4904586.html
jobs.51job.com/all/co3304005.html
jobs.51job.com/all/co2900902.html
jobs.51job.com/all/co2729602.html
jobs.51job.com/all/co2650090.html
jobs.51job.com/all/co2929873.html
jobs.51job.com/all/co3730828.html
jobs.51job.com/all/co4382459.html
jobs.51job.com/all/co2264269.html
jobs.51job.com/all/co4109456.html
jobs.51job.com/all/co4809911.html
jobs.51job.com/all/co4139504.html
jobs.51job.com/all/co2993567.html
jobs.51job.com/all/co3531427.html
jobs.51job.com/all/co4326936.html
jobs.51job.com/all/co3927435.html
jobs.51job.com/all/co3137156.html
jobs.51job.com/all/co4203750.html
jobs.51job.com/all/co4458371.html
jobs.51job.com/all/co4334546.html
jobs.51job.com/all/co4877144.html
jobs.51job.com/all/co2931207.html
jobs.51job.com/all/co4282478.html
jobs.51job.com/all/co4912227.html
jobs.51job.com/all/co4928227.html
jobs.51job.com/all/co4698303.html
jobs.51job.com/all/co479375.html
jobs.51job.com/all/co4099993.html
jobs.51job.com/all/co3369913.html
jobs.51job.com/all/co2951086.html
jobs.51job.com/all/co4902057.html
jobs.51job.com/all/co3545829.html
jobs.51job.com/all/co3871048.html
jobs.51job.com/all/co4698737.html
jobs.51job.com/all/co1224397.html
jobs.51job.com/all/co2997442.html
jobs.51job.com/all/co4855194.html
jobs.51job.com/all/co3897708.html
jobs.51job.com/all/co2858223.html
jobs.51job.com/all/co3672646.html
jobs.51job.com/all/co2713384.html
jobs.51job.com/all/co4577148.html
jobs.51job.com/all/co3700974.html
jobs.51job.com/all/co4486591.html
jobs.51job.com/all/co4473313.html
jobs.51job.com/all/co4658637.html
jobs.51job.com/all/co4157838.html
jobs.51job.com/all/co4427507.html
jobs.51job.com/all/co4792985.html
jobs.51job.com/all/co2849154.html
jobs.51job.com/all/co4570029.html
jobs.51job.com/all/co4644621.html
jobs.51job.com/all/co4917373.html
jobs.51job.com/all/co4331625.html
jobs.51job.com/all/co4704182.html
jobs.51job.com/all/co3999141.html
jobs.51job.com/all/co2569061.html
jobs.51job.com/all/co4805191.html
jobs.51job.com/all/co4307116.html
jobs.51job.com/all/co4240577.html
jobs.51job.com/all/co3865125.html
jobs.51job.com/all/co3834445.html
jobs.51job.com/all/co4430776.html
jobs.51job.com/all/co4038960.html
jobs.51job.com/all/co2253639.html
jobs.51job.com/all/co4843198.html
jobs.51job.com/all/co2588327.html
jobs.51job.com/all/co4883724.html
jobs.51job.com/all/co3369173.html
jobs.51job.com/all/co3152523.html
jobs.51job.com/all/co2657506.html
jobs.51job.com/all/co4876882.html
jobs.51job.com/all/co3686692.html
jobs.51job.com/all/co4218675.html
jobs.51job.com/all/co3951254.html
jobs.51job.com/all/co4821490.html
jobs.51job.com/all/co2661342.html
jobs.51job.com/all/co1297853.html
jobs.51job.com/all/co4419177.html
jobs.51job.com/all/co3901647.html
jobs.51job.com/all/co4484203.html
jobs.51job.com/all/co4142387.html
jobs.51job.com/all/co4176064.html
jobs.51job.com/all/co4676223.html
jobs.51job.com/all/co1371530.html
jobs.51job.com/all/co2948710.html
jobs.51job.com/all/co4285755.html
jobs.51job.com/all/co3232615.html
jobs.51job.com/all/co4385826.html
jobs.51job.com/all/co2945921.html
jobs.51job.com/all/co2895483.html
jobs.51job.com/all/co3030278.html
trinasolar.51job.com/about.php
jobs.51job.com/all/co4871180.html
jobs.51job.com/all/co3059729.html
jobs.51job.com/all/co4749570.html
jobs.51job.com/all/co3390331.html
jobs.51job.com/all/co3853451.html
jobs.51job.com/all/co3699605.html
jobs.51job.com/all/co4713501.html
jobs.51job.com/all/co2306135.html
jobs.51job.com/all/co4852663.html
jobs.51job.com/all/co4838911.html
jobs.51job.com/all/co4311695.html
jobs.51job.com/all/co4749161.html
jobs.51job.com/all/co4850712.html
jobs.51job.com/all/co3422002.html
jobs.51job.com/all/co3165709.html
jobs.51job.com/all/co4322015.html
jobs.51job.com/all/co3357432.html
jobs.51job.com/all/co3559519.html
jobs.51job.com/all/co4517739.html
jobs.51job.com/all/co4823465.html
jobs.51job.com/all/co4947512.html
jobs.51job.com/all/co3879263.html
jobs.51job.com/all/co3710494.html
jobs.51job.com/all/co4119536.html
jobs.51job.com/all/co2502016.html
jobs.51job.com/all/co4956693.html
jobs.51job.com/all/co4956693.html
jobs.51job.com/all/co2776908.html
jobs.51job.com/all/co4659372.html
jobs.51job.com/all/co2430028.html
jobs.51job.com/all/co2430028.html
jobs.51job.com/all/co2430028.html
jobs.51job.com/all/co2430028.html
jobs.51job.com/all/co2430028.html
jobs.51job.com/all/co2430028.html
jobs.51job.com/all/co2654408.html
jobs.51job.com/all/co4724720.html
jobs.51job.com/all/co4724720.html
jobs.51job.com/all/co3017972.html
jobs.51job.com/all/co2776908.html
jobs.51job.com/all/co2776908.html
jobs.51job.com/all/co2776908.html
jobs.51job.com/all/co2776908.html
jobs.51job.com/all/co2776908.html
jobs.51job.com/all/co2776908.html
jobs.51job.com/all/co2435792.html
jobs.51job.com/all/co2435792.html
jobs.51job.com/all/co2435792.html
jobs.51job.com/all/co2435792.html
jobs.51job.com/all/co4299327.html
jobs.51job.com/all/co4935551.html
jobs.51job.com/all/co2745762.html
jobs.51job.com/all/co3406044.html
jobs.51job.com/all/co3406044.html
jobs.51job.com/all/co2920225.html
jobs.51job.com/all/co4880317.html
jobs.51job.com/all/co4880317.html
jobs.51job.com/all/co4880317.html
jobs.51job.com/all/co3992768.html
jobs.51job.com/all/co3992768.html
jobs.51job.com/all/co3992768.html
jobs.51job.com/all/co3633302.html
jobs.51job.com/all/co3427447.html
jobs.51job.com/all/co4631517.html
jobs.51job.com/all/co4631517.html
jobs.51job.com/all/co4631517.html
jobs.51job.com/all/co3266652.html
jobs.51job.com/all/co4215369.html
jobs.51job.com/all/co3678063.html
jobs.51job.com/all/co3678063.html
jobs.51job.com/all/co3756443.html
jobs.51job.com/all/co3756443.html
jobs.51job.com/all/co3756443.html
jobs.51job.com/all/co3756443.html
jobs.51job.com/all/co3803557.html
jobs.51job.com/all/co3838662.html
jobs.51job.com/all/co3838662.html
jobs.51job.com/all/co4342251.html
jobs.51job.com/all/co4342251.html
jobs.51job.com/all/co4342251.html
jobs.51job.com/all/co4342251.html
jobs.51job.com/all/co4342251.html
jobs.51job.com/all/co4084394.html
jobs.51job.com/all/co4084394.html
jobs.51job.com/all/co4649183.html
jobs.51job.com/all/co2725655.html
jobs.51job.com/all/co2725655.html
jobs.51job.com/all/co2387932.html
jobs.51job.com/all/co4111076.html
jobs.51job.com/all/co4580367.html
jobs.51job.com/all/co4859877.html
jobs.51job.com/all/co4859877.html
jobs.51job.com/all/co4859877.html
jobs.51job.com/all/co3537608.html
jobs.51job.com/all/co3537608.html
jobs.51job.com/all/co3537608.html
jobs.51job.com/all/co2991840.html
jobs.51job.com/all/co4578366.html
jobs.51job.com/all/co4111076.html
jobs.51job.com/all/co4111076.html
jobs.51job.com/all/co4111076.html
jobs.51job.com/all/co4837311.html
jobs.51job.com/all/co3195250.html
jobs.51job.com/all/co3195250.html
jobs.51job.com/all/co4901940.html
jobs.51job.com/all/co4826787.html
jobs.51job.com/all/co4826787.html
jobs.51job.com/all/co4826787.html
jobs.51job.com/all/co4126385.html
jobs.51job.com/all/co4126385.html
jobs.51job.com/all/co4126385.html
jobs.51job.com/all/co4126385.html
jobs.51job.com/all/co4618950.html
jobs.51job.com/all/co4285857.html
jobs.51job.com/all/co3478308.html
jobs.51job.com/all/co3941137.html
jobs.51job.com/all/co3867430.html
jobs.51job.com/all/co4479769.html
jobs.51job.com/all/co4479769.html
jobs.51job.com/all/co4299327.html
jobs.51job.com/all/co2112132.html
jobs.51job.com/all/co2112132.html
jobs.51job.com/all/co2112132.html
jobs.51job.com/all/co2112132.html
jobs.51job.com/all/co4299327.html
jobs.51job.com/all/co2292890.html
jobs.51job.com/all/co2292890.html
jobs.51job.com/all/co2292890.html
jobs.51job.com/all/co4479769.html
jobs.51job.com/all/co4479769.html
jobs.51job.com/all/co4421209.html
jobs.51job.com/all/co4421209.html
jobs.51job.com/all/co4299327.html
jobs.51job.com/all/co4299327.html
jobs.51job.com/all/co4299327.html
jobs.51job.com/all/co4299327.html
jobs.51job.com/all/co2186786.html
jobs.51job.com/all/co2186786.html
jobs.51job.com/all/co2186786.html
jobs.51job.com/all/co2186786.html
jobs.51job.com/all/co2186786.html
jobs.51job.com/all/co2186786.html
jobs.51job.com/all/co2186786.html
jobs.51job.com/all/co2186786.html
jobs.51job.com/all/co2186786.html
jobs.51job.com/all/co2186786.html
jobs.51job.com/all/co2186786.html
jobs.51job.com/all/co2186786.html
jobs.51job.com/all/co2186786.html
jobs.51job.com/all/co2186786.html
jobs.51job.com/all/co2186786.html
jobs.51job.com/all/co2186786.html
jobs.51job.com/all/co2186786.html
jobs.51job.com/all/co2186786.html
jobs.51job.com/all/co3411454.html
jobs.51job.com/all/co3411454.html
jobs.51job.com/all/co3411454.html
jobs.51job.com/all/co3411454.html
jobs.51job.com/all/co3411454.html
jobs.51job.com/all/co3411454.html
jobs.51job.com/all/co2417508.html
jobs.51job.com/all/co2417508.html
jobs.51job.com/all/co2417508.html
jobs.51job.com/all/co2417508.html
jobs.51job.com/all/co3051958.html
jobs.51job.com/all/co3051958.html
jobs.51job.com/all/co3051958.html
jobs.51job.com/all/co3051958.html
jobs.51job.com/all/co3051958.html
jobs.51job.com/all/co3051958.html
jobs.51job.com/all/co3051958.html
jobs.51job.com/all/co3051958.html
jobs.51job.com/all/co3051958.html
jobs.51job.com/all/co3051958.html
jobs.51job.com/all/co3051958.html
jobs.51job.com/all/co2292890.html
jobs.51job.com/all/co3051958.html
jobs.51job.com/all/co3051958.html
jobs.51job.com/all/co3051958.html
jobs.51job.com/all/co3051958.html
jobs.51job.com/all/co3051958.html
jobs.51job.com/all/co3538943.html
jobs.51job.com/all/co3538943.html
jobs.51job.com/all/co3538943.html
jobs.51job.com/all/co3538943.html
jobs.51job.com/all/co3538943.html
jobs.51job.com/all/co2292890.html
jobs.51job.com/all/co2292890.html
jobs.51job.com/all/co4479769.html
jobs.51job.com/all/co3350548.html
jobs.51job.com/all/co3350548.html
jobs.51job.com/all/co3350548.html
jobs.51job.com/all/co2112132.html
jobs.51job.com/all/co2112132.html
jobs.51job.com/all/co2112132.html
jobs.51job.com/all/co2112132.html
jobs.51job.com/all/co2112132.html
jobs.51job.com/all/co4904724.html
jobs.51job.com/all/co4904724.html
jobs.51job.com/all/co3195250.html
jobs.51job.com/all/co3195250.html
jobs.51job.com/all/co3195250.html
jobs.51job.com/all/co3195250.html
jobs.51job.com/all/co3195250.html
jobs.51job.com/all/co3195250.html
jobs.51job.com/all/co3195250.html
jobs.51job.com/all/co3195250.html
jobs.51job.com/all/co3195250.html
jobs.51job.com/all/co3195250.html
jobs.51job.com/all/co3195250.html
jobs.51job.com/all/co3195250.html
jobs.51job.com/all/co3195250.html
jobs.51job.com/all/co3195250.html
jobs.51job.com/all/co3195250.html
jobs.51job.com/all/co3195250.html
jobs.51job.com/all/co3195250.html
jobs.51job.com/all/co3195250.html
jobs.51job.com/all/co3195250.html
jobs.51job.com/all/co3195250.html
jobs.51job.com/all/co3195250.html
jobs.51job.com/all/co3195250.html
jobs.51job.com/all/co3195250.html
jobs.51job.com/all/co3195250.html
jobs.51job.com/all/co3195250.html
jobs.51job.com/all/co3195250.html
jobs.51job.com/all/co3195250.html
jobs.51job.com/all/co3195250.html
jobs.51job.com/all/co3195250.html
jobs.51job.com/all/co3195250.html
jobs.51job.com/all/co3195250.html
jobs.51job.com/all/co3195250.html
jobs.51job.com/all/co3195250.html
jobs.51job.com/all/co3195250.html
jobs.51job.com/all/co3195250.html
jobs.51job.com/all/co3195250.html
jobs.51job.com/all/co3195250.html
jobs.51job.com/all/co3195250.html
jobs.51job.com/all/co3195250.html
jobs.51job.com/all/co3195250.html
jobs.51job.com/all/co3195250.html
jobs.51job.com/all/co3195250.html
jobs.51job.com/all/co3195250.html
jobs.51job.com/all/co3195250.html
jobs.51job.com/all/co3195250.html
jobs.51job.com/all/co3195250.html
jobs.51job.com/all/co3195250.html
jobs.51job.com/all/co3195250.html
jobs.51job.com/all/co3195250.html
jobs.51job.com/all/co3195250.html
jobs.51job.com/all/co3195250.html
jobs.51job.com/all/co3195250.html
jobs.51job.com/all/co3195250.html
jobs.51job.com/all/co3407637.html
jobs.51job.com/all/co3407637.html
jobs.51job.com/all/co3407637.html
jobs.51job.com/all/co3407637.html
jobs.51job.com/all/co3407637.html
jobs.51job.com/all/co3407637.html
jobs.51job.com/all/co3407637.html
jobs.51job.com/all/co4572673.html
jobs.51job.com/all/co4572673.html
jobs.51job.com/all/co3756443.html
jobs.51job.com/all/co2776296.html
jobs.51job.com/all/co2776296.html
jobs.51job.com/all/co2776296.html
jobs.51job.com/all/co2776296.html
jobs.51job.com/all/co2776296.html
jobs.51job.com/all/co2776296.html
jobs.51job.com/all/co2776296.html
jobs.51job.com/all/co2654408.html
jobs.51job.com/all/co3244761.html
jobs.51job.com/all/co3191324.html
jobs.51job.com/all/co4268905.html
jobs.51job.com/all/co2892096.html
jobs.51job.com/all/co3668658.html
jobs.51job.com/all/co2382812.html
jobs.51job.com/all/co2036968.html
jobs.51job.com/all/co3996944.html
jobs.51job.com/all/co3996944.html
jobs.51job.com/all/co2044036.html
jobs.51job.com/all/co2044036.html
jobs.51job.com/all/co2044036.html
jobs.51job.com/all/co2044036.html
jobs.51job.com/all/co2044036.html
jobs.51job.com/all/co2044036.html
jobs.51job.com/all/co2044036.html
5i5j.51job.com
jobs.51job.com/all/co4397791.html
jobs.51job.com/all/co4397791.html
jobs.51job.com/all/co2512936.html
jobs.51job.com/all/co4615576.html
jobs.51job.com/all/co4341570.html
jobs.51job.com/all/co4536648.html
jobs.51job.com/all/co4536648.html
jobs.51job.com/all/co3063954.html
jobs.51job.com/all/co4472218.html
jobs.51job.com/all/co4472218.html
jobs.51job.com/all/co2750862.html
jobs.51job.com/all/co3406044.html
jobs.51job.com/all/co3896503.html
jobs.51job.com/all/co3863663.html
jobs.51job.com/all/co2827816.html
jobs.51job.com/all/co2855075.html
jobs.51job.com/all/co2855075.html
jobs.51job.com/all/co352462.html
jobs.51job.com/all/co2895935.html
jobs.51job.com/all/co2750862.html
jobs.51job.com/all/co4098930.html
jobs.51job.com/all/co4098930.html
jobs.51job.com/all/co4098930.html
jobs.51job.com/all/co4098930.html
jobs.51job.com/all/co4098930.html
jobs.51job.com/all/co4098930.html
jobs.51job.com/all/co4098930.html
jobs.51job.com/all/co4098930.html
jobs.51job.com/all/co4098930.html
jobs.51job.com/all/co4863434.html
jobs.51job.com/all/co3836388.html
jobs.51job.com/all/co3836388.html
jobs.51job.com/all/co3836388.html
jobs.51job.com/all/co2892096.html
jobs.51job.com/all/co4659372.html
jobs.51job.com/all/co4659372.html
jobs.51job.com/all/co4659372.html
jobs.51job.com/all/co4659372.html
jobs.51job.com/all/co4659372.html
jobs.51job.com/all/co4659372.html
jobs.51job.com/all/co4659372.html
jobs.51job.com/all/co4659372.html
jobs.51job.com/all/co4659372.html
jobs.51job.com/all/co4659372.html
jobs.51job.com/all/co4659372.html
jobs.51job.com/all/co4659372.html
jobs.51job.com/all/co4659372.html
jobs.51job.com/all/co4659372.html
jobs.51job.com/all/co4659372.html
jobs.51job.com/all/co4659372.html
jobs.51job.com/all/co4659372.html
jobs.51job.com/all/co4659372.html
jobs.51job.com/all/co4659372.html
jobs.51job.com/all/co4659372.html
jobs.51job.com/all/co4659372.html
jobs.51job.com/all/co4659372.html
jobs.51job.com/all/co2900946.html
jobs.51job.com/all/co2430028.html
jobs.51job.com/all/co2430028.html
jobs.51job.com/all/co2430028.html
jobs.51job.com/all/co2430028.html
jobs.51job.com/all/co2430028.html
jobs.51job.com/all/co2430028.html
jobs.51job.com/all/co2430028.html
jobs.51job.com/all/co2430028.html
jobs.51job.com/all/co2430028.html
jobs.51job.com/all/co2430028.html
jobs.51job.com/all/co2430028.html
jobs.51job.com/all/co3428169.html
jobs.51job.com/all/co2929948.html
jobs.51job.com/all/co2929948.html
jobs.51job.com/all/co2929948.html
jobs.51job.com/all/co2929948.html
jobs.51job.com/all/co2929948.html
jobs.51job.com/all/co2929948.html
jobs.51job.com/all/co2929948.html
jobs.51job.com/all/co2929948.html
jobs.51job.com/all/co2929948.html
jobs.51job.com/all/co2929948.html
jobs.51job.com/all/co2929948.html
jobs.51job.com/all/co2929948.html
jobs.51job.com/all/co2929948.html
jobs.51job.com/all/co2929948.html
jobs.51job.com/all/co4932994.html
jobs.51job.com/all/co4300992.html
jobs.51job.com/all/co4300992.html
jobs.51job.com/all/co4300992.html
jobs.51job.com/all/co4111076.html
jobs.51job.com/all/co3929902.html
jobs.51job.com/all/co3929902.html
jobs.51job.com/all/co3929902.html
jobs.51job.com/all/co4873623.html
jobs.51job.com/all/co3748306.html
jobs.51job.com/all/co3748306.html
jobs.51job.com/all/co3748306.html
jobs.51job.com/all/co3748306.html
jobs.51job.com/all/co3748306.html
jobs.51job.com/all/co3124516.html
jobs.51job.com/all/co4874771.html
jobs.51job.com/all/co3775999.html
jobs.51job.com/all/co3041686.html
jobs.51job.com/all/co3041686.html
jobs.51job.com/all/co3102210.html
jobs.51job.com/all/co2064481.html
jobs.51job.com/all/co3375463.html
jobs.51job.com/all/co4724720.html
jobs.51job.com/all/co4724720.html
jobs.51job.com/all/co4724720.html
jobs.51job.com/all/co4724720.html
jobs.51job.com/all/co4724720.html
jobs.51job.com/all/co4724720.html
jobs.51job.com/all/co4724720.html
jobs.51job.com/all/co4019049.html
jobs.51job.com/all/co1563754.html
jobs.51job.com/all/co1563754.html
jobs.51job.com/all/co3017972.html
jobs.51job.com/all/co3017972.html
jobs.51job.com/all/co2416443.html
jobs.51job.com/all/co2416443.html
jobs.51job.com/all/co2416443.html
jobs.51job.com/all/co2416443.html
jobs.51job.com/all/co2956431.html
jobs.51job.com/all/co2956431.html
jobs.51job.com/all/co2956431.html
jobs.51job.com/all/co1743394.html
jobs.51job.com/all/co1743394.html
jobs.51job.com/all/co1743394.html
jobs.51job.com/all/co2797246.html
jobs.51job.com/all/co4693857.html
jobs.51job.com/all/co2435792.html
jobs.51job.com/all/co4346096.html
jobs.51job.com/all/co4346096.html
jobs.51job.com/all/co2340124.html
jobs.51job.com/all/co2340124.html
jobs.51job.com/all/co2340124.html
jobs.51job.com/all/co2340124.html
jobs.51job.com/all/co2340124.html
jobs.51job.com/all/co2340124.html
jobs.51job.com/all/co2340124.html
jobs.51job.com/all/co2340124.html
jobs.51job.com/all/co2340124.html
jobs.51job.com/all/co2340124.html
jobs.51job.com/all/co2340124.html
jobs.51job.com/all/co2340124.html
jobs.51job.com/all/co2340124.html
jobs.51job.com/all/co2340124.html
jobs.51job.com/all/co2340124.html
jobs.51job.com/all/co2340124.html
jobs.51job.com/all/co2340124.html
jobs.51job.com/all/co2340124.html
jobs.51job.com/all/co2237051.html
jobs.51job.com/all/co2237051.html
jobs.51job.com/all/co2237051.html
jobs.51job.com/all/co2237051.html
jobs.51job.com/all/co4818481.html
jobs.51job.com/all/co3996944.html
jobs.51job.com/all/co3172151.html
jobs.51job.com/all/co3172151.html
jobs.51job.com/all/co3911753.html
jobs.51job.com/all/co2573203.html
jobs.51job.com/all/co4347710.html
jobs.51job.com/all/co4286690.html
jobs.51job.com/all/co4286690.html
jobs.51job.com/all/co4286690.html
jobs.51job.com/all/co4286690.html
jobs.51job.com/all/co4286690.html
jobs.51job.com/all/co4286690.html
jobs.51job.com/all/co4286690.html
jobs.51job.com/all/co4286690.html
jobs.51job.com/all/co2589846.html
jobs.51job.com/all/co2589846.html
jobs.51job.com/all/co3435769.html
jobs.51job.com/all/co3869358.html
jobs.51job.com/all/co4935551.html
jobs.51job.com/all/co2687393.html
jobs.51job.com/all/co4215369.html
jobs.51job.com/all/co4215369.html
jobs.51job.com/all/co4215369.html
jobs.51job.com/all/co4215369.html
jobs.51job.com/all/co4215369.html
jobs.51job.com/all/co2755334.html
jobs.51job.com/all/co2755334.html
jobs.51job.com/all/co4215369.html
jobs.51job.com/all/co4215369.html
jobs.51job.com/all/co4018732.html
jobs.51job.com/all/co4018732.html
jobs.51job.com/all/co4018732.html
jobs.51job.com/all/co4018732.html
jobs.51job.com/all/co4018732.html
jobs.51job.com/all/co3768172.html
jobs.51job.com/all/co4828515.html
jobs.51job.com/all/co4828515.html
jobs.51job.com/all/co4828515.html
jobs.51job.com/all/co4828515.html
jobs.51job.com/all/co4828515.html
jobs.51job.com/all/co4828515.html
jobs.51job.com/all/co4828515.html
jobs.51job.com/all/co3693695.html
jobs.51job.com/all/co4240433.html
jobs.51job.com/all/co270660.html
jobs.51job.com/all/co270660.html
jobs.51job.com/all/co270660.html
jobs.51job.com/all/co270660.html
jobs.51job.com/all/co270660.html
jobs.51job.com/all/co270660.html
jobs.51job.com/all/co270660.html
jobs.51job.com/all/co270660.html
jobs.51job.com/all/co270660.html
jobs.51job.com/all/co4538700.html
jobs.51job.com/all/co4538700.html
jobs.51job.com/all/co3201521.html
jobs.51job.com/all/co3201521.html
jobs.51job.com/all/co3201521.html
jobs.51job.com/all/co3136145.html
jobs.51job.com/all/co3535470.html
jobs.51job.com/all/co3535470.html
jobs.51job.com/all/co3535470.html
jobs.51job.com/all/co2745762.html
jobs.51job.com/all/co2745762.html
jobs.51job.com/all/co2745762.html
jobs.51job.com/all/co2745762.html
jobs.51job.com/all/co4446533.html
jobs.51job.com/all/co4446533.html
jobs.51job.com/all/co3406044.html
jobs.51job.com/all/co3406044.html
jobs.51job.com/all/co2092329.html
jobs.51job.com/all/co3406044.html
jobs.51job.com/all/co3821194.html
jobs.51job.com/all/co3075438.html
jobs.51job.com/all/co4728205.html
jobs.51job.com/all/co4728205.html
jobs.51job.com/all/co143367.html
jobs.51job.com/all/co143367.html
jobs.51job.com/all/co3406044.html
jobs.51job.com/all/co3406044.html
jobs.51job.com/all/co3406044.html
jobs.51job.com/all/co365053.html
jobs.51job.com/all/co270660.html
jobs.51job.com/all/co270660.html
jobs.51job.com/all/co270660.html
jobs.51job.com/all/co4791963.html
jobs.51job.com/all/co4791963.html
jobs.51job.com/all/co4791963.html
jobs.51job.com/all/co2920225.html
jobs.51job.com/all/co2920225.html
jobs.51job.com/all/co2531079.html
jobs.51job.com/all/co1743394.html
jobs.51job.com/all/co3478308.html
jobs.51job.com/all/co3240373.html
jobs.51job.com/all/co3863663.html
jobs.51job.com/all/co4615576.html
jobs.51job.com/all/co3992768.html
jobs.51job.com/all/co3992768.html
jobs.51job.com/all/co4615576.html
jobs.51job.com/all/co4615576.html
jobs.51job.com/all/co4615576.html
jobs.51job.com/all/co2512936.html
jobs.51job.com/all/co3922427.html
jobs.51job.com/all/co3187111.html
jobs.51job.com/all/co3187111.html
jobs.51job.com/all/co3187111.html
jobs.51job.com/all/co3187111.html
jobs.51job.com/all/co2392551.html
jobs.51job.com/all/co4536648.html
jobs.51job.com/all/co2802105.html
jobs.51job.com/all/co3427447.html
jobs.51job.com/all/co3427447.html
jobs.51job.com/all/co3427447.html
jobs.51job.com/all/co3427447.html
jobs.51job.com/all/co4631517.html
jobs.51job.com/all/co3675543.html
jobs.51job.com/all/co3286604.html
jobs.51job.com/all/co186140.html
jobs.51job.com/all/co2571472.html
jobs.51job.com/all/co2712009.html
jobs.51job.com/all/co2712009.html
jobs.51job.com/all/co2239371.html
jobs.51job.com/all/co421662.html
jobs.51job.com/all/co4873389.html
jobs.51job.com/all/co4270062.html
jobs.51job.com/all/co4266266.html
jobs.51job.com/all/co2579466.html
jobs.51job.com/all/co3452533.html
jobs.51job.com/all/co3276473.html
jobs.51job.com/all/co3276473.html
jobs.51job.com/all/co3276473.html
jobs.51job.com/all/co3266652.html
jobs.51job.com/all/co4215369.html
jobs.51job.com/all/co4215369.html
jobs.51job.com/all/co4215369.html
jobs.51job.com/all/co4215369.html
jobs.51job.com/all/co307175.html
jobs.51job.com/all/co307175.html
jobs.51job.com/all/co307175.html
jobs.51job.com/all/co4695611.html
jobs.51job.com/all/co4563299.html
jobs.51job.com/all/co4563299.html
jobs.51job.com/all/co4346926.html
jobs.51job.com/all/co270660.html
jobs.51job.com/all/co270660.html
jobs.51job.com/all/co270660.html
jobs.51job.com/all/co270660.html
jobs.51job.com/all/co4826787.html
jobs.51job.com/all/co3678063.html
jobs.51job.com/all/co3678063.html
jobs.51job.com/all/co3713363.html
jobs.51job.com/all/co3713363.html
jobs.51job.com/all/co3713363.html
jobs.51job.com/all/co3713363.html
jobs.51job.com/all/co3414260.html
jobs.51job.com/all/co3414260.html
jobs.51job.com/all/co3414260.html
jobs.51job.com/all/co3414260.html
jobs.51job.com/all/co3414260.html
jobs.51job.com/all/co3252847.html
jobs.51job.com/all/co3252847.html
jobs.51job.com/all/co2932378.html
jobs.51job.com/all/co3273590.html
jobs.51job.com/all/co2704723.html
jobs.51job.com/all/co2704723.html
jobs.51job.com/all/co2648326.html
jobs.51job.com/all/co2648326.html
jobs.51job.com/all/co2648326.html
jobs.51job.com/all/co2648326.html
jobs.51job.com/all/co2648326.html
jobs.51job.com/all/co2648326.html
jobs.51job.com/all/co2648326.html
jobs.51job.com/all/co2648326.html
jobs.51job.com/all/co3455634.html
jobs.51job.com/all/co3559128.html
jobs.51job.com/all/co3387613.html
jobs.51job.com/all/co133415.html
jobs.51job.com/all/co2852268.html
jobs.51job.com/all/co2852268.html
jobs.51job.com/all/co2852268.html
jobs.51job.com/all/co3913432.html
jobs.51job.com/all/co3913432.html
jobs.51job.com/all/co3913432.html
jobs.51job.com/all/co3913432.html
jobs.51job.com/all/co2856132.html
jobs.51job.com/all/co3756443.html
jobs.51job.com/all/co3756443.html
jobs.51job.com/all/co3756443.html
jobs.51job.com/all/co2001822.html
jobs.51job.com/all/co3930054.html
jobs.51job.com/all/co3930054.html
jobs.51job.com/all/co4649414.html
jobs.51job.com/all/co4649414.html
jobs.51job.com/all/co4209910.html
jobs.51job.com/all/co4176762.html
jobs.51job.com/all/co4176762.html
jobs.51job.com/all/co4745818.html
jobs.51job.com/all/co4745818.html
jobs.51job.com/all/co4745818.html
jobs.51job.com/all/co4745818.html
jobs.51job.com/all/co4745818.html
jobs.51job.com/all/co2988357.html
jobs.51job.com/all/co4780110.html
jobs.51job.com/all/co4780110.html
jobs.51job.com/all/co2460539.html
jobs.51job.com/all/co2460539.html
jobs.51job.com/all/co4359721.html
jobs.51job.com/all/co527876.html
jobs.51job.com/all/co4926486.html
jobs.51job.com/all/co4926486.html
jobs.51job.com/all/co4926486.html
jobs.51job.com/all/co4926486.html
jobs.51job.com/all/co4930255.html
jobs.51job.com/all/co4930255.html
jobs.51job.com/all/co4364256.html
jobs.51job.com/all/co4364256.html
jobs.51job.com/all/co3803557.html
jobs.51job.com/all/co4728205.html
jobs.51job.com/all/co4728205.html
jobs.51job.com/all/co1743394.html
jobs.51job.com/all/co2900946.html
jobs.51job.com/all/co2533367.html
jobs.51job.com/all/co2533367.html
jobs.51job.com/all/co527876.html
jobs.51job.com/all/co3952750.html
jobs.51job.com/all/co3038321.html
jobs.51job.com/all/co3038321.html
jobs.51job.com/all/co3478308.html
jobs.51job.com/all/co3949190.html
jobs.51job.com/all/co3949190.html
jobs.51job.com/all/co3610872.html
jobs.51job.com/all/co3610872.html
jobs.51job.com/all/co3610872.html
jobs.51job.com/all/co3038321.html
jobs.51job.com/all/co3127223.html
jobs.51job.com/all/co4818481.html
jobs.51job.com/all/co3838662.html
jobs.51job.com/all/co3667121.html
jobs.51job.com/all/co3667121.html
jobs.51job.com/all/co3301460.html
jobs.51job.com/all/co4342251.html
jobs.51job.com/all/co4342251.html
5i5j.51job.com
jobs.51job.com/all/co4251566.html
jobs.51job.com/all/co2568950.html
jobs.51job.com/all/co3038321.html
jobs.51job.com/all/co3038321.html
jobs.51job.com/all/co2777702.html
jobs.51job.com/all/co2777702.html
jobs.51job.com/all/co3833785.html
jobs.51job.com/all/co3833785.html
jobs.51job.com/all/co3833785.html
jobs.51job.com/all/co3833785.html
jobs.51job.com/all/co3531421.html
jobs.51job.com/all/co3531421.html
jobs.51job.com/all/co3240373.html
jobs.51job.com/all/co4084394.html
jobs.51job.com/all/co4084394.html
jobs.51job.com/all/co4084394.html
jobs.51job.com/all/co4326851.html
jobs.51job.com/all/co2809616.html
jobs.51job.com/all/co2531079.html
jobs.51job.com/all/co3608611.html
jobs.51job.com/all/co3608611.html
jobs.51job.com/all/co3608611.html
jobs.51job.com/all/co4327933.html
jobs.51job.com/all/co4649183.html
5i5j.51job.com
jobs.51job.com/all/co2725655.html
jobs.51job.com/all/co2725655.html
jobs.51job.com/all/co2725655.html
jobs.51job.com/all/co2725655.html
jobs.51job.com/all/co4728205.html
jobs.51job.com/all/co2387932.html
jobs.51job.com/all/co2387932.html
jobs.51job.com/all/co2387932.html
jobs.51job.com/all/co4414376.html
jobs.51job.com/all/co3952750.html
jobs.51job.com/all/co3952750.html
jobs.51job.com/all/co3952750.html
jobs.51job.com/all/co3952750.html
jobs.51job.com/all/co2531079.html
jobs.51job.com/all/co2929873.html
jobs.51job.com/all/co3730828.html
jobs.51job.com/all/co3038321.html
jobs.51job.com/all/co3187854.html
jobs.51job.com/all/co4326936.html
jobs.51job.com/all/co1743394.html
jobs.51job.com/all/co3740175.html
jobs.51job.com/all/co3740175.html
jobs.51job.com/all/co3740175.html
jobs.51job.com/all/co3137156.html
jobs.51job.com/all/co4458371.html
jobs.51job.com/all/co3038321.html
jobs.51job.com/all/co4877144.html
jobs.51job.com/all/co2942452.html
jobs.51job.com/all/co4111076.html
jobs.51job.com/all/co4111076.html
jobs.51job.com/all/co4111076.html
jobs.51job.com/all/co4111076.html
jobs.51job.com/all/co4912227.html
jobs.51job.com/all/co186140.html
jobs.51job.com/all/co2185549.html
jobs.51job.com/all/co4580367.html
jobs.51job.com/all/co3038321.html
jobs.51job.com/all/co3038321.html
jobs.51job.com/all/co3038321.html
jobs.51job.com/all/co3038321.html
jobs.51job.com/all/co3038321.html
jobs.51job.com/all/co2951086.html
jobs.51job.com/all/co3038321.html
jobs.51job.com/all/co3866267.html
jobs.51job.com/all/co3863663.html
jobs.51job.com/all/co4698737.html
jobs.51job.com/all/co3845713.html
jobs.51job.com/all/co3845713.html
jobs.51job.com/all/co2858223.html
jobs.51job.com/all/co3672646.html
jobs.51job.com/all/co4111076.html
jobs.51job.com/all/co4359721.html
jobs.51job.com/all/co4416712.html
jobs.51job.com/all/co4416712.html
jobs.51job.com/all/co3137156.html
jobs.51job.com/all/co3137156.html
jobs.51job.com/all/co3700974.html
jobs.51job.com/all/co3038321.html
jobs.51job.com/all/co4416712.html
jobs.51job.com/all/co3537608.html
jobs.51job.com/all/co3537608.html
jobs.51job.com/all/co4658637.html
jobs.51job.com/all/co3537608.html
jobs.51job.com/all/co3537608.html
jobs.51job.com/all/co3537608.html
jobs.51job.com/all/co3537608.html
jobs.51job.com/all/co3537608.html
jobs.51job.com/all/co3537608.html
jobs.51job.com/all/co3537608.html
jobs.51job.com/all/co4704182.html
jobs.51job.com/all/co4578366.html
jobs.51job.com/all/co2435792.html
jobs.51job.com/all/co2435792.html
jobs.51job.com/all/co4805191.html
jobs.51job.com/all/co3865125.html
jobs.51job.com/all/co4818169.html
jobs.51job.com/all/co4818169.html
jobs.51job.com/all/co4818169.html
jobs.51job.com/all/co4818169.html
jobs.51job.com/all/co4837311.html
jobs.51job.com/all/co4837311.html
jobs.51job.com/all/co4837311.html
jobs.51job.com/all/co4837311.html
jobs.51job.com/all/co4837311.html
jobs.51job.com/all/co4837311.html
jobs.51job.com/all/co4668049.html
jobs.51job.com/all/co3770577.html
jobs.51job.com/all/co3770577.html
jobs.51job.com/all/co3770577.html
jobs.51job.com/all/co3770577.html
jobs.51job.com/all/co3952750.html
jobs.51job.com/all/co3127223.html
jobs.51job.com/all/co3265157.html
jobs.51job.com/all/co3265157.html
jobs.51job.com/all/co3265157.html
jobs.51job.com/all/co3265157.html
jobs.51job.com/all/co2900946.html
jobs.51job.com/all/co2900946.html
jobs.51job.com/all/co4618950.html
jobs.51job.com/all/co2991840.html
jobs.51job.com/all/co2991840.html
jobs.51job.com/all/co3999141.html
jobs.51job.com/all/co4826787.html
jobs.51job.com/all/co4826787.html
jobs.51job.com/all/co4826787.html
jobs.51job.com/all/co135210.html
jobs.51job.com/all/co3038321.html
jobs.51job.com/all/co4676223.html
jobs.51job.com/all/co4285857.html
jobs.51job.com/all/co4285857.html
jobs.51job.com/all/co4821490.html
jobs.51job.com/all/co2851113.html
jobs.51job.com/all/co2851113.html
jobs.51job.com/all/co2435792.html
jobs.51job.com/all/co4570029.html
jobs.51job.com/all/co4570029.html
jobs.51job.com/all/co4800324.html
jobs.51job.com/all/co4800324.html
jobs.51job.com/all/co4826787.html
jobs.51job.com/all/co3672646.html
jobs.51job.com/all/co3672646.html
jobs.51job.com/all/co2945921.html
jobs.51job.com/all/co2945921.html
jobs.51job.com/all/co3866267.html
jobs.51job.com/all/co3271068.html
jobs.51job.com/all/co2895483.html
jobs.51job.com/all/co2524542.html
jobs.51job.com/all/co2524542.html
jobs.51job.com/all/co2524542.html
jobs.51job.com/all/co2524542.html
jobs.51job.com/all/co316507.html
jobs.51job.com/all/co316507.html
jobs.51job.com/all/co316507.html
jobs.51job.com/all/co316507.html
jobs.51job.com/all/co316507.html
jobs.51job.com/all/co3863663.html
jobs.51job.com/all/co316507.html
jobs.51job.com/all/co316507.html
jobs.51job.com/all/co3513592.html
jobs.51job.com/all/co4015857.html
jobs.51job.com/all/co3030278.html
jobs.51job.com/all/co3030278.html
jobs.51job.com/all/co3941137.html
jobs.51job.com/all/co3941137.html
jobs.51job.com/all/co3941137.html
jobs.51job.com/all/co3941137.html
jobs.51job.com/all/co3941137.html
jobs.51job.com/all/co4871180.html
jobs.51job.com/all/co3059729.html
jobs.51job.com/all/co4749570.html
jobs.51job.com/all/co2775520.html
jobs.51job.com/all/co2387932.html
jobs.51job.com/all/co2387932.html
jobs.51job.com/all/co2387932.html
jobs.51job.com/all/co2387932.html
jobs.51job.com/all/co2387932.html
jobs.51job.com/all/co2387932.html
jobs.51job.com/all/co2797246.html
jobs.51job.com/all/co3867430.html
jobs.51job.com/all/co3867430.html
jobs.51job.com/all/co3867430.html
jobs.51job.com/all/co3867430.html
jobs.51job.com/all/co135210.html
jobs.51job.com/all/co3765083.html
jobs.51job.com/all/co4251566.html
jobs.51job.com/all/co2306135.html
jobs.51job.com/all/co4698303.html
jobs.51job.com/all/co3038321.html
jobs.51job.com/all/co4837492.html
jobs.51job.com/all/co4838911.html
jobs.51job.com/all/co4838911.html
jobs.51job.com/all/co4693857.html
jobs.51job.com/all/co4749161.html
jobs.51job.com/all/co3699605.html
jobs.51job.com/all/co4098930.html
jobs.51job.com/all/co4098930.html
jobs.51job.com/all/co4299327.html
jobs.51job.com/all/co3414260.html
jobs.51job.com/all/co3187854.html
jobs.51job.com/all/co2725655.html
jobs.51job.com/all/co4098930.html
jobs.51job.com/all/co4098930.html
jobs.51job.com/all/co4098930.html
jobs.51job.com/all/co4098930.html
jobs.51job.com/all/co4863434.html
jobs.51job.com/all/co4659372.html
jobs.51job.com/all/co4659372.html
jobs.51job.com/all/co3768172.html
jobs.51job.com/all/co3768172.html
jobs.51job.com/all/co2745762.html
jobs.51job.com/all/co3414260.html
jobs.51job.com/all/co3414260.html
jobs.51job.com/all/co3414260.html
jobs.51job.com/all/co3831775.html
jobs.51job.com/all/co4535128.html
jobs.51job.com/all/co2568950.html
jobs.51job.com/all/co2568950.html
jobs.51job.com/all/co2568950.html
jobs.51job.com/all/co2568950.html
jobs.51job.com/all/co2568950.html
jobs.51job.com/all/co2725655.html
jobs.51job.com/all/co2725655.html
jobs.51job.com/all/co4331625.html
jobs.51job.com/all/co3232615.html
jobs.51job.com/all/co316507.html
