jobs.51job.com/all/co4257017.html
jobs.51job.com/all/co4096880.html
jobs.51job.com/all/co2322198.html
jobs.51job.com/all/co4833360.html
jobs.51job.com/all/co4547658.html
jobs.51job.com/all/co4620003.html
jobs.51job.com/all/co4349061.html
jobs.51job.com/all/co210111.html
jobs.51job.com/all/co3733728.html
jobs.51job.com/all/co1436420.html
jobs.51job.com/all/co3101978.html
jobs.51job.com/all/co2913728.html
jobs.51job.com/all/co2507622.html
jobs.51job.com/all/co4073981.html
jobs.51job.com/all/co3032918.html
jobs.51job.com/all/co2820594.html
jobs.51job.com/all/co2008945.html
jobs.51job.com/all/co2679554.html
jobs.51job.com/all/co4848514.html
jobs.51job.com/all/co4823743.html
jobs.51job.com/all/co3912845.html
jobs.51job.com/all/co225328.html
jobs.51job.com/all/co3812175.html
jobs.51job.com/all/co4829671.html
jobs.51job.com/all/co2710109.html
jobs.51job.com/all/co3568084.html
jobs.51job.com/all/co4287031.html
jobs.51job.com/all/co3428886.html
jobs.51job.com/all/co4053824.html
jobs.51job.com/all/co3948449.html
jobs.51job.com/all/co3545499.html
jobs.51job.com/all/co2769869.html
jobs.51job.com/all/co4153918.html
jobs.51job.com/all/co3221910.html
jobs.51job.com/all/co3222563.html
jobs.51job.com/all/co4016378.html
jobs.51job.com/all/co4010188.html
jobs.51job.com/all/co3596222.html
jobs.51job.com/all/co4408187.html
jobs.51job.com/all/co4870847.html
jobs.51job.com/all/co358586.html
jobs.51job.com/all/co3924150.html
jobs.51job.com/all/co4251120.html
jobs.51job.com/all/co109616.html
jobs.51job.com/all/co2381962.html
jobs.51job.com/all/co3438745.html
jobs.51job.com/all/co4604754.html
jobs.51job.com/all/co3747965.html
jobs.51job.com/all/co1995680.html
jobs.51job.com/all/co3347192.html
jobs.51job.com/all/co4604271.html
jobs.51job.com/all/co2470806.html
jobs.51job.com/all/co4946929.html
jobs.51job.com/all/co535193.html
jobs.51job.com/all/co3699605.html
jobs.51job.com/all/co4482615.html
jobs.51job.com/all/co4685355.html
jobs.51job.com/all/co4454893.html
jobs.51job.com/all/co782107.html
jobs.51job.com/all/co2271840.html
jobs.51job.com/all/co3580203.html
jobs.51job.com/all/co4157543.html
jobs.51job.com/all/co4847596.html
jobs.51job.com/all/co4487892.html
jobs.51job.com/all/co2321271.html
jobs.51job.com/all/co3038321.html
jobs.51job.com/all/co3903441.html
jobs.51job.com/all/co1864309.html
jobs.51job.com/all/co2407300.html
jobs.51job.com/all/co4408479.html
jobs.51job.com/all/co3952390.html
jobs.51job.com/all/co4542658.html
jobs.51job.com/all/co2924863.html
jobs.51job.com/all/co4934493.html
jobs.51job.com/all/co2315485.html
jobs.51job.com/all/co1731886.html
jobs.51job.com/all/co4686720.html
jobs.51job.com/all/co4018576.html
jobs.51job.com/all/co4911889.html
jobs.51job.com/all/co4527101.html
jobs.51job.com/all/co4040454.html
jobs.51job.com/all/co3945620.html
jobs.51job.com/all/co4916255.html
jobs.51job.com/all/co4533989.html
jobs.51job.com/all/co4856354.html
jobs.51job.com/all/co4536373.html
jobs.51job.com/all/co2210539.html
jobs.51job.com/all/co2962770.html
jobs.51job.com/all/co4882831.html
jobs.51job.com/all/co4405080.html
jobs.51job.com/all/co4642143.html
jobs.51job.com/all/co2553902.html
jobs.51job.com/all/co4243346.html
jobs.51job.com/all/co4540932.html
jobs.51job.com/all/co104891.html
jobs.51job.com/all/co3597846.html
jobs.51job.com/all/co4279868.html
jobs.51job.com/all/co3225459.html
jobs.51job.com/all/co4867928.html
jobs.51job.com/all/co3463369.html
jobs.51job.com/all/co4366463.html
jobs.51job.com/all/co2676295.html
jobs.51job.com/all/co4282472.html
jobs.51job.com/all/co191452.html
jobs.51job.com/all/co4253209.html
jobs.51job.com/all/co2656074.html
jobs.51job.com/all/co4275325.html
jobs.51job.com/all/co612312.html
jobs.51job.com/all/co3781455.html
jobs.51job.com/all/co217711.html
jobs.51job.com/all/co101597.html
jobs.51job.com/all/co3819785.html
jobs.51job.com/all/co4731557.html
jobs.51job.com/all/co4049542.html
jobs.51job.com/all/co3372183.html
jobs.51job.com/all/co4508701.html
jobs.51job.com/all/co4865896.html
jobs.51job.com/all/co3207754.html
jobs.51job.com/all/co4296774.html
jobs.51job.com/all/co4474821.html
jobs.51job.com/all/co4922484.html
jobs.51job.com/all/co4454313.html
jobs.51job.com/all/co4875867.html
jobs.51job.com/all/co3612926.html
jobs.51job.com/all/co4870994.html
jobs.51job.com/all/co4317313.html
jobs.51job.com/all/co3195250.html
jobs.51job.com/all/co4412159.html
jobs.51job.com/all/co4649256.html
jobs.51job.com/all/co1994492.html
jobs.51job.com/all/co4572673.html
jobs.51job.com/all/co3740766.html
jobs.51job.com/all/co305469.html
jobs.51job.com/all/co4257272.html
jobs.51job.com/all/co4914101.html
jobs.51job.com/all/co3557025.html
jobs.51job.com/all/co4269914.html
jobs.51job.com/all/co3169293.html
jobs.51job.com/all/co2070305.html
jobs.51job.com/all/co4835108.html
jobs.51job.com/all/co2579460.html
jobs.51job.com/all/co3199233.html
jobs.51job.com/all/co3628041.html
jobs.51job.com/all/co4866496.html
jobs.51job.com/all/co221511.html
jobs.51job.com/all/co4874952.html
jobs.51job.com/all/co4752906.html
jobs.51job.com/all/co3796174.html
jobs.51job.com/all/co4951225.html
jobs.51job.com/all/co3420615.html
jobs.51job.com/all/co2382812.html
jobs.51job.com/all/co2531079.html
jobs.51job.com/all/co539256.html
jobs.51job.com/all/co3941668.html
jobs.51job.com/all/co3057408.html
jobs.51job.com/all/co3880547.html
jobs.51job.com/all/co3737246.html
jobs.51job.com/all/co2922664.html
jobs.51job.com/all/co2929137.html
jobs.51job.com/all/co3485836.html
jobs.51job.com/all/co4508224.html
jobs.51job.com/all/co3120062.html
jobs.51job.com/all/co2300788.html
jobs.51job.com/all/co195588.html
jobs.51job.com/all/co3349459.html
jobs.51job.com/all/co120899.html
jobs.51job.com/all/co2206156.html
jobs.51job.com/all/co4333475.html
jobs.51job.com/all/co2917229.html
jobs.51job.com/all/co4260428.html
jobs.51job.com/all/co2734689.html
jobs.51job.com/all/co3409744.html
jobs.51job.com/all/co2517152.html
jobs.51job.com/all/co3996067.html
jobs.51job.com/all/co4331883.html
jobs.51job.com/all/co4764935.html
jobs.51job.com/all/co3000507.html
jobs.51job.com/all/co4491667.html
jobs.51job.com/all/co2697296.html
jobs.51job.com/all/co4912310.html
jobs.51job.com/all/co3801225.html
jobs.51job.com/all/co2727811.html
jobs.51job.com/all/co4770818.html
jobs.51job.com/all/co4341806.html
jobs.51job.com/all/co4479213.html
jobs.51job.com/all/co4095559.html
jobs.51job.com/all/co4328800.html
jobs.51job.com/all/co4078997.html
jobs.51job.com/all/co4408476.html
jobs.51job.com/all/co3121417.html
jobs.51job.com/all/co4118262.html
jobs.51job.com/all/co3701531.html
jobs.51job.com/all/co3176193.html
jobs.51job.com/all/co3564757.html
jobs.51job.com/all/co4467417.html
jobs.51job.com/all/co2823572.html
jobs.51job.com/all/co4845084.html
jobs.51job.com/all/co4098930.html
jobs.51job.com/all/co4252700.html
jobs.51job.com/all/co1987073.html
jobs.51job.com/all/co2623442.html
jobs.51job.com/all/co4149186.html
jobs.51job.com/all/co3260395.html
jobs.51job.com/all/co4149238.html
jobs.51job.com/all/co254388.html
jobs.51job.com/all/co4186070.html
jobs.51job.com/all/co4941907.html
jobs.51job.com/all/co2423385.html
jobs.51job.com/all/co4939985.html
jobs.51job.com/all/co4640445.html
jobs.51job.com/all/co3479164.html
jobs.51job.com/all/co154372.html
jobs.51job.com/all/co3629200.html
jobs.51job.com/all/co3428169.html
jobs.51job.com/all/co3132194.html
jobs.51job.com/all/co4352152.html
meituan.51job.com
jobs.51job.com/all/co278395.html
jobs.51job.com/all/co4384387.html
jobs.51job.com/all/co3676365.html
jobs.51job.com/all/co3801996.html
jobs.51job.com/all/co3107251.html
jobs.51job.com/all/co3846650.html
jobs.51job.com/all/co4877858.html
jobs.51job.com/all/co4877581.html
jobs.51job.com/all/co4441006.html
jobs.51job.com/all/co3025182.html
jobs.51job.com/all/co2885460.html
jobs.51job.com/all/co3876397.html
jobs.51job.com/all/co391469.html
jobs.51job.com/all/co4176610.html
jobs.51job.com/all/co4649012.html
jobs.51job.com/all/co3503015.html
jobs.51job.com/all/co3887674.html
jobs.51job.com/all/co3852970.html
jobs.51job.com/all/co4282068.html
jobs.51job.com/all/co3256826.html
jobs.51job.com/all/co3470735.html
jobs.51job.com/all/co2219454.html
jobs.51job.com/all/co3869012.html
jobs.51job.com/all/co3907813.html
jobs.51job.com/all/co4794158.html
jobs.51job.com/all/co3941879.html
jobs.51job.com/all/co4876852.html
jobs.51job.com/all/co2630094.html
jobs.51job.com/all/co1287766.html
jobs.51job.com/all/co2839368.html
jobs.51job.com/all/co4930842.html
jobs.51job.com/all/co3482658.html
jobs.51job.com/all/co2679697.html
jobs.51job.com/all/co4861431.html
jobs.51job.com/all/co4683042.html
jobs.51job.com/all/co2292184.html
jobs.51job.com/all/co4493029.html
jobs.51job.com/all/co3582809.html
jobs.51job.com/all/co2913486.html
jobs.51job.com/all/co2744304.html
jobs.51job.com/all/co2672958.html
jobs.51job.com/all/co3929098.html
jobs.51job.com/all/co4523099.html
jobs.51job.com/all/co127989.html
jobs.51job.com/all/co2800232.html
jobs.51job.com/all/co292032.html
jobs.51job.com/all/co4148483.html
jobs.51job.com/all/co4137525.html
jobs.51job.com/all/co2565112.html
jobs.51job.com/all/co894314.html
jobs.51job.com/all/co3234223.html
jobs.51job.com/all/co3508917.html
jobs.51job.com/all/co4150747.html
jobs.51job.com/all/co3383986.html
jobs.51job.com/all/co3974831.html
jobs.51job.com/all/co4802691.html
jobs.51job.com/all/co4053052.html
jobs.51job.com/all/co1575.html
jobs.51job.com/all/co2708888.html
jobs.51job.com/all/co2357707.html
jobs.51job.com/all/co4368079.html
jobs.51job.com/all/co2448041.html
jobs.51job.com/all/co3270132.html
jobs.51job.com/all/co4404682.html
jobs.51job.com/all/co4604234.html
jobs.51job.com/all/co4564048.html
jobs.51job.com/all/co4726907.html
jobs.51job.com/all/co1253413.html
jobs.51job.com/all/co1651185.html
jobs.51job.com/all/co3999141.html
jobs.51job.com/all/co2552693.html
jobs.51job.com/all/co2256192.html
jobs.51job.com/all/co2320646.html
jobs.51job.com/all/co3700974.html
jobs.51job.com/all/co4127972.html
jobs.51job.com/all/co3500748.html
jobs.51job.com/all/co2191223.html
jobs.51job.com/all/co191556.html
jobs.51job.com/all/co2708189.html
jobs.51job.com/all/co3809259.html
jobs.51job.com/all/co3960557.html
jobs.51job.com/all/co4510488.html
jobs.51job.com/all/co2882290.html
jobs.51job.com/all/co3024374.html
jobs.51job.com/all/co2443440.html
jobs.51job.com/all/co3264089.html
jobs.51job.com/all/co4785703.html
jobs.51job.com/all/co2491180.html
jobs.51job.com/all/co306087.html
jobs.51job.com/all/co3358527.html
jobs.51job.com/all/co4434364.html
jobs.51job.com/all/co1377771.html
jobs.51job.com/all/co4810107.html
jobs.51job.com/all/co2039807.html
jobs.51job.com/all/co4079639.html
jobs.51job.com/all/co125382.html
jobs.51job.com/all/co2961632.html
jobs.51job.com/all/co139663.html
jobs.51job.com/all/co302693.html
jobs.51job.com/all/co3250121.html
jobs.51job.com/all/co2282341.html
jobs.51job.com/all/co143006.html
jobs.51job.com/all/co4681789.html
jobs.51job.com/all/co4889898.html
jobs.51job.com/all/co3175624.html
jobs.51job.com/all/co3874514.html
jobs.51job.com/all/co3837444.html
jobs.51job.com/all/co4538731.html
jobs.51job.com/all/co3105189.html
jobs.51job.com/all/co2977992.html
jobs.51job.com/all/co2257118.html
jobs.51job.com/all/co4144910.html
jobs.51job.com/all/co3631362.html
jobs.51job.com/all/co4949771.html
jobs.51job.com/all/co4447125.html
jobs.51job.com/all/co4129520.html
jobs.51job.com/all/co4789106.html
jobs.51job.com/all/co3863583.html
jobs.51job.com/all/co2529236.html
jobs.51job.com/all/co3532003.html
jobs.51job.com/all/co699972.html
jobs.51job.com/all/co3922719.html
jobs.51job.com/all/co2536453.html
jobs.51job.com/all/co4596857.html
jobs.51job.com/all/co3199714.html
jobs.51job.com/all/co2749331.html
jobs.51job.com/all/co4919159.html
jobs.51job.com/all/co4117766.html
jobs.51job.com/all/co4748897.html
jobs.51job.com/all/co4688406.html
jobs.51job.com/all/co3711929.html
jobs.51job.com/all/co3633302.html
jobs.51job.com/all/co2374631.html
jobs.51job.com/all/co2746700.html
jobs.51job.com/all/co3057191.html
jobs.51job.com/all/co4344428.html
jobs.51job.com/all/co4929887.html
jobs.51job.com/all/co4888909.html
jobs.51job.com/all/co3997546.html
jobs.51job.com/all/co1739853.html
jobs.51job.com/all/co3890943.html
jobs.51job.com/all/co4846227.html
jobs.51job.com/all/co2545171.html
jobs.51job.com/all/co4495885.html
jobs.51job.com/all/co3226252.html
jobs.51job.com/all/co4450550.html
jobs.51job.com/all/co4482445.html
jobs.51job.com/all/co3751522.html
jobs.51job.com/all/co2000395.html
jobs.51job.com/all/co3571815.html
jobs.51job.com/all/co4869768.html
jobs.51job.com/all/co2559840.html
jobs.51job.com/all/co3517678.html
jobs.51job.com/all/co1260504.html
jobs.51job.com/all/co4863009.html
jobs.51job.com/all/co4228688.html
jobs.51job.com/all/co3473625.html
jobs.51job.com/all/co3920197.html
jobs.51job.com/all/co4429950.html
jobs.51job.com/all/co3904670.html
jobs.51job.com/all/co4467058.html
jobs.51job.com/all/co2630239.html
jobs.51job.com/all/co2771189.html
jobs.51job.com/all/co4408737.html
jobs.51job.com/all/co2156598.html
jobs.51job.com/all/co4542233.html
jobs.51job.com/all/co2902639.html
jobs.51job.com/all/co2892895.html
jobs.51job.com/all/co2161908.html
jobs.51job.com/all/co4920244.html
jobs.51job.com/all/co4723892.html
jobs.51job.com/all/co3351694.html
jobs.51job.com/all/co2742999.html
jobs.51job.com/all/co4805167.html
jobs.51job.com/all/co4826825.html
jobs.51job.com/all/co4189241.html
jobs.51job.com/all/co3465736.html
jobs.51job.com/all/co1175353.html
jobs.51job.com/all/co3716531.html
jobs.51job.com/all/co3833785.html
jobs.51job.com/all/co3342142.html
jobs.51job.com/all/co4832473.html
jobs.51job.com/all/co964818.html
jobs.51job.com/all/co2413749.html
jobs.51job.com/all/co4753679.html
jobs.51job.com/all/co1842790.html
jobs.51job.com/all/co1987232.html
jobs.51job.com/all/co109690.html
jobs.51job.com/all/co2750269.html
jobs.51job.com/all/co3879211.html
jobs.51job.com/all/co2215360.html
jobs.51job.com/all/co4534202.html
jobs.51job.com/all/co3330486.html
jobs.51job.com/all/co4280565.html
jobs.51job.com/all/co4473374.html
jobs.51job.com/all/co2499266.html
jobs.51job.com/all/co4464578.html
jobs.51job.com/all/co607715.html
jobs.51job.com/all/co4636264.html
jobs.51job.com/all/co3956062.html
jobs.51job.com/all/co4616616.html
jobs.51job.com/all/co4414688.html
jobs.51job.com/all/co3774211.html
jobs.51job.com/all/co4337630.html
jobs.51job.com/all/co3451170.html
jobs.51job.com/all/co2777759.html
jobs.51job.com/all/co3926751.html
jobs.51job.com/all/co2275877.html
jobs.51job.com/all/co4027080.html
jobs.51job.com/all/co347570.html
jobs.51job.com/all/co2017593.html
jobs.51job.com/all/co2700116.html
jobs.51job.com/all/co322932.html
jobs.51job.com/all/co2525408.html
jobs.51job.com/all/co2193014.html
jobs.51job.com/all/co3780192.html
jobs.51job.com/all/co216063.html
jobs.51job.com/all/co212700.html
jobs.51job.com/all/co4808674.html
jobs.51job.com/all/co4722218.html
jobs.51job.com/all/co3482941.html
jobs.51job.com/all/co4478887.html
jobs.51job.com/all/co4208611.html
jobs.51job.com/all/co2627034.html
jobs.51job.com/all/co3505200.html
jobs.51job.com/all/co108009.html
jobs.51job.com/all/co3886174.html
jobs.51job.com/all/co3595248.html
jobs.51job.com/all/co4122384.html
jobs.51job.com/all/co4464714.html
jobs.51job.com/all/co4148453.html
jobs.51job.com/all/co4426970.html
jobs.51job.com/all/co3830375.html
jobs.51job.com/all/co3455497.html
jobs.51job.com/all/co4006707.html
jobs.51job.com/all/co203680.html
jobs.51job.com/all/co4875268.html
jobs.51job.com/all/co4535128.html
jobs.51job.com/all/co242314.html
jobs.51job.com/all/co4758400.html
jobs.51job.com/all/co1993160.html
jobs.51job.com/all/co4421835.html
jobs.51job.com/all/co4009300.html
jobs.51job.com/all/co3163302.html
jobs.51job.com/all/co4344505.html
jobs.51job.com/all/co2574053.html
jobs.51job.com/all/co3610872.html
jobs.51job.com/all/co4721771.html
jobs.51job.com/all/co1734995.html
jobs.51job.com/all/co4868964.html
jobs.51job.com/all/co4819798.html
jobs.51job.com/all/co4508058.html
jobs.51job.com/all/co2779518.html
jobs.51job.com/all/co3170821.html
jobs.51job.com/all/co3923936.html
jobs.51job.com/all/co926115.html
jobs.51job.com/all/co4044278.html
jobs.51job.com/all/co4231036.html
jobs.51job.com/all/co3941237.html
jobs.51job.com/all/co2610491.html
jobs.51job.com/all/co3292309.html
jobs.51job.com/all/co3723031.html
jobs.51job.com/all/co3688775.html
jobs.51job.com/all/co3084140.html
jobs.51job.com/all/co3563384.html
jobs.51job.com/all/co4268890.html
jobs.51job.com/all/co2833069.html
jobs.51job.com/all/co3093274.html
jobs.51job.com/all/co3789598.html
jobs.51job.com/all/co3819153.html
jobs.51job.com/all/co4173498.html
jobs.51job.com/all/co4318764.html
jobs.51job.com/all/co4076283.html
jobs.51job.com/all/co4198801.html
jobs.51job.com/all/co4841895.html
jobs.51job.com/all/co3217851.html
jobs.51job.com/all/co511313.html
jobs.51job.com/all/co3258756.html
jobs.51job.com/all/co4300839.html
jobs.51job.com/all/co4773266.html
jobs.51job.com/all/co4835035.html
jobs.51job.com/all/co3686474.html
jobs.51job.com/all/co3700973.html
jobs.51job.com/all/co2904174.html
jobs.51job.com/all/co4139504.html
jobs.51job.com/all/co4775465.html
jobs.51job.com/all/co4521589.html
jobs.51job.com/all/co4209729.html
jobs.51job.com/all/co2264269.html
jobs.51job.com/all/co3268827.html
jobs.51job.com/all/co2632982.html
jobs.51job.com/all/co520787.html
jobs.51job.com/all/co3688162.html
jobs.51job.com/all/co4914801.html
jobs.51job.com/all/co2631824.html
jobs.51job.com/all/co323811.html
jobs.51job.com/all/co4799002.html
jobs.51job.com/all/co3794556.html
jobs.51job.com/all/co2230849.html
jobs.51job.com/all/co3280145.html
jobs.51job.com/all/co2556696.html
jobs.51job.com/all/co3414020.html
jobs.51job.com/all/co4203750.html
jobs.51job.com/all/co3983971.html
jobs.51job.com/all/co2159850.html
jobs.51job.com/all/co4928427.html
jobs.51job.com/all/co2254081.html
jobs.51job.com/all/co3901270.html
jobs.51job.com/all/co4334546.html
jobs.51job.com/all/co3309573.html
jobs.51job.com/all/co3900583.html
jobs.51job.com/all/co4322079.html
jobs.51job.com/all/co3818179.html
jobs.51job.com/all/co3396720.html
jobs.51job.com/all/co2661563.html
jobs.51job.com/all/co2126709.html
jobs.51job.com/all/co3493966.html
jobs.51job.com/all/co2539747.html
jobs.51job.com/all/co3502079.html
jobs.51job.com/all/co4927869.html
jobs.51job.com/all/co3319745.html
jobs.51job.com/all/co4617351.html
jobs.51job.com/all/co3351870.html
jobs.51job.com/all/co4640424.html
jobs.51job.com/all/co3177923.html
tusholdings.51job.com
jobs.51job.com/all/co3444526.html
jobs.51job.com/all/co135210.html
jobs.51job.com/all/co2262047.html
jobs.51job.com/all/co4317273.html
jobs.51job.com/all/co1366757.html
jobs.51job.com/all/co4618958.html
jobs.51job.com/all/co3279744.html
jobs.51job.com/all/co4247219.html
jobs.51job.com/all/co1224397.html
jobs.51job.com/all/co2770902.html
jobs.51job.com/all/co3470163.html
jobs.51job.com/all/co4559101.html
jobs.51job.com/all/co3894375.html
jobs.51job.com/all/co4040067.html
jobs.51job.com/all/co2682740.html
jobs.51job.com/all/co3582966.html
jobs.51job.com/all/co4621657.html
jobs.51job.com/all/co3483947.html
jobs.51job.com/all/co4613493.html
jobs.51job.com/all/co4585421.html
jobs.51job.com/all/co3692341.html
jobs.51job.com/all/co3564442.html
jobs.51job.com/all/co198654.html
jobs.51job.com/all/co4790121.html
jobs.51job.com/all/co3273328.html
jobs.51job.com/all/co804750.html
jobs.51job.com/all/co3538315.html
jobs.51job.com/all/co2457538.html
jobs.51job.com/all/co2321920.html
jobs.51job.com/all/co1403343.html
jobs.51job.com/all/co2217448.html
jobs.51job.com/all/co3064561.html
jobs.51job.com/all/co3975138.html
jobs.51job.com/all/co2834168.html
jobs.51job.com/all/co4531141.html
jobs.51job.com/all/co4704182.html
jobs.51job.com/all/co3210418.html
jobs.51job.com/all/co2700948.html
jobs.51job.com/all/co4425457.html
jobs.51job.com/all/co4910162.html
jobs.51job.com/all/co2835140.html
jobs.51job.com/all/co4258116.html
jobs.51job.com/all/co239070.html
jobs.51job.com/all/co3860541.html
jobs.51job.com/all/co3834445.html
jobs.51job.com/all/co4420198.html
jobs.51job.com/all/co4826260.html
jobs.51job.com/all/co2798260.html
jobs.51job.com/all/co2253639.html
jobs.51job.com/all/co4581421.html
jobs.51job.com/all/co3563502.html
jobs.51job.com/all/co2831144.html
jobs.51job.com/all/co3357537.html
jobs.51job.com/all/co2063471.html
jobs.51job.com/all/co3252908.html
jobs.51job.com/all/co210104.html
jobs.51job.com/all/co3733247.html
jobs.51job.com/all/co4322066.html
jobs.51job.com/all/co4313201.html
jobs.51job.com/all/co3698417.html
jobs.51job.com/all/co3615593.html
jobs.51job.com/all/co3888172.html
jobs.51job.com/all/co4765366.html
jobs.51job.com/all/co3884097.html
jobs.51job.com/all/co4292974.html
jobs.51job.com/all/co3256653.html
jobs.51job.com/all/co2247867.html
jobs.51job.com/all/co3984951.html
jobs.51job.com/all/co3893882.html
jobs.51job.com/all/co169914.html
jobs.51job.com/all/co4375122.html
jobs.51job.com/all/co4279930.html
jobs.51job.com/all/co4781517.html
jobs.51job.com/all/co4021604.html
jobs.51job.com/all/co3110732.html
jobs.51job.com/all/co4466135.html
jobs.51job.com/all/co3103187.html
jobs.51job.com/all/co4456228.html
jobs.51job.com/all/co4126252.html
jobs.51job.com/all/co4868909.html
jobs.51job.com/all/co2496723.html
jobs.51job.com/all/co3706717.html
jobs.51job.com/all/co2583163.html
jobs.51job.com/all/co2362111.html
jobs.51job.com/all/co4013394.html
jobs.51job.com/all/co3105084.html
jobs.51job.com/all/co4300508.html
jobs.51job.com/all/co3741955.html
jobs.51job.com/all/co3170029.html
jobs.51job.com/all/co4343067.html
jobs.51job.com/all/co4843399.html
jobs.51job.com/all/co4282478.html
jobs.51job.com/all/co4300348.html
jobs.51job.com/all/co2738280.html
jobs.51job.com/all/co4569873.html
jobs.51job.com/all/co4146127.html
jobs.51job.com/all/co2084407.html
jobs.51job.com/all/co3823739.html
jobs.51job.com/all/co4089525.html
jobs.51job.com/all/co1477145.html
jobs.51job.com/all/co3376077.html
jobs.51job.com/all/co3030278.html
jobs.51job.com/all/co4367021.html
jobs.51job.com/all/co4502863.html
jobs.51job.com/all/co4502832.html
jobs.51job.com/all/co102126.html
jobs.51job.com/all/co4779059.html
jobs.51job.com/all/co4395131.html
jobs.51job.com/all/co3297847.html
jobs.51job.com/all/co3257578.html
jobs.51job.com/all/co3284465.html
jobs.51job.com/all/co4794988.html
jobs.51job.com/all/co2926837.html
jobs.51job.com/all/co3575916.html
jobs.51job.com/all/co3221326.html
jobs.51job.com/all/co2367047.html
jobs.51job.com/all/co3052924.html
jobs.51job.com/all/co4273229.html
jobs.51job.com/all/co3143159.html
jobs.51job.com/all/co4626790.html
trinasolar.51job.com/about.php
jobs.51job.com/all/co2751051.html
jobs.51job.com/all/co4871180.html
jobs.51job.com/all/co1306705.html
jobs.51job.com/all/co3059729.html
jobs.51job.com/all/co3430875.html
jobs.51job.com/all/co3411420.html
jobs.51job.com/all/co3874083.html
jobs.51job.com/all/co2570161.html
jobs.51job.com/all/co2737120.html
jobs.51job.com/all/co297249.html
jobs.51job.com/all/co4215110.html
jobs.51job.com/all/co3765083.html
jobs.51job.com/all/co2922222.html
jobs.51job.com/all/co4750331.html
jobs.51job.com/all/co2303101.html
jobs.51job.com/all/co4273476.html
jobs.51job.com/all/co112412.html
jobs.51job.com/all/co3573800.html
jobs.51job.com/all/co2560065.html
jobs.51job.com/all/co4352102.html
jobs.51job.com/all/co2236117.html
jobs.51job.com/all/co312040.html
jobs.51job.com/all/co3385005.html
jobs.51job.com/all/co1134199.html
jobs.51job.com/all/co4133960.html
jobs.51job.com/all/co3165709.html
jobs.51job.com/all/co4043304.html
jobs.51job.com/all/co2914054.html
jobs.51job.com/all/co4234044.html
jobs.51job.com/all/co2758227.html
jobs.51job.com/all/co1440249.html
jobs.51job.com/all/co4317206.html
jobs.51job.com/all/co4322190.html
jobs.51job.com/all/co2517373.html
jobs.51job.com/all/co3357432.html
jobs.51job.com/all/co4017535.html
jobs.51job.com/all/co4270467.html
jobs.51job.com/all/co3348700.html
jobs.51job.com/all/co2806438.html
jobs.51job.com/all/co3768172.html
jobs.51job.com/all/co4511281.html
jobs.51job.com/all/co3230101.html
jobs.51job.com/all/co3841087.html
jobs.51job.com/all/co4413235.html
jobs.51job.com/all/co2712085.html
jobs.51job.com/all/co607700.html
jobs.51job.com/all/co1686854.html
jobs.51job.com/all/co2322198.html
jobs.51job.com/all/co4547658.html
jobs.51job.com/all/co4547658.html
jobs.51job.com/all/co4620003.html
jobs.51job.com/all/co4349061.html
jobs.51job.com/all/co4349061.html
jobs.51job.com/all/co2507622.html
jobs.51job.com/all/co2507622.html
jobs.51job.com/all/co2507622.html
jobs.51job.com/all/co2820594.html
jobs.51job.com/all/co2820594.html
jobs.51job.com/all/co225328.html
jobs.51job.com/all/co225328.html
jobs.51job.com/all/co3568084.html
jobs.51job.com/all/co3545499.html
jobs.51job.com/all/co3545499.html
jobs.51job.com/all/co2769869.html
jobs.51job.com/all/co4010188.html
jobs.51job.com/all/co4010188.html
jobs.51job.com/all/co4010188.html
jobs.51job.com/all/co4010188.html
jobs.51job.com/all/co3596222.html
jobs.51job.com/all/co4870847.html
jobs.51job.com/all/co4870847.html
jobs.51job.com/all/co4010188.html
jobs.51job.com/all/co4010188.html
jobs.51job.com/all/co4010188.html
jobs.51job.com/all/co4010188.html
jobs.51job.com/all/co4010188.html
jobs.51job.com/all/co4010188.html
jobs.51job.com/all/co4010188.html
jobs.51job.com/all/co2470806.html
jobs.51job.com/all/co4946929.html
jobs.51job.com/all/co4685355.html
jobs.51job.com/all/co4454893.html
jobs.51job.com/all/co4454893.html
jobs.51job.com/all/co3903441.html
jobs.51job.com/all/co2407300.html
jobs.51job.com/all/co3699605.html
jobs.51job.com/all/co2271840.html
jobs.51job.com/all/co2271840.html
jobs.51job.com/all/co2271840.html
jobs.51job.com/all/co2271840.html
jobs.51job.com/all/co3580203.html
jobs.51job.com/all/co4157543.html
jobs.51job.com/all/co4157543.html
jobs.51job.com/all/co2315485.html
jobs.51job.com/all/co3699605.html
jobs.51job.com/all/co3699605.html
jobs.51job.com/all/co2271840.html
jobs.51job.com/all/co4527101.html
jobs.51job.com/all/co2407300.html
jobs.51job.com/all/co2407300.html
jobs.51job.com/all/co4527101.html
jobs.51job.com/all/co4533989.html
jobs.51job.com/all/co4533989.html
jobs.51job.com/all/co4533989.html
jobs.51job.com/all/co4533989.html
jobs.51job.com/all/co4533989.html
jobs.51job.com/all/co4533989.html
jobs.51job.com/all/co4533989.html
jobs.51job.com/all/co4533989.html
jobs.51job.com/all/co4533989.html
jobs.51job.com/all/co3945620.html
jobs.51job.com/all/co4533989.html
jobs.51job.com/all/co4856354.html
jobs.51job.com/all/co4856354.html
jobs.51job.com/all/co4856354.html
jobs.51job.com/all/co4856354.html
jobs.51job.com/all/co2210539.html
jobs.51job.com/all/co4882831.html
jobs.51job.com/all/co4527101.html
jobs.51job.com/all/co4527101.html
jobs.51job.com/all/co4018576.html
jobs.51job.com/all/co4366463.html
jobs.51job.com/all/co2676295.html
jobs.51job.com/all/co4282472.html
jobs.51job.com/all/co4282472.html
jobs.51job.com/all/co4282472.html
jobs.51job.com/all/co4282472.html
jobs.51job.com/all/co4253209.html
jobs.51job.com/all/co4253209.html
jobs.51job.com/all/co2656074.html
jobs.51job.com/all/co4253209.html
jobs.51job.com/all/co4253209.html
jobs.51job.com/all/co4253209.html
jobs.51job.com/all/co4253209.html
jobs.51job.com/all/co217711.html
jobs.51job.com/all/co4542658.html
jobs.51job.com/all/co101597.html
jobs.51job.com/all/co3372183.html
jobs.51job.com/all/co3372183.html
jobs.51job.com/all/co4049542.html
jobs.51job.com/all/co4049542.html
jobs.51job.com/all/co4049542.html
jobs.51job.com/all/co4049542.html
jobs.51job.com/all/co4049542.html
jobs.51job.com/all/co4049542.html
jobs.51job.com/all/co4049542.html
jobs.51job.com/all/co4049542.html
jobs.51job.com/all/co4049542.html
jobs.51job.com/all/co4049542.html
jobs.51job.com/all/co4049542.html
jobs.51job.com/all/co4049542.html
jobs.51job.com/all/co4049542.html
jobs.51job.com/all/co4049542.html
jobs.51job.com/all/co4049542.html
jobs.51job.com/all/co4049542.html
jobs.51job.com/all/co4049542.html
jobs.51job.com/all/co4049542.html
jobs.51job.com/all/co4049542.html
jobs.51job.com/all/co3372183.html
jobs.51job.com/all/co3372183.html
jobs.51job.com/all/co3372183.html
jobs.51job.com/all/co3372183.html
jobs.51job.com/all/co3372183.html
jobs.51job.com/all/co3372183.html
jobs.51job.com/all/co4508701.html
jobs.51job.com/all/co4508701.html
jobs.51job.com/all/co4508701.html
jobs.51job.com/all/co4508701.html
jobs.51job.com/all/co4865896.html
jobs.51job.com/all/co4865896.html
jobs.51job.com/all/co4865896.html
jobs.51job.com/all/co4865896.html
jobs.51job.com/all/co4865896.html
jobs.51job.com/all/co4865896.html
jobs.51job.com/all/co4049542.html
jobs.51job.com/all/co3207754.html
jobs.51job.com/all/co3207754.html
jobs.51job.com/all/co3207754.html
jobs.51job.com/all/co3207754.html
jobs.51job.com/all/co3207754.html
jobs.51job.com/all/co3207754.html
jobs.51job.com/all/co3207754.html
jobs.51job.com/all/co3207754.html
jobs.51job.com/all/co4296774.html
jobs.51job.com/all/co4296774.html
jobs.51job.com/all/co4474821.html
jobs.51job.com/all/co4474821.html
jobs.51job.com/all/co4922484.html
jobs.51job.com/all/co4454313.html
jobs.51job.com/all/co4454313.html
jobs.51job.com/all/co4454313.html
jobs.51job.com/all/co4454313.html
jobs.51job.com/all/co4454313.html
jobs.51job.com/all/co4454313.html
jobs.51job.com/all/co4454313.html
jobs.51job.com/all/co4454313.html
jobs.51job.com/all/co4454313.html
jobs.51job.com/all/co4454313.html
jobs.51job.com/all/co4454313.html
jobs.51job.com/all/co4454313.html
jobs.51job.com/all/co4454313.html
jobs.51job.com/all/co4454313.html
jobs.51job.com/all/co4875867.html
jobs.51job.com/all/co2924863.html
jobs.51job.com/all/co4157543.html
jobs.51job.com/all/co4157543.html
jobs.51job.com/all/co4157543.html
jobs.51job.com/all/co4157543.html
jobs.51job.com/all/co4157543.html
jobs.51job.com/all/co4157543.html
jobs.51job.com/all/co4870994.html
jobs.51job.com/all/co4870994.html
jobs.51job.com/all/co4870994.html
jobs.51job.com/all/co4870994.html
jobs.51job.com/all/co4870994.html
jobs.51job.com/all/co4870994.html
jobs.51job.com/all/co4870994.html
jobs.51job.com/all/co4870994.html
jobs.51job.com/all/co4870994.html
jobs.51job.com/all/co4870994.html
jobs.51job.com/all/co4870994.html
jobs.51job.com/all/co3612926.html
jobs.51job.com/all/co3612926.html
jobs.51job.com/all/co3612926.html
jobs.51job.com/all/co3612926.html
jobs.51job.com/all/co3612926.html
jobs.51job.com/all/co3612926.html
jobs.51job.com/all/co3612926.html
jobs.51job.com/all/co3612926.html
jobs.51job.com/all/co3612926.html
jobs.51job.com/all/co3612926.html
jobs.51job.com/all/co4317313.html
jobs.51job.com/all/co4870994.html
jobs.51job.com/all/co3207754.html
jobs.51job.com/all/co3207754.html
jobs.51job.com/all/co3207754.html
jobs.51job.com/all/co4474821.html
jobs.51job.com/all/co4474821.html
jobs.51job.com/all/co4533989.html
jobs.51job.com/all/co4533989.html
jobs.51job.com/all/co4533989.html
jobs.51job.com/all/co3207754.html
jobs.51job.com/all/co4412159.html
jobs.51job.com/all/co1994492.html
jobs.51job.com/all/co1994492.html
jobs.51job.com/all/co1994492.html
jobs.51job.com/all/co1994492.html
jobs.51job.com/all/co1994492.html
jobs.51job.com/all/co1994492.html
jobs.51job.com/all/co1994492.html
jobs.51job.com/all/co1994492.html
jobs.51job.com/all/co1994492.html
jobs.51job.com/all/co1994492.html
jobs.51job.com/all/co1994492.html
jobs.51job.com/all/co1994492.html
jobs.51job.com/all/co1994492.html
jobs.51job.com/all/co1994492.html
jobs.51job.com/all/co1994492.html
jobs.51job.com/all/co1994492.html
jobs.51job.com/all/co1994492.html
jobs.51job.com/all/co1994492.html
jobs.51job.com/all/co1994492.html
jobs.51job.com/all/co1994492.html
jobs.51job.com/all/co1994492.html
jobs.51job.com/all/co1994492.html
jobs.51job.com/all/co1994492.html
jobs.51job.com/all/co1994492.html
jobs.51job.com/all/co1994492.html
jobs.51job.com/all/co1994492.html
jobs.51job.com/all/co1994492.html
jobs.51job.com/all/co1994492.html
jobs.51job.com/all/co1994492.html
jobs.51job.com/all/co1994492.html
jobs.51job.com/all/co1994492.html
jobs.51job.com/all/co1994492.html
jobs.51job.com/all/co1994492.html
jobs.51job.com/all/co1994492.html
jobs.51job.com/all/co1994492.html
jobs.51job.com/all/co1994492.html
jobs.51job.com/all/co1994492.html
jobs.51job.com/all/co1994492.html
jobs.51job.com/all/co1994492.html
jobs.51job.com/all/co1994492.html
jobs.51job.com/all/co1994492.html
jobs.51job.com/all/co1994492.html
jobs.51job.com/all/co1994492.html
jobs.51job.com/all/co1994492.html
jobs.51job.com/all/co4572673.html
jobs.51job.com/all/co4572673.html
jobs.51job.com/all/co4572673.html
jobs.51job.com/all/co4572673.html
jobs.51job.com/all/co4572673.html
jobs.51job.com/all/co4572673.html
jobs.51job.com/all/co4572673.html
jobs.51job.com/all/co4572673.html
jobs.51job.com/all/co4572673.html
jobs.51job.com/all/co4572673.html
jobs.51job.com/all/co4572673.html
jobs.51job.com/all/co4572673.html
jobs.51job.com/all/co4572673.html
jobs.51job.com/all/co4572673.html
jobs.51job.com/all/co4572673.html
jobs.51job.com/all/co4572673.html
jobs.51job.com/all/co4572673.html
jobs.51job.com/all/co4572673.html
jobs.51job.com/all/co4572673.html
jobs.51job.com/all/co4914101.html
jobs.51job.com/all/co3557025.html
jobs.51job.com/all/co4269914.html
jobs.51job.com/all/co4269914.html
jobs.51job.com/all/co3169293.html
jobs.51job.com/all/co4096880.html
jobs.51job.com/all/co4096880.html
jobs.51job.com/all/co4096880.html
jobs.51job.com/all/co4257017.html
jobs.51job.com/all/co4287031.html
jobs.51job.com/all/co4287031.html
jobs.51job.com/all/co4866496.html
jobs.51job.com/all/co4866496.html
jobs.51job.com/all/co4866496.html
jobs.51job.com/all/co4866496.html
jobs.51job.com/all/co4866496.html
jobs.51job.com/all/co4866496.html
jobs.51job.com/all/co221511.html
jobs.51job.com/all/co221511.html
jobs.51job.com/all/co221511.html
jobs.51job.com/all/co3796174.html
jobs.51job.com/all/co3169293.html
jobs.51job.com/all/co3169293.html
jobs.51job.com/all/co4951225.html
jobs.51job.com/all/co3420615.html
jobs.51job.com/all/co3120062.html
jobs.51job.com/all/co4333475.html
jobs.51job.com/all/co221511.html
jobs.51job.com/all/co221511.html
jobs.51job.com/all/co221511.html
jobs.51job.com/all/co221511.html
jobs.51job.com/all/co221511.html
jobs.51job.com/all/co221511.html
jobs.51job.com/all/co221511.html
jobs.51job.com/all/co4874952.html
jobs.51job.com/all/co2517152.html
jobs.51job.com/all/co3169293.html
jobs.51job.com/all/co3169293.html
jobs.51job.com/all/co3169293.html
jobs.51job.com/all/co3169293.html
jobs.51job.com/all/co3996067.html
jobs.51job.com/all/co3996067.html
jobs.51job.com/all/co3996067.html
jobs.51job.com/all/co4764935.html
jobs.51job.com/all/co3000507.html
jobs.51job.com/all/co2531079.html
jobs.51job.com/all/co3801225.html
jobs.51job.com/all/co3801225.html
jobs.51job.com/all/co3801225.html
jobs.51job.com/all/co2727811.html
jobs.51job.com/all/co4620003.html
jobs.51job.com/all/co4620003.html
jobs.51job.com/all/co4620003.html
jobs.51job.com/all/co4620003.html
jobs.51job.com/all/co4620003.html
jobs.51job.com/all/co4620003.html
jobs.51job.com/all/co4620003.html
jobs.51job.com/all/co4479213.html
jobs.51job.com/all/co4408476.html
jobs.51job.com/all/co4118262.html
jobs.51job.com/all/co4118262.html
jobs.51job.com/all/co3701531.html
jobs.51job.com/all/co4845084.html
jobs.51job.com/all/co4845084.html
jobs.51job.com/all/co4845084.html
jobs.51job.com/all/co4098930.html
jobs.51job.com/all/co4252700.html
jobs.51job.com/all/co4252700.html
jobs.51job.com/all/co1987073.html
jobs.51job.com/all/co4349061.html
jobs.51job.com/all/co4349061.html
jobs.51job.com/all/co4349061.html
jobs.51job.com/all/co4349061.html
jobs.51job.com/all/co4349061.html
jobs.51job.com/all/co4349061.html
jobs.51job.com/all/co4349061.html
jobs.51job.com/all/co4349061.html
jobs.51job.com/all/co4349061.html
jobs.51job.com/all/co4349061.html
jobs.51job.com/all/co210111.html
jobs.51job.com/all/co4186070.html
jobs.51job.com/all/co2517152.html
jobs.51job.com/all/co2517152.html
jobs.51job.com/all/co2517152.html
jobs.51job.com/all/co3733728.html
jobs.51job.com/all/co3733728.html
jobs.51job.com/all/co4640445.html
jobs.51job.com/all/co4752906.html
jobs.51job.com/all/co3629200.html
jobs.51job.com/all/co3629200.html
jobs.51job.com/all/co3428169.html
jobs.51job.com/all/co3132194.html
jobs.51job.com/all/co3132194.html
jobs.51job.com/all/co3132194.html
jobs.51job.com/all/co3132194.html
jobs.51job.com/all/co3132194.html
jobs.51job.com/all/co3132194.html
jobs.51job.com/all/co3132194.html
jobs.51job.com/all/co3132194.html
jobs.51job.com/all/co3132194.html
jobs.51job.com/all/co3132194.html
jobs.51job.com/all/co3132194.html
jobs.51job.com/all/co3132194.html
jobs.51job.com/all/co3132194.html
jobs.51job.com/all/co3796174.html
jobs.51job.com/all/co3796174.html
jobs.51job.com/all/co3801996.html
jobs.51job.com/all/co3846650.html
jobs.51job.com/all/co3846650.html
jobs.51job.com/all/co3846650.html
jobs.51job.com/all/co3846650.html
jobs.51job.com/all/co3846650.html
jobs.51job.com/all/co4877858.html
jobs.51job.com/all/co4649012.html
jobs.51job.com/all/co4649012.html
jobs.51job.com/all/co3169293.html
jobs.51job.com/all/co3169293.html
jobs.51job.com/all/co3503015.html
jobs.51job.com/all/co3503015.html
jobs.51job.com/all/co3503015.html
jobs.51job.com/all/co3503015.html
jobs.51job.com/all/co3503015.html
jobs.51job.com/all/co3503015.html
jobs.51job.com/all/co3503015.html
jobs.51job.com/all/co3503015.html
jobs.51job.com/all/co3503015.html
jobs.51job.com/all/co3503015.html
jobs.51job.com/all/co3887674.html
jobs.51job.com/all/co3887674.html
jobs.51job.com/all/co3256826.html
jobs.51job.com/all/co3256826.html
jobs.51job.com/all/co3941879.html
jobs.51job.com/all/co3941879.html
jobs.51job.com/all/co3941879.html
jobs.51job.com/all/co3941879.html
jobs.51job.com/all/co3941879.html
jobs.51job.com/all/co3941879.html
jobs.51job.com/all/co3941879.html
jobs.51job.com/all/co3032918.html
jobs.51job.com/all/co3032918.html
jobs.51job.com/all/co3032918.html
jobs.51job.com/all/co3032918.html
jobs.51job.com/all/co2839368.html
jobs.51job.com/all/co2839368.html
jobs.51job.com/all/co2839368.html
jobs.51job.com/all/co2839368.html
jobs.51job.com/all/co2839368.html
jobs.51job.com/all/co2839368.html
jobs.51job.com/all/co2839368.html
jobs.51job.com/all/co2839368.html
jobs.51job.com/all/co2839368.html
jobs.51job.com/all/co2839368.html
jobs.51job.com/all/co2839368.html
jobs.51job.com/all/co3482658.html
jobs.51job.com/all/co4861431.html
jobs.51job.com/all/co4683042.html
jobs.51job.com/all/co2679697.html
jobs.51job.com/all/co2820594.html
jobs.51job.com/all/co2820594.html
jobs.51job.com/all/co4493029.html
jobs.51job.com/all/co4493029.html
jobs.51job.com/all/co4493029.html
jobs.51job.com/all/co4096880.html
jobs.51job.com/all/co2913486.html
jobs.51job.com/all/co2579460.html
jobs.51job.com/all/co127989.html
jobs.51job.com/all/co2800232.html
jobs.51job.com/all/co4137525.html
jobs.51job.com/all/co4137525.html
jobs.51job.com/all/co4137525.html
jobs.51job.com/all/co2565112.html
jobs.51job.com/all/co2565112.html
jobs.51job.com/all/co3234223.html
jobs.51job.com/all/co3508917.html
jobs.51job.com/all/co2679554.html
jobs.51job.com/all/co2679554.html
jobs.51job.com/all/co2679554.html
jobs.51job.com/all/co4802691.html
jobs.51job.com/all/co4802691.html
jobs.51job.com/all/co4802691.html
jobs.51job.com/all/co2357707.html
jobs.51job.com/all/co2448041.html
jobs.51job.com/all/co4823743.html
jobs.51job.com/all/co3270132.html
jobs.51job.com/all/co3912845.html
jobs.51job.com/all/co3912845.html
jobs.51job.com/all/co3912845.html
jobs.51job.com/all/co3912845.html
jobs.51job.com/all/co3912845.html
jobs.51job.com/all/co3912845.html
jobs.51job.com/all/co3912845.html
jobs.51job.com/all/co539256.html
jobs.51job.com/all/co1651185.html
jobs.51job.com/all/co3812175.html
jobs.51job.com/all/co3812175.html
jobs.51job.com/all/co225328.html
jobs.51job.com/all/co225328.html
jobs.51job.com/all/co2256192.html
jobs.51job.com/all/co2256192.html
jobs.51job.com/all/co2320646.html
jobs.51job.com/all/co4829671.html
jobs.51job.com/all/co4829671.html
jobs.51job.com/all/co4829671.html
jobs.51job.com/all/co4829671.html
jobs.51job.com/all/co4829671.html
jobs.51job.com/all/co4829671.html
jobs.51job.com/all/co3500748.html
jobs.51job.com/all/co3500748.html
jobs.51job.com/all/co3500748.html
jobs.51job.com/all/co3568084.html
jobs.51job.com/all/co3809259.html
jobs.51job.com/all/co3809259.html
jobs.51job.com/all/co3024374.html
jobs.51job.com/all/co3024374.html
jobs.51job.com/all/co4053824.html
jobs.51job.com/all/co4053824.html
jobs.51job.com/all/co4053824.html
jobs.51job.com/all/co4053824.html
jobs.51job.com/all/co3264089.html
jobs.51job.com/all/co4053824.html
jobs.51job.com/all/co3545499.html
jobs.51job.com/all/co4153918.html
jobs.51job.com/all/co3221910.html
jobs.51job.com/all/co4835108.html
jobs.51job.com/all/co4835108.html
jobs.51job.com/all/co4835108.html
jobs.51job.com/all/co4889898.html
jobs.51job.com/all/co4889898.html
jobs.51job.com/all/co4889898.html
jobs.51job.com/all/co4889898.html
jobs.51job.com/all/co3837444.html
jobs.51job.com/all/co3837444.html
jobs.51job.com/all/co3837444.html
jobs.51job.com/all/co3596222.html
jobs.51job.com/all/co4186070.html
jobs.51job.com/all/co4186070.html
jobs.51job.com/all/co4789106.html
jobs.51job.com/all/co4789106.html
jobs.51job.com/all/co3596222.html
jobs.51job.com/all/co4186070.html
jobs.51job.com/all/co4366463.html
jobs.51job.com/all/co4366463.html
jobs.51job.com/all/co4366463.html
jobs.51job.com/all/co4596857.html
jobs.51job.com/all/co4596857.html
jobs.51job.com/all/co4596857.html
jobs.51job.com/all/co4919159.html
jobs.51job.com/all/co4117766.html
jobs.51job.com/all/co4688406.html
jobs.51job.com/all/co4688406.html
jobs.51job.com/all/co2679697.html
jobs.51job.com/all/co2679697.html
jobs.51job.com/all/co3633302.html
jobs.51job.com/all/co3057191.html
jobs.51job.com/all/co4186070.html
jobs.51job.com/all/co4186070.html
jobs.51job.com/all/co4408187.html
jobs.51job.com/all/co4408187.html
jobs.51job.com/all/co358586.html
jobs.51job.com/all/co358586.html
jobs.51job.com/all/co4888909.html
jobs.51job.com/all/co3997546.html
jobs.51job.com/all/co3997546.html
jobs.51job.com/all/co4010188.html
jobs.51job.com/all/co4010188.html
jobs.51job.com/all/co4010188.html
jobs.51job.com/all/co4010188.html
jobs.51job.com/all/co4010188.html
jobs.51job.com/all/co4010188.html
jobs.51job.com/all/co3597846.html
jobs.51job.com/all/co4186070.html
jobs.51job.com/all/co4186070.html
jobs.51job.com/all/co3890943.html
jobs.51job.com/all/co4846227.html
jobs.51job.com/all/co4331883.html
jobs.51job.com/all/co3597846.html
jobs.51job.com/all/co3597846.html
jobs.51job.com/all/co3597846.html
jobs.51job.com/all/co3120062.html
jobs.51job.com/all/co3120062.html
jobs.51job.com/all/co3120062.html
jobs.51job.com/all/co3120062.html
jobs.51job.com/all/co4482445.html
jobs.51job.com/all/co3751522.html
jobs.51job.com/all/co3751522.html
jobs.51job.com/all/co3175624.html
jobs.51job.com/all/co3517678.html
jobs.51job.com/all/co4604754.html
jobs.51job.com/all/co4604754.html
jobs.51job.com/all/co4604754.html
jobs.51job.com/all/co4946929.html
jobs.51job.com/all/co1995680.html
jobs.51job.com/all/co1995680.html
jobs.51job.com/all/co1995680.html
jobs.51job.com/all/co1995680.html
jobs.51job.com/all/co1995680.html
jobs.51job.com/all/co1995680.html
jobs.51job.com/all/co1995680.html
jobs.51job.com/all/co1995680.html
jobs.51job.com/all/co3920197.html
jobs.51job.com/all/co3920197.html
jobs.51job.com/all/co3920197.html
jobs.51job.com/all/co3920197.html
jobs.51job.com/all/co3920197.html
jobs.51job.com/all/co4429950.html
jobs.51job.com/all/co2630239.html
jobs.51job.com/all/co2679697.html
jobs.51job.com/all/co2679697.html
jobs.51job.com/all/co2679697.html
jobs.51job.com/all/co2771189.html
jobs.51job.com/all/co3347192.html
jobs.51job.com/all/co4604271.html
jobs.51job.com/all/co2470806.html
jobs.51job.com/all/co3628041.html
jobs.51job.com/all/co3922719.html
jobs.51job.com/all/co4805167.html
jobs.51job.com/all/co4805167.html
jobs.51job.com/all/co3833785.html
jobs.51job.com/all/co3833785.html
jobs.51job.com/all/co3833785.html
jobs.51job.com/all/co4832473.html
jobs.51job.com/all/co4832473.html
jobs.51job.com/all/co4832473.html
jobs.51job.com/all/co4832473.html
jobs.51job.com/all/co4832473.html
jobs.51job.com/all/co4832473.html
jobs.51job.com/all/co4832473.html
jobs.51job.com/all/co3482658.html
jobs.51job.com/all/co3879211.html
jobs.51job.com/all/co4280565.html
jobs.51job.com/all/co4280565.html
jobs.51job.com/all/co3737246.html
jobs.51job.com/all/co4636264.html
jobs.51job.com/all/co4636264.html
jobs.51job.com/all/co4616616.html
jobs.51job.com/all/co4333475.html
jobs.51job.com/all/co3451170.html
jobs.51job.com/all/co2777759.html
jobs.51job.com/all/co3926751.html
jobs.51job.com/all/co3926751.html
jobs.51job.com/all/co4482615.html
jobs.51job.com/all/co4027080.html
jobs.51job.com/all/co322932.html
jobs.51job.com/all/co212700.html
jobs.51job.com/all/co3880547.html
jobs.51job.com/all/co4808674.html
jobs.51job.com/all/co4808674.html
jobs.51job.com/all/co4808674.html
jobs.51job.com/all/co4722218.html
jobs.51job.com/all/co3880547.html
jobs.51job.com/all/co4257272.html
jobs.51job.com/all/co3455497.html
jobs.51job.com/all/co203680.html
jobs.51job.com/all/co3880547.html
jobs.51job.com/all/co4875268.html
jobs.51job.com/all/co4009300.html
jobs.51job.com/all/co4344505.html
jobs.51job.com/all/co4847596.html
jobs.51job.com/all/co4847596.html
jobs.51job.com/all/co4847596.html
jobs.51job.com/all/co3610872.html
jobs.51job.com/all/co3610872.html
jobs.51job.com/all/co4487892.html
jobs.51job.com/all/co4868964.html
jobs.51job.com/all/co4868964.html
jobs.51job.com/all/co2321271.html
jobs.51job.com/all/co2321271.html
jobs.51job.com/all/co2321271.html
jobs.51job.com/all/co2321271.html
jobs.51job.com/all/co2321271.html
jobs.51job.com/all/co2321271.html
jobs.51job.com/all/co2321271.html
jobs.51job.com/all/co2321271.html
jobs.51job.com/all/co4243346.html
jobs.51job.com/all/co3903441.html
jobs.51job.com/all/co4044278.html
jobs.51job.com/all/co4044278.html
jobs.51job.com/all/co4044278.html
jobs.51job.com/all/co4044278.html
jobs.51job.com/all/co926115.html
jobs.51job.com/all/co3833785.html
jobs.51job.com/all/co3833785.html
jobs.51job.com/all/co3833785.html
jobs.51job.com/all/co3833785.html
jobs.51job.com/all/co3833785.html
jobs.51job.com/all/co3833785.html
jobs.51job.com/all/co3833785.html
jobs.51job.com/all/co3833785.html
jobs.51job.com/all/co3833785.html
jobs.51job.com/all/co3833785.html
jobs.51job.com/all/co3833785.html
jobs.51job.com/all/co3833785.html
jobs.51job.com/all/co3833785.html
jobs.51job.com/all/co3833785.html
jobs.51job.com/all/co3833785.html
jobs.51job.com/all/co3833785.html
jobs.51job.com/all/co3833785.html
jobs.51job.com/all/co3833785.html
jobs.51job.com/all/co3833785.html
jobs.51job.com/all/co3833785.html
jobs.51job.com/all/co3833785.html
jobs.51job.com/all/co3833785.html
jobs.51job.com/all/co3833785.html
jobs.51job.com/all/co3833785.html
jobs.51job.com/all/co3833785.html
jobs.51job.com/all/co2413749.html
jobs.51job.com/all/co3723031.html
jobs.51job.com/all/co3688775.html
jobs.51job.com/all/co3688775.html
jobs.51job.com/all/co4117766.html
jobs.51job.com/all/co4464578.html
jobs.51job.com/all/co4464578.html
jobs.51job.com/all/co4464578.html
jobs.51job.com/all/co4464578.html
jobs.51job.com/all/co4464578.html
jobs.51job.com/all/co4464578.html
jobs.51job.com/all/co4464578.html
jobs.51job.com/all/co4464578.html
jobs.51job.com/all/co4464578.html
jobs.51job.com/all/co3999141.html
jobs.51job.com/all/co3699605.html
jobs.51job.com/all/co3699605.html
jobs.51job.com/all/co3699605.html
jobs.51job.com/all/co3699605.html
jobs.51job.com/all/co2679697.html
jobs.51job.com/all/co2679697.html
jobs.51job.com/all/co3093274.html
jobs.51job.com/all/co2679697.html
jobs.51job.com/all/co2679697.html
jobs.51job.com/all/co4117766.html
jobs.51job.com/all/co4076283.html
jobs.51job.com/all/co511313.html
jobs.51job.com/all/co511313.html
jobs.51job.com/all/co4300839.html
jobs.51job.com/all/co4300839.html
jobs.51job.com/all/co4300839.html
jobs.51job.com/all/co4300839.html
jobs.51job.com/all/co4300839.html
jobs.51job.com/all/co4773266.html
jobs.51job.com/all/co4773266.html
jobs.51job.com/all/co3580203.html
jobs.51job.com/all/co3485836.html
jobs.51job.com/all/co4934493.html
jobs.51job.com/all/co520787.html
jobs.51job.com/all/co520787.html
jobs.51job.com/all/co520787.html
jobs.51job.com/all/co520787.html
jobs.51job.com/all/co520787.html
jobs.51job.com/all/co520787.html
jobs.51job.com/all/co520787.html
jobs.51job.com/all/co520787.html
jobs.51job.com/all/co3688162.html
jobs.51job.com/all/co3485836.html
jobs.51job.com/all/co4508224.html
jobs.51job.com/all/co4508224.html
jobs.51job.com/all/co2407300.html
jobs.51job.com/all/co3688162.html
jobs.51job.com/all/co3414020.html
jobs.51job.com/all/co3414020.html
jobs.51job.com/all/co3414020.html
jobs.51job.com/all/co3414020.html
jobs.51job.com/all/co3414020.html
jobs.51job.com/all/co3414020.html
jobs.51job.com/all/co3414020.html
jobs.51job.com/all/co4198801.html
jobs.51job.com/all/co3983971.html
jobs.51job.com/all/co3879211.html
jobs.51job.com/all/co3879211.html
jobs.51job.com/all/co3879211.html
jobs.51job.com/all/co4118262.html
jobs.51job.com/all/co3396720.html
jobs.51job.com/all/co2661563.html
jobs.51job.com/all/co2661563.html
jobs.51job.com/all/co4118262.html
jobs.51job.com/all/co3688162.html
jobs.51job.com/all/co4617351.html
jobs.51job.com/all/co3351870.html
jobs.51job.com/all/co3177923.html
jobs.51job.com/all/co3444526.html
jobs.51job.com/all/co3351870.html
jobs.51job.com/all/co4317273.html
jobs.51job.com/all/co4317273.html
jobs.51job.com/all/co4317273.html
jobs.51job.com/all/co4317273.html
jobs.51job.com/all/co4508058.html
jobs.51job.com/all/co1366757.html
jobs.51job.com/all/co1366757.html
jobs.51job.com/all/co1366757.html
jobs.51job.com/all/co3699605.html
jobs.51job.com/all/co2271840.html
jobs.51job.com/all/co4247219.html
jobs.51job.com/all/co3688162.html
jobs.51job.com/all/co3894375.html
jobs.51job.com/all/co2682740.html
jobs.51job.com/all/co3582966.html
jobs.51job.com/all/co3582966.html
jobs.51job.com/all/co3582966.html
jobs.51job.com/all/co3582966.html
jobs.51job.com/all/co4527101.html
jobs.51job.com/all/co4585421.html
jobs.51job.com/all/co4585421.html
jobs.51job.com/all/co4585421.html
jobs.51job.com/all/co4585421.html
jobs.51job.com/all/co4585421.html
jobs.51job.com/all/co4585421.html
jobs.51job.com/all/co4585421.html
jobs.51job.com/all/co3894375.html
jobs.51job.com/all/co4018576.html
jobs.51job.com/all/co4018576.html
jobs.51job.com/all/co4040454.html
jobs.51job.com/all/co4040454.html
jobs.51job.com/all/co2407300.html
jobs.51job.com/all/co198654.html
jobs.51job.com/all/co4790121.html
jobs.51job.com/all/co4790121.html
jobs.51job.com/all/co4790121.html
jobs.51job.com/all/co2679697.html
jobs.51job.com/all/co2679697.html
jobs.51job.com/all/co2679697.html
jobs.51job.com/all/co3945620.html
jobs.51job.com/all/co3945620.html
jobs.51job.com/all/co2553902.html
jobs.51job.com/all/co4243346.html
jobs.51job.com/all/co4173498.html
jobs.51job.com/all/co926115.html
jobs.51job.com/all/co926115.html
jobs.51job.com/all/co926115.html
jobs.51job.com/all/co3596222.html
jobs.51job.com/all/co2321920.html
jobs.51job.com/all/co4642143.html
jobs.51job.com/all/co2217448.html
jobs.51job.com/all/co2217448.html
jobs.51job.com/all/co926115.html
jobs.51job.com/all/co4527101.html
jobs.51job.com/all/co4527101.html
jobs.51job.com/all/co3557025.html
jobs.51job.com/all/co1366757.html
jobs.51job.com/all/co2834168.html
jobs.51job.com/all/co4531141.html
jobs.51job.com/all/co4704182.html
jobs.51job.com/all/co3999141.html
jobs.51job.com/all/co217711.html
jobs.51job.com/all/co2885460.html
jobs.51job.com/all/co4527101.html
jobs.51job.com/all/co4425457.html
jobs.51job.com/all/co4366463.html
jobs.51job.com/all/co4425457.html
jobs.51job.com/all/co3860541.html
jobs.51job.com/all/co4420198.html
jobs.51job.com/all/co4867928.html
jobs.51job.com/all/co2962770.html
jobs.51job.com/all/co2962770.html
jobs.51job.com/all/co2835140.html
jobs.51job.com/all/co4856354.html
jobs.51job.com/all/co3563502.html
jobs.51job.com/all/co4366463.html
jobs.51job.com/all/co2962770.html
jobs.51job.com/all/co2962770.html
jobs.51job.com/all/co139663.html
jobs.51job.com/all/co139663.html
jobs.51job.com/all/co139663.html
jobs.51job.com/all/co139663.html
jobs.51job.com/all/co4882831.html
jobs.51job.com/all/co4882831.html
jobs.51job.com/all/co4882831.html
jobs.51job.com/all/co4882831.html
jobs.51job.com/all/co4882831.html
jobs.51job.com/all/co4882831.html
jobs.51job.com/all/co4882831.html
jobs.51job.com/all/co3280145.html
jobs.51job.com/all/co4292974.html
jobs.51job.com/all/co4527101.html
jobs.51job.com/all/co4527101.html
jobs.51job.com/all/co4527101.html
jobs.51job.com/all/co2247867.html
jobs.51job.com/all/co2750269.html
jobs.51job.com/all/co3999141.html
jobs.51job.com/all/co3999141.html
jobs.51job.com/all/co3256653.html
jobs.51job.com/all/co3256653.html
jobs.51job.com/all/co4425457.html
jobs.51job.com/all/co2734689.html
jobs.51job.com/all/co4279930.html
jobs.51job.com/all/co104891.html
jobs.51job.com/all/co104891.html
jobs.51job.com/all/co4466135.html
jobs.51job.com/all/co4868909.html
jobs.51job.com/all/co4868909.html
jobs.51job.com/all/co4868909.html
jobs.51job.com/all/co4868909.html
jobs.51job.com/all/co4868909.html
jobs.51job.com/all/co4868909.html
jobs.51job.com/all/co4868909.html
jobs.51job.com/all/co4868909.html
jobs.51job.com/all/co4868909.html
jobs.51job.com/all/co4868909.html
jobs.51job.com/all/co4868909.html
jobs.51job.com/all/co4868909.html
jobs.51job.com/all/co3110732.html
jobs.51job.com/all/co3110732.html
jobs.51job.com/all/co2583163.html
jobs.51job.com/all/co4868909.html
jobs.51job.com/all/co4868909.html
jobs.51job.com/all/co4300508.html
jobs.51job.com/all/co4300508.html
jobs.51job.com/all/co4300508.html
jobs.51job.com/all/co4300508.html
jobs.51job.com/all/co4300508.html
jobs.51job.com/all/co4300508.html
jobs.51job.com/all/co4300508.html
jobs.51job.com/all/co4300508.html
jobs.51job.com/all/co4300508.html
jobs.51job.com/all/co4300508.html
jobs.51job.com/all/co4300508.html
jobs.51job.com/all/co4300508.html
jobs.51job.com/all/co4300508.html
jobs.51job.com/all/co4300508.html
jobs.51job.com/all/co203680.html
jobs.51job.com/all/co4343067.html
jobs.51job.com/all/co4343067.html
jobs.51job.com/all/co4343067.html
jobs.51job.com/all/co4282478.html
jobs.51job.com/all/co4282478.html
jobs.51job.com/all/co203680.html
jobs.51job.com/all/co2738280.html
jobs.51job.com/all/co2738280.html
jobs.51job.com/all/co4621657.html
jobs.51job.com/all/co4366463.html
jobs.51job.com/all/co4779059.html
jobs.51job.com/all/co4779059.html
jobs.51job.com/all/co4779059.html
jobs.51job.com/all/co4395131.html
jobs.51job.com/all/co4292974.html
jobs.51job.com/all/co2679697.html
jobs.51job.com/all/co2679697.html
jobs.51job.com/all/co2679697.html
jobs.51job.com/all/co2679697.html
jobs.51job.com/all/co2679697.html
jobs.51job.com/all/co3284465.html
jobs.51job.com/all/co3284465.html
jobs.51job.com/all/co4794988.html
jobs.51job.com/all/co3575916.html
jobs.51job.com/all/co203680.html
jobs.51job.com/all/co203680.html
jobs.51job.com/all/co3170029.html
jobs.51job.com/all/co3170029.html
jobs.51job.com/all/co3221326.html
jobs.51job.com/all/co2676295.html
jobs.51job.com/all/co2676295.html
jobs.51job.com/all/co2676295.html
jobs.51job.com/all/co3030278.html
jobs.51job.com/all/co3030278.html
jobs.51job.com/all/co4282472.html
jobs.51job.com/all/co4282472.html
jobs.51job.com/all/co4282472.html
jobs.51job.com/all/co4282472.html
jobs.51job.com/all/co4282472.html
jobs.51job.com/all/co4282472.html
jobs.51job.com/all/co2751051.html
jobs.51job.com/all/co4871180.html
jobs.51job.com/all/co3059729.html
jobs.51job.com/all/co3059729.html
jobs.51job.com/all/co3059729.html
jobs.51job.com/all/co3059729.html
jobs.51job.com/all/co3059729.html
jobs.51job.com/all/co3059729.html
jobs.51job.com/all/co3059729.html
jobs.51job.com/all/co3059729.html
jobs.51job.com/all/co3257578.html
jobs.51job.com/all/co3257578.html
jobs.51job.com/all/co3430875.html
jobs.51job.com/all/co3430875.html
jobs.51job.com/all/co191452.html
jobs.51job.com/all/co191452.html
jobs.51job.com/all/co191452.html
jobs.51job.com/all/co191452.html
jobs.51job.com/all/co191452.html
jobs.51job.com/all/co191452.html
jobs.51job.com/all/co191452.html
jobs.51job.com/all/co4441006.html
jobs.51job.com/all/co3874083.html
jobs.51job.com/all/co3874083.html
jobs.51job.com/all/co3564757.html
jobs.51job.com/all/co3257578.html
jobs.51job.com/all/co2737120.html
jobs.51job.com/all/co297249.html
jobs.51job.com/all/co297249.html
jobs.51job.com/all/co297249.html
jobs.51job.com/all/co297249.html
jobs.51job.com/all/co3411420.html
jobs.51job.com/all/co135210.html
jobs.51job.com/all/co3699605.html
jobs.51job.com/all/co3846650.html
jobs.51job.com/all/co3846650.html
jobs.51job.com/all/co3765083.html
jobs.51job.com/all/co3765083.html
jobs.51job.com/all/co3765083.html
jobs.51job.com/all/co2922222.html
jobs.51job.com/all/co2922222.html
jobs.51job.com/all/co2922222.html
jobs.51job.com/all/co2303101.html
jobs.51job.com/all/co4275325.html
jobs.51job.com/all/co4275325.html
jobs.51job.com/all/co3573800.html
jobs.51job.com/all/co3057191.html
jobs.51job.com/all/co3057191.html
jobs.51job.com/all/co312040.html
jobs.51job.com/all/co1134199.html
jobs.51job.com/all/co1134199.html
jobs.51job.com/all/co1134199.html
jobs.51job.com/all/co1134199.html
jobs.51job.com/all/co1134199.html
jobs.51job.com/all/co3837444.html
jobs.51job.com/all/co3837444.html
jobs.51job.com/all/co3837444.html
jobs.51job.com/all/co3837444.html
jobs.51job.com/all/co3837444.html
jobs.51job.com/all/co217711.html
jobs.51job.com/all/co217711.html
jobs.51job.com/all/co217711.html
jobs.51job.com/all/co217711.html
jobs.51job.com/all/co217711.html
jobs.51job.com/all/co217711.html
jobs.51job.com/all/co217711.html
jobs.51job.com/all/co217711.html
jobs.51job.com/all/co217711.html
jobs.51job.com/all/co4352102.html
jobs.51job.com/all/co4040067.html
jobs.51job.com/all/co1440249.html
jobs.51job.com/all/co101597.html
jobs.51job.com/all/co3165709.html
jobs.51job.com/all/co3357432.html
jobs.51job.com/all/co4269914.html
jobs.51job.com/all/co4017535.html
jobs.51job.com/all/co4017535.html
jobs.51job.com/all/co4017535.html
jobs.51job.com/all/co4017535.html
jobs.51job.com/all/co3597846.html
jobs.51job.com/all/co4420198.html
jobs.51job.com/all/co4420198.html
jobs.51job.com/all/co4420198.html
jobs.51job.com/all/co4420198.html
jobs.51job.com/all/co4010188.html
jobs.51job.com/all/co4010188.html
jobs.51job.com/all/co4010188.html
jobs.51job.com/all/co4010188.html
jobs.51job.com/all/co4010188.html
jobs.51job.com/all/co4010188.html
jobs.51job.com/all/co4010188.html
jobs.51job.com/all/co4010188.html
jobs.51job.com/all/co4010188.html
jobs.51job.com/all/co4010188.html
jobs.51job.com/all/co4010188.html
jobs.51job.com/all/co4010188.html
jobs.51job.com/all/co4010188.html
jobs.51job.com/all/co4010188.html
jobs.51job.com/all/co4010188.html
jobs.51job.com/all/co4010188.html
jobs.51job.com/all/co4010188.html
jobs.51job.com/all/co4010188.html
jobs.51job.com/all/co4010188.html
jobs.51job.com/all/co4010188.html
jobs.51job.com/all/co4010188.html
jobs.51job.com/all/co4010188.html
jobs.51job.com/all/co4010188.html
jobs.51job.com/all/co4010188.html
jobs.51job.com/all/co4010188.html
jobs.51job.com/all/co4010188.html
jobs.51job.com/all/co4010188.html
jobs.51job.com/all/co4010188.html
jobs.51job.com/all/co4010188.html
jobs.51job.com/all/co4010188.html
jobs.51job.com/all/co4010188.html
jobs.51job.com/all/co4010188.html
jobs.51job.com/all/co4010188.html
jobs.51job.com/all/co4010188.html
jobs.51job.com/all/co4010188.html
jobs.51job.com/all/co4010188.html
jobs.51job.com/all/co4010188.html
jobs.51job.com/all/co4454313.html
jobs.51job.com/all/co2070305.html
jobs.51job.com/all/co3025182.html
jobs.51job.com/all/co3025182.html
jobs.51job.com/all/co2913486.html
jobs.51job.com/all/co3874514.html
jobs.51job.com/all/co4408187.html
jobs.51job.com/all/co4010188.html
jobs.51job.com/all/co4010188.html
jobs.51job.com/all/co4010188.html
jobs.51job.com/all/co4010188.html
jobs.51job.com/all/co4535128.html
jobs.51job.com/all/co2806438.html
jobs.51job.com/all/co3348700.html
jobs.51job.com/all/co3879211.html
jobs.51job.com/all/co4927869.html
jobs.51job.com/all/co4927869.html
jobs.51job.com/all/co3502079.html
jobs.51job.com/all/co2553902.html
jobs.51job.com/all/co4868909.html
jobs.51job.com/all/co4843399.html
jobs.51job.com/all/co4300508.html
jobs.51job.com/all/co1686854.html
