jobs.51job.com/all/co4500289.html
jobs.51job.com/all/co1377771.html
jobs.51job.com/all/co4945062.html
jobs.51job.com/all/co3255278.html
jobs.51job.com/all/co4848190.html
jobs.51job.com/all/co4939348.html
jobs.51job.com/all/co4917709.html
jobs.51job.com/all/co3962174.html
jobs.51job.com/all/co4088447.html
jobs.51job.com/all/co3982330.html
jobs.51job.com/all/co4587432.html
jobs.51job.com/all/co393403.html
jobs.51job.com/all/co3150808.html
jobs.51job.com/all/co4763048.html
jobs.51job.com/all/co4832500.html
jobs.51job.com/all/co4941603.html
jobs.51job.com/all/co4597163.html
jobs.51job.com/all/co3313400.html
jobs.51job.com/all/co2507622.html
jobs.51job.com/all/co2461077.html
jobs.51job.com/all/co4469039.html
jobs.51job.com/all/co1692767.html
jobs.51job.com/all/co2053212.html
jobs.51job.com/all/co4872282.html
jobs.51job.com/all/co4913023.html
jobs.51job.com/all/co2505515.html
jobs.51job.com/all/co4038013.html
jobs.51job.com/all/co4811203.html
jobs.51job.com/all/co4436998.html
jobs.51job.com/all/co4428015.html
jobs.51job.com/all/co3856875.html
jobs.51job.com/all/co2698148.html
jobs.51job.com/all/co4584136.html
jobs.51job.com/all/co2394752.html
jobs.51job.com/all/co3089140.html
jobs.51job.com/all/co2884276.html
jobs.51job.com/all/co4669562.html
jobs.51job.com/all/co4772483.html
jobs.51job.com/all/co4027391.html
jobs.51job.com/all/co4664363.html
jobs.51job.com/all/co2870430.html
jobs.51job.com/all/co4260260.html
jobs.51job.com/all/co2448032.html
jobs.51job.com/all/co370897.html
jobs.51job.com/all/co3528235.html
jobs.51job.com/all/co4080577.html
jobs.51job.com/all/co4398488.html
jobs.51job.com/all/co4901297.html
jobs.51job.com/all/co2770478.html
jobs.51job.com/all/co2495119.html
jobs.51job.com/all/co2683383.html
jobs.51job.com/all/co3763681.html
jobs.51job.com/all/co2668161.html
jobs.51job.com/all/co4889480.html
jobs.51job.com/all/co4465178.html
jobs.51job.com/all/co596353.html
jobs.51job.com/all/co474235.html
jobs.51job.com/all/co4796870.html
jobs.51job.com/all/co4232454.html
jobs.51job.com/all/co4224889.html
jobs.51job.com/all/co4487835.html
jobs.51job.com/all/co4872721.html
jobs.51job.com/all/co3996563.html
jobs.51job.com/all/co3494230.html
jobs.51job.com/all/co2452951.html
jobs.51job.com/all/co2682938.html
jobs.51job.com/all/co554257.html
jobs.51job.com/all/co3928671.html
jobs.51job.com/all/co4831421.html
jobs.51job.com/all/co4670900.html
jobs.51job.com/all/co3181831.html
jobs.51job.com/all/co2474619.html
jobs.51job.com/all/co3706448.html
jobs.51job.com/all/co4039692.html
jobs.51job.com/all/co2739406.html
jobs.51job.com/all/co2738025.html
jobs.51job.com/all/co2811068.html
jobs.51job.com/all/co4560357.html
jobs.51job.com/all/co4644900.html
jobs.51job.com/all/co4367887.html
jobs.51job.com/all/co2651624.html
jobs.51job.com/all/co2782448.html
jobs.51job.com/all/co3976403.html
jobs.51job.com/all/co3723208.html
jobs.51job.com/all/co2876169.html
jobs.51job.com/all/co2226837.html
jobs.51job.com/all/co4869690.html
jobs.51job.com/all/co4879908.html
jobs.51job.com/all/co2424100.html
jobs.51job.com/all/co4588980.html
jobs.51job.com/all/co3519114.html
jobs.51job.com/all/co4846510.html
jobs.51job.com/all/co4326942.html
jobs.51job.com/all/co4505423.html
jobs.51job.com/all/co2958341.html
jobs.51job.com/all/co4528683.html
jobs.51job.com/all/co2330475.html
jobs.51job.com/all/co2034907.html
jobs.51job.com/all/co4546453.html
jobs.51job.com/all/co3277394.html
jobs.51job.com/all/co4493702.html
jobs.51job.com/all/co2707366.html
jobs.51job.com/all/co2572957.html
jobs.51job.com/all/co4283140.html
jobs.51job.com/all/co596363.html
jobs.51job.com/all/co2553907.html
jobs.51job.com/all/co2991285.html
jobs.51job.com/all/co4334615.html
jobs.51job.com/all/co4452088.html
jobs.51job.com/all/co4029870.html
jobs.51job.com/all/co3910221.html
jobs.51job.com/all/co4875761.html
jobs.51job.com/all/co3685368.html
jobs.51job.com/all/co3288496.html
jobs.51job.com/all/co3384667.html
jobs.51job.com/all/co3742665.html
jobs.51job.com/all/co4356061.html
jobs.51job.com/all/co2726917.html
jobs.51job.com/all/co4530289.html
jobs.51job.com/all/co3411335.html
jobs.51job.com/all/co3231579.html
jobs.51job.com/all/co4253437.html
jobs.51job.com/all/co4295260.html
jobs.51job.com/all/co2666487.html
jobs.51job.com/all/co3834430.html
jobs.51job.com/all/co4099993.html
jobs.51job.com/all/co2691621.html
jobs.51job.com/all/co3942043.html
jobs.51job.com/all/co4583058.html
jobs.51job.com/all/co4166367.html
jobs.51job.com/all/co3941326.html
jobs.51job.com/all/co2963475.html
jobs.51job.com/all/co4241576.html
jobs.51job.com/all/co548285.html
jobs.51job.com/all/co4309530.html
jobs.51job.com/all/co3502869.html
jobs.51job.com/all/co437224.html
jobs.51job.com/all/co4640556.html
jobs.51job.com/all/co4914994.html
jobs.51job.com/all/co4352394.html
jobs.51job.com/all/co3834445.html
jobs.51job.com/all/co2590750.html
jobs.51job.com/all/co3926109.html
jobs.51job.com/all/co2638146.html
jobs.51job.com/all/co4763256.html
jobs.51job.com/all/co4114639.html
jobs.51job.com/all/co3848126.html
jobs.51job.com/all/co2554591.html
jobs.51job.com/all/co1995565.html
jobs.51job.com/all/co4683040.html
jobs.51job.com/all/co4862893.html
jobs.51job.com/all/co2891376.html
jobs.51job.com/all/co321378.html
jobs.51job.com/all/co232923.html
jobs.51job.com/all/co4174571.html
jobs.51job.com/all/co2320090.html
jobs.51job.com/all/co4570030.html
jobs.51job.com/all/co2217001.html
jobs.51job.com/all/co2500347.html
jobs.51job.com/all/co4235851.html
jobs.51job.com/all/co3797278.html
jobs.51job.com/all/co2905517.html
jobs.51job.com/all/co2545441.html
jobs.51job.com/all/co3644204.html
jobs.51job.com/all/co4600418.html
jobs.51job.com/all/co2990870.html
jobs.51job.com/all/co4301799.html
jobs.51job.com/all/co4756791.html
jobs.51job.com/all/co4783822.html
jobs.51job.com/all/co3267505.html
jobs.51job.com/all/co4727873.html
jobs.51job.com/all/co4507236.html
jobs.51job.com/all/co114531.html
jobs.51job.com/all/co4274047.html
jobs.51job.com/all/co4658153.html
jobs.51job.com/all/co4232960.html
jobs.51job.com/all/co3774846.html
jobs.51job.com/all/co4868194.html
jobs.51job.com/all/co4267096.html
jobs.51job.com/all/co4847367.html
jobs.51job.com/all/co3191920.html
jobs.51job.com/all/co4033770.html
jobs.51job.com/all/co4751818.html
jobs.51job.com/all/co4696743.html
jobs.51job.com/all/co4256243.html
jobs.51job.com/all/co4695294.html
jobs.51job.com/all/co4931732.html
jobs.51job.com/all/co4909969.html
jobs.51job.com/all/co3096755.html
jobs.51job.com/all/co4087962.html
jobs.51job.com/all/co3022396.html
jobs.51job.com/all/co4437453.html
jobs.51job.com/all/co319417.html
jobs.51job.com/all/co4573803.html
jobs.51job.com/all/co3569920.html
jobs.51job.com/all/co4897821.html
jobs.51job.com/all/co2710948.html
jobs.51job.com/all/co4955976.html
jobs.51job.com/all/co2791520.html
jobs.51job.com/all/co4443655.html
jobs.51job.com/all/co4900615.html
jobs.51job.com/all/co3906119.html
jobs.51job.com/all/co4030502.html
jobs.51job.com/all/co4853118.html
jobs.51job.com/all/co4925510.html
jobs.51job.com/all/co2571067.html
jobs.51job.com/all/co4553768.html
jobs.51job.com/all/co3273706.html
jobs.51job.com/all/co3858189.html
jobs.51job.com/all/co4491960.html
jobs.51job.com/all/co3200527.html
jobs.51job.com/all/co4915252.html
jobs.51job.com/all/co4131014.html
jobs.51job.com/all/co2791110.html
jobs.51job.com/all/co3806479.html
jobs.51job.com/all/co4925581.html
jobs.51job.com/all/co4672073.html
jobs.51job.com/all/co4956493.html
jobs.51job.com/all/co3802009.html
jobs.51job.com/all/co4340209.html
jobs.51job.com/all/co4876284.html
jobs.51job.com/all/co2781715.html
jobs.51job.com/all/co4914956.html
jobs.51job.com/all/co3350261.html
jobs.51job.com/all/co4762712.html
jobs.51job.com/all/co2278837.html
jobs.51job.com/all/co4956329.html
jobs.51job.com/all/co2994590.html
jobs.51job.com/all/co3900925.html
jobs.51job.com/all/co4890364.html
jobs.51job.com/all/co2424887.html
jobs.51job.com/all/co2273274.html
jobs.51job.com/all/co2703235.html
jobs.51job.com/all/co4743178.html
jobs.51job.com/all/co3027545.html
jobs.51job.com/all/co2911077.html
jobs.51job.com/all/co2596010.html
jobs.51job.com/all/co4113260.html
jobs.51job.com/all/co4224683.html
jobs.51job.com/all/co4729985.html
jobs.51job.com/all/co4952973.html
jobs.51job.com/all/co2372534.html
jobs.51job.com/all/co4955538.html
jobs.51job.com/all/co3046759.html
jobs.51job.com/all/co3259409.html
jobs.51job.com/all/co4951118.html
jobs.51job.com/all/co321371.html
jobs.51job.com/all/co4842847.html
jobs.51job.com/all/co2219068.html
jobs.51job.com/all/co4909409.html
jobs.51job.com/all/co4714075.html
jobs.51job.com/all/co4515760.html
jobs.51job.com/all/co4944457.html
jobs.51job.com/all/co4490850.html
jobs.51job.com/all/co3643967.html
jobs.51job.com/all/co4952961.html
jobs.51job.com/all/co4756388.html
jobs.51job.com/all/co3115928.html
jobs.51job.com/all/co4201092.html
jobs.51job.com/all/co4583828.html
jobs.51job.com/all/co2016323.html
jobs.51job.com/all/co4920665.html
jobs.51job.com/all/co4914979.html
jobs.51job.com/all/co2860266.html
jobs.51job.com/all/co3804738.html
jobs.51job.com/all/co2435093.html
jobs.51job.com/all/co3851795.html
jobs.51job.com/all/co4656217.html
jobs.51job.com/all/co4454738.html
jobs.51job.com/all/co4024277.html
jobs.51job.com/all/co4278260.html
jobs.51job.com/all/co4151524.html
jobs.51job.com/all/co3915333.html
jobs.51job.com/all/co3883652.html
jobs.51job.com/all/co3723602.html
jobs.51job.com/all/co3101319.html
jobs.51job.com/all/co2778440.html
jobs.51job.com/all/co4547849.html
jobs.51job.com/all/co3286787.html
jobs.51job.com/all/co2670624.html
jobs.51job.com/all/co4777720.html
jobs.51job.com/all/co2308753.html
jobs.51job.com/all/co3962530.html
jobs.51job.com/all/co2215254.html
jobs.51job.com/all/co4882095.html
jobs.51job.com/all/co4084890.html
jobs.51job.com/all/co3496282.html
jobs.51job.com/all/co4345589.html
jobs.51job.com/all/co3835243.html
jobs.51job.com/all/co4174665.html
jobs.51job.com/all/co338998.html
jobs.51job.com/all/co3191088.html
jobs.51job.com/all/co151100.html
jobs.51job.com/all/co1838293.html
jobs.51job.com/all/co4949442.html
jobs.51job.com/all/co3910568.html
jobs.51job.com/all/co4437207.html
jobs.51job.com/all/co4107116.html
jobs.51job.com/all/co3960270.html
jobs.51job.com/all/co3385269.html
jobs.51job.com/all/co2531079.html
jobs.51job.com/all/co2725159.html
jobs.51job.com/all/co2567876.html
jobs.51job.com/all/co4953539.html
jobs.51job.com/all/co3305442.html
jobs.51job.com/all/co191994.html
jobs.51job.com/all/co4950675.html
jobs.51job.com/all/co2683424.html
jobs.51job.com/all/co4398447.html
jobs.51job.com/all/co2191213.html
jobs.51job.com/all/co2969008.html
jobs.51job.com/all/co4929574.html
jobs.51job.com/all/co4936862.html
jobs.51job.com/all/co2335540.html
jobs.51job.com/all/co4938356.html
jobs.51job.com/all/co4908519.html
jobs.51job.com/all/co3206884.html
jobs.51job.com/all/co4915644.html
jobs.51job.com/all/co3793713.html
jobs.51job.com/all/co4905034.html
jobs.51job.com/all/co2571457.html
jobs.51job.com/all/co2578887.html
jobs.51job.com/all/co4404120.html
jobs.51job.com/all/co4775860.html
jobs.51job.com/all/co2233974.html
jobs.51job.com/all/co3815324.html
jobs.51job.com/all/co2319035.html
jobs.51job.com/all/co3841008.html
jobs.51job.com/all/co2787685.html
jobs.51job.com/all/co3882202.html
jobs.51job.com/all/co2813113.html
jobs.51job.com/all/co3545510.html
jobs.51job.com/all/co4726004.html
jobs.51job.com/all/co2528834.html
jobs.51job.com/all/co2610207.html
jobs.51job.com/all/co4436775.html
jobs.51job.com/all/co2825564.html
jobs.51job.com/all/co3134929.html
jobs.51job.com/all/co4404782.html
jobs.51job.com/all/co4495802.html
jobs.51job.com/all/co3999005.html
jobs.51job.com/all/co4455493.html
jobs.51job.com/all/co3743190.html
jobs.51job.com/all/co4898810.html
jobs.51job.com/all/co4497283.html
rundamedical.51job.com
jobs.51job.com/all/co2213982.html
jobs.51job.com/all/co318645.html
jobs.51job.com/all/co2705853.html
jobs.51job.com/all/co1997504.html
jobs.51job.com/all/co4784840.html
jobs.51job.com/all/co3680905.html
jobs.51job.com/all/co3839784.html
jobs.51job.com/all/co3981064.html
jobs.51job.com/all/co4949669.html
jobs.51job.com/all/co4898683.html
jobs.51job.com/all/co3894865.html
jobs.51job.com/all/co4861159.html
jobs.51job.com/all/co4772888.html
jobs.51job.com/all/co2721737.html
jobs.51job.com/all/co4872805.html
jobs.51job.com/all/co2561650.html
jobs.51job.com/all/co3535413.html
jobs.51job.com/all/co3439179.html
jobs.51job.com/all/co4823181.html
jobs.51job.com/all/co4839376.html
jobs.51job.com/all/co4216649.html
jobs.51job.com/all/co4184012.html
jobs.51job.com/all/co2465884.html
jobs.51job.com/all/co3930189.html
jobs.51job.com/all/co4946327.html
jobs.51job.com/all/co4624057.html
jobs.51job.com/all/co3160650.html
jobs.51job.com/all/co2065039.html
jobs.51job.com/all/co4846131.html
jobs.51job.com/all/co4075766.html
jobs.51job.com/all/co4519536.html
jobs.51job.com/all/co141347.html
jobs.51job.com/all/co4194496.html
jobs.51job.com/all/co3602008.html
jobs.51job.com/all/co4011727.html
jobs.51job.com/all/co2264794.html
jobs.51job.com/all/co4528706.html
jobs.51job.com/all/co3199849.html
jobs.51job.com/all/co2301491.html
jobs.51job.com/all/co4907999.html
jobs.51job.com/all/co4296701.html
jobs.51job.com/all/co2647114.html
jobs.51job.com/all/co2275067.html
jobs.51job.com/all/co2985890.html
jobs.51job.com/all/co3066253.html
jobs.51job.com/all/co3328273.html
jobs.51job.com/all/co2711824.html
jobs.51job.com/all/co3288160.html
jobs.51job.com/all/co3748852.html
jobs.51job.com/all/co188767.html
jobs.51job.com/all/co3917469.html
jobs.51job.com/all/co2918328.html
jobs.51job.com/all/co4745811.html
jobs.51job.com/all/co3008890.html
jobs.51job.com/all/co2889171.html
jobs.51job.com/all/co2619893.html
jobs.51job.com/all/co4429066.html
jobs.51job.com/all/co4063675.html
jobs.51job.com/all/co3717218.html
jobs.51job.com/all/co4079089.html
jobs.51job.com/all/co4809609.html
jobs.51job.com/all/co1989834.html
jobs.51job.com/all/co4556587.html
jobs.51job.com/all/co3305.html
jobs.51job.com/all/co1134060.html
jobs.51job.com/all/co3489015.html
jobs.51job.com/all/co4664746.html
jobs.51job.com/all/co4856402.html
jobs.51job.com/all/co4537362.html
jobs.51job.com/all/co2025522.html
jobs.51job.com/all/co2328114.html
jobs.51job.com/all/co4560026.html
jobs.51job.com/all/co2890966.html
jobs.51job.com/all/co300472.html
jobs.51job.com/all/co127990.html
jobs.51job.com/all/co2619164.html
jobs.51job.com/all/co3316351.html
jobs.51job.com/all/co3999103.html
jobs.51job.com/all/co2347769.html
jobs.51job.com/all/co4448082.html
jobs.51job.com/all/co4698571.html
jobs.51job.com/all/co4758049.html
jobs.51job.com/all/co3901949.html
jobs.51job.com/all/co3759528.html
jobs.51job.com/all/co4043884.html
jobs.51job.com/all/co4768320.html
jobs.51job.com/all/co2344046.html
jobs.51job.com/all/co2598499.html
jobs.51job.com/all/co4876323.html
jobs.51job.com/all/co4315619.html
jobs.51job.com/all/co4002088.html
jobs.51job.com/all/co4636126.html
jobs.51job.com/all/co200527.html
jobs.51job.com/all/co1484561.html
jobs.51job.com/all/co4073519.html
jobs.51job.com/all/co4935012.html
jobs.51job.com/all/co2490960.html
jobs.51job.com/all/co3285506.html
jobs.51job.com/all/co3264690.html
jobs.51job.com/all/co4701579.html
jobs.51job.com/all/co3764142.html
jobs.51job.com/all/co3623497.html
jobs.51job.com/all/co3933270.html
jobs.51job.com/all/co2736588.html
jobs.51job.com/all/co4936483.html
jobs.51job.com/all/co315713.html
jobs.51job.com/all/co4698063.html
jobs.51job.com/all/co4430335.html
jobs.51job.com/all/co903180.html
jobs.51job.com/all/co3215161.html
jobs.51job.com/all/co3769759.html
jobs.51job.com/all/co4660798.html
jobs.51job.com/all/co4155036.html
jobs.51job.com/all/co2676776.html
jobs.51job.com/all/co4189874.html
jobs.51job.com/all/co2898094.html
jobs.51job.com/all/co3912018.html
jobs.51job.com/all/co3922892.html
jobs.51job.com/all/co4546407.html
jobs.51job.com/all/co4782940.html
jobs.51job.com/all/co4711892.html
jobs.51job.com/all/co2388959.html
jobs.51job.com/all/co4183495.html
jobs.51job.com/all/co2008502.html
jobs.51job.com/all/co4819568.html
jobs.51job.com/all/co3554966.html
jobs.51job.com/all/co2784849.html
jobs.51job.com/all/co4469032.html
jobs.51job.com/all/co4772933.html
jobs.51job.com/all/co2606842.html
jobs.51job.com/all/co321535.html
jobs.51job.com/all/co3149877.html
jobs.51job.com/all/co3535200.html
jobs.51job.com/all/co4638673.html
jobs.51job.com/all/co2753546.html
jobs.51job.com/all/co2565112.html
jobs.51job.com/all/co2195908.html
jobs.51job.com/all/co3063193.html
jobs.51job.com/all/co2537505.html
jobs.51job.com/all/co4855764.html
jobs.51job.com/all/co2407143.html
jobs.51job.com/all/co4205379.html
jobs.51job.com/all/co4513591.html
jobs.51job.com/all/co3468903.html
jobs.51job.com/all/co2508835.html
jobs.51job.com/all/co568943.html
jobs.51job.com/all/co4896300.html
jobs.51job.com/all/co4863407.html
linde.51job.com/
jobs.51job.com/all/co2568129.html
jobs.51job.com/all/co3468202.html
jobs.51job.com/all/co4097910.html
jobs.51job.com/all/co3428886.html
jobs.51job.com/all/co2543511.html
jobs.51job.com/all/co3364993.html
jobs.51job.com/all/co2117789.html
jobs.51job.com/all/co2659505.html
jobs.51job.com/all/co2791141.html
jobs.51job.com/all/co6874.html
jobs.51job.com/all/co4875569.html
jobs.51job.com/all/co4559624.html
jobs.51job.com/all/co4846011.html
jobs.51job.com/all/co2433232.html
jobs.51job.com/all/co4704027.html
jobs.51job.com/all/co4318077.html
jobs.51job.com/all/co3172648.html
jobs.51job.com/all/co3209780.html
jobs.51job.com/all/co4263586.html
jobs.51job.com/all/co2120908.html
jobs.51job.com/all/co4543344.html
jobs.51job.com/all/co2867031.html
jobs.51job.com/all/co3894655.html
jobs.51job.com/all/co2067229.html
jobs.51job.com/all/co4931549.html
jobs.51job.com/all/co4385352.html
jobs.51job.com/all/co4412394.html
jobs.51job.com/all/co2356070.html
jobs.51job.com/all/co3031365.html
jobs.51job.com/all/co4023774.html
jobs.51job.com/all/co3142384.html
jobs.51job.com/all/co4881492.html
jobs.51job.com/all/co4176360.html
jobs.51job.com/all/co4111219.html
jobs.51job.com/all/co164496.html
jobs.51job.com/all/co4143951.html
jobs.51job.com/all/co2669115.html
jobs.51job.com/all/co3380304.html
jobs.51job.com/all/co2519841.html
jobs.51job.com/all/co4272682.html
jobs.51job.com/all/co4949303.html
jobs.51job.com/all/co4563311.html
jobs.51job.com/all/co2523635.html
jobs.51job.com/all/co3333776.html
jobs.51job.com/all/co1116529.html
jobs.51job.com/all/co4069691.html
jobs.51job.com/all/co2357498.html
jobs.51job.com/all/co4043264.html
jobs.51job.com/all/co3966037.html
jobs.51job.com/all/co204380.html
jobs.51job.com/all/co4101314.html
jobs.51job.com/all/co3927722.html
jobs.51job.com/all/co4050440.html
jobs.51job.com/all/co1907760.html
jobs.51job.com/all/co3604259.html
jobs.51job.com/all/co4933483.html
jobs.51job.com/all/co4474706.html
jobs.51job.com/all/co3459829.html
jobs.51job.com/all/co3460193.html
jobs.51job.com/all/co3477316.html
jobs.51job.com/all/co2918478.html
jobs.51job.com/all/co4888569.html
jobs.51job.com/all/co4556867.html
jobs.51job.com/all/co4647605.html
jobs.51job.com/all/co3769308.html
jobs.51job.com/all/co2988917.html
jobs.51job.com/all/co2548456.html
jobs.51job.com/all/co3345290.html
jobs.51job.com/all/co4121731.html
jobs.51job.com/all/co178586.html
jobs.51job.com/all/co4661532.html
jobs.51job.com/all/co3713038.html
jobs.51job.com/all/co3559985.html
jobs.51job.com/all/co538232.html
jobs.51job.com/all/co4199901.html
jobs.51job.com/all/co3834872.html
jobs.51job.com/all/co4756547.html
jobs.51job.com/all/co2927646.html
jobs.51job.com/all/co4715734.html
jobs.51job.com/all/co3086161.html
jobs.51job.com/all/co2684092.html
jobs.51job.com/all/co3252679.html
jobs.51job.com/all/co613211.html
jobs.51job.com/all/co1232534.html
jobs.51job.com/all/co3916837.html
jobs.51job.com/all/co4311578.html
jobs.51job.com/all/co4950345.html
jobs.51job.com/all/co2622320.html
jobs.51job.com/all/co3849419.html
jobs.51job.com/all/co1980881.html
jobs.51job.com/all/co3666283.html
jobs.51job.com/all/co4870274.html
jobs.51job.com/all/co2741315.html
jobs.51job.com/all/co2345061.html
jobs.51job.com/all/co3743356.html
jobs.51job.com/all/co2544196.html
jobs.51job.com/all/co2550772.html
jobs.51job.com/all/co2958038.html
jobs.51job.com/all/co175740.html
jobs.51job.com/all/co4587164.html
jobs.51job.com/all/co3508698.html
jobs.51job.com/all/co4649443.html
jobs.51job.com/all/co163098.html
jobs.51job.com/all/co4586451.html
jobs.51job.com/all/co2270113.html
jobs.51job.com/all/co3934217.html
jobs.51job.com/all/co4889972.html
jobs.51job.com/all/co2211509.html
jobs.51job.com/all/co4674693.html
jobs.51job.com/all/co2576209.html
jobs.51job.com/all/co3461955.html
jobs.51job.com/all/co2354594.html
jobs.51job.com/all/co3557225.html
jobs.51job.com/all/co4949080.html
jobs.51job.com/all/co2766663.html
jobs.51job.com/all/co2406304.html
jobs.51job.com/all/co4713918.html
jobs.51job.com/all/co1377881.html
jobs.51job.com/all/co3000860.html
jobs.51job.com/all/co4018163.html
jobs.51job.com/all/co4143799.html
jobs.51job.com/all/co3697251.html
jobs.51job.com/all/co2916172.html
jobs.51job.com/all/co378082.html
jobs.51job.com/all/co4254851.html
jobs.51job.com/all/co2060749.html
jobs.51job.com/all/co2682931.html
jobs.51job.com/all/co275347.html
jobs.51job.com/all/co2841403.html
jobs.51job.com/all/co3859456.html
jobs.51job.com/all/co3860217.html
jobs.51job.com/all/co4290118.html
jobs.51job.com/all/co4026901.html
jobs.51job.com/all/co2395076.html
jobs.51job.com/all/co2547796.html
jobs.51job.com/all/co4596610.html
jobs.51job.com/all/co4838862.html
jobs.51job.com/all/co4191517.html
jobs.51job.com/all/co3127711.html
jobs.51job.com/all/co2806025.html
jobs.51job.com/all/co4673657.html
jobs.51job.com/all/co4721863.html
jobs.51job.com/all/co4054315.html
jobs.51job.com/all/co3172934.html
jobs.51job.com/all/co3935465.html
jobs.51job.com/all/co3950830.html
jobs.51job.com/all/co3973007.html
jobs.51job.com/all/co2918401.html
jobs.51job.com/all/co2580915.html
jobs.51job.com/all/co3020019.html
jobs.51job.com/all/co3929188.html
jobs.51job.com/all/co4176664.html
jobs.51job.com/all/co2792711.html
jobs.51job.com/all/co3948157.html
jobs.51job.com/all/co3781916.html
jobs.51job.com/all/co3893758.html
jobs.51job.com/all/co2604503.html
jobs.51job.com/all/co2288110.html
jobs.51job.com/all/co4873913.html
jobs.51job.com/all/co4682622.html
jobs.51job.com/all/co4453081.html
jobs.51job.com/all/co4205527.html
jobs.51job.com/all/co2733607.html
jobs.51job.com/all/co4112823.html
jobs.51job.com/all/co4340170.html
jobs.51job.com/all/co2387597.html
jobs.51job.com/all/co4581382.html
jobs.51job.com/all/co2713844.html
jobs.51job.com/all/co4729074.html
jobs.51job.com/all/co3419729.html
jobs.51job.com/all/co4742070.html
jobs.51job.com/all/co2543286.html
jobs.51job.com/all/co4297651.html
jobs.51job.com/all/co2901387.html
jobs.51job.com/all/co3124050.html
jobs.51job.com/all/co296397.html
jobs.51job.com/all/co321726.html
jobs.51job.com/all/co4282429.html
jobs.51job.com/all/co4562670.html
jobs.51job.com/all/co2656992.html
jobs.51job.com/all/co4478000.html
jobs.51job.com/all/co3002239.html
jobs.51job.com/all/co3001965.html
jobs.51job.com/all/co4583273.html
jobs.51job.com/all/co1749258.html
jobs.51job.com/all/co4463582.html
jobs.51job.com/all/co180850.html
jobs.51job.com/all/co3055569.html
jobs.51job.com/all/co4915623.html
thyssenkrupp.51job.com
continental.51job.com/
continental.51job.com/
jobs.51job.com/all/co4041601.html
jobs.51job.com/all/co3232819.html
jobs.51job.com/all/co4901855.html
jobs.51job.com/all/co4948449.html
jobs.51job.com/all/co4873712.html
jobs.51job.com/all/co3952038.html
jobs.51job.com/all/co2293666.html
jobs.51job.com/all/co4523756.html
jobs.51job.com/all/co2996577.html
jobs.51job.com/all/co3907873.html
jobs.51job.com/all/co4949639.html
jobs.51job.com/all/co109093.html
jobs.51job.com/all/co4153236.html
jobs.51job.com/all/co4155454.html
jobs.51job.com/all/co299705.html
jobs.51job.com/all/co2709457.html
jobs.51job.com/all/co4809267.html
jobs.51job.com/all/co4634791.html
jobs.51job.com/all/co283488.html
jobs.51job.com/all/co2763838.html
jobs.51job.com/all/co465031.html
jobs.51job.com/all/co2723930.html
jobs.51job.com/all/co4860016.html
jobs.51job.com/all/co107634.html
jobs.51job.com/all/co2070478.html
jobs.51job.com/all/co3145834.html
jobs.51job.com/all/co4739634.html
jobs.51job.com/all/co4941962.html
jobs.51job.com/all/co2875999.html
jobs.51job.com/all/co301824.html
jobs.51job.com/all/co3685851.html
jobs.51job.com/all/co3733265.html
jobs.51job.com/all/co3815277.html
jobs.51job.com/all/co2582850.html
jobs.51job.com/all/co2749709.html
jobs.51job.com/all/co4479209.html
jobs.51job.com/all/co1242007.html
jobs.51job.com/all/co3674175.html
jobs.51job.com/all/co4768474.html
jobs.51job.com/all/co4368474.html
jobs.51job.com/all/co2234206.html
jobs.51job.com/all/co3101335.html
jobs.51job.com/all/co154563.html
jobs.51job.com/all/co2570834.html
jobs.51job.com/all/co4115536.html
jobs.51job.com/all/co4433493.html
jobs.51job.com/all/co1377992.html
jobs.51job.com/all/co4842256.html
jobs.51job.com/all/co4938515.html
jobs.51job.com/all/co3702813.html
jobs.51job.com/all/co2583115.html
jobs.51job.com/all/co2506093.html
jobs.51job.com/all/co9719.html
jobs.51job.com/all/co2865072.html
jobs.51job.com/all/co552359.html
jobs.51job.com/all/co2871434.html
jobs.51job.com/all/co4061580.html
jobs.51job.com/all/co3090163.html
jobs.51job.com/all/co4097237.html
jobs.51job.com/all/co2868844.html
jobs.51job.com/all/co3517662.html
jobs.51job.com/all/co3110968.html
jobs.51job.com/all/co4856676.html
jobs.51job.com/all/co2373891.html
jobs.51job.com/all/co4569887.html
jobs.51job.com/all/co3297261.html
jobs.51job.com/all/co4948385.html
jobs.51job.com/all/co2367521.html
jobs.51job.com/all/co2524630.html
jobs.51job.com/all/co2756691.html
jobs.51job.com/all/co3902926.html
jobs.51job.com/all/co4668506.html
jobs.51job.com/all/co4802125.html
jobs.51job.com/all/co3791825.html
jobs.51job.com/all/co2749331.html
jobs.51job.com/all/co4835776.html
jobs.51job.com/all/co4190276.html
jobs.51job.com/all/co4111802.html
jobs.51job.com/all/co4929377.html
jobs.51job.com/all/co446432.html
jobs.51job.com/all/co3015014.html
jobs.51job.com/all/co4029805.html
jobs.51job.com/all/co4643554.html
jobs.51job.com/all/co3169811.html
jobs.51job.com/all/co3972106.html
jobs.51job.com/all/co2890299.html
jobs.51job.com/all/co1990452.html
jobs.51job.com/all/co2725839.html
jobs.51job.com/all/co4791937.html
jobs.51job.com/all/co3388905.html
jobs.51job.com/all/co3493416.html
jobs.51job.com/all/co3286495.html
jobs.51job.com/all/co4238689.html
jobs.51job.com/all/co2922003.html
jobs.51job.com/all/co4313448.html
jobs.51job.com/all/co4352494.html
jobs.51job.com/all/co4673085.html
jobs.51job.com/all/co2464781.html
jobs.51job.com/all/co3290791.html
jobs.51job.com/all/co3900226.html
jobs.51job.com/all/co4438942.html
jobs.51job.com/all/co3647715.html
jobs.51job.com/all/co4019000.html
jobs.51job.com/all/co4573270.html
jobs.51job.com/all/co3089554.html
jobs.51job.com/all/co2566857.html
jobs.51job.com/all/co4041812.html
jobs.51job.com/all/co2935353.html
jobs.51job.com/all/co3874101.html
jobs.51job.com/all/co406402.html
jobs.51job.com/all/co4228341.html
jobs.51job.com/all/co2718283.html
jobs.51job.com/all/co2682666.html
jobs.51job.com/all/co2754875.html
jobs.51job.com/all/co3886403.html
jobs.51job.com/all/co872557.html
jobs.51job.com/all/co2295842.html
jobs.51job.com/all/co4214664.html
jobs.51job.com/all/co2671693.html
jobs.51job.com/all/co3931540.html
jobs.51job.com/all/co4209127.html
jobs.51job.com/all/co4944333.html
jobs.51job.com/all/co3093418.html
jobs.51job.com/all/co2422166.html
jobs.51job.com/all/co4739622.html
jobs.51job.com/all/co4147243.html
jobs.51job.com/all/co3885830.html
jobs.51job.com/all/co3980349.html
jobs.51job.com/all/co3688907.html
jobs.51job.com/all/co3805116.html
jobs.51job.com/all/co3647823.html
jobs.51job.com/all/co4866990.html
jobs.51job.com/all/co2614173.html
jobs.51job.com/all/co3306430.html
jobs.51job.com/all/co4523286.html
jobs.51job.com/all/co2037212.html
jobs.51job.com/all/co4682955.html
jobs.51job.com/all/co3346473.html
jobs.51job.com/all/co4655133.html
jobs.51job.com/all/co3654203.html
jobs.51job.com/all/co3784591.html
jobs.51job.com/all/co4482645.html
jobs.51job.com/all/co4524948.html
jobs.51job.com/all/co3976192.html
jobs.51job.com/all/co3291422.html
jobs.51job.com/all/co2971567.html
jobs.51job.com/all/co4418667.html
jobs.51job.com/all/co4812191.html
jobs.51job.com/all/co4363660.html
jobs.51job.com/all/co4311446.html
jobs.51job.com/all/co4898034.html
jobs.51job.com/all/co2859681.html
jobs.51job.com/all/co2546282.html
jobs.51job.com/all/co4724226.html
jobs.51job.com/all/co3842327.html
jobs.51job.com/all/co4556520.html
jobs.51job.com/all/co3849758.html
jobs.51job.com/all/co2886971.html
jobs.51job.com/all/co158830.html
jobs.51job.com/all/co109794.html
jobs.51job.com/all/co4776410.html
jobs.51job.com/all/co2570570.html
jobs.51job.com/all/co4747743.html
jobs.51job.com/all/co221711.html
jobs.51job.com/all/co4557752.html
carrier.51job.com
jobs.51job.com/all/co2895579.html
jobs.51job.com/all/co3898053.html
jobs.51job.com/all/co3266964.html
jobs.51job.com/all/co4518934.html
jobs.51job.com/all/co2394583.html
jobs.51job.com/all/co2623228.html
jobs.51job.com/all/co1196858.html
jobs.51job.com/all/co3884390.html
jobs.51job.com/all/co4638141.html
jobs.51job.com/all/co4429125.html
jobs.51job.com/all/co3922863.html
jobs.51job.com/all/co4508063.html
jobs.51job.com/all/co2928265.html
jobs.51job.com/all/co3899223.html
jobs.51job.com/all/co3458282.html
jobs.51job.com/all/co3563613.html
jobs.51job.com/all/co4346102.html
jobs.51job.com/all/co4934899.html
jobs.51job.com/all/co2680683.html
jobs.51job.com/all/co3163169.html
jobs.51job.com/all/co4459761.html
jobs.51job.com/all/co4244664.html
jobs.51job.com/all/co3920638.html
jobs.51job.com/all/co484230.html
jobs.51job.com/all/co3140408.html
jobs.51job.com/all/co534804.html
jobs.51job.com/all/co3036607.html
jobs.51job.com/all/co4505664.html
jobs.51job.com/all/co2787986.html
jobs.51job.com/all/co219871.html
jobs.51job.com/all/co3681030.html
jobs.51job.com/all/co3127073.html
jobs.51job.com/all/co3212664.html
jobs.51job.com/all/co4153777.html
jobs.51job.com/all/co2647253.html
jobs.51job.com/all/co4085904.html
jobs.51job.com/all/co4543438.html
jobs.51job.com/all/co3443850.html
jobs.51job.com/all/co3002455.html
jobs.51job.com/all/co2358.html
jobs.51job.com/all/co3516809.html
jobs.51job.com/all/co3841586.html
jobs.51job.com/all/co4019761.html
jobs.51job.com/all/co3945486.html
jobs.51job.com/all/co4602287.html
jobs.51job.com/all/co3080307.html
jobs.51job.com/all/co2665062.html
jobs.51job.com/all/co2379322.html
jobs.51job.com/all/co2837368.html
jobs.51job.com/all/co4310962.html
jobs.51job.com/all/co4671553.html
jobs.51job.com/all/co2731965.html
jobs.51job.com/all/co4029513.html
jobs.51job.com/all/co2271576.html
jobs.51job.com/all/co1527387.html
jobs.51job.com/all/co2544612.html
jobs.51job.com/all/co2919014.html
jobs.51job.com/all/co4649120.html
jobs.51job.com/all/co3803556.html
jobs.51job.com/all/co3924859.html
jobs.51job.com/all/co4695266.html
jobs.51job.com/all/co4136893.html
jobs.51job.com/all/co3579243.html
jobs.51job.com/all/co2542833.html
jobs.51job.com/all/co2460490.html
jobs.51job.com/all/co4306826.html
jobs.51job.com/all/co2915948.html
jobs.51job.com/all/co4046426.html
jobs.51job.com/all/co4785203.html
jobs.51job.com/all/co2654227.html
jobs.51job.com/all/co4439818.html
jobs.51job.com/all/co4646775.html
jobs.51job.com/all/co2449300.html
jobs.51job.com/all/co3781336.html
jobs.51job.com/all/co3628077.html
jobs.51job.com/all/co4026895.html
jobs.51job.com/all/co4311821.html
jobs.51job.com/all/co3875478.html
cargillchina.51job.com
jobs.51job.com/all/co2394090.html
jobs.51job.com/all/co3370725.html
jobs.51job.com/all/co4709351.html
jobs.51job.com/all/co4819780.html
jobs.51job.com/all/co2308518.html
jobs.51job.com/all/co2490059.html
jobs.51job.com/all/co4544988.html
jobs.51job.com/all/co3122558.html
jobs.51job.com/all/co4889596.html
jobs.51job.com/all/co3579825.html
jobs.51job.com/all/co4169434.html
jobs.51job.com/all/co4136247.html
jobs.51job.com/all/co4027678.html
jobs.51job.com/all/co2900504.html
jobs.51job.com/all/co3554063.html
jobs.51job.com/all/co2776250.html
jobs.51job.com/all/co4795509.html
jobs.51job.com/all/co4155142.html
jobs.51job.com/all/co3382820.html
jobs.51job.com/all/co2393970.html
jobs.51job.com/all/co4858757.html
jobs.51job.com/all/co4472842.html
jobs.51job.com/all/co4721870.html
jobs.51job.com/all/co3515005.html
jobs.51job.com/all/co4767090.html
jobs.51job.com/all/co3694322.html
jobs.51job.com/all/co3598583.html
jobs.51job.com/all/co188581.html
jobs.51job.com/all/co2421654.html
jobs.51job.com/all/co218292.html
jobs.51job.com/all/co4568420.html
jobs.51job.com/all/co117572.html
jobs.51job.com/all/co4514092.html
jobs.51job.com/all/co3222019.html
jobs.51job.com/all/co4660732.html
jobs.51job.com/all/co296319.html
jobs.51job.com/all/co3725007.html
jobs.51job.com/all/co2653590.html
jobs.51job.com/all/co3673743.html
jobs.51job.com/all/co2578394.html
jobs.51job.com/all/co4731266.html
jobs.51job.com/all/co4702421.html
jobs.51job.com/all/co3518857.html
jobs.51job.com/all/co4211724.html
jobs.51job.com/all/co3687962.html
jobs.51job.com/all/co4942660.html
jobs.51job.com/all/co4356637.html
jobs.51job.com/all/co4656183.html
jobs.51job.com/all/co4789502.html
jobs.51job.com/all/co1490806.html
jobs.51job.com/all/co4174300.html
jobs.51job.com/all/co4585905.html
jobs.51job.com/all/co3247141.html
jobs.51job.com/all/co3638947.html
jobs.51job.com/all/co4926218.html
jobs.51job.com/all/co4857897.html
jobs.51job.com/all/co4502448.html
jobs.51job.com/all/co2335572.html
jobs.51job.com/all/co4068753.html
jobs.51job.com/all/co2710465.html
jobs.51job.com/all/co3224950.html
jobs.51job.com/all/co4494127.html
jobs.51job.com/all/co2284061.html
jobs.51job.com/all/co4063906.html
jobs.51job.com/all/co2503383.html
jobs.51job.com/all/co4924655.html
jobs.51job.com/all/co3857618.html
jobs.51job.com/all/co2374488.html
jobs.51job.com/all/co3160261.html
jobs.51job.com/all/co2447217.html
jobs.51job.com/all/co3699092.html
jobs.51job.com/all/co2458560.html
jobs.51job.com/all/co4014546.html
jobs.51job.com/all/co4791170.html
jobs.51job.com/all/co4254907.html
jobs.51job.com/all/co4534077.html
jobs.51job.com/all/co2243869.html
jobs.51job.com/all/co4909651.html
jobs.51job.com/all/co4272521.html
jobs.51job.com/all/co4039096.html
jobs.51job.com/all/co2954053.html
jobs.51job.com/all/co4244290.html
jobs.51job.com/all/co4872266.html
jobs.51job.com/all/co4632868.html
jobs.51job.com/all/co4696084.html
jobs.51job.com/all/co4099277.html
jobs.51job.com/all/co133026.html
jobs.51job.com/all/co4095680.html
jobs.51job.com/all/co4560851.html
jobs.51job.com/all/co4474066.html
jobs.51job.com/all/co3931906.html
jobs.51job.com/all/co3815082.html
jobs.51job.com/all/co4930685.html
jobs.51job.com/all/co2202048.html
jobs.51job.com/all/co2496043.html
jobs.51job.com/all/co4621425.html
jobs.51job.com/all/co4899601.html
jobs.51job.com/all/co3449297.html
jobs.51job.com/all/co4457697.html
jobs.51job.com/all/co423082.html
jobs.51job.com/all/co4893039.html
jobs.51job.com/all/co4456575.html
jobs.51job.com/all/co4858968.html
jobs.51job.com/all/co4761164.html
jobs.51job.com/all/co4688256.html
jobs.51job.com/all/co4328866.html
jobs.51job.com/all/co4910131.html
jobs.51job.com/all/co4569545.html
jobs.51job.com/all/co3573635.html
jobs.51job.com/all/co4583722.html
jobs.51job.com/all/co3606955.html
jobs.51job.com/all/co2779059.html
jobs.51job.com/all/co3869848.html
jobs.51job.com/all/co4819332.html
jobs.51job.com/all/co3880669.html
jobs.51job.com/all/co3630552.html
jobs.51job.com/all/co3418543.html
jobs.51job.com/all/co4066316.html
jobs.51job.com/all/co4338357.html
jobs.51job.com/all/co4939408.html
jobs.51job.com/all/co3224391.html
jobs.51job.com/all/co4243271.html
jobs.51job.com/all/co4125250.html
jobs.51job.com/all/co3809420.html
jobs.51job.com/all/co3718911.html
jobs.51job.com/all/co4703368.html
jobs.51job.com/all/co4663174.html
jobs.51job.com/all/co4021876.html
jobs.51job.com/all/co2339215.html
jobs.51job.com/all/co3930634.html
jobs.51job.com/all/co3961684.html
jobs.51job.com/all/co3392637.html
jobs.51job.com/all/co503198.html
jobs.51job.com/all/co3685415.html
jobs.51job.com/all/co3610872.html
jobs.51job.com/all/co2634988.html
jobs.51job.com/all/co4050543.html
jobs.51job.com/all/co4438966.html
jobs.51job.com/all/co3353952.html
jobs.51job.com/all/co647731.html
jobs.51job.com/all/co2384162.html
jobs.51job.com/all/co4591198.html
jobs.51job.com/all/co4338841.html
jobs.51job.com/all/co418429.html
jobs.51job.com/all/co4635233.html
jobs.51job.com/all/co4789924.html
jobs.51job.com/all/co4791602.html
jobs.51job.com/all/co2894678.html
jobs.51job.com/all/co4443121.html
jobs.51job.com/all/co2791795.html
jobs.51job.com/all/co3231628.html
jobs.51job.com/all/co3452324.html
jobs.51job.com/all/co3973654.html
jobs.51job.com/all/co4934292.html
jobs.51job.com/all/co2395004.html
jobs.51job.com/all/co4467632.html
jobs.51job.com/all/co3216057.html
jobs.51job.com/all/co3592855.html
jobs.51job.com/all/co3199538.html
jobs.51job.com/all/co2747130.html
jobs.51job.com/all/co2582388.html
jobs.51job.com/all/co2684173.html
jobs.51job.com/all/co4121115.html
jobs.51job.com/all/co4347547.html
jobs.51job.com/all/co3292644.html
jobs.51job.com/all/co3719377.html
jobs.51job.com/all/co3488167.html
jobs.51job.com/all/co4716694.html
jobs.51job.com/all/co4372857.html
jobs.51job.com/all/co731721.html
jobs.51job.com/all/co3815536.html
jobs.51job.com/all/co3988898.html
jobs.51job.com/all/co2732511.html
jobs.51job.com/all/co2986202.html
jobs.51job.com/all/co166902.html
jobs.51job.com/all/co3866775.html
jobs.51job.com/all/co4228735.html
jobs.51job.com/all/co369401.html
jobs.51job.com/all/co4452455.html
jobs.51job.com/all/co209199.html
jobs.51job.com/all/co3694889.html
jobs.51job.com/all/co569726.html
jobs.51job.com/all/co3009539.html
jobs.51job.com/all/co4712366.html
jobs.51job.com/all/co2764846.html
jobs.51job.com/all/co3833943.html
jobs.51job.com/all/co3076368.html
jobs.51job.com/all/co4936811.html
jobs.51job.com/all/co4880723.html
jobs.51job.com/all/co2898576.html
jobs.51job.com/all/co4135565.html
jobs.51job.com/all/co4145168.html
jobs.51job.com/all/co3922889.html
jobs.51job.com/all/co4026238.html
jobs.51job.com/all/co4874613.html
jobs.51job.com/all/co2416846.html
jobs.51job.com/all/co222459.html
jobs.51job.com/all/co3880516.html
jobs.51job.com/all/co4437642.html
jobs.51job.com/all/co111336.html
jobs.51job.com/all/co1353891.html
jobs.51job.com/all/co3370681.html
jobs.51job.com/all/co4262535.html
jobs.51job.com/all/co2007835.html
jobs.51job.com/all/co3876006.html
jobs.51job.com/all/co3242958.html
jobs.51job.com/all/co4898093.html
jobs.51job.com/all/co4921608.html
jobs.51job.com/all/co4058592.html
jobs.51job.com/all/co3987702.html
jobs.51job.com/all/co2742222.html
jobs.51job.com/all/co4919655.html
jobs.51job.com/all/co2774461.html
jobs.51job.com/all/co3267940.html
jobs.51job.com/all/co2290574.html
jobs.51job.com/all/co4809911.html
jobs.51job.com/all/co4925562.html
jobs.51job.com/all/co2172548.html
jobs.51job.com/all/co4085429.html
jobs.51job.com/all/co4557886.html
jobs.51job.com/all/co4324125.html
jobs.51job.com/all/co3600721.html
jobs.51job.com/all/co4088090.html
jobs.51job.com/all/co3687297.html
jobs.51job.com/all/co4915542.html
jobs.51job.com/all/co3957112.html
jobs.51job.com/all/co3434251.html
jobs.51job.com/all/co2763929.html
jobs.51job.com/all/co4800248.html
jobs.51job.com/all/co4050577.html
jobs.51job.com/all/co4369041.html
jobs.51job.com/all/co4280638.html
jobs.51job.com/all/co4157861.html
jobs.51job.com/all/co4630710.html
jobs.51job.com/all/co2832740.html
jobs.51job.com/all/co3452321.html
jobs.51job.com/all/co3267248.html
jobs.51job.com/all/co3452325.html
jobs.51job.com/all/co4334855.html
jobs.51job.com/all/co2726529.html
jobs.51job.com/all/co2469358.html
jobs.51job.com/all/co2486719.html
jobs.51job.com/all/co2379196.html
jobs.51job.com/all/co3927435.html
jobs.51job.com/all/co4931092.html
jobs.51job.com/all/co4496128.html
jobs.51job.com/all/co2874964.html
jobs.51job.com/all/co3002208.html
jobs.51job.com/all/co4698682.html
jobs.51job.com/all/co4197222.html
jobs.51job.com/all/co4230298.html
jobs.51job.com/all/co3524937.html
jobs.51job.com/all/co2916136.html
jobs.51job.com/all/co4642638.html
jobs.51job.com/all/co3573855.html
jobs.51job.com/all/co4702885.html
jobs.51job.com/all/co4294996.html
jobs.51job.com/all/co3895386.html
jobs.51job.com/all/co4007431.html
jobs.51job.com/all/co4480349.html
jobs.51job.com/all/co3302154.html
jobs.51job.com/all/co3914367.html
jobs.51job.com/all/co4073513.html
jobs.51job.com/all/co3781844.html
jobs.51job.com/all/co4903281.html
jobs.51job.com/all/co3818844.html
jobs.51job.com/all/co4868876.html
jobs.51job.com/all/co4788201.html
jobs.51job.com/all/co2741560.html
jobs.51job.com/all/co3888922.html
jobs.51job.com/all/co2772181.html
jobs.51job.com/all/co3473164.html
jobs.51job.com/all/co4457860.html
jobs.51job.com/all/co3959395.html
jobs.51job.com/all/co2655125.html
jobs.51job.com/all/co3819417.html
jobs.51job.com/all/co3930620.html
jobs.51job.com/all/co4905099.html
jobs.51job.com/all/co4316370.html
jobs.51job.com/all/co1342802.html
jobs.51job.com/all/co4004458.html
jobs.51job.com/all/co2305150.html
jobs.51job.com/all/co2401527.html
jobs.51job.com/all/co3573399.html
jobs.51job.com/all/co2544901.html
jobs.51job.com/all/co4736260.html
jobs.51job.com/all/co4354947.html
jobs.51job.com/all/co4087539.html
jobs.51job.com/all/co3915341.html
jobs.51job.com/all/co3309184.html
jobs.51job.com/all/co393666.html
jobs.51job.com/all/co4696466.html
jobs.51job.com/all/co4920935.html
jobs.51job.com/all/co3028389.html
jobs.51job.com/all/co4434961.html
jobs.51job.com/all/co2608795.html
jobs.51job.com/all/co174769.html
jobs.51job.com/all/co4337405.html
jobs.51job.com/all/co4238090.html
jobs.51job.com/all/co3634363.html
jobs.51job.com/all/co4845152.html
jobs.51job.com/all/co4820953.html
jobs.51job.com/all/co4190989.html
jobs.51job.com/all/co4140132.html
jobs.51job.com/all/co4644648.html
jobs.51job.com/all/co4702391.html
jobs.51job.com/all/co2705303.html
jobs.51job.com/all/co4227562.html
jobs.51job.com/all/co3748306.html
jobs.51job.com/all/co4115855.html
jobs.51job.com/all/co4700579.html
jobs.51job.com/all/co4505103.html
jobs.51job.com/all/co4684823.html
jobs.51job.com/all/co4800706.html
jobs.51job.com/all/co4711880.html
jobs.51job.com/all/co3875044.html
jobs.51job.com/all/co3702074.html
jobs.51job.com/all/co4351310.html
jobs.51job.com/all/co4908425.html
jobs.51job.com/all/co4817477.html
jobs.51job.com/all/co2991779.html
jobs.51job.com/all/co4554510.html
jobs.51job.com/all/co3074929.html
jobs.51job.com/all/co4885236.html
jobs.51job.com/all/co2951534.html
jobs.51job.com/all/co4895871.html
jobs.51job.com/all/co4404914.html
jobs.51job.com/all/co4491172.html
jobs.51job.com/all/co4781980.html
jobs.51job.com/all/co4457855.html
jobs.51job.com/all/co4360611.html
jobs.51job.com/all/co4742848.html
jobs.51job.com/all/co3964613.html
jobs.51job.com/all/co4304075.html
jobs.51job.com/all/co4668299.html
jobs.51job.com/all/co2629620.html
jobs.51job.com/all/co3389248.html
jobs.51job.com/all/co2220020.html
jobs.51job.com/all/co4677189.html
jobs.51job.com/all/co4797784.html
jobs.51job.com/all/co3567750.html
jobs.51job.com/all/co4870728.html
jobs.51job.com/all/co4799042.html
jobs.51job.com/all/co4227320.html
jobs.51job.com/all/co3820713.html
jobs.51job.com/all/co3477771.html
jobs.51job.com/all/co4036566.html
jobs.51job.com/all/co2597968.html
jobs.51job.com/all/co4599023.html
jobs.51job.com/all/co2477350.html
jobs.51job.com/all/co4293529.html
jobs.51job.com/all/co2355695.html
jobs.51job.com/all/co4625522.html
jobs.51job.com/all/co4893578.html
jobs.51job.com/all/co156141.html
jobs.51job.com/all/co2081028.html
jobs.51job.com/all/co4881949.html
jobs.51job.com/all/co2724399.html
jobs.51job.com/all/co3109541.html
jobs.51job.com/all/co4328267.html
jobs.51job.com/all/co4563892.html
jobs.51job.com/all/co4303130.html
jobs.51job.com/all/co2550258.html
jobs.51job.com/all/co3532143.html
jobs.51job.com/all/co4063968.html
jobs.51job.com/all/co3853425.html
jobs.51job.com/all/co4030838.html
jobs.51job.com/all/co3403250.html
jobs.51job.com/all/co4284962.html
jobs.51job.com/all/co4283676.html
jobs.51job.com/all/co4819260.html
jobs.51job.com/all/co3917707.html
jobs.51job.com/all/co2307400.html
jobs.51job.com/all/co270592.html
jobs.51job.com/all/co4572268.html
jobs.51job.com/all/co4813731.html
jobs.51job.com/all/co3914630.html
jobs.51job.com/all/co3910580.html
jobs.51job.com/all/co2842986.html
sfzhaopin.51job.com
jobs.51job.com/all/co4285755.html
jobs.51job.com/all/co3660098.html
jobs.51job.com/all/co4708336.html
jobs.51job.com/all/co4339658.html
jobs.51job.com/all/co4822632.html
jobs.51job.com/all/co4351802.html
jobs.51job.com/all/co3759594.html
jobs.51job.com/all/co4633736.html
jobs.51job.com/all/co4263486.html
jobs.51job.com/all/co4283843.html
jobs.51job.com/all/co531371.html
jobs.51job.com/all/co4174608.html
jobs.51job.com/all/co2257118.html
jobs.51job.com/all/co2183030.html
jobs.51job.com/all/co4249946.html
jobs.51job.com/all/co259051.html
jobs.51job.com/all/co2929991.html
jobs.51job.com/all/co3105784.html
neusoft.51job.com
jobs.51job.com/all/co2583129.html
jobs.51job.com/all/co3598020.html
jobs.51job.com/all/co3498654.html
jobs.51job.com/all/co1987355.html
jobs.51job.com/all/co3560316.html
jobs.51job.com/all/co4738033.html
jobs.51job.com/all/co2446341.html
jobs.51job.com/all/co2425548.html
jobs.51job.com/all/co3932175.html
jobs.51job.com/all/co4874621.html
jobs.51job.com/all/co2844761.html
jobs.51job.com/all/co4796115.html
jobs.51job.com/all/co3059729.html
jobs.51job.com/all/co4268367.html
jobs.51job.com/all/co3022943.html
jobs.51job.com/all/co4875554.html
jobs.51job.com/all/co4676706.html
jobs.51job.com/all/co4253045.html
jobs.51job.com/all/co4844184.html
jobs.51job.com/all/co3660517.html
jobs.51job.com/all/co2858905.html
jobs.51job.com/all/co4874701.html
jobs.51job.com/all/co2218909.html
jobs.51job.com/all/co2530267.html
jobs.51job.com/all/co2732340.html
jobs.51job.com/all/co2526391.html
jobs.51job.com/all/co3722284.html
jobs.51job.com/all/co2543136.html
jobs.51job.com/all/co4236610.html
jobs.51job.com/all/co4295394.html
jobs.51job.com/all/co4867709.html
zj32.51job.com
jobs.51job.com/all/co4254138.html
jobs.51job.com/all/co4100988.html
jobs.51job.com/all/co2649104.html
jobs.51job.com/all/co4227195.html
jobs.51job.com/all/co4800209.html
jobs.51job.com/all/co3845097.html
jobs.51job.com/all/co4224656.html
jobs.51job.com/all/co3659048.html
jobs.51job.com/all/co4210212.html
jobs.51job.com/all/co4205966.html
jobs.51job.com/all/co3776948.html
jobs.51job.com/all/co4858812.html
jobs.51job.com/all/co3233223.html
jobs.51job.com/all/co2886847.html
jobs.51job.com/all/co3487141.html
jobs.51job.com/all/co4036295.html
jobs.51job.com/all/co2715696.html
jobs.51job.com/all/co3985508.html
jobs.51job.com/all/co4830832.html
jobs.51job.com/all/co4850486.html
jobs.51job.com/all/co2674421.html
jobs.51job.com/all/co4639691.html
jobs.51job.com/all/co4771072.html
jobs.51job.com/all/co2007638.html
jobs.51job.com/all/co4452648.html
jobs.51job.com/all/co306536.html
jobs.51job.com/all/co3487987.html
jobs.51job.com/all/co4308521.html
jobs.51job.com/all/co2567321.html
jobs.51job.com/all/co3805420.html
jobs.51job.com/all/co393403.html
jobs.51job.com/all/co4597163.html
jobs.51job.com/all/co4597163.html
jobs.51job.com/all/co4811203.html
jobs.51job.com/all/co4428015.html
jobs.51job.com/all/co4428015.html
jobs.51job.com/all/co4584136.html
jobs.51job.com/all/co2394752.html
jobs.51job.com/all/co2394752.html
jobs.51job.com/all/co2884276.html
jobs.51job.com/all/co4669562.html
jobs.51job.com/all/co4027391.html
jobs.51job.com/all/co4664363.html
jobs.51job.com/all/co2870430.html
jobs.51job.com/all/co2448032.html
jobs.51job.com/all/co3528235.html
jobs.51job.com/all/co2495119.html
jobs.51job.com/all/co4500289.html
jobs.51job.com/all/co3763681.html
jobs.51job.com/all/co596353.html
jobs.51job.com/all/co4487835.html
jobs.51job.com/all/co4848190.html
jobs.51job.com/all/co4848190.html
jobs.51job.com/all/co4848190.html
jobs.51job.com/all/co4945062.html
jobs.51job.com/all/co3494230.html
jobs.51job.com/all/co3494230.html
jobs.51job.com/all/co2452951.html
jobs.51job.com/all/co554257.html
jobs.51job.com/all/co4872721.html
jobs.51job.com/all/co3706448.html
jobs.51job.com/all/co2739406.html
jobs.51job.com/all/co2739406.html
jobs.51job.com/all/co2474619.html
jobs.51job.com/all/co2474619.html
jobs.51job.com/all/co2811068.html
jobs.51job.com/all/co3976403.html
jobs.51job.com/all/co3976403.html
jobs.51job.com/all/co3519114.html
jobs.51job.com/all/co3519114.html
jobs.51job.com/all/co4505423.html
jobs.51job.com/all/co3277394.html
jobs.51job.com/all/co4283140.html
jobs.51job.com/all/co3384667.html
jobs.51job.com/all/co3742665.html
jobs.51job.com/all/co3411335.html
jobs.51job.com/all/co4772483.html
jobs.51job.com/all/co2666487.html
jobs.51job.com/all/co4295260.html
jobs.51job.com/all/co3942043.html
jobs.51job.com/all/co4309530.html
jobs.51job.com/all/co2666487.html
jobs.51job.com/all/co2891376.html
jobs.51job.com/all/co4029870.html
jobs.51job.com/all/co2217001.html
jobs.51job.com/all/co3644204.html
jobs.51job.com/all/co4301799.html
jobs.51job.com/all/co4756791.html
jobs.51job.com/all/co4756791.html
jobs.51job.com/all/co3267505.html
jobs.51job.com/all/co114531.html
jobs.51job.com/all/co3191920.html
jobs.51job.com/all/co4751818.html
jobs.51job.com/all/co4751818.html
jobs.51job.com/all/co4751818.html
jobs.51job.com/all/co2461077.html
jobs.51job.com/all/co2461077.html
jobs.51job.com/all/co2461077.html
jobs.51job.com/all/co2461077.html
jobs.51job.com/all/co2461077.html
jobs.51job.com/all/co2461077.html
jobs.51job.com/all/co2461077.html
jobs.51job.com/all/co2461077.html
jobs.51job.com/all/co2461077.html
jobs.51job.com/all/co2461077.html
jobs.51job.com/all/co2461077.html
jobs.51job.com/all/co2461077.html
jobs.51job.com/all/co2461077.html
jobs.51job.com/all/co2461077.html
jobs.51job.com/all/co2461077.html
jobs.51job.com/all/co2461077.html
jobs.51job.com/all/co2461077.html
jobs.51job.com/all/co2461077.html
jobs.51job.com/all/co2461077.html
jobs.51job.com/all/co2461077.html
jobs.51job.com/all/co2461077.html
jobs.51job.com/all/co2461077.html
jobs.51job.com/all/co4696743.html
jobs.51job.com/all/co4696743.html
jobs.51job.com/all/co4696743.html
jobs.51job.com/all/co4695294.html
jobs.51job.com/all/co4695294.html
jobs.51job.com/all/co4695294.html
jobs.51job.com/all/co4695294.html
jobs.51job.com/all/co4695294.html
jobs.51job.com/all/co4695294.html
jobs.51job.com/all/co4695294.html
jobs.51job.com/all/co4695294.html
jobs.51job.com/all/co4695294.html
jobs.51job.com/all/co4256243.html
jobs.51job.com/all/co4256243.html
jobs.51job.com/all/co4931732.html
jobs.51job.com/all/co4931732.html
jobs.51job.com/all/co4931732.html
jobs.51job.com/all/co4931732.html
jobs.51job.com/all/co4879908.html
jobs.51job.com/all/co4879908.html
jobs.51job.com/all/co4909969.html
jobs.51job.com/all/co4909969.html
jobs.51job.com/all/co4909969.html
jobs.51job.com/all/co4909969.html
jobs.51job.com/all/co4909969.html
jobs.51job.com/all/co4909969.html
jobs.51job.com/all/co3022396.html
jobs.51job.com/all/co3022396.html
jobs.51job.com/all/co3022396.html
jobs.51job.com/all/co4696743.html
jobs.51job.com/all/co4696743.html
jobs.51job.com/all/co4029870.html
jobs.51job.com/all/co4029870.html
jobs.51job.com/all/co4437453.html
jobs.51job.com/all/co4437453.html
jobs.51job.com/all/co4437453.html
jobs.51job.com/all/co4437453.html
jobs.51job.com/all/co4437453.html
jobs.51job.com/all/co4437453.html
jobs.51job.com/all/co4437453.html
jobs.51job.com/all/co4437453.html
jobs.51job.com/all/co4437453.html
jobs.51job.com/all/co4437453.html
jobs.51job.com/all/co4029870.html
jobs.51job.com/all/co4029870.html
jobs.51job.com/all/co4879908.html
jobs.51job.com/all/co4879908.html
jobs.51job.com/all/co4756791.html
jobs.51job.com/all/co4955976.html
jobs.51job.com/all/co3569920.html
jobs.51job.com/all/co4573803.html
jobs.51job.com/all/co554257.html
jobs.51job.com/all/co4955976.html
jobs.51job.com/all/co596353.html
jobs.51job.com/all/co3806479.html
jobs.51job.com/all/co4340209.html
jobs.51job.com/all/co4900615.html
jobs.51job.com/all/co3089140.html
jobs.51job.com/all/co4743178.html
jobs.51job.com/all/co3027545.html
jobs.51job.com/all/co4267096.html
jobs.51job.com/all/co4729985.html
jobs.51job.com/all/co4955538.html
jobs.51job.com/all/co3046759.html
jobs.51job.com/all/co3046759.html
jobs.51job.com/all/co4951118.html
jobs.51job.com/all/co4897821.html
jobs.51job.com/all/co4909409.html
jobs.51job.com/all/co4944457.html
jobs.51job.com/all/co4944457.html
jobs.51job.com/all/co4920665.html
jobs.51job.com/all/co4914979.html
jobs.51job.com/all/co3804738.html
jobs.51job.com/all/co4267096.html
jobs.51job.com/all/co4267096.html
jobs.51job.com/all/co4267096.html
jobs.51job.com/all/co4454738.html
jobs.51job.com/all/co4267096.html
jobs.51job.com/all/co4267096.html
jobs.51job.com/all/co2911077.html
jobs.51job.com/all/co2911077.html
jobs.51job.com/all/co2670624.html
jobs.51job.com/all/co4777720.html
jobs.51job.com/all/co4174665.html
jobs.51job.com/all/co338998.html
jobs.51job.com/all/co1838293.html
jobs.51job.com/all/co4915252.html
jobs.51job.com/all/co4951118.html
jobs.51job.com/all/co4951118.html
jobs.51job.com/all/co4925581.html
jobs.51job.com/all/co2725159.html
jobs.51job.com/all/co2725159.html
jobs.51job.com/all/co321371.html
jobs.51job.com/all/co321371.html
jobs.51job.com/all/co4953539.html
jobs.51job.com/all/co2725159.html
jobs.51job.com/all/co4925581.html
jobs.51job.com/all/co4925581.html
jobs.51job.com/all/co4936862.html
jobs.51job.com/all/co4842847.html
jobs.51job.com/all/co4756388.html
jobs.51job.com/all/co4756388.html
jobs.51job.com/all/co4756388.html
jobs.51job.com/all/co4756388.html
jobs.51job.com/all/co4831421.html
jobs.51job.com/all/co4714075.html
jobs.51job.com/all/co4714075.html
jobs.51job.com/all/co4404120.html
jobs.51job.com/all/co4404120.html
jobs.51job.com/all/co4404120.html
jobs.51job.com/all/co4151524.html
jobs.51job.com/all/co3962174.html
jobs.51job.com/all/co4151524.html
jobs.51job.com/all/co4151524.html
jobs.51job.com/all/co3962174.html
jobs.51job.com/all/co2319035.html
jobs.51job.com/all/co2610207.html
jobs.51job.com/all/co2610207.html
jobs.51job.com/all/co4088447.html
jobs.51job.com/all/co4088447.html
jobs.51job.com/all/co4088447.html
jobs.51job.com/all/co2825564.html
jobs.51job.com/all/co2825564.html
jobs.51job.com/all/co2825564.html
jobs.51job.com/all/co2825564.html
jobs.51job.com/all/co4404782.html
jobs.51job.com/all/co4404782.html
jobs.51job.com/all/co4495802.html
jobs.51job.com/all/co3999005.html
jobs.51job.com/all/co3286787.html
jobs.51job.com/all/co3982330.html
jobs.51job.com/all/co4455493.html
jobs.51job.com/all/co393403.html
jobs.51job.com/all/co393403.html
jobs.51job.com/all/co393403.html
jobs.51job.com/all/co393403.html
jobs.51job.com/all/co393403.html
jobs.51job.com/all/co393403.html
jobs.51job.com/all/co2213982.html
jobs.51job.com/all/co2213982.html
jobs.51job.com/all/co3150808.html
jobs.51job.com/all/co4763048.html
jobs.51job.com/all/co4763048.html
jobs.51job.com/all/co4763048.html
jobs.51job.com/all/co3802009.html
jobs.51job.com/all/co3802009.html
jobs.51job.com/all/co3981064.html
jobs.51job.com/all/co3981064.html
jobs.51job.com/all/co2670624.html
jobs.51job.com/all/co4941603.html
jobs.51job.com/all/co4898683.html
jobs.51job.com/all/co4898683.html
jobs.51job.com/all/co4898683.html
jobs.51job.com/all/co4861159.html
jobs.51job.com/all/co4772888.html
jobs.51job.com/all/co4772888.html
jobs.51job.com/all/co4772888.html
jobs.51job.com/all/co4772888.html
jobs.51job.com/all/co4772888.html
jobs.51job.com/all/co4772888.html
jobs.51job.com/all/co4772888.html
jobs.51job.com/all/co4772888.html
jobs.51job.com/all/co4597163.html
jobs.51job.com/all/co4597163.html
jobs.51job.com/all/co4597163.html
jobs.51job.com/all/co4597163.html
jobs.51job.com/all/co4597163.html
jobs.51job.com/all/co4597163.html
jobs.51job.com/all/co4597163.html
jobs.51job.com/all/co4839376.html
jobs.51job.com/all/co4216649.html
jobs.51job.com/all/co4184012.html
jobs.51job.com/all/co4184012.html
jobs.51job.com/all/co4184012.html
jobs.51job.com/all/co2465884.html
jobs.51job.com/all/co2465884.html
jobs.51job.com/all/co3313400.html
jobs.51job.com/all/co4946327.html
jobs.51job.com/all/co4946327.html
jobs.51job.com/all/co1692767.html
jobs.51job.com/all/co4846131.html
jobs.51job.com/all/co2053212.html
jobs.51job.com/all/co2053212.html
jobs.51job.com/all/co4194496.html
jobs.51job.com/all/co4194496.html
jobs.51job.com/all/co4194496.html
jobs.51job.com/all/co4194496.html
jobs.51job.com/all/co4194496.html
jobs.51job.com/all/co4194496.html
jobs.51job.com/all/co4194496.html
jobs.51job.com/all/co4194496.html
jobs.51job.com/all/co4528706.html
jobs.51job.com/all/co3199849.html
jobs.51job.com/all/co2301491.html
jobs.51job.com/all/co2301491.html
jobs.51job.com/all/co2301491.html
jobs.51job.com/all/co2301491.html
jobs.51job.com/all/co2301491.html
jobs.51job.com/all/co2301491.html
jobs.51job.com/all/co2275067.html
jobs.51job.com/all/co2985890.html
jobs.51job.com/all/co2985890.html
jobs.51job.com/all/co2985890.html
jobs.51job.com/all/co2985890.html
jobs.51job.com/all/co2985890.html
jobs.51job.com/all/co4762712.html
jobs.51job.com/all/co4762712.html
jobs.51job.com/all/co3288160.html
jobs.51job.com/all/co2278837.html
jobs.51job.com/all/co2505515.html
jobs.51job.com/all/co3906119.html
jobs.51job.com/all/co3906119.html
jobs.51job.com/all/co3906119.html
jobs.51job.com/all/co3328273.html
jobs.51job.com/all/co3328273.html
jobs.51job.com/all/co2918328.html
jobs.51job.com/all/co2918328.html
jobs.51job.com/all/co4038013.html
jobs.51job.com/all/co4038013.html
jobs.51job.com/all/co3962530.html
jobs.51job.com/all/co2889171.html
jobs.51job.com/all/co2889171.html
jobs.51job.com/all/co2889171.html
jobs.51job.com/all/co2889171.html
jobs.51job.com/all/co2889171.html
jobs.51job.com/all/co2889171.html
jobs.51job.com/all/co2889171.html
jobs.51job.com/all/co2889171.html
jobs.51job.com/all/co2889171.html
jobs.51job.com/all/co4030502.html
jobs.51job.com/all/co3717218.html
jobs.51job.com/all/co4079089.html
jobs.51job.com/all/co4079089.html
jobs.51job.com/all/co4079089.html
jobs.51job.com/all/co4436998.html
jobs.51job.com/all/co3305.html
jobs.51job.com/all/co4756388.html
jobs.51job.com/all/co4664746.html
jobs.51job.com/all/co4537362.html
jobs.51job.com/all/co2025522.html
jobs.51job.com/all/co4537362.html
jobs.51job.com/all/co2328114.html
jobs.51job.com/all/co2328114.html
jobs.51job.com/all/co2328114.html
jobs.51job.com/all/co2328114.html
jobs.51job.com/all/co4560026.html
jobs.51job.com/all/co2619164.html
jobs.51job.com/all/co3316351.html
jobs.51job.com/all/co4698571.html
jobs.51job.com/all/co3901949.html
jobs.51job.com/all/co4698571.html
jobs.51job.com/all/co4698571.html
jobs.51job.com/all/co4698571.html
jobs.51job.com/all/co4698571.html
jobs.51job.com/all/co4698571.html
jobs.51job.com/all/co3901949.html
jobs.51job.com/all/co3901949.html
jobs.51job.com/all/co4768320.html
jobs.51job.com/all/co4876323.html
jobs.51job.com/all/co4876323.html
jobs.51job.com/all/co4876323.html
jobs.51job.com/all/co4876323.html
jobs.51job.com/all/co4002088.html
jobs.51job.com/all/co4002088.html
jobs.51job.com/all/co4935012.html
jobs.51job.com/all/co4430335.html
jobs.51job.com/all/co4660798.html
jobs.51job.com/all/co3912018.html
jobs.51job.com/all/co3912018.html
jobs.51job.com/all/co3912018.html
jobs.51job.com/all/co4546407.html
jobs.51job.com/all/co4546407.html
jobs.51job.com/all/co3922892.html
jobs.51job.com/all/co3922892.html
jobs.51job.com/all/co4183495.html
jobs.51job.com/all/co4183495.html
jobs.51job.com/all/co4183495.html
jobs.51job.com/all/co2008502.html
jobs.51job.com/all/co2388959.html
jobs.51job.com/all/co2388959.html
jobs.51job.com/all/co3922892.html
jobs.51job.com/all/co4584136.html
jobs.51job.com/all/co4584136.html
jobs.51job.com/all/co3554966.html
jobs.51job.com/all/co3922892.html
jobs.51job.com/all/co3922892.html
jobs.51job.com/all/co3922892.html
jobs.51job.com/all/co3922892.html
jobs.51job.com/all/co4469032.html
jobs.51job.com/all/co4469032.html
jobs.51job.com/all/co3922892.html
jobs.51job.com/all/co2606842.html
jobs.51job.com/all/co3535200.html
jobs.51job.com/all/co3535200.html
jobs.51job.com/all/co3535200.html
jobs.51job.com/all/co3535200.html
jobs.51job.com/all/co2394752.html
jobs.51job.com/all/co4772888.html
jobs.51job.com/all/co4772888.html
jobs.51job.com/all/co568943.html
jobs.51job.com/all/co4896300.html
jobs.51job.com/all/co2568129.html
jobs.51job.com/all/co2568129.html
jobs.51job.com/all/co3089140.html
jobs.51job.com/all/co4097910.html
jobs.51job.com/all/co4097910.html
jobs.51job.com/all/co4097910.html
jobs.51job.com/all/co4097910.html
jobs.51job.com/all/co2568129.html
jobs.51job.com/all/co2568129.html
jobs.51job.com/all/co2568129.html
jobs.51job.com/all/co2568129.html
jobs.51job.com/all/co2884276.html
jobs.51job.com/all/co3364993.html
jobs.51job.com/all/co2568129.html
jobs.51job.com/all/co2117789.html
jobs.51job.com/all/co2659505.html
jobs.51job.com/all/co4559624.html
jobs.51job.com/all/co4559624.html
jobs.51job.com/all/co2433232.html
jobs.51job.com/all/co2433232.html
jobs.51job.com/all/co2433232.html
jobs.51job.com/all/co3489015.html
jobs.51job.com/all/co4318077.html
jobs.51job.com/all/co3172648.html
jobs.51job.com/all/co3172648.html
jobs.51job.com/all/co3172648.html
jobs.51job.com/all/co4263586.html
jobs.51job.com/all/co4263586.html
jobs.51job.com/all/co2120908.html
jobs.51job.com/all/co2120908.html
jobs.51job.com/all/co2120908.html
jobs.51job.com/all/co2120908.html
jobs.51job.com/all/co3209780.html
jobs.51job.com/all/co2120908.html
jobs.51job.com/all/co2120908.html
jobs.51job.com/all/co2120908.html
jobs.51job.com/all/co2120908.html
jobs.51job.com/all/co4664363.html
jobs.51job.com/all/co4664363.html
jobs.51job.com/all/co4216649.html
jobs.51job.com/all/co3209780.html
jobs.51job.com/all/co3894655.html
jobs.51job.com/all/co3894655.html
jobs.51job.com/all/co3894655.html
jobs.51job.com/all/co4931549.html
jobs.51job.com/all/co4743178.html
jobs.51job.com/all/co4743178.html
jobs.51job.com/all/co3031365.html
jobs.51job.com/all/co3031365.html
jobs.51job.com/all/co3031365.html
jobs.51job.com/all/co3031365.html
jobs.51job.com/all/co3031365.html
jobs.51job.com/all/co4743178.html
jobs.51job.com/all/co4743178.html
jobs.51job.com/all/co4743178.html
jobs.51job.com/all/co4143951.html
jobs.51job.com/all/co3380304.html
jobs.51job.com/all/co4563311.html
jobs.51job.com/all/co1116529.html
jobs.51job.com/all/co1116529.html
jobs.51job.com/all/co4491960.html
jobs.51job.com/all/co4491960.html
jobs.51job.com/all/co2357498.html
jobs.51job.com/all/co2357498.html
jobs.51job.com/all/co3966037.html
jobs.51job.com/all/co2870430.html
jobs.51job.com/all/co4933483.html
jobs.51job.com/all/co3460193.html
jobs.51job.com/all/co3459829.html
jobs.51job.com/all/co3459829.html
jobs.51job.com/all/co3477316.html
jobs.51job.com/all/co3459829.html
jobs.51job.com/all/co3459829.html
jobs.51job.com/all/co2988917.html
jobs.51job.com/all/co3345290.html
jobs.51job.com/all/co4260260.html
jobs.51job.com/all/co3894655.html
jobs.51job.com/all/co3894655.html
jobs.51job.com/all/co3894655.html
jobs.51job.com/all/co3894655.html
jobs.51job.com/all/co3894655.html
jobs.51job.com/all/co3894655.html
jobs.51job.com/all/co3713038.html
jobs.51job.com/all/co3713038.html
jobs.51job.com/all/co3559985.html
jobs.51job.com/all/co538232.html
jobs.51job.com/all/co538232.html
jobs.51job.com/all/co4199901.html
jobs.51job.com/all/co4199901.html
jobs.51job.com/all/co370897.html
jobs.51job.com/all/co4756547.html
jobs.51job.com/all/co4756547.html
jobs.51job.com/all/co4311578.html
jobs.51job.com/all/co4950345.html
jobs.51job.com/all/co4938356.html
jobs.51job.com/all/co2622320.html
jobs.51job.com/all/co3916837.html
jobs.51job.com/all/co3459829.html
jobs.51job.com/all/co1980881.html
jobs.51job.com/all/co1980881.html
jobs.51job.com/all/co3459829.html
jobs.51job.com/all/co3459829.html
jobs.51job.com/all/co4870274.html
jobs.51job.com/all/co4870274.html
jobs.51job.com/all/co2741315.html
jobs.51job.com/all/co2345061.html
jobs.51job.com/all/co2345061.html
jobs.51job.com/all/co3743356.html
jobs.51job.com/all/co3743356.html
jobs.51job.com/all/co2544196.html
jobs.51job.com/all/co2544196.html
jobs.51job.com/all/co2544196.html
jobs.51job.com/all/co2544196.html
jobs.51job.com/all/co2544196.html
jobs.51job.com/all/co2550772.html
jobs.51job.com/all/co2544196.html
jobs.51job.com/all/co175740.html
jobs.51job.com/all/co2544196.html
jobs.51job.com/all/co2544196.html
jobs.51job.com/all/co3508698.html
jobs.51job.com/all/co4889972.html
jobs.51job.com/all/co4889972.html
jobs.51job.com/all/co2211509.html
jobs.51job.com/all/co4674693.html
jobs.51job.com/all/co2576209.html
jobs.51job.com/all/co4949080.html
jobs.51job.com/all/co3557225.html
jobs.51job.com/all/co3557225.html
jobs.51job.com/all/co3557225.html
jobs.51job.com/all/co2495119.html
jobs.51job.com/all/co437224.html
jobs.51job.com/all/co437224.html
jobs.51job.com/all/co437224.html
jobs.51job.com/all/co437224.html
jobs.51job.com/all/co3697251.html
jobs.51job.com/all/co3697251.html
jobs.51job.com/all/co4254851.html
jobs.51job.com/all/co4254851.html
jobs.51job.com/all/co2682931.html
jobs.51job.com/all/co2682931.html
jobs.51job.com/all/co2682931.html
jobs.51job.com/all/co275347.html
jobs.51job.com/all/co275347.html
jobs.51job.com/all/co2841403.html
jobs.51job.com/all/co2841403.html
jobs.51job.com/all/co2841403.html
jobs.51job.com/all/co2841403.html
jobs.51job.com/all/co2841403.html
jobs.51job.com/all/co2841403.html
jobs.51job.com/all/co2841403.html
jobs.51job.com/all/co2841403.html
jobs.51job.com/all/co2841403.html
jobs.51job.com/all/co2841403.html
jobs.51job.com/all/co2841403.html
jobs.51job.com/all/co2841403.html
jobs.51job.com/all/co4745811.html
jobs.51job.com/all/co4745811.html
jobs.51job.com/all/co4026901.html
jobs.51job.com/all/co4113260.html
jobs.51job.com/all/co4113260.html
jobs.51job.com/all/co3127711.html
jobs.51job.com/all/co3127711.html
jobs.51job.com/all/co3127711.html
jobs.51job.com/all/co4500289.html
jobs.51job.com/all/co4500289.html
jobs.51job.com/all/co4500289.html
jobs.51job.com/all/co4500289.html
jobs.51job.com/all/co4500289.html
jobs.51job.com/all/co3935465.html
jobs.51job.com/all/co3935465.html
jobs.51job.com/all/co3950830.html
jobs.51job.com/all/co2668161.html
jobs.51job.com/all/co2668161.html
jobs.51job.com/all/co4176664.html
jobs.51job.com/all/co2792711.html
jobs.51job.com/all/co3948157.html
jobs.51job.com/all/co3948157.html
jobs.51job.com/all/co3948157.html
jobs.51job.com/all/co4889480.html
jobs.51job.com/all/co4107116.html
jobs.51job.com/all/co2372534.html
jobs.51job.com/all/co4873913.html
jobs.51job.com/all/co4340170.html
jobs.51job.com/all/co2387597.html
jobs.51job.com/all/co2387597.html
jobs.51job.com/all/co2578887.html
jobs.51job.com/all/co3960270.html
jobs.51job.com/all/co4297651.html
jobs.51job.com/all/co4297651.html
jobs.51job.com/all/co2901387.html
jobs.51job.com/all/co2901387.html
jobs.51job.com/all/co4562670.html
jobs.51job.com/all/co4562670.html
jobs.51job.com/all/co3002239.html
jobs.51job.com/all/co4583273.html
jobs.51job.com/all/co4583273.html
jobs.51job.com/all/co4583273.html
jobs.51job.com/all/co4463582.html
jobs.51job.com/all/co3046759.html
jobs.51job.com/all/co180850.html
jobs.51job.com/all/co3055569.html
jobs.51job.com/all/co4915623.html
jobs.51job.com/all/co4915623.html
jobs.51job.com/all/co4915623.html
jobs.51job.com/all/co3385269.html
jobs.51job.com/all/co3385269.html
jobs.51job.com/all/co596353.html
jobs.51job.com/all/co596353.html
thyssenkrupp.51job.com
thyssenkrupp.51job.com
thyssenkrupp.51job.com
thyssenkrupp.51job.com
jobs.51job.com/all/co4041601.html
jobs.51job.com/all/co4356061.html
jobs.51job.com/all/co474235.html
jobs.51job.com/all/co4745811.html
jobs.51job.com/all/co4745811.html
jobs.51job.com/all/co4745811.html
jobs.51job.com/all/co4915252.html
jobs.51job.com/all/co3907873.html
jobs.51job.com/all/co3907873.html
jobs.51job.com/all/co4949639.html
jobs.51job.com/all/co109093.html
jobs.51job.com/all/co109093.html
jobs.51job.com/all/co109093.html
jobs.51job.com/all/co4915252.html
jobs.51job.com/all/co3907873.html
jobs.51job.com/all/co4897821.html
jobs.51job.com/all/co3066253.html
jobs.51job.com/all/co4745811.html
jobs.51job.com/all/co2709457.html
jobs.51job.com/all/co2709457.html
jobs.51job.com/all/co2709457.html
jobs.51job.com/all/co4232454.html
jobs.51job.com/all/co3666283.html
jobs.51job.com/all/co3666283.html
jobs.51job.com/all/co4224889.html
jobs.51job.com/all/co4897821.html
jobs.51job.com/all/co4897821.html
jobs.51job.com/all/co4897821.html
jobs.51job.com/all/co465031.html
jobs.51job.com/all/co465031.html
jobs.51job.com/all/co3145834.html
jobs.51job.com/all/co3145834.html
jobs.51job.com/all/co3907873.html
jobs.51job.com/all/co4941962.html
jobs.51job.com/all/co4941962.html
jobs.51job.com/all/co3685851.html
jobs.51job.com/all/co3685851.html
jobs.51job.com/all/co3685851.html
jobs.51job.com/all/co4848190.html
jobs.51job.com/all/co4848190.html
jobs.51job.com/all/co4018163.html
jobs.51job.com/all/co4848190.html
jobs.51job.com/all/co4945062.html
jobs.51job.com/all/co3733265.html
jobs.51job.com/all/co4714075.html
jobs.51job.com/all/co4714075.html
jobs.51job.com/all/co4714075.html
jobs.51job.com/all/co4714075.html
jobs.51job.com/all/co4479209.html
jobs.51job.com/all/co3674175.html
jobs.51job.com/all/co2531079.html
jobs.51job.com/all/co2531079.html
jobs.51job.com/all/co4872721.html
jobs.51job.com/all/co4772888.html
jobs.51job.com/all/co4115536.html
jobs.51job.com/all/co4115536.html
jobs.51job.com/all/co4115536.html
jobs.51job.com/all/co4115536.html
jobs.51job.com/all/co2583115.html
jobs.51job.com/all/co2583115.html
jobs.51job.com/all/co3090163.html
jobs.51job.com/all/co3090163.html
jobs.51job.com/all/co3090163.html
jobs.51job.com/all/co4713918.html
jobs.51job.com/all/co2868844.html
jobs.51job.com/all/co3494230.html
jobs.51job.com/all/co3494230.html
jobs.51job.com/all/co3494230.html
jobs.51job.com/all/co4898683.html
jobs.51job.com/all/co4898683.html
jobs.51job.com/all/co4898683.html
jobs.51job.com/all/co4898683.html
jobs.51job.com/all/co4898683.html
jobs.51job.com/all/co2622320.html
jobs.51job.com/all/co2682938.html
jobs.51job.com/all/co2682938.html
jobs.51job.com/all/co4948385.html
jobs.51job.com/all/co4756388.html
jobs.51job.com/all/co321371.html
jobs.51job.com/all/co4914956.html
jobs.51job.com/all/co4914956.html
jobs.51job.com/all/co4809609.html
jobs.51job.com/all/co3791825.html
jobs.51job.com/all/co3791825.html
jobs.51job.com/all/co4583828.html
jobs.51job.com/all/co4190276.html
jobs.51job.com/all/co4772888.html
jobs.51job.com/all/co4772888.html
jobs.51job.com/all/co4863407.html
jobs.51job.com/all/co4929377.html
jobs.51job.com/all/co554257.html
jobs.51job.com/all/co554257.html
jobs.51job.com/all/co4745811.html
jobs.51job.com/all/co4745811.html
jobs.51job.com/all/co2922003.html
jobs.51job.com/all/co2922003.html
jobs.51job.com/all/co2922003.html
jobs.51job.com/all/co4925581.html
jobs.51job.com/all/co4946327.html
jobs.51job.com/all/co4946327.html
jobs.51job.com/all/co4946327.html
jobs.51job.com/all/co4946327.html
jobs.51job.com/all/co4313448.html
jobs.51job.com/all/co4673085.html
jobs.51job.com/all/co4673085.html
jobs.51job.com/all/co4673085.html
jobs.51job.com/all/co2622320.html
jobs.51job.com/all/co4469039.html
jobs.51job.com/all/co2464781.html
jobs.51job.com/all/co4772888.html
jobs.51job.com/all/co4041812.html
jobs.51job.com/all/co2566857.html
jobs.51job.com/all/co3181831.html
jobs.51job.com/all/co3328273.html
jobs.51job.com/all/co2935353.html
jobs.51job.com/all/co406402.html
jobs.51job.com/all/co4018163.html
jobs.51job.com/all/co4772888.html
jobs.51job.com/all/co872557.html
jobs.51job.com/all/co2295842.html
jobs.51job.com/all/co4214664.html
jobs.51job.com/all/co4214664.html
jobs.51job.com/all/co2671693.html
jobs.51job.com/all/co4209127.html
jobs.51job.com/all/co4209127.html
jobs.51job.com/all/co4209127.html
jobs.51job.com/all/co4863407.html
jobs.51job.com/all/co3093418.html
jobs.51job.com/all/co4856402.html
jobs.51job.com/all/co4856402.html
jobs.51job.com/all/co4856402.html
jobs.51job.com/all/co3885830.html
jobs.51job.com/all/co3885830.html
jobs.51job.com/all/co3885830.html
jobs.51job.com/all/co3885830.html
jobs.51job.com/all/co3885830.html
jobs.51job.com/all/co3885830.html
jobs.51job.com/all/co3980349.html
jobs.51job.com/all/co3688907.html
jobs.51job.com/all/co4866990.html
jobs.51job.com/all/co4866990.html
jobs.51job.com/all/co4039692.html
jobs.51job.com/all/co2739406.html
jobs.51job.com/all/co4898683.html
jobs.51job.com/all/co4898683.html
jobs.51job.com/all/co4898683.html
jobs.51job.com/all/co2037212.html
jobs.51job.com/all/co3666283.html
jobs.51job.com/all/co3907873.html
jobs.51job.com/all/co3346473.html
jobs.51job.com/all/co4596610.html
jobs.51job.com/all/co4596610.html
jobs.51job.com/all/co4596610.html
jobs.51job.com/all/co4596610.html
jobs.51job.com/all/co3654203.html
jobs.51job.com/all/co3328273.html
jobs.51job.com/all/co3328273.html
jobs.51job.com/all/co4583828.html
jobs.51job.com/all/co4524948.html
jobs.51job.com/all/co4363660.html
jobs.51job.com/all/co2546282.html
jobs.51job.com/all/co3907873.html
jobs.51job.com/all/co4809609.html
jobs.51job.com/all/co4809609.html
jobs.51job.com/all/co2811068.html
jobs.51job.com/all/co2811068.html
jobs.51job.com/all/co2682666.html
jobs.51job.com/all/co2682666.html
jobs.51job.com/all/co4560357.html
jobs.51job.com/all/co4560357.html
jobs.51job.com/all/co4560357.html
jobs.51job.com/all/co4560357.html
jobs.51job.com/all/co4560357.html
jobs.51job.com/all/co4560357.html
jobs.51job.com/all/co4560357.html
jobs.51job.com/all/co4560357.html
jobs.51job.com/all/co4560357.html
jobs.51job.com/all/co4560357.html
jobs.51job.com/all/co4560357.html
jobs.51job.com/all/co4560357.html
jobs.51job.com/all/co4560357.html
jobs.51job.com/all/co4560357.html
jobs.51job.com/all/co4560357.html
jobs.51job.com/all/co4560357.html
jobs.51job.com/all/co4560357.html
jobs.51job.com/all/co4560357.html
jobs.51job.com/all/co4560357.html
jobs.51job.com/all/co4560357.html
jobs.51job.com/all/co4560357.html
jobs.51job.com/all/co109794.html
jobs.51job.com/all/co4557752.html
jobs.51job.com/all/co2394583.html
jobs.51job.com/all/co2394583.html
jobs.51job.com/all/co3859456.html
jobs.51job.com/all/co3884390.html
jobs.51job.com/all/co3884390.html
jobs.51job.com/all/co4508063.html
jobs.51job.com/all/co2928265.html
jobs.51job.com/all/co3922863.html
jobs.51job.com/all/co3458282.html
jobs.51job.com/all/co3458282.html
jobs.51job.com/all/co4573803.html
jobs.51job.com/all/co3458282.html
jobs.51job.com/all/co4573803.html
jobs.51job.com/all/co3163169.html
jobs.51job.com/all/co4459761.html
jobs.51job.com/all/co4459761.html
jobs.51job.com/all/co4459761.html
jobs.51job.com/all/co4244664.html
jobs.51job.com/all/co4244664.html
jobs.51job.com/all/co4934899.html
jobs.51job.com/all/co484230.html
jobs.51job.com/all/co4811203.html
jobs.51job.com/all/co4153777.html
jobs.51job.com/all/co3443850.html
jobs.51job.com/all/co1232534.html
jobs.51job.com/all/co1232534.html
jobs.51job.com/all/co1232534.html
jobs.51job.com/all/co1232534.html
jobs.51job.com/all/co1232534.html
jobs.51job.com/all/co3002455.html
jobs.51job.com/all/co4946327.html
jobs.51job.com/all/co4647605.html
jobs.51job.com/all/co4946327.html
jobs.51job.com/all/co4946327.html
jobs.51job.com/all/co3841586.html
jobs.51job.com/all/co3841586.html
jobs.51job.com/all/co3841586.html
jobs.51job.com/all/co3841586.html
jobs.51job.com/all/co3841586.html
jobs.51job.com/all/co3841586.html
jobs.51job.com/all/co4019761.html
jobs.51job.com/all/co3080307.html
jobs.51job.com/all/co3080307.html
jobs.51job.com/all/co4713918.html
jobs.51job.com/all/co2958341.html
jobs.51job.com/all/co4310962.html
jobs.51job.com/all/co3259409.html
jobs.51job.com/all/co3259409.html
jobs.51job.com/all/co3259409.html
jobs.51job.com/all/co3259409.html
jobs.51job.com/all/co4671553.html
jobs.51job.com/all/co4018163.html
jobs.51job.com/all/co4920665.html
jobs.51job.com/all/co4920665.html
jobs.51job.com/all/co2731965.html
jobs.51job.com/all/co4029513.html
jobs.51job.com/all/co4500289.html
jobs.51job.com/all/co2271576.html
jobs.51job.com/all/co2919014.html
jobs.51job.com/all/co3924859.html
jobs.51job.com/all/co3924859.html
jobs.51job.com/all/co3924859.html
jobs.51job.com/all/co4695266.html
jobs.51job.com/all/co4115536.html
jobs.51job.com/all/co4115536.html
jobs.51job.com/all/co4115536.html
jobs.51job.com/all/co4115536.html
jobs.51job.com/all/co2542833.html
jobs.51job.com/all/co2460490.html
jobs.51job.com/all/co2460490.html
jobs.51job.com/all/co4306826.html
jobs.51job.com/all/co4756388.html
jobs.51job.com/all/co3723602.html
jobs.51job.com/all/co4046426.html
jobs.51job.com/all/co3697251.html
jobs.51job.com/all/co3697251.html
jobs.51job.com/all/co3697251.html
jobs.51job.com/all/co3685368.html
jobs.51job.com/all/co4311821.html
jobs.51job.com/all/co4915252.html
jobs.51job.com/all/co3875478.html
jobs.51job.com/all/co3370725.html
jobs.51job.com/all/co3252679.html
jobs.51job.com/all/co3252679.html
jobs.51job.com/all/co2490059.html
jobs.51job.com/all/co4573803.html
jobs.51job.com/all/co4931549.html
jobs.51job.com/all/co4115536.html
jobs.51job.com/all/co2958341.html
jobs.51job.com/all/co2958341.html
jobs.51job.com/all/co2958341.html
jobs.51job.com/all/co4505423.html
jobs.51job.com/all/co2958341.html
jobs.51job.com/all/co2958341.html
jobs.51job.com/all/co4721870.html
jobs.51job.com/all/co4767090.html
jobs.51job.com/all/co4713918.html
jobs.51job.com/all/co3694322.html
jobs.51job.com/all/co3849419.html
jobs.51job.com/all/co2421654.html
jobs.51job.com/all/co4528683.html
jobs.51job.com/all/co4528683.html
jobs.51job.com/all/co4528683.html
jobs.51job.com/all/co4528683.html
jobs.51job.com/all/co4731266.html
jobs.51job.com/all/co4702421.html
jobs.51job.com/all/co2330475.html
jobs.51job.com/all/co2330475.html
jobs.51job.com/all/co2330475.html
jobs.51job.com/all/co2330475.html
jobs.51job.com/all/co3015014.html
jobs.51job.com/all/co2308518.html
jobs.51job.com/all/co2308518.html
jobs.51job.com/all/co4585905.html
jobs.51job.com/all/co2034907.html
jobs.51job.com/all/co3962174.html
jobs.51job.com/all/co3962174.html
jobs.51job.com/all/co3962174.html
jobs.51job.com/all/co4546453.html
jobs.51job.com/all/co4546453.html
jobs.51job.com/all/co4811203.html
jobs.51job.com/all/co4494127.html
jobs.51job.com/all/co4494127.html
jobs.51job.com/all/co2319035.html
jobs.51job.com/all/co4838862.html
jobs.51job.com/all/co2503383.html
jobs.51job.com/all/co3364993.html
jobs.51job.com/all/co2374488.html
jobs.51job.com/all/co3699092.html
jobs.51job.com/all/co4791170.html
jobs.51job.com/all/co4534077.html
jobs.51job.com/all/co4909651.html
jobs.51job.com/all/co4272521.html
jobs.51job.com/all/co3206884.html
jobs.51job.com/all/co2954053.html
jobs.51job.com/all/co4872266.html
jobs.51job.com/all/co2683424.html
jobs.51job.com/all/co315713.html
jobs.51job.com/all/co2680683.html
jobs.51job.com/all/co4596610.html
jobs.51job.com/all/co4596610.html
jobs.51job.com/all/co4311821.html
jobs.51job.com/all/co4311821.html
jobs.51job.com/all/co4311821.html
jobs.51job.com/all/co4311821.html
jobs.51job.com/all/co2572957.html
jobs.51job.com/all/co2572957.html
jobs.51job.com/all/co2572957.html
jobs.51job.com/all/co2572957.html
jobs.51job.com/all/co2572957.html
jobs.51job.com/all/co2572957.html
jobs.51job.com/all/co2202048.html
jobs.51job.com/all/co2202048.html
jobs.51job.com/all/co2811068.html
jobs.51job.com/all/co4761164.html
jobs.51job.com/all/co423082.html
jobs.51job.com/all/co4328866.html
jobs.51job.com/all/co596363.html
jobs.51job.com/all/co596363.html
jobs.51job.com/all/co596363.html
jobs.51job.com/all/co4910131.html
jobs.51job.com/all/co2779059.html
jobs.51job.com/all/co4876323.html
jobs.51job.com/all/co3717218.html
jobs.51job.com/all/co4939408.html
jobs.51job.com/all/co4910131.html
jobs.51job.com/all/co4125250.html
jobs.51job.com/all/co4656183.html
jobs.51job.com/all/co2958341.html
jobs.51job.com/all/co3930634.html
jobs.51job.com/all/co4856402.html
jobs.51job.com/all/co503198.html
jobs.51job.com/all/co503198.html
jobs.51job.com/all/co3606955.html
jobs.51job.com/all/co4436775.html
jobs.51job.com/all/co3610872.html
jobs.51job.com/all/co3610872.html
jobs.51job.com/all/co4050543.html
jobs.51job.com/all/co321726.html
jobs.51job.com/all/co3784591.html
jobs.51job.com/all/co4789924.html
jobs.51job.com/all/co2894678.html
jobs.51job.com/all/co2894678.html
jobs.51job.com/all/co3452324.html
jobs.51job.com/all/co3569920.html
jobs.51job.com/all/co2747130.html
jobs.51job.com/all/co2747130.html
jobs.51job.com/all/co2747130.html
jobs.51job.com/all/co2747130.html
jobs.51job.com/all/co2747130.html
jobs.51job.com/all/co2747130.html
jobs.51job.com/all/co3719377.html
jobs.51job.com/all/co3488167.html
jobs.51job.com/all/co3488167.html
jobs.51job.com/all/co321371.html
jobs.51job.com/all/co321371.html
jobs.51job.com/all/co321371.html
jobs.51job.com/all/co321371.html
jobs.51job.com/all/co321371.html
jobs.51job.com/all/co321371.html
jobs.51job.com/all/co321371.html
jobs.51job.com/all/co4429125.html
jobs.51job.com/all/co4429125.html
jobs.51job.com/all/co4372857.html
jobs.51job.com/all/co3815536.html
jobs.51job.com/all/co3101335.html
cargillchina.51job.com
jobs.51job.com/all/co4856402.html
jobs.51job.com/all/co4856402.html
jobs.51job.com/all/co3288496.html
jobs.51job.com/all/co3288496.html
jobs.51job.com/all/co3784591.html
jobs.51job.com/all/co3784591.html
jobs.51job.com/all/co3784591.html
jobs.51job.com/all/co3384667.html
jobs.51job.com/all/co3384667.html
jobs.51job.com/all/co4573803.html
jobs.51job.com/all/co4452455.html
jobs.51job.com/all/co3009539.html
jobs.51job.com/all/co569726.html
jobs.51job.com/all/co2583115.html
jobs.51job.com/all/co3922889.html
jobs.51job.com/all/co4874613.html
jobs.51job.com/all/co3880516.html
jobs.51job.com/all/co4437642.html
jobs.51job.com/all/co4438942.html
jobs.51job.com/all/co3370681.html
jobs.51job.com/all/co3370681.html
jobs.51job.com/all/co3370681.html
jobs.51job.com/all/co3370681.html
jobs.51job.com/all/co3370681.html
jobs.51job.com/all/co2638146.html
jobs.51job.com/all/co3876006.html
jobs.51job.com/all/co4921608.html
jobs.51job.com/all/co4921608.html
jobs.51job.com/all/co4921608.html
jobs.51job.com/all/co321371.html
jobs.51job.com/all/co3488167.html
jobs.51job.com/all/co4919655.html
jobs.51job.com/all/co4772483.html
jobs.51job.com/all/co4772483.html
jobs.51job.com/all/co4809911.html
jobs.51job.com/all/co4636126.html
jobs.51job.com/all/co4573803.html
jobs.51job.com/all/co4573803.html
jobs.51job.com/all/co4573803.html
jobs.51job.com/all/co3643967.html
jobs.51job.com/all/co3643967.html
jobs.51job.com/all/co3643967.html
jobs.51job.com/all/co3643967.html
jobs.51job.com/all/co3643967.html
jobs.51job.com/all/co3643967.html
jobs.51job.com/all/co3942043.html
jobs.51job.com/all/co2007835.html
jobs.51job.com/all/co3600721.html
jobs.51job.com/all/co3600721.html
jobs.51job.com/all/co3600721.html
jobs.51job.com/all/co3600721.html
jobs.51job.com/all/co3288496.html
jobs.51job.com/all/co3687297.html
jobs.51job.com/all/co3957112.html
jobs.51job.com/all/co4915542.html
jobs.51job.com/all/co2763929.html
jobs.51job.com/all/co4573803.html
jobs.51job.com/all/co4573803.html
jobs.51job.com/all/co4915542.html
jobs.51job.com/all/co4157861.html
jobs.51job.com/all/co321378.html
jobs.51job.com/all/co4232454.html
jobs.51job.com/all/co3267248.html
jobs.51job.com/all/co2898094.html
jobs.51job.com/all/co3452324.html
jobs.51job.com/all/co3452325.html
jobs.51job.com/all/co3452325.html
jobs.51job.com/all/co3452325.html
jobs.51job.com/all/co3452325.html
jobs.51job.com/all/co3452324.html
jobs.51job.com/all/co321371.html
jobs.51job.com/all/co321371.html
jobs.51job.com/all/co321371.html
jobs.51job.com/all/co321371.html
jobs.51job.com/all/co4915252.html
jobs.51job.com/all/co3880516.html
jobs.51job.com/all/co3880516.html
jobs.51job.com/all/co4880723.html
jobs.51job.com/all/co3895386.html
jobs.51job.com/all/co321378.html
jobs.51job.com/all/co321378.html
jobs.51job.com/all/co2874964.html
jobs.51job.com/all/co3914367.html
jobs.51job.com/all/co4903281.html
jobs.51job.com/all/co4280638.html
jobs.51job.com/all/co4868876.html
jobs.51job.com/all/co3364993.html
jobs.51job.com/all/co3876006.html
jobs.51job.com/all/co3876006.html
jobs.51job.com/all/co3815082.html
jobs.51job.com/all/co2741560.html
jobs.51job.com/all/co321371.html
jobs.51job.com/all/co2772181.html
jobs.51job.com/all/co4583058.html
jobs.51job.com/all/co2531079.html
jobs.51job.com/all/co2531079.html
jobs.51job.com/all/co3473164.html
jobs.51job.com/all/co3473164.html
jobs.51job.com/all/co3473164.html
jobs.51job.com/all/co4166367.html
jobs.51job.com/all/co4573803.html
jobs.51job.com/all/co4573803.html
jobs.51job.com/all/co4573803.html
jobs.51job.com/all/co3930620.html
jobs.51job.com/all/co4316370.html
jobs.51job.com/all/co4316370.html
jobs.51job.com/all/co1342802.html
jobs.51job.com/all/co3942043.html
jobs.51job.com/all/co4004458.html
jobs.51job.com/all/co465031.html
jobs.51job.com/all/co2305150.html
jobs.51job.com/all/co321371.html
jobs.51job.com/all/co3880516.html
jobs.51job.com/all/co4354947.html
jobs.51job.com/all/co4354947.html
jobs.51job.com/all/co3815082.html
jobs.51job.com/all/co393666.html
jobs.51job.com/all/co393666.html
jobs.51job.com/all/co393666.html
jobs.51job.com/all/co393666.html
jobs.51job.com/all/co393666.html
jobs.51job.com/all/co3819417.html
jobs.51job.com/all/co4920935.html
jobs.51job.com/all/co3259409.html
jobs.51job.com/all/co4591198.html
jobs.51job.com/all/co4434961.html
jobs.51job.com/all/co4434961.html
jobs.51job.com/all/co4434961.html
jobs.51job.com/all/co2638146.html
jobs.51job.com/all/co2284061.html
jobs.51job.com/all/co2284061.html
jobs.51job.com/all/co4454738.html
jobs.51job.com/all/co4457697.html
jobs.51job.com/all/co315713.html
jobs.51job.com/all/co174769.html
jobs.51job.com/all/co4337405.html
jobs.51job.com/all/co4337405.html
jobs.51job.com/all/co4238090.html
jobs.51job.com/all/co3634363.html
jobs.51job.com/all/co3634363.html
jobs.51job.com/all/co4354947.html
jobs.51job.com/all/co4354947.html
jobs.51job.com/all/co4354947.html
jobs.51job.com/all/co4354947.html
jobs.51job.com/all/co4354947.html
jobs.51job.com/all/co4354947.html
jobs.51job.com/all/co437224.html
jobs.51job.com/all/co437224.html
jobs.51job.com/all/co4768474.html
jobs.51job.com/all/co4140132.html
jobs.51job.com/all/co4702391.html
jobs.51job.com/all/co2531079.html
jobs.51job.com/all/co4684823.html
jobs.51job.com/all/co4800706.html
jobs.51job.com/all/co4876284.html
jobs.51job.com/all/co4696466.html
jobs.51job.com/all/co4696466.html
jobs.51job.com/all/co3866775.html
jobs.51job.com/all/co3941326.html
jobs.51job.com/all/co4788201.html
jobs.51job.com/all/co3875044.html
jobs.51job.com/all/co2531079.html
jobs.51job.com/all/co2543511.html
jobs.51job.com/all/co2991779.html
jobs.51job.com/all/co2991779.html
jobs.51job.com/all/co3848126.html
jobs.51job.com/all/co2531079.html
jobs.51job.com/all/co3959395.html
jobs.51job.com/all/co3959395.html
jobs.51job.com/all/co3959395.html
jobs.51job.com/all/co3959395.html
jobs.51job.com/all/co3419729.html
jobs.51job.com/all/co4073513.html
jobs.51job.com/all/co4742848.html
jobs.51job.com/all/co4742848.html
jobs.51job.com/all/co4304075.html
jobs.51job.com/all/co2220020.html
jobs.51job.com/all/co2638146.html
jobs.51job.com/all/co2554591.html
jobs.51job.com/all/co2554591.html
jobs.51job.com/all/co4352394.html
jobs.51job.com/all/co4870728.html
jobs.51job.com/all/co4870728.html
jobs.51job.com/all/co4870728.html
jobs.51job.com/all/co4870728.html
jobs.51job.com/all/co4799042.html
jobs.51job.com/all/co2954053.html
jobs.51job.com/all/co3477771.html
jobs.51job.com/all/co4036566.html
jobs.51job.com/all/co4036566.html
jobs.51job.com/all/co4036566.html
jobs.51job.com/all/co4430335.html
jobs.51job.com/all/co4554510.html
jobs.51job.com/all/co4895871.html
jobs.51job.com/all/co4563892.html
jobs.51job.com/all/co4668299.html
jobs.51job.com/all/co4668299.html
jobs.51job.com/all/co4668299.html
jobs.51job.com/all/co647731.html
jobs.51job.com/all/co3305442.html
jobs.51job.com/all/co3403250.html
jobs.51job.com/all/co4283676.html
jobs.51job.com/all/co4819260.html
jobs.51job.com/all/co3917707.html
jobs.51job.com/all/co2307400.html
jobs.51job.com/all/co2307400.html
jobs.51job.com/all/co166902.html
jobs.51job.com/all/co4073513.html
jobs.51job.com/all/co2308518.html
jobs.51job.com/all/co4351802.html
jobs.51job.com/all/co321371.html
jobs.51job.com/all/co3759594.html
jobs.51job.com/all/co321371.html
jobs.51job.com/all/co321371.html
jobs.51job.com/all/co2905517.html
jobs.51job.com/all/co2905517.html
jobs.51job.com/all/co4263486.html
jobs.51job.com/all/co4263486.html
jobs.51job.com/all/co4263486.html
jobs.51job.com/all/co4283843.html
jobs.51job.com/all/co647731.html
jobs.51job.com/all/co531371.html
jobs.51job.com/all/co3644204.html
jobs.51job.com/all/co3644204.html
jobs.51job.com/all/co3105784.html
jobs.51job.com/all/co4041812.html
jobs.51job.com/all/co4041812.html
jobs.51job.com/all/co4041812.html
jobs.51job.com/all/co4041812.html
jobs.51job.com/all/co321371.html
jobs.51job.com/all/co321371.html
jobs.51job.com/all/co2990870.html
jobs.51job.com/all/co2990870.html
jobs.51job.com/all/co2990870.html
jobs.51job.com/all/co4301799.html
jobs.51job.com/all/co4301799.html
jobs.51job.com/all/co4301799.html
jobs.51job.com/all/co4301799.html
jobs.51job.com/all/co3880669.html
jobs.51job.com/all/co3880669.html
jobs.51job.com/all/co647731.html
jobs.51job.com/all/co321371.html
jobs.51job.com/all/co2425548.html
jobs.51job.com/all/co2425548.html
jobs.51job.com/all/co4783822.html
jobs.51job.com/all/co4783822.html
jobs.51job.com/all/co4783822.html
jobs.51job.com/all/co4783822.html
jobs.51job.com/all/co4783822.html
jobs.51job.com/all/co4783822.html
jobs.51job.com/all/co4783822.html
jobs.51job.com/all/co4783822.html
jobs.51job.com/all/co4783822.html
jobs.51job.com/all/co1242007.html
jobs.51job.com/all/co3059729.html
jobs.51job.com/all/co4241576.html
jobs.51job.com/all/co156141.html
jobs.51job.com/all/co156141.html
jobs.51job.com/all/co3660517.html
jobs.51job.com/all/co2384162.html
jobs.51job.com/all/co4241576.html
jobs.51job.com/all/co4254907.html
jobs.51job.com/all/co2526391.html
jobs.51job.com/all/co4658153.html
jobs.51job.com/all/co114531.html
jobs.51job.com/all/co114531.html
jobs.51job.com/all/co3115928.html
jobs.51job.com/all/co4253045.html
jobs.51job.com/all/co4267096.html
jobs.51job.com/all/co315713.html
jobs.51job.com/all/co3774846.html
jobs.51job.com/all/co3774846.html
jobs.51job.com/all/co315713.html
jobs.51job.com/all/co315713.html
jobs.51job.com/all/co315713.html
jobs.51job.com/all/co315713.html
jobs.51job.com/all/co315713.html
jobs.51job.com/all/co315713.html
jobs.51job.com/all/co315713.html
jobs.51job.com/all/co315713.html
jobs.51job.com/all/co315713.html
jobs.51job.com/all/co3845097.html
jobs.51job.com/all/co3845097.html
jobs.51job.com/all/co4224656.html
jobs.51job.com/all/co3659048.html
jobs.51job.com/all/co4340170.html
jobs.51job.com/all/co4267096.html
jobs.51job.com/all/co4267096.html
jobs.51job.com/all/co275347.html
jobs.51job.com/all/co4354947.html
jobs.51job.com/all/co3922892.html
jobs.51job.com/all/co4847367.html
jobs.51job.com/all/co4847367.html
jobs.51job.com/all/co4847367.html
jobs.51job.com/all/co270592.html
jobs.51job.com/all/co4830832.html
jobs.51job.com/all/co3191920.html
jobs.51job.com/all/co2674421.html
jobs.51job.com/all/co3384667.html
jobs.51job.com/all/co4452648.html
jobs.51job.com/all/co300472.html
jobs.51job.com/all/co109093.html
jobs.51job.com/all/co4493702.html
jobs.51job.com/all/co3931906.html
jobs.51job.com/all/co2764846.html
jobs.51job.com/all/co3815324.html
jobs.51job.com/all/co4274047.html
jobs.51job.com/all/co3805420.html
