jobs.51job.com/all/co4307156.html
jobs.51job.com/all/co2727946.html
jobs.51job.com/all/co4698207.html
jobs.51job.com/all/co2922664.html
jobs.51job.com/all/co4093264.html
jobs.51job.com/all/co4929719.html
jobs.51job.com/all/co3710834.html
jobs.51job.com/all/co307597.html
jobs.51job.com/all/co4739587.html
jobs.51job.com/all/co2853165.html
jobs.51job.com/all/co3952180.html
jobs.51job.com/all/co2237028.html
jobs.51job.com/all/co3713417.html
jobs.51job.com/all/co242314.html
jobs.51job.com/all/co2989696.html
jobs.51job.com/all/co4449740.html
jobs.51job.com/all/co3929902.html
jobs.51job.com/all/co173685.html
jobs.51job.com/all/co4919386.html
jobs.51job.com/all/co3941050.html
jobs.51job.com/all/co3269148.html
jobs.51job.com/all/co4691755.html
jobs.51job.com/all/co3061875.html
jobs.51job.com/all/co3009992.html
jobs.51job.com/all/co3788259.html
jobs.51job.com/all/co2865802.html
jobs.51job.com/all/co2817084.html
jobs.51job.com/all/co288422.html
jobs.51job.com/all/co4929187.html
jobs.51job.com/all/co2101332.html
jobs.51job.com/all/co2056590.html
jobs.51job.com/all/co4372739.html
jobs.51job.com/all/co4422531.html
jobs.51job.com/all/co3326421.html
jobs.51job.com/all/co705024.html
jobs.51job.com/all/co4021510.html
jobs.51job.com/all/co2693830.html
jobs.51job.com/all/co3960557.html
jobs.51job.com/all/co3420179.html
jobs.51job.com/all/co3809259.html
jobs.51job.com/all/co2633687.html
jobs.51job.com/all/co3189240.html
jobs.51job.com/all/co3177840.html
jobs.51job.com/all/co4890381.html
jobs.51job.com/all/co2495651.html
jobs.51job.com/all/co4423750.html
jobs.51job.com/all/co4446542.html
jobs.51job.com/all/co4092861.html
jobs.51job.com/all/co3222563.html
jobs.51job.com/all/co3370725.html
jobs.51job.com/all/co2530842.html
jobs.51job.com/all/co4154294.html
jobs.51job.com/all/co2623771.html
jobs.51job.com/all/co4783727.html
jobs.51job.com/all/co4781050.html
jobs.51job.com/all/co2842074.html
jobs.51job.com/all/co4763578.html
jobs.51job.com/all/co4522400.html
jobs.51job.com/all/co4893475.html
jobs.51job.com/all/co3286613.html
jobs.51job.com/all/co4757491.html
jobs.51job.com/all/co369982.html
jobs.51job.com/all/co3381640.html
jobs.51job.com/all/co3124192.html
jobs.51job.com/all/co3438745.html
jobs.51job.com/all/co3544125.html
jobs.51job.com/all/co3985955.html
jobs.51job.com/all/co2268483.html
jobs.51job.com/all/co1184844.html
jobs.51job.com/all/co2876749.html
jobs.51job.com/all/co2827749.html
jobs.51job.com/all/co2665188.html
jobs.51job.com/all/co3829076.html
jobs.51job.com/all/co4632727.html
jobs.51job.com/all/co3867262.html
jobs.51job.com/all/co2301434.html
jobs.51job.com/all/co2417055.html
jobs.51job.com/all/co4555070.html
jobs.51job.com/all/co4636264.html
jobs.51job.com/all/co4064041.html
jobs.51job.com/all/co2344684.html
jobs.51job.com/all/co4457317.html
jobs.51job.com/all/co4186295.html
jobs.51job.com/all/co4098351.html
jobs.51job.com/all/co3203329.html
jobs.51job.com/all/co3022396.html
jobs.51job.com/all/co3972691.html
jobs.51job.com/all/co4662714.html
jobs.51job.com/all/co4868625.html
jobs.51job.com/all/co4881269.html
jobs.51job.com/all/co3811125.html
jobs.51job.com/all/co4315579.html
jobs.51job.com/all/co4766988.html
jobs.51job.com/all/co4092549.html
jobs.51job.com/all/co4546444.html
jobs.51job.com/all/co2439492.html
jobs.51job.com/all/co2767024.html
jobs.51job.com/all/co2883702.html
jobs.51job.com/all/co3419669.html
jobs.51job.com/all/co3965000.html
jobs.51job.com/all/co4466341.html
jobs.51job.com/all/co3757239.html
jobs.51job.com/all/co2474274.html
jobs.51job.com/all/co3054321.html
jobs.51job.com/all/co2572528.html
jobs.51job.com/all/co3979453.html
jobs.51job.com/all/co4360994.html
jobs.51job.com/all/co2586963.html
jobs.51job.com/all/co3939677.html
jobs.51job.com/all/co3062786.html
jobs.51job.com/all/co2972823.html
jobs.51job.com/all/co3573940.html
jobs.51job.com/all/co3592307.html
jobs.51job.com/all/co4645970.html
jobs.51job.com/all/co2997442.html
jobs.51job.com/all/co3073602.html
jobs.51job.com/all/co2600000.html
jobs.51job.com/all/co3940831.html
jobs.51job.com/all/co4896203.html
jobs.51job.com/all/co2681432.html
jobs.51job.com/all/co3202803.html
jobs.51job.com/all/co4338700.html
jobs.51job.com/all/co4321211.html
jobs.51job.com/all/co4694045.html
jobs.51job.com/all/co4515462.html
jobs.51job.com/all/co3162340.html
jobs.51job.com/all/co2158807.html
jobs.51job.com/all/co3450211.html
jobs.51job.com/all/co4052208.html
jobs.51job.com/all/co3770483.html
jobs.51job.com/all/co4693982.html
jobs.51job.com/all/co3770577.html
jobs.51job.com/all/co4010808.html
jobs.51job.com/all/co4667924.html
jobs.51job.com/all/co3470481.html
jobs.51job.com/all/co2759381.html
jobs.51job.com/all/co3472330.html
jobs.51job.com/all/co2826138.html
jobs.51job.com/all/co4715592.html
jobs.51job.com/all/co2460539.html
jobs.51job.com/all/co2635730.html
jobs.51job.com/all/co4828935.html
jobs.51job.com/all/co4463921.html
jobs.51job.com/all/co1270831.html
jobs.51job.com/all/co2736420.html
jobs.51job.com/all/co3232731.html
jobs.51job.com/all/co3699605.html
jobs.51job.com/all/co4231201.html
jobs.51job.com/all/co2516178.html
jobs.51job.com/all/co3225459.html
jobs.51job.com/all/co4867542.html
jobs.51job.com/all/co3839523.html
jobs.51job.com/all/co3156648.html
jobs.51job.com/all/co2220020.html
jobs.51job.com/all/co4896487.html
jobs.51job.com/all/co2946778.html
jobs.51job.com/all/co2764174.html
jobs.51job.com/all/co3791251.html
jobs.51job.com/all/co4002318.html
jobs.51job.com/all/co4942613.html
jobs.51job.com/all/co2633795.html
jobs.51job.com/all/co2565357.html
jobs.51job.com/all/co2581294.html
jobs.51job.com/all/co4854607.html
jobs.51job.com/all/co4908572.html
jobs.51job.com/all/co4941937.html
jobs.51job.com/all/co582760.html
jobs.51job.com/all/co3953006.html
jobs.51job.com/all/co3750462.html
jobs.51job.com/all/co2617109.html
jobs.51job.com/all/co2670771.html
jobs.51job.com/all/co2072128.html
jobs.51job.com/all/co4649756.html
jobs.51job.com/all/co4209235.html
jobs.51job.com/all/co3947859.html
jobs.51job.com/all/co3905810.html
jobs.51job.com/all/co2207265.html
jobs.51job.com/all/co1993544.html
jobs.51job.com/all/co4786450.html
jobs.51job.com/all/co3086232.html
jobs.51job.com/all/co3564004.html
jobs.51job.com/all/co4763520.html
jobs.51job.com/all/co2088710.html
jobs.51job.com/all/co2523192.html
jobs.51job.com/all/co4423076.html
jobs.51job.com/all/co4475141.html
jobs.51job.com/all/co2977454.html
jobs.51job.com/all/co4753027.html
jobs.51job.com/all/co3743379.html
jobs.51job.com/all/co2679697.html
jobs.51job.com/all/co3349801.html
jobs.51job.com/all/co4001480.html
jobs.51job.com/all/co2824074.html
jobs.51job.com/all/co4165117.html
jobs.51job.com/all/co3958882.html
jobs.51job.com/all/co4754478.html
jobs.51job.com/all/co4784110.html
jobs.51job.com/all/co3989747.html
jobs.51job.com/all/co4233678.html
jobs.51job.com/all/co2620152.html
jobs.51job.com/all/co2825952.html
jobs.51job.com/all/co3202497.html
jobs.51job.com/all/co4021081.html
jobs.51job.com/all/co3342859.html
jobs.51job.com/all/co3682678.html
jobs.51job.com/all/co4094001.html
jobs.51job.com/all/co3108335.html
jobs.51job.com/all/co4688868.html
jobs.51job.com/all/co4258855.html
jobs.51job.com/all/co4814592.html
jobs.51job.com/all/co4315159.html
jobs.51job.com/all/co4589209.html
jobs.51job.com/all/co2865028.html
jobs.51job.com/all/co3276181.html
jobs.51job.com/all/co2457681.html
jobs.51job.com/all/co2752053.html
jobs.51job.com/all/co3500100.html
jobs.51job.com/all/co3899261.html
jobs.51job.com/all/co3457327.html
jobs.51job.com/all/co3653697.html
jobs.51job.com/all/co201395.html
jobs.51job.com/all/co3224954.html
jobs.51job.com/all/co3702074.html
jobs.51job.com/all/co3992353.html
jobs.51job.com/all/co3101250.html
jobs.51job.com/all/co4917135.html
jobs.51job.com/all/co4204156.html
jobs.51job.com/all/co3186353.html
jobs.51job.com/all/co2412324.html
jobs.51job.com/all/co4143925.html
jobs.51job.com/all/co3296040.html
jobs.51job.com/all/co2828280.html
jobs.51job.com/all/co284623.html
jobs.51job.com/all/co2429293.html
jobs.51job.com/all/co2260189.html
jobs.51job.com/all/co2605039.html
jobs.51job.com/all/co2384720.html
jobs.51job.com/all/co2870975.html
jobs.51job.com/all/co3871378.html
jobs.51job.com/all/co2758332.html
jobs.51job.com/all/co4233785.html
jobs.51job.com/all/co3215170.html
jobs.51job.com/all/co4632113.html
jobs.51job.com/all/co4494838.html
jobs.51job.com/all/co4538349.html
jobs.51job.com/all/co3862705.html
jobs.51job.com/all/co4875958.html
jobs.51job.com/all/co2614885.html
jobs.51job.com/all/co2541679.html
jobs.51job.com/all/co2760228.html
jobs.51job.com/all/co4073155.html
jobs.51job.com/all/co2620796.html
jobs.51job.com/all/co4024904.html
jobs.51job.com/all/co2923284.html
jobs.51job.com/all/co2888850.html
jobs.51job.com/all/co4646675.html
jobs.51job.com/all/co3561038.html
jobs.51job.com/all/co4252790.html
jobs.51job.com/all/co2261890.html
jobs.51job.com/all/co3135616.html
jobs.51job.com/all/co4239245.html
jobs.51job.com/all/co3684968.html
jobs.51job.com/all/co4296555.html
jobs.51job.com/all/co4098930.html
jobs.51job.com/all/co1992633.html
jobs.51job.com/all/co4832153.html
jobs.51job.com/all/co3295007.html
jobs.51job.com/all/co4866870.html
jobs.51job.com/all/co2627653.html
jobs.51job.com/all/co4920623.html
jobs.51job.com/all/co4838058.html
jobs.51job.com/all/co179932.html
jobs.51job.com/all/co2117750.html
jobs.51job.com/all/co2499757.html
jobs.51job.com/all/co3951087.html
jobs.51job.com/all/co161695.html
jobs.51job.com/all/co2811703.html
jobs.51job.com/all/co4522563.html
jobs.51job.com/all/co2691918.html
jobs.51job.com/all/co3558706.html
jobs.51job.com/all/co4551938.html
jobs.51job.com/all/co3512284.html
jobs.51job.com/all/co2664570.html
jobs.51job.com/all/co3644269.html
jobs.51job.com/all/co3923549.html
jobs.51job.com/all/co3942962.html
jobs.51job.com/all/co3341382.html
jobs.51job.com/all/co2886457.html
jobs.51job.com/all/co3028217.html
jobs.51job.com/all/co2152808.html
jobs.51job.com/all/co4397508.html
jobs.51job.com/all/co2444136.html
jobs.51job.com/all/co504284.html
jobs.51job.com/all/co358022.html
jobs.51job.com/all/co2805678.html
jobs.51job.com/all/co3318875.html
jobs.51job.com/all/co3574019.html
jobs.51job.com/all/co283054.html
jobs.51job.com/all/co4847849.html
jobs.51job.com/all/co467960.html
jobs.51job.com/all/co4202120.html
jobs.51job.com/all/co2241114.html
jobs.51job.com/all/co3490337.html
jobs.51job.com/all/co1232652.html
jobs.51job.com/all/co100045.html
jobs.51job.com/all/co4865527.html
jobs.51job.com/all/co2946703.html
jobs.51job.com/all/co2976610.html
jobs.51job.com/all/co3556099.html
jobs.51job.com/all/co2591761.html
jobs.51job.com/all/co3118667.html
jobs.51job.com/all/co2647726.html
jobs.51job.com/all/co2418454.html
jobs.51job.com/all/co2632072.html
jobs.51job.com/all/co4640473.html
jobs.51job.com/all/co1392478.html
jobs.51job.com/all/co4421226.html
jobs.51job.com/all/co4533770.html
jobs.51job.com/all/co3257024.html
jobs.51job.com/all/co4444102.html
jobs.51job.com/all/co4770452.html
jobs.51job.com/all/co4319246.html
jobs.51job.com/all/co4624464.html
jobs.51job.com/all/co2959928.html
jobs.51job.com/all/co4454873.html
jobs.51job.com/all/co272223.html
jobs.51job.com/all/co3096383.html
jobs.51job.com/all/co2161908.html
jobs.51job.com/all/co4746675.html
jobs.51job.com/all/co4433917.html
jobs.51job.com/all/co1739855.html
jobs.51job.com/all/co2445403.html
jobs.51job.com/all/co2474975.html
jobs.51job.com/all/co3942931.html
jobs.51job.com/all/co2408148.html
jobs.51job.com/all/co2626524.html
jobs.51job.com/all/co3190111.html
jobs.51job.com/all/co2918328.html
jobs.51job.com/all/co4146627.html
jobs.51job.com/all/co2225467.html
jobs.51job.com/all/co2406755.html
jobs.51job.com/all/co4581315.html
jobs.51job.com/all/co390544.html
jobs.51job.com/all/co4734673.html
jobs.51job.com/all/co127840.html
jobs.51job.com/all/co4574340.html
jobs.51job.com/all/co2295709.html
jobs.51job.com/all/co2332641.html
jobs.51job.com/all/co4363800.html
jobs.51job.com/all/co3934617.html
jobs.51job.com/all/co2367742.html
jobs.51job.com/all/co2583399.html
jobs.51job.com/all/co2258261.html
jobs.51job.com/all/co4091212.html
jobs.51job.com/all/co2445920.html
jobs.51job.com/all/co2226314.html
jobs.51job.com/all/co2397560.html
jobs.51job.com/all/co4404238.html
jobs.51job.com/all/co4063176.html
jobs.51job.com/all/co3534112.html
jobs.51job.com/all/co4175699.html
jobs.51job.com/all/co2500790.html
jobs.51job.com/all/co3819785.html
jobs.51job.com/all/co3469175.html
jobs.51job.com/all/co2484569.html
jobs.51job.com/all/co316180.html
jobs.51job.com/all/co3521364.html
jobs.51job.com/all/co4033010.html
jobs.51job.com/all/co135210.html
jobs.51job.com/all/co3929098.html
jobs.51job.com/all/co2118425.html
jobs.51job.com/all/co2004631.html
jobs.51job.com/all/co2751164.html
jobs.51job.com/all/co3584292.html
jobs.51job.com/all/co2496083.html
jobs.51job.com/all/co4006737.html
jobs.51job.com/all/co4619709.html
jobs.51job.com/all/co2736644.html
jobs.51job.com/all/co2354445.html
jobs.51job.com/all/co4616099.html
jobs.51job.com/all/co916229.html
jobs.51job.com/all/co4621036.html
jobs.51job.com/all/co2953033.html
jobs.51job.com/all/co3874720.html
jobs.51job.com/all/co872425.html
jobs.51job.com/all/co2379121.html
jobs.51job.com/all/co3076836.html
jobs.51job.com/all/co2295893.html
jobs.51job.com/all/co2179781.html
jobs.51job.com/all/co2157956.html
jobs.51job.com/all/co2935665.html
jobs.51job.com/all/co4491837.html
jobs.51job.com/all/co2491438.html
jobs.51job.com/all/co208149.html
jobs.51job.com/all/co3604612.html
jobs.51job.com/all/co4366292.html
jobs.51job.com/all/co4582730.html
jobs.51job.com/all/co4703664.html
jobs.51job.com/all/co3005495.html
jobs.51job.com/all/co4860345.html
jobs.51job.com/all/co2686908.html
jobs.51job.com/all/co2619076.html
jobs.51job.com/all/co4649096.html
jobs.51job.com/all/co4555161.html
jobs.51job.com/all/co2670676.html
jobs.51job.com/all/co3926736.html
jobs.51job.com/all/co2190018.html
jobs.51job.com/all/co4875147.html
jobs.51job.com/all/co4150218.html
jobs.51job.com/all/co3075974.html
jobs.51job.com/all/co2841090.html
jobs.51job.com/all/co1644339.html
jobs.51job.com/all/co313875.html
jobs.51job.com/all/co4250466.html
jobs.51job.com/all/co4911443.html
jobs.51job.com/all/co4585680.html
jobs.51job.com/all/co2961839.html
jobs.51job.com/all/co4592038.html
jobs.51job.com/all/co3643550.html
jobs.51job.com/all/co4128699.html
jobs.51job.com/all/co2243954.html
jobs.51job.com/all/co3817194.html
jobs.51job.com/all/co2596675.html
jobs.51job.com/all/co4341910.html
jobs.51job.com/all/co4776133.html
jobs.51job.com/all/co3766528.html
jobs.51job.com/all/co2685422.html
jobs.51job.com/all/co3937537.html
jobs.51job.com/all/co2531457.html
jobs.51job.com/all/co4561770.html
jobs.51job.com/all/co4372652.html
jobs.51job.com/all/co3657238.html
jobs.51job.com/all/co2137073.html
jobs.51job.com/all/co3140372.html
jobs.51job.com/all/co3218279.html
jobs.51job.com/all/co3604524.html
jobs.51job.com/all/co4201478.html
jobs.51job.com/all/co4457606.html
jobs.51job.com/all/co4237095.html
jobs.51job.com/all/co4004642.html
jobs.51job.com/all/co405407.html
jobs.51job.com/all/co4319327.html
jobs.51job.com/all/co3821073.html
jobs.51job.com/all/co4931208.html
jobs.51job.com/all/co3610158.html
jobs.51job.com/all/co4651248.html
jobs.51job.com/all/co4920404.html
jobs.51job.com/all/co209410.html
jobs.51job.com/all/co2749627.html
jobs.51job.com/all/co268894.html
jobs.51job.com/all/co4524701.html
jobs.51job.com/all/co4205808.html
jobs.51job.com/all/co4715161.html
jobs.51job.com/all/co3008098.html
jobs.51job.com/all/co3276898.html
jobs.51job.com/all/co3443185.html
jobs.51job.com/all/co4404249.html
jobs.51job.com/all/co4695797.html
jobs.51job.com/all/co2826760.html
jobs.51job.com/all/co2218298.html
jobs.51job.com/all/co2574961.html
jobs.51job.com/all/co2770892.html
jobs.51job.com/all/co4879671.html
jobs.51job.com/all/co3722320.html
jobs.51job.com/all/co3428886.html
jobs.51job.com/all/co2212912.html
jobs.51job.com/all/co3546130.html
jobs.51job.com/all/co4691632.html
jobs.51job.com/all/co3806433.html
jobs.51job.com/all/co4017413.html
jobs.51job.com/all/co2551354.html
jobs.51job.com/all/co2672353.html
jobs.51job.com/all/co3272794.html
jobs.51job.com/all/co189373.html
jobs.51job.com/all/co4771081.html
jobs.51job.com/all/co2612438.html
jobs.51job.com/all/co2708950.html
jobs.51job.com/all/co4862767.html
jobs.51job.com/all/co2575046.html
jobs.51job.com/all/co3834445.html
jobs.51job.com/all/co2646469.html
jobs.51job.com/all/co2270113.html
jobs.51job.com/all/co2880201.html
jobs.51job.com/all/co3102836.html
jobs.51job.com/all/co4761029.html
jobs.51job.com/all/co4443770.html
jobs.51job.com/all/co2354594.html
jobs.51job.com/all/co726938.html
jobs.51job.com/all/co2007859.html
jobs.51job.com/all/co4440204.html
jobs.51job.com/all/co4288841.html
jobs.51job.com/all/co2833077.html
jobs.51job.com/all/co4783513.html
jobs.51job.com/all/co3749927.html
jobs.51job.com/all/co2871426.html
jobs.51job.com/all/co4798699.html
jobs.51job.com/all/co2820292.html
jobs.51job.com/all/co4589127.html
jobs.51job.com/all/co4165401.html
jobs.51job.com/all/co2858104.html
jobs.51job.com/all/co3618749.html
jobs.51job.com/all/co4179959.html
jobs.51job.com/all/co3600578.html
jobs.51job.com/all/co4085084.html
jobs.51job.com/all/co2400341.html
jobs.51job.com/all/co3927699.html
jobs.51job.com/all/co4116817.html
jobs.51job.com/all/co4678565.html
jobs.51job.com/all/co2463404.html
jobs.51job.com/all/co1980864.html
jobs.51job.com/all/co4255771.html
jobs.51job.com/all/co2755279.html
jobs.51job.com/all/co2014970.html
jobs.51job.com/all/co2660353.html
jobs.51job.com/all/co2425662.html
jobs.51job.com/all/co4591328.html
jobs.51job.com/all/co4786472.html
jobs.51job.com/all/co349000.html
jobs.51job.com/all/co3845166.html
jobs.51job.com/all/co3649968.html
jobs.51job.com/all/co4351799.html
jobs.51job.com/all/co1007881.html
jobs.51job.com/all/co4239243.html
jobs.51job.com/all/co3960406.html
jobs.51job.com/all/co266356.html
jobs.51job.com/all/co3397371.html
jobs.51job.com/all/co2383297.html
jobs.51job.com/all/co272110.html
jobs.51job.com/all/co2162527.html
jobs.51job.com/all/co3296852.html
jobs.51job.com/all/co2128360.html
jobs.51job.com/all/co2286594.html
jobs.51job.com/all/co2282341.html
jobs.51job.com/all/co2644326.html
jobs.51job.com/all/co973945.html
jobs.51job.com/all/co4871500.html
jobs.51job.com/all/co2287263.html
jobs.51job.com/all/co4443564.html
jobs.51job.com/all/co3645991.html
hisun-pfizerjv.51job.com
jobs.51job.com/all/co3898219.html
jobs.51job.com/all/co4289649.html
jobs.51job.com/all/co2862038.html
jobs.51job.com/all/co4446530.html
jobs.51job.com/all/co4041601.html
jobs.51job.com/all/co243342.html
jobs.51job.com/all/co3093296.html
jobs.51job.com/all/co243336.html
jobs.51job.com/all/co4561355.html
jobs.51job.com/all/co299805.html
jobs.51job.com/all/co4917651.html
jobs.51job.com/all/co4318593.html
jobs.51job.com/all/co3829032.html
jobs.51job.com/all/co4120883.html
jobs.51job.com/all/co3842483.html
jobs.51job.com/all/co2737134.html
jobs.51job.com/all/co4702960.html
jobs.51job.com/all/co4920003.html
jobs.51job.com/all/co2421686.html
jobs.51job.com/all/co4869352.html
jobs.51job.com/all/co143367.html
jobs.51job.com/all/co3179815.html
jobs.51job.com/all/co4740774.html
jobs.51job.com/all/co4463905.html
jobs.51job.com/all/co3153394.html
jobs.51job.com/all/co3827456.html
jobs.51job.com/all/co2750569.html
jobs.51job.com/all/co4085907.html
jobs.51job.com/all/co4231409.html
jobs.51job.com/all/co3138561.html
jobs.51job.com/all/co3230101.html
jobs.51job.com/all/co1842779.html
jobs.51job.com/all/co3355747.html
jobs.51job.com/all/co2757603.html
jobs.51job.com/all/co2728319.html
jobs.51job.com/all/co4819846.html
jobs.51job.com/all/co2160069.html
jobs.51job.com/all/co2724621.html
jobs.51job.com/all/co2933825.html
jobs.51job.com/all/co526215.html
jobs.51job.com/all/co4182066.html
jobs.51job.com/all/co3704767.html
jobs.51job.com/all/co1731830.html
jobs.51job.com/all/co2698261.html
jobs.51job.com/all/co3804528.html
jobs.51job.com/all/co2476714.html
jobs.51job.com/all/co2705115.html
jobs.51job.com/all/co4663785.html
jobs.51job.com/all/co3964886.html
jobs.51job.com/all/co3177308.html
jobs.51job.com/all/co2014501.html
jobs.51job.com/all/co2203092.html
jobs.51job.com/all/co4908443.html
jobs.51job.com/all/co4868551.html
jobs.51job.com/all/co4776377.html
jobs.51job.com/all/co2920747.html
jobs.51job.com/all/co4506292.html
jobs.51job.com/all/co3946824.html
jobs.51job.com/all/co3965687.html
jobs.51job.com/all/co4140276.html
jobs.51job.com/all/co4684042.html
jobs.51job.com/all/co4943394.html
jobs.51job.com/all/co2860048.html
jobs.51job.com/all/co4137200.html
jobs.51job.com/all/co1228366.html
jobs.51job.com/all/co3416281.html
jobs.51job.com/all/co3240950.html
jobs.51job.com/all/co3596954.html
jobs.51job.com/all/co3964148.html
jobs.51job.com/all/co4806388.html
jobs.51job.com/all/co3371974.html
jobs.51job.com/all/co4117496.html
jobs.51job.com/all/co4313185.html
jobs.51job.com/all/co2489232.html
jobs.51job.com/all/co3633302.html
jobs.51job.com/all/co2920865.html
jobs.51job.com/all/co2521357.html
jobs.51job.com/all/co3623096.html
jobs.51job.com/all/co3864102.html
jobs.51job.com/all/co4433168.html
jobs.51job.com/all/co4936183.html
jobs.51job.com/all/co3925765.html
jobs.51job.com/all/co3530824.html
jobs.51job.com/all/co4540566.html
jobs.51job.com/all/co2817111.html
jobs.51job.com/all/co4028481.html
jobs.51job.com/all/co2263332.html
jobs.51job.com/all/co4851795.html
jobs.51job.com/all/co3444305.html
jobs.51job.com/all/co4813695.html
jobs.51job.com/all/co4238943.html
jobs.51job.com/all/co3943099.html
jobs.51job.com/all/co4462594.html
jobs.51job.com/all/co4829923.html
jobs.51job.com/all/co4389280.html
jobs.51job.com/all/co3739388.html
jobs.51job.com/all/co2898999.html
jobs.51job.com/all/co4497040.html
jobs.51job.com/all/co4740383.html
jobs.51job.com/all/co3005867.html
jobs.51job.com/all/co2014283.html
jobs.51job.com/all/co4547605.html
jobs.51job.com/all/co2898914.html
jobs.51job.com/all/co2454639.html
jobs.51job.com/all/co1045536.html
jobs.51job.com/all/co3589056.html
jobs.51job.com/all/co230722.html
jobs.51job.com/all/co3473625.html
jobs.51job.com/all/co2650.html
jobs.51job.com/all/co2541093.html
jobs.51job.com/all/co4766878.html
jobs.51job.com/all/co207044.html
jobs.51job.com/all/co4163958.html
jobs.51job.com/all/co2581971.html
jobs.51job.com/all/co2531783.html
jobs.51job.com/all/co3848425.html
jobs.51job.com/all/co4764394.html
jobs.51job.com/all/co3884216.html
jobs.51job.com/all/co4916795.html
jobs.51job.com/all/co4120403.html
jobs.51job.com/all/co2953593.html
jobs.51job.com/all/co3972123.html
jobs.51job.com/all/co3859848.html
jobs.51job.com/all/co219871.html
jobs.51job.com/all/co2752140.html
jobs.51job.com/all/co3296347.html
jobs.51job.com/all/co4945770.html
jobs.51job.com/all/co3223392.html
jobs.51job.com/all/co3646451.html
jobs.51job.com/all/co2750095.html
jobs.51job.com/all/co4702560.html
jobs.51job.com/all/co2680683.html
jobs.51job.com/all/co3287606.html
jobs.51job.com/all/co4268869.html
jobs.51job.com/all/co4651246.html
jobs.51job.com/all/co3681904.html
jobs.51job.com/all/co2355911.html
jobs.51job.com/all/co3980746.html
jobs.51job.com/all/co3072144.html
jobs.51job.com/all/co4845594.html
jobs.51job.com/all/co4534451.html
jobs.51job.com/all/co3072926.html
jobs.51job.com/all/co3878693.html
jobs.51job.com/all/co3316723.html
jobs.51job.com/all/co4395823.html
jobs.51job.com/all/co2848598.html
jobs.51job.com/all/co3167302.html
jobs.51job.com/all/co3886128.html
jobs.51job.com/all/co3217624.html
jobs.51job.com/all/co3648213.html
jobs.51job.com/all/co4129418.html
jobs.51job.com/all/co3222729.html
jobs.51job.com/all/co4347600.html
jobs.51job.com/all/co195588.html
jobs.51job.com/all/co4019336.html
jobs.51job.com/all/co2480219.html
jobs.51job.com/all/co2714812.html
jobs.51job.com/all/co2559527.html
jobs.51job.com/all/co743862.html
jobs.51job.com/all/co184262.html
jobs.51job.com/all/co4795544.html
jobs.51job.com/all/co2578924.html
jobs.51job.com/all/co4023389.html
jobs.51job.com/all/co2582724.html
jobs.51job.com/all/co2907548.html
jobs.51job.com/all/co3105834.html
jobs.51job.com/all/co4595197.html
jobs.51job.com/all/co964818.html
jobs.51job.com/all/co2170054.html
jobs.51job.com/all/co2530389.html
jobs.51job.com/all/co4449474.html
jobs.51job.com/all/co4516192.html
jobs.51job.com/all/co4573918.html
jobs.51job.com/all/co304867.html
jobs.51job.com/all/co3916503.html
jobs.51job.com/all/co3621662.html
jobs.51job.com/all/co4662004.html
jobs.51job.com/all/co1339558.html
jobs.51job.com/all/co4024919.html
jobs.51job.com/all/co3416848.html
jobs.51job.com/all/co4351999.html
jobs.51job.com/all/co4543106.html
jobs.51job.com/all/co3152765.html
jobs.51job.com/all/co101597.html
jobs.51job.com/all/co4903738.html
jobs.51job.com/all/co3836281.html
jobs.51job.com/all/co4160419.html
jobs.51job.com/all/co2213094.html
jobs.51job.com/all/co2301833.html
jobs.51job.com/all/co4780256.html
jobs.51job.com/all/co4068441.html
jobs.51job.com/all/co563288.html
jobs.51job.com/all/co438406.html
jobs.51job.com/all/co4071301.html
jobs.51job.com/all/co3373331.html
jobs.51job.com/all/co2281261.html
jobs.51job.com/all/co2782843.html
jobs.51job.com/all/co4372403.html
jobs.51job.com/all/co4128493.html
jobs.51job.com/all/co4861697.html
jobs.51job.com/all/co3692741.html
jobs.51job.com/all/co4904904.html
jobs.51job.com/all/co2756334.html
jobs.51job.com/all/co3219472.html
jobs.51job.com/all/co4814653.html
jobs.51job.com/all/co4749076.html
jobs.51job.com/all/co4478932.html
jobs.51job.com/all/co2220719.html
jobs.51job.com/all/co4737574.html
jobs.51job.com/all/co4164846.html
jobs.51job.com/all/co4684128.html
jobs.51job.com/all/co3831050.html
jobs.51job.com/all/co3081883.html
jobs.51job.com/all/co4585766.html
jobs.51job.com/all/co4658516.html
jobs.51job.com/all/co3321029.html
jobs.51job.com/all/co4049399.html
jobs.51job.com/all/co4284284.html
jobs.51job.com/all/co4261784.html
jobs.51job.com/all/co3163260.html
jobs.51job.com/all/co2036274.html
jobs.51job.com/all/co3131056.html
jobs.51job.com/all/co101900.html
jobs.51job.com/all/co3857618.html
jobs.51job.com/all/co2159430.html
jobs.51job.com/all/co123291.html
jobs.51job.com/all/co4656417.html
jobs.51job.com/all/co114531.html
jobs.51job.com/all/co4002606.html
jobs.51job.com/all/co4352554.html
jobs.51job.com/all/co3339515.html
jobs.51job.com/all/co3437705.html
jobs.51job.com/all/co4115350.html
jobs.51job.com/all/co4167593.html
jobs.51job.com/all/co2630697.html
jobs.51job.com/all/co4368106.html
jobs.51job.com/all/co468523.html
jobs.51job.com/all/co3765103.html
ldjt.51job.com/job_list2.php?company=2465146
jobs.51job.com/all/co4497084.html
jobs.51job.com/all/co4015298.html
jobs.51job.com/all/co2708705.html
jobs.51job.com/all/co2529250.html
jobs.51job.com/all/co4901496.html
jobs.51job.com/all/co2567042.html
jobs.51job.com/all/co4084470.html
jobs.51job.com/all/co4943767.html
jobs.51job.com/all/co4559069.html
jobs.51job.com/all/co2776677.html
jobs.51job.com/all/co3217448.html
jobs.51job.com/all/co4341314.html
jobs.51job.com/all/co4931534.html
jobs.51job.com/all/co4004177.html
jobs.51job.com/all/co4334693.html
jobs.51job.com/all/co3047825.html
jobs.51job.com/all/co4104699.html
jobs.51job.com/all/co2198856.html
jobs.51job.com/all/co4711212.html
jobs.51job.com/all/co3962356.html
jobs.51job.com/all/co2897647.html
jobs.51job.com/all/co2395238.html
jobs.51job.com/all/co4842221.html
jobs.51job.com/all/co2934287.html
jobs.51job.com/all/co4387237.html
jobs.51job.com/all/co4578049.html
jobs.51job.com/all/co4145729.html
jobs.51job.com/all/co4570028.html
jobs.51job.com/all/co3610872.html
jobs.51job.com/all/co196202.html
jobs.51job.com/all/co2661824.html
jobs.51job.com/all/co2936919.html
jobs.51job.com/all/co3840783.html
jobs.51job.com/all/co4682104.html
jobs.51job.com/all/co4197215.html
jobs.51job.com/all/co3817458.html
jobs.51job.com/all/co4861256.html
jobs.51job.com/all/co2818065.html
jobs.51job.com/all/co4861103.html
jobs.51job.com/all/co2501721.html
jobs.51job.com/all/co4398456.html
jobs.51job.com/all/co3992016.html
jobs.51job.com/all/co2569061.html
jobs.51job.com/all/co4696199.html
jobs.51job.com/all/co2471435.html
jobs.51job.com/all/co2754875.html
jobs.51job.com/all/co3237950.html
jobs.51job.com/all/co325763.html
jobs.51job.com/all/co4772520.html
jobs.51job.com/all/co3132685.html
jobs.51job.com/all/co4747601.html
jobs.51job.com/all/co3905900.html
jobs.51job.com/all/co1648273.html
jobs.51job.com/all/co3833785.html
jobs.51job.com/all/co2603487.html
jobs.51job.com/all/co2936951.html
jobs.51job.com/all/co4372857.html
jobs.51job.com/all/co2751146.html
jobs.51job.com/all/co548848.html
jobs.51job.com/all/co4157198.html
jobs.51job.com/all/co2724912.html
jobs.51job.com/all/co4583239.html
jobs.51job.com/all/co3670305.html
jobs.51job.com/all/co2749970.html
jobs.51job.com/all/co3718896.html
jobs.51job.com/all/co4570019.html
jobs.51job.com/all/co4915984.html
jobs.51job.com/all/co4440272.html
jobs.51job.com/all/co3064065.html
jobs.51job.com/all/co3164484.html
jobs.51job.com/all/co2327136.html
jobs.51job.com/all/co4618958.html
jobs.51job.com/all/co4567114.html
jobs.51job.com/all/co3545804.html
jobs.51job.com/all/co3853596.html
jobs.51job.com/all/co4493673.html
jobs.51job.com/all/co4325154.html
jobs.51job.com/all/co4768477.html
jobs.51job.com/all/co4435777.html
jobs.51job.com/all/co2821414.html
jobs.51job.com/all/co2524154.html
jobs.51job.com/all/co4756740.html
jobs.51job.com/all/co4281814.html
jobs.51job.com/all/co2326587.html
jobs.51job.com/all/co3672894.html
jobs.51job.com/all/co4609135.html
jobs.51job.com/all/co4859361.html
jobs.51job.com/all/co108920.html
jobs.51job.com/all/co2409501.html
jobs.51job.com/all/co4784254.html
jobs.51job.com/all/co2657188.html
jobs.51job.com/all/co2642843.html
jobs.51job.com/all/co4091050.html
jobs.51job.com/all/co4209578.html
jobs.51job.com/all/co4427462.html
jobs.51job.com/all/co4809911.html
jobs.51job.com/all/co2808874.html
jobs.51job.com/all/co3889175.html
jobs.51job.com/all/co2882222.html
jobs.51job.com/all/co2993567.html
jobs.51job.com/all/co3945705.html
jobs.51job.com/all/co4543299.html
jobs.51job.com/all/co677836.html
jobs.51job.com/all/co2757922.html
jobs.51job.com/all/co4443457.html
jobs.51job.com/all/co4327156.html
jobs.51job.com/all/co4469677.html
jobs.51job.com/all/co4477519.html
jobs.51job.com/all/co4908007.html
jobs.51job.com/all/co4874266.html
jobs.51job.com/all/co4643017.html
jobs.51job.com/all/co2871054.html
jobs.51job.com/all/co4334546.html
jobs.51job.com/all/co3020951.html
jobs.51job.com/all/co3813598.html
jobs.51job.com/all/co4689907.html
jobs.51job.com/all/co2319234.html
jobs.51job.com/all/co2872038.html
jobs.51job.com/all/co4240492.html
jobs.51job.com/all/co682235.html
jobs.51job.com/all/co4865704.html
jobs.51job.com/all/co4132876.html
jobs.51job.com/all/co2505527.html
jobs.51job.com/all/co3900886.html
jobs.51job.com/all/co4202368.html
jobs.51job.com/all/co3172581.html
jobs.51job.com/all/co4121185.html
jobs.51job.com/all/co4891083.html
jobs.51job.com/all/co4648071.html
jobs.51job.com/all/co4835775.html
jobs.51job.com/all/co4868990.html
jobs.51job.com/all/co199137.html
jobs.51job.com/all/co3927486.html
jobs.51job.com/all/co3317446.html
jobs.51job.com/all/co4846643.html
jobs.51job.com/all/co4669726.html
jobs.51job.com/all/co4757519.html
jobs.51job.com/all/co4756495.html
jobs.51job.com/all/co4756477.html
jobs.51job.com/all/co4877000.html
jobs.51job.com/all/co3897708.html
jobs.51job.com/all/co4657219.html
jobs.51job.com/all/co4006637.html
jobs.51job.com/all/co3153610.html
jobs.51job.com/all/co4920866.html
jobs.51job.com/all/co2540092.html
jobs.51job.com/all/co3861988.html
jobs.51job.com/all/co3239782.html
jobs.51job.com/all/co3227234.html
jobs.51job.com/all/co2960056.html
jobs.51job.com/all/co3415130.html
jobs.51job.com/all/co4455303.html
jobs.51job.com/all/co2783902.html
jobs.51job.com/all/co4676886.html
jobs.51job.com/all/co3986091.html
jobs.51job.com/all/co2914965.html
jobs.51job.com/all/co4314397.html
jobs.51job.com/all/co3943674.html
jobs.51job.com/all/co4401792.html
jobs.51job.com/all/co2678538.html
jobs.51job.com/all/co4883190.html
jobs.51job.com/all/co4902118.html
jobs.51job.com/all/co2801103.html
jobs.51job.com/all/co3857092.html
jobs.51job.com/all/co3799243.html
jobs.51job.com/all/co3397246.html
jobs.51job.com/all/co2805222.html
jobs.51job.com/all/co4506466.html
jobs.51job.com/all/co4921830.html
jobs.51job.com/all/co2191801.html
jobs.51job.com/all/co3202329.html
jobs.51job.com/all/co4001446.html
jobs.51job.com/all/co2975078.html
jobs.51job.com/all/co4225231.html
jobs.51job.com/all/co2769378.html
jobs.51job.com/all/co3498449.html
jobs.51job.com/all/co2866993.html
jobs.51job.com/all/co3884279.html
jobs.51job.com/all/co4096501.html
jobs.51job.com/all/co4731031.html
jobs.51job.com/all/co4479050.html
jobs.51job.com/all/co4859068.html
jobs.51job.com/all/co3469680.html
jobs.51job.com/all/co3806412.html
jobs.51job.com/all/co3687546.html
jobs.51job.com/all/co4855169.html
jobs.51job.com/all/co2386253.html
jobs.51job.com/all/co2512336.html
jobs.51job.com/all/co2350101.html
jobs.51job.com/all/co198906.html
jobs.51job.com/all/co4850194.html
jobs.51job.com/all/co4725926.html
jobs.51job.com/all/co3963929.html
jobs.51job.com/all/co3388768.html
jobs.51job.com/all/co3401223.html
jobs.51job.com/all/co4717475.html
jobs.51job.com/all/co3399922.html
jobs.51job.com/all/co4784463.html
jobs.51job.com/all/co1986272.html
jobs.51job.com/all/co4901440.html
zjsj.51job.com/
jobs.51job.com/all/co4742319.html
jobs.51job.com/all/co2937938.html
jobs.51job.com/all/co2488925.html
jobs.51job.com/all/co4033481.html
jobs.51job.com/all/co4647525.html
jobs.51job.com/all/co3291960.html
jobs.51job.com/all/co2843411.html
jobs.51job.com/all/co4302653.html
jobs.51job.com/all/co4489539.html
jobs.51job.com/all/co3404231.html
jobs.51job.com/all/co4304434.html
jobs.51job.com/all/co2704950.html
jobs.51job.com/all/co2546282.html
jobs.51job.com/all/co4644534.html
jobs.51job.com/all/co4874497.html
jobs.51job.com/all/co3790055.html
jobs.51job.com/all/co3934930.html
jobs.51job.com/all/co3736396.html
jobs.51job.com/all/co4093825.html
jobs.51job.com/all/co3356361.html
jobs.51job.com/all/co3612833.html
jobs.51job.com/all/co4827285.html
jobs.51job.com/all/co3926485.html
jobs.51job.com/all/co3576474.html
jobs.51job.com/all/co3886577.html
jobs.51job.com/all/co4203151.html
jobs.51job.com/all/co2702332.html
jobs.51job.com/all/co4436382.html
jobs.51job.com/all/co3883757.html
jobs.51job.com/all/co3029034.html
jobs.51job.com/all/co2325238.html
jobs.51job.com/all/co3519114.html
jobs.51job.com/all/co3285612.html
jobs.51job.com/all/co4884143.html
jobs.51job.com/all/co4754690.html
jobs.51job.com/all/co2528984.html
jobs.51job.com/all/co3796239.html
jobs.51job.com/all/co430624.html
jobs.51job.com/all/co2777136.html
jobs.51job.com/all/co4664056.html
jobs.51job.com/all/co3722506.html
jobs.51job.com/all/co3429512.html
jobs.51job.com/all/co1345116.html
jobs.51job.com/all/co3950348.html
jobs.51job.com/all/co4876163.html
jobs.51job.com/all/co3951305.html
jobs.51job.com/all/co989382.html
jobs.51job.com/all/co3004151.html
jobs.51job.com/all/co2742977.html
jobs.51job.com/all/co4696474.html
jobs.51job.com/all/co3927880.html
jobs.51job.com/all/co4441371.html
jobs.51job.com/all/co3876745.html
jobs.51job.com/all/co3971296.html
jobs.51job.com/all/co4775200.html
jobs.51job.com/all/co3853131.html
jobs.51job.com/all/co4645559.html
jobs.51job.com/all/co3986530.html
jobs.51job.com/all/co2424707.html
jobs.51job.com/all/co3969478.html
jobs.51job.com/all/co11866.html
jobs.51job.com/all/co3302460.html
jobs.51job.com/all/co1422804.html
jobs.51job.com/all/co3738626.html
jobs.51job.com/all/co3152523.html
jobs.51job.com/all/co4779059.html
jobs.51job.com/all/co3407637.html
jobs.51job.com/all/co4625689.html
jobs.51job.com/all/co2542858.html
jobs.51job.com/all/co4556883.html
jobs.51job.com/all/co2929991.html
jobs.51job.com/all/co3130995.html
jobs.51job.com/all/co3181577.html
jobs.51job.com/all/co2788260.html
jobs.51job.com/all/co3859817.html
jobs.51job.com/all/co4385206.html
jobs.51job.com/all/co3178140.html
jobs.51job.com/all/co4655075.html
jobs.51job.com/all/co4208716.html
jobs.51job.com/all/co3059729.html
jobs.51job.com/all/co2772353.html
jobs.51job.com/all/co3537407.html
jobs.51job.com/all/co3591105.html
jobs.51job.com/all/co3562813.html
jobs.51job.com/all/co3370227.html
jobs.51job.com/all/co3198915.html
jobs.51job.com/all/co3853451.html
jobs.51job.com/all/co3765083.html
jobs.51job.com/all/co4748006.html
jobs.51job.com/all/co4241563.html
jobs.51job.com/all/co4875565.html
jobs.51job.com/all/co4823438.html
jobs.51job.com/all/co4317175.html
jobs.51job.com/all/co4771819.html
jobs.51job.com/all/co2861539.html
jobs.51job.com/all/co4571234.html
jobs.51job.com/all/co119049.html
jobs.51job.com/all/co3569777.html
jobs.51job.com/all/co4246613.html
jobs.51job.com/all/co4015355.html
jobs.51job.com/all/co2217191.html
jobs.51job.com/all/co4703250.html
jobs.51job.com/all/co1991726.html
jobs.51job.com/all/co4656261.html
jobs.51job.com/all/co940749.html
jobs.51job.com/all/co2126349.html
jobs.51job.com/all/co4233111.html
jobs.51job.com/all/co4520931.html
jobs.51job.com/all/co2960570.html
jobs.51job.com/all/co4784194.html
jobs.51job.com/all/co3203083.html
jobs.51job.com/all/co4551903.html
jobs.51job.com/all/co4212432.html
jobs.51job.com/all/co4760396.html
jobs.51job.com/all/co4070243.html
jobs.51job.com/all/co3560327.html
jobs.51job.com/all/co4847373.html
jobs.51job.com/all/co3543184.html
jobs.51job.com/all/co4399413.html
jobs.51job.com/all/co316507.html
jobs.51job.com/all/co3495307.html
jobs.51job.com/all/co2930796.html
jobs.51job.com/all/co4322015.html
jobs.51job.com/all/co4837600.html
jobs.51job.com/all/co2182906.html
jobs.51job.com/all/co3283276.html
jobs.51job.com/all/co4272890.html
jobs.51job.com/all/co4098988.html
jobs.51job.com/all/co3309188.html
jobs.51job.com/all/co3063016.html
jobs.51job.com/all/co4851003.html
jobs.51job.com/all/co3663085.html
jobs.51job.com/all/co3150882.html
jobs.51job.com/all/co284156.html
jobs.51job.com/all/co4715115.html
jobs.51job.com/all/co4329365.html
jobs.51job.com/all/co3960907.html
jobs.51job.com/all/co4806457.html
jobs.51job.com/all/co4159914.html
jobs.51job.com/all/co4093264.html
jobs.51job.com/all/co4093264.html
jobs.51job.com/all/co307597.html
jobs.51job.com/all/co4929719.html
jobs.51job.com/all/co242314.html
jobs.51job.com/all/co2989696.html
jobs.51job.com/all/co3929902.html
jobs.51job.com/all/co3929902.html
jobs.51job.com/all/co3929902.html
jobs.51job.com/all/co3929902.html
jobs.51job.com/all/co3929902.html
jobs.51job.com/all/co3009992.html
jobs.51job.com/all/co3788259.html
jobs.51job.com/all/co3326421.html
jobs.51job.com/all/co3326421.html
jobs.51job.com/all/co3189240.html
jobs.51job.com/all/co2623771.html
jobs.51job.com/all/co2623771.html
jobs.51job.com/all/co2623771.html
jobs.51job.com/all/co4763578.html
jobs.51job.com/all/co4757491.html
jobs.51job.com/all/co3381640.html
jobs.51job.com/all/co3985955.html
jobs.51job.com/all/co3985955.html
jobs.51job.com/all/co2827749.html
jobs.51job.com/all/co3867262.html
jobs.51job.com/all/co3867262.html
jobs.51job.com/all/co3867262.html
jobs.51job.com/all/co3867262.html
jobs.51job.com/all/co3867262.html
jobs.51job.com/all/co3867262.html
jobs.51job.com/all/co4757491.html
jobs.51job.com/all/co4636264.html
jobs.51job.com/all/co4064041.html
jobs.51job.com/all/co4457317.html
jobs.51job.com/all/co3022396.html
jobs.51job.com/all/co4868625.html
jobs.51job.com/all/co3811125.html
jobs.51job.com/all/co3054321.html
jobs.51job.com/all/co3062786.html
jobs.51job.com/all/co3062786.html
jobs.51job.com/all/co3062786.html
jobs.51job.com/all/co3939677.html
jobs.51job.com/all/co3939677.html
jobs.51job.com/all/co3939677.html
jobs.51job.com/all/co3939677.html
jobs.51job.com/all/co3770577.html
jobs.51job.com/all/co3770577.html
jobs.51job.com/all/co4463921.html
jobs.51job.com/all/co4231201.html
jobs.51job.com/all/co4231201.html
jobs.51job.com/all/co4231201.html
jobs.51job.com/all/co4231201.html
jobs.51job.com/all/co4231201.html
jobs.51job.com/all/co4231201.html
jobs.51job.com/all/co4231201.html
jobs.51job.com/all/co4231201.html
jobs.51job.com/all/co4231201.html
jobs.51job.com/all/co4231201.html
jobs.51job.com/all/co4231201.html
jobs.51job.com/all/co4231201.html
jobs.51job.com/all/co4231201.html
jobs.51job.com/all/co3699605.html
jobs.51job.com/all/co4002318.html
jobs.51job.com/all/co4002318.html
jobs.51job.com/all/co4854607.html
jobs.51job.com/all/co4941937.html
jobs.51job.com/all/co4307156.html
jobs.51job.com/all/co3947859.html
jobs.51job.com/all/co2727946.html
jobs.51job.com/all/co2727946.html
jobs.51job.com/all/co2727946.html
jobs.51job.com/all/co4763520.html
jobs.51job.com/all/co4763520.html
jobs.51job.com/all/co4763520.html
jobs.51job.com/all/co4763520.html
jobs.51job.com/all/co4763520.html
jobs.51job.com/all/co582760.html
jobs.51job.com/all/co582760.html
jobs.51job.com/all/co2523192.html
jobs.51job.com/all/co2523192.html
jobs.51job.com/all/co2523192.html
jobs.51job.com/all/co2922664.html
jobs.51job.com/all/co2679697.html
jobs.51job.com/all/co2826138.html
jobs.51job.com/all/co2681432.html
jobs.51job.com/all/co4092861.html
jobs.51job.com/all/co4001480.html
jobs.51job.com/all/co2922664.html
jobs.51job.com/all/co2922664.html
jobs.51job.com/all/co4021081.html
jobs.51job.com/all/co3682678.html
jobs.51job.com/all/co4094001.html
jobs.51job.com/all/co3947859.html
jobs.51job.com/all/co4786450.html
jobs.51job.com/all/co3276181.html
jobs.51job.com/all/co3276181.html
jobs.51job.com/all/co3791251.html
jobs.51job.com/all/co3899261.html
jobs.51job.com/all/co4555070.html
jobs.51job.com/all/co4555070.html
jobs.51job.com/all/co3224954.html
jobs.51job.com/all/co4064041.html
jobs.51job.com/all/co3992353.html
jobs.51job.com/all/co2072128.html
jobs.51job.com/all/co2072128.html
jobs.51job.com/all/co2072128.html
jobs.51job.com/all/co307597.html
jobs.51job.com/all/co3992353.html
jobs.51job.com/all/co3992353.html
jobs.51job.com/all/co3958882.html
jobs.51job.com/all/co3958882.html
jobs.51job.com/all/co3958882.html
jobs.51job.com/all/co3186353.html
jobs.51job.com/all/co2072128.html
jobs.51job.com/all/co2072128.html
jobs.51job.com/all/co307597.html
jobs.51job.com/all/co2429293.html
jobs.51job.com/all/co3871378.html
jobs.51job.com/all/co2758332.html
jobs.51job.com/all/co2758332.html
jobs.51job.com/all/co2758332.html
jobs.51job.com/all/co2758332.html
jobs.51job.com/all/co2758332.html
jobs.51job.com/all/co2758332.html
jobs.51job.com/all/co2853165.html
jobs.51job.com/all/co2853165.html
jobs.51job.com/all/co2853165.html
jobs.51job.com/all/co2853165.html
jobs.51job.com/all/co2853165.html
jobs.51job.com/all/co4233785.html
jobs.51job.com/all/co3202497.html
jobs.51job.com/all/co3202497.html
jobs.51job.com/all/co3202497.html
jobs.51job.com/all/co3202497.html
jobs.51job.com/all/co3952180.html
jobs.51job.com/all/co4538349.html
jobs.51job.com/all/co4538349.html
jobs.51job.com/all/co4538349.html
jobs.51job.com/all/co4538349.html
jobs.51job.com/all/co4538349.html
jobs.51job.com/all/co4538349.html
jobs.51job.com/all/co4538349.html
jobs.51job.com/all/co4538349.html
jobs.51job.com/all/co4538349.html
jobs.51job.com/all/co2614885.html
jobs.51job.com/all/co2237028.html
jobs.51job.com/all/co4021081.html
jobs.51job.com/all/co2620796.html
jobs.51job.com/all/co2620796.html
jobs.51job.com/all/co2620796.html
jobs.51job.com/all/co2620796.html
jobs.51job.com/all/co2620796.html
jobs.51job.com/all/co2620796.html
jobs.51job.com/all/co2620796.html
jobs.51job.com/all/co2923284.html
jobs.51job.com/all/co2923284.html
jobs.51job.com/all/co2923284.html
jobs.51job.com/all/co2888850.html
jobs.51job.com/all/co2888850.html
jobs.51job.com/all/co4646675.html
jobs.51job.com/all/co4646675.html
jobs.51job.com/all/co4646675.html
jobs.51job.com/all/co4646675.html
jobs.51job.com/all/co4252790.html
jobs.51job.com/all/co4252790.html
jobs.51job.com/all/co2261890.html
jobs.51job.com/all/co2261890.html
jobs.51job.com/all/co4296555.html
jobs.51job.com/all/co4296555.html
jobs.51job.com/all/co4098930.html
jobs.51job.com/all/co4098930.html
jobs.51job.com/all/co4098930.html
jobs.51job.com/all/co4098930.html
jobs.51job.com/all/co4098930.html
jobs.51job.com/all/co1992633.html
jobs.51job.com/all/co1992633.html
jobs.51job.com/all/co1992633.html
jobs.51job.com/all/co1992633.html
jobs.51job.com/all/co3295007.html
jobs.51job.com/all/co3295007.html
jobs.51job.com/all/co3295007.html
jobs.51job.com/all/co3295007.html
jobs.51job.com/all/co4920623.html
jobs.51job.com/all/co4838058.html
jobs.51job.com/all/co4838058.html
jobs.51job.com/all/co2117750.html
jobs.51job.com/all/co2117750.html
jobs.51job.com/all/co4209235.html
jobs.51job.com/all/co4209235.html
jobs.51job.com/all/co2499757.html
jobs.51job.com/all/co2499757.html
jobs.51job.com/all/co2499757.html
jobs.51job.com/all/co2499757.html
jobs.51job.com/all/co2499757.html
jobs.51job.com/all/co3713417.html
jobs.51job.com/all/co3713417.html
jobs.51job.com/all/co3558706.html
jobs.51job.com/all/co4551938.html
jobs.51job.com/all/co2664570.html
jobs.51job.com/all/co2664570.html
jobs.51job.com/all/co2664570.html
jobs.51job.com/all/co3923549.html
jobs.51job.com/all/co3923549.html
jobs.51job.com/all/co242314.html
jobs.51job.com/all/co242314.html
jobs.51job.com/all/co242314.html
jobs.51job.com/all/co242314.html
jobs.51job.com/all/co242314.html
jobs.51job.com/all/co3947859.html
jobs.51job.com/all/co3947859.html
jobs.51job.com/all/co3947859.html
jobs.51job.com/all/co3947859.html
jobs.51job.com/all/co3947859.html
jobs.51job.com/all/co2444136.html
jobs.51job.com/all/co2444136.html
jobs.51job.com/all/co2444136.html
jobs.51job.com/all/co2727946.html
jobs.51job.com/all/co2727946.html
jobs.51job.com/all/co2444136.html
jobs.51job.com/all/co504284.html
jobs.51job.com/all/co504284.html
jobs.51job.com/all/co504284.html
jobs.51job.com/all/co3710834.html
jobs.51job.com/all/co3710834.html
jobs.51job.com/all/co3710834.html
jobs.51job.com/all/co2989696.html
jobs.51job.com/all/co2989696.html
jobs.51job.com/all/co2989696.html
jobs.51job.com/all/co283054.html
jobs.51job.com/all/co283054.html
jobs.51job.com/all/co283054.html
jobs.51job.com/all/co283054.html
jobs.51job.com/all/co467960.html
jobs.51job.com/all/co467960.html
jobs.51job.com/all/co467960.html
jobs.51job.com/all/co3225459.html
jobs.51job.com/all/co467960.html
jobs.51job.com/all/co467960.html
jobs.51job.com/all/co467960.html
jobs.51job.com/all/co467960.html
jobs.51job.com/all/co4202120.html
jobs.51job.com/all/co4449740.html
jobs.51job.com/all/co1232652.html
jobs.51job.com/all/co3929902.html
jobs.51job.com/all/co3929902.html
jobs.51job.com/all/co3929902.html
jobs.51job.com/all/co3929902.html
jobs.51job.com/all/co3929902.html
jobs.51job.com/all/co3929902.html
jobs.51job.com/all/co3929902.html
jobs.51job.com/all/co3929902.html
jobs.51job.com/all/co3929902.html
jobs.51job.com/all/co3929902.html
jobs.51job.com/all/co3929902.html
jobs.51job.com/all/co3929902.html
jobs.51job.com/all/co3929902.html
jobs.51job.com/all/co3929902.html
jobs.51job.com/all/co3929902.html
jobs.51job.com/all/co3929902.html
jobs.51job.com/all/co3929902.html
jobs.51job.com/all/co3929902.html
jobs.51job.com/all/co3929902.html
jobs.51job.com/all/co3929902.html
jobs.51job.com/all/co3929902.html
jobs.51job.com/all/co3929902.html
jobs.51job.com/all/co3929902.html
jobs.51job.com/all/co3929902.html
jobs.51job.com/all/co3929902.html
jobs.51job.com/all/co3929902.html
jobs.51job.com/all/co3929902.html
jobs.51job.com/all/co3929902.html
jobs.51job.com/all/co3929902.html
jobs.51job.com/all/co3929902.html
jobs.51job.com/all/co3929902.html
jobs.51job.com/all/co3929902.html
jobs.51job.com/all/co3929902.html
jobs.51job.com/all/co3929902.html
jobs.51job.com/all/co3929902.html
jobs.51job.com/all/co3929902.html
jobs.51job.com/all/co3929902.html
jobs.51job.com/all/co3929902.html
jobs.51job.com/all/co3929902.html
jobs.51job.com/all/co3929902.html
jobs.51job.com/all/co3556099.html
jobs.51job.com/all/co3556099.html
jobs.51job.com/all/co2591761.html
jobs.51job.com/all/co3118667.html
jobs.51job.com/all/co3118667.html
jobs.51job.com/all/co2632072.html
jobs.51job.com/all/co2632072.html
jobs.51job.com/all/co173685.html
jobs.51job.com/all/co4919386.html
jobs.51job.com/all/co4533770.html
jobs.51job.com/all/co3941050.html
jobs.51job.com/all/co4533770.html
jobs.51job.com/all/co4533770.html
jobs.51job.com/all/co4533770.html
jobs.51job.com/all/co4444102.html
jobs.51job.com/all/co2959928.html
jobs.51job.com/all/co4624464.html
jobs.51job.com/all/co2959928.html
jobs.51job.com/all/co2959928.html
jobs.51job.com/all/co2959928.html
jobs.51job.com/all/co3096383.html
jobs.51job.com/all/co4746675.html
jobs.51job.com/all/co4433917.html
jobs.51job.com/all/co1739855.html
jobs.51job.com/all/co1739855.html
jobs.51job.com/all/co1739855.html
jobs.51job.com/all/co4786450.html
jobs.51job.com/all/co4786450.html
jobs.51job.com/all/co4786450.html
jobs.51job.com/all/co4786450.html
jobs.51job.com/all/co3942931.html
jobs.51job.com/all/co3942931.html
jobs.51job.com/all/co2408148.html
jobs.51job.com/all/co2408148.html
jobs.51job.com/all/co2918328.html
jobs.51job.com/all/co2225467.html
jobs.51job.com/all/co2225467.html
jobs.51job.com/all/co2225467.html
jobs.51job.com/all/co2406755.html
jobs.51job.com/all/co2406755.html
jobs.51job.com/all/co2406755.html
jobs.51job.com/all/co390544.html
jobs.51job.com/all/co390544.html
jobs.51job.com/all/co4574340.html
jobs.51job.com/all/co4574340.html
jobs.51job.com/all/co2332641.html
jobs.51job.com/all/co2332641.html
jobs.51job.com/all/co4363800.html
jobs.51job.com/all/co4691755.html
jobs.51job.com/all/co2581294.html
jobs.51job.com/all/co2581294.html
jobs.51job.com/all/co2581294.html
jobs.51job.com/all/co2581294.html
jobs.51job.com/all/co2581294.html
jobs.51job.com/all/co2581294.html
jobs.51job.com/all/co3061875.html
jobs.51job.com/all/co2500790.html
jobs.51job.com/all/co2500790.html
jobs.51job.com/all/co3469175.html
jobs.51job.com/all/co4941937.html
jobs.51job.com/all/co3009992.html
jobs.51job.com/all/co3009992.html
jobs.51job.com/all/co3788259.html
jobs.51job.com/all/co4033010.html
jobs.51job.com/all/co4033010.html
jobs.51job.com/all/co2865028.html
jobs.51job.com/all/co2865028.html
jobs.51job.com/all/co2865028.html
jobs.51job.com/all/co3592307.html
jobs.51job.com/all/co2865028.html
jobs.51job.com/all/co2865028.html
jobs.51job.com/all/co2865028.html
jobs.51job.com/all/co2817084.html
jobs.51job.com/all/co2817084.html
jobs.51job.com/all/co4698207.html
jobs.51job.com/all/co4698207.html
jobs.51job.com/all/co4698207.html
jobs.51job.com/all/co4698207.html
jobs.51job.com/all/co916229.html
jobs.51job.com/all/co3076836.html
jobs.51job.com/all/co2295893.html
jobs.51job.com/all/co2295893.html
jobs.51job.com/all/co3604612.html
jobs.51job.com/all/co4582730.html
jobs.51job.com/all/co3005495.html
jobs.51job.com/all/co3005495.html
jobs.51job.com/all/co4860345.html
jobs.51job.com/all/co4860345.html
jobs.51job.com/all/co4860345.html
jobs.51job.com/all/co4860345.html
jobs.51job.com/all/co4649096.html
jobs.51job.com/all/co4649096.html
jobs.51job.com/all/co4555161.html
jobs.51job.com/all/co3926736.html
jobs.51job.com/all/co4372739.html
jobs.51job.com/all/co4875147.html
jobs.51job.com/all/co4875147.html
jobs.51job.com/all/co4150218.html
jobs.51job.com/all/co1644339.html
jobs.51job.com/all/co4250466.html
jobs.51job.com/all/co4250466.html
jobs.51job.com/all/co4585680.html
jobs.51job.com/all/co705024.html
jobs.51job.com/all/co3643550.html
jobs.51job.com/all/co3643550.html
jobs.51job.com/all/co3643550.html
jobs.51job.com/all/co3643550.html
jobs.51job.com/all/co3643550.html
jobs.51job.com/all/co3643550.html
jobs.51job.com/all/co3643550.html
jobs.51job.com/all/co3643550.html
jobs.51job.com/all/co3643550.html
jobs.51job.com/all/co3643550.html
jobs.51job.com/all/co3643550.html
jobs.51job.com/all/co3643550.html
jobs.51job.com/all/co3643550.html
jobs.51job.com/all/co2596675.html
jobs.51job.com/all/co2596675.html
jobs.51job.com/all/co3766528.html
jobs.51job.com/all/co3766528.html
jobs.51job.com/all/co2685422.html
jobs.51job.com/all/co4589209.html
jobs.51job.com/all/co3657238.html
jobs.51job.com/all/co3657238.html
jobs.51job.com/all/co3604524.html
jobs.51job.com/all/co2736420.html
jobs.51job.com/all/co2736420.html
jobs.51job.com/all/co4004642.html
jobs.51job.com/all/co4004642.html
jobs.51job.com/all/co3054321.html
jobs.51job.com/all/co3821073.html
jobs.51job.com/all/co4920404.html
jobs.51job.com/all/co4920404.html
jobs.51job.com/all/co268894.html
jobs.51job.com/all/co4524701.html
jobs.51job.com/all/co4524701.html
jobs.51job.com/all/co4715161.html
jobs.51job.com/all/co4021510.html
jobs.51job.com/all/co3008098.html
jobs.51job.com/all/co3008098.html
jobs.51job.com/all/co3008098.html
jobs.51job.com/all/co2693830.html
jobs.51job.com/all/co3276898.html
jobs.51job.com/all/co3276898.html
jobs.51job.com/all/co3428886.html
jobs.51job.com/all/co3428886.html
jobs.51job.com/all/co3428886.html
jobs.51job.com/all/co3428886.html
jobs.51job.com/all/co3428886.html
jobs.51job.com/all/co2212912.html
jobs.51job.com/all/co2212912.html
jobs.51job.com/all/co3428886.html
jobs.51job.com/all/co3428886.html
jobs.51job.com/all/co3428886.html
jobs.51job.com/all/co3428886.html
jobs.51job.com/all/co3428886.html
jobs.51job.com/all/co3428886.html
jobs.51job.com/all/co3428886.html
jobs.51job.com/all/co3428886.html
jobs.51job.com/all/co3428886.html
jobs.51job.com/all/co3428886.html
jobs.51job.com/all/co3428886.html
jobs.51job.com/all/co3428886.html
jobs.51job.com/all/co3428886.html
jobs.51job.com/all/co3428886.html
jobs.51job.com/all/co3428886.html
jobs.51job.com/all/co2551354.html
jobs.51job.com/all/co2551354.html
jobs.51job.com/all/co2551354.html
jobs.51job.com/all/co2551354.html
jobs.51job.com/all/co2551354.html
jobs.51job.com/all/co2551354.html
jobs.51job.com/all/co3272794.html
jobs.51job.com/all/co4771081.html
jobs.51job.com/all/co4771081.html
jobs.51job.com/all/co4771081.html
jobs.51job.com/all/co4307156.html
jobs.51job.com/all/co4307156.html
jobs.51job.com/all/co4307156.html
jobs.51job.com/all/co2575046.html
jobs.51job.com/all/co3809259.html
jobs.51job.com/all/co3420179.html
jobs.51job.com/all/co3102836.html
jobs.51job.com/all/co3102836.html
jobs.51job.com/all/co3809259.html
jobs.51job.com/all/co2354594.html
jobs.51job.com/all/co2007859.html
jobs.51job.com/all/co135210.html
jobs.51job.com/all/co4783513.html
jobs.51job.com/all/co4783513.html
jobs.51job.com/all/co4783513.html
jobs.51job.com/all/co3749927.html
jobs.51job.com/all/co3749927.html
jobs.51job.com/all/co3749927.html
jobs.51job.com/all/co3749927.html
jobs.51job.com/all/co2670771.html
jobs.51job.com/all/co2670771.html
jobs.51job.com/all/co2670771.html
jobs.51job.com/all/co4589127.html
jobs.51job.com/all/co4179959.html
jobs.51job.com/all/co4085084.html
jobs.51job.com/all/co4085084.html
jobs.51job.com/all/co3927699.html
jobs.51job.com/all/co3927699.html
jobs.51job.com/all/co2463404.html
jobs.51job.com/all/co1980864.html
jobs.51job.com/all/co4255771.html
jobs.51job.com/all/co4255771.html
jobs.51job.com/all/co2633687.html
jobs.51job.com/all/co2633687.html
jobs.51job.com/all/co2633687.html
jobs.51job.com/all/co2633687.html
jobs.51job.com/all/co2633687.html
jobs.51job.com/all/co2633687.html
jobs.51job.com/all/co4591328.html
jobs.51job.com/all/co349000.html
jobs.51job.com/all/co3845166.html
jobs.51job.com/all/co3845166.html
jobs.51job.com/all/co3845166.html
jobs.51job.com/all/co3845166.html
jobs.51job.com/all/co3845166.html
jobs.51job.com/all/co3845166.html
jobs.51job.com/all/co3845166.html
jobs.51job.com/all/co3189240.html
jobs.51job.com/all/co3189240.html
jobs.51job.com/all/co3189240.html
jobs.51job.com/all/co4351799.html
jobs.51job.com/all/co4351799.html
jobs.51job.com/all/co4351799.html
jobs.51job.com/all/co3177840.html
jobs.51job.com/all/co3177840.html
jobs.51job.com/all/co3177840.html
jobs.51job.com/all/co3177840.html
jobs.51job.com/all/co4239243.html
jobs.51job.com/all/co4239243.html
jobs.51job.com/all/co4239243.html
jobs.51job.com/all/co4239243.html
jobs.51job.com/all/co4239243.html
jobs.51job.com/all/co4239243.html
jobs.51job.com/all/co4239243.html
jobs.51job.com/all/co4239243.html
jobs.51job.com/all/co4239243.html
jobs.51job.com/all/co2457681.html
jobs.51job.com/all/co266356.html
jobs.51job.com/all/co266356.html
jobs.51job.com/all/co266356.html
jobs.51job.com/all/co2383297.html
jobs.51job.com/all/co272110.html
jobs.51job.com/all/co4423750.html
jobs.51job.com/all/co4423750.html
jobs.51job.com/all/co4423750.html
jobs.51job.com/all/co4423750.html
jobs.51job.com/all/co4423750.html
jobs.51job.com/all/co2128360.html
jobs.51job.com/all/co2871426.html
jobs.51job.com/all/co2282341.html
jobs.51job.com/all/co2644326.html
jobs.51job.com/all/co2644326.html
jobs.51job.com/all/co2644326.html
jobs.51job.com/all/co2644326.html
jobs.51job.com/all/co4871500.html
jobs.51job.com/all/co4871500.html
jobs.51job.com/all/co2287263.html
jobs.51job.com/all/co3898219.html
jobs.51job.com/all/co3898219.html
jobs.51job.com/all/co3898219.html
jobs.51job.com/all/co3898219.html
jobs.51job.com/all/co4446542.html
jobs.51job.com/all/co4446542.html
jobs.51job.com/all/co4446542.html
jobs.51job.com/all/co4446542.html
jobs.51job.com/all/co4446542.html
jobs.51job.com/all/co4446542.html
jobs.51job.com/all/co4041601.html
jobs.51job.com/all/co2946778.html
jobs.51job.com/all/co2946778.html
jobs.51job.com/all/co4318593.html
jobs.51job.com/all/co4318593.html
jobs.51job.com/all/co4318593.html
jobs.51job.com/all/co4318593.html
jobs.51job.com/all/co4318593.html
jobs.51job.com/all/co4318593.html
jobs.51job.com/all/co4920003.html
jobs.51job.com/all/co4920003.html
jobs.51job.com/all/co2421686.html
jobs.51job.com/all/co2421686.html
jobs.51job.com/all/co3827456.html
jobs.51job.com/all/co3827456.html
jobs.51job.com/all/co3827456.html
jobs.51job.com/all/co2750569.html
jobs.51job.com/all/co4085907.html
jobs.51job.com/all/co3230101.html
jobs.51job.com/all/co1842779.html
jobs.51job.com/all/co3355747.html
jobs.51job.com/all/co3222563.html
jobs.51job.com/all/co3222563.html
jobs.51job.com/all/co3222563.html
jobs.51job.com/all/co3222563.html
jobs.51job.com/all/co3222563.html
jobs.51job.com/all/co3222563.html
jobs.51job.com/all/co3222563.html
jobs.51job.com/all/co3222563.html
jobs.51job.com/all/co3222563.html
jobs.51job.com/all/co3222563.html
jobs.51job.com/all/co3222563.html
jobs.51job.com/all/co3222563.html
jobs.51job.com/all/co3222563.html
jobs.51job.com/all/co2728319.html
jobs.51job.com/all/co504284.html
jobs.51job.com/all/co504284.html
jobs.51job.com/all/co3951087.html
jobs.51job.com/all/co2724621.html
jobs.51job.com/all/co526215.html
jobs.51job.com/all/co526215.html
jobs.51job.com/all/co4182066.html
jobs.51job.com/all/co4154294.html
jobs.51job.com/all/co3804528.html
jobs.51job.com/all/co4143925.html
jobs.51job.com/all/co2203092.html
jobs.51job.com/all/co2203092.html
jobs.51job.com/all/co4776377.html
jobs.51job.com/all/co4776377.html
jobs.51job.com/all/co4776377.html
jobs.51job.com/all/co2860048.html
jobs.51job.com/all/co3240950.html
jobs.51job.com/all/co3371974.html
jobs.51job.com/all/co2489232.html
jobs.51job.com/all/co2489232.html
jobs.51job.com/all/co2489232.html
jobs.51job.com/all/co3633302.html
jobs.51job.com/all/co2920865.html
jobs.51job.com/all/co2920865.html
jobs.51job.com/all/co2920865.html
jobs.51job.com/all/co2920865.html
jobs.51job.com/all/co2920865.html
jobs.51job.com/all/co2521357.html
jobs.51job.com/all/co2521357.html
jobs.51job.com/all/co2665188.html
jobs.51job.com/all/co3864102.html
jobs.51job.com/all/co2842074.html
jobs.51job.com/all/co2842074.html
jobs.51job.com/all/co2842074.html
jobs.51job.com/all/co3925765.html
jobs.51job.com/all/co3925765.html
jobs.51job.com/all/co2679697.html
jobs.51job.com/all/co2679697.html
jobs.51job.com/all/co2679697.html
jobs.51job.com/all/co2679697.html
jobs.51job.com/all/co2679697.html
jobs.51job.com/all/co2679697.html
jobs.51job.com/all/co2679697.html
jobs.51job.com/all/co2679697.html
jobs.51job.com/all/co2679697.html
jobs.51job.com/all/co2679697.html
jobs.51job.com/all/co4028481.html
jobs.51job.com/all/co4204156.html
jobs.51job.com/all/co4204156.html
jobs.51job.com/all/co2268483.html
jobs.51job.com/all/co2268483.html
jobs.51job.com/all/co3444305.html
jobs.51job.com/all/co3444305.html
jobs.51job.com/all/co4813695.html
jobs.51job.com/all/co4813695.html
jobs.51job.com/all/co2898999.html
jobs.51job.com/all/co3381640.html
jobs.51job.com/all/co3005867.html
jobs.51job.com/all/co3124192.html
jobs.51job.com/all/co2014283.html
jobs.51job.com/all/co2898914.html
jobs.51job.com/all/co1045536.html
jobs.51job.com/all/co3964886.html
jobs.51job.com/all/co3964886.html
jobs.51job.com/all/co2650.html
jobs.51job.com/all/co2650.html
jobs.51job.com/all/co2650.html
jobs.51job.com/all/co2650.html
jobs.51job.com/all/co4761029.html
jobs.51job.com/all/co3544125.html
jobs.51job.com/all/co4163958.html
jobs.51job.com/all/co2531783.html
jobs.51job.com/all/co4288841.html
jobs.51job.com/all/co4288841.html
jobs.51job.com/all/co4916795.html
jobs.51job.com/all/co4120403.html
jobs.51job.com/all/co1184844.html
jobs.51job.com/all/co2953593.html
jobs.51job.com/all/co3296347.html
jobs.51job.com/all/co3296347.html
jobs.51job.com/all/co3296347.html
jobs.51job.com/all/co3296347.html
jobs.51job.com/all/co201395.html
jobs.51job.com/all/co4754478.html
jobs.51job.com/all/co2825952.html
jobs.51job.com/all/co3646451.html
jobs.51job.com/all/co3646451.html
jobs.51job.com/all/co2876749.html
jobs.51job.com/all/co4268869.html
jobs.51job.com/all/co4268869.html
jobs.51job.com/all/co4268869.html
jobs.51job.com/all/co2161908.html
jobs.51job.com/all/co2617109.html
jobs.51job.com/all/co2617109.html
jobs.51job.com/all/co4534451.html
jobs.51job.com/all/co3878693.html
jobs.51job.com/all/co3878693.html
jobs.51job.com/all/co3878693.html
jobs.51job.com/all/co2827749.html
jobs.51job.com/all/co2827749.html
jobs.51job.com/all/co2827749.html
jobs.51job.com/all/co2827749.html
jobs.51job.com/all/co2827749.html
jobs.51job.com/all/co2827749.html
jobs.51job.com/all/co2827749.html
jobs.51job.com/all/co2848598.html
jobs.51job.com/all/co3167302.html
jobs.51job.com/all/co2665188.html
jobs.51job.com/all/co2665188.html
jobs.51job.com/all/co2665188.html
jobs.51job.com/all/co2665188.html
jobs.51job.com/all/co2665188.html
jobs.51job.com/all/co2665188.html
jobs.51job.com/all/co3648213.html
jobs.51job.com/all/co3648213.html
jobs.51job.com/all/co3648213.html
jobs.51job.com/all/co3842483.html
jobs.51job.com/all/co3842483.html
jobs.51job.com/all/co3842483.html
jobs.51job.com/all/co3600578.html
jobs.51job.com/all/co3600578.html
jobs.51job.com/all/co3600578.html
jobs.51job.com/all/co3600578.html
jobs.51job.com/all/co3222729.html
jobs.51job.com/all/co3222729.html
jobs.51job.com/all/co3222729.html
jobs.51job.com/all/co3222729.html
jobs.51job.com/all/co3222729.html
jobs.51job.com/all/co3222729.html
jobs.51job.com/all/co3222729.html
jobs.51job.com/all/co3222729.html
jobs.51job.com/all/co3222729.html
jobs.51job.com/all/co4019336.html
jobs.51job.com/all/co2559527.html
jobs.51job.com/all/co2578924.html
jobs.51job.com/all/co135210.html
jobs.51job.com/all/co2907548.html
jobs.51job.com/all/co3105834.html
jobs.51job.com/all/co2301434.html
jobs.51job.com/all/co304867.html
jobs.51job.com/all/co3916503.html
jobs.51job.com/all/co3916503.html
jobs.51job.com/all/co3916503.html
jobs.51job.com/all/co3916503.html
jobs.51job.com/all/co3916503.html
jobs.51job.com/all/co3621662.html
jobs.51job.com/all/co3621662.html
jobs.51job.com/all/co4024919.html
jobs.51job.com/all/co2417055.html
jobs.51job.com/all/co2417055.html
jobs.51job.com/all/co307597.html
jobs.51job.com/all/co307597.html
jobs.51job.com/all/co307597.html
jobs.51job.com/all/co3152765.html
jobs.51job.com/all/co3152765.html
jobs.51job.com/all/co4160419.html
jobs.51job.com/all/co2301833.html
jobs.51job.com/all/co4757491.html
jobs.51job.com/all/co438406.html
jobs.51job.com/all/co2541093.html
jobs.51job.com/all/co2281261.html
jobs.51job.com/all/co2281261.html
jobs.51job.com/all/co2281261.html
jobs.51job.com/all/co2281261.html
jobs.51job.com/all/co2578924.html
jobs.51job.com/all/co2782843.html
jobs.51job.com/all/co2782843.html
jobs.51job.com/all/co4543106.html
jobs.51job.com/all/co3692741.html
jobs.51job.com/all/co4904904.html
jobs.51job.com/all/co2756334.html
jobs.51job.com/all/co2756334.html
jobs.51job.com/all/co2756334.html
jobs.51job.com/all/co2756334.html
jobs.51job.com/all/co4064041.html
jobs.51job.com/all/co4064041.html
jobs.51job.com/all/co3219472.html
jobs.51job.com/all/co4814653.html
jobs.51job.com/all/co4749076.html
jobs.51job.com/all/co4749076.html
jobs.51job.com/all/co4478932.html
jobs.51job.com/all/co2344684.html
jobs.51job.com/all/co2344684.html
jobs.51job.com/all/co4457317.html
jobs.51job.com/all/co4457317.html
jobs.51job.com/all/co4049399.html
jobs.51job.com/all/co4829923.html
jobs.51job.com/all/co4098351.html
jobs.51job.com/all/co4543106.html
jobs.51job.com/all/co230722.html
jobs.51job.com/all/co4284284.html
jobs.51job.com/all/co4261784.html
jobs.51job.com/all/co2225467.html
jobs.51job.com/all/co4656417.html
jobs.51job.com/all/co4656417.html
jobs.51job.com/all/co4656417.html
jobs.51job.com/all/co4656417.html
jobs.51job.com/all/co4917135.html
jobs.51job.com/all/co114531.html
jobs.51job.com/all/co114531.html
jobs.51job.com/all/co114531.html
jobs.51job.com/all/co114531.html
jobs.51job.com/all/co114531.html
jobs.51job.com/all/co4352554.html
jobs.51job.com/all/co3339515.html
jobs.51job.com/all/co3437705.html
jobs.51job.com/all/co4115350.html
jobs.51job.com/all/co4115350.html
jobs.51job.com/all/co4115350.html
jobs.51job.com/all/co4115350.html
jobs.51job.com/all/co4115350.html
jobs.51job.com/all/co284623.html
jobs.51job.com/all/co4466341.html
jobs.51job.com/all/co2630697.html
jobs.51job.com/all/co3972691.html
jobs.51job.com/all/co4662714.html
jobs.51job.com/all/co4662714.html
jobs.51job.com/all/co4662714.html
jobs.51job.com/all/co2480219.html
jobs.51job.com/all/co2480219.html
jobs.51job.com/all/co4084470.html
jobs.51job.com/all/co3942962.html
jobs.51job.com/all/co3942962.html
jobs.51job.com/all/co3225459.html
jobs.51job.com/all/co3225459.html
jobs.51job.com/all/co3225459.html
jobs.51job.com/all/co3225459.html
jobs.51job.com/all/co3225459.html
jobs.51job.com/all/co3225459.html
jobs.51job.com/all/co3225459.html
jobs.51job.com/all/co3225459.html
jobs.51job.com/all/co4004177.html
jobs.51job.com/all/co4319327.html
jobs.51job.com/all/co3047825.html
jobs.51job.com/all/co3047825.html
jobs.51job.com/all/co3811125.html
jobs.51job.com/all/co3962356.html
jobs.51job.com/all/co3962356.html
jobs.51job.com/all/co3962356.html
jobs.51job.com/all/co3962356.html
jobs.51job.com/all/co3962356.html
jobs.51job.com/all/co3962356.html
jobs.51job.com/all/co3444305.html
jobs.51job.com/all/co3444305.html
jobs.51job.com/all/co3444305.html
jobs.51job.com/all/co3444305.html
jobs.51job.com/all/co3444305.html
jobs.51job.com/all/co3444305.html
jobs.51job.com/all/co3444305.html
jobs.51job.com/all/co3444305.html
jobs.51job.com/all/co3444305.html
jobs.51job.com/all/co4315579.html
jobs.51job.com/all/co4315579.html
jobs.51job.com/all/co4546444.html
jobs.51job.com/all/co4740774.html
jobs.51job.com/all/co2776677.html
jobs.51job.com/all/co2936919.html
jobs.51job.com/all/co2408148.html
jobs.51job.com/all/co2408148.html
jobs.51job.com/all/co2408148.html
jobs.51job.com/all/co2408148.html
jobs.51job.com/all/co2408148.html
jobs.51job.com/all/co2408148.html
jobs.51job.com/all/co2408148.html
jobs.51job.com/all/co3232731.html
jobs.51job.com/all/co2818065.html
jobs.51job.com/all/co2501721.html
jobs.51job.com/all/co2501721.html
jobs.51job.com/all/co2501721.html
jobs.51job.com/all/co2501721.html
jobs.51job.com/all/co2439492.html
jobs.51job.com/all/co230722.html
jobs.51job.com/all/co2569061.html
jobs.51job.com/all/co4696199.html
jobs.51job.com/all/co4696199.html
jobs.51job.com/all/co4772520.html
jobs.51job.com/all/co4917651.html
jobs.51job.com/all/co4917651.html
jobs.51job.com/all/co4917651.html
jobs.51job.com/all/co4917651.html
jobs.51job.com/all/co4747601.html
jobs.51job.com/all/co3833785.html
jobs.51job.com/all/co3833785.html
jobs.51job.com/all/co3833785.html
jobs.51job.com/all/co2936951.html
jobs.51job.com/all/co2751146.html
jobs.51job.com/all/co2751146.html
jobs.51job.com/all/co2751146.html
jobs.51job.com/all/co2287263.html
jobs.51job.com/all/co3670305.html
jobs.51job.com/all/co2749970.html
jobs.51job.com/all/co4516192.html
jobs.51job.com/all/co4516192.html
jobs.51job.com/all/co4516192.html
jobs.51job.com/all/co3108335.html
jobs.51job.com/all/co4570019.html
jobs.51job.com/all/co3054321.html
jobs.51job.com/all/co3054321.html
jobs.51job.com/all/co3054321.html
jobs.51job.com/all/co3054321.html
jobs.51job.com/all/co3054321.html
jobs.51job.com/all/co3054321.html
jobs.51job.com/all/co3054321.html
jobs.51job.com/all/co3054321.html
jobs.51job.com/all/co3054321.html
jobs.51job.com/all/co3054321.html
jobs.51job.com/all/co3054321.html
jobs.51job.com/all/co4915984.html
jobs.51job.com/all/co4915984.html
jobs.51job.com/all/co4915984.html
jobs.51job.com/all/co4915984.html
jobs.51job.com/all/co4915984.html
jobs.51job.com/all/co4915984.html
jobs.51job.com/all/co4915984.html
jobs.51job.com/all/co4915984.html
jobs.51job.com/all/co4915984.html
jobs.51job.com/all/co2572528.html
jobs.51job.com/all/co4164846.html
jobs.51job.com/all/co3064065.html
jobs.51job.com/all/co3064065.html
jobs.51job.com/all/co3064065.html
jobs.51job.com/all/co3064065.html
jobs.51job.com/all/co3164484.html
jobs.51job.com/all/co1993544.html
jobs.51job.com/all/co4618958.html
jobs.51job.com/all/co4567114.html
jobs.51job.com/all/co4567114.html
jobs.51job.com/all/co4567114.html
jobs.51job.com/all/co4567114.html
jobs.51job.com/all/co3545804.html
jobs.51job.com/all/co2898914.html
jobs.51job.com/all/co4768477.html
jobs.51job.com/all/co3979453.html
jobs.51job.com/all/co3979453.html
jobs.51job.com/all/co3979453.html
jobs.51job.com/all/co2524154.html
jobs.51job.com/all/co4756740.html
jobs.51job.com/all/co3672894.html
jobs.51job.com/all/co3672894.html
jobs.51job.com/all/co3672894.html
jobs.51job.com/all/co4859361.html
jobs.51job.com/all/co3047825.html
jobs.51job.com/all/co3834445.html
jobs.51job.com/all/co4784254.html
jobs.51job.com/all/co2495651.html
jobs.51job.com/all/co2882222.html
jobs.51job.com/all/co2993567.html
jobs.51job.com/all/co2993567.html
jobs.51job.com/all/co2993567.html
jobs.51job.com/all/co2993567.html
jobs.51job.com/all/co2586963.html
jobs.51job.com/all/co2586963.html
jobs.51job.com/all/co4543299.html
jobs.51job.com/all/co4543299.html
jobs.51job.com/all/co4543299.html
jobs.51job.com/all/co677836.html
jobs.51job.com/all/co677836.html
jobs.51job.com/all/co677836.html
jobs.51job.com/all/co114531.html
jobs.51job.com/all/co3062786.html
jobs.51job.com/all/co3062786.html
jobs.51job.com/all/co3062786.html
jobs.51job.com/all/co2225467.html
jobs.51job.com/all/co3416848.html
jobs.51job.com/all/co4477519.html
jobs.51job.com/all/co2811703.html
jobs.51job.com/all/co4869352.html
jobs.51job.com/all/co3573940.html
jobs.51job.com/all/co3573940.html
jobs.51job.com/all/co3813598.html
jobs.51job.com/all/co3592307.html
jobs.51job.com/all/co2319234.html
jobs.51job.com/all/co2319234.html
jobs.51job.com/all/co2319234.html
jobs.51job.com/all/co4865704.html
jobs.51job.com/all/co4865704.html
jobs.51job.com/all/co4865704.html
jobs.51job.com/all/co4648071.html
jobs.51job.com/all/co4648071.html
jobs.51job.com/all/co4835775.html
jobs.51job.com/all/co4835775.html
jobs.51job.com/all/co4835775.html
jobs.51job.com/all/co3073602.html
jobs.51job.com/all/co3073602.html
jobs.51job.com/all/co3073602.html
jobs.51job.com/all/co3073602.html
jobs.51job.com/all/co4327156.html
jobs.51job.com/all/co4846643.html
jobs.51job.com/all/co135210.html
jobs.51job.com/all/co135210.html
jobs.51job.com/all/co4321211.html
jobs.51job.com/all/co4657219.html
jobs.51job.com/all/co3153610.html
jobs.51job.com/all/co3239782.html
jobs.51job.com/all/co3239782.html
jobs.51job.com/all/co3227234.html
jobs.51job.com/all/co3227234.html
jobs.51job.com/all/co3934617.html
jobs.51job.com/all/co2495651.html
jobs.51job.com/all/co2997442.html
jobs.51job.com/all/co4334693.html
jobs.51job.com/all/co3232731.html
jobs.51job.com/all/co3232731.html
jobs.51job.com/all/co3232731.html
jobs.51job.com/all/co3232731.html
jobs.51job.com/all/co3156648.html
jobs.51job.com/all/co3649968.html
jobs.51job.com/all/co2914965.html
jobs.51job.com/all/co3073602.html
jobs.51job.com/all/co3073602.html
jobs.51job.com/all/co3861988.html
jobs.51job.com/all/co3861988.html
jobs.51job.com/all/co3861988.html
jobs.51job.com/all/co3861988.html
jobs.51job.com/all/co2600000.html
jobs.51job.com/all/co4883190.html
jobs.51job.com/all/co3397246.html
jobs.51job.com/all/co3397246.html
jobs.51job.com/all/co4896203.html
jobs.51job.com/all/co4225231.html
jobs.51job.com/all/co4225231.html
jobs.51job.com/all/co4225231.html
jobs.51job.com/all/co2769378.html
jobs.51job.com/all/co2769378.html
jobs.51job.com/all/co2769378.html
jobs.51job.com/all/co2769378.html
jobs.51job.com/all/co2769378.html
jobs.51job.com/all/co1007881.html
jobs.51job.com/all/co3202803.html
jobs.51job.com/all/co3498449.html
jobs.51job.com/all/co2866993.html
jobs.51job.com/all/co2866993.html
jobs.51job.com/all/co3884279.html
jobs.51job.com/all/co3942962.html
jobs.51job.com/all/co4321211.html
jobs.51job.com/all/co4731031.html
jobs.51job.com/all/co3316723.html
jobs.51job.com/all/co4446530.html
jobs.51job.com/all/co198906.html
jobs.51job.com/all/co198906.html
jobs.51job.com/all/co4446542.html
jobs.51job.com/all/co4446530.html
jobs.51job.com/all/co4446530.html
jobs.51job.com/all/co4446542.html
jobs.51job.com/all/co4446530.html
jobs.51job.com/all/co4068441.html
jobs.51job.com/all/co4068441.html
jobs.51job.com/all/co135210.html
jobs.51job.com/all/co4850194.html
jobs.51job.com/all/co2898914.html
jobs.51job.com/all/co135210.html
jobs.51job.com/all/co3388768.html
jobs.51job.com/all/co3388768.html
jobs.51job.com/all/co3388768.html
jobs.51job.com/all/co3388768.html
jobs.51job.com/all/co3942962.html
jobs.51job.com/all/co3942962.html
jobs.51job.com/all/co2805222.html
jobs.51job.com/all/co2805222.html
jobs.51job.com/all/co2871054.html
jobs.51job.com/all/co3399922.html
jobs.51job.com/all/co3399922.html
jobs.51job.com/all/co3399922.html
jobs.51job.com/all/co135210.html
jobs.51job.com/all/co135210.html
jobs.51job.com/all/co135210.html
jobs.51job.com/all/co135210.html
jobs.51job.com/all/co3153610.html
jobs.51job.com/all/co3225459.html
jobs.51job.com/all/co4742319.html
jobs.51job.com/all/co3672894.html
jobs.51job.com/all/co3834445.html
jobs.51job.com/all/co2540092.html
jobs.51job.com/all/co2540092.html
jobs.51job.com/all/co4731031.html
jobs.51job.com/all/co4731031.html
jobs.51job.com/all/co2728319.html
jobs.51job.com/all/co135210.html
jobs.51job.com/all/co4725926.html
jobs.51job.com/all/co4725926.html
jobs.51job.com/all/co4725926.html
jobs.51job.com/all/co4725926.html
jobs.51job.com/all/co4874497.html
jobs.51job.com/all/co3790055.html
jobs.51job.com/all/co3790055.html
jobs.51job.com/all/co3934930.html
jobs.51job.com/all/co3934930.html
jobs.51job.com/all/co3317446.html
jobs.51job.com/all/co3589056.html
jobs.51job.com/all/co4052208.html
jobs.51job.com/all/co4052208.html
jobs.51job.com/all/co4052208.html
jobs.51job.com/all/co4052208.html
jobs.51job.com/all/co4693982.html
jobs.51job.com/all/co3770577.html
jobs.51job.com/all/co3770577.html
jobs.51job.com/all/co3770577.html
jobs.51job.com/all/co3770577.html
jobs.51job.com/all/co3770577.html
jobs.51job.com/all/co2220020.html
jobs.51job.com/all/co4327156.html
jobs.51job.com/all/co2540092.html
jobs.51job.com/all/co2540092.html
jobs.51job.com/all/co2540092.html
jobs.51job.com/all/co3156648.html
jobs.51job.com/all/co135210.html
jobs.51job.com/all/co3225459.html
jobs.51job.com/all/co3225459.html
jobs.51job.com/all/co3225459.html
jobs.51job.com/all/co3225459.html
jobs.51job.com/all/co3225459.html
jobs.51job.com/all/co3225459.html
jobs.51job.com/all/co3225459.html
jobs.51job.com/all/co3225459.html
jobs.51job.com/all/co3225459.html
jobs.51job.com/all/co3225459.html
jobs.51job.com/all/co3225459.html
jobs.51job.com/all/co3926485.html
jobs.51job.com/all/co2540092.html
jobs.51job.com/all/co3886577.html
jobs.51job.com/all/co3886577.html
jobs.51job.com/all/co4002606.html
jobs.51job.com/all/co4867542.html
jobs.51job.com/all/co2750095.html
jobs.51job.com/all/co3939677.html
jobs.51job.com/all/co135210.html
jobs.51job.com/all/co4515462.html
jobs.51job.com/all/co2190018.html
jobs.51job.com/all/co2190018.html
jobs.51job.com/all/co4754690.html
jobs.51job.com/all/co2281261.html
jobs.51job.com/all/co2281261.html
jobs.51job.com/all/co2281261.html
jobs.51job.com/all/co2528984.html
jobs.51job.com/all/co2528984.html
jobs.51job.com/all/co3796239.html
jobs.51job.com/all/co3796239.html
jobs.51job.com/all/co3796239.html
jobs.51job.com/all/co3796239.html
jobs.51job.com/all/co3796239.html
jobs.51job.com/all/co3796239.html
jobs.51job.com/all/co3296040.html
jobs.51job.com/all/co438406.html
jobs.51job.com/all/co4516192.html
jobs.51job.com/all/co4516192.html
jobs.51job.com/all/co4516192.html
jobs.51job.com/all/co4516192.html
jobs.51job.com/all/co4754478.html
jobs.51job.com/all/co2190018.html
jobs.51job.com/all/co2190018.html
jobs.51job.com/all/co2190018.html
jobs.51job.com/all/co2190018.html
jobs.51job.com/all/co2190018.html
jobs.51job.com/all/co2190018.html
jobs.51job.com/all/co3429512.html
jobs.51job.com/all/co3429512.html
jobs.51job.com/all/co3429512.html
jobs.51job.com/all/co989382.html
jobs.51job.com/all/co3285612.html
jobs.51job.com/all/co3285612.html
jobs.51job.com/all/co3118667.html
jobs.51job.com/all/co4506292.html
jobs.51job.com/all/co4715592.html
jobs.51job.com/all/co2742977.html
jobs.51job.com/all/co2742977.html
jobs.51job.com/all/co3927880.html
jobs.51job.com/all/co3927880.html
jobs.51job.com/all/co3927880.html
jobs.51job.com/all/co3927880.html
jobs.51job.com/all/co2460539.html
jobs.51job.com/all/co3937537.html
jobs.51job.com/all/co2704950.html
jobs.51job.com/all/co4441371.html
jobs.51job.com/all/co4441371.html
jobs.51job.com/all/co2383297.html
jobs.51job.com/all/co3853131.html
jobs.51job.com/all/co4150218.html
jobs.51job.com/all/co2424707.html
jobs.51job.com/all/co3152523.html
jobs.51job.com/all/co4779059.html
jobs.51job.com/all/co4779059.html
jobs.51job.com/all/co4779059.html
jobs.51job.com/all/co4491837.html
jobs.51job.com/all/co2759381.html
jobs.51job.com/all/co4024904.html
jobs.51job.com/all/co4828935.html
jobs.51job.com/all/co4828935.html
jobs.51job.com/all/co4828935.html
jobs.51job.com/all/co4828935.html
jobs.51job.com/all/co4828935.html
jobs.51job.com/all/co4828935.html
jobs.51job.com/all/co2929991.html
jobs.51job.com/all/co2929991.html
jobs.51job.com/all/co2934287.html
jobs.51job.com/all/co2934287.html
jobs.51job.com/all/co2934287.html
jobs.51job.com/all/co2934287.html
jobs.51job.com/all/co4655075.html
jobs.51job.com/all/co2923284.html
jobs.51job.com/all/co2865028.html
jobs.51job.com/all/co2444136.html
jobs.51job.com/all/co2444136.html
jobs.51job.com/all/co2444136.html
jobs.51job.com/all/co2444136.html
jobs.51job.com/all/co2444136.html
jobs.51job.com/all/co2444136.html
jobs.51job.com/all/co2444136.html
jobs.51job.com/all/co2444136.html
jobs.51job.com/all/co3059729.html
jobs.51job.com/all/co3059729.html
jobs.51job.com/all/co3059729.html
jobs.51job.com/all/co3059729.html
jobs.51job.com/all/co3059729.html
jobs.51job.com/all/co3059729.html
jobs.51job.com/all/co3059729.html
jobs.51job.com/all/co3059729.html
jobs.51job.com/all/co3853131.html
jobs.51job.com/all/co3853131.html
jobs.51job.com/all/co3853131.html
jobs.51job.com/all/co3853131.html
jobs.51job.com/all/co3853131.html
jobs.51job.com/all/co3853131.html
jobs.51job.com/all/co3853131.html
jobs.51job.com/all/co3853131.html
jobs.51job.com/all/co3853131.html
jobs.51job.com/all/co3853131.html
jobs.51job.com/all/co3232731.html
jobs.51job.com/all/co3232731.html
jobs.51job.com/all/co3232731.html
jobs.51job.com/all/co3232731.html
jobs.51job.com/all/co3232731.html
jobs.51job.com/all/co3537407.html
jobs.51job.com/all/co3591105.html
jobs.51job.com/all/co3370227.html
jobs.51job.com/all/co3370227.html
jobs.51job.com/all/co3370227.html
jobs.51job.com/all/co3370227.html
jobs.51job.com/all/co3702074.html
jobs.51job.com/all/co3702074.html
jobs.51job.com/all/co2408148.html
jobs.51job.com/all/co2408148.html
jobs.51job.com/all/co2408148.html
jobs.51job.com/all/co2408148.html
jobs.51job.com/all/co2408148.html
jobs.51job.com/all/co2408148.html
jobs.51job.com/all/co2408148.html
jobs.51job.com/all/co2408148.html
jobs.51job.com/all/co135210.html
jobs.51job.com/all/co4208716.html
jobs.51job.com/all/co4241563.html
jobs.51job.com/all/co4241563.html
jobs.51job.com/all/co4241563.html
jobs.51job.com/all/co2861539.html
jobs.51job.com/all/co2861539.html
jobs.51job.com/all/co243336.html
jobs.51job.com/all/co243336.html
jobs.51job.com/all/co3093296.html
jobs.51job.com/all/co243336.html
jobs.51job.com/all/co4129418.html
jobs.51job.com/all/co2934287.html
jobs.51job.com/all/co2934287.html
jobs.51job.com/all/co2811703.html
jobs.51job.com/all/co3225459.html
jobs.51job.com/all/co4233111.html
jobs.51job.com/all/co2960570.html
jobs.51job.com/all/co2960570.html
jobs.51job.com/all/co2960570.html
jobs.51job.com/all/co2960570.html
jobs.51job.com/all/co2960570.html
jobs.51job.com/all/co2960570.html
jobs.51job.com/all/co2960570.html
jobs.51job.com/all/co2960570.html
jobs.51job.com/all/co2960570.html
jobs.51job.com/all/co2960570.html
jobs.51job.com/all/co2960570.html
jobs.51job.com/all/co2960570.html
jobs.51job.com/all/co2960570.html
jobs.51job.com/all/co2960570.html
jobs.51job.com/all/co2960570.html
jobs.51job.com/all/co2960570.html
jobs.51job.com/all/co2960570.html
jobs.51job.com/all/co2960570.html
jobs.51job.com/all/co2960570.html
jobs.51job.com/all/co2960570.html
jobs.51job.com/all/co2960570.html
jobs.51job.com/all/co2960570.html
jobs.51job.com/all/co2960570.html
jobs.51job.com/all/co2960570.html
jobs.51job.com/all/co2960570.html
jobs.51job.com/all/co3203083.html
jobs.51job.com/all/co3081883.html
jobs.51job.com/all/co2960570.html
jobs.51job.com/all/co2960570.html
jobs.51job.com/all/co2960570.html
jobs.51job.com/all/co2960570.html
jobs.51job.com/all/co2960570.html
jobs.51job.com/all/co2960570.html
jobs.51job.com/all/co2960570.html
jobs.51job.com/all/co2960570.html
jobs.51job.com/all/co2960570.html
jobs.51job.com/all/co2960570.html
jobs.51job.com/all/co2960570.html
jobs.51job.com/all/co2960570.html
jobs.51job.com/all/co2960570.html
jobs.51job.com/all/co2960570.html
jobs.51job.com/all/co3560327.html
jobs.51job.com/all/co4399413.html
jobs.51job.com/all/co4399413.html
jobs.51job.com/all/co4399413.html
jobs.51job.com/all/co4399413.html
jobs.51job.com/all/co4399413.html
jobs.51job.com/all/co4399413.html
jobs.51job.com/all/co4399413.html
jobs.51job.com/all/co3495307.html
jobs.51job.com/all/co3495307.html
jobs.51job.com/all/co3495307.html
jobs.51job.com/all/co2182906.html
jobs.51job.com/all/co2567042.html
jobs.51job.com/all/co2693830.html
jobs.51job.com/all/co4851003.html
jobs.51job.com/all/co101597.html
jobs.51job.com/all/co2698261.html
jobs.51job.com/all/co2698261.html
jobs.51job.com/all/co4783727.html
jobs.51job.com/all/co2842074.html
jobs.51job.com/all/co4546444.html
jobs.51job.com/all/co3150882.html
jobs.51job.com/all/co3687546.html
jobs.51job.com/all/co3796239.html
jobs.51job.com/all/co2516178.html
jobs.51job.com/all/co4314397.html
jobs.51job.com/all/co4314397.html
jobs.51job.com/all/co3927699.html
jobs.51job.com/all/co2923284.html
jobs.51job.com/all/co2591761.html
jobs.51job.com/all/co2484569.html
jobs.51job.com/all/co4555161.html
jobs.51job.com/all/co2736420.html
jobs.51job.com/all/co4524701.html
jobs.51job.com/all/co3806433.html
jobs.51job.com/all/co2833077.html
jobs.51job.com/all/co4255771.html
jobs.51job.com/all/co3153394.html
jobs.51job.com/all/co2698261.html
jobs.51job.com/all/co135210.html
jobs.51job.com/all/co4546444.html
jobs.51job.com/all/co3834445.html
jobs.51job.com/all/co4806457.html
jobs.51job.com/all/co4327156.html
jobs.51job.com/all/co2678538.html
jobs.51job.com/all/co135210.html
jobs.51job.com/all/co198906.html
jobs.51job.com/all/co4784463.html
jobs.51job.com/all/co4784463.html
jobs.51job.com/all/co4784463.html
jobs.51job.com/all/co4784463.html
jobs.51job.com/all/co135210.html
jobs.51job.com/all/co135210.html
