jobs.51job.com/all/co3099174.html
jobs.51job.com/all/co4606183.html
jobs.51job.com/all/co4829178.html
jobs.51job.com/all/co2726822.html
jobs.51job.com/all/co2694499.html
jobs.51job.com/all/co3257366.html
jobs.51job.com/all/co2338021.html
jobs.51job.com/all/co1987960.html
jobs.51job.com/all/co3581800.html
jobs.51job.com/all/co663699.html
jobs.51job.com/all/co3572416.html
jobs.51job.com/all/co4641733.html
jobs.51job.com/all/co2609722.html
jobs.51job.com/all/co4856309.html
jobs.51job.com/all/co2760637.html
jobs.51job.com/all/co4349061.html
jobs.51job.com/all/co3868375.html
jobs.51job.com/all/co3920190.html
jobs.51job.com/all/co2211269.html
jobs.51job.com/all/co2531129.html
jobs.51job.com/all/co4309608.html
jobs.51job.com/all/co3796384.html
jobs.51job.com/all/co2971700.html
jobs.51job.com/all/co4214932.html
jobs.51job.com/all/co2959928.html
jobs.51job.com/all/co3256826.html
jobs.51job.com/all/co4881681.html
jobs.51job.com/all/co4694625.html
jobs.51job.com/all/co2733580.html
jobs.51job.com/all/co2575399.html
jobs.51job.com/all/co173940.html
jobs.51job.com/all/co2501347.html
jobs.51job.com/all/co391500.html
jobs.51job.com/all/co4895282.html
jobs.51job.com/all/co3977721.html
jobs.51job.com/all/co3965659.html
jobs.51job.com/all/co3962981.html
jobs.51job.com/all/co4908022.html
jobs.51job.com/all/co2999839.html
jobs.51job.com/all/co2139557.html
jobs.51job.com/all/co3638745.html
jobs.51job.com/all/co4425134.html
jobs.51job.com/all/co2406768.html
jobs.51job.com/all/co4191480.html
jobs.51job.com/all/co4246957.html
jobs.51job.com/all/co2809593.html
jobs.51job.com/all/co3960557.html
jobs.51job.com/all/co3499557.html
jobs.51job.com/all/co3204443.html
jobs.51job.com/all/co4432966.html
jobs.51job.com/all/co4774127.html
jobs.51job.com/all/co4721370.html
jobs.51job.com/all/co3106837.html
jobs.51job.com/all/co2225467.html
jobs.51job.com/all/co2629276.html
jobs.51job.com/all/co3222563.html
jobs.51job.com/all/co3340392.html
jobs.51job.com/all/co2197711.html
jobs.51job.com/all/co3036870.html
jobs.51job.com/all/co2917219.html
jobs.51job.com/all/co3225265.html
jobs.51job.com/all/co4322205.html
jobs.51job.com/all/co2521357.html
jobs.51job.com/all/co3868399.html
jobs.51job.com/all/co4746305.html
jobs.51job.com/all/co4749765.html
jobs.51job.com/all/co3438745.html
jobs.51job.com/all/co3653677.html
jobs.51job.com/all/co2392697.html
jobs.51job.com/all/co2453045.html
jobs.51job.com/all/co4939119.html
jobs.51job.com/all/co1561294.html
jobs.51job.com/all/co2204084.html
jobs.51job.com/all/co4254921.html
jobs.51job.com/all/co2627891.html
jobs.51job.com/all/co3163627.html
jobs.51job.com/all/co4600642.html
jobs.51job.com/all/co4949673.html
jobs.51job.com/all/co4945639.html
jobs.51job.com/all/co2034502.html
jobs.51job.com/all/co4055003.html
jobs.51job.com/all/co3696187.html
jobs.51job.com/all/co3863343.html
jobs.51job.com/all/co4760992.html
jobs.51job.com/all/co2763987.html
jobs.51job.com/all/co2205566.html
jobs.51job.com/all/co4047354.html
jobs.51job.com/all/co3022396.html
jobs.51job.com/all/co2309461.html
jobs.51job.com/all/co3338895.html
jobs.51job.com/all/co270698.html
jobs.51job.com/all/co2618346.html
jobs.51job.com/all/co4229804.html
jobs.51job.com/all/co3356817.html
jobs.51job.com/all/co2332304.html
jobs.51job.com/all/co3685645.html
jobs.51job.com/all/co4288884.html
jobs.51job.com/all/co3691167.html
jobs.51job.com/all/co3529288.html
jobs.51job.com/all/co349409.html
jobs.51job.com/all/co3512566.html
jobs.51job.com/all/co4492744.html
jobs.51job.com/all/co4436691.html
jobs.51job.com/all/co3543526.html
jobs.51job.com/all/co4563869.html
jobs.51job.com/all/co677887.html
jobs.51job.com/all/co4825596.html
jobs.51job.com/all/co2479930.html
jobs.51job.com/all/co2925135.html
jobs.51job.com/all/co2492865.html
jobs.51job.com/all/co3897708.html
jobs.51job.com/all/co230549.html
jobs.51job.com/all/co4580415.html
jobs.51job.com/all/co3397246.html
jobs.51job.com/all/co2359852.html
jobs.51job.com/all/co2930998.html
jobs.51job.com/all/co2947993.html
jobs.51job.com/all/co3693949.html
jobs.51job.com/all/co2625812.html
jobs.51job.com/all/co141361.html
jobs.51job.com/all/co2740790.html
jobs.51job.com/all/co199703.html
jobs.51job.com/all/co3821841.html
jobs.51job.com/all/co4032807.html
jobs.51job.com/all/co4185470.html
jobs.51job.com/all/co4308767.html
jobs.51job.com/all/co4842555.html
zj32.51job.com
jobs.51job.com/all/co2354417.html
jobs.51job.com/all/co2572838.html
jobs.51job.com/all/co3009992.html
jobs.51job.com/all/co4605592.html
jobs.51job.com/all/co3765083.html
jobs.51job.com/all/co3406547.html
jobs.51job.com/all/co2620316.html
jobs.51job.com/all/co2733559.html
jobs.51job.com/all/co4568401.html
jobs.51job.com/all/co148764.html
jobs.51job.com/all/co3884870.html
jobs.51job.com/all/co4338380.html
jobs.51job.com/all/co3780186.html
jobs.51job.com/all/co4701833.html
jobs.51job.com/all/co4918056.html
jobs.51job.com/all/co4847164.html
jobs.51job.com/all/co4957458.html
jobs.51job.com/all/co3955392.html
jobs.51job.com/all/co2220020.html
jobs.51job.com/all/co3828456.html
jobs.51job.com/all/co4145470.html
jobs.51job.com/all/co4948641.html
zjsj.51job.com/
jobs.51job.com/all/co3799743.html
jobs.51job.com/all/co109616.html
jobs.51job.com/all/co4037113.html
jobs.51job.com/all/co3853131.html
jobs.51job.com/all/co2038547.html
jobs.51job.com/all/co3155092.html
jobs.51job.com/all/co2710050.html
jobs.51job.com/all/co2906801.html
jobs.51job.com/all/co4577820.html
jobs.51job.com/all/co3585028.html
jobs.51job.com/all/co3266649.html
jobs.51job.com/all/co4662684.html
jobs.51job.com/all/co1017776.html
jobs.51job.com/all/co4032593.html
jobs.51job.com/all/co2444715.html
jobs.51job.com/all/co2523742.html
jobs.51job.com/all/co2645722.html
jobs.51job.com/all/co3353288.html
jobs.51job.com/all/co4325527.html
jobs.51job.com/all/co2724983.html
jobs.51job.com/all/co4332204.html
jobs.51job.com/all/co4641658.html
jobs.51job.com/all/co2263129.html
jobs.51job.com/all/co4301456.html
jobs.51job.com/all/co4326931.html
jobs.51job.com/all/co2382812.html
jobs.51job.com/all/co3031376.html
jobs.51job.com/all/co4668273.html
jobs.51job.com/all/co4418934.html
jobs.51job.com/all/co3625249.html
jobs.51job.com/all/co4894510.html
jobs.51job.com/all/co3702074.html
jobs.51job.com/all/co4766878.html
jobs.51job.com/all/co3660778.html
jobs.51job.com/all/co2950794.html
jobs.51job.com/all/co2958957.html
jobs.51job.com/all/co3567699.html
jobs.51job.com/all/co4735682.html
jobs.51job.com/all/co2256430.html
jobs.51job.com/all/co3963913.html
jobs.51job.com/all/co3169843.html
jobs.51job.com/all/co3887236.html
jobs.51job.com/all/co4287254.html
jobs.51job.com/all/co2844713.html
jobs.51job.com/all/co2504269.html
jobs.51job.com/all/co2952416.html
jobs.51job.com/all/co3592523.html
jobs.51job.com/all/co2826519.html
jobs.51job.com/all/co3126589.html
jobs.51job.com/all/co576250.html
jobs.51job.com/all/co2255924.html
jobs.51job.com/all/co4355007.html
jobs.51job.com/all/co3092857.html
jobs.51job.com/all/co3032193.html
jobs.51job.com/all/co4094001.html
jobs.51job.com/all/co511793.html
jobs.51job.com/all/co4865089.html
jobs.51job.com/all/co3852523.html
jobs.51job.com/all/co3253939.html
jobs.51job.com/all/co3233428.html
jobs.51job.com/all/co3428718.html
jobs.51job.com/all/co3457732.html
jobs.51job.com/all/co3175592.html
jobs.51job.com/all/co562220.html
jobs.51job.com/all/co3044901.html
jobs.51job.com/all/co2532082.html
jobs.51job.com/all/co4220891.html
jobs.51job.com/all/co2693258.html
jobs.51job.com/all/co3827306.html
jobs.51job.com/all/co4034276.html
jobs.51job.com/all/co2386540.html
jobs.51job.com/all/co4785140.html
jobs.51job.com/all/co4463215.html
jobs.51job.com/all/co191556.html
jobs.51job.com/all/co3226587.html
jobs.51job.com/all/co4726004.html
jobs.51job.com/all/co2679277.html
jobs.51job.com/all/co4597234.html
jobs.51job.com/all/co2378456.html
jobs.51job.com/all/co4923764.html
jobs.51job.com/all/co4312480.html
jobs.51job.com/all/co2411668.html
jobs.51job.com/all/co4853580.html
jobs.51job.com/all/co3138595.html
jobs.51job.com/all/co2078909.html
jobs.51job.com/all/co2591207.html
jobs.51job.com/all/co3693163.html
jobs.51job.com/all/co3106768.html
jobs.51job.com/all/co4619803.html
jobs.51job.com/all/co4545571.html
jobs.51job.com/all/co4002298.html
jobs.51job.com/all/co2455575.html
jobs.51job.com/all/co2607488.html
jobs.51job.com/all/co162839.html
jobs.51job.com/all/co2651294.html
jobs.51job.com/all/co2851068.html
jobs.51job.com/all/co4918181.html
jobs.51job.com/all/co4815271.html
jobs.51job.com/all/co4486119.html
jobs.51job.com/all/co148741.html
jobs.51job.com/all/co3390670.html
jobs.51job.com/all/co211330.html
jobs.51job.com/all/co2880368.html
jobs.51job.com/all/co3793405.html
jobs.51job.com/all/co3697459.html
jobs.51job.com/all/co3677620.html
jobs.51job.com/all/co2275701.html
jobs.51job.com/all/co2700826.html
jobs.51job.com/all/co4752620.html
jobs.51job.com/all/co3327291.html
jobs.51job.com/all/co1505433.html
jobs.51job.com/all/co3825781.html
jobs.51job.com/all/co3913313.html
jobs.51job.com/all/co2900131.html
jobs.51job.com/all/co3031318.html
jobs.51job.com/all/co3397202.html
jobs.51job.com/all/co4936237.html
jobs.51job.com/all/co4488132.html
jobs.51job.com/all/co4835929.html
jobs.51job.com/all/co4024904.html
jobs.51job.com/all/co2389024.html
jobs.51job.com/all/co4098930.html
jobs.51job.com/all/co4492739.html
jobs.51job.com/all/co2748775.html
jobs.51job.com/all/co2546282.html
jobs.51job.com/all/co2645704.html
jobs.51job.com/all/co2459352.html
jobs.51job.com/all/co2024639.html
jobs.51job.com/all/co4302030.html
jobs.51job.com/all/co3185599.html
jobs.51job.com/all/co2983585.html
jobs.51job.com/all/co4867665.html
jobs.51job.com/all/co2205617.html
jobs.51job.com/all/co2672957.html
jobs.51job.com/all/co4286184.html
jobs.51job.com/all/co164497.html
jobs.51job.com/all/co1216320.html
jobs.51job.com/all/co4726872.html
jobs.51job.com/all/co3774979.html
jobs.51job.com/all/co3258953.html
jobs.51job.com/all/co2792404.html
jobs.51job.com/all/co2063660.html
jobs.51job.com/all/co2263306.html
jobs.51job.com/all/co4360828.html
jobs.51job.com/all/co2988479.html
jobs.51job.com/all/co2238649.html
jobs.51job.com/all/co3028217.html
jobs.51job.com/all/co3428393.html
jobs.51job.com/all/co4442876.html
jobs.51job.com/all/co4872600.html
jobs.51job.com/all/co3045817.html
jobs.51job.com/all/co2158989.html
danfoss.51job.com
jobs.51job.com/all/co2313775.html
jobs.51job.com/all/co4618958.html
jobs.51job.com/all/co4875017.html
jobs.51job.com/all/co2693645.html
jobs.51job.com/all/co2675243.html
jobs.51job.com/all/co2156349.html
jobs.51job.com/all/co3622460.html
jobs.51job.com/all/co3829587.html
jobs.51job.com/all/co4596709.html
jobs.51job.com/all/co4789323.html
jobs.51job.com/all/co3484876.html
jobs.51job.com/all/co2282759.html
jobs.51job.com/all/co105413.html
jobs.51job.com/all/co3940007.html
jobs.51job.com/all/co4449395.html
jobs.51job.com/all/co2474851.html
jobs.51job.com/all/co391469.html
jobs.51job.com/all/co1692767.html
jobs.51job.com/all/co2301809.html
jobs.51job.com/all/co2766769.html
jobs.51job.com/all/co3261733.html
jobs.51job.com/all/co3228787.html
jobs.51job.com/all/co2921850.html
jobs.51job.com/all/co3522219.html
jobs.51job.com/all/co175921.html
jobs.51job.com/all/co2283685.html
jobs.51job.com/all/co2409621.html
jobs.51job.com/all/co4641779.html
jobs.51job.com/all/co2249279.html
jobs.51job.com/all/co2307796.html
jobs.51job.com/all/co3711025.html
jobs.51job.com/all/co3381991.html
jobs.51job.com/all/co4346057.html
jobs.51job.com/all/co562017.html
jobs.51job.com/all/co2270722.html
jobs.51job.com/all/co3747228.html
jobs.51job.com/all/co3680729.html
jobs.51job.com/all/co2393080.html
jobs.51job.com/all/co3009923.html
jobs.51job.com/all/co3877828.html
jobs.51job.com/all/co2550472.html
jobs.51job.com/all/co349222.html
jobs.51job.com/all/co2197159.html
jobs.51job.com/all/co823250.html
jobs.51job.com/all/co2848336.html
jobs.51job.com/all/co4486886.html
jobs.51job.com/all/co2935334.html
jobs.51job.com/all/co3841919.html
jobs.51job.com/all/co2467045.html
jobs.51job.com/all/co2479294.html
jobs.51job.com/all/co2627534.html
jobs.51job.com/all/co3238996.html
jobs.51job.com/all/co4375365.html
jobs.51job.com/all/co2012520.html
jobs.51job.com/all/co2256283.html
jobs.51job.com/all/co4625867.html
jobs.51job.com/all/co4758143.html
jobs.51job.com/all/co4015857.html
jobs.51job.com/all/co519209.html
jobs.51job.com/all/co4504849.html
jobs.51job.com/all/co3683130.html
jobs.51job.com/all/co4914284.html
jobs.51job.com/all/co4027297.html
jobs.51job.com/all/co2682099.html
jobs.51job.com/all/co3309501.html
jobs.51job.com/all/co4696860.html
jobs.51job.com/all/co3420515.html
jobs.51job.com/all/co2419613.html
jobs.51job.com/all/co3563422.html
jobs.51job.com/all/co3198583.html
jobs.51job.com/all/co2305161.html
jobs.51job.com/all/co4549354.html
jobs.51job.com/all/co457511.html
jobs.51job.com/all/co1683129.html
jobs.51job.com/all/co2889713.html
jobs.51job.com/all/co4583345.html
jobs.51job.com/all/co4414028.html
jobs.51job.com/all/co3929098.html
jobs.51job.com/all/co4519356.html
jobs.51job.com/all/co117942.html
jobs.51job.com/all/co2787419.html
jobs.51job.com/all/co2509595.html
jobs.51job.com/all/co2730274.html
jobs.51job.com/all/co3031191.html
jobs.51job.com/all/co4700068.html
jobs.51job.com/all/co170819.html
jobs.51job.com/all/co4240302.html
jobs.51job.com/all/co3535373.html
jobs.51job.com/all/co3016236.html
jobs.51job.com/all/co859577.html
jobs.51job.com/all/co3704217.html
jobs.51job.com/all/co4676201.html
jobs.51job.com/all/co3226324.html
jobs.51job.com/all/co3946703.html
jobs.51job.com/all/co3428886.html
jobs.51job.com/all/co4904570.html
jobs.51job.com/all/co3735155.html
jobs.51job.com/all/co4896669.html
jobs.51job.com/all/co4667017.html
jobs.51job.com/all/co2037666.html
jobs.51job.com/all/co4894526.html
jobs.51job.com/all/co4622052.html
jobs.51job.com/all/co3525481.html
jobs.51job.com/all/co3403152.html
jobs.51job.com/all/co2897705.html
jobs.51job.com/all/co3944102.html
jobs.51job.com/all/co4331853.html
jobs.51job.com/all/co2944257.html
jobs.51job.com/all/co4875239.html
jobs.51job.com/all/co4677969.html
jobs.51job.com/all/co2927161.html
jobs.51job.com/all/co4870635.html
jobs.51job.com/all/co4253094.html
jobs.51job.com/all/co3183203.html
jobs.51job.com/all/co2645727.html
jobs.51job.com/all/co4883350.html
jobs.51job.com/all/co3270075.html
jobs.51job.com/all/co2237051.html
jobs.51job.com/all/co4518241.html
jobs.51job.com/all/co3714832.html
jobs.51job.com/all/co3082159.html
jobs.51job.com/all/co4164075.html
jobs.51job.com/all/co2050989.html
jobs.51job.com/all/co2679697.html
jobs.51job.com/all/co4921033.html
jobs.51job.com/all/co3697247.html
jobs.51job.com/all/co256098.html
jobs.51job.com/all/co2645749.html
jobs.51job.com/all/co2865646.html
jobs.51job.com/all/co3154180.html
jobs.51job.com/all/co3140372.html
jobs.51job.com/all/co2733336.html
jobs.51job.com/all/co3750849.html
jobs.51job.com/all/co2667546.html
jobs.51job.com/all/co1196956.html
jobs.51job.com/all/co4453959.html
jobs.51job.com/all/co3853054.html
jobs.51job.com/all/co2605388.html
jobs.51job.com/all/co2645752.html
jobs.51job.com/all/co4042701.html
jobs.51job.com/all/co4215892.html
jobs.51job.com/all/co4610209.html
jobs.51job.com/all/co4182530.html
jobs.51job.com/all/co2936631.html
jobs.51job.com/all/co3226697.html
jobs.51job.com/all/co2742567.html
jobs.51job.com/all/co2278254.html
jobs.51job.com/all/co3996207.html
jobs.51job.com/all/co2539590.html
jobs.51job.com/all/co2312491.html
jobs.51job.com/all/co774093.html
jobs.51job.com/all/co2275224.html
jobs.51job.com/all/co2582603.html
jobs.51job.com/all/co3353334.html
jobs.51job.com/all/co4064256.html
jobs.51job.com/all/co3130323.html
jobs.51job.com/all/co2354594.html
jobs.51job.com/all/co726938.html
jobs.51job.com/all/co2721787.html
jobs.51job.com/all/co4071231.html
jobs.51job.com/all/co4551586.html
jobs.51job.com/all/co2308023.html
jobs.51job.com/all/co3838473.html
jobs.51job.com/all/co4875997.html
jobs.51job.com/all/co4867568.html
jobs.51job.com/all/co2732306.html
jobs.51job.com/all/co2818744.html
jobs.51job.com/all/co3183048.html
jobs.51job.com/all/co2686438.html
jobs.51job.com/all/co3026097.html
jobs.51job.com/all/co2558175.html
jobs.51job.com/all/co3551296.html
jobs.51job.com/all/co2598822.html
jobs.51job.com/all/co4167311.html
jobs.51job.com/all/co3239293.html
jobs.51job.com/all/co2232228.html
jobs.51job.com/all/co3023949.html
jobs.51job.com/all/co134910.html
jobs.51job.com/all/co2790481.html
jobs.51job.com/all/co4624434.html
jobs.51job.com/all/co3667909.html
jobs.51job.com/all/co2424430.html
jobs.51job.com/all/co2711219.html
jobs.51job.com/all/co4156284.html
jobs.51job.com/all/co1471583.html
jobs.51job.com/all/co2310391.html
jobs.51job.com/all/co3678309.html
jobs.51job.com/all/co4147130.html
jobs.51job.com/all/co3884416.html
jobs.51job.com/all/co4403589.html
jobs.51job.com/all/co4531257.html
jobs.51job.com/all/co3549586.html
jobs.51job.com/all/co3464689.html
jobs.51job.com/all/co254782.html
jobs.51job.com/all/co3280219.html
jobs.51job.com/all/co3148987.html
jobs.51job.com/all/co4339834.html
jobs.51job.com/all/co3753210.html
jobs.51job.com/all/co4931437.html
jobs.51job.com/all/co4105559.html
jobs.51job.com/all/co358481.html
jobs.51job.com/all/co3983613.html
jobs.51job.com/all/co3944983.html
jobs.51job.com/all/co2651794.html
jobs.51job.com/all/co4383842.html
jobs.51job.com/all/co3393010.html
jobs.51job.com/all/co2763838.html
jobs.51job.com/all/co2709724.html
jobs.51job.com/all/co1842779.html
jobs.51job.com/all/co2757603.html
jobs.51job.com/all/co2574332.html
jobs.51job.com/all/co2702235.html
jobs.51job.com/all/co4504935.html
jobs.51job.com/all/co3570142.html
jobs.51job.com/all/co2388917.html
jobs.51job.com/all/co4160173.html
jobs.51job.com/all/co4857427.html
jobs.51job.com/all/co4488395.html
jobs.51job.com/all/co3659163.html
jobs.51job.com/all/co3966272.html
jobs.51job.com/all/co4237409.html
jobs.51job.com/all/co4197665.html
jobs.51job.com/all/co3081617.html
jobs.51job.com/all/co2228545.html
jobs.51job.com/all/co4655887.html
jobs.51job.com/all/co2552420.html
jobs.51job.com/all/co3079268.html
jobs.51job.com/all/co3978382.html
jobs.51job.com/all/co2401281.html
jobs.51job.com/all/co3398974.html
jobs.51job.com/all/co2981770.html
jobs.51job.com/all/co405432.html
jobs.51job.com/all/co1228366.html
jobs.51job.com/all/co3901213.html
jobs.51job.com/all/co3745136.html
jobs.51job.com/all/co3613104.html
jobs.51job.com/all/co4311677.html
jobs.51job.com/all/co497208.html
jobs.51job.com/all/co3735128.html
jobs.51job.com/all/co4432671.html
jobs.51job.com/all/co3633302.html
jobs.51job.com/all/co2665188.html
jobs.51job.com/all/co2390225.html
jobs.51job.com/all/co2861274.html
jobs.51job.com/all/co1444304.html
jobs.51job.com/all/co2950639.html
jobs.51job.com/all/co190476.html
jobs.51job.com/all/co2132734.html
jobs.51job.com/all/co4574653.html
jobs.51job.com/all/co3550130.html
jobs.51job.com/all/co2593019.html
jobs.51job.com/all/co2868292.html
jobs.51job.com/all/co2942493.html
jobs.51job.com/all/co4339178.html
jobs.51job.com/all/co2295842.html
jobs.51job.com/all/co3119497.html
jobs.51job.com/all/co2587304.html
jobs.51job.com/all/co2414871.html
jobs.51job.com/all/co4521129.html
jobs.51job.com/all/co3998574.html
jobs.51job.com/all/co2430203.html
jobs.51job.com/all/co4473238.html
jobs.51job.com/all/co4012170.html
jobs.51job.com/all/co4604121.html
jobs.51job.com/all/co2344648.html
jobs.51job.com/all/co4868668.html
jobs.51job.com/all/co2591644.html
jobs.51job.com/all/co4475640.html
jobs.51job.com/all/co4146142.html
jobs.51job.com/all/co4581086.html
jobs.51job.com/all/co3148907.html
jobs.51job.com/all/co276761.html
jobs.51job.com/all/co2991814.html
jobs.51job.com/all/co2395558.html
jobs.51job.com/all/co2841155.html
jobs.51job.com/all/co3531427.html
jobs.51job.com/all/co4218987.html
jobs.51job.com/all/co4054187.html
jobs.51job.com/all/co4346099.html
jobs.51job.com/all/co4900526.html
jobs.51job.com/all/co4059680.html
jobs.51job.com/all/co1353838.html
jobs.51job.com/all/co4036231.html
jobs.51job.com/all/co2871692.html
jobs.51job.com/all/co2903032.html
jobs.51job.com/all/co2010629.html
jobs.51job.com/all/co2638748.html
jobs.51job.com/all/co4416358.html
jobs.51job.com/all/co2550337.html
jobs.51job.com/all/co2645717.html
jobs.51job.com/all/co3799243.html
jobs.51job.com/all/co4224884.html
jobs.51job.com/all/co4115301.html
jobs.51job.com/all/co2986908.html
jobs.51job.com/all/co2630239.html
jobs.51job.com/all/co3936546.html
jobs.51job.com/all/co2177507.html
jobs.51job.com/all/co3232947.html
jobs.51job.com/all/co3479980.html
jobs.51job.com/all/co201395.html
jobs.51job.com/all/co3413729.html
jobs.51job.com/all/co310480.html
jobs.51job.com/all/co4442516.html
jobs.51job.com/all/co2439119.html
jobs.51job.com/all/co3274371.html
jobs.51job.com/all/co2733569.html
jobs.51job.com/all/co2648574.html
jobs.51job.com/all/co4852757.html
jobs.51job.com/all/co2082903.html
jobs.51job.com/all/co3842497.html
jobs.51job.com/all/co2680246.html
jobs.51job.com/all/co3853460.html
jobs.51job.com/all/co2225130.html
jobs.51job.com/all/co2741122.html
bre600708.51job.com
jobs.51job.com/all/co3406845.html
jobs.51job.com/all/co2947954.html
jobs.51job.com/all/co2388501.html
jobs.51job.com/all/co3322351.html
jobs.51job.com/all/co4686583.html
jobs.51job.com/all/co3539158.html
jobs.51job.com/all/co3874956.html
jobs.51job.com/all/co2421752.html
jobs.51job.com/all/co3612169.html
jobs.51job.com/all/co2970529.html
jobs.51job.com/all/co3929173.html
jobs.51job.com/all/co964818.html
jobs.51job.com/all/co3960271.html
jobs.51job.com/all/co2460191.html
jobs.51job.com/all/co2973147.html
jobs.51job.com/all/co3944242.html
jobs.51job.com/all/co2266110.html
jobs.51job.com/all/co3295361.html
jobs.51job.com/all/co2711378.html
jobs.51job.com/all/co3744626.html
jobs.51job.com/all/co3201640.html
jobs.51job.com/all/co4754478.html
jobs.51job.com/all/co4788563.html
jobs.51job.com/all/co2554195.html
jobs.51job.com/all/co3208340.html
jobs.51job.com/all/co2925481.html
jobs.51job.com/all/co2690192.html
jobs.51job.com/all/co4855667.html
jobs.51job.com/all/co4215640.html
jobs.51job.com/all/co4806128.html
jobs.51job.com/all/co2400440.html
jobs.51job.com/all/co2272109.html
jobs.51job.com/all/co4280647.html
jobs.51job.com/all/co3580805.html
jobs.51job.com/all/co4488086.html
jobs.51job.com/all/co3638947.html
jobs.51job.com/all/co3517455.html
jobs.51job.com/all/co272647.html
jobs.51job.com/all/co505648.html
jobs.51job.com/all/co4503192.html
jobs.51job.com/all/co3205404.html
jobs.51job.com/all/co4811752.html
jobs.51job.com/all/co2120049.html
jobs.51job.com/all/co4128216.html
jobs.51job.com/all/co3843278.html
jobs.51job.com/all/co3381213.html
jobs.51job.com/all/co2963098.html
jobs.51job.com/all/co4837220.html
jobs.51job.com/all/co3303039.html
jobs.51job.com/all/co2866429.html
jobs.51job.com/all/co2557739.html
jobs.51job.com/all/co4088039.html
jobs.51job.com/all/co3063879.html
jobs.51job.com/all/co2868528.html
jobs.51job.com/all/co2645742.html
jobs.51job.com/all/co4805202.html
jobs.51job.com/all/co3860711.html
jobs.51job.com/all/co3045090.html
jobs.51job.com/all/co2352025.html
jobs.51job.com/all/co4370207.html
jobs.51job.com/all/co3433743.html
jobs.51job.com/all/co4904339.html
jobs.51job.com/all/co3660501.html
jobs.51job.com/all/co2386447.html
jobs.51job.com/all/co3891387.html
jobs.51job.com/all/co2220834.html
jobs.51job.com/all/co2947178.html
jobs.51job.com/all/co3905815.html
jobs.51job.com/all/co4422881.html
jobs.51job.com/all/co4913565.html
jobs.51job.com/all/co4942432.html
jobs.51job.com/all/co3912363.html
jobs.51job.com/all/co4575557.html
jobs.51job.com/all/co3482754.html
jobs.51job.com/all/co2421137.html
jobs.51job.com/all/co3809434.html
jobs.51job.com/all/co300909.html
jobs.51job.com/all/co2360569.html
jobs.51job.com/all/co3527607.html
jobs.51job.com/all/co3412047.html
jobs.51job.com/all/co3567828.html
jobs.51job.com/all/co4931211.html
jobs.51job.com/all/co4682090.html
jobs.51job.com/all/co3950225.html
jobs.51job.com/all/co2693540.html
jobs.51job.com/all/co4403542.html
jobs.51job.com/all/co3610872.html
jobs.51job.com/all/co2535565.html
jobs.51job.com/all/co3364626.html
jobs.51job.com/all/co2475819.html
jobs.51job.com/all/co3308908.html
jobs.51job.com/all/co229229.html
jobs.51job.com/all/co2400373.html
jobs.51job.com/all/co2429163.html
jobs.51job.com/all/co4454688.html
jobs.51job.com/all/co4212771.html
jobs.51job.com/all/co3910221.html
jobs.51job.com/all/co3618284.html
jobs.51job.com/all/co4855233.html
jobs.51job.com/all/co3680361.html
jobs.51job.com/all/co2754875.html
jobs.51job.com/all/co2514060.html
jobs.51job.com/all/co3644598.html
jobs.51job.com/all/co4160671.html
jobs.51job.com/all/co2845285.html
jobs.51job.com/all/co3546361.html
jobs.51job.com/all/co2962221.html
jobs.51job.com/all/co4874448.html
jobs.51job.com/all/co3833785.html
jobs.51job.com/all/co3223997.html
jobs.51job.com/all/co4372857.html
ldjt.51job.com/job_list2.php?company=2479056
jobs.51job.com/all/co4268890.html
jobs.51job.com/all/co4030971.html
jobs.51job.com/all/co2551218.html
jobs.51job.com/all/co3820020.html
jobs.51job.com/all/co4875080.html
jobs.51job.com/all/co4048091.html
jobs.51job.com/all/co3648676.html
jobs.51job.com/all/co3044911.html
jobs.51job.com/all/co2546836.html
jobs.51job.com/all/co3309510.html
jobs.51job.com/all/co316507.html
jobs.51job.com/all/co2771151.html
jobs.51job.com/all/co4684114.html
jobs.51job.com/all/co3437828.html
jobs.51job.com/all/co3324611.html
jobs.51job.com/all/co3894200.html
jobs.51job.com/all/co4209729.html
jobs.51job.com/all/co4691732.html
jobs.51job.com/all/co4028437.html
jobs.51job.com/all/co4874847.html
jobs.51job.com/all/co4864979.html
jobs.51job.com/all/co4180773.html
jobs.51job.com/all/co4458378.html
jobs.51job.com/all/co3908423.html
jobs.51job.com/all/co2293004.html
jobs.51job.com/all/co677836.html
jobs.51job.com/all/co3266690.html
jobs.51job.com/all/co3553375.html
jobs.51job.com/all/co2396205.html
jobs.51job.com/all/co140840.html
jobs.51job.com/all/co4299979.html
jobs.51job.com/all/co4367893.html
jobs.51job.com/all/co4894460.html
jobs.51job.com/all/co3721241.html
jobs.51job.com/all/co2198789.html
jobs.51job.com/all/co3331618.html
jobs.51job.com/all/co3083955.html
jobs.51job.com/all/co2640044.html
jobs.51job.com/all/co2802076.html
jobs.51job.com/all/co319417.html
jobs.51job.com/all/co4308370.html
jobs.51job.com/all/co2022625.html
jobs.51job.com/all/co3879610.html
jobs.51job.com/all/co3504586.html
jobs.51job.com/all/co4849203.html
jobs.51job.com/all/co4876142.html
jobs.51job.com/all/co2722538.html
jobs.51job.com/all/co4446816.html
jobs.51job.com/all/co2309233.html
jobs.51job.com/all/co3838951.html
jobs.51job.com/all/co2907927.html
jobs.51job.com/all/co4563851.html
jobs.51job.com/all/co4668158.html
jobs.51job.com/all/co4784557.html
jobs.51job.com/all/co2694501.html
jobs.51job.com/all/co503329.html
jobs.51job.com/all/co3178708.html
jobs.51job.com/all/co4718868.html
jobs.51job.com/all/co4342895.html
jobs.51job.com/all/co4820078.html
jobs.51job.com/all/co3560316.html
jobs.51job.com/all/co2940230.html
jobs.51job.com/all/co4207363.html
ab-inbev.51job.com
jobs.51job.com/all/co2420001.html
jobs.51job.com/all/co2550920.html
jobs.51job.com/all/co3069257.html
jobs.51job.com/all/co2440000.html
jobs.51job.com/all/co2401841.html
jobs.51job.com/all/co2549239.html
jobs.51job.com/all/co3767975.html
jobs.51job.com/all/co2686475.html
jobs.51job.com/all/co3857092.html
jobs.51job.com/all/co4640986.html
jobs.51job.com/all/co4002610.html
jobs.51job.com/all/co2191801.html
jobs.51job.com/all/co4008109.html
jobs.51job.com/all/co4267877.html
jobs.51job.com/all/co3941685.html
jobs.51job.com/all/co4497646.html
jobs.51job.com/all/co2546228.html
jobs.51job.com/all/co3948664.html
jobs.51job.com/all/co3884279.html
jobs.51job.com/all/co4191199.html
jobs.51job.com/all/co4071757.html
jobs.51job.com/all/co2741719.html
jobs.51job.com/all/co4910181.html
jobs.51job.com/all/co4861928.html
jobs.51job.com/all/co4037517.html
jobs.51job.com/all/co2579432.html
jobs.51job.com/all/co4111976.html
jobs.51job.com/all/co4535195.html
jobs.51job.com/all/co156141.html
jobs.51job.com/all/co3834445.html
jobs.51job.com/all/co2534286.html
jobs.51job.com/all/co2762009.html
jobs.51job.com/all/co3206384.html
jobs.51job.com/all/co4439747.html
jobs.51job.com/all/co4570034.html
jobs.51job.com/all/co3212436.html
jobs.51job.com/all/co3018733.html
jobs.51job.com/all/co3150142.html
jobs.51job.com/all/co3190859.html
jobs.51job.com/all/co4048798.html
jobs.51job.com/all/co3665552.html
jobs.51job.com/all/co4867928.html
jobs.51job.com/all/co4337332.html
jobs.51job.com/all/co4632658.html
jobs.51job.com/all/co4585296.html
jobs.51job.com/all/co4900298.html
jobs.51job.com/all/co2866178.html
jobs.51job.com/all/co2895280.html
jobs.51job.com/all/co4837948.html
jobs.51job.com/all/co4084242.html
jobs.51job.com/all/co192044.html
jobs.51job.com/all/co3233090.html
jobs.51job.com/all/co2772211.html
jobs.51job.com/all/co3915098.html
jobs.51job.com/all/co4518763.html
jobs.51job.com/all/co2455764.html
jobs.51job.com/all/co3004305.html
jobs.51job.com/all/co4062179.html
jobs.51job.com/all/co4870259.html
jobs.51job.com/all/co4541918.html
jobs.51job.com/all/co2724344.html
jobs.51job.com/all/co4056364.html
jobs.51job.com/all/co4293766.html
jobs.51job.com/all/co174858.html
jobs.51job.com/all/co3563209.html
jobs.51job.com/all/co2891098.html
jobs.51job.com/all/co4373507.html
jobs.51job.com/all/co3552246.html
jobs.51job.com/all/co4298626.html
jobs.51job.com/all/co4485988.html
jobs.51job.com/all/co3853271.html
jobs.51job.com/all/co4865612.html
jobs.51job.com/all/co4448670.html
jobs.51job.com/all/co4748525.html
jobs.51job.com/all/co4781242.html
jobs.51job.com/all/co3631323.html
jobs.51job.com/all/co2722982.html
jobs.51job.com/all/co3963707.html
jobs.51job.com/all/co3755278.html
jobs.51job.com/all/co2598956.html
jobs.51job.com/all/co2418581.html
jobs.51job.com/all/co2557141.html
jobs.51job.com/all/co4398970.html
jobs.51job.com/all/co2742977.html
jobs.51job.com/all/co4453364.html
jobs.51job.com/all/co3150447.html
jobs.51job.com/all/co4387723.html
jobs.51job.com/all/co2342371.html
jobs.51job.com/all/co4631780.html
jobs.51job.com/all/co3573272.html
jobs.51job.com/all/co4529891.html
jobs.51job.com/all/co2182874.html
jobs.51job.com/all/co1236787.html
jobs.51job.com/all/co2424707.html
jobs.51job.com/all/co3341136.html
jobs.51job.com/all/co4587350.html
jobs.51job.com/all/co2970669.html
jobs.51job.com/all/co2494171.html
jobs.51job.com/all/co2241240.html
jobs.51job.com/all/co4456392.html
jobs.51job.com/all/co1146173.html
jobs.51job.com/all/co3484253.html
jobs.51job.com/all/co2542858.html
jobs.51job.com/all/co4585727.html
jobs.51job.com/all/co2596222.html
jobs.51job.com/all/co4341946.html
jobs.51job.com/all/co2555890.html
jobs.51job.com/all/co4113801.html
jobs.51job.com/all/co4432902.html
jobs.51job.com/all/co298496.html
jobs.51job.com/all/co3664346.html
jobs.51job.com/all/co2066414.html
jobs.51job.com/all/co3814052.html
zj32.51job.com
jobs.51job.com/all/co2639865.html
jobs.51job.com/all/co4871180.html
jobs.51job.com/all/co3059729.html
jobs.51job.com/all/co3818695.html
jobs.51job.com/all/co3124434.html
jobs.51job.com/all/co4727543.html
jobs.51job.com/all/co236423.html
jobs.51job.com/all/co3372646.html
jobs.51job.com/all/co3086804.html
jobs.51job.com/all/co4863557.html
jobs.51job.com/all/co4020793.html
jobs.51job.com/all/co4243694.html
jobs.51job.com/all/co2558817.html
jobs.51job.com/all/co3209543.html
jobs.51job.com/all/co4212648.html
jobs.51job.com/all/co2097055.html
jobs.51job.com/all/co2710338.html
jobs.51job.com/all/co4839047.html
jobs.51job.com/all/co4850581.html
jobs.51job.com/all/co3844964.html
jobs.51job.com/all/co2917983.html
jobs.51job.com/all/co3081455.html
jobs.51job.com/all/co4645455.html
jobs.51job.com/all/co2781993.html
jobs.51job.com/all/co4114048.html
jobs.51job.com/all/co3711965.html
jobs.51job.com/all/co201905.html
jobs.51job.com/all/co2772534.html
jobs.51job.com/all/co4577021.html
jobs.51job.com/all/co1988228.html
jobs.51job.com/all/co3298819.html
jobs.51job.com/all/co4195547.html
jobs.51job.com/all/co3507302.html
jobs.51job.com/all/co3107287.html
jobs.51job.com/all/co3170622.html
jobs.51job.com/all/co3063016.html
jobs.51job.com/all/co3968693.html
jobs.51job.com/all/co2966940.html
jobs.51job.com/all/co3696257.html
jobs.51job.com/all/co3768172.html
jobs.51job.com/all/co3099174.html
jobs.51job.com/all/co4641733.html
jobs.51job.com/all/co2609722.html
jobs.51job.com/all/co2211269.html
jobs.51job.com/all/co4309608.html
jobs.51job.com/all/co4694625.html
jobs.51job.com/all/co4829178.html
jobs.51job.com/all/co4829178.html
jobs.51job.com/all/co4829178.html
jobs.51job.com/all/co4829178.html
jobs.51job.com/all/co4829178.html
jobs.51job.com/all/co4829178.html
jobs.51job.com/all/co3581800.html
jobs.51job.com/all/co4895282.html
jobs.51job.com/all/co2139557.html
jobs.51job.com/all/co3257366.html
jobs.51job.com/all/co3960557.html
jobs.51job.com/all/co4749765.html
jobs.51job.com/all/co4749765.html
jobs.51job.com/all/co4749765.html
jobs.51job.com/all/co4600642.html
jobs.51job.com/all/co3696187.html
jobs.51job.com/all/co3022396.html
jobs.51job.com/all/co3022396.html
jobs.51job.com/all/co3338895.html
jobs.51job.com/all/co2225467.html
jobs.51job.com/all/co1987960.html
jobs.51job.com/all/co1987960.html
jobs.51job.com/all/co1987960.html
jobs.51job.com/all/co1987960.html
jobs.51job.com/all/co1987960.html
jobs.51job.com/all/co1987960.html
jobs.51job.com/all/co3543526.html
jobs.51job.com/all/co230549.html
jobs.51job.com/all/co230549.html
jobs.51job.com/all/co141361.html
jobs.51job.com/all/co2225467.html
jobs.51job.com/all/co4032807.html
jobs.51job.com/all/co2627891.html
jobs.51job.com/all/co2627891.html
jobs.51job.com/all/co2627891.html
jobs.51job.com/all/co2627891.html
jobs.51job.com/all/co2627891.html
jobs.51job.com/all/co2627891.html
jobs.51job.com/all/co4842555.html
jobs.51job.com/all/co1987960.html
jobs.51job.com/all/co1987960.html
jobs.51job.com/all/co1987960.html
jobs.51job.com/all/co1987960.html
jobs.51job.com/all/co1987960.html
zj32.51job.com
zj32.51job.com
zj32.51job.com
jobs.51job.com/all/co2225467.html
jobs.51job.com/all/co3868399.html
jobs.51job.com/all/co230549.html
jobs.51job.com/all/co230549.html
jobs.51job.com/all/co230549.html
jobs.51job.com/all/co230549.html
jobs.51job.com/all/co230549.html
jobs.51job.com/all/co230549.html
jobs.51job.com/all/co230549.html
jobs.51job.com/all/co230549.html
jobs.51job.com/all/co3099174.html
jobs.51job.com/all/co3828456.html
zjsj.51job.com/
jobs.51job.com/all/co3796384.html
jobs.51job.com/all/co3796384.html
jobs.51job.com/all/co3853131.html
jobs.51job.com/all/co3853131.html
jobs.51job.com/all/co3155092.html
jobs.51job.com/all/co4577820.html
jobs.51job.com/all/co3585028.html
jobs.51job.com/all/co2726822.html
jobs.51job.com/all/co2726822.html
jobs.51job.com/all/co2726822.html
jobs.51job.com/all/co2726822.html
jobs.51job.com/all/co3036870.html
jobs.51job.com/all/co3036870.html
jobs.51job.com/all/co2760637.html
jobs.51job.com/all/co2523742.html
jobs.51job.com/all/co4325527.html
jobs.51job.com/all/co2724983.html
jobs.51job.com/all/co2694499.html
jobs.51job.com/all/co2694499.html
jobs.51job.com/all/co3965659.html
jobs.51job.com/all/co4418934.html
jobs.51job.com/all/co3625249.html
jobs.51job.com/all/co3257366.html
jobs.51job.com/all/co4246957.html
jobs.51job.com/all/co2629276.html
jobs.51job.com/all/co4948641.html
jobs.51job.com/all/co4948641.html
jobs.51job.com/all/co2958957.html
jobs.51job.com/all/co4735682.html
jobs.51job.com/all/co2256430.html
jobs.51job.com/all/co2629276.html
jobs.51job.com/all/co3963913.html
jobs.51job.com/all/co3266649.html
jobs.51job.com/all/co2444715.html
jobs.51job.com/all/co3887236.html
jobs.51job.com/all/co576250.html
jobs.51job.com/all/co576250.html
jobs.51job.com/all/co2479930.html
jobs.51job.com/all/co2479930.html
jobs.51job.com/all/co2479930.html
jobs.51job.com/all/co2479930.html
jobs.51job.com/all/co4355007.html
jobs.51job.com/all/co4865089.html
jobs.51job.com/all/co4865089.html
jobs.51job.com/all/co3581800.html
jobs.51job.com/all/co3827306.html
jobs.51job.com/all/co4918056.html
jobs.51job.com/all/co4918056.html
jobs.51job.com/all/co2710050.html
jobs.51job.com/all/co2710050.html
jobs.51job.com/all/co4597234.html
jobs.51job.com/all/co663699.html
jobs.51job.com/all/co2950794.html
jobs.51job.com/all/co3702074.html
jobs.51job.com/all/co3572416.html
jobs.51job.com/all/co3887236.html
jobs.51job.com/all/co4923764.html
jobs.51job.com/all/co3572416.html
jobs.51job.com/all/co4853580.html
jobs.51job.com/all/co2629276.html
jobs.51job.com/all/co3572416.html
jobs.51job.com/all/co4002298.html
jobs.51job.com/all/co3338895.html
jobs.51job.com/all/co3572416.html
jobs.51job.com/all/co3572416.html
jobs.51job.com/all/co3572416.html
jobs.51job.com/all/co2378456.html
jobs.51job.com/all/co2609722.html
jobs.51job.com/all/co2609722.html
jobs.51job.com/all/co3780186.html
jobs.51job.com/all/co3780186.html
jobs.51job.com/all/co4752620.html
jobs.51job.com/all/co2255924.html
jobs.51job.com/all/co2255924.html
jobs.51job.com/all/co2255924.html
jobs.51job.com/all/co2255924.html
jobs.51job.com/all/co3825781.html
jobs.51job.com/all/co3825781.html
jobs.51job.com/all/co3825781.html
jobs.51job.com/all/co3825781.html
jobs.51job.com/all/co3825781.html
jobs.51job.com/all/co3825781.html
jobs.51job.com/all/co3913313.html
jobs.51job.com/all/co3913313.html
jobs.51job.com/all/co3031318.html
jobs.51job.com/all/co3031318.html
jobs.51job.com/all/co3031318.html
jobs.51job.com/all/co3397202.html
jobs.51job.com/all/co4488132.html
jobs.51job.com/all/co4835929.html
jobs.51job.com/all/co4835929.html
jobs.51job.com/all/co4024904.html
jobs.51job.com/all/co4024904.html
jobs.51job.com/all/co4024904.html
jobs.51job.com/all/co4856309.html
jobs.51job.com/all/co2760637.html
jobs.51job.com/all/co2760637.html
jobs.51job.com/all/co2760637.html
jobs.51job.com/all/co2760637.html
jobs.51job.com/all/co4254921.html
jobs.51job.com/all/co2645704.html
jobs.51job.com/all/co2645704.html
jobs.51job.com/all/co2645704.html
jobs.51job.com/all/co2645704.html
jobs.51job.com/all/co2645704.html
jobs.51job.com/all/co2645704.html
jobs.51job.com/all/co2645722.html
jobs.51job.com/all/co4867665.html
jobs.51job.com/all/co3920190.html
jobs.51job.com/all/co3920190.html
jobs.51job.com/all/co164497.html
jobs.51job.com/all/co2211269.html
jobs.51job.com/all/co2211269.html
jobs.51job.com/all/co3774979.html
jobs.51job.com/all/co3774979.html
jobs.51job.com/all/co2263306.html
jobs.51job.com/all/co2263306.html
jobs.51job.com/all/co4360828.html
jobs.51job.com/all/co2531129.html
jobs.51job.com/all/co4055003.html
jobs.51job.com/all/co4055003.html
jobs.51job.com/all/co3428393.html
jobs.51job.com/all/co3428393.html
jobs.51job.com/all/co3428393.html
jobs.51job.com/all/co3428393.html
jobs.51job.com/all/co4442876.html
jobs.51job.com/all/co4872600.html
jobs.51job.com/all/co3045817.html
jobs.51job.com/all/co2158989.html
jobs.51job.com/all/co2313775.html
jobs.51job.com/all/co4309608.html
jobs.51job.com/all/co4309608.html
jobs.51job.com/all/co2675243.html
jobs.51job.com/all/co2675243.html
jobs.51job.com/all/co2675243.html
jobs.51job.com/all/co2156349.html
jobs.51job.com/all/co3852523.html
jobs.51job.com/all/co3852523.html
jobs.51job.com/all/co3852523.html
jobs.51job.com/all/co3852523.html
jobs.51job.com/all/co4789323.html
jobs.51job.com/all/co4789323.html
jobs.51job.com/all/co2444715.html
jobs.51job.com/all/co3828456.html
jobs.51job.com/all/co3828456.html
jobs.51job.com/all/co3828456.html
jobs.51job.com/all/co3828456.html
jobs.51job.com/all/co3828456.html
jobs.51job.com/all/co3828456.html
jobs.51job.com/all/co3828456.html
jobs.51job.com/all/co3828456.html
jobs.51job.com/all/co3828456.html
jobs.51job.com/all/co3828456.html
jobs.51job.com/all/co3828456.html
jobs.51job.com/all/co3828456.html
jobs.51job.com/all/co3828456.html
jobs.51job.com/all/co4145470.html
jobs.51job.com/all/co4145470.html
jobs.51job.com/all/co3828456.html
jobs.51job.com/all/co3828456.html
jobs.51job.com/all/co3828456.html
jobs.51job.com/all/co3796384.html
jobs.51job.com/all/co3796384.html
jobs.51job.com/all/co3796384.html
jobs.51job.com/all/co3796384.html
jobs.51job.com/all/co3796384.html
jobs.51job.com/all/co2474851.html
jobs.51job.com/all/co2474851.html
jobs.51job.com/all/co4325527.html
jobs.51job.com/all/co391469.html
jobs.51job.com/all/co2301809.html
jobs.51job.com/all/co2959928.html
jobs.51job.com/all/co2921850.html
jobs.51job.com/all/co2959928.html
jobs.51job.com/all/co2959928.html
jobs.51job.com/all/co2959928.html
jobs.51job.com/all/co3677620.html
jobs.51job.com/all/co2249279.html
jobs.51job.com/all/co2307796.html
jobs.51job.com/all/co3711025.html
jobs.51job.com/all/co3256826.html
jobs.51job.com/all/co4346057.html
jobs.51job.com/all/co4346057.html
jobs.51job.com/all/co4346057.html
jobs.51job.com/all/co4346057.html
jobs.51job.com/all/co4346057.html
jobs.51job.com/all/co562017.html
jobs.51job.com/all/co562017.html
jobs.51job.com/all/co2270722.html
jobs.51job.com/all/co2270722.html
jobs.51job.com/all/co2270722.html
jobs.51job.com/all/co2270722.html
jobs.51job.com/all/co3009923.html
jobs.51job.com/all/co2848336.html
jobs.51job.com/all/co2848336.html
jobs.51job.com/all/co2848336.html
jobs.51job.com/all/co2935334.html
jobs.51job.com/all/co2935334.html
jobs.51job.com/all/co2935334.html
jobs.51job.com/all/co2935334.html
jobs.51job.com/all/co2263129.html
jobs.51job.com/all/co2263129.html
jobs.51job.com/all/co2263129.html
jobs.51job.com/all/co2263129.html
jobs.51job.com/all/co3238996.html
jobs.51job.com/all/co4375365.html
jobs.51job.com/all/co2012520.html
jobs.51job.com/all/co2012520.html
jobs.51job.com/all/co2012520.html
jobs.51job.com/all/co2012520.html
jobs.51job.com/all/co4015857.html
jobs.51job.com/all/co4301456.html
jobs.51job.com/all/co4504849.html
jobs.51job.com/all/co3420515.html
jobs.51job.com/all/co2419613.html
jobs.51job.com/all/co2419613.html
jobs.51job.com/all/co3563422.html
jobs.51job.com/all/co3198583.html
jobs.51job.com/all/co1683129.html
jobs.51job.com/all/co4583345.html
jobs.51job.com/all/co4583345.html
jobs.51job.com/all/co4519356.html
jobs.51job.com/all/co4519356.html
jobs.51job.com/all/co4519356.html
jobs.51job.com/all/co148741.html
jobs.51job.com/all/co148741.html
jobs.51job.com/all/co148741.html
jobs.51job.com/all/co173940.html
jobs.51job.com/all/co4700068.html
jobs.51job.com/all/co2501347.html
jobs.51job.com/all/co170819.html
jobs.51job.com/all/co4240302.html
jobs.51job.com/all/co3535373.html
jobs.51job.com/all/co391500.html
jobs.51job.com/all/co391500.html
jobs.51job.com/all/co2693258.html
jobs.51job.com/all/co4895282.html
jobs.51job.com/all/co4895282.html
jobs.51job.com/all/co4895282.html
jobs.51job.com/all/co4895282.html
jobs.51job.com/all/co859577.html
jobs.51job.com/all/co3704217.html
jobs.51job.com/all/co3704217.html
jobs.51job.com/all/co4676201.html
jobs.51job.com/all/co4676201.html
jobs.51job.com/all/co4676201.html
jobs.51job.com/all/co4676201.html
jobs.51job.com/all/co3946703.html
jobs.51job.com/all/co3428886.html
jobs.51job.com/all/co3031376.html
jobs.51job.com/all/co2037666.html
jobs.51job.com/all/co4894526.html
jobs.51job.com/all/co4034276.html
jobs.51job.com/all/co4622052.html
jobs.51job.com/all/co4622052.html
jobs.51job.com/all/co3944102.html
jobs.51job.com/all/co2944257.html
jobs.51job.com/all/co4875239.html
jobs.51job.com/all/co4875239.html
jobs.51job.com/all/co4875239.html
jobs.51job.com/all/co4875239.html
jobs.51job.com/all/co2927161.html
jobs.51job.com/all/co4870635.html
jobs.51job.com/all/co2645727.html
jobs.51job.com/all/co4883350.html
jobs.51job.com/all/co3270075.html
jobs.51job.com/all/co3714832.html
jobs.51job.com/all/co2679697.html
jobs.51job.com/all/co3625249.html
jobs.51job.com/all/co3625249.html
jobs.51job.com/all/co256098.html
jobs.51job.com/all/co256098.html
jobs.51job.com/all/co2645749.html
jobs.51job.com/all/co2645749.html
jobs.51job.com/all/co3154180.html
jobs.51job.com/all/co3154180.html
jobs.51job.com/all/co2733336.html
jobs.51job.com/all/co2733336.html
jobs.51job.com/all/co3750849.html
jobs.51job.com/all/co2999839.html
jobs.51job.com/all/co2139557.html
jobs.51job.com/all/co2139557.html
jobs.51job.com/all/co2139557.html
jobs.51job.com/all/co2726822.html
jobs.51job.com/all/co3257366.html
jobs.51job.com/all/co4453959.html
jobs.51job.com/all/co4453959.html
jobs.51job.com/all/co4453959.html
jobs.51job.com/all/co4453959.html
jobs.51job.com/all/co4453959.html
jobs.51job.com/all/co4453959.html
jobs.51job.com/all/co4453959.html
jobs.51job.com/all/co3638745.html
jobs.51job.com/all/co2605388.html
jobs.51job.com/all/co3638745.html
jobs.51job.com/all/co2605388.html
jobs.51job.com/all/co2645752.html
jobs.51job.com/all/co2645752.html
jobs.51job.com/all/co4042701.html
jobs.51job.com/all/co4042701.html
jobs.51job.com/all/co4042701.html
jobs.51job.com/all/co4425134.html
jobs.51job.com/all/co2406768.html
jobs.51job.com/all/co2406768.html
jobs.51job.com/all/co4182530.html
jobs.51job.com/all/co4182530.html
jobs.51job.com/all/co3226697.html
jobs.51job.com/all/co4191480.html
jobs.51job.com/all/co4191480.html
jobs.51job.com/all/co4246957.html
jobs.51job.com/all/co2809593.html
jobs.51job.com/all/co2809593.html
jobs.51job.com/all/co2809593.html
jobs.51job.com/all/co2809593.html
jobs.51job.com/all/co2809593.html
jobs.51job.com/all/co774093.html
jobs.51job.com/all/co2275224.html
jobs.51job.com/all/co2582603.html
jobs.51job.com/all/co3353334.html
jobs.51job.com/all/co3130323.html
jobs.51job.com/all/co2721787.html
jobs.51job.com/all/co4071231.html
jobs.51job.com/all/co4551586.html
jobs.51job.com/all/co4551586.html
jobs.51job.com/all/co148764.html
jobs.51job.com/all/co148764.html
jobs.51job.com/all/co3499557.html
jobs.51job.com/all/co3204443.html
jobs.51job.com/all/co4254921.html
jobs.51job.com/all/co4432966.html
jobs.51job.com/all/co3155092.html
jobs.51job.com/all/co4867568.html
jobs.51job.com/all/co4867568.html
jobs.51job.com/all/co2679277.html
jobs.51job.com/all/co2679277.html
jobs.51job.com/all/co2818744.html
jobs.51job.com/all/co2818744.html
jobs.51job.com/all/co3026097.html
jobs.51job.com/all/co3828456.html
jobs.51job.com/all/co3828456.html
jobs.51job.com/all/co2598822.html
jobs.51job.com/all/co2598822.html
jobs.51job.com/all/co2598822.html
jobs.51job.com/all/co2598822.html
jobs.51job.com/all/co4167311.html
jobs.51job.com/all/co4167311.html
jobs.51job.com/all/co4167311.html
jobs.51job.com/all/co3023949.html
jobs.51job.com/all/co3023949.html
jobs.51job.com/all/co3023949.html
jobs.51job.com/all/co3023949.html
jobs.51job.com/all/co3667909.html
jobs.51job.com/all/co4721370.html
jobs.51job.com/all/co4721370.html
jobs.51job.com/all/co4721370.html
jobs.51job.com/all/co4147130.html
jobs.51job.com/all/co3884416.html
jobs.51job.com/all/co2710050.html
jobs.51job.com/all/co2710050.html
jobs.51job.com/all/co2710050.html
jobs.51job.com/all/co2710050.html
jobs.51job.com/all/co2710050.html
jobs.51job.com/all/co2710050.html
jobs.51job.com/all/co2710050.html
jobs.51job.com/all/co2710050.html
jobs.51job.com/all/co2710050.html
jobs.51job.com/all/co2710050.html
jobs.51job.com/all/co2710050.html
jobs.51job.com/all/co2710050.html
jobs.51job.com/all/co2710050.html
jobs.51job.com/all/co2710050.html
jobs.51job.com/all/co2710050.html
jobs.51job.com/all/co254782.html
jobs.51job.com/all/co3280219.html
jobs.51job.com/all/co3280219.html
jobs.51job.com/all/co3280219.html
jobs.51job.com/all/co3148987.html
jobs.51job.com/all/co3148987.html
jobs.51job.com/all/co4339834.html
jobs.51job.com/all/co2787419.html
jobs.51job.com/all/co3983613.html
jobs.51job.com/all/co3983613.html
jobs.51job.com/all/co4383842.html
jobs.51job.com/all/co2787419.html
jobs.51job.com/all/co3138595.html
jobs.51job.com/all/co3138595.html
jobs.51job.com/all/co3222563.html
jobs.51job.com/all/co3222563.html
jobs.51job.com/all/co3222563.html
jobs.51job.com/all/co3222563.html
jobs.51job.com/all/co3222563.html
jobs.51job.com/all/co3222563.html
jobs.51job.com/all/co3222563.html
jobs.51job.com/all/co3222563.html
jobs.51job.com/all/co1842779.html
jobs.51job.com/all/co1842779.html
jobs.51job.com/all/co1842779.html
jobs.51job.com/all/co3340392.html
jobs.51job.com/all/co2757603.html
jobs.51job.com/all/co2197711.html
jobs.51job.com/all/co2935334.html
jobs.51job.com/all/co3036870.html
jobs.51job.com/all/co2702235.html
jobs.51job.com/all/co2917219.html
jobs.51job.com/all/co2917219.html
jobs.51job.com/all/co2917219.html
jobs.51job.com/all/co2917219.html
jobs.51job.com/all/co2917219.html
jobs.51job.com/all/co4488395.html
jobs.51job.com/all/co4488395.html
jobs.51job.com/all/co3966272.html
jobs.51job.com/all/co3081617.html
jobs.51job.com/all/co2552420.html
jobs.51job.com/all/co3978382.html
jobs.51job.com/all/co3225265.html
jobs.51job.com/all/co2401281.html
jobs.51job.com/all/co2981770.html
jobs.51job.com/all/co405432.html
jobs.51job.com/all/co4945639.html
jobs.51job.com/all/co4311677.html
jobs.51job.com/all/co4311677.html
jobs.51job.com/all/co4311677.html
jobs.51job.com/all/co4311677.html
jobs.51job.com/all/co4311677.html
jobs.51job.com/all/co4311677.html
jobs.51job.com/all/co4311677.html
jobs.51job.com/all/co4311677.html
jobs.51job.com/all/co4432671.html
jobs.51job.com/all/co3633302.html
jobs.51job.com/all/co4322205.html
jobs.51job.com/all/co2521357.html
jobs.51job.com/all/co2787419.html
jobs.51job.com/all/co2390225.html
jobs.51job.com/all/co2390225.html
jobs.51job.com/all/co2390225.html
jobs.51job.com/all/co4339178.html
jobs.51job.com/all/co4339178.html
jobs.51job.com/all/co4339178.html
jobs.51job.com/all/co4339178.html
jobs.51job.com/all/co4339178.html
jobs.51job.com/all/co2587304.html
jobs.51job.com/all/co2414871.html
jobs.51job.com/all/co2414871.html
jobs.51job.com/all/co3998574.html
jobs.51job.com/all/co2344648.html
jobs.51job.com/all/co3868399.html
jobs.51job.com/all/co4475640.html
jobs.51job.com/all/co3853131.html
jobs.51job.com/all/co4146142.html
jobs.51job.com/all/co276761.html
jobs.51job.com/all/co2395558.html
jobs.51job.com/all/co2395558.html
jobs.51job.com/all/co2395558.html
jobs.51job.com/all/co2395558.html
jobs.51job.com/all/co2395558.html
jobs.51job.com/all/co2395558.html
jobs.51job.com/all/co2395558.html
jobs.51job.com/all/co4749765.html
jobs.51job.com/all/co3653677.html
jobs.51job.com/all/co4338380.html
jobs.51job.com/all/co4900526.html
jobs.51job.com/all/co4900526.html
jobs.51job.com/all/co4059680.html
jobs.51job.com/all/co4059680.html
jobs.51job.com/all/co2453045.html
jobs.51job.com/all/co2871692.html
jobs.51job.com/all/co2871692.html
jobs.51job.com/all/co2871692.html
jobs.51job.com/all/co2871692.html
jobs.51job.com/all/co2871692.html
jobs.51job.com/all/co2645717.html
jobs.51job.com/all/co4224884.html
jobs.51job.com/all/co4224884.html
jobs.51job.com/all/co4939119.html
jobs.51job.com/all/co4115301.html
jobs.51job.com/all/co2986908.html
jobs.51job.com/all/co2986908.html
jobs.51job.com/all/co2986908.html
jobs.51job.com/all/co2986908.html
jobs.51job.com/all/co2630239.html
jobs.51job.com/all/co2630239.html
jobs.51job.com/all/co2903032.html
jobs.51job.com/all/co2903032.html
jobs.51job.com/all/co3936546.html
jobs.51job.com/all/co2263129.html
jobs.51job.com/all/co3567699.html
jobs.51job.com/all/co3567699.html
jobs.51job.com/all/co3567699.html
jobs.51job.com/all/co2177507.html
jobs.51job.com/all/co2177507.html
jobs.51job.com/all/co2177507.html
jobs.51job.com/all/co3693163.html
jobs.51job.com/all/co2455575.html
jobs.51job.com/all/co2455575.html
jobs.51job.com/all/co201395.html
jobs.51job.com/all/co4442516.html
jobs.51job.com/all/co3274371.html
jobs.51job.com/all/co2211269.html
jobs.51job.com/all/co2082903.html
jobs.51job.com/all/co2082903.html
jobs.51job.com/all/co2082903.html
jobs.51job.com/all/co2082903.html
jobs.51job.com/all/co2605388.html
jobs.51job.com/all/co2605388.html
jobs.51job.com/all/co2680246.html
jobs.51job.com/all/co3853460.html
jobs.51job.com/all/co2741122.html
jobs.51job.com/all/co2204084.html
jobs.51job.com/all/co2204084.html
jobs.51job.com/all/co2204084.html
jobs.51job.com/all/co3406845.html
jobs.51job.com/all/co3660778.html
jobs.51job.com/all/co3660778.html
jobs.51job.com/all/co3660778.html
jobs.51job.com/all/co3660778.html
jobs.51job.com/all/co3322351.html
jobs.51job.com/all/co3322351.html
jobs.51job.com/all/co2378456.html
jobs.51job.com/all/co2378456.html
jobs.51job.com/all/co2627891.html
jobs.51job.com/all/co4442876.html
jobs.51job.com/all/co4600642.html
jobs.51job.com/all/co4600642.html
jobs.51job.com/all/co4600642.html
jobs.51job.com/all/co4600642.html
jobs.51job.com/all/co4600642.html
jobs.51job.com/all/co4600642.html
jobs.51job.com/all/co4600642.html
jobs.51job.com/all/co4600642.html
jobs.51job.com/all/co4600642.html
jobs.51job.com/all/co4600642.html
jobs.51job.com/all/co4600642.html
jobs.51job.com/all/co4600642.html
jobs.51job.com/all/co4600642.html
jobs.51job.com/all/co4600642.html
jobs.51job.com/all/co4600642.html
jobs.51job.com/all/co2421752.html
jobs.51job.com/all/co3612169.html
jobs.51job.com/all/co2460191.html
jobs.51job.com/all/co2263129.html
jobs.51job.com/all/co2266110.html
jobs.51job.com/all/co2078909.html
jobs.51job.com/all/co2078909.html
jobs.51job.com/all/co2078909.html
jobs.51job.com/all/co3744626.html
jobs.51job.com/all/co4788563.html
jobs.51job.com/all/co4788563.html
jobs.51job.com/all/co4788563.html
jobs.51job.com/all/co2554195.html
jobs.51job.com/all/co2826519.html
jobs.51job.com/all/co2826519.html
jobs.51job.com/all/co2539590.html
jobs.51job.com/all/co358481.html
jobs.51job.com/all/co358481.html
jobs.51job.com/all/co358481.html
jobs.51job.com/all/co2400440.html
jobs.51job.com/all/co2400440.html
jobs.51job.com/all/co2593019.html
jobs.51job.com/all/co2593019.html
jobs.51job.com/all/co3517455.html
jobs.51job.com/all/co3338895.html
jobs.51job.com/all/co2763987.html
jobs.51job.com/all/co3901213.html
jobs.51job.com/all/co2414871.html
jobs.51job.com/all/co2205566.html
jobs.51job.com/all/co2205566.html
jobs.51job.com/all/co3745136.html
jobs.51job.com/all/co3745136.html
jobs.51job.com/all/co3745136.html
jobs.51job.com/all/co2605388.html
jobs.51job.com/all/co3843278.html
jobs.51job.com/all/co4837220.html
jobs.51job.com/all/co2866429.html
jobs.51job.com/all/co4088039.html
jobs.51job.com/all/co4088039.html
jobs.51job.com/all/co4088039.html
jobs.51job.com/all/co2388917.html
jobs.51job.com/all/co2388917.html
jobs.51job.com/all/co3702074.html
jobs.51job.com/all/co2981770.html
jobs.51job.com/all/co3891387.html
jobs.51job.com/all/co4214932.html
jobs.51job.com/all/co2220834.html
jobs.51job.com/all/co2220834.html
jobs.51job.com/all/co2220834.html
jobs.51job.com/all/co3983613.html
jobs.51job.com/all/co3983613.html
jobs.51job.com/all/co3983613.html
jobs.51job.com/all/co4575557.html
jobs.51job.com/all/co2386447.html
jobs.51job.com/all/co2386447.html
jobs.51job.com/all/co2225467.html
jobs.51job.com/all/co3887236.html
jobs.51job.com/all/co4229804.html
jobs.51job.com/all/co4338380.html
zj32.51job.com
jobs.51job.com/all/co3412047.html
jobs.51job.com/all/co3412047.html
jobs.51job.com/all/co3412047.html
jobs.51job.com/all/co3412047.html
jobs.51job.com/all/co3412047.html
jobs.51job.com/all/co3412047.html
jobs.51job.com/all/co3412047.html
jobs.51job.com/all/co4682090.html
jobs.51job.com/all/co4682090.html
jobs.51job.com/all/co2400373.html
jobs.51job.com/all/co2400373.html
jobs.51job.com/all/co2400373.html
jobs.51job.com/all/co2952416.html
jobs.51job.com/all/co4855233.html
jobs.51job.com/all/co3680361.html
jobs.51job.com/all/co3680361.html
jobs.51job.com/all/co3680361.html
jobs.51job.com/all/co3750849.html
jobs.51job.com/all/co3750849.html
jobs.51job.com/all/co3750849.html
jobs.51job.com/all/co3644598.html
jobs.51job.com/all/co2607488.html
jobs.51job.com/all/co2607488.html
jobs.51job.com/all/co3901213.html
jobs.51job.com/all/co4160671.html
jobs.51job.com/all/co3546361.html
jobs.51job.com/all/co2845285.html
jobs.51job.com/all/co2312491.html
jobs.51job.com/all/co2973147.html
jobs.51job.com/all/co4874448.html
jobs.51job.com/all/co2475819.html
jobs.51job.com/all/co3833785.html
jobs.51job.com/all/co3833785.html
jobs.51job.com/all/co3833785.html
jobs.51job.com/all/co3833785.html
jobs.51job.com/all/co3833785.html
jobs.51job.com/all/co3833785.html
jobs.51job.com/all/co3833785.html
jobs.51job.com/all/co4372857.html
jobs.51job.com/all/co3691167.html
ldjt.51job.com/job_list2.php?company=2479056
jobs.51job.com/all/co4268890.html
jobs.51job.com/all/co2400373.html
jobs.51job.com/all/co3428718.html
jobs.51job.com/all/co3648676.html
jobs.51job.com/all/co511793.html
jobs.51job.com/all/co3693163.html
jobs.51job.com/all/co3309510.html
jobs.51job.com/all/co4806128.html
jobs.51job.com/all/co4806128.html
jobs.51job.com/all/co2771151.html
jobs.51job.com/all/co2981770.html
jobs.51job.com/all/co2981770.html
jobs.51job.com/all/co2930998.html
jobs.51job.com/all/co2930998.html
jobs.51job.com/all/co2930998.html
jobs.51job.com/all/co3437828.html
jobs.51job.com/all/co3437828.html
jobs.51job.com/all/co3437828.html
jobs.51job.com/all/co3324611.html
jobs.51job.com/all/co3324611.html
jobs.51job.com/all/co3324611.html
jobs.51job.com/all/co3894200.html
jobs.51job.com/all/co4326931.html
jobs.51job.com/all/co1987960.html
jobs.51job.com/all/co1987960.html
jobs.51job.com/all/co1987960.html
jobs.51job.com/all/co2263129.html
jobs.51job.com/all/co2263129.html
jobs.51job.com/all/co2263129.html
jobs.51job.com/all/co2263129.html
jobs.51job.com/all/co2263129.html
jobs.51job.com/all/co4864979.html
jobs.51job.com/all/co2293004.html
jobs.51job.com/all/co2293004.html
jobs.51job.com/all/co2293004.html
jobs.51job.com/all/co2293004.html
jobs.51job.com/all/co2903032.html
jobs.51job.com/all/co2360569.html
jobs.51job.com/all/co2360569.html
jobs.51job.com/all/co677836.html
jobs.51job.com/all/co3266690.html
jobs.51job.com/all/co3543526.html
jobs.51job.com/all/co677887.html
jobs.51job.com/all/co677887.html
jobs.51job.com/all/co677887.html
jobs.51job.com/all/co4299979.html
jobs.51job.com/all/co4894460.html
jobs.51job.com/all/co2198789.html
jobs.51job.com/all/co3711025.html
jobs.51job.com/all/co3258953.html
jobs.51job.com/all/co4326931.html
jobs.51job.com/all/co3266690.html
jobs.51job.com/all/co677887.html
jobs.51job.com/all/co677887.html
jobs.51job.com/all/co4308370.html
jobs.51job.com/all/co3504586.html
jobs.51job.com/all/co4849203.html
jobs.51job.com/all/co4849203.html
jobs.51job.com/all/co2722538.html
jobs.51job.com/all/co2309233.html
jobs.51job.com/all/co358481.html
jobs.51job.com/all/co190476.html
jobs.51job.com/all/co2492865.html
jobs.51job.com/all/co3543526.html
jobs.51job.com/all/co3543526.html
jobs.51job.com/all/co4342895.html
jobs.51job.com/all/co2492865.html
jobs.51job.com/all/co2492865.html
jobs.51job.com/all/co2492865.html
jobs.51job.com/all/co4237409.html
jobs.51job.com/all/co3879610.html
jobs.51job.com/all/co576250.html
jobs.51job.com/all/co576250.html
jobs.51job.com/all/co576250.html
jobs.51job.com/all/co3036870.html
jobs.51job.com/all/co2925135.html
jobs.51job.com/all/co2549239.html
jobs.51job.com/all/co2903032.html
jobs.51job.com/all/co2686475.html
jobs.51job.com/all/co2263129.html
jobs.51job.com/all/co3397246.html
jobs.51job.com/all/co3397246.html
jobs.51job.com/all/co3397246.html
jobs.51job.com/all/co3397246.html
jobs.51job.com/all/co3397246.html
jobs.51job.com/all/co4002610.html
jobs.51job.com/all/co2191801.html
jobs.51job.com/all/co4008109.html
jobs.51job.com/all/co4008109.html
jobs.51job.com/all/co4008109.html
jobs.51job.com/all/co4008109.html
jobs.51job.com/all/co4008109.html
jobs.51job.com/all/co4267877.html
jobs.51job.com/all/co2741719.html
jobs.51job.com/all/co2741719.html
jobs.51job.com/all/co4910181.html
jobs.51job.com/all/co4910181.html
jobs.51job.com/all/co4037517.html
jobs.51job.com/all/co2579432.html
jobs.51job.com/all/co3702074.html
jobs.51job.com/all/co2309233.html
jobs.51job.com/all/co2534286.html
jobs.51job.com/all/co2762009.html
jobs.51job.com/all/co4439747.html
jobs.51job.com/all/co2309233.html
jobs.51job.com/all/co4570034.html
jobs.51job.com/all/co4784557.html
jobs.51job.com/all/co2907927.html
jobs.51job.com/all/co2907927.html
jobs.51job.com/all/co3190859.html
zjsj.51job.com/
jobs.51job.com/all/co3702074.html
jobs.51job.com/all/co3834445.html
jobs.51job.com/all/co2360569.html
jobs.51job.com/all/co3702074.html
jobs.51job.com/all/co2266110.html
jobs.51job.com/all/co4111976.html
jobs.51job.com/all/co4842555.html
jobs.51job.com/all/co4842555.html
jobs.51job.com/all/co2710050.html
jobs.51job.com/all/co2710050.html
jobs.51job.com/all/co2710050.html
jobs.51job.com/all/co2710050.html
jobs.51job.com/all/co2710050.html
jobs.51job.com/all/co3437828.html
jobs.51job.com/all/co3711025.html
jobs.51job.com/all/co4837948.html
jobs.51job.com/all/co141361.html
jobs.51job.com/all/co2740790.html
jobs.51job.com/all/co2740790.html
jobs.51job.com/all/co2740790.html
jobs.51job.com/all/co2740790.html
jobs.51job.com/all/co2220020.html
jobs.51job.com/all/co3912363.html
jobs.51job.com/all/co2225467.html
jobs.51job.com/all/co199703.html
zjsj.51job.com/
jobs.51job.com/all/co2640044.html
jobs.51job.com/all/co2772211.html
jobs.51job.com/all/co3821841.html
jobs.51job.com/all/co2940230.html
jobs.51job.com/all/co2940230.html
jobs.51job.com/all/co2940230.html
jobs.51job.com/all/co2940230.html
jobs.51job.com/all/co2640044.html
jobs.51job.com/all/co2640044.html
jobs.51job.com/all/co2640044.html
jobs.51job.com/all/co2640044.html
jobs.51job.com/all/co3912363.html
jobs.51job.com/all/co3912363.html
jobs.51job.com/all/co3912363.html
jobs.51job.com/all/co3912363.html
jobs.51job.com/all/co2640044.html
jobs.51job.com/all/co2640044.html
jobs.51job.com/all/co2640044.html
jobs.51job.com/all/co2640044.html
jobs.51job.com/all/co2640044.html
jobs.51job.com/all/co2022625.html
jobs.51job.com/all/co2022625.html
jobs.51job.com/all/co2022625.html
jobs.51job.com/all/co2891098.html
jobs.51job.com/all/co2891098.html
jobs.51job.com/all/co2640044.html
jobs.51job.com/all/co4373507.html
jobs.51job.com/all/co2640044.html
jobs.51job.com/all/co2640044.html
jobs.51job.com/all/co4439747.html
jobs.51job.com/all/co4448670.html
jobs.51job.com/all/co3303039.html
jobs.51job.com/all/co4748525.html
jobs.51job.com/all/co4748525.html
jobs.51job.com/all/co4849203.html
jobs.51job.com/all/co4849203.html
jobs.51job.com/all/co4849203.html
jobs.51job.com/all/co2598956.html
zj32.51job.com
jobs.51job.com/all/co2891098.html
jobs.51job.com/all/co2891098.html
jobs.51job.com/all/co2627891.html
jobs.51job.com/all/co2627891.html
jobs.51job.com/all/co4298626.html
jobs.51job.com/all/co4298626.html
jobs.51job.com/all/co4298626.html
jobs.51job.com/all/co4453364.html
jobs.51job.com/all/co3309510.html
jobs.51job.com/all/co4631780.html
jobs.51job.com/all/co1236787.html
jobs.51job.com/all/co1236787.html
jobs.51job.com/all/co2424707.html
jobs.51job.com/all/co3711025.html
jobs.51job.com/all/co3711025.html
jobs.51job.com/all/co2970669.html
jobs.51job.com/all/co4267877.html
jobs.51job.com/all/co229229.html
jobs.51job.com/all/co4842555.html
jobs.51job.com/all/co4456392.html
jobs.51job.com/all/co4456392.html
jobs.51job.com/all/co3484253.html
jobs.51job.com/all/co3484253.html
jobs.51job.com/all/co3484253.html
jobs.51job.com/all/co3484253.html
jobs.51job.com/all/co3484253.html
jobs.51job.com/all/co4024904.html
jobs.51job.com/all/co3341136.html
jobs.51job.com/all/co316507.html
jobs.51job.com/all/co316507.html
jobs.51job.com/all/co2572838.html
jobs.51job.com/all/co2572838.html
jobs.51job.com/all/co2572838.html
jobs.51job.com/all/co2572838.html
jobs.51job.com/all/co2572838.html
jobs.51job.com/all/co2572838.html
jobs.51job.com/all/co4301456.html
jobs.51job.com/all/co3693163.html
jobs.51job.com/all/co3009992.html
jobs.51job.com/all/co3280219.html
jobs.51job.com/all/co3059729.html
jobs.51job.com/all/co3059729.html
jobs.51job.com/all/co3853131.html
jobs.51job.com/all/co3853131.html
jobs.51job.com/all/co4727543.html
jobs.51job.com/all/co3303039.html
jobs.51job.com/all/co156141.html
jobs.51job.com/all/co3303039.html
jobs.51job.com/all/co2275224.html
jobs.51job.com/all/co4605592.html
jobs.51job.com/all/co2722538.html
jobs.51job.com/all/co2722538.html
jobs.51job.com/all/co3765083.html
jobs.51job.com/all/co3765083.html
jobs.51job.com/all/co3765083.html
jobs.51job.com/all/co4240302.html
jobs.51job.com/all/co4020793.html
jobs.51job.com/all/co4020793.html
jobs.51job.com/all/co2620316.html
jobs.51job.com/all/co2097055.html
jobs.51job.com/all/co2494171.html
jobs.51job.com/all/co2225467.html
jobs.51job.com/all/co2225467.html
jobs.51job.com/all/co2781993.html
jobs.51job.com/all/co2781993.html
jobs.51job.com/all/co2781993.html
jobs.51job.com/all/co4568401.html
jobs.51job.com/all/co4114048.html
jobs.51job.com/all/co4114048.html
jobs.51job.com/all/co4114048.html
jobs.51job.com/all/co2973147.html
jobs.51job.com/all/co2781993.html
jobs.51job.com/all/co2781993.html
jobs.51job.com/all/co1988228.html
jobs.51job.com/all/co1988228.html
jobs.51job.com/all/co4071757.html
jobs.51job.com/all/co4071757.html
jobs.51job.com/all/co4071757.html
jobs.51job.com/all/co4861928.html
jobs.51job.com/all/co3170622.html
jobs.51job.com/all/co4694625.html
jobs.51job.com/all/co2301809.html
jobs.51job.com/all/co2307796.html
jobs.51job.com/all/co4829178.html
jobs.51job.com/all/co2406768.html
jobs.51job.com/all/co2406768.html
jobs.51job.com/all/co3768172.html
jobs.51job.com/all/co3768172.html
jobs.51job.com/all/co3768172.html
jobs.51job.com/all/co3550130.html
jobs.51job.com/all/co4416358.html
jobs.51job.com/all/co2771151.html
jobs.51job.com/all/co2740790.html
