jobs.51job.com/all/co4340908.html
jobs.51job.com/all/co4333549.html
jobs.51job.com/all/co4209439.html
jobs.51job.com/all/co4448725.html
jobs.51job.com/all/co4828134.html
jobs.51job.com/all/co4272972.html
jobs.51job.com/all/co2882440.html
jobs.51job.com/all/co4953357.html
jobs.51job.com/all/co1321342.html
jobs.51job.com/all/co2840377.html
jobs.51job.com/all/co2507622.html
jobs.51job.com/all/co2732098.html
jobs.51job.com/all/co4795498.html
jobs.51job.com/all/co4915537.html
jobs.51job.com/all/co3959546.html
jobs.51job.com/all/co3845523.html
jobs.51job.com/all/co3564167.html
jobs.51job.com/all/co3261189.html
jobs.51job.com/all/co4791616.html
jobs.51job.com/all/co2745063.html
jobs.51job.com/all/co3909257.html
jobs.51job.com/all/co4927151.html
jobs.51job.com/all/co2898579.html
jobs.51job.com/all/co4747077.html
jobs.51job.com/all/co3197229.html
jobs.51job.com/all/co4849813.html
jobs.51job.com/all/co2261248.html
jobs.51job.com/all/co4137603.html
jobs.51job.com/all/co2654808.html
jobs.51job.com/all/co3362933.html
jobs.51job.com/all/co3661638.html
jobs.51job.com/all/co3591198.html
jobs.51job.com/all/co2875155.html
jobs.51job.com/all/co4748889.html
jobs.51job.com/all/co4058297.html
jobs.51job.com/all/co4188038.html
jobs.51job.com/all/co3762539.html
jobs.51job.com/all/co4387400.html
jobs.51job.com/all/co4703203.html
jobs.51job.com/all/co4467342.html
jobs.51job.com/all/co3945328.html
career.akzonobel.51job.com
jobs.51job.com/all/co2981374.html
jobs.51job.com/all/co4681351.html
jobs.51job.com/all/co3612261.html
jobs.51job.com/all/co4298371.html
jobs.51job.com/all/co4273498.html
jobs.51job.com/all/co4335276.html
jobs.51job.com/all/co3276712.html
jobs.51job.com/all/co4368600.html
jobs.51job.com/all/co4858123.html
jobs.51job.com/all/co4042071.html
jobs.51job.com/all/co3308886.html
jobs.51job.com/all/co4702499.html
jobs.51job.com/all/co4481518.html
jobs.51job.com/all/co4743373.html
jobs.51job.com/all/co4481798.html
jobs.51job.com/all/co4085390.html
jobs.51job.com/all/co4805767.html
jobs.51job.com/all/co2816812.html
jobs.51job.com/all/co4739487.html
jobs.51job.com/all/co4856514.html
jobs.51job.com/all/co4680593.html
jobs.51job.com/all/co2971550.html
jobs.51job.com/all/co4868405.html
jobs.51job.com/all/co4387301.html
jobs.51job.com/all/co2856502.html
jobs.51job.com/all/co1377771.html
jobs.51job.com/all/co3903830.html
jobs.51job.com/all/co2439826.html
jobs.51job.com/all/co4186975.html
jobs.51job.com/all/co4331464.html
jobs.51job.com/all/co4892013.html
jobs.51job.com/all/co4596161.html
jobs.51job.com/all/co4676187.html
jobs.51job.com/all/co4289011.html
jobs.51job.com/all/co4796201.html
jobs.51job.com/all/co4326327.html
jobs.51job.com/all/co4680663.html
jobs.51job.com/all/co3180804.html
jobs.51job.com/all/co2845610.html
jobs.51job.com/all/co3947444.html
jobs.51job.com/all/co4345976.html
jobs.51job.com/all/co4561242.html
jobs.51job.com/all/co2302907.html
jobs.51job.com/all/co4943501.html
jobs.51job.com/all/co4639731.html
jobs.51job.com/all/co3375456.html
jobs.51job.com/all/co4894438.html
jobs.51job.com/all/co2026670.html
jobs.51job.com/all/co3244368.html
jobs.51job.com/all/co4638818.html
jobs.51job.com/all/co2357700.html
jobs.51job.com/all/co385916.html
jobs.51job.com/all/co2878012.html
jobs.51job.com/all/co2708950.html
jobs.51job.com/all/co4484848.html
jobs.51job.com/all/co4361537.html
jobs.51job.com/all/co4581462.html
jobs.51job.com/all/co4527137.html
jobs.51job.com/all/co3222563.html
jobs.51job.com/all/co4454684.html
jobs.51job.com/all/co3081040.html
jobs.51job.com/all/co3036925.html
jobs.51job.com/all/co2558472.html
jobs.51job.com/all/co2503346.html
jobs.51job.com/all/co2642113.html
jobs.51job.com/all/co4780147.html
jobs.51job.com/all/co4441655.html
jobs.51job.com/all/co4589929.html
jobs.51job.com/all/co3228156.html
jobs.51job.com/all/co4521911.html
jobs.51job.com/all/co4568133.html
jobs.51job.com/all/co1209760.html
jobs.51job.com/all/co3827084.html
jobs.51job.com/all/co4746468.html
jobs.51job.com/all/co3203663.html
jobs.51job.com/all/co4731135.html
jobs.51job.com/all/co4521143.html
jobs.51job.com/all/co4832805.html
jobs.51job.com/all/co4524631.html
jobs.51job.com/all/co4930782.html
jobs.51job.com/all/co4688733.html
jobs.51job.com/all/co3343328.html
jobs.51job.com/all/co3929992.html
jobs.51job.com/all/co4914351.html
jobs.51job.com/all/co3699155.html
jobs.51job.com/all/co4870020.html
jobs.51job.com/all/co4644577.html
jobs.51job.com/all/co3934186.html
jobs.51job.com/all/co3446103.html
jobs.51job.com/all/co2763777.html
jobs.51job.com/all/co3041697.html
jobs.51job.com/all/co3649467.html
jobs.51job.com/all/co4880775.html
jobs.51job.com/all/co3605187.html
jobs.51job.com/all/co4866288.html
jobs.51job.com/all/co2304414.html
jobs.51job.com/all/co4066543.html
jobs.51job.com/all/co4323375.html
jobs.51job.com/all/co3399544.html
jobs.51job.com/all/co4902770.html
jobs.51job.com/all/co4493085.html
jobs.51job.com/all/co4390241.html
jobs.51job.com/all/co4314322.html
jobs.51job.com/all/co4734323.html
jobs.51job.com/all/co4703535.html
jobs.51job.com/all/co4681964.html
jobs.51job.com/all/co3397431.html
jobs.51job.com/all/co4356284.html
jobs.51job.com/all/co4840532.html
jobs.51job.com/all/co4339629.html
jobs.51job.com/all/co4308861.html
jobs.51job.com/all/co3207911.html
jobs.51job.com/all/co4268965.html
jobs.51job.com/all/co4286940.html
jobs.51job.com/all/co4283050.html
jobs.51job.com/all/co3455286.html
jobs.51job.com/all/co4869817.html
jobs.51job.com/all/co4318013.html
jobs.51job.com/all/co3396165.html
jobs.51job.com/all/co4556825.html
jobs.51job.com/all/co3629763.html
jobs.51job.com/all/co4851198.html
jobs.51job.com/all/co4763280.html
jobs.51job.com/all/co4258017.html
jobs.51job.com/all/co4382989.html
jobs.51job.com/all/co3156236.html
jobs.51job.com/all/co4843752.html
jobs.51job.com/all/co4935502.html
jobs.51job.com/all/co3771737.html
jobs.51job.com/all/co4710104.html
jobs.51job.com/all/co4824338.html
jobs.51job.com/all/co2835634.html
jobs.51job.com/all/co4008342.html
jobs.51job.com/all/co3995252.html
jobs.51job.com/all/co3966304.html
jobs.51job.com/all/co3036794.html
jobs.51job.com/all/co4584632.html
jobs.51job.com/all/co3120716.html
jobs.51job.com/all/co3338809.html
jobs.51job.com/all/co4791164.html
jobs.51job.com/all/co4851790.html
jobs.51job.com/all/co4852601.html
jobs.51job.com/all/co4852321.html
jobs.51job.com/all/co4834692.html
jobs.51job.com/all/co4862739.html
jobs.51job.com/all/co3206461.html
jobs.51job.com/all/co4764787.html
jobs.51job.com/all/co2496687.html
jobs.51job.com/all/co2756655.html
jobs.51job.com/all/co3500629.html
jobs.51job.com/all/co4194883.html
jobs.51job.com/all/co2132231.html
jobs.51job.com/all/co2690515.html
jobs.51job.com/all/co3416696.html
jobs.51job.com/all/co2768081.html
jobs.51job.com/all/co2059233.html
jobs.51job.com/all/co3830187.html
www.job.carrefour.com.cn
jobs.51job.com/all/co4663560.html
jobs.51job.com/all/co2785007.html
jobs.51job.com/all/co4721634.html
jobs.51job.com/all/co4868943.html
jobs.51job.com/all/co4400914.html
jobs.51job.com/all/co262065.html
jobs.51job.com/all/co1692767.html
jobs.51job.com/all/co4857751.html
jobs.51job.com/all/co4718730.html
jobs.51job.com/all/co4691059.html
jobs.51job.com/all/co2892438.html
jobs.51job.com/all/co4873672.html
jobs.51job.com/all/co4310755.html
jobs.51job.com/all/co4352269.html
jobs.51job.com/all/co3535200.html
jobs.51job.com/all/co4693836.html
jobs.51job.com/all/co859577.html
jobs.51job.com/all/co2264427.html
jobs.51job.com/all/co3880878.html
jobs.51job.com/all/co3377369.html
jobs.51job.com/all/co2319821.html
jobs.51job.com/all/co2457537.html
jobs.51job.com/all/co4358025.html
jobs.51job.com/all/co1452264.html
jobs.51job.com/all/co4583819.html
jobs.51job.com/all/co4910009.html
jobs.51job.com/all/co4379784.html
jobs.51job.com/all/co4762484.html
jobs.51job.com/all/co3170258.html
jobs.51job.com/all/co4402633.html
jobs.51job.com/all/co2806025.html
jobs.51job.com/all/co2812256.html
jobs.51job.com/all/co2232228.html
jobs.51job.com/all/co4522408.html
jobs.51job.com/all/co2249816.html
jobs.51job.com/all/co4381565.html
jobs.51job.com/all/co4866786.html
jobs.51job.com/all/co3830375.html
jobs.51job.com/all/co4888879.html
jobs.51job.com/all/co4904522.html
jobs.51job.com/all/co4381841.html
jobs.51job.com/all/co4852025.html
jobs.51job.com/all/co2353862.html
jobs.51job.com/all/co3393010.html
jobs.51job.com/all/co4348226.html
jobs.51job.com/all/co2709457.html
jobs.51job.com/all/co4702538.html
jobs.51job.com/all/co4739634.html
jobs.51job.com/all/co3259110.html
jobs.51job.com/all/co4818317.html
jobs.51job.com/all/co3983105.html
jobs.51job.com/all/co2659528.html
jobs.51job.com/all/co4693639.html
jobs.51job.com/all/co3454371.html
jobs.51job.com/all/co2749331.html
jobs.51job.com/all/co2860505.html
jobs.51job.com/all/co4855542.html
jobs.51job.com/all/co4522057.html
jobs.51job.com/all/co4522474.html
jobs.51job.com/all/co4351602.html
jobs.51job.com/all/co2820352.html
jobs.51job.com/all/co4933548.html
jobs.51job.com/all/co3226764.html
jobs.51job.com/all/co4764714.html
jobs.51job.com/all/co4865896.html
jobs.51job.com/all/co3088071.html
jobs.51job.com/all/co3986922.html
jobs.51job.com/all/co2539816.html
jobs.51job.com/all/co284053.html
jobs.51job.com/all/co3061253.html
jobs.51job.com/all/co4478953.html
jobs.51job.com/all/co1248388.html
jobs.51job.com/all/co2912588.html
jobs.51job.com/all/co4148389.html
jobs.51job.com/all/co3896550.html
jobs.51job.com/all/co4854851.html
jobs.51job.com/all/co4846578.html
jobs.51job.com/all/co3808677.html
jobs.51job.com/all/co3647385.html
jobs.51job.com/all/co2768113.html
jobs.51job.com/all/co3870995.html
jobs.51job.com/all/co2973611.html
jobs.51job.com/all/co3411163.html
jobs.51job.com/all/co4646716.html
jobs.51job.com/all/co2828533.html
jobs.51job.com/all/co4803601.html
jobs.51job.com/all/co3989199.html
jobs.51job.com/all/co4708905.html
jobs.51job.com/all/co4915211.html
jobs.51job.com/all/co4331213.html
jobs.51job.com/all/co4495614.html
jobs.51job.com/all/co3818559.html
jobs.51job.com/all/co4796216.html
jobs.51job.com/all/co4489607.html
jobs.51job.com/all/co4477578.html
jobs.51job.com/all/co2308899.html
jobs.51job.com/all/co4404510.html
jobs.51job.com/all/co4478487.html
jobs.51job.com/all/co4659984.html
jobs.51job.com/all/co3282626.html
jobs.51job.com/all/co4842300.html
jobs.51job.com/all/co3963643.html
jobs.51job.com/all/co4414620.html
jobs.51job.com/all/co3852322.html
jobs.51job.com/all/co4575733.html
jobs.51job.com/all/co4832355.html
jobs.51job.com/all/co4763390.html
jobs.51job.com/all/co3383811.html
jobs.51job.com/all/co3946371.html
jobs.51job.com/all/co2606312.html
jobs.51job.com/all/co3634256.html
jobs.51job.com/all/co715382.html
jobs.51job.com/all/co4842368.html
jobs.51job.com/all/co4814175.html
jobs.51job.com/all/co3271216.html
jobs.51job.com/all/co3713966.html
jobs.51job.com/all/co3863927.html
jobs.51job.com/all/co4797590.html
jobs.51job.com/all/co3009224.html
jobs.51job.com/all/co4688909.html
jobs.51job.com/all/co2766616.html
jobs.51job.com/all/co4002183.html
jobs.51job.com/all/co4810609.html
jobs.51job.com/all/co2878124.html
jobs.51job.com/all/co4343172.html
ferrero.51job.com
jobs.51job.com/all/co3209294.html
jobs.51job.com/all/co4691746.html
jobs.51job.com/all/co4655556.html
jobs.51job.com/all/co4459632.html
jobs.51job.com/all/co2225467.html
jobs.51job.com/all/co1739881.html
jobs.51job.com/all/co3290198.html
jobs.51job.com/all/co3992468.html
jobs.51job.com/all/co4349418.html
jobs.51job.com/all/co4879908.html
job.markorhome.com/
jobs.51job.com/all/co4115472.html
jobs.51job.com/all/co3057444.html
jobs.51job.com/all/co2988505.html
jobs.51job.com/all/co3762893.html
jobs.51job.com/all/co2151147.html
jobs.51job.com/all/co672253.html
jobs.51job.com/all/co3214452.html
jobs.51job.com/all/co4180601.html
jobs.51job.com/all/co3662623.html
jobs.51job.com/all/co3706408.html
jobs.51job.com/all/co2381757.html
jobs.51job.com/all/co4766959.html
jobs.51job.com/all/co3067422.html
jobs.51job.com/all/co4361521.html
jobs.51job.com/all/co4313546.html
jobs.51job.com/all/co4580546.html
jobs.51job.com/all/co1732759.html
jobs.51job.com/all/co2733561.html
jobs.51job.com/all/co3008539.html
jobs.51job.com/all/co3707743.html
jobs.51job.com/all/co4420730.html
jobs.51job.com/all/co4369451.html
jobs.51job.com/all/co2741347.html
jobs.51job.com/all/co4188444.html
jobs.51job.com/all/co4835516.html
jobs.51job.com/all/co4314990.html
jobs.51job.com/all/co4009701.html
jobs.51job.com/all/co4864694.html
jobs.51job.com/all/co2754806.html
jobs.51job.com/all/co4808461.html
jobs.51job.com/all/co3420016.html
jobs.51job.com/all/co1459363.html
jobs.51job.com/all/co2554037.html
jobs.51job.com/all/co4786523.html
jobs.51job.com/all/co4653563.html
jobs.51job.com/all/co3101056.html
jobs.51job.com/all/co4432821.html
jobs.51job.com/all/co3429258.html
jobs.51job.com/all/co4486932.html
jobs.51job.com/all/co4375458.html
jobs.51job.com/all/co3141721.html
jobs.51job.com/all/co4277469.html
jobs.51job.com/all/co4763353.html
jobs.51job.com/all/co4285129.html
jobs.51job.com/all/co2725891.html
jobs.51job.com/all/co3038515.html
jobs.51job.com/all/co3059729.html
jobs.51job.com/all/co4618264.html
jobs.51job.com/all/co4350542.html
jobs.51job.com/all/co4874392.html
jobs.51job.com/all/co4414721.html
jobs.51job.com/all/co4584204.html
jobs.51job.com/all/co4267249.html
jobs.51job.com/all/co4244287.html
jobs.51job.com/all/co4237315.html
jobs.51job.com/all/co4245011.html
jobs.51job.com/all/co4482196.html
jobs.51job.com/all/co3864270.html
jobs.51job.com/all/co4153146.html
jobs.51job.com/all/co3786438.html
jobs.51job.com/all/co4582564.html
jobs.51job.com/all/co4955994.html
jobs.51job.com/all/co4862531.html
jobs.51job.com/all/co4270044.html
jobs.51job.com/all/co2882440.html
jobs.51job.com/all/co4915537.html
jobs.51job.com/all/co3959546.html
jobs.51job.com/all/co4333549.html
jobs.51job.com/all/co4272972.html
jobs.51job.com/all/co4272972.html
jobs.51job.com/all/co4272972.html
jobs.51job.com/all/co4272972.html
jobs.51job.com/all/co4272972.html
jobs.51job.com/all/co3197229.html
jobs.51job.com/all/co3197229.html
jobs.51job.com/all/co3197229.html
jobs.51job.com/all/co1321342.html
jobs.51job.com/all/co1321342.html
jobs.51job.com/all/co4137603.html
jobs.51job.com/all/co4137603.html
jobs.51job.com/all/co4137603.html
jobs.51job.com/all/co4927151.html
jobs.51job.com/all/co3362933.html
jobs.51job.com/all/co3362933.html
jobs.51job.com/all/co3362933.html
jobs.51job.com/all/co3362933.html
jobs.51job.com/all/co3362933.html
jobs.51job.com/all/co3362933.html
jobs.51job.com/all/co3362933.html
jobs.51job.com/all/co3362933.html
jobs.51job.com/all/co3362933.html
jobs.51job.com/all/co3362933.html
jobs.51job.com/all/co3362933.html
jobs.51job.com/all/co3362933.html
jobs.51job.com/all/co3362933.html
jobs.51job.com/all/co3362933.html
jobs.51job.com/all/co3362933.html
jobs.51job.com/all/co3362933.html
jobs.51job.com/all/co4058297.html
jobs.51job.com/all/co4467342.html
jobs.51job.com/all/co4298371.html
jobs.51job.com/all/co4858123.html
jobs.51job.com/all/co4858123.html
jobs.51job.com/all/co4858123.html
jobs.51job.com/all/co4042071.html
jobs.51job.com/all/co4042071.html
jobs.51job.com/all/co4042071.html
jobs.51job.com/all/co4340908.html
jobs.51job.com/all/co4340908.html
jobs.51job.com/all/co4340908.html
jobs.51job.com/all/co4340908.html
jobs.51job.com/all/co4340908.html
jobs.51job.com/all/co4702499.html
jobs.51job.com/all/co4702499.html
jobs.51job.com/all/co4702499.html
jobs.51job.com/all/co4702499.html
jobs.51job.com/all/co4828134.html
jobs.51job.com/all/co4828134.html
jobs.51job.com/all/co4481518.html
jobs.51job.com/all/co4481518.html
jobs.51job.com/all/co4481518.html
jobs.51job.com/all/co4743373.html
jobs.51job.com/all/co4481798.html
jobs.51job.com/all/co4481798.html
jobs.51job.com/all/co4481798.html
jobs.51job.com/all/co4481798.html
jobs.51job.com/all/co4481798.html
jobs.51job.com/all/co4481798.html
jobs.51job.com/all/co4448725.html
jobs.51job.com/all/co4448725.html
jobs.51job.com/all/co4448725.html
jobs.51job.com/all/co4085390.html
jobs.51job.com/all/co4085390.html
jobs.51job.com/all/co4085390.html
jobs.51job.com/all/co4085390.html
jobs.51job.com/all/co4085390.html
jobs.51job.com/all/co4085390.html
jobs.51job.com/all/co4927151.html
jobs.51job.com/all/co2840377.html
jobs.51job.com/all/co4481798.html
jobs.51job.com/all/co4739487.html
jobs.51job.com/all/co2816812.html
jobs.51job.com/all/co2816812.html
jobs.51job.com/all/co2882440.html
jobs.51job.com/all/co2882440.html
jobs.51job.com/all/co2882440.html
jobs.51job.com/all/co2816812.html
jobs.51job.com/all/co2882440.html
jobs.51job.com/all/co2840377.html
jobs.51job.com/all/co2840377.html
jobs.51job.com/all/co2882440.html
jobs.51job.com/all/co2882440.html
jobs.51job.com/all/co2971550.html
jobs.51job.com/all/co2882440.html
jobs.51job.com/all/co2971550.html
jobs.51job.com/all/co2816812.html
jobs.51job.com/all/co2882440.html
jobs.51job.com/all/co2816812.html
jobs.51job.com/all/co2816812.html
jobs.51job.com/all/co2816812.html
jobs.51job.com/all/co2816812.html
jobs.51job.com/all/co2816812.html
jobs.51job.com/all/co2816812.html
jobs.51job.com/all/co2816812.html
jobs.51job.com/all/co2816812.html
jobs.51job.com/all/co2816812.html
jobs.51job.com/all/co2816812.html
jobs.51job.com/all/co2816812.html
jobs.51job.com/all/co2816812.html
jobs.51job.com/all/co2816812.html
jobs.51job.com/all/co2816812.html
jobs.51job.com/all/co2816812.html
jobs.51job.com/all/co2816812.html
jobs.51job.com/all/co2882440.html
jobs.51job.com/all/co2816812.html
jobs.51job.com/all/co2816812.html
jobs.51job.com/all/co2882440.html
jobs.51job.com/all/co2816812.html
jobs.51job.com/all/co2882440.html
jobs.51job.com/all/co2816812.html
jobs.51job.com/all/co2816812.html
jobs.51job.com/all/co2816812.html
jobs.51job.com/all/co3308886.html
jobs.51job.com/all/co4828134.html
jobs.51job.com/all/co1377771.html
jobs.51job.com/all/co1377771.html
jobs.51job.com/all/co4858123.html
jobs.51job.com/all/co4858123.html
jobs.51job.com/all/co4858123.html
jobs.51job.com/all/co4858123.html
jobs.51job.com/all/co4868405.html
jobs.51job.com/all/co4186975.html
jobs.51job.com/all/co4331464.html
jobs.51job.com/all/co4849813.html
jobs.51job.com/all/co4892013.html
jobs.51job.com/all/co4892013.html
jobs.51job.com/all/co4849813.html
jobs.51job.com/all/co4849813.html
jobs.51job.com/all/co4676187.html
jobs.51job.com/all/co4676187.html
jobs.51job.com/all/co4796201.html
jobs.51job.com/all/co4796201.html
jobs.51job.com/all/co4796201.html
jobs.51job.com/all/co4796201.html
jobs.51job.com/all/co4796201.html
jobs.51job.com/all/co4676187.html
jobs.51job.com/all/co4680593.html
jobs.51job.com/all/co4676187.html
jobs.51job.com/all/co4676187.html
jobs.51job.com/all/co4596161.html
jobs.51job.com/all/co4596161.html
jobs.51job.com/all/co4676187.html
jobs.51job.com/all/co4676187.html
jobs.51job.com/all/co4676187.html
jobs.51job.com/all/co4680593.html
jobs.51job.com/all/co4676187.html
jobs.51job.com/all/co4676187.html
jobs.51job.com/all/co4676187.html
jobs.51job.com/all/co4676187.html
jobs.51job.com/all/co4676187.html
jobs.51job.com/all/co4676187.html
jobs.51job.com/all/co4676187.html
jobs.51job.com/all/co4676187.html
jobs.51job.com/all/co4596161.html
jobs.51job.com/all/co4289011.html
jobs.51job.com/all/co4289011.html
jobs.51job.com/all/co4289011.html
jobs.51job.com/all/co4326327.html
jobs.51job.com/all/co3180804.html
jobs.51job.com/all/co4289011.html
jobs.51job.com/all/co4289011.html
jobs.51job.com/all/co4289011.html
jobs.51job.com/all/co2856502.html
jobs.51job.com/all/co2856502.html
jobs.51job.com/all/co3180804.html
jobs.51job.com/all/co3180804.html
jobs.51job.com/all/co2856502.html
jobs.51job.com/all/co2856502.html
jobs.51job.com/all/co2856502.html
jobs.51job.com/all/co2856502.html
jobs.51job.com/all/co3947444.html
jobs.51job.com/all/co3947444.html
jobs.51job.com/all/co3947444.html
jobs.51job.com/all/co3947444.html
jobs.51job.com/all/co3947444.html
jobs.51job.com/all/co3947444.html
jobs.51job.com/all/co3947444.html
jobs.51job.com/all/co3947444.html
jobs.51job.com/all/co3947444.html
jobs.51job.com/all/co3947444.html
jobs.51job.com/all/co4345976.html
jobs.51job.com/all/co4345976.html
jobs.51job.com/all/co4345976.html
jobs.51job.com/all/co4345976.html
jobs.51job.com/all/co4561242.html
jobs.51job.com/all/co4561242.html
jobs.51job.com/all/co2302907.html
jobs.51job.com/all/co2302907.html
jobs.51job.com/all/co2302907.html
jobs.51job.com/all/co2302907.html
jobs.51job.com/all/co2302907.html
jobs.51job.com/all/co2302907.html
jobs.51job.com/all/co2302907.html
jobs.51job.com/all/co2302907.html
jobs.51job.com/all/co2302907.html
jobs.51job.com/all/co2302907.html
jobs.51job.com/all/co2302907.html
jobs.51job.com/all/co2302907.html
jobs.51job.com/all/co2302907.html
jobs.51job.com/all/co2302907.html
jobs.51job.com/all/co2302907.html
jobs.51job.com/all/co2302907.html
jobs.51job.com/all/co2302907.html
jobs.51job.com/all/co4943501.html
jobs.51job.com/all/co4943501.html
jobs.51job.com/all/co4943501.html
jobs.51job.com/all/co4943501.html
jobs.51job.com/all/co4943501.html
jobs.51job.com/all/co3375456.html
jobs.51job.com/all/co3375456.html
jobs.51job.com/all/co3375456.html
jobs.51job.com/all/co3375456.html
jobs.51job.com/all/co3375456.html
jobs.51job.com/all/co3375456.html
jobs.51job.com/all/co3375456.html
jobs.51job.com/all/co3375456.html
jobs.51job.com/all/co4042071.html
jobs.51job.com/all/co4042071.html
jobs.51job.com/all/co4042071.html
jobs.51job.com/all/co4042071.html
jobs.51job.com/all/co4042071.html
jobs.51job.com/all/co4042071.html
jobs.51job.com/all/co4042071.html
jobs.51job.com/all/co4042071.html
jobs.51job.com/all/co4042071.html
jobs.51job.com/all/co4042071.html
jobs.51job.com/all/co4042071.html
jobs.51job.com/all/co4042071.html
jobs.51job.com/all/co4042071.html
jobs.51job.com/all/co4828134.html
jobs.51job.com/all/co4828134.html
jobs.51job.com/all/co4828134.html
jobs.51job.com/all/co2026670.html
jobs.51job.com/all/co2026670.html
jobs.51job.com/all/co4387301.html
jobs.51job.com/all/co3244368.html
jobs.51job.com/all/co3244368.html
jobs.51job.com/all/co3244368.html
jobs.51job.com/all/co3244368.html
jobs.51job.com/all/co3244368.html
jobs.51job.com/all/co3244368.html
jobs.51job.com/all/co2856502.html
jobs.51job.com/all/co2856502.html
jobs.51job.com/all/co2856502.html
jobs.51job.com/all/co2856502.html
jobs.51job.com/all/co2856502.html
jobs.51job.com/all/co2856502.html
jobs.51job.com/all/co2856502.html
jobs.51job.com/all/co2856502.html
jobs.51job.com/all/co2856502.html
jobs.51job.com/all/co2856502.html
jobs.51job.com/all/co4638818.html
jobs.51job.com/all/co4638818.html
jobs.51job.com/all/co4638818.html
jobs.51job.com/all/co4638818.html
jobs.51job.com/all/co4638818.html
jobs.51job.com/all/co4638818.html
jobs.51job.com/all/co4638818.html
jobs.51job.com/all/co4638818.html
jobs.51job.com/all/co4638818.html
jobs.51job.com/all/co4638818.html
jobs.51job.com/all/co4638818.html
jobs.51job.com/all/co4638818.html
jobs.51job.com/all/co385916.html
jobs.51job.com/all/co2878012.html
jobs.51job.com/all/co2878012.html
jobs.51job.com/all/co2878012.html
jobs.51job.com/all/co2878012.html
jobs.51job.com/all/co2878012.html
jobs.51job.com/all/co2878012.html
jobs.51job.com/all/co2878012.html
jobs.51job.com/all/co2878012.html
jobs.51job.com/all/co2878012.html
jobs.51job.com/all/co2878012.html
jobs.51job.com/all/co2878012.html
jobs.51job.com/all/co2878012.html
jobs.51job.com/all/co2878012.html
jobs.51job.com/all/co2878012.html
jobs.51job.com/all/co2878012.html
jobs.51job.com/all/co2878012.html
jobs.51job.com/all/co2878012.html
jobs.51job.com/all/co2878012.html
jobs.51job.com/all/co2878012.html
jobs.51job.com/all/co2878012.html
jobs.51job.com/all/co2878012.html
jobs.51job.com/all/co2878012.html
jobs.51job.com/all/co2878012.html
jobs.51job.com/all/co2878012.html
jobs.51job.com/all/co2878012.html
jobs.51job.com/all/co2878012.html
jobs.51job.com/all/co2878012.html
jobs.51job.com/all/co2878012.html
jobs.51job.com/all/co2878012.html
jobs.51job.com/all/co2878012.html
jobs.51job.com/all/co2878012.html
jobs.51job.com/all/co4331464.html
jobs.51job.com/all/co4331464.html
jobs.51job.com/all/co4331464.html
jobs.51job.com/all/co4331464.html
jobs.51job.com/all/co4331464.html
jobs.51job.com/all/co4331464.html
jobs.51job.com/all/co4331464.html
jobs.51job.com/all/co4331464.html
jobs.51job.com/all/co4331464.html
jobs.51job.com/all/co4331464.html
jobs.51job.com/all/co4331464.html
jobs.51job.com/all/co4331464.html
jobs.51job.com/all/co2708950.html
jobs.51job.com/all/co4484848.html
jobs.51job.com/all/co4484848.html
jobs.51job.com/all/co4484848.html
jobs.51job.com/all/co4484848.html
jobs.51job.com/all/co4484848.html
jobs.51job.com/all/co4484848.html
jobs.51job.com/all/co4484848.html
jobs.51job.com/all/co4484848.html
jobs.51job.com/all/co4484848.html
jobs.51job.com/all/co4484848.html
jobs.51job.com/all/co4484848.html
jobs.51job.com/all/co4484848.html
jobs.51job.com/all/co4484848.html
jobs.51job.com/all/co4484848.html
jobs.51job.com/all/co4484848.html
jobs.51job.com/all/co4484848.html
jobs.51job.com/all/co4361537.html
jobs.51job.com/all/co4361537.html
jobs.51job.com/all/co4361537.html
jobs.51job.com/all/co4361537.html
jobs.51job.com/all/co4085390.html
jobs.51job.com/all/co4085390.html
jobs.51job.com/all/co4085390.html
jobs.51job.com/all/co4085390.html
jobs.51job.com/all/co4085390.html
jobs.51job.com/all/co4085390.html
jobs.51job.com/all/co4085390.html
jobs.51job.com/all/co4085390.html
jobs.51job.com/all/co4085390.html
jobs.51job.com/all/co4085390.html
jobs.51job.com/all/co4085390.html
jobs.51job.com/all/co4085390.html
jobs.51job.com/all/co4085390.html
jobs.51job.com/all/co4085390.html
jobs.51job.com/all/co4085390.html
jobs.51job.com/all/co4085390.html
jobs.51job.com/all/co4085390.html
jobs.51job.com/all/co4894438.html
jobs.51job.com/all/co4581462.html
jobs.51job.com/all/co4581462.html
jobs.51job.com/all/co4581462.html
jobs.51job.com/all/co4581462.html
jobs.51job.com/all/co4581462.html
jobs.51job.com/all/co4581462.html
jobs.51job.com/all/co4581462.html
jobs.51job.com/all/co4581462.html
jobs.51job.com/all/co4581462.html
jobs.51job.com/all/co4581462.html
jobs.51job.com/all/co4581462.html
jobs.51job.com/all/co4186975.html
jobs.51job.com/all/co3222563.html
jobs.51job.com/all/co3222563.html
jobs.51job.com/all/co3222563.html
jobs.51job.com/all/co3222563.html
jobs.51job.com/all/co3222563.html
jobs.51job.com/all/co3222563.html
jobs.51job.com/all/co3222563.html
jobs.51job.com/all/co3222563.html
jobs.51job.com/all/co3222563.html
jobs.51job.com/all/co3222563.html
jobs.51job.com/all/co3222563.html
jobs.51job.com/all/co3222563.html
jobs.51job.com/all/co4527137.html
jobs.51job.com/all/co4527137.html
jobs.51job.com/all/co4680663.html
jobs.51job.com/all/co4680663.html
jobs.51job.com/all/co4680663.html
jobs.51job.com/all/co4680663.html
jobs.51job.com/all/co4680663.html
jobs.51job.com/all/co4680663.html
jobs.51job.com/all/co4680663.html
jobs.51job.com/all/co4680663.html
jobs.51job.com/all/co4680663.html
jobs.51job.com/all/co2745063.html
jobs.51job.com/all/co2745063.html
jobs.51job.com/all/co2745063.html
jobs.51job.com/all/co2745063.html
jobs.51job.com/all/co2745063.html
jobs.51job.com/all/co2745063.html
jobs.51job.com/all/co2745063.html
jobs.51job.com/all/co2745063.html
jobs.51job.com/all/co2745063.html
jobs.51job.com/all/co2745063.html
jobs.51job.com/all/co2745063.html
jobs.51job.com/all/co4454684.html
jobs.51job.com/all/co4454684.html
jobs.51job.com/all/co4454684.html
jobs.51job.com/all/co4680593.html
jobs.51job.com/all/co4805767.html
jobs.51job.com/all/co4805767.html
jobs.51job.com/all/co4454684.html
jobs.51job.com/all/co3081040.html
jobs.51job.com/all/co3081040.html
jobs.51job.com/all/co3081040.html
jobs.51job.com/all/co3081040.html
jobs.51job.com/all/co3081040.html
jobs.51job.com/all/co3081040.html
jobs.51job.com/all/co3081040.html
jobs.51job.com/all/co3081040.html
jobs.51job.com/all/co3081040.html
jobs.51job.com/all/co3081040.html
jobs.51job.com/all/co3081040.html
jobs.51job.com/all/co3081040.html
jobs.51job.com/all/co3081040.html
jobs.51job.com/all/co3081040.html
jobs.51job.com/all/co3036925.html
jobs.51job.com/all/co3036925.html
jobs.51job.com/all/co3036925.html
jobs.51job.com/all/co3036925.html
jobs.51job.com/all/co3036925.html
jobs.51job.com/all/co2558472.html
jobs.51job.com/all/co2558472.html
jobs.51job.com/all/co4680593.html
jobs.51job.com/all/co4680593.html
jobs.51job.com/all/co4680593.html
jobs.51job.com/all/co4680593.html
jobs.51job.com/all/co2503346.html
jobs.51job.com/all/co2503346.html
jobs.51job.com/all/co2503346.html
jobs.51job.com/all/co2503346.html
jobs.51job.com/all/co2503346.html
jobs.51job.com/all/co2503346.html
jobs.51job.com/all/co2503346.html
jobs.51job.com/all/co2503346.html
jobs.51job.com/all/co2503346.html
jobs.51job.com/all/co2503346.html
jobs.51job.com/all/co2503346.html
jobs.51job.com/all/co2503346.html
jobs.51job.com/all/co2503346.html
jobs.51job.com/all/co2503346.html
jobs.51job.com/all/co2503346.html
jobs.51job.com/all/co3036925.html
jobs.51job.com/all/co3036925.html
jobs.51job.com/all/co3036925.html
jobs.51job.com/all/co4868405.html
jobs.51job.com/all/co4868405.html
jobs.51job.com/all/co4868405.html
jobs.51job.com/all/co4868405.html
jobs.51job.com/all/co4805767.html
jobs.51job.com/all/co2642113.html
jobs.51job.com/all/co2642113.html
jobs.51job.com/all/co2642113.html
jobs.51job.com/all/co2642113.html
jobs.51job.com/all/co2642113.html
jobs.51job.com/all/co2642113.html
jobs.51job.com/all/co2642113.html
jobs.51job.com/all/co2642113.html
jobs.51job.com/all/co4927151.html
jobs.51job.com/all/co3036925.html
jobs.51job.com/all/co3036925.html
jobs.51job.com/all/co3036925.html
jobs.51job.com/all/co2898579.html
jobs.51job.com/all/co2898579.html
jobs.51job.com/all/co2898579.html
jobs.51job.com/all/co2898579.html
jobs.51job.com/all/co3228156.html
jobs.51job.com/all/co3228156.html
jobs.51job.com/all/co3228156.html
jobs.51job.com/all/co2856502.html
jobs.51job.com/all/co4521911.html
jobs.51job.com/all/co4521911.html
jobs.51job.com/all/co4521911.html
jobs.51job.com/all/co4521911.html
jobs.51job.com/all/co4521911.html
jobs.51job.com/all/co4521911.html
jobs.51job.com/all/co4521911.html
jobs.51job.com/all/co4521911.html
jobs.51job.com/all/co4568133.html
jobs.51job.com/all/co3827084.html
jobs.51job.com/all/co3197229.html
jobs.51job.com/all/co3197229.html
jobs.51job.com/all/co3197229.html
jobs.51job.com/all/co3197229.html
jobs.51job.com/all/co3197229.html
jobs.51job.com/all/co3197229.html
jobs.51job.com/all/co3197229.html
jobs.51job.com/all/co3197229.html
jobs.51job.com/all/co3197229.html
jobs.51job.com/all/co3197229.html
jobs.51job.com/all/co3197229.html
jobs.51job.com/all/co3197229.html
jobs.51job.com/all/co3197229.html
jobs.51job.com/all/co3197229.html
jobs.51job.com/all/co3197229.html
jobs.51job.com/all/co3197229.html
jobs.51job.com/all/co4527137.html
jobs.51job.com/all/co4331464.html
jobs.51job.com/all/co3203663.html
jobs.51job.com/all/co3203663.html
jobs.51job.com/all/co3203663.html
jobs.51job.com/all/co3203663.html
jobs.51job.com/all/co3203663.html
jobs.51job.com/all/co3203663.html
jobs.51job.com/all/co3203663.html
jobs.51job.com/all/co3203663.html
jobs.51job.com/all/co3203663.html
jobs.51job.com/all/co3203663.html
jobs.51job.com/all/co3203663.html
jobs.51job.com/all/co3203663.html
jobs.51job.com/all/co3203663.html
jobs.51job.com/all/co3203663.html
jobs.51job.com/all/co3203663.html
jobs.51job.com/all/co3203663.html
jobs.51job.com/all/co4796201.html
jobs.51job.com/all/co4796201.html
jobs.51job.com/all/co4796201.html
jobs.51job.com/all/co4796201.html
jobs.51job.com/all/co4796201.html
jobs.51job.com/all/co4796201.html
jobs.51job.com/all/co4731135.html
jobs.51job.com/all/co4731135.html
jobs.51job.com/all/co4731135.html
jobs.51job.com/all/co4731135.html
jobs.51job.com/all/co4731135.html
jobs.51job.com/all/co4527137.html
jobs.51job.com/all/co4521143.html
jobs.51job.com/all/co4680663.html
jobs.51job.com/all/co4680663.html
jobs.51job.com/all/co4680663.html
jobs.51job.com/all/co4680663.html
jobs.51job.com/all/co4680663.html
jobs.51job.com/all/co4680663.html
jobs.51job.com/all/co4832805.html
jobs.51job.com/all/co4832805.html
jobs.51job.com/all/co4832805.html
jobs.51job.com/all/co4524631.html
jobs.51job.com/all/co3903830.html
jobs.51job.com/all/co3903830.html
jobs.51job.com/all/co3903830.html
jobs.51job.com/all/co3903830.html
jobs.51job.com/all/co3903830.html
jobs.51job.com/all/co3903830.html
jobs.51job.com/all/co3903830.html
jobs.51job.com/all/co3903830.html
jobs.51job.com/all/co3903830.html
jobs.51job.com/all/co3903830.html
jobs.51job.com/all/co3903830.html
jobs.51job.com/all/co3903830.html
jobs.51job.com/all/co3903830.html
jobs.51job.com/all/co3903830.html
jobs.51job.com/all/co3903830.html
jobs.51job.com/all/co3903830.html
jobs.51job.com/all/co4568133.html
jobs.51job.com/all/co4568133.html
jobs.51job.com/all/co4568133.html
jobs.51job.com/all/co4568133.html
jobs.51job.com/all/co4568133.html
jobs.51job.com/all/co4568133.html
jobs.51job.com/all/co4868405.html
jobs.51job.com/all/co4527137.html
jobs.51job.com/all/co4527137.html
jobs.51job.com/all/co4527137.html
jobs.51job.com/all/co4527137.html
jobs.51job.com/all/co4527137.html
jobs.51job.com/all/co4527137.html
jobs.51job.com/all/co4527137.html
jobs.51job.com/all/co4527137.html
jobs.51job.com/all/co4527137.html
jobs.51job.com/all/co3343328.html
jobs.51job.com/all/co3343328.html
jobs.51job.com/all/co3929992.html
jobs.51job.com/all/co4454684.html
jobs.51job.com/all/co3929992.html
jobs.51job.com/all/co3929992.html
jobs.51job.com/all/co3929992.html
jobs.51job.com/all/co4914351.html
jobs.51job.com/all/co4581462.html
jobs.51job.com/all/co4581462.html
jobs.51job.com/all/co4581462.html
jobs.51job.com/all/co4581462.html
jobs.51job.com/all/co4581462.html
jobs.51job.com/all/co4581462.html
jobs.51job.com/all/co4581462.html
jobs.51job.com/all/co4581462.html
jobs.51job.com/all/co4581462.html
jobs.51job.com/all/co4581462.html
jobs.51job.com/all/co4581462.html
jobs.51job.com/all/co4870020.html
jobs.51job.com/all/co3762539.html
jobs.51job.com/all/co4527137.html
jobs.51job.com/all/co4644577.html
jobs.51job.com/all/co4521143.html
jobs.51job.com/all/co4644577.html
jobs.51job.com/all/co3934186.html
jobs.51job.com/all/co3934186.html
jobs.51job.com/all/co3934186.html
jobs.51job.com/all/co3934186.html
jobs.51job.com/all/co3934186.html
jobs.51job.com/all/co3934186.html
jobs.51job.com/all/co3934186.html
jobs.51job.com/all/co3934186.html
jobs.51job.com/all/co3934186.html
jobs.51job.com/all/co3934186.html
jobs.51job.com/all/co4387301.html
jobs.51job.com/all/co4387301.html
jobs.51job.com/all/co4387301.html
jobs.51job.com/all/co4387301.html
jobs.51job.com/all/co4743373.html
jobs.51job.com/all/co4743373.html
jobs.51job.com/all/co3762539.html
jobs.51job.com/all/co3762539.html
jobs.51job.com/all/co4746468.html
jobs.51job.com/all/co4805767.html
jobs.51job.com/all/co2763777.html
jobs.51job.com/all/co2763777.html
jobs.51job.com/all/co4746468.html
jobs.51job.com/all/co4589929.html
jobs.51job.com/all/co4589929.html
jobs.51job.com/all/co4589929.html
jobs.51job.com/all/co4589929.html
jobs.51job.com/all/co3649467.html
jobs.51job.com/all/co3649467.html
jobs.51job.com/all/co4481518.html
jobs.51job.com/all/co4481518.html
jobs.51job.com/all/co4481518.html
jobs.51job.com/all/co4739487.html
jobs.51job.com/all/co4527137.html
jobs.51job.com/all/co4748889.html
jobs.51job.com/all/co4880775.html
jobs.51job.com/all/co4870020.html
jobs.51job.com/all/co4870020.html
jobs.51job.com/all/co4870020.html
jobs.51job.com/all/co4870020.html
jobs.51job.com/all/co4870020.html
jobs.51job.com/all/co4746468.html
jobs.51job.com/all/co2304414.html
jobs.51job.com/all/co2304414.html
jobs.51job.com/all/co2304414.html
jobs.51job.com/all/co2304414.html
jobs.51job.com/all/co2304414.html
jobs.51job.com/all/co2304414.html
jobs.51job.com/all/co2304414.html
jobs.51job.com/all/co2304414.html
jobs.51job.com/all/co2304414.html
jobs.51job.com/all/co2304414.html
jobs.51job.com/all/co2304414.html
jobs.51job.com/all/co2304414.html
jobs.51job.com/all/co2304414.html
jobs.51job.com/all/co2558472.html
jobs.51job.com/all/co2558472.html
jobs.51job.com/all/co3649467.html
jobs.51job.com/all/co3762539.html
jobs.51job.com/all/co3762539.html
jobs.51job.com/all/co3762539.html
jobs.51job.com/all/co3762539.html
jobs.51job.com/all/co4387400.html
jobs.51job.com/all/co4387400.html
jobs.51job.com/all/co4387400.html
jobs.51job.com/all/co4387400.html
jobs.51job.com/all/co4387400.html
jobs.51job.com/all/co4739487.html
jobs.51job.com/all/co3399544.html
jobs.51job.com/all/co3399544.html
jobs.51job.com/all/co3399544.html
jobs.51job.com/all/co3399544.html
jobs.51job.com/all/co3399544.html
jobs.51job.com/all/co3399544.html
jobs.51job.com/all/co3399544.html
jobs.51job.com/all/co4902770.html
jobs.51job.com/all/co4902770.html
jobs.51job.com/all/co4902770.html
jobs.51job.com/all/co4902770.html
jobs.51job.com/all/co3446103.html
jobs.51job.com/all/co3446103.html
jobs.51job.com/all/co3446103.html
jobs.51job.com/all/co3446103.html
jobs.51job.com/all/co3446103.html
jobs.51job.com/all/co4323375.html
jobs.51job.com/all/co4186975.html
jobs.51job.com/all/co3399544.html
jobs.51job.com/all/co4390241.html
jobs.51job.com/all/co4390241.html
jobs.51job.com/all/co4390241.html
jobs.51job.com/all/co4390241.html
jobs.51job.com/all/co4390241.html
jobs.51job.com/all/co4390241.html
jobs.51job.com/all/co4390241.html
jobs.51job.com/all/co4390241.html
jobs.51job.com/all/co4390241.html
jobs.51job.com/all/co4390241.html
jobs.51job.com/all/co4390241.html
jobs.51job.com/all/co4390241.html
jobs.51job.com/all/co4323375.html
jobs.51job.com/all/co4323375.html
jobs.51job.com/all/co4527137.html
jobs.51job.com/all/co4527137.html
jobs.51job.com/all/co4589929.html
jobs.51job.com/all/co4314322.html
jobs.51job.com/all/co4314322.html
jobs.51job.com/all/co4314322.html
jobs.51job.com/all/co4314322.html
jobs.51job.com/all/co4849813.html
jobs.51job.com/all/co4849813.html
jobs.51job.com/all/co4314322.html
jobs.51job.com/all/co4314322.html
jobs.51job.com/all/co4866288.html
jobs.51job.com/all/co4866288.html
jobs.51job.com/all/co4866288.html
jobs.51job.com/all/co4734323.html
jobs.51job.com/all/co4734323.html
jobs.51job.com/all/co4734323.html
jobs.51job.com/all/co4734323.html
jobs.51job.com/all/co4703535.html
jobs.51job.com/all/co4703535.html
jobs.51job.com/all/co4780147.html
jobs.51job.com/all/co4780147.html
jobs.51job.com/all/co4780147.html
jobs.51job.com/all/co4780147.html
jobs.51job.com/all/co4780147.html
jobs.51job.com/all/co2558472.html
jobs.51job.com/all/co4323375.html
jobs.51job.com/all/co4681964.html
jobs.51job.com/all/co4527137.html
jobs.51job.com/all/co4323375.html
jobs.51job.com/all/co3397431.html
jobs.51job.com/all/co3397431.html
jobs.51job.com/all/co3397431.html
jobs.51job.com/all/co3397431.html
jobs.51job.com/all/co4356284.html
jobs.51job.com/all/co4356284.html
jobs.51job.com/all/co4356284.html
jobs.51job.com/all/co4356284.html
jobs.51job.com/all/co4356284.html
jobs.51job.com/all/co4356284.html
jobs.51job.com/all/co4323375.html
jobs.51job.com/all/co4298371.html
jobs.51job.com/all/co4856514.html
jobs.51job.com/all/co4856514.html
jobs.51job.com/all/co4856514.html
jobs.51job.com/all/co3699155.html
jobs.51job.com/all/co3699155.html
jobs.51job.com/all/co2503346.html
jobs.51job.com/all/co2503346.html
jobs.51job.com/all/co2503346.html
jobs.51job.com/all/co4298371.html
jobs.51job.com/all/co4298371.html
jobs.51job.com/all/co2971550.html
jobs.51job.com/all/co4454684.html
jobs.51job.com/all/co4454684.html
jobs.51job.com/all/co4298371.html
jobs.51job.com/all/co4298371.html
jobs.51job.com/all/co4339629.html
jobs.51job.com/all/co4339629.html
jobs.51job.com/all/co3827084.html
jobs.51job.com/all/co4308861.html
jobs.51job.com/all/co3699155.html
jobs.51job.com/all/co4298371.html
jobs.51job.com/all/co4298371.html
jobs.51job.com/all/co4298371.html
jobs.51job.com/all/co3207911.html
jobs.51job.com/all/co3207911.html
jobs.51job.com/all/co3207911.html
jobs.51job.com/all/co3207911.html
jobs.51job.com/all/co3207911.html
jobs.51job.com/all/co3207911.html
jobs.51job.com/all/co3207911.html
jobs.51job.com/all/co3207911.html
jobs.51job.com/all/co3207911.html
jobs.51job.com/all/co3207911.html
jobs.51job.com/all/co3207911.html
jobs.51job.com/all/co3207911.html
jobs.51job.com/all/co3207911.html
jobs.51job.com/all/co3207911.html
jobs.51job.com/all/co3207911.html
jobs.51job.com/all/co3207911.html
jobs.51job.com/all/co3207911.html
jobs.51job.com/all/co3207911.html
jobs.51job.com/all/co3207911.html
jobs.51job.com/all/co3207911.html
jobs.51job.com/all/co3207911.html
jobs.51job.com/all/co3207911.html
jobs.51job.com/all/co4739487.html
jobs.51job.com/all/co4268965.html
jobs.51job.com/all/co4268965.html
jobs.51job.com/all/co4268965.html
jobs.51job.com/all/co4268965.html
jobs.51job.com/all/co4286940.html
jobs.51job.com/all/co4286940.html
jobs.51job.com/all/co4286940.html
jobs.51job.com/all/co3903830.html
jobs.51job.com/all/co2971550.html
jobs.51job.com/all/co2971550.html
jobs.51job.com/all/co2971550.html
jobs.51job.com/all/co2971550.html
jobs.51job.com/all/co3649467.html
jobs.51job.com/all/co3649467.html
jobs.51job.com/all/co3649467.html
jobs.51job.com/all/co3207911.html
jobs.51job.com/all/co3207911.html
jobs.51job.com/all/co3207911.html
jobs.51job.com/all/co3207911.html
jobs.51job.com/all/co4298371.html
jobs.51job.com/all/co4283050.html
jobs.51job.com/all/co4283050.html
jobs.51job.com/all/co4283050.html
jobs.51job.com/all/co4283050.html
jobs.51job.com/all/co4283050.html
jobs.51job.com/all/co4283050.html
jobs.51job.com/all/co4283050.html
jobs.51job.com/all/co2558472.html
jobs.51job.com/all/co2558472.html
jobs.51job.com/all/co3455286.html
jobs.51job.com/all/co3455286.html
jobs.51job.com/all/co3455286.html
jobs.51job.com/all/co3455286.html
jobs.51job.com/all/co3455286.html
jobs.51job.com/all/co3455286.html
jobs.51job.com/all/co3455286.html
jobs.51job.com/all/co3455286.html
jobs.51job.com/all/co3455286.html
jobs.51job.com/all/co3455286.html
jobs.51job.com/all/co4298371.html
jobs.51job.com/all/co4298371.html
jobs.51job.com/all/co4298371.html
jobs.51job.com/all/co4273498.html
jobs.51job.com/all/co4273498.html
jobs.51job.com/all/co4273498.html
jobs.51job.com/all/co4273498.html
jobs.51job.com/all/co4273498.html
jobs.51job.com/all/co4273498.html
jobs.51job.com/all/co4273498.html
jobs.51job.com/all/co4273498.html
jobs.51job.com/all/co4273498.html
jobs.51job.com/all/co4273498.html
jobs.51job.com/all/co4273498.html
jobs.51job.com/all/co4869817.html
jobs.51job.com/all/co4869817.html
jobs.51job.com/all/co4869817.html
jobs.51job.com/all/co4869817.html
jobs.51job.com/all/co4869817.html
jobs.51job.com/all/co4318013.html
jobs.51job.com/all/co4318013.html
jobs.51job.com/all/co4318013.html
jobs.51job.com/all/co4318013.html
jobs.51job.com/all/co4318013.html
jobs.51job.com/all/co4318013.html
jobs.51job.com/all/co3396165.html
jobs.51job.com/all/co3396165.html
jobs.51job.com/all/co3396165.html
jobs.51job.com/all/co3396165.html
jobs.51job.com/all/co3396165.html
jobs.51job.com/all/co4335276.html
jobs.51job.com/all/co2304414.html
jobs.51job.com/all/co2304414.html
jobs.51job.com/all/co2971550.html
jobs.51job.com/all/co4556825.html
jobs.51job.com/all/co4556825.html
jobs.51job.com/all/co4851198.html
jobs.51job.com/all/co4763280.html
jobs.51job.com/all/co4763280.html
jobs.51job.com/all/co4763280.html
jobs.51job.com/all/co4763280.html
jobs.51job.com/all/co4763280.html
jobs.51job.com/all/co4763280.html
jobs.51job.com/all/co4763280.html
jobs.51job.com/all/co4763280.html
jobs.51job.com/all/co4763280.html
jobs.51job.com/all/co4209439.html
jobs.51job.com/all/co4824338.html
jobs.51job.com/all/co3036794.html
jobs.51job.com/all/co3036794.html
jobs.51job.com/all/co3156236.html
jobs.51job.com/all/co3120716.html
jobs.51job.com/all/co3120716.html
jobs.51job.com/all/co4791164.html
jobs.51job.com/all/co4791164.html
jobs.51job.com/all/co4851790.html
jobs.51job.com/all/co4851790.html
jobs.51job.com/all/co4851790.html
jobs.51job.com/all/co4851790.html
jobs.51job.com/all/co4851790.html
jobs.51job.com/all/co4852601.html
jobs.51job.com/all/co4852601.html
jobs.51job.com/all/co4852321.html
jobs.51job.com/all/co4852321.html
jobs.51job.com/all/co4851790.html
jobs.51job.com/all/co4851790.html
jobs.51job.com/all/co4851790.html
jobs.51job.com/all/co4008342.html
jobs.51job.com/all/co1321342.html
jobs.51job.com/all/co2496687.html
jobs.51job.com/all/co2496687.html
jobs.51job.com/all/co2496687.html
jobs.51job.com/all/co2496687.html
jobs.51job.com/all/co2496687.html
jobs.51job.com/all/co3966304.html
jobs.51job.com/all/co3966304.html
jobs.51job.com/all/co2756655.html
jobs.51job.com/all/co3500629.html
jobs.51job.com/all/co4851198.html
jobs.51job.com/all/co4851198.html
jobs.51job.com/all/co4851198.html
jobs.51job.com/all/co4851198.html
jobs.51job.com/all/co4851198.html
jobs.51job.com/all/co4851198.html
jobs.51job.com/all/co4851198.html
jobs.51job.com/all/co4851198.html
jobs.51job.com/all/co4851198.html
jobs.51job.com/all/co4851198.html
jobs.51job.com/all/co4851198.html
jobs.51job.com/all/co4851198.html
jobs.51job.com/all/co4851198.html
jobs.51job.com/all/co4851198.html
jobs.51job.com/all/co4851198.html
jobs.51job.com/all/co4851198.html
jobs.51job.com/all/co4851198.html
jobs.51job.com/all/co4851198.html
jobs.51job.com/all/co4851198.html
jobs.51job.com/all/co4851198.html
jobs.51job.com/all/co4851198.html
jobs.51job.com/all/co4851198.html
jobs.51job.com/all/co4851198.html
jobs.51job.com/all/co4851198.html
jobs.51job.com/all/co4851198.html
jobs.51job.com/all/co4851198.html
jobs.51job.com/all/co4851198.html
jobs.51job.com/all/co4851198.html
jobs.51job.com/all/co4851198.html
jobs.51job.com/all/co4851198.html
jobs.51job.com/all/co4851198.html
jobs.51job.com/all/co4791164.html
jobs.51job.com/all/co4791164.html
jobs.51job.com/all/co4791164.html
jobs.51job.com/all/co2768081.html
jobs.51job.com/all/co2768081.html
jobs.51job.com/all/co2059233.html
jobs.51job.com/all/co2059233.html
jobs.51job.com/all/co2059233.html
jobs.51job.com/all/co3830187.html
jobs.51job.com/all/co4852321.html
jobs.51job.com/all/co4852321.html
jobs.51job.com/all/co4852321.html
jobs.51job.com/all/co4721634.html
jobs.51job.com/all/co4868943.html
jobs.51job.com/all/co4868943.html
jobs.51job.com/all/co4868943.html
jobs.51job.com/all/co4868943.html
jobs.51job.com/all/co4209439.html
jobs.51job.com/all/co3036794.html
jobs.51job.com/all/co2892438.html
jobs.51job.com/all/co2892438.html
jobs.51job.com/all/co4852601.html
jobs.51job.com/all/co4852601.html
jobs.51job.com/all/co4852601.html
jobs.51job.com/all/co2732098.html
jobs.51job.com/all/co4710104.html
jobs.51job.com/all/co4843752.html
jobs.51job.com/all/co4843752.html
jobs.51job.com/all/co4843752.html
jobs.51job.com/all/co4795498.html
jobs.51job.com/all/co3535200.html
jobs.51job.com/all/co3535200.html
jobs.51job.com/all/co4693836.html
jobs.51job.com/all/co4693836.html
jobs.51job.com/all/co3959546.html
jobs.51job.com/all/co3959546.html
jobs.51job.com/all/co3959546.html
jobs.51job.com/all/co2319821.html
jobs.51job.com/all/co3845523.html
jobs.51job.com/all/co4762484.html
jobs.51job.com/all/co3564167.html
jobs.51job.com/all/co3564167.html
jobs.51job.com/all/co4762484.html
jobs.51job.com/all/co4381565.html
jobs.51job.com/all/co4868943.html
jobs.51job.com/all/co4904522.html
jobs.51job.com/all/co4381841.html
jobs.51job.com/all/co4381841.html
jobs.51job.com/all/co4852025.html
jobs.51job.com/all/co4852025.html
jobs.51job.com/all/co4852025.html
jobs.51job.com/all/co4852025.html
jobs.51job.com/all/co4852025.html
jobs.51job.com/all/co4852025.html
jobs.51job.com/all/co4852025.html
jobs.51job.com/all/co4381841.html
jobs.51job.com/all/co2353862.html
jobs.51job.com/all/co4868943.html
jobs.51job.com/all/co4868943.html
jobs.51job.com/all/co4868943.html
jobs.51job.com/all/co4868943.html
jobs.51job.com/all/co4868943.html
jobs.51job.com/all/co2709457.html
jobs.51job.com/all/co2709457.html
jobs.51job.com/all/co4824338.html
jobs.51job.com/all/co4008342.html
jobs.51job.com/all/co3261189.html
jobs.51job.com/all/co4843752.html
jobs.51job.com/all/co4843752.html
jobs.51job.com/all/co4843752.html
jobs.51job.com/all/co4843752.html
jobs.51job.com/all/co4843752.html
jobs.51job.com/all/co4843752.html
jobs.51job.com/all/co4843752.html
jobs.51job.com/all/co4843752.html
jobs.51job.com/all/co4843752.html
jobs.51job.com/all/co4843752.html
jobs.51job.com/all/co4843752.html
jobs.51job.com/all/co4843752.html
jobs.51job.com/all/co4843752.html
jobs.51job.com/all/co4843752.html
jobs.51job.com/all/co4843752.html
jobs.51job.com/all/co4843752.html
jobs.51job.com/all/co4843752.html
jobs.51job.com/all/co3909257.html
jobs.51job.com/all/co3909257.html
jobs.51job.com/all/co3909257.html
jobs.51job.com/all/co3909257.html
jobs.51job.com/all/co4855542.html
jobs.51job.com/all/co4791164.html
jobs.51job.com/all/co4791164.html
jobs.51job.com/all/co4351602.html
jobs.51job.com/all/co4351602.html
jobs.51job.com/all/co4852321.html
jobs.51job.com/all/co4852321.html
jobs.51job.com/all/co4852321.html
jobs.51job.com/all/co4865896.html
jobs.51job.com/all/co2892438.html
jobs.51job.com/all/co2892438.html
jobs.51job.com/all/co2892438.html
jobs.51job.com/all/co3986922.html
jobs.51job.com/all/co3966304.html
jobs.51job.com/all/co3966304.html
jobs.51job.com/all/co3966304.html
jobs.51job.com/all/co3966304.html
jobs.51job.com/all/co3966304.html
jobs.51job.com/all/co3966304.html
jobs.51job.com/all/co3966304.html
jobs.51job.com/all/co3966304.html
jobs.51job.com/all/co3966304.html
jobs.51job.com/all/co3966304.html
jobs.51job.com/all/co4843752.html
jobs.51job.com/all/co4843752.html
jobs.51job.com/all/co4843752.html
jobs.51job.com/all/co4852601.html
jobs.51job.com/all/co4852601.html
jobs.51job.com/all/co4852601.html
jobs.51job.com/all/co4478953.html
jobs.51job.com/all/co4478953.html
jobs.51job.com/all/co4478953.html
jobs.51job.com/all/co4710104.html
jobs.51job.com/all/co4710104.html
jobs.51job.com/all/co4710104.html
jobs.51job.com/all/co4710104.html
jobs.51job.com/all/co4710104.html
jobs.51job.com/all/co4710104.html
jobs.51job.com/all/co4710104.html
jobs.51job.com/all/co4851790.html
jobs.51job.com/all/co3896550.html
jobs.51job.com/all/co3647385.html
jobs.51job.com/all/co4852025.html
jobs.51job.com/all/co4866786.html
jobs.51job.com/all/co3870995.html
jobs.51job.com/all/co3870995.html
jobs.51job.com/all/co3870995.html
jobs.51job.com/all/co3870995.html
jobs.51job.com/all/co3870995.html
jobs.51job.com/all/co3870995.html
jobs.51job.com/all/co4646716.html
jobs.51job.com/all/co4646716.html
jobs.51job.com/all/co2828533.html
jobs.51job.com/all/co4852321.html
jobs.51job.com/all/co4852321.html
jobs.51job.com/all/co4852321.html
jobs.51job.com/all/co3989199.html
jobs.51job.com/all/co3989199.html
jobs.51job.com/all/co4915211.html
jobs.51job.com/all/co4834692.html
jobs.51job.com/all/co4834692.html
jobs.51job.com/all/co3818559.html
jobs.51job.com/all/co4489607.html
jobs.51job.com/all/co4489607.html
jobs.51job.com/all/co4489607.html
jobs.51job.com/all/co4489607.html
jobs.51job.com/all/co4489607.html
jobs.51job.com/all/co4489607.html
jobs.51job.com/all/co4489607.html
jobs.51job.com/all/co4489607.html
jobs.51job.com/all/co4489607.html
jobs.51job.com/all/co4851790.html
jobs.51job.com/all/co4851790.html
jobs.51job.com/all/co4851790.html
jobs.51job.com/all/co4851790.html
jobs.51job.com/all/co4851790.html
jobs.51job.com/all/co4851790.html
jobs.51job.com/all/co4851790.html
jobs.51job.com/all/co4851790.html
jobs.51job.com/all/co4851790.html
jobs.51job.com/all/co4851790.html
jobs.51job.com/all/co4851790.html
jobs.51job.com/all/co4851790.html
jobs.51job.com/all/co4851790.html
jobs.51job.com/all/co4851790.html
jobs.51job.com/all/co4851790.html
jobs.51job.com/all/co4851790.html
jobs.51job.com/all/co4851790.html
jobs.51job.com/all/co4851790.html
jobs.51job.com/all/co4851790.html
jobs.51job.com/all/co4851790.html
jobs.51job.com/all/co4851790.html
jobs.51job.com/all/co4851790.html
jobs.51job.com/all/co4851790.html
jobs.51job.com/all/co4851790.html
jobs.51job.com/all/co4851790.html
jobs.51job.com/all/co4381841.html
jobs.51job.com/all/co4381841.html
jobs.51job.com/all/co4866786.html
jobs.51job.com/all/co4852601.html
jobs.51job.com/all/co4852601.html
jobs.51job.com/all/co4852601.html
jobs.51job.com/all/co4852601.html
jobs.51job.com/all/co4852321.html
jobs.51job.com/all/co4866786.html
jobs.51job.com/all/co4583819.html
jobs.51job.com/all/co3061253.html
jobs.51job.com/all/co4852321.html
jobs.51job.com/all/co4852321.html
jobs.51job.com/all/co4866786.html
jobs.51job.com/all/co4866786.html
jobs.51job.com/all/co4866786.html
jobs.51job.com/all/co4866786.html
jobs.51job.com/all/co4866786.html
jobs.51job.com/all/co4866786.html
jobs.51job.com/all/co4866786.html
jobs.51job.com/all/co4866786.html
jobs.51job.com/all/co4866786.html
jobs.51job.com/all/co4866786.html
jobs.51job.com/all/co4866786.html
jobs.51job.com/all/co4866786.html
jobs.51job.com/all/co4866786.html
jobs.51job.com/all/co4866786.html
jobs.51job.com/all/co4866786.html
jobs.51job.com/all/co4866786.html
jobs.51job.com/all/co4866786.html
jobs.51job.com/all/co4866786.html
jobs.51job.com/all/co4866786.html
jobs.51job.com/all/co4866786.html
jobs.51job.com/all/co4866786.html
jobs.51job.com/all/co3061253.html
jobs.51job.com/all/co4852321.html
jobs.51job.com/all/co4852321.html
jobs.51job.com/all/co4852321.html
jobs.51job.com/all/co4852601.html
jobs.51job.com/all/co4852601.html
jobs.51job.com/all/co4852601.html
jobs.51job.com/all/co3946371.html
jobs.51job.com/all/co4583819.html
jobs.51job.com/all/co4583819.html
jobs.51job.com/all/co4583819.html
jobs.51job.com/all/co4583819.html
jobs.51job.com/all/co4583819.html
jobs.51job.com/all/co4583819.html
jobs.51job.com/all/co4583819.html
jobs.51job.com/all/co4583819.html
jobs.51job.com/all/co4583819.html
jobs.51job.com/all/co4379784.html
jobs.51job.com/all/co4379784.html
jobs.51job.com/all/co4379784.html
jobs.51job.com/all/co4379784.html
jobs.51job.com/all/co4379784.html
jobs.51job.com/all/co4379784.html
jobs.51job.com/all/co4379784.html
jobs.51job.com/all/co4379784.html
jobs.51job.com/all/co4379784.html
jobs.51job.com/all/co4379784.html
jobs.51job.com/all/co4379784.html
jobs.51job.com/all/co3282626.html
jobs.51job.com/all/co4842368.html
jobs.51job.com/all/co4352269.html
jobs.51job.com/all/co4358025.html
jobs.51job.com/all/co4852321.html
jobs.51job.com/all/co4852321.html
jobs.51job.com/all/co4852321.html
jobs.51job.com/all/co3271216.html
jobs.51job.com/all/co3271216.html
jobs.51job.com/all/co3713966.html
jobs.51job.com/all/co4852601.html
jobs.51job.com/all/co4852601.html
jobs.51job.com/all/co4852601.html
jobs.51job.com/all/co2654808.html
jobs.51job.com/all/co2654808.html
jobs.51job.com/all/co2654808.html
jobs.51job.com/all/co2654808.html
jobs.51job.com/all/co2654808.html
jobs.51job.com/all/co2654808.html
jobs.51job.com/all/co2654808.html
jobs.51job.com/all/co2654808.html
jobs.51job.com/all/co2654808.html
jobs.51job.com/all/co2654808.html
jobs.51job.com/all/co2654808.html
jobs.51job.com/all/co4851790.html
jobs.51job.com/all/co3845523.html
jobs.51job.com/all/co4688909.html
jobs.51job.com/all/co4688909.html
jobs.51job.com/all/co3591198.html
jobs.51job.com/all/co3591198.html
jobs.51job.com/all/co2875155.html
jobs.51job.com/all/co4852321.html
jobs.51job.com/all/co4852321.html
jobs.51job.com/all/co4852321.html
jobs.51job.com/all/co4583819.html
jobs.51job.com/all/co4935502.html
jobs.51job.com/all/co4852321.html
jobs.51job.com/all/co4852321.html
jobs.51job.com/all/co4852321.html
jobs.51job.com/all/co4852601.html
jobs.51job.com/all/co4852601.html
jobs.51job.com/all/co4852601.html
jobs.51job.com/all/co4489607.html
jobs.51job.com/all/co4489607.html
jobs.51job.com/all/co4489607.html
jobs.51job.com/all/co4489607.html
jobs.51job.com/all/co4489607.html
jobs.51job.com/all/co4489607.html
jobs.51job.com/all/co4489607.html
jobs.51job.com/all/co4489607.html
jobs.51job.com/all/co4489607.html
jobs.51job.com/all/co4810609.html
jobs.51job.com/all/co4810609.html
jobs.51job.com/all/co4935502.html
jobs.51job.com/all/co4935502.html
jobs.51job.com/all/co4935502.html
jobs.51job.com/all/co2981374.html
jobs.51job.com/all/co2981374.html
jobs.51job.com/all/co4655556.html
jobs.51job.com/all/co4655556.html
jobs.51job.com/all/co4655556.html
jobs.51job.com/all/co4655556.html
jobs.51job.com/all/co4655556.html
jobs.51job.com/all/co4655556.html
jobs.51job.com/all/co4655556.html
jobs.51job.com/all/co4655556.html
jobs.51job.com/all/co4655556.html
jobs.51job.com/all/co4655556.html
jobs.51job.com/all/co4655556.html
jobs.51job.com/all/co4655556.html
jobs.51job.com/all/co4655556.html
jobs.51job.com/all/co4655556.html
jobs.51job.com/all/co4655556.html
jobs.51job.com/all/co4655556.html
jobs.51job.com/all/co4655556.html
jobs.51job.com/all/co4655556.html
jobs.51job.com/all/co4655556.html
jobs.51job.com/all/co4655556.html
jobs.51job.com/all/co4655556.html
jobs.51job.com/all/co4655556.html
jobs.51job.com/all/co4655556.html
jobs.51job.com/all/co4655556.html
jobs.51job.com/all/co4655556.html
jobs.51job.com/all/co4655556.html
jobs.51job.com/all/co4655556.html
jobs.51job.com/all/co4655556.html
jobs.51job.com/all/co4655556.html
jobs.51job.com/all/co4655556.html
jobs.51job.com/all/co4655556.html
jobs.51job.com/all/co4655556.html
jobs.51job.com/all/co4655556.html
jobs.51job.com/all/co4655556.html
jobs.51job.com/all/co4655556.html
jobs.51job.com/all/co4655556.html
jobs.51job.com/all/co4655556.html
jobs.51job.com/all/co4655556.html
jobs.51job.com/all/co4655556.html
jobs.51job.com/all/co4655556.html
jobs.51job.com/all/co4655556.html
jobs.51job.com/all/co4655556.html
jobs.51job.com/all/co4655556.html
jobs.51job.com/all/co4655556.html
jobs.51job.com/all/co4655556.html
jobs.51job.com/all/co4655556.html
jobs.51job.com/all/co4655556.html
jobs.51job.com/all/co4655556.html
jobs.51job.com/all/co4655556.html
jobs.51job.com/all/co4655556.html
jobs.51job.com/all/co4655556.html
jobs.51job.com/all/co4655556.html
jobs.51job.com/all/co4655556.html
jobs.51job.com/all/co4655556.html
jobs.51job.com/all/co4655556.html
jobs.51job.com/all/co4655556.html
jobs.51job.com/all/co4655556.html
jobs.51job.com/all/co4655556.html
jobs.51job.com/all/co4655556.html
jobs.51job.com/all/co4655556.html
jobs.51job.com/all/co4655556.html
jobs.51job.com/all/co4655556.html
jobs.51job.com/all/co4655556.html
jobs.51job.com/all/co4655556.html
jobs.51job.com/all/co4655556.html
jobs.51job.com/all/co4655556.html
jobs.51job.com/all/co4655556.html
jobs.51job.com/all/co4655556.html
jobs.51job.com/all/co4655556.html
jobs.51job.com/all/co4655556.html
jobs.51job.com/all/co4655556.html
jobs.51job.com/all/co4655556.html
jobs.51job.com/all/co4655556.html
jobs.51job.com/all/co4655556.html
jobs.51job.com/all/co4655556.html
jobs.51job.com/all/co4655556.html
jobs.51job.com/all/co4655556.html
jobs.51job.com/all/co4797590.html
jobs.51job.com/all/co4852601.html
jobs.51job.com/all/co4852601.html
jobs.51job.com/all/co4852601.html
jobs.51job.com/all/co4852321.html
jobs.51job.com/all/co4852321.html
jobs.51job.com/all/co4852321.html
career.akzonobel.51job.com
jobs.51job.com/all/co3992468.html
jobs.51job.com/all/co3992468.html
jobs.51job.com/all/co3992468.html
jobs.51job.com/all/co3992468.html
jobs.51job.com/all/co4349418.html
jobs.51job.com/all/co4852321.html
jobs.51job.com/all/co4852321.html
jobs.51job.com/all/co4852321.html
jobs.51job.com/all/co4852601.html
jobs.51job.com/all/co4852601.html
jobs.51job.com/all/co4852601.html
jobs.51job.com/all/co4852601.html
jobs.51job.com/all/co4852601.html
jobs.51job.com/all/co4852321.html
jobs.51job.com/all/co4852321.html
jobs.51job.com/all/co4852321.html
jobs.51job.com/all/co4852601.html
jobs.51job.com/all/co4852321.html
jobs.51job.com/all/co4852321.html
jobs.51job.com/all/co4467342.html
jobs.51job.com/all/co4852601.html
jobs.51job.com/all/co4852601.html
jobs.51job.com/all/co4489607.html
jobs.51job.com/all/co2988505.html
jobs.51job.com/all/co4852601.html
jobs.51job.com/all/co4852601.html
jobs.51job.com/all/co4852601.html
jobs.51job.com/all/co3214452.html
jobs.51job.com/all/co4180601.html
jobs.51job.com/all/co4583819.html
jobs.51job.com/all/co3706408.html
jobs.51job.com/all/co2381757.html
jobs.51job.com/all/co4852601.html
jobs.51job.com/all/co4852601.html
jobs.51job.com/all/co4852601.html
jobs.51job.com/all/co4852321.html
jobs.51job.com/all/co4852321.html
jobs.51job.com/all/co4852321.html
jobs.51job.com/all/co4489607.html
jobs.51job.com/all/co4852601.html
jobs.51job.com/all/co4852601.html
jobs.51job.com/all/co4489607.html
jobs.51job.com/all/co4489607.html
jobs.51job.com/all/co4852321.html
jobs.51job.com/all/co4852321.html
jobs.51job.com/all/co4852321.html
jobs.51job.com/all/co4489607.html
jobs.51job.com/all/co4489607.html
jobs.51job.com/all/co4489607.html
jobs.51job.com/all/co4489607.html
jobs.51job.com/all/co4489607.html
jobs.51job.com/all/co4852321.html
jobs.51job.com/all/co4852321.html
jobs.51job.com/all/co4852321.html
jobs.51job.com/all/co4852321.html
jobs.51job.com/all/co4852601.html
jobs.51job.com/all/co4852601.html
jobs.51job.com/all/co4852601.html
jobs.51job.com/all/co4580546.html
jobs.51job.com/all/co3945328.html
jobs.51job.com/all/co3707743.html
jobs.51job.com/all/co4824338.html
jobs.51job.com/all/co4420730.html
jobs.51job.com/all/co4420730.html
jobs.51job.com/all/co4852601.html
jobs.51job.com/all/co4852601.html
jobs.51job.com/all/co4852601.html
jobs.51job.com/all/co4852321.html
jobs.51job.com/all/co4852321.html
jobs.51job.com/all/co4489607.html
jobs.51job.com/all/co4489607.html
jobs.51job.com/all/co4852601.html
jobs.51job.com/all/co4852601.html
jobs.51job.com/all/co4852321.html
jobs.51job.com/all/co4852321.html
jobs.51job.com/all/co4852321.html
jobs.51job.com/all/co4489607.html
jobs.51job.com/all/co4852601.html
jobs.51job.com/all/co4489607.html
jobs.51job.com/all/co4313546.html
jobs.51job.com/all/co4313546.html
jobs.51job.com/all/co4313546.html
jobs.51job.com/all/co4489607.html
jobs.51job.com/all/co4489607.html
jobs.51job.com/all/co4489607.html
jobs.51job.com/all/co4009701.html
jobs.51job.com/all/co4314990.html
jobs.51job.com/all/co4314990.html
jobs.51job.com/all/co4314990.html
jobs.51job.com/all/co4314990.html
jobs.51job.com/all/co4314990.html
jobs.51job.com/all/co2973611.html
jobs.51job.com/all/co2754806.html
jobs.51job.com/all/co4489607.html
jobs.51job.com/all/co4852321.html
jobs.51job.com/all/co4852601.html
jobs.51job.com/all/co4852601.html
jobs.51job.com/all/co4852601.html
jobs.51job.com/all/co4852321.html
jobs.51job.com/all/co4852321.html
jobs.51job.com/all/co4489607.html
jobs.51job.com/all/co4681351.html
jobs.51job.com/all/co4808461.html
jobs.51job.com/all/co4808461.html
jobs.51job.com/all/co4852321.html
jobs.51job.com/all/co4852321.html
jobs.51job.com/all/co4852321.html
jobs.51job.com/all/co4852601.html
jobs.51job.com/all/co4369451.html
jobs.51job.com/all/co4369451.html
jobs.51job.com/all/co4852601.html
jobs.51job.com/all/co4852601.html
jobs.51job.com/all/co4764787.html
jobs.51job.com/all/co4852321.html
jobs.51job.com/all/co4852321.html
jobs.51job.com/all/co4852321.html
jobs.51job.com/all/co4852321.html
jobs.51job.com/all/co4852321.html
jobs.51job.com/all/co4489607.html
jobs.51job.com/all/co4852601.html
jobs.51job.com/all/co4852601.html
jobs.51job.com/all/co4489607.html
jobs.51job.com/all/co4489607.html
jobs.51job.com/all/co4852601.html
jobs.51job.com/all/co4852321.html
jobs.51job.com/all/co4852321.html
jobs.51job.com/all/co4489607.html
jobs.51job.com/all/co4489607.html
jobs.51job.com/all/co4852601.html
jobs.51job.com/all/co4852321.html
jobs.51job.com/all/co4852321.html
jobs.51job.com/all/co4852321.html
jobs.51job.com/all/co4489607.html
jobs.51job.com/all/co4489607.html
jobs.51job.com/all/co4852601.html
jobs.51job.com/all/co4852321.html
jobs.51job.com/all/co4852601.html
jobs.51job.com/all/co4852601.html
jobs.51job.com/all/co4852321.html
jobs.51job.com/all/co4852321.html
jobs.51job.com/all/co3429258.html
jobs.51job.com/all/co3429258.html
jobs.51job.com/all/co4486932.html
jobs.51job.com/all/co4486932.html
jobs.51job.com/all/co3870995.html
jobs.51job.com/all/co3870995.html
jobs.51job.com/all/co4852321.html
jobs.51job.com/all/co4852321.html
jobs.51job.com/all/co4852321.html
jobs.51job.com/all/co4489607.html
jobs.51job.com/all/co4852601.html
jobs.51job.com/all/co4852601.html
jobs.51job.com/all/co4852601.html
jobs.51job.com/all/co4489607.html
jobs.51job.com/all/co4489607.html
jobs.51job.com/all/co4489607.html
jobs.51job.com/all/co4852321.html
jobs.51job.com/all/co4852321.html
jobs.51job.com/all/co4852321.html
jobs.51job.com/all/co4852601.html
jobs.51job.com/all/co4852601.html
jobs.51job.com/all/co4852601.html
jobs.51job.com/all/co4489607.html
jobs.51job.com/all/co4489607.html
jobs.51job.com/all/co4277469.html
jobs.51job.com/all/co4277469.html
jobs.51job.com/all/co4277469.html
jobs.51job.com/all/co4277469.html
jobs.51job.com/all/co4852321.html
jobs.51job.com/all/co4489607.html
jobs.51job.com/all/co4489607.html
jobs.51job.com/all/co4763353.html
jobs.51job.com/all/co4852321.html
jobs.51job.com/all/co4852321.html
jobs.51job.com/all/co4489607.html
jobs.51job.com/all/co4489607.html
jobs.51job.com/all/co3059729.html
jobs.51job.com/all/co4489607.html
jobs.51job.com/all/co4489607.html
jobs.51job.com/all/co4489607.html
jobs.51job.com/all/co4852601.html
jobs.51job.com/all/co4852601.html
jobs.51job.com/all/co4852321.html
jobs.51job.com/all/co4852321.html
jobs.51job.com/all/co4852321.html
jobs.51job.com/all/co4489607.html
jobs.51job.com/all/co4489607.html
jobs.51job.com/all/co4852601.html
jobs.51job.com/all/co4852601.html
jobs.51job.com/all/co4852601.html
jobs.51job.com/all/co4852321.html
jobs.51job.com/all/co4852321.html
jobs.51job.com/all/co4852321.html
jobs.51job.com/all/co4489607.html
jobs.51job.com/all/co4489607.html
jobs.51job.com/all/co4489607.html
jobs.51job.com/all/co4489607.html
jobs.51job.com/all/co4489607.html
jobs.51job.com/all/co4489607.html
jobs.51job.com/all/co4852321.html
jobs.51job.com/all/co4852321.html
jobs.51job.com/all/co4852321.html
jobs.51job.com/all/co4852601.html
jobs.51job.com/all/co4852601.html
jobs.51job.com/all/co4852601.html
jobs.51job.com/all/co4852321.html
jobs.51job.com/all/co4852321.html
jobs.51job.com/all/co4852321.html
jobs.51job.com/all/co4237315.html
jobs.51job.com/all/co4852601.html
jobs.51job.com/all/co4852601.html
jobs.51job.com/all/co4852601.html
jobs.51job.com/all/co4852321.html
jobs.51job.com/all/co4852321.html
jobs.51job.com/all/co4852321.html
jobs.51job.com/all/co4237315.html
jobs.51job.com/all/co3276712.html
jobs.51job.com/all/co4489607.html
jobs.51job.com/all/co4843752.html
jobs.51job.com/all/co4237315.html
jobs.51job.com/all/co4237315.html
jobs.51job.com/all/co4237315.html
jobs.51job.com/all/co4237315.html
jobs.51job.com/all/co4237315.html
jobs.51job.com/all/co4237315.html
jobs.51job.com/all/co4237315.html
jobs.51job.com/all/co4237315.html
jobs.51job.com/all/co4237315.html
jobs.51job.com/all/co4237315.html
jobs.51job.com/all/co4237315.html
jobs.51job.com/all/co4237315.html
jobs.51job.com/all/co4237315.html
jobs.51job.com/all/co4237315.html
jobs.51job.com/all/co4237315.html
jobs.51job.com/all/co4852321.html
jobs.51job.com/all/co4852321.html
jobs.51job.com/all/co4852321.html
jobs.51job.com/all/co4852601.html
jobs.51job.com/all/co4852601.html
jobs.51job.com/all/co4852601.html
jobs.51job.com/all/co3864270.html
jobs.51job.com/all/co3864270.html
jobs.51job.com/all/co4852321.html
jobs.51job.com/all/co4852321.html
jobs.51job.com/all/co4852321.html
jobs.51job.com/all/co4852601.html
jobs.51job.com/all/co4852601.html
jobs.51job.com/all/co4852601.html
jobs.51job.com/all/co4852601.html
jobs.51job.com/all/co4852601.html
jobs.51job.com/all/co4852601.html
jobs.51job.com/all/co4852601.html
jobs.51job.com/all/co4237315.html
jobs.51job.com/all/co4489607.html
jobs.51job.com/all/co4277469.html
jobs.51job.com/all/co4277469.html
jobs.51job.com/all/co4489607.html
jobs.51job.com/all/co4852601.html
jobs.51job.com/all/co4852321.html
jobs.51job.com/all/co4852321.html
jobs.51job.com/all/co4852321.html
jobs.51job.com/all/co4852321.html
jobs.51job.com/all/co4852321.html
jobs.51job.com/all/co4852321.html
jobs.51job.com/all/co4489607.html
jobs.51job.com/all/co4489607.html
jobs.51job.com/all/co4489607.html
jobs.51job.com/all/co4489607.html
jobs.51job.com/all/co4489607.html
jobs.51job.com/all/co4489607.html
jobs.51job.com/all/co4489607.html
jobs.51job.com/all/co4489607.html
jobs.51job.com/all/co4489607.html
jobs.51job.com/all/co4489607.html
jobs.51job.com/all/co4489607.html
jobs.51job.com/all/co4489607.html
jobs.51job.com/all/co4852601.html
jobs.51job.com/all/co4852601.html
jobs.51job.com/all/co4852601.html
jobs.51job.com/all/co4582564.html
jobs.51job.com/all/co4828134.html
jobs.51job.com/all/co4955994.html
jobs.51job.com/all/co3308886.html
jobs.51job.com/all/co4042071.html
jobs.51job.com/all/co4042071.html
jobs.51job.com/all/co3081040.html
jobs.51job.com/all/co4521911.html
jobs.51job.com/all/co4832805.html
jobs.51job.com/all/co4832805.html
jobs.51job.com/all/co4832805.html
jobs.51job.com/all/co4914351.html
jobs.51job.com/all/co4746468.html
jobs.51job.com/all/co4746468.html
jobs.51job.com/all/co4746468.html
jobs.51job.com/all/co4314322.html
jobs.51job.com/all/co3207911.html
jobs.51job.com/all/co4286940.html
jobs.51job.com/all/co3207911.html
jobs.51job.com/all/co3207911.html
jobs.51job.com/all/co3120716.html
jobs.51job.com/all/co3120716.html
jobs.51job.com/all/co4851198.html
jobs.51job.com/all/co4851198.html
jobs.51job.com/all/co4851198.html
jobs.51job.com/all/co4851198.html
jobs.51job.com/all/co4851198.html
jobs.51job.com/all/co4851198.html
jobs.51job.com/all/co4851198.html
jobs.51job.com/all/co4851198.html
jobs.51job.com/all/co4851198.html
jobs.51job.com/all/co4851198.html
jobs.51job.com/all/co4851198.html
jobs.51job.com/all/co4851198.html
jobs.51job.com/all/co4851198.html
jobs.51job.com/all/co4851198.html
jobs.51job.com/all/co4851198.html
jobs.51job.com/all/co4851198.html
jobs.51job.com/all/co4862531.html
jobs.51job.com/all/co4851790.html
jobs.51job.com/all/co4763390.html
jobs.51job.com/all/co4489607.html
jobs.51job.com/all/co4489607.html
jobs.51job.com/all/co4489607.html
jobs.51job.com/all/co4489607.html
jobs.51job.com/all/co4489607.html
jobs.51job.com/all/co4489607.html
jobs.51job.com/all/co4489607.html
jobs.51job.com/all/co4489607.html
jobs.51job.com/all/co4489607.html
jobs.51job.com/all/co4489607.html
jobs.51job.com/all/co4489607.html
jobs.51job.com/all/co4153146.html
